Launching Problin version 0.5b
Problin was called as follow: /u/gh2161/problin/run_problin.py -c simulated_data/s2c1/k10_r5_character_matrix.csv -t simulated_data/s2c1/true_tree.nwk -S simulated_data/s2c1/leaf_locations.txt --delimiter comma -p simulated_data/s2c1/k10_priors.csv -o simulated_data/s2c1/k10_r5_spalin_leaves_newfelsen.txt --nInitials 10 --ultrametric --randomreps 3
Optimization by Spalin: Scipy-SLSQP using spatial information
Optimizing branch lengths, phi, and nu without topology search
Initial point 1. Random seed: 151
Solving with ultrametric constraint
Optimal point found for initial point 1
Negative llh: 385.1538976939609
Dropout rate: 6.747764870238054e-09
Silencing rate: 2.903539294605142e-09
Sigma: 10.187810655134767
Initial point 2. Random seed: 55
Solving with ultrametric constraint
Optimal point found for initial point 2
Negative llh: 385.15389520786334
Dropout rate: 1.0000000000000007e-10
Silencing rate: 1.0000000000000007e-10
Sigma: 10.188901535214727
Initial point 3. Random seed: 5580
Solving with ultrametric constraint
Optimal point found for initial point 3
Negative llh: 385.15389404889163
Dropout rate: 1.0000000000000007e-10
Silencing rate: 1.0000000000000007e-10
Sigma: 10.189610448619273
Initial point 4. Random seed: 1289
Solving with ultrametric constraint
Optimal point found for initial point 4
Negative llh: 385.1538951431294
Dropout rate: 1.2586713038723813e-10
Silencing rate: 1.1103889545689542e-10
Sigma: 10.191842390172685
Initial point 5. Random seed: 6103
Solving with ultrametric constraint
Optimal point found for initial point 5
Negative llh: 385.15389464316115
Dropout rate: 1e-10
Silencing rate: 1e-10
Sigma: 10.189294238502237
Initial point 6. Random seed: 3036
Solving with ultrametric constraint
Optimal point found for initial point 6
Negative llh: 385.1538939848495
Dropout rate: 1.0000000000000007e-10
Silencing rate: 9.999999999999924e-11
Sigma: 10.188866688297148
Initial point 7. Random seed: 8713
Solving with ultrametric constraint
Optimal point found for initial point 7
Negative llh: 385.1538943013328
Dropout rate: 1.7124810963432543e-10
Silencing rate: 1.3040383944608034e-10
Sigma: 10.189918599978876
Initial point 8. Random seed: 5115
Solving with ultrametric constraint
Optimal point found for initial point 8
Negative llh: 385.1538957030002
Dropout rate: 1.3291234453339372e-09
Silencing rate: 3.281302712798214e-09
Sigma: 10.188998694043464
Initial point 9. Random seed: 6445
Solving with ultrametric constraint
Optimal point found for initial point 9
Negative llh: 385.1538940340291
Dropout rate: 1e-10
Silencing rate: 1e-10
Sigma: 10.18900074138982
Initial point 10. Random seed: 7572
Solving with ultrametric constraint
Optimal point found for initial point 10
Negative llh: 385.15389553728664
Dropout rate: 1.0000000000000007e-10
Silencing rate: 1.0000000000000007e-10
Sigma: 10.189080901618997
Runtime (s): 1057.1840709354728
