Launching Problin version 0.5b
Problin was called as follow: /u/gh2161/Spatial-Division/problin/run_problin.py -c real_location_data/s2c1/k10_r5_character_matrix.csv -t real_location_data/s2c1/true_tree.nwk -S real_location_data/s2c1/leaf_locations.txt --delimiter comma -p real_location_data/s2c1/k10_priors.csv -o real_location_data/s2c1/k10_r5_spalin-divide-beta3.txt --nInitials 10 --ultrametric --randomreps 3 --divide --given_beta 3 --incl_beta_bound
Optimization by Spalin-Divide: Scipy-SLSQP using spatial information
Optimizing branch lengths, phi, and nu without topology search
Initial point 1. Random seed: 3479
Solving with ultrametric constraint
Fatal: failed to optimize using initial point 1
Initial point 2. Random seed: 8927
Solving with ultrametric constraint
Fatal: failed to optimize using initial point 2
Initial point 3. Random seed: 4359
Solving with ultrametric constraint
Fatal: failed to optimize using initial point 3
Initial point 4. Random seed: 8439
Solving with ultrametric constraint
Optimal point found for initial point 4
Negative llh: 428.5974125675191
Dropout rate: 2.4173330347114123e-09
Silencing rate: 1.0849504698886374e-09
Sigma: 5.858545158294381
Initial point 5. Random seed: 2435
Solving with ultrametric constraint
Fatal: failed to optimize using initial point 5
Initial point 6. Random seed: 8900
Solving with ultrametric constraint
Fatal: failed to optimize using initial point 6
Initial point 7. Random seed: 1589
Solving with ultrametric constraint
Fatal: failed to optimize using initial point 7
Initial point 8. Random seed: 5415
Solving with ultrametric constraint
Fatal: failed to optimize using initial point 8
Initial point 9. Random seed: 387
Solving with ultrametric constraint
Fatal: failed to optimize using initial point 9
Initial point 10. Random seed: 4511
Solving with ultrametric constraint
Optimal point found for initial point 10
Negative llh: 428.5973904654337
Dropout rate: 1.2559247368838325e-10
Silencing rate: 1.1086891506960236e-10
Sigma: 5.858553634850134
Runtime (s): 9508.786043379456
