Launching Problin version 0.5b
Problin was called as follow: /u/gh2161/Spatial-Division/problin/run_problin.py -c real_location_data/s2c1/k10_r2_character_matrix.csv -t real_location_data/s2c1/true_tree.nwk -S real_location_data/s2c1/leaf_locations.txt --delimiter comma -p real_location_data/s2c1/k10_priors.csv -o real_location_data/s2c1/k10_r2_spalin-divide-beta3.txt --nInitials 10 --ultrametric --randomreps 3 --divide --given_beta 3 --incl_beta_bound
Optimization by Spalin-Divide: Scipy-SLSQP using spatial information
Optimizing branch lengths, phi, and nu without topology search
Initial point 1. Random seed: 1961
Solving with ultrametric constraint
Fatal: failed to optimize using initial point 1
Initial point 2. Random seed: 400
Solving with ultrametric constraint
Optimal point found for initial point 2
Negative llh: 433.00347404504043
Dropout rate: 2.9806861598231065e-10
Silencing rate: 1.603525664456297e-10
Sigma: 6.234544691773141
Initial point 3. Random seed: 9943
Solving with ultrametric constraint
Fatal: failed to optimize using initial point 3
Initial point 4. Random seed: 3307
Solving with ultrametric constraint
Fatal: failed to optimize using initial point 4
Initial point 5. Random seed: 514
Solving with ultrametric constraint
Fatal: failed to optimize using initial point 5
Initial point 6. Random seed: 896
Solving with ultrametric constraint
Fatal: failed to optimize using initial point 6
Initial point 7. Random seed: 6798
Solving with ultrametric constraint
Optimal point found for initial point 7
Negative llh: 433.003471673011
Dropout rate: 4.742539832435055e-10
Silencing rate: 2.611902600706519e-10
Sigma: 6.2343763338632145
Initial point 8. Random seed: 2217
Solving with ultrametric constraint
Optimal point found for initial point 8
Negative llh: 433.00347078198365
Dropout rate: 9.999999999999996e-11
Silencing rate: 1.0000000000000002e-10
Sigma: 6.234456474677237
Initial point 9. Random seed: 7350
Solving with ultrametric constraint
Fatal: failed to optimize using initial point 9
Initial point 10. Random seed: 2026
Solving with ultrametric constraint
Fatal: failed to optimize using initial point 10
Runtime (s): 8359.28623053903
