Launching Problin version 0.5b
Problin was called as follow: /u/gh2161/Spatial-Division/problin/run_problin.py -c real_location_data/s2c1/k10_r1_character_matrix.csv -t real_location_data/s2c1/true_tree.nwk -S real_location_data/s2c1/leaf_locations.txt --delimiter comma -p real_location_data/s2c1/k10_priors.csv -o real_location_data/s2c1/k10_r1_spalin-divide-ignore-beta.txt --nInitials 10 --ultrametric --randomreps 3 --divide
Optimization by Spalin-Divide: Scipy-SLSQP using spatial information
Optimizing branch lengths, phi, and nu without topology search
Initial point 1. Random seed: 6993
Solving with ultrametric constraint
Optimal point found for initial point 1
Negative llh: 426.0986769111965
Dropout rate: 9.878903063856886e-10
Silencing rate: 3.2999048731041094e-10
Sigma: 6.799143057005772
Initial point 2. Random seed: 6777
Solving with ultrametric constraint
Optimal point found for initial point 2
Negative llh: 426.09854884705453
Dropout rate: 1e-10
Silencing rate: 1e-10
Sigma: 6.79922664622587
Initial point 3. Random seed: 8244
Solving with ultrametric constraint
Optimal point found for initial point 3
Negative llh: 426.09869960724933
Dropout rate: 3.628384383373151e-08
Silencing rate: 1.1147922128252127e-08
Sigma: 6.799261502553117
Initial point 4. Random seed: 6878
Solving with ultrametric constraint
Optimal point found for initial point 4
Negative llh: 426.0985491170572
Dropout rate: 1e-10
Silencing rate: 1e-10
Sigma: 6.799205399026375
Initial point 5. Random seed: 4725
Solving with ultrametric constraint
Optimal point found for initial point 5
Negative llh: 426.09860390711253
Dropout rate: 1e-10
Silencing rate: 1e-10
Sigma: 6.798873564283648
Initial point 6. Random seed: 8920
Solving with ultrametric constraint
Optimal point found for initial point 6
Negative llh: 426.0985487893888
Dropout rate: 1e-10
Silencing rate: 1e-10
Sigma: 6.799239693305851
Initial point 7. Random seed: 9524
Solving with ultrametric constraint
Optimal point found for initial point 7
Negative llh: 426.09856103248967
Dropout rate: 1.0962533103772101e-08
Silencing rate: 3.5390912449638535e-09
Sigma: 6.799231195676935
Initial point 8. Random seed: 1624
Solving with ultrametric constraint
Optimal point found for initial point 8
Negative llh: 426.0985327126124
Dropout rate: 2.6066951106713882e-09
Silencing rate: 1.0000000000000007e-10
Sigma: 6.799455240601634
Initial point 9. Random seed: 3617
Solving with ultrametric constraint
Optimal point found for initial point 9
Negative llh: 426.0985532310139
Dropout rate: 1.0214063161265387e-10
Silencing rate: 1.0058348116433812e-10
Sigma: 6.799198144909903
Initial point 10. Random seed: 1905
Solving with ultrametric constraint
Optimal point found for initial point 10
Negative llh: 426.0985419256076
Dropout rate: 1e-10
Silencing rate: 1e-10
Sigma: 6.799083423713805
Runtime (s): 4980.243633428996
