Launching Problin version 0.5b
Problin was called as follow: /u/gh2161/Spatial-Division/problin/run_problin.py -c real_location_data/s2c1/k10_r1_character_matrix.csv -t real_location_data/s2c1/true_tree.nwk -S real_location_data/s2c1/leaf_locations.txt --delimiter comma -p real_location_data/s2c1/k10_priors.csv -o real_location_data/s2c1/k10_r1_spalin-divide-beta05.txt --nInitials 10 --ultrametric --randomreps 3 --divide --given_beta 0.5 --incl_beta_bound
Optimization by Spalin-Divide: Scipy-SLSQP using spatial information
Optimizing branch lengths, phi, and nu without topology search
Initial point 1. Random seed: 6931
Solving with ultrametric constraint
Optimal point found for initial point 1
Negative llh: 429.6098131126999
Dropout rate: 2.424367557800452e-10
Silencing rate: 1.388822532575815e-10
Sigma: 6.937956485278925
Initial point 2. Random seed: 1097
Solving with ultrametric constraint
Fatal: failed to optimize using initial point 2
Initial point 3. Random seed: 9563
Solving with ultrametric constraint
Optimal point found for initial point 3
Negative llh: 429.60981382972807
Dropout rate: 2.0956623373579895e-09
Silencing rate: 6.793159836857774e-10
Sigma: 6.937997928273292
Initial point 4. Random seed: 1432
Solving with ultrametric constraint
Optimal point found for initial point 4
Negative llh: 429.609814358644
Dropout rate: 1.3262921597967833e-09
Silencing rate: 4.347528559066313e-10
Sigma: 6.9380807279457795
Initial point 5. Random seed: 3171
Solving with ultrametric constraint
Optimal point found for initial point 5
Negative llh: 429.6098181572255
Dropout rate: 1.0000000000000007e-10
Silencing rate: 1.0000000000000007e-10
Sigma: 6.937985144924331
Initial point 6. Random seed: 9391
Solving with ultrametric constraint
Fatal: failed to optimize using initial point 6
Initial point 7. Random seed: 6221
Solving with ultrametric constraint
Optimal point found for initial point 7
Negative llh: 429.6098143405151
Dropout rate: 5.37354915117284e-10
Silencing rate: 2.6768330033919215e-10
Sigma: 6.937996948323434
Initial point 8. Random seed: 904
Solving with ultrametric constraint
Optimal point found for initial point 8
Negative llh: 429.6098140480499
Dropout rate: 2.1157487415269825e-09
Silencing rate: 6.500877269467416e-10
Sigma: 6.937952112471595
Initial point 9. Random seed: 484
Solving with ultrametric constraint
Optimal point found for initial point 9
Negative llh: 429.60980813203446
Dropout rate: 1.3504906438334059e-10
Silencing rate: 1.0956784561365936e-10
Sigma: 6.937924145564339
Initial point 10. Random seed: 3394
Solving with ultrametric constraint
Optimal point found for initial point 10
Negative llh: 429.6098193654651
Dropout rate: 7.00650886804785e-10
Silencing rate: 2.8956190317243614e-10
Sigma: 6.938002358090138
Runtime (s): 6730.97295732802
