Launching Problin version 0.5b
Problin was called as follow: /u/gh2161/problin/run_problin.py -c simulated_data/s2c1/k10_r4_character_matrix.csv -t simulated_data/s2c1/true_tree.nwk -S simulated_data/s2c1/true_locations.txt --delimiter comma -p simulated_data/s2c1/k10_priors.csv -o simulated_data/s2c1/k10_r4_spalin_all.txt --nInitials 10 --ultrametric --randomreps 3
Optimization by Spalin: Scipy-SLSQP using spatial information
Optimizing branch lengths, phi, and nu without topology search
Initial point 1. Random seed: 6415
Solving with ultrametric constraint
Optimal point found for initial point 1
Negative llh: 565.3238111346784
Dropout rate: 1.0000000000000007e-10
Silencing rate: 9.999999999999996e-11
Sigma: 34.21893289053283
Initial point 2. Random seed: 8377
Solving with ultrametric constraint
Optimal point found for initial point 2
Negative llh: 565.3238114296025
Dropout rate: 1.0000000000000002e-10
Silencing rate: 1.0000000000000002e-10
Sigma: 34.219899272845964
Initial point 3. Random seed: 4487
Solving with ultrametric constraint
Optimal point found for initial point 3
Negative llh: 565.3238111609072
Dropout rate: 1.0762640368809607e-10
Silencing rate: 1.0321817801235765e-10
Sigma: 34.219649850129166
Initial point 4. Random seed: 4678
Solving with ultrametric constraint
Optimal point found for initial point 4
Negative llh: 565.3238121055936
Dropout rate: 1.0125337802892904e-09
Silencing rate: 2.0469333181189962e-09
Sigma: 34.219278640471856
Initial point 5. Random seed: 5696
Solving with ultrametric constraint
Optimal point found for initial point 5
Negative llh: 565.3238159081656
Dropout rate: 8.592020630183996e-09
Silencing rate: 1.0000000000000004e-10
Sigma: 34.21831983033327
Initial point 6. Random seed: 733
Solving with ultrametric constraint
Optimal point found for initial point 6
Negative llh: 565.323811207841
Dropout rate: 7.149745886088211e-10
Silencing rate: 1.0117683822808875e-10
Sigma: 34.21903619037057
Initial point 7. Random seed: 704
Solving with ultrametric constraint
Optimal point found for initial point 7
Negative llh: 565.3238142503492
Dropout rate: 2.2706448563051843e-10
Silencing rate: 1.536205875375906e-10
Sigma: 34.214895736363914
Initial point 8. Random seed: 9690
Solving with ultrametric constraint
Optimal point found for initial point 8
Negative llh: 565.3238110471593
Dropout rate: 1.131390639968021e-10
Silencing rate: 1.3038896109533093e-10
Sigma: 34.218874378736004
Initial point 9. Random seed: 3206
Solving with ultrametric constraint
Optimal point found for initial point 9
Negative llh: 565.3238109769262
Dropout rate: 1.0000000000000007e-10
Silencing rate: 1e-10
Sigma: 34.21916508655784
Initial point 10. Random seed: 1881
Solving with ultrametric constraint
Optimal point found for initial point 10
Negative llh: 565.3238284486927
Dropout rate: 2.5591020139443927e-10
Silencing rate: 1.6580257563609985e-10
Sigma: 34.213843586255656
Runtime (s): 169.9223326346837
