Launching Problin version 0.5b
Problin was called as follow: /u/gh2161/Spatial-Division/problin/run_problin.py -c real_location_data/s2c1/k10_r1_character_matrix.csv -t real_location_data/s2c1/true_tree.nwk -S real_location_data/s2c1/leaf_locations.txt --delimiter comma -p real_location_data/s2c1/k10_priors.csv -o real_location_data/s2c1/k10_r1_spalin-divide-beta3.txt --nInitials 10 --ultrametric --randomreps 3 --divide --given_beta 3 --incl_beta_bound
Optimization by Spalin-Divide: Scipy-SLSQP using spatial information
Optimizing branch lengths, phi, and nu without topology search
Initial point 1. Random seed: 7995
Solving with ultrametric constraint
Fatal: failed to optimize using initial point 1
Initial point 2. Random seed: 1753
Solving with ultrametric constraint
Optimal point found for initial point 2
Negative llh: 415.42447619452867
Dropout rate: 2.1248266263179432e-10
Silencing rate: 1.309431545492278e-10
Sigma: 6.370778915439299
Initial point 3. Random seed: 6493
Solving with ultrametric constraint
Optimal point found for initial point 3
Negative llh: 415.42446411814115
Dropout rate: 2.501698744309277e-10
Silencing rate: 1.4131429418605956e-10
Sigma: 6.3707047871468765
Initial point 4. Random seed: 243
Solving with ultrametric constraint
Optimal point found for initial point 4
Negative llh: 415.42446470957015
Dropout rate: 3.4638028427626305e-10
Silencing rate: 1.6778395531166912e-10
Sigma: 6.370671248753149
Initial point 5. Random seed: 2747
Solving with ultrametric constraint
Optimal point found for initial point 5
Negative llh: 415.42446598088395
Dropout rate: 1.2003115189935506e-10
Silencing rate: 1.0551068086926695e-10
Sigma: 6.370680514143063
Initial point 6. Random seed: 1776
Solving with ultrametric constraint
Optimal point found for initial point 6
Negative llh: 415.4244620756708
Dropout rate: 4.049804396861996e-10
Silencing rate: 4.628664745133041e-10
Sigma: 6.3707066603287705
Initial point 7. Random seed: 4502
Solving with ultrametric constraint
Optimal point found for initial point 7
Negative llh: 415.4244663917595
Dropout rate: 3.9344864201030884e-10
Silencing rate: 1.8072944725828294e-10
Sigma: 6.370683330831766
Initial point 8. Random seed: 1511
Solving with ultrametric constraint
Fatal: failed to optimize using initial point 8
Initial point 9. Random seed: 9486
Solving with ultrametric constraint
Fatal: failed to optimize using initial point 9
Initial point 10. Random seed: 8916
Solving with ultrametric constraint
Fatal: failed to optimize using initial point 10
Runtime (s): 4939.134373910725
