Launching Problin version 0.5b
Problin was called as follow: /u/gh2161/Spatial-Division/problin/run_problin.py -c real_location_data/s2c1/k10_r5_character_matrix.csv -t real_location_data/s2c1/true_tree.nwk -S real_location_data/s2c1/leaf_locations.txt --delimiter comma -p real_location_data/s2c1/k10_priors.csv -o real_location_data/s2c1/k10_r5_spalin-divide-ignore-beta.txt --nInitials 10 --ultrametric --randomreps 3 --divide
Optimization by Spalin-Divide: Scipy-SLSQP using spatial information
Optimizing branch lengths, phi, and nu without topology search
Initial point 1. Random seed: 2287
Solving with ultrametric constraint
Optimal point found for initial point 1
Negative llh: 439.6396596435482
Dropout rate: 9.999999999999924e-11
Silencing rate: 1.0000000000000007e-10
Sigma: 6.213023007778861
Initial point 2. Random seed: 9700
Solving with ultrametric constraint
Optimal point found for initial point 2
Negative llh: 439.63970973215316
Dropout rate: 9.999999999999996e-11
Silencing rate: 1.0000000000000002e-10
Sigma: 6.213227198025876
Initial point 3. Random seed: 2390
Solving with ultrametric constraint
Optimal point found for initial point 3
Negative llh: 439.63967674195953
Dropout rate: 4.2764330117377e-09
Silencing rate: 2.8987312277306667e-09
Sigma: 6.212986970226988
Initial point 4. Random seed: 4630
Solving with ultrametric constraint
Optimal point found for initial point 4
Negative llh: 439.63972710138495
Dropout rate: 2.5096635176272946e-09
Silencing rate: 1.2476536141748882e-09
Sigma: 6.213163030965236
Initial point 5. Random seed: 6869
Solving with ultrametric constraint
Optimal point found for initial point 5
Negative llh: 439.63970888515945
Dropout rate: 1.0350297687773234e-10
Silencing rate: 1.0148811457696521e-10
Sigma: 6.213172398801174
Initial point 6. Random seed: 6324
Solving with ultrametric constraint
Optimal point found for initial point 6
Negative llh: 439.6396757967485
Dropout rate: 1.1900058691805795e-10
Silencing rate: 1.0807209008555025e-10
Sigma: 6.213074021140749
Initial point 7. Random seed: 5022
Solving with ultrametric constraint
Optimal point found for initial point 7
Negative llh: 439.6396897135945
Dropout rate: 1.0000000000000007e-10
Silencing rate: 9.999999999999996e-11
Sigma: 6.213149367911614
Initial point 8. Random seed: 2777
Solving with ultrametric constraint
Optimal point found for initial point 8
Negative llh: 439.6397806276184
Dropout rate: 4.441851047867034e-09
Silencing rate: 2.082912998070579e-09
Sigma: 6.2133266403089005
Initial point 9. Random seed: 3798
Solving with ultrametric constraint
Optimal point found for initial point 9
Negative llh: 439.63969238090317
Dropout rate: 1.3627443413552119e-10
Silencing rate: 1.1541095653869478e-10
Sigma: 6.21308086030976
Initial point 10. Random seed: 6671
Solving with ultrametric constraint
Optimal point found for initial point 10
Negative llh: 439.6396993601775
Dropout rate: 6.9788135087635535e-09
Silencing rate: 3.3895710061700384e-09
Sigma: 6.212936385683645
Runtime (s): 5136.5628436360275
