Launching Problin version 0.5b
Problin was called as follow: /u/gh2161/Spatial-Division/problin/run_problin.py -c real_location_data/s3c5/k10_r2_character_matrix.csv -t real_location_data/s3c5/true_tree.nwk -S real_location_data/s3c5/leaf_locations.txt --delimiter comma -p real_location_data/s3c5/k10_priors.csv -o real_location_data/s3c5/k10_r2_spalin-divide-beta1.txt --nInitials 10 --ultrametric --randomreps 3 --divide --given_beta 1 --incl_beta_bound
Optimization by Spalin-Divide: Scipy-SLSQP using spatial information
Optimizing branch lengths, phi, and nu without topology search
Initial point 1. Random seed: 90
Solving with ultrametric constraint
Optimal point found for initial point 1
Negative llh: 126.27105921697904
Dropout rate: 1.293855152596185e-10
Silencing rate: 1.1200545027130542e-10
Sigma: 4.946846451514706
Initial point 2. Random seed: 1561
Solving with ultrametric constraint
Optimal point found for initial point 2
Negative llh: 126.27105888712629
Dropout rate: 1.1335205106987583e-10
Silencing rate: 1.5188820298344916e-10
Sigma: 4.946813512715399
Initial point 3. Random seed: 8564
Solving with ultrametric constraint
Optimal point found for initial point 3
Negative llh: 126.2710589693323
Dropout rate: 1.9958198973212513e-10
Silencing rate: 1.4464136756804131e-10
Sigma: 4.946807133676256
Initial point 4. Random seed: 2699
Solving with ultrametric constraint
Optimal point found for initial point 4
Negative llh: 126.27105901661044
Dropout rate: 3.1239360884199703e-10
Silencing rate: 2.8676642773755716e-10
Sigma: 4.946829882772194
Initial point 5. Random seed: 4185
Solving with ultrametric constraint
Optimal point found for initial point 5
Negative llh: 126.2710590183347
Dropout rate: 1e-10
Silencing rate: 1e-10
Sigma: 4.946766159545323
Initial point 6. Random seed: 2382
Solving with ultrametric constraint
Optimal point found for initial point 6
Negative llh: 126.27106001731616
Dropout rate: 1e-10
Silencing rate: 1e-10
Sigma: 4.94669740855542
Initial point 7. Random seed: 6783
Solving with ultrametric constraint
Optimal point found for initial point 7
Negative llh: 126.27105894587925
Dropout rate: 1e-10
Silencing rate: 1e-10
Sigma: 4.9468338778900245
Initial point 8. Random seed: 5348
Solving with ultrametric constraint
Optimal point found for initial point 8
Negative llh: 126.27105889212532
Dropout rate: 1.0000000000000002e-10
Silencing rate: 1.0000000000000002e-10
Sigma: 4.946819626349184
Initial point 9. Random seed: 2936
Solving with ultrametric constraint
Optimal point found for initial point 9
Negative llh: 126.27107147203981
Dropout rate: 3.526762251720894e-10
Silencing rate: 2.7982934928717127e-10
Sigma: 4.946794598501781
Initial point 10. Random seed: 4602
Solving with ultrametric constraint
Optimal point found for initial point 10
Negative llh: 126.27105928984001
Dropout rate: 1.0000000000000002e-10
Silencing rate: 9.999999999999999e-11
Sigma: 4.946734822062024
Runtime (s): 298.9609408080578
