Launching Problin version 0.5b
Problin was called as follow: /u/gh2161/Spatial-Division/problin/run_problin.py -c real_location_data/s3c5/k10_r5_character_matrix.csv -t real_location_data/s3c5/true_tree.nwk -S real_location_data/s3c5/leaf_locations.txt --delimiter comma -p real_location_data/s3c5/k10_priors.csv -o real_location_data/s3c5/k10_r5_spalin-divide-beta05.txt --nInitials 10 --ultrametric --randomreps 3 --divide --given_beta 0.5 --incl_beta_bound
Optimization by Spalin-Divide: Scipy-SLSQP using spatial information
Optimizing branch lengths, phi, and nu without topology search
Initial point 1. Random seed: 4861
Solving with ultrametric constraint
Optimal point found for initial point 1
Negative llh: 130.3031470220753
Dropout rate: 4.019632480013198e-10
Silencing rate: 2.3739460057150406e-10
Sigma: 5.084302994844356
Initial point 2. Random seed: 5100
Solving with ultrametric constraint
Optimal point found for initial point 2
Negative llh: 130.30314711586448
Dropout rate: 2.628588841718819e-10
Silencing rate: 1.7815155339730778e-10
Sigma: 5.0843073336841
Initial point 3. Random seed: 8141
Solving with ultrametric constraint
Optimal point found for initial point 3
Negative llh: 130.30314712427923
Dropout rate: 5.056522048877209e-10
Silencing rate: 3.556526421868302e-10
Sigma: 5.08430608075547
Initial point 4. Random seed: 3523
Solving with ultrametric constraint
Optimal point found for initial point 4
Negative llh: 130.30314728284912
Dropout rate: 1.4615323761504935e-10
Silencing rate: 1.223440851469745e-10
Sigma: 5.08433939183201
Initial point 5. Random seed: 9780
Solving with ultrametric constraint
Optimal point found for initial point 5
Negative llh: 130.30314816016121
Dropout rate: 3.100068956176267e-10
Silencing rate: 2.015964600011052e-10
Sigma: 5.084411188247277
Initial point 6. Random seed: 6765
Solving with ultrametric constraint
Optimal point found for initial point 6
Negative llh: 130.3031470587844
Dropout rate: 1e-10
Silencing rate: 1e-10
Sigma: 5.0842929039626545
Initial point 7. Random seed: 196
Solving with ultrametric constraint
Optimal point found for initial point 7
Negative llh: 130.30314710614047
Dropout rate: 1.9362121576309612e-10
Silencing rate: 1.4525401754479733e-10
Sigma: 5.084302746189787
Initial point 8. Random seed: 248
Solving with ultrametric constraint
Optimal point found for initial point 8
Negative llh: 130.30314701098442
Dropout rate: 1e-10
Silencing rate: 1e-10
Sigma: 5.084313920125709
Initial point 9. Random seed: 9621
Solving with ultrametric constraint
Optimal point found for initial point 9
Negative llh: 130.3031471347867
Dropout rate: 1.3972328470570164e-10
Silencing rate: 1.188649684314126e-10
Sigma: 5.084200780848227
Initial point 10. Random seed: 1021
Solving with ultrametric constraint
Optimal point found for initial point 10
Negative llh: 130.30314721635827
Dropout rate: 1.0233031700588202e-10
Silencing rate: 1.0119831615036384e-10
Sigma: 5.084297410640893
Runtime (s): 237.1174117345363
