Launching Problin version 0.5b
Problin was called as follow: /u/gh2161/Spatial-Division/problin/run_problin.py -c real_location_data/s3c5/k10_r3_character_matrix.csv -t real_location_data/s3c5/true_tree.nwk -S real_location_data/s3c5/leaf_locations.txt --delimiter comma -p real_location_data/s3c5/k10_priors.csv -o real_location_data/s3c5/k10_r3_spalin-divide-beta3.txt --nInitials 10 --ultrametric --randomreps 3 --divide --given_beta 3 --incl_beta_bound
Optimization by Spalin-Divide: Scipy-SLSQP using spatial information
Optimizing branch lengths, phi, and nu without topology search
Initial point 1. Random seed: 9924
Solving with ultrametric constraint
Optimal point found for initial point 1
Negative llh: 140.77956384095347
Dropout rate: 1e-10
Silencing rate: 1e-10
Sigma: 4.308039147044416
Initial point 2. Random seed: 4481
Solving with ultrametric constraint
Optimal point found for initial point 2
Negative llh: 140.77956380715915
Dropout rate: 1.247352639507708e-10
Silencing rate: 1.1243912255278183e-10
Sigma: 4.308066900069892
Initial point 3. Random seed: 8944
Solving with ultrametric constraint
Optimal point found for initial point 3
Negative llh: 140.7795642753857
Dropout rate: 1.1811556132676756e-10
Silencing rate: 1.4711255883181746e-10
Sigma: 4.308030707407362
Initial point 4. Random seed: 348
Solving with ultrametric constraint
Optimal point found for initial point 4
Negative llh: 140.77956428784512
Dropout rate: 1e-10
Silencing rate: 1e-10
Sigma: 4.307978042914782
Initial point 5. Random seed: 6550
Solving with ultrametric constraint
Optimal point found for initial point 5
Negative llh: 140.77956396520176
Dropout rate: 1e-10
Silencing rate: 1e-10
Sigma: 4.308096745483668
Initial point 6. Random seed: 325
Solving with ultrametric constraint
Optimal point found for initial point 6
Negative llh: 140.77956383066385
Dropout rate: 1e-10
Silencing rate: 1e-10
Sigma: 4.308035556912689
Initial point 7. Random seed: 9183
Solving with ultrametric constraint
Optimal point found for initial point 7
Negative llh: 140.77956420291764
Dropout rate: 2.1305019676724738e-10
Silencing rate: 1.9759074194181706e-10
Sigma: 4.3080788018202405
Initial point 8. Random seed: 723
Solving with ultrametric constraint
Optimal point found for initial point 8
Negative llh: 140.7795640390909
Dropout rate: 1e-10
Silencing rate: 1e-10
Sigma: 4.308106663332585
Initial point 9. Random seed: 6527
Solving with ultrametric constraint
Optimal point found for initial point 9
Negative llh: 140.77956384197535
Dropout rate: 1e-10
Silencing rate: 1e-10
Sigma: 4.3080719512382
Initial point 10. Random seed: 2422
Solving with ultrametric constraint
Optimal point found for initial point 10
Negative llh: 140.77956560714432
Dropout rate: 1.0881512796251173e-10
Silencing rate: 1.2148215495424563e-10
Sigma: 4.307982476223082
Runtime (s): 173.23559347447008
