Launching Problin version 0.5b
Problin was called as follow: /u/gh2161/Spatial-Division/problin/run_problin.py -c real_location_data/s3c5/k10_r4_character_matrix.csv -t real_location_data/s3c5/true_tree.nwk -S real_location_data/s3c5/leaf_locations.txt --delimiter comma -p real_location_data/s3c5/k10_priors.csv -o real_location_data/s3c5/k10_r4_spalin.txt --nInitials 10 --ultrametric --randomreps 3
Optimization by Spalin: Scipy-SLSQP using spatial information
Optimizing branch lengths, phi, and nu without topology search
Initial point 1. Random seed: 7595
Solving with ultrametric constraint
Optimal point found for initial point 1
Negative llh: 107.28927084056201
Dropout rate: 2.0686447763724404e-10
Silencing rate: 2.718234705609315e-10
Sigma: 24.554977584311104
Initial point 2. Random seed: 9339
Solving with ultrametric constraint
Optimal point found for initial point 2
Negative llh: 107.28927071083473
Dropout rate: 3.237504744392073e-10
Silencing rate: 2.521240470342245e-10
Sigma: 24.552887804032572
Initial point 3. Random seed: 6135
Solving with ultrametric constraint
Optimal point found for initial point 3
Negative llh: 107.28927080816646
Dropout rate: 1e-10
Silencing rate: 1e-10
Sigma: 24.55292856377327
Initial point 4. Random seed: 9571
Solving with ultrametric constraint
Optimal point found for initial point 4
Negative llh: 107.28927100810816
Dropout rate: 7.949030285126313e-10
Silencing rate: 1.0292906673711885e-09
Sigma: 24.553367429703844
Initial point 5. Random seed: 142
Solving with ultrametric constraint
Optimal point found for initial point 5
Negative llh: 107.28927081918926
Dropout rate: 1.1335919859033774e-10
Silencing rate: 1.0815480001336719e-10
Sigma: 24.55114470011788
Initial point 6. Random seed: 6616
Solving with ultrametric constraint
Optimal point found for initial point 6
Negative llh: 107.28927080429195
Dropout rate: 1e-10
Silencing rate: 1e-10
Sigma: 24.555364684954107
Initial point 7. Random seed: 7456
Solving with ultrametric constraint
Optimal point found for initial point 7
Negative llh: 107.28927063015874
Dropout rate: 1.0013829710838188e-10
Silencing rate: 1.0008418836472747e-10
Sigma: 24.55439635293879
Initial point 8. Random seed: 6100
Solving with ultrametric constraint
Optimal point found for initial point 8
Negative llh: 107.2892707637431
Dropout rate: 1.0000000000000007e-10
Silencing rate: 9.999999999999924e-11
Sigma: 24.554394929268394
Initial point 9. Random seed: 7296
Solving with ultrametric constraint
Optimal point found for initial point 9
Negative llh: 107.28927099703697
Dropout rate: 1e-10
Silencing rate: 1e-10
Sigma: 24.55512997132808
Initial point 10. Random seed: 3999
Solving with ultrametric constraint
Optimal point found for initial point 10
Negative llh: 107.28927065437334
Dropout rate: 1.0000000000000002e-10
Silencing rate: 1.0000000000000002e-10
Sigma: 24.552832755075933
Traceback (most recent call last):
  File "/u/gh2161/Spatial-Division/problin/run_problin.py", line 223, in <module>
    main()
  File "/u/gh2161/Spatial-Division/problin/run_problin.py", line 214, in main
    for cell in mySolver.params.displacement_amounts:
AttributeError: 'Params' object has no attribute 'displacement_amounts'
