Launching Problin version 0.5b
Problin was called as follow: /u/gh2161/Spatial-Division/problin/run_problin.py -c real_location_data/s3c5/k10_r3_character_matrix.csv -t real_location_data/s3c5/true_tree.nwk -S real_location_data/s3c5/leaf_locations.txt --delimiter comma -p real_location_data/s3c5/k10_priors.csv -o real_location_data/s3c5/k10_r3_spalin-divide-beta1.txt --nInitials 10 --ultrametric --randomreps 3 --divide --given_beta 1 --incl_beta_bound
Optimization by Spalin-Divide: Scipy-SLSQP using spatial information
Optimizing branch lengths, phi, and nu without topology search
Initial point 1. Random seed: 6085
Solving with ultrametric constraint
Optimal point found for initial point 1
Negative llh: 144.38583027896016
Dropout rate: 3.546018014794892e-10
Silencing rate: 3.0827802288251357e-10
Sigma: 4.740750383991628
Initial point 2. Random seed: 8041
Solving with ultrametric constraint
Optimal point found for initial point 2
Negative llh: 144.38583117667383
Dropout rate: 1e-10
Silencing rate: 1e-10
Sigma: 4.740935513100085
Initial point 3. Random seed: 476
Solving with ultrametric constraint
Optimal point found for initial point 3
Negative llh: 144.38583209457693
Dropout rate: 1.0000000000000002e-10
Silencing rate: 1.0000000000000002e-10
Sigma: 4.740781570238872
Initial point 4. Random seed: 3758
Solving with ultrametric constraint
Optimal point found for initial point 4
Negative llh: 144.38583233293815
Dropout rate: 1.8850595022458823e-10
Silencing rate: 1.7815784706187454e-10
Sigma: 4.740506403896731
Initial point 5. Random seed: 6477
Solving with ultrametric constraint
Optimal point found for initial point 5
Negative llh: 144.38583927119447
Dropout rate: 1.4961434881765448e-10
Silencing rate: 1.2442652746623063e-10
Sigma: 4.74048269423449
Initial point 6. Random seed: 24
Solving with ultrametric constraint
Optimal point found for initial point 6
Negative llh: 144.38583066346206
Dropout rate: 2.6655153706940663e-10
Silencing rate: 1.997253027006853e-10
Sigma: 4.740742480675412
Initial point 7. Random seed: 1911
Solving with ultrametric constraint
Optimal point found for initial point 7
Negative llh: 144.385830540408
Dropout rate: 1e-10
Silencing rate: 1e-10
Sigma: 4.740802340547966
Initial point 8. Random seed: 3903
Solving with ultrametric constraint
Optimal point found for initial point 8
Negative llh: 144.38583023487456
Dropout rate: 1e-10
Silencing rate: 1e-10
Sigma: 4.740725617263385
Initial point 9. Random seed: 4788
Solving with ultrametric constraint
Optimal point found for initial point 9
Negative llh: 144.38583040731856
Dropout rate: 2.8466198987081166e-10
Silencing rate: 1.9528964456944518e-10
Sigma: 4.7407797132005
Initial point 10. Random seed: 787
Solving with ultrametric constraint
Optimal point found for initial point 10
Negative llh: 144.3858304151148
Dropout rate: 2.4438678789980346e-10
Silencing rate: 1.8369367858971904e-10
Sigma: 4.740742682931021
Runtime (s): 313.171278052032
