Launching Problin version 0.5b
Problin was called as follow: /u/gh2161/problin/run_problin.py -c simulated_data/s3c5/k10_r1_character_matrix.csv -t simulated_data/s3c5/true_tree.nwk -S simulated_data/s3c5/true_locations.txt --delimiter comma -p simulated_data/s3c5/k10_priors.csv -o simulated_data/s3c5/k10_r1_spalin_all.txt --nInitials 10 --ultrametric --randomreps 3
Optimization by Spalin: Scipy-SLSQP using spatial information
Optimizing branch lengths, phi, and nu without topology search
Initial point 1. Random seed: 4378
Solving with ultrametric constraint
Optimal point found for initial point 1
Negative llh: 162.49672928062168
Dropout rate: 1e-10
Silencing rate: 1e-10
Sigma: 23.547691745895523
Initial point 2. Random seed: 4219
Solving with ultrametric constraint
Optimal point found for initial point 2
Negative llh: 162.49672980617578
Dropout rate: 1e-10
Silencing rate: 1.0000000000000002e-10
Sigma: 23.549733714002304
Initial point 3. Random seed: 1475
Solving with ultrametric constraint
Optimal point found for initial point 3
Negative llh: 162.49672926006903
Dropout rate: 1e-10
Silencing rate: 1e-10
Sigma: 23.54891016119019
Initial point 4. Random seed: 6632
Solving with ultrametric constraint
Optimal point found for initial point 4
Negative llh: 162.49672918257954
Dropout rate: 1e-10
Silencing rate: 1e-10
Sigma: 23.548403481727757
Initial point 5. Random seed: 7404
Solving with ultrametric constraint
Optimal point found for initial point 5
Negative llh: 162.49672919110242
Dropout rate: 1.0283063540733516e-10
Silencing rate: 1.1037641344759728e-10
Sigma: 23.548248643082733
Initial point 6. Random seed: 542
Solving with ultrametric constraint
Optimal point found for initial point 6
Negative llh: 162.49672951626883
Dropout rate: 1.6739688264005e-09
Silencing rate: 2.06537067504743e-09
Sigma: 23.547477099382743
Initial point 7. Random seed: 3242
Solving with ultrametric constraint
Optimal point found for initial point 7
Negative llh: 162.496730179444
Dropout rate: 1e-10
Silencing rate: 1e-10
Sigma: 23.548569727730708
Initial point 8. Random seed: 148
Solving with ultrametric constraint
Optimal point found for initial point 8
Negative llh: 162.4967292826726
Dropout rate: 1e-10
Silencing rate: 1e-10
Sigma: 23.547666999746355
Initial point 9. Random seed: 838
Solving with ultrametric constraint
Optimal point found for initial point 9
Negative llh: 162.4967292092395
Dropout rate: 1.4977142366132197e-10
Silencing rate: 1.6094021121332783e-10
Sigma: 23.548504084087956
Initial point 10. Random seed: 2595
Solving with ultrametric constraint
Optimal point found for initial point 10
Negative llh: 162.49672953649593
Dropout rate: 2.1479795940330968e-10
Silencing rate: 3.066274011330049e-10
Sigma: 23.54745619511301
Runtime (s): 5.3077358631417155
