Launching Problin version 0.5b
Problin was called as follow: /u/gh2161/Spatial-Division/problin/run_problin.py -c real_location_data/s3c5/k10_r5_character_matrix.csv -t real_location_data/s3c5/true_tree.nwk -S real_location_data/s3c5/leaf_locations.txt --delimiter comma -p real_location_data/s3c5/k10_priors.csv -o real_location_data/s3c5/k10_r5_spalin-divide-ignore-beta.txt --nInitials 10 --ultrametric --randomreps 3 --divide
Optimization by Spalin-Divide: Scipy-SLSQP using spatial information
Optimizing branch lengths, phi, and nu without topology search
Initial point 1. Random seed: 2000
Solving with ultrametric constraint
Optimal point found for initial point 1
Negative llh: 129.10225639116354
Dropout rate: 1.3432372107390091e-10
Silencing rate: 1.1573867969066661e-10
Sigma: 4.9238607587104966
Initial point 2. Random seed: 4128
Solving with ultrametric constraint
Optimal point found for initial point 2
Negative llh: 129.10223868912533
Dropout rate: 9.999999999999996e-11
Silencing rate: 1.0000000000000002e-10
Sigma: 4.923391483077301
Initial point 3. Random seed: 9095
Solving with ultrametric constraint
Optimal point found for initial point 3
Negative llh: 129.10223870732256
Dropout rate: 1e-10
Silencing rate: 1e-10
Sigma: 4.923350796709968
Initial point 4. Random seed: 558
Solving with ultrametric constraint
Optimal point found for initial point 4
Negative llh: 129.10223936235442
Dropout rate: 2.6509532099704916e-10
Silencing rate: 1.596302420738746e-10
Sigma: 4.923471204977619
Initial point 5. Random seed: 6307
Solving with ultrametric constraint
Optimal point found for initial point 5
Negative llh: 129.10223869473748
Dropout rate: 1.0000000000000002e-10
Silencing rate: 1e-10
Sigma: 4.923426928307523
Initial point 6. Random seed: 9084
Solving with ultrametric constraint
Optimal point found for initial point 6
Negative llh: 129.10223867554686
Dropout rate: 9.999999999999996e-11
Silencing rate: 1.0000000000000002e-10
Sigma: 4.9233715086125605
Initial point 7. Random seed: 6166
Solving with ultrametric constraint
Optimal point found for initial point 7
Negative llh: 129.10223911356482
Dropout rate: 9.999999999999996e-11
Silencing rate: 1.0000000000000002e-10
Sigma: 4.923187026689428
Initial point 8. Random seed: 7634
Solving with ultrametric constraint
Optimal point found for initial point 8
Negative llh: 129.10223872523753
Dropout rate: 6.914931510673765e-10
Silencing rate: 4.953333739594767e-10
Sigma: 4.923277896103604
Initial point 9. Random seed: 8482
Solving with ultrametric constraint
Optimal point found for initial point 9
Negative llh: 129.10223902614734
Dropout rate: 2.164084872342787e-10
Silencing rate: 1.5313784941237636e-10
Sigma: 4.923207143150157
Initial point 10. Random seed: 1880
Solving with ultrametric constraint
Optimal point found for initial point 10
Negative llh: 129.10223871860535
Dropout rate: 1e-10
Silencing rate: 1e-10
Sigma: 4.923332887445526
Runtime (s): 243.67358747002436
