Launching Problin version 0.5b
Problin was called as follow: /u/gh2161/Spatial-Division/problin/run_problin.py -c real_location_data/s10c5/k10_r2_character_matrix.csv -t real_location_data/s10c5/true_tree.nwk -S real_location_data/s10c5/leaf_locations.txt --delimiter comma -p real_location_data/s10c5/k10_priors.csv -o real_location_data/s10c5/k10_r2_spalin-divide-beta05.txt --nInitials 10 --ultrametric --randomreps 3 --divide --given_beta 0.5 --incl_beta_bound
Optimization by Spalin-Divide: Scipy-SLSQP using spatial information
Optimizing branch lengths, phi, and nu without topology search
Initial point 1. Random seed: 9704
Solving with ultrametric constraint
Optimal point found for initial point 1
Negative llh: 122.23655605818284
Dropout rate: 1e-10
Silencing rate: 1e-10
Sigma: 5.614179932806995
Initial point 2. Random seed: 3641
Solving with ultrametric constraint
Optimal point found for initial point 2
Negative llh: 122.23655352740613
Dropout rate: 1.0000000000000002e-10
Silencing rate: 1.0000000000000002e-10
Sigma: 5.614022565119373
Initial point 3. Random seed: 9754
Solving with ultrametric constraint
Optimal point found for initial point 3
Negative llh: 122.23655354179022
Dropout rate: 1.4660514341522786e-10
Silencing rate: 1.2064428646243609e-10
Sigma: 5.614163905279631
Initial point 4. Random seed: 8167
Solving with ultrametric constraint
Optimal point found for initial point 4
Negative llh: 122.2365880554787
Dropout rate: 1.129760370723021e-10
Silencing rate: 1.0970615068439673e-10
Sigma: 5.6157500881976965
Initial point 5. Random seed: 3286
Solving with ultrametric constraint
Optimal point found for initial point 5
Negative llh: 122.23657951132955
Dropout rate: 1e-10
Silencing rate: 1e-10
Sigma: 5.614182924883516
Initial point 6. Random seed: 3264
Solving with ultrametric constraint
Optimal point found for initial point 6
Negative llh: 122.23655358034166
Dropout rate: 1e-10
Silencing rate: 1e-10
Sigma: 5.614252790493771
Initial point 7. Random seed: 9392
Solving with ultrametric constraint
Optimal point found for initial point 7
Negative llh: 122.23657061826884
Dropout rate: 7.497307806402977e-10
Silencing rate: 4.192794700920893e-10
Sigma: 5.613797154734789
Initial point 8. Random seed: 1637
Solving with ultrametric constraint
Optimal point found for initial point 8
Negative llh: 122.23662075701915
Dropout rate: 3.0572477829114727e-10
Silencing rate: 2.0360551375536572e-10
Sigma: 5.614811781652314
Initial point 9. Random seed: 6165
Solving with ultrametric constraint
Optimal point found for initial point 9
Negative llh: 122.23655774982805
Dropout rate: 1.0000000000000002e-10
Silencing rate: 1e-10
Sigma: 5.614314842206519
Initial point 10. Random seed: 3226
Solving with ultrametric constraint
Optimal point found for initial point 10
Negative llh: 122.23655426210394
Dropout rate: 1e-10
Silencing rate: 1e-10
Sigma: 5.614012143305103
Runtime (s): 228.496984761965
