Launching Problin version 0.5b
Problin was called as follow: /u/gh2161/Spatial-Division/problin/run_problin.py -c real_location_data/s10c5/k10_r1_character_matrix.csv -t real_location_data/s10c5/true_tree.nwk -S real_location_data/s10c5/leaf_locations.txt --delimiter comma -p real_location_data/s10c5/k10_priors.csv -o real_location_data/s10c5/k10_r1_spalin-divide-beta3.txt --nInitials 10 --ultrametric --randomreps 3 --divide --given_beta 3 --incl_beta_bound
Optimization by Spalin-Divide: Scipy-SLSQP using spatial information
Optimizing branch lengths, phi, and nu without topology search
Initial point 1. Random seed: 506
Solving with ultrametric constraint
Optimal point found for initial point 1
Negative llh: 117.50948593009889
Dropout rate: 2.482505083062946e-10
Silencing rate: 1.7016792248872495e-10
Sigma: 5.335920015706042
Initial point 2. Random seed: 8379
Solving with ultrametric constraint
Optimal point found for initial point 2
Negative llh: 117.50949554528397
Dropout rate: 7.275349792948534e-10
Silencing rate: 3.101543116790704e-10
Sigma: 5.334946992241167
Initial point 3. Random seed: 1850
Solving with ultrametric constraint
Optimal point found for initial point 3
Negative llh: 117.50948972664821
Dropout rate: 9.999999999999999e-11
Silencing rate: 1e-10
Sigma: 5.335773959491771
Initial point 4. Random seed: 3451
Solving with ultrametric constraint
Optimal point found for initial point 4
Negative llh: 117.50948534516533
Dropout rate: 1.8642974022788317e-10
Silencing rate: 1.3647693034518911e-10
Sigma: 5.336058182039559
Initial point 5. Random seed: 521
Solving with ultrametric constraint
Optimal point found for initial point 5
Negative llh: 117.50948722444625
Dropout rate: 1e-10
Silencing rate: 1e-10
Sigma: 5.336003813096456
Initial point 6. Random seed: 2647
Solving with ultrametric constraint
Optimal point found for initial point 6
Negative llh: 117.50948608006854
Dropout rate: 1.5881356798437377e-10
Silencing rate: 1.39835213467246e-10
Sigma: 5.336480559746179
Initial point 7. Random seed: 2298
Solving with ultrametric constraint
Optimal point found for initial point 7
Negative llh: 117.50948721441853
Dropout rate: 1.033950138987435e-10
Silencing rate: 1.0727803086412152e-10
Sigma: 5.335745561816558
Initial point 8. Random seed: 9012
Solving with ultrametric constraint
Optimal point found for initial point 8
Negative llh: 117.50949085895259
Dropout rate: 2.707221432764887e-10
Silencing rate: 1.7605818451007759e-10
Sigma: 5.335912969366489
Initial point 9. Random seed: 9701
Solving with ultrametric constraint
Optimal point found for initial point 9
Negative llh: 117.50949536804598
Dropout rate: 4.600148163445315e-10
Silencing rate: 4.22085334313753e-10
Sigma: 5.335918879672969
Initial point 10. Random seed: 688
Solving with ultrametric constraint
Optimal point found for initial point 10
Negative llh: 117.50948508270443
Dropout rate: 1.2214612067160034e-10
Silencing rate: 1.278778040961119e-10
Sigma: 5.336163792315737
Runtime (s): 340.91229985654354
