Launching Problin version 0.5b
Problin was called as follow: /u/gh2161/problin/run_problin.py -c simulated_data/s10c5/k10_r2_character_matrix.csv -t simulated_data/s10c5/true_tree.nwk -S simulated_data/s10c5/leaf_locations.txt --delimiter comma -p simulated_data/s10c5/k10_priors.csv -o simulated_data/s10c5/k10_r2_spalin_leaves_newfelsen.txt --nInitials 10 --ultrametric --randomreps 3
Optimization by Spalin: Scipy-SLSQP using spatial information
Optimizing branch lengths, phi, and nu without topology search
Initial point 1. Random seed: 5100
Solving with ultrametric constraint
Optimal point found for initial point 1
Negative llh: 106.34260427572806
Dropout rate: 1e-10
Silencing rate: 1e-10
Sigma: 6.369593323369907
Initial point 2. Random seed: 2942
Solving with ultrametric constraint
Optimal point found for initial point 2
Negative llh: 106.34260455433056
Dropout rate: 1e-10
Silencing rate: 1e-10
Sigma: 6.368165312141005
Initial point 3. Random seed: 5508
Solving with ultrametric constraint
Optimal point found for initial point 3
Negative llh: 106.34260438906753
Dropout rate: 1e-10
Silencing rate: 1e-10
Sigma: 6.36998801241868
Initial point 4. Random seed: 9654
Solving with ultrametric constraint
Optimal point found for initial point 4
Negative llh: 106.34260465424883
Dropout rate: 1.0000000000000002e-10
Silencing rate: 9.999999999999996e-11
Sigma: 6.368794421337133
Initial point 5. Random seed: 3428
Solving with ultrametric constraint
Optimal point found for initial point 5
Negative llh: 106.34260420766412
Dropout rate: 1e-10
Silencing rate: 1e-10
Sigma: 6.369938175916605
Initial point 6. Random seed: 8312
Solving with ultrametric constraint
Optimal point found for initial point 6
Negative llh: 106.34260509153145
Dropout rate: 1e-10
Silencing rate: 1e-10
Sigma: 6.368326632620794
Initial point 7. Random seed: 7662
Solving with ultrametric constraint
Optimal point found for initial point 7
Negative llh: 106.34260423899184
Dropout rate: 6.493512116286777e-10
Silencing rate: 3.586299321971271e-10
Sigma: 6.368938239029932
Initial point 8. Random seed: 4648
Solving with ultrametric constraint
Optimal point found for initial point 8
Negative llh: 106.34260450916415
Dropout rate: 1e-10
Silencing rate: 1e-10
Sigma: 6.369881676303175
Initial point 9. Random seed: 4517
Solving with ultrametric constraint
Optimal point found for initial point 9
Negative llh: 106.34260416686236
Dropout rate: 1.0000000000000007e-10
Silencing rate: 1.0000000000000007e-10
Sigma: 6.369097409367284
Initial point 10. Random seed: 7998
Solving with ultrametric constraint
Optimal point found for initial point 10
Negative llh: 106.34260494475774
Dropout rate: 1e-10
Silencing rate: 1e-10
Sigma: 6.368476558375873
Runtime (s): 49.139647636562586
