Launching Problin version 0.5b
Problin was called as follow: /u/gh2161/Spatial-Division/problin/run_problin.py -c real_location_data/s10c5/k10_r1_character_matrix.csv -t real_location_data/s10c5/true_tree.nwk -S real_location_data/s10c5/leaf_locations.txt --delimiter comma -p real_location_data/s10c5/k10_priors.csv -o real_location_data/s10c5/k10_r1_spalin-divide-beta05.txt --nInitials 10 --ultrametric --randomreps 3 --divide --given_beta 0.5 --incl_beta_bound
Optimization by Spalin-Divide: Scipy-SLSQP using spatial information
Optimizing branch lengths, phi, and nu without topology search
Initial point 1. Random seed: 9078
Solving with ultrametric constraint
Optimal point found for initial point 1
Negative llh: 121.20830442234902
Dropout rate: 1e-10
Silencing rate: 1e-10
Sigma: 5.858962130435113
Initial point 2. Random seed: 3088
Solving with ultrametric constraint
Optimal point found for initial point 2
Negative llh: 121.20830433182576
Dropout rate: 9.999999999999996e-11
Silencing rate: 1.0000000000000002e-10
Sigma: 5.858764657924068
Initial point 3. Random seed: 5149
Solving with ultrametric constraint
Optimal point found for initial point 3
Negative llh: 121.20830667581708
Dropout rate: 1.2407389244280008e-10
Silencing rate: 1.2164064041189168e-10
Sigma: 5.858748545969396
Initial point 4. Random seed: 199
Solving with ultrametric constraint
Optimal point found for initial point 4
Negative llh: 121.20830886386346
Dropout rate: 1e-10
Silencing rate: 1e-10
Sigma: 5.859294847320202
Initial point 5. Random seed: 9061
Solving with ultrametric constraint
Optimal point found for initial point 5
Negative llh: 121.20835115288233
Dropout rate: 1.0000000000000002e-10
Silencing rate: 1.0000000000000002e-10
Sigma: 5.859005390630055
Initial point 6. Random seed: 3149
Solving with ultrametric constraint
Optimal point found for initial point 6
Negative llh: 121.20831461200066
Dropout rate: 9.999999999999996e-11
Silencing rate: 1.0000000000000002e-10
Sigma: 5.858833567270237
Initial point 7. Random seed: 6798
Solving with ultrametric constraint
Optimal point found for initial point 7
Negative llh: 121.20831325689143
Dropout rate: 4.0672986455335847e-10
Silencing rate: 2.858724335421439e-10
Sigma: 5.858981441862745
Initial point 8. Random seed: 3360
Solving with ultrametric constraint
Optimal point found for initial point 8
Negative llh: 121.20830845631718
Dropout rate: 9.883335332938682e-10
Silencing rate: 2.7024229096386865e-10
Sigma: 5.859166556306786
Initial point 9. Random seed: 9940
Solving with ultrametric constraint
Optimal point found for initial point 9
Negative llh: 121.20837290601693
Dropout rate: 4.14852527460205e-10
Silencing rate: 2.778664751897656e-10
Sigma: 5.8590803435320415
Initial point 10. Random seed: 3891
Solving with ultrametric constraint
Optimal point found for initial point 10
Negative llh: 121.20838163950509
Dropout rate: 2.4867408592107934e-10
Silencing rate: 2.3409584645171743e-10
Sigma: 5.859008006757033
Runtime (s): 164.07685098890215
