Launching Problin version 0.5b
Problin was called as follow: /u/gh2161/Spatial-Division/problin/run_problin.py -c real_location_data/s10c5/k10_r4_character_matrix.csv -t real_location_data/s10c5/true_tree.nwk -S real_location_data/s10c5/leaf_locations.txt --delimiter comma -p real_location_data/s10c5/k10_priors.csv -o real_location_data/s10c5/k10_r4_spalin-divide-beta05.txt --nInitials 10 --ultrametric --randomreps 3 --divide --given_beta 0.5 --incl_beta_bound
Optimization by Spalin-Divide: Scipy-SLSQP using spatial information
Optimizing branch lengths, phi, and nu without topology search
Initial point 1. Random seed: 3193
Solving with ultrametric constraint
Optimal point found for initial point 1
Negative llh: 122.03423163130898
Dropout rate: 1.6661070537287538e-10
Silencing rate: 1.2405308732851732e-10
Sigma: 6.202856862344384
Initial point 2. Random seed: 7954
Solving with ultrametric constraint
Optimal point found for initial point 2
Negative llh: 122.03422357825121
Dropout rate: 1e-10
Silencing rate: 1e-10
Sigma: 6.202677533132199
Initial point 3. Random seed: 2342
Solving with ultrametric constraint
Optimal point found for initial point 3
Negative llh: 122.03422262897695
Dropout rate: 1.0000000000000002e-10
Silencing rate: 1.0000000000000002e-10
Sigma: 6.203277514483441
Initial point 4. Random seed: 8344
Solving with ultrametric constraint
Optimal point found for initial point 4
Negative llh: 122.03423135691065
Dropout rate: 1.0000000000000002e-10
Silencing rate: 1.0000000000000002e-10
Sigma: 6.202457053408962
Initial point 5. Random seed: 3342
Solving with ultrametric constraint
Optimal point found for initial point 5
Negative llh: 122.03423364502069
Dropout rate: 1.0000000000000002e-10
Silencing rate: 1e-10
Sigma: 6.203143543582345
Initial point 6. Random seed: 9761
Solving with ultrametric constraint
Optimal point found for initial point 6
Negative llh: 122.0342297649907
Dropout rate: 1.0000000000000002e-10
Silencing rate: 1e-10
Sigma: 6.203522674881521
Initial point 7. Random seed: 4526
Solving with ultrametric constraint
Optimal point found for initial point 7
Negative llh: 122.03422462422856
Dropout rate: 1.0000000000000002e-10
Silencing rate: 1e-10
Sigma: 6.202844356899524
Initial point 8. Random seed: 131
Solving with ultrametric constraint
Optimal point found for initial point 8
Negative llh: 122.03422200070662
Dropout rate: 9.999999999999996e-11
Silencing rate: 1.0000000000000002e-10
Sigma: 6.20319009300365
Initial point 9. Random seed: 1049
Solving with ultrametric constraint
Optimal point found for initial point 9
Negative llh: 122.03422308156647
Dropout rate: 1.0000000000000007e-10
Silencing rate: 9.999999999999996e-11
Sigma: 6.203067137140652
Initial point 10. Random seed: 1838
Solving with ultrametric constraint
Optimal point found for initial point 10
Negative llh: 122.0342338346604
Dropout rate: 2.468263337350069e-10
Silencing rate: 1.7483252339888432e-10
Sigma: 6.204122504370525
Runtime (s): 270.0785746679758
