Launching Problin version 0.5b
Problin was called as follow: /u/gh2161/Spatial-Division/problin/run_problin.py -c real_location_data/s10c5/k10_r3_character_matrix.csv -t real_location_data/s10c5/true_tree.nwk -S real_location_data/s10c5/leaf_locations.txt --delimiter comma -p real_location_data/s10c5/k10_priors.csv -o real_location_data/s10c5/k10_r3_spalin-divide-ignore-beta.txt --nInitials 10 --ultrametric --randomreps 3 --divide
Optimization by Spalin-Divide: Scipy-SLSQP using spatial information
Optimizing branch lengths, phi, and nu without topology search
Initial point 1. Random seed: 8623
Solving with ultrametric constraint
Optimal point found for initial point 1
Negative llh: 122.94896077224627
Dropout rate: 2.5420060609329766e-10
Silencing rate: 1.7663545077102556e-10
Sigma: 5.778177383889684
Initial point 2. Random seed: 2222
Solving with ultrametric constraint
Optimal point found for initial point 2
Negative llh: 122.9489534200655
Dropout rate: 2.981896616928513e-10
Silencing rate: 1.8296383558621512e-10
Sigma: 5.7782884179227905
Initial point 3. Random seed: 9921
Solving with ultrametric constraint
Optimal point found for initial point 3
Negative llh: 122.94894207435803
Dropout rate: 1e-10
Silencing rate: 1e-10
Sigma: 5.778447792292315
Initial point 4. Random seed: 4529
Solving with ultrametric constraint
Optimal point found for initial point 4
Negative llh: 122.94897941358911
Dropout rate: 1.0422579795092397e-10
Silencing rate: 1.106950451536034e-10
Sigma: 5.777303595935908
Initial point 5. Random seed: 3506
Solving with ultrametric constraint
Optimal point found for initial point 5
Negative llh: 122.94895903412663
Dropout rate: 1.0000000000000002e-10
Silencing rate: 1.0000000000000002e-10
Sigma: 5.778205616263845
Initial point 6. Random seed: 9421
Solving with ultrametric constraint
Optimal point found for initial point 6
Negative llh: 122.94896991726469
Dropout rate: 2.5827264634715206e-10
Silencing rate: 2.123599149612754e-10
Sigma: 5.77725394763224
Initial point 7. Random seed: 994
Solving with ultrametric constraint
Optimal point found for initial point 7
Negative llh: 122.9489506954813
Dropout rate: 1e-10
Silencing rate: 1e-10
Sigma: 5.777567207232843
Initial point 8. Random seed: 3535
Solving with ultrametric constraint
Optimal point found for initial point 8
Negative llh: 122.9489493900877
Dropout rate: 1e-10
Silencing rate: 1e-10
Sigma: 5.777906183793093
Initial point 9. Random seed: 1730
Solving with ultrametric constraint
Optimal point found for initial point 9
Negative llh: 122.94891983127815
Dropout rate: 3.049920359795679e-10
Silencing rate: 1.9811270304624068e-10
Sigma: 5.778151646586826
Initial point 10. Random seed: 7963
Solving with ultrametric constraint
Optimal point found for initial point 10
Negative llh: 122.94895397342036
Dropout rate: 1.3789710439789124e-10
Silencing rate: 1.4707554667634725e-10
Sigma: 5.778140476170597
Runtime (s): 334.8975713579857
