Launching Problin version 0.5b
Problin was called as follow: /u/gh2161/problin/run_problin.py -c simulated_data/s10c5/k10_r5_character_matrix.csv -t simulated_data/s10c5/true_tree.nwk -S simulated_data/s10c5/leaf_locations.txt --delimiter comma -p simulated_data/s10c5/k10_priors.csv -o simulated_data/s10c5/k10_r5_spalin_leaves_newfelsen.txt --nInitials 10 --ultrametric --randomreps 3
Optimization by Spalin: Scipy-SLSQP using spatial information
Optimizing branch lengths, phi, and nu without topology search
Initial point 1. Random seed: 1229
Solving with ultrametric constraint
Optimal point found for initial point 1
Negative llh: 106.25857899218488
Dropout rate: 1e-10
Silencing rate: 1e-10
Sigma: 8.163980042020773
Initial point 2. Random seed: 8116
Solving with ultrametric constraint
Optimal point found for initial point 2
Negative llh: 106.25857904240289
Dropout rate: 1.036141574101468e-10
Silencing rate: 1.0554019218450696e-10
Sigma: 8.163960381035444
Initial point 3. Random seed: 5684
Solving with ultrametric constraint
Optimal point found for initial point 3
Negative llh: 106.25857884088515
Dropout rate: 1e-10
Silencing rate: 1e-10
Sigma: 8.16374347128555
Initial point 4. Random seed: 2166
Solving with ultrametric constraint
Optimal point found for initial point 4
Negative llh: 106.25857939924147
Dropout rate: 1e-10
Silencing rate: 1e-10
Sigma: 8.162365926669771
Initial point 5. Random seed: 197
Solving with ultrametric constraint
Optimal point found for initial point 5
Negative llh: 106.25857895718602
Dropout rate: 1.0000000000000002e-10
Silencing rate: 1.0000000000000002e-10
Sigma: 8.162072799444768
Initial point 6. Random seed: 2532
Solving with ultrametric constraint
Optimal point found for initial point 6
Negative llh: 106.25857953968497
Dropout rate: 1.0000000000000002e-10
Silencing rate: 1e-10
Sigma: 8.159726565473772
Initial point 7. Random seed: 5212
Solving with ultrametric constraint
Optimal point found for initial point 7
Negative llh: 106.25857861893621
Dropout rate: 1e-10
Silencing rate: 1e-10
Sigma: 8.163227983779807
Initial point 8. Random seed: 2886
Solving with ultrametric constraint
Optimal point found for initial point 8
Negative llh: 106.25857932728675
Dropout rate: 3.043511133943875e-10
Silencing rate: 2.245610281721995e-10
Sigma: 8.16451579880738
Initial point 9. Random seed: 923
Solving with ultrametric constraint
Optimal point found for initial point 9
Negative llh: 106.25857931945595
Dropout rate: 4.2004490488052525e-10
Silencing rate: 6.073219217900396e-10
Sigma: 8.164431367482415
Initial point 10. Random seed: 6511
Solving with ultrametric constraint
Optimal point found for initial point 10
Negative llh: 106.25857902216542
Dropout rate: 1e-10
Silencing rate: 1e-10
Sigma: 8.165731748015274
Runtime (s): 40.37752394936979
