Launching Problin version 0.5b
Problin was called as follow: /u/gh2161/Spatial-Division/problin/run_problin.py -c real_location_data/s10c5/k10_r4_character_matrix.csv -t real_location_data/s10c5/true_tree.nwk -S real_location_data/s10c5/leaf_locations.txt --delimiter comma -p real_location_data/s10c5/k10_priors.csv -o real_location_data/s10c5/k10_r4_spalin.txt --nInitials 10 --ultrametric --randomreps 3
Optimization by Spalin: Scipy-SLSQP using spatial information
Optimizing branch lengths, phi, and nu without topology search
Initial point 1. Random seed: 8135
Solving with ultrametric constraint
Optimal point found for initial point 1
Negative llh: 106.13583179738804
Dropout rate: 1.0000000000000002e-10
Silencing rate: 1.0000000000000002e-10
Sigma: 39.743881146232084
Initial point 2. Random seed: 6182
Solving with ultrametric constraint
Optimal point found for initial point 2
Negative llh: 106.13583243670972
Dropout rate: 1.1840365136932153e-10
Silencing rate: 1.0591234551898051e-10
Sigma: 39.745730565136505
Initial point 3. Random seed: 4978
Solving with ultrametric constraint
Optimal point found for initial point 3
Negative llh: 106.13583200474604
Dropout rate: 1.0000000000000002e-10
Silencing rate: 1e-10
Sigma: 39.74384745928675
Initial point 4. Random seed: 8039
Solving with ultrametric constraint
Optimal point found for initial point 4
Negative llh: 106.13583185721185
Dropout rate: 1e-10
Silencing rate: 1e-10
Sigma: 39.747010613829154
Initial point 5. Random seed: 1042
Solving with ultrametric constraint
Optimal point found for initial point 5
Negative llh: 106.13583219932804
Dropout rate: 1.2089901793268208e-10
Silencing rate: 1.491444910707513e-10
Sigma: 39.746762181018525
Initial point 6. Random seed: 6284
Solving with ultrametric constraint
Optimal point found for initial point 6
Negative llh: 106.13583185367345
Dropout rate: 1e-10
Silencing rate: 1e-10
Sigma: 39.74275341575431
Initial point 7. Random seed: 5890
Solving with ultrametric constraint
Optimal point found for initial point 7
Negative llh: 106.13583195104047
Dropout rate: 1e-10
Silencing rate: 1e-10
Sigma: 39.74593792859874
Initial point 8. Random seed: 488
Solving with ultrametric constraint
Optimal point found for initial point 8
Negative llh: 106.13583221112489
Dropout rate: 1e-10
Silencing rate: 1e-10
Sigma: 39.747404015254276
Initial point 9. Random seed: 9719
Solving with ultrametric constraint
Optimal point found for initial point 9
Negative llh: 106.13583200541129
Dropout rate: 1e-10
Silencing rate: 1e-10
Sigma: 39.74105020772427
Initial point 10. Random seed: 7745
Solving with ultrametric constraint
Optimal point found for initial point 10
Negative llh: 106.13583183910515
Dropout rate: 3.2997991431333624e-10
Silencing rate: 3.5321100963648857e-10
Sigma: 39.74585628730562
Traceback (most recent call last):
  File "/u/gh2161/Spatial-Division/problin/run_problin.py", line 223, in <module>
    main()
  File "/u/gh2161/Spatial-Division/problin/run_problin.py", line 214, in main
    for cell in mySolver.params.displacement_amounts:
AttributeError: 'Params' object has no attribute 'displacement_amounts'
