Launching Problin version 0.5b
Problin was called as follow: /u/gh2161/problin/run_problin.py -c simulated_data/s10c5/k10_r4_character_matrix.csv -t simulated_data/s10c5/true_tree.nwk -S simulated_data/s10c5/leaf_locations.txt --delimiter comma -p simulated_data/s10c5/k10_priors.csv -o simulated_data/s10c5/k10_r4_spalin_leaves_newfelsen.txt --nInitials 10 --ultrametric --randomreps 3
Optimization by Spalin: Scipy-SLSQP using spatial information
Optimizing branch lengths, phi, and nu without topology search
Initial point 1. Random seed: 1541
Solving with ultrametric constraint
Optimal point found for initial point 1
Negative llh: 106.13583234018188
Dropout rate: 2.1680424222251432e-10
Silencing rate: 1.4743924111871278e-10
Sigma: 9.479417371902832
Initial point 2. Random seed: 7904
Solving with ultrametric constraint
Optimal point found for initial point 2
Negative llh: 106.1358318782132
Dropout rate: 1.457356879138696e-10
Silencing rate: 1.691479332343547e-10
Sigma: 9.47771880995149
Initial point 3. Random seed: 4811
Solving with ultrametric constraint
Optimal point found for initial point 3
Negative llh: 106.13583242943466
Dropout rate: 1e-10
Silencing rate: 1e-10
Sigma: 9.478695304018808
Initial point 4. Random seed: 1270
Solving with ultrametric constraint
Optimal point found for initial point 4
Negative llh: 106.13583213825913
Dropout rate: 3.21804592518188e-09
Silencing rate: 5.135451142197176e-10
Sigma: 9.477964240522967
Initial point 5. Random seed: 6227
Solving with ultrametric constraint
Optimal point found for initial point 5
Negative llh: 106.13583186525521
Dropout rate: 1e-10
Silencing rate: 1e-10
Sigma: 9.476666371123166
Initial point 6. Random seed: 7889
Solving with ultrametric constraint
Optimal point found for initial point 6
Negative llh: 106.13583191349025
Dropout rate: 1e-10
Silencing rate: 1e-10
Sigma: 9.47783781297301
Initial point 7. Random seed: 7004
Solving with ultrametric constraint
Optimal point found for initial point 7
Negative llh: 106.13583198288848
Dropout rate: 2.967804439319275e-10
Silencing rate: 3.997038193611759e-10
Sigma: 9.477445696826653
Initial point 8. Random seed: 9266
Solving with ultrametric constraint
Optimal point found for initial point 8
Negative llh: 106.13583194182661
Dropout rate: 1e-10
Silencing rate: 1e-10
Sigma: 9.478319028667356
Initial point 9. Random seed: 3624
Solving with ultrametric constraint
Optimal point found for initial point 9
Negative llh: 106.13583207269934
Dropout rate: 1.0000000000000002e-10
Silencing rate: 1.0000000000000002e-10
Sigma: 9.478282751610783
Initial point 10. Random seed: 689
Solving with ultrametric constraint
Optimal point found for initial point 10
Negative llh: 106.1358325564933
Dropout rate: 1.0000000000000007e-10
Silencing rate: 9.999999999999996e-11
Sigma: 9.47960817013712
Runtime (s): 40.870386362075806
