Launching Problin version 0.5b
Problin was called as follow: /u/gh2161/Spatial-Division/problin/run_problin.py -c real_location_data/s15c5/k10_r3_character_matrix.csv -t real_location_data/s15c5/true_tree.nwk -S real_location_data/s15c5/leaf_locations.txt --delimiter comma -p real_location_data/s15c5/k10_priors.csv -o real_location_data/s15c5/k10_r3_spalin.txt --nInitials 10 --ultrametric --randomreps 3
Optimization by Spalin: Scipy-SLSQP using spatial information
Optimizing branch lengths, phi, and nu without topology search
Initial point 1. Random seed: 5111
Solving with ultrametric constraint
Optimal point found for initial point 1
Negative llh: 101.33034196082419
Dropout rate: 3.8649315671701356e-10
Silencing rate: 2.7439454411343485e-10
Sigma: 34.51756584288564
Initial point 2. Random seed: 5508
Solving with ultrametric constraint
Optimal point found for initial point 2
Negative llh: 101.33034202027827
Dropout rate: 1.2415057716186544e-10
Silencing rate: 1.3054574787887553e-10
Sigma: 34.51714701002259
Initial point 3. Random seed: 5468
Solving with ultrametric constraint
Optimal point found for initial point 3
Negative llh: 101.33034195085821
Dropout rate: 2.724334336608038e-10
Silencing rate: 2.2860741719514266e-10
Sigma: 34.5187893967942
Initial point 4. Random seed: 6722
Solving with ultrametric constraint
Optimal point found for initial point 4
Negative llh: 101.33034212279915
Dropout rate: 1e-10
Silencing rate: 1e-10
Sigma: 34.52156196167046
Initial point 5. Random seed: 7382
Solving with ultrametric constraint
Optimal point found for initial point 5
Negative llh: 101.33034204091527
Dropout rate: 1e-10
Silencing rate: 1e-10
Sigma: 34.52131667266151
Initial point 6. Random seed: 1010
Solving with ultrametric constraint
Optimal point found for initial point 6
Negative llh: 101.33034189931413
Dropout rate: 1e-10
Silencing rate: 1e-10
Sigma: 34.520194992798714
Initial point 7. Random seed: 9176
Solving with ultrametric constraint
Optimal point found for initial point 7
Negative llh: 101.33034900600435
Dropout rate: 7.544141463147073e-10
Silencing rate: 9.902800310881687e-10
Sigma: 34.501109908028546
Initial point 8. Random seed: 667
Solving with ultrametric constraint
Optimal point found for initial point 8
Negative llh: 101.33034207374908
Dropout rate: 1.6786141447282753e-10
Silencing rate: 1.750016036233369e-10
Sigma: 34.52001327780889
Initial point 9. Random seed: 469
Solving with ultrametric constraint
Optimal point found for initial point 9
Negative llh: 101.33034221774724
Dropout rate: 1.0000000000000002e-10
Silencing rate: 1.0000000000000002e-10
Sigma: 34.52250616266674
Initial point 10. Random seed: 3758
Solving with ultrametric constraint
Optimal point found for initial point 10
Negative llh: 101.3303419925725
Dropout rate: 5.350045263030217e-10
Silencing rate: 6.60931736439832e-10
Sigma: 34.518645095249745
Traceback (most recent call last):
  File "/u/gh2161/Spatial-Division/problin/run_problin.py", line 223, in <module>
    main()
  File "/u/gh2161/Spatial-Division/problin/run_problin.py", line 214, in main
    for cell in mySolver.params.displacement_amounts:
AttributeError: 'Params' object has no attribute 'displacement_amounts'
