Launching Problin version 0.5b
Problin was called as follow: /u/gh2161/problin/run_problin.py -c simulated_data/s15c5/k10_r1_character_matrix.csv -t simulated_data/s15c5/true_tree.nwk -S simulated_data/s15c5/true_locations.txt --delimiter comma -p simulated_data/s15c5/k10_priors.csv -o simulated_data/s15c5/k10_r1_spalin_all.txt --nInitials 10 --ultrametric --randomreps 3
Optimization by Spalin: Scipy-SLSQP using spatial information
Optimizing branch lengths, phi, and nu without topology search
Initial point 1. Random seed: 4528
Solving with ultrametric constraint
Optimal point found for initial point 1
Negative llh: 146.84057466375822
Dropout rate: 1e-10
Silencing rate: 1e-10
Sigma: 36.47840716405095
Initial point 2. Random seed: 8601
Solving with ultrametric constraint
Optimal point found for initial point 2
Negative llh: 146.8405743459852
Dropout rate: 1e-10
Silencing rate: 1e-10
Sigma: 36.47766642231102
Initial point 3. Random seed: 6299
Solving with ultrametric constraint
Optimal point found for initial point 3
Negative llh: 146.84057426484085
Dropout rate: 1e-10
Silencing rate: 1e-10
Sigma: 36.47890419426242
Initial point 4. Random seed: 4397
Solving with ultrametric constraint
Optimal point found for initial point 4
Negative llh: 146.84057466680315
Dropout rate: 1.0292419586248797e-10
Silencing rate: 1.14880419997212e-10
Sigma: 36.47236707754619
Initial point 5. Random seed: 5280
Solving with ultrametric constraint
Optimal point found for initial point 5
Negative llh: 146.8405745051838
Dropout rate: 1.1226476578849176e-10
Silencing rate: 1.302124559362019e-10
Sigma: 36.48145371372687
Initial point 6. Random seed: 7140
Solving with ultrametric constraint
Optimal point found for initial point 6
Negative llh: 146.84057435737964
Dropout rate: 1e-10
Silencing rate: 1e-10
Sigma: 36.47768175633186
Initial point 7. Random seed: 7911
Solving with ultrametric constraint
Optimal point found for initial point 7
Negative llh: 146.9291381932307
Dropout rate: 1e-10
Silencing rate: 1e-10
Sigma: 36.60189996592273
Initial point 8. Random seed: 3886
Solving with ultrametric constraint
Optimal point found for initial point 8
Negative llh: 146.84057438934002
Dropout rate: 1.0348749014838645e-10
Silencing rate: 1e-10
Sigma: 36.47778651961044
Initial point 9. Random seed: 6320
Solving with ultrametric constraint
Optimal point found for initial point 9
Negative llh: 146.84057434529686
Dropout rate: 1.0139007016740097e-10
Silencing rate: 1.0784344385351684e-10
Sigma: 36.476661846543266
Initial point 10. Random seed: 450
Solving with ultrametric constraint
Optimal point found for initial point 10
Negative llh: 146.84057428892783
Dropout rate: 1.4129754448170565e-10
Silencing rate: 1.2523278472634116e-10
Sigma: 36.47879268053745
Runtime (s): 7.385727372020483
