Launching Problin version 0.5b
Problin was called as follow: /u/gh2161/Spatial-Division/problin/run_problin.py -c real_location_data/s15c5/k10_r4_character_matrix.csv -t real_location_data/s15c5/true_tree.nwk -S real_location_data/s15c5/leaf_locations.txt --delimiter comma -p real_location_data/s15c5/k10_priors.csv -o real_location_data/s15c5/k10_r4_spalin-divide-beta3.txt --nInitials 10 --ultrametric --randomreps 3 --divide --given_beta 3 --incl_beta_bound
Optimization by Spalin-Divide: Scipy-SLSQP using spatial information
Optimizing branch lengths, phi, and nu without topology search
Initial point 1. Random seed: 5869
Solving with ultrametric constraint
Optimal point found for initial point 1
Negative llh: 109.48880228465218
Dropout rate: 1e-10
Silencing rate: 1e-10
Sigma: 6.290146605724039
Initial point 2. Random seed: 1477
Solving with ultrametric constraint
Optimal point found for initial point 2
Negative llh: 109.48880277926675
Dropout rate: 4.125988140616551e-10
Silencing rate: 2.836342321035127e-10
Sigma: 6.28997881514942
Initial point 3. Random seed: 2996
Solving with ultrametric constraint
Optimal point found for initial point 3
Negative llh: 109.48880228290024
Dropout rate: 1e-10
Silencing rate: 1e-10
Sigma: 6.2901416306051035
Initial point 4. Random seed: 6687
Solving with ultrametric constraint
Optimal point found for initial point 4
Negative llh: 109.48880310383962
Dropout rate: 1.4965820782829615e-10
Silencing rate: 1.3015309425582877e-10
Sigma: 6.290030062422751
Initial point 5. Random seed: 2612
Solving with ultrametric constraint
Optimal point found for initial point 5
Negative llh: 109.48880227076967
Dropout rate: 1.0024768650109856e-10
Silencing rate: 1.0011513469523898e-10
Sigma: 6.290145719706084
Initial point 6. Random seed: 7171
Solving with ultrametric constraint
Optimal point found for initial point 6
Negative llh: 109.48880227536583
Dropout rate: 1.1076312878262939e-10
Silencing rate: 1.0500330955616032e-10
Sigma: 6.290191529976385
Initial point 7. Random seed: 1851
Solving with ultrametric constraint
Optimal point found for initial point 7
Negative llh: 109.48880228542785
Dropout rate: 1e-10
Silencing rate: 1e-10
Sigma: 6.290140088185257
Initial point 8. Random seed: 68
Solving with ultrametric constraint
Optimal point found for initial point 8
Negative llh: 109.48880258858793
Dropout rate: 1.399048682020075e-10
Silencing rate: 1.185601103189308e-10
Sigma: 6.290052102511021
Initial point 9. Random seed: 5794
Solving with ultrametric constraint
Optimal point found for initial point 9
Negative llh: 109.4888022892636
Dropout rate: 1e-10
Silencing rate: 1e-10
Sigma: 6.290153409225259
Initial point 10. Random seed: 4004
Solving with ultrametric constraint
Optimal point found for initial point 10
Negative llh: 109.48880228494858
Dropout rate: 9.999999999999996e-11
Silencing rate: 9.999999999999996e-11
Sigma: 6.290137952669887
Runtime (s): 255.80316709913313
