Launching Problin version 0.5b
Problin was called as follow: /u/gh2161/Spatial-Division/problin/run_problin.py -c real_location_data/s15c5/k10_r5_character_matrix.csv -t real_location_data/s15c5/true_tree.nwk -S real_location_data/s15c5/leaf_locations.txt --delimiter comma -p real_location_data/s15c5/k10_priors.csv -o real_location_data/s15c5/k10_r5_spalin-divide-beta1.txt --nInitials 10 --ultrametric --randomreps 3 --divide --given_beta 1 --incl_beta_bound
Optimization by Spalin-Divide: Scipy-SLSQP using spatial information
Optimizing branch lengths, phi, and nu without topology search
Initial point 1. Random seed: 2121
Solving with ultrametric constraint
Optimal point found for initial point 1
Negative llh: 132.09277569293926
Dropout rate: 2.2087159419985424e-10
Silencing rate: 1.4359083003503078e-10
Sigma: 6.0859961428245155
Initial point 2. Random seed: 6808
Solving with ultrametric constraint
Optimal point found for initial point 2
Negative llh: 132.09277203416377
Dropout rate: 1e-10
Silencing rate: 1e-10
Sigma: 6.086342016858011
Initial point 3. Random seed: 6227
Solving with ultrametric constraint
Optimal point found for initial point 3
Negative llh: 132.09277177512914
Dropout rate: 4.152024881949954e-10
Silencing rate: 3.692613762724576e-10
Sigma: 6.0863588673645275
Initial point 4. Random seed: 2519
Solving with ultrametric constraint
Optimal point found for initial point 4
Negative llh: 132.09277173329696
Dropout rate: 1.0000000000000002e-10
Silencing rate: 1.0000000000000002e-10
Sigma: 6.086361585620744
Initial point 5. Random seed: 7307
Solving with ultrametric constraint
Optimal point found for initial point 5
Negative llh: 132.0927720276745
Dropout rate: 1e-10
Silencing rate: 1e-10
Sigma: 6.086371059831001
Initial point 6. Random seed: 8039
Solving with ultrametric constraint
Optimal point found for initial point 6
Negative llh: 132.0927718226609
Dropout rate: 2.984376507229801e-10
Silencing rate: 2.3841227545540305e-10
Sigma: 6.086342137168377
Initial point 7. Random seed: 1244
Solving with ultrametric constraint
Optimal point found for initial point 7
Negative llh: 132.0927719468291
Dropout rate: 4.661692351568386e-10
Silencing rate: 4.181873907437565e-10
Sigma: 6.08629361538192
Initial point 8. Random seed: 7695
Solving with ultrametric constraint
Optimal point found for initial point 8
Negative llh: 132.0927718390341
Dropout rate: 1.0064769660695619e-10
Silencing rate: 1.0192061157355498e-10
Sigma: 6.086376723515229
Initial point 9. Random seed: 1557
Solving with ultrametric constraint
Optimal point found for initial point 9
Negative llh: 132.09277172777183
Dropout rate: 1e-10
Silencing rate: 1e-10
Sigma: 6.086366453121908
Initial point 10. Random seed: 7802
Solving with ultrametric constraint
Optimal point found for initial point 10
Negative llh: 132.09277172357918
Dropout rate: 1e-10
Silencing rate: 1e-10
Sigma: 6.086361686763201
Runtime (s): 170.90455485042185
