Launching Problin version 0.5b
Problin was called as follow: /u/gh2161/Spatial-Division/problin/run_problin.py -c real_location_data/s15c5/k10_r3_character_matrix.csv -t real_location_data/s15c5/true_tree.nwk -S real_location_data/s15c5/leaf_locations.txt --delimiter comma -p real_location_data/s15c5/k10_priors.csv -o real_location_data/s15c5/k10_r3_spalin-divide-beta05.txt --nInitials 10 --ultrametric --randomreps 3 --divide --given_beta 0.5 --incl_beta_bound
Optimization by Spalin-Divide: Scipy-SLSQP using spatial information
Optimizing branch lengths, phi, and nu without topology search
Initial point 1. Random seed: 9855
Solving with ultrametric constraint
Optimal point found for initial point 1
Negative llh: 117.27297119229974
Dropout rate: 1.0000000000000002e-10
Silencing rate: 1.0000000000000002e-10
Sigma: 5.791277152997289
Initial point 2. Random seed: 3356
Solving with ultrametric constraint
Optimal point found for initial point 2
Negative llh: 117.2729710973432
Dropout rate: 1.0620720076074826e-10
Silencing rate: 1.0414957000717421e-10
Sigma: 5.791415606705824
Initial point 3. Random seed: 3083
Solving with ultrametric constraint
Optimal point found for initial point 3
Negative llh: 117.27297503598032
Dropout rate: 6.939611044871015e-10
Silencing rate: 5.043209915793232e-10
Sigma: 5.791508074018957
Initial point 4. Random seed: 5047
Solving with ultrametric constraint
Optimal point found for initial point 4
Negative llh: 117.27297111178933
Dropout rate: 2.3328996970675356e-10
Silencing rate: 2.2883730813225936e-10
Sigma: 5.791414433767534
Initial point 5. Random seed: 1667
Solving with ultrametric constraint
Optimal point found for initial point 5
Negative llh: 117.27297645213554
Dropout rate: 1e-10
Silencing rate: 1e-10
Sigma: 5.791768990532044
Initial point 6. Random seed: 3008
Solving with ultrametric constraint
Optimal point found for initial point 6
Negative llh: 117.27298584246479
Dropout rate: 1.0463595556772633e-10
Silencing rate: 1.1515753334113635e-10
Sigma: 5.793294037875839
Initial point 7. Random seed: 6071
Solving with ultrametric constraint
Optimal point found for initial point 7
Negative llh: 117.27297113447305
Dropout rate: 1e-10
Silencing rate: 1e-10
Sigma: 5.7914390539306275
Initial point 8. Random seed: 2602
Solving with ultrametric constraint
Optimal point found for initial point 8
Negative llh: 117.27297110253079
Dropout rate: 1.6671365411750826e-10
Silencing rate: 1.9458418210447522e-10
Sigma: 5.7914123291631485
Initial point 9. Random seed: 6463
Solving with ultrametric constraint
Optimal point found for initial point 9
Negative llh: 117.2729710845058
Dropout rate: 1.2109485630606518e-10
Silencing rate: 1.1427795073025841e-10
Sigma: 5.791411976672765
Initial point 10. Random seed: 456
Solving with ultrametric constraint
Optimal point found for initial point 10
Negative llh: 117.27297120151664
Dropout rate: 5.364990398431962e-10
Silencing rate: 4.867759054860812e-10
Sigma: 5.7912844875792935
Runtime (s): 229.41505484469235
