Launching Problin version 0.5b
Problin was called as follow: /u/gh2161/Spatial-Division/problin/run_problin.py -c real_location_data/s15c5/k10_r1_character_matrix.csv -t real_location_data/s15c5/true_tree.nwk -S real_location_data/s15c5/leaf_locations.txt --delimiter comma -p real_location_data/s15c5/k10_priors.csv -o real_location_data/s15c5/k10_r1_spalin-divide-beta3.txt --nInitials 10 --ultrametric --randomreps 3 --divide --given_beta 3 --incl_beta_bound
Optimization by Spalin-Divide: Scipy-SLSQP using spatial information
Optimizing branch lengths, phi, and nu without topology search
Initial point 1. Random seed: 5331
Solving with ultrametric constraint
Optimal point found for initial point 1
Negative llh: 113.20771633448503
Dropout rate: 7.208479338008888e-10
Silencing rate: 3.563156567710369e-10
Sigma: 5.979503436650255
Initial point 2. Random seed: 7004
Solving with ultrametric constraint
Optimal point found for initial point 2
Negative llh: 113.20772269875859
Dropout rate: 1e-10
Silencing rate: 1e-10
Sigma: 5.980294326585208
Initial point 3. Random seed: 4477
Solving with ultrametric constraint
Optimal point found for initial point 3
Negative llh: 113.20771472494687
Dropout rate: 1.0000000000000002e-10
Silencing rate: 1e-10
Sigma: 5.979654792366735
Initial point 4. Random seed: 4879
Solving with ultrametric constraint
Optimal point found for initial point 4
Negative llh: 113.20771702338516
Dropout rate: 4.2628107079058807e-10
Silencing rate: 3.19623756069742e-10
Sigma: 5.980399322326724
Initial point 5. Random seed: 4961
Solving with ultrametric constraint
Optimal point found for initial point 5
Negative llh: 113.20772014019346
Dropout rate: 9.999999999999996e-11
Silencing rate: 1.0000000000000002e-10
Sigma: 5.980336447468866
Initial point 6. Random seed: 4686
Solving with ultrametric constraint
Optimal point found for initial point 6
Negative llh: 113.20772797928842
Dropout rate: 1e-10
Silencing rate: 1e-10
Sigma: 5.979430565635706
Initial point 7. Random seed: 3609
Solving with ultrametric constraint
Optimal point found for initial point 7
Negative llh: 113.20771521236881
Dropout rate: 1.0000000000000002e-10
Silencing rate: 1e-10
Sigma: 5.980031486696942
Initial point 8. Random seed: 336
Solving with ultrametric constraint
Optimal point found for initial point 8
Negative llh: 113.20772178959554
Dropout rate: 3.200505008138084e-10
Silencing rate: 1.8503396934047394e-10
Sigma: 5.980716028183178
Initial point 9. Random seed: 9735
Solving with ultrametric constraint
Optimal point found for initial point 9
Negative llh: 113.2077146988602
Dropout rate: 1e-10
Silencing rate: 1e-10
Sigma: 5.979617360699866
Initial point 10. Random seed: 3020
Solving with ultrametric constraint
Optimal point found for initial point 10
Negative llh: 113.20771506441591
Dropout rate: 1e-10
Silencing rate: 1e-10
Sigma: 5.979957518638038
Runtime (s): 365.94038885101327
