Launching Problin version 0.5b
Problin was called as follow: /u/gh2161/Spatial-Division/problin/run_problin.py -c real_location_data/s15c5/k10_r5_character_matrix.csv -t real_location_data/s15c5/true_tree.nwk -S real_location_data/s15c5/leaf_locations.txt --delimiter comma -p real_location_data/s15c5/k10_priors.csv -o real_location_data/s15c5/k10_r5_spalin-divide-beta05.txt --nInitials 10 --ultrametric --randomreps 3 --divide --given_beta 0.5 --incl_beta_bound
Optimization by Spalin-Divide: Scipy-SLSQP using spatial information
Optimizing branch lengths, phi, and nu without topology search
Initial point 1. Random seed: 5118
Solving with ultrametric constraint
Optimal point found for initial point 1
Negative llh: 132.66351876312768
Dropout rate: 1.0000000000000002e-10
Silencing rate: 1e-10
Sigma: 6.180683887093602
Initial point 2. Random seed: 9772
Solving with ultrametric constraint
Optimal point found for initial point 2
Negative llh: 132.66351803694573
Dropout rate: 1.5866258962614358e-10
Silencing rate: 1.482082883161123e-10
Sigma: 6.180683724039042
Initial point 3. Random seed: 7424
Solving with ultrametric constraint
Optimal point found for initial point 3
Negative llh: 132.6635182281762
Dropout rate: 1e-10
Silencing rate: 1e-10
Sigma: 6.180707322230883
Initial point 4. Random seed: 368
Solving with ultrametric constraint
Optimal point found for initial point 4
Negative llh: 132.66351801537724
Dropout rate: 1.8404299164646336e-10
Silencing rate: 1.4641367898526572e-10
Sigma: 6.180682767688664
Initial point 5. Random seed: 2476
Solving with ultrametric constraint
Optimal point found for initial point 5
Negative llh: 132.66352147867397
Dropout rate: 1.0000000000000002e-10
Silencing rate: 1.0000000000000002e-10
Sigma: 6.1802988018635645
Initial point 6. Random seed: 9591
Solving with ultrametric constraint
Optimal point found for initial point 6
Negative llh: 132.66351812808944
Dropout rate: 7.168569458285008e-10
Silencing rate: 6.542562551209068e-10
Sigma: 6.180759981484235
Initial point 7. Random seed: 6073
Solving with ultrametric constraint
Optimal point found for initial point 7
Negative llh: 132.66352003872305
Dropout rate: 1.0000000000000002e-10
Silencing rate: 1e-10
Sigma: 6.180289222636927
Initial point 8. Random seed: 8668
Solving with ultrametric constraint
Optimal point found for initial point 8
Negative llh: 132.6635180756407
Dropout rate: 1e-10
Silencing rate: 1e-10
Sigma: 6.1806582585277905
Initial point 9. Random seed: 2045
Solving with ultrametric constraint
Optimal point found for initial point 9
Negative llh: 132.6635180400803
Dropout rate: 1.2501862862417207e-10
Silencing rate: 1.1320126553945468e-10
Sigma: 6.180679736377721
Initial point 10. Random seed: 6961
Solving with ultrametric constraint
Optimal point found for initial point 10
Negative llh: 132.66351807802124
Dropout rate: 5.480935190300256e-10
Silencing rate: 3.1667450697000705e-10
Sigma: 6.180682569944276
Runtime (s): 229.46692367002834
