Launching Problin version 0.5b
Problin was called as follow: /u/gh2161/problin/run_problin.py -c simulated_data/s15c5/k10_r3_character_matrix.csv -t simulated_data/s15c5/true_tree.nwk -S simulated_data/s15c5/leaf_locations.txt --delimiter comma -p simulated_data/s15c5/k10_priors.csv -o simulated_data/s15c5/k10_r3_spalin_leaves_newfelsen.txt --nInitials 10 --ultrametric --randomreps 3
Optimization by Spalin: Scipy-SLSQP using spatial information
Optimizing branch lengths, phi, and nu without topology search
Initial point 1. Random seed: 9986
Solving with ultrametric constraint
Optimal point found for initial point 1
Negative llh: 101.33034200285822
Dropout rate: 1.50007487690558e-10
Silencing rate: 1.335275064888932e-10
Sigma: 7.150059320895767
Initial point 2. Random seed: 6362
Solving with ultrametric constraint
Optimal point found for initial point 2
Negative llh: 101.33034258861224
Dropout rate: 1.3758760664428496e-09
Silencing rate: 1.4357105488907936e-09
Sigma: 7.151229703890733
Initial point 3. Random seed: 9556
Solving with ultrametric constraint
Optimal point found for initial point 3
Negative llh: 101.33034236691368
Dropout rate: 1e-10
Silencing rate: 1e-10
Sigma: 7.1501759571010055
Initial point 4. Random seed: 5690
Solving with ultrametric constraint
Optimal point found for initial point 4
Negative llh: 101.3303421399917
Dropout rate: 9.999999999999996e-11
Silencing rate: 1.0000000000000007e-10
Sigma: 7.150216090505662
Initial point 5. Random seed: 1511
Solving with ultrametric constraint
Optimal point found for initial point 5
Negative llh: 101.33034250493236
Dropout rate: 1.7794645064607608e-10
Silencing rate: 3.152415561975035e-10
Sigma: 7.1490020984812785
Initial point 6. Random seed: 1094
Solving with ultrametric constraint
Optimal point found for initial point 6
Negative llh: 101.33034227827227
Dropout rate: 1.0000000000000007e-10
Silencing rate: 1.0000000000000007e-10
Sigma: 7.150459136144731
Initial point 7. Random seed: 5150
Solving with ultrametric constraint
Optimal point found for initial point 7
Negative llh: 101.33034253085367
Dropout rate: 1.1282329634772831e-09
Silencing rate: 3.058709159512556e-09
Sigma: 7.147673217770245
Initial point 8. Random seed: 8590
Solving with ultrametric constraint
Optimal point found for initial point 8
Negative llh: 101.33034248390695
Dropout rate: 1e-10
Silencing rate: 1e-10
Sigma: 7.148602682886252
Initial point 9. Random seed: 8549
Solving with ultrametric constraint
Optimal point found for initial point 9
Negative llh: 101.33034274942668
Dropout rate: 4.862464113817454e-10
Silencing rate: 1.4993978368524846e-09
Sigma: 7.1503738871137
Initial point 10. Random seed: 8343
Solving with ultrametric constraint
Optimal point found for initial point 10
Negative llh: 101.33034275828484
Dropout rate: 1e-10
Silencing rate: 1e-10
Sigma: 7.15118089080452
Runtime (s): 44.77507578395307
