Launching Problin version 0.5b
Problin was called as follow: /u/gh2161/Spatial-Division/problin/run_problin.py -c real_location_data/s8c6/k10_r2_character_matrix.csv -t real_location_data/s8c6/true_tree.nwk -S real_location_data/s8c6/leaf_locations.txt --delimiter comma -p real_location_data/s8c6/k10_priors.csv -o real_location_data/s8c6/k10_r2_spalin.txt --nInitials 10 --ultrametric --randomreps 3
Optimization by Spalin: Scipy-SLSQP using spatial information
Optimizing branch lengths, phi, and nu without topology search
Initial point 1. Random seed: 9490
Solving with ultrametric constraint
Optimal point found for initial point 1
Negative llh: 290.56860567643616
Dropout rate: 1.0000000000000002e-10
Silencing rate: 9.999999999999996e-11
Sigma: 43.029890362991424
Initial point 2. Random seed: 2953
Solving with ultrametric constraint
Optimal point found for initial point 2
Negative llh: 290.5686094344567
Dropout rate: 8.482825293897857e-09
Silencing rate: 7.156090158731602e-09
Sigma: 43.027240937266576
Initial point 3. Random seed: 6339
Solving with ultrametric constraint
Optimal point found for initial point 3
Negative llh: 290.5686056624394
Dropout rate: 1.0000000000000007e-10
Silencing rate: 1.0000000000000007e-10
Sigma: 43.03152902730751
Initial point 4. Random seed: 3542
Solving with ultrametric constraint
Optimal point found for initial point 4
Negative llh: 290.5686053866282
Dropout rate: 1.878479004300694e-10
Silencing rate: 1.1549454006398513e-10
Sigma: 43.0285887172917
Initial point 5. Random seed: 3723
Solving with ultrametric constraint
Optimal point found for initial point 5
Negative llh: 290.56860575240347
Dropout rate: 7.20416845930262e-10
Silencing rate: 2.7606874881793944e-10
Sigma: 43.02547793231857
Initial point 6. Random seed: 1074
Solving with ultrametric constraint
Optimal point found for initial point 6
Negative llh: 290.5686056145446
Dropout rate: 1.000000000000009e-10
Silencing rate: 1.000000000000009e-10
Sigma: 43.02879463167265
Initial point 7. Random seed: 6852
Solving with ultrametric constraint
Optimal point found for initial point 7
Negative llh: 290.5686057760795
Dropout rate: 3.735185121286536e-10
Silencing rate: 1.4701933046575772e-09
Sigma: 43.02721589961991
Initial point 8. Random seed: 1381
Solving with ultrametric constraint
Optimal point found for initial point 8
Negative llh: 290.56860544432016
Dropout rate: 1e-10
Silencing rate: 1e-10
Sigma: 43.029617648235245
Initial point 9. Random seed: 8649
Solving with ultrametric constraint
Optimal point found for initial point 9
Negative llh: 290.56860533390113
Dropout rate: 1.0826666251881234e-10
Silencing rate: 1e-10
Sigma: 43.027826656361725
Initial point 10. Random seed: 4811
Solving with ultrametric constraint
Optimal point found for initial point 10
Negative llh: 290.56860527339177
Dropout rate: 9.999999999999996e-11
Silencing rate: 1e-10
Sigma: 43.02847177473363
Traceback (most recent call last):
  File "/u/gh2161/Spatial-Division/problin/run_problin.py", line 223, in <module>
    main()
  File "/u/gh2161/Spatial-Division/problin/run_problin.py", line 214, in main
    for cell in mySolver.params.displacement_amounts:
AttributeError: 'Params' object has no attribute 'displacement_amounts'
