Launching Problin version 0.5b
Problin was called as follow: /u/gh2161/Spatial-Division/problin/run_problin.py -c real_location_data/s8c6/k10_r1_character_matrix.csv -t real_location_data/s8c6/true_tree.nwk -S real_location_data/s8c6/leaf_locations.txt --delimiter comma -p real_location_data/s8c6/k10_priors.csv -o real_location_data/s8c6/k10_r1_spalin-divide-beta3.txt --nInitials 10 --ultrametric --randomreps 3 --divide --given_beta 3 --incl_beta_bound
Optimization by Spalin-Divide: Scipy-SLSQP using spatial information
Optimizing branch lengths, phi, and nu without topology search
Initial point 1. Random seed: 6137
Solving with ultrametric constraint
Optimal point found for initial point 1
Negative llh: 368.9829064227323
Dropout rate: 1.2239113757742745e-09
Silencing rate: 4.935047907362808e-10
Sigma: 6.239870930051475
Initial point 2. Random seed: 1603
Solving with ultrametric constraint
Optimal point found for initial point 2
Negative llh: 368.98290576876565
Dropout rate: 1.7937661882260786e-10
Silencing rate: 1.2837343976637192e-10
Sigma: 6.239844128028536
Initial point 3. Random seed: 6899
Solving with ultrametric constraint
Fatal: failed to optimize using initial point 3
Initial point 4. Random seed: 3847
Solving with ultrametric constraint
Fatal: failed to optimize using initial point 4
Initial point 5. Random seed: 733
Solving with ultrametric constraint
Optimal point found for initial point 5
Negative llh: 368.98290737012877
Dropout rate: 2.8257373608263067e-09
Silencing rate: 1.1156437247001165e-09
Sigma: 6.239845117173034
Initial point 6. Random seed: 6334
Solving with ultrametric constraint
Fatal: failed to optimize using initial point 6
Initial point 7. Random seed: 7745
Solving with ultrametric constraint
Fatal: failed to optimize using initial point 7
Initial point 8. Random seed: 7003
Solving with ultrametric constraint
Fatal: failed to optimize using initial point 8
Initial point 9. Random seed: 4059
Solving with ultrametric constraint
Fatal: failed to optimize using initial point 9
Initial point 10. Random seed: 2481
Solving with ultrametric constraint
Fatal: failed to optimize using initial point 10
Runtime (s): 5204.251434676
