Launching Problin version 0.5b
Problin was called as follow: /u/gh2161/problin/run_problin.py -c simulated_data/s8c6/k10_r3_character_matrix.csv -t simulated_data/s8c6/true_tree.nwk -S simulated_data/s8c6/true_locations.txt --delimiter comma -p simulated_data/s8c6/k10_priors.csv -o simulated_data/s8c6/k10_r3_spalin_all.txt --nInitials 10 --ultrametric --randomreps 3
Optimization by Spalin: Scipy-SLSQP using spatial information
Optimizing branch lengths, phi, and nu without topology search
Initial point 1. Random seed: 3251
Solving with ultrametric constraint
Optimal point found for initial point 1
Negative llh: 445.7319427606121
Dropout rate: 2.810375757078371e-09
Silencing rate: 2.8103743686637386e-10
Sigma: 41.068297533646415
Initial point 2. Random seed: 7529
Solving with ultrametric constraint
Optimal point found for initial point 2
Negative llh: 445.73194303028623
Dropout rate: 8.652888858565847e-10
Silencing rate: 1.3904772909533295e-10
Sigma: 41.07208825686769
Initial point 3. Random seed: 2073
Solving with ultrametric constraint
Optimal point found for initial point 3
Negative llh: 445.73194274227626
Dropout rate: 1e-10
Silencing rate: 1e-10
Sigma: 41.062575953653734
Initial point 4. Random seed: 5948
Solving with ultrametric constraint
Optimal point found for initial point 4
Negative llh: 445.73194283792793
Dropout rate: 1.0000000000000007e-10
Silencing rate: 2.6587450218650814e-10
Sigma: 41.06747845324417
Initial point 5. Random seed: 2005
Solving with ultrametric constraint
Optimal point found for initial point 5
Negative llh: 445.73194198026187
Dropout rate: 1e-10
Silencing rate: 4.3566955485010194e-10
Sigma: 41.07021916625884
Initial point 6. Random seed: 6194
Solving with ultrametric constraint
Optimal point found for initial point 6
Negative llh: 445.7319419529265
Dropout rate: 1e-10
Silencing rate: 1e-10
Sigma: 41.06871408325386
Initial point 7. Random seed: 278
Solving with ultrametric constraint
Optimal point found for initial point 7
Negative llh: 445.73194199092376
Dropout rate: 1e-10
Silencing rate: 2.2231419081099438e-10
Sigma: 41.071334373997026
Initial point 8. Random seed: 3295
Solving with ultrametric constraint
Optimal point found for initial point 8
Negative llh: 445.7319421096423
Dropout rate: 1.0000000000000007e-10
Silencing rate: 1e-10
Sigma: 41.06888749581997
Initial point 9. Random seed: 1301
Solving with ultrametric constraint
Optimal point found for initial point 9
Negative llh: 445.73194193946904
Dropout rate: 1e-10
Silencing rate: 1.7193845728470265e-10
Sigma: 41.070003923531765
Initial point 10. Random seed: 6637
Solving with ultrametric constraint
Optimal point found for initial point 10
Negative llh: 445.7319424952916
Dropout rate: 1.004124974162762e-10
Silencing rate: 1e-10
Sigma: 41.06635879917571
Runtime (s): 82.28128065308556
