Launching Problin version 0.5b
Problin was called as follow: /u/gh2161/Spatial-Division/problin/run_problin.py -c real_location_data/s8c6/k10_r3_character_matrix.csv -t real_location_data/s8c6/true_tree.nwk -S real_location_data/s8c6/leaf_locations.txt --delimiter comma -p real_location_data/s8c6/k10_priors.csv -o real_location_data/s8c6/k10_r3_spalin-divide-beta05.txt --nInitials 10 --ultrametric --randomreps 3 --divide --given_beta 0.5 --incl_beta_bound
Optimization by Spalin-Divide: Scipy-SLSQP using spatial information
Optimizing branch lengths, phi, and nu without topology search
Initial point 1. Random seed: 436
Solving with ultrametric constraint
Optimal point found for initial point 1
Negative llh: 355.52224643322825
Dropout rate: 6.677372122855585e-10
Silencing rate: 2.672210004068755e-10
Sigma: 7.290939772766274
Initial point 2. Random seed: 3961
Solving with ultrametric constraint
Optimal point found for initial point 2
Negative llh: 355.5222464352164
Dropout rate: 7.248903821963648e-10
Silencing rate: 2.8405892817347337e-10
Sigma: 7.2909062195180345
Initial point 3. Random seed: 1043
Solving with ultrametric constraint
Optimal point found for initial point 3
Negative llh: 355.52224647653975
Dropout rate: 6.357805640172565e-10
Silencing rate: 2.577832023214019e-10
Sigma: 7.290936634688626
Initial point 4. Random seed: 1662
Solving with ultrametric constraint
Optimal point found for initial point 4
Negative llh: 355.5222469083557
Dropout rate: 5.029726383035326e-10
Silencing rate: 5.622320879888689e-10
Sigma: 7.290924849424345
Initial point 5. Random seed: 5554
Solving with ultrametric constraint
Optimal point found for initial point 5
Negative llh: 355.5222463273931
Dropout rate: 1.4508453271974359e-10
Silencing rate: 1.1327873606474983e-10
Sigma: 7.290886111242543
Initial point 6. Random seed: 4693
Solving with ultrametric constraint
Optimal point found for initial point 6
Negative llh: 355.52224643449244
Dropout rate: 1.153647525705187e-10
Silencing rate: 1.045250970853552e-10
Sigma: 7.290974004186816
Initial point 7. Random seed: 2408
Solving with ultrametric constraint
Optimal point found for initial point 7
Negative llh: 355.52224649705363
Dropout rate: 1e-10
Silencing rate: 1e-10
Sigma: 7.290892890054619
Initial point 8. Random seed: 8965
Solving with ultrametric constraint
Optimal point found for initial point 8
Negative llh: 355.52224665286803
Dropout rate: 3.171226859477966e-10
Silencing rate: 2.5132638134340067e-10
Sigma: 7.290955264373514
Initial point 9. Random seed: 4458
Solving with ultrametric constraint
Fatal: failed to optimize using initial point 9
Initial point 10. Random seed: 3758
Solving with ultrametric constraint
Optimal point found for initial point 10
Negative llh: 355.52224637875236
Dropout rate: 7.139481103545431e-10
Silencing rate: 2.8083094432741957e-10
Sigma: 7.290936745544026
Runtime (s): 2998.1077711954713
