Launching Problin version 0.5b
Problin was called as follow: /u/gh2161/Spatial-Division/problin/run_problin.py -c real_location_data/s8c6/k10_r4_character_matrix.csv -t real_location_data/s8c6/true_tree.nwk -S real_location_data/s8c6/leaf_locations.txt --delimiter comma -p real_location_data/s8c6/k10_priors.csv -o real_location_data/s8c6/k10_r4_spalin-divide-beta05.txt --nInitials 10 --ultrametric --randomreps 3 --divide --given_beta 0.5 --incl_beta_bound
Optimization by Spalin-Divide: Scipy-SLSQP using spatial information
Optimizing branch lengths, phi, and nu without topology search
Initial point 1. Random seed: 445
Solving with ultrametric constraint
Optimal point found for initial point 1
Negative llh: 362.88053024840764
Dropout rate: 2.71123133405471e-10
Silencing rate: 1.5445575269832896e-10
Sigma: 6.997516335620905
Initial point 2. Random seed: 3949
Solving with ultrametric constraint
Optimal point found for initial point 2
Negative llh: 362.8805303350563
Dropout rate: 1.0000000000000007e-10
Silencing rate: 1.0000000000000007e-10
Sigma: 6.997642972307015
Initial point 3. Random seed: 7465
Solving with ultrametric constraint
Optimal point found for initial point 3
Negative llh: 362.88053127509306
Dropout rate: 1.5708200807888365e-10
Silencing rate: 1.181631869777299e-10
Sigma: 6.997532298452249
Initial point 4. Random seed: 7199
Solving with ultrametric constraint
Fatal: failed to optimize using initial point 4
Initial point 5. Random seed: 8052
Solving with ultrametric constraint
Optimal point found for initial point 5
Negative llh: 362.88053020223913
Dropout rate: 1.359342289470716e-10
Silencing rate: 1.1143368426149246e-10
Sigma: 6.997574867141297
Initial point 6. Random seed: 2666
Solving with ultrametric constraint
Optimal point found for initial point 6
Negative llh: 362.8805312397941
Dropout rate: 3.005245999122776e-09
Silencing rate: 1.0247829427585015e-09
Sigma: 6.997576705486459
Initial point 7. Random seed: 9543
Solving with ultrametric constraint
Optimal point found for initial point 7
Negative llh: 362.88053050416585
Dropout rate: 1.4214467641320396e-10
Silencing rate: 1.1341005140896645e-10
Sigma: 6.997576724630187
Initial point 8. Random seed: 9768
Solving with ultrametric constraint
Optimal point found for initial point 8
Negative llh: 362.8805311115805
Dropout rate: 2.969253796223902e-10
Silencing rate: 1.6266273947998775e-10
Sigma: 6.997597543647282
Initial point 9. Random seed: 6723
Solving with ultrametric constraint
Optimal point found for initial point 9
Negative llh: 362.88053046662753
Dropout rate: 1.8121940857890216e-10
Silencing rate: 1.7485669206670109e-10
Sigma: 6.997628175928956
Initial point 10. Random seed: 1597
Solving with ultrametric constraint
Optimal point found for initial point 10
Negative llh: 362.88053058282344
Dropout rate: 4.901926876704254e-10
Silencing rate: 5.842733657688785e-10
Sigma: 6.997618093120372
Runtime (s): 4146.856787009165
