Launching Problin version 0.5b
Problin was called as follow: /u/gh2161/Spatial-Division/problin/run_problin.py -c real_location_data/s8c6/k10_r1_character_matrix.csv -t real_location_data/s8c6/true_tree.nwk -S real_location_data/s8c6/leaf_locations.txt --delimiter comma -p real_location_data/s8c6/k10_priors.csv -o real_location_data/s8c6/k10_r1_spalin-divide-beta05.txt --nInitials 10 --ultrametric --randomreps 3 --divide --given_beta 0.5 --incl_beta_bound
Optimization by Spalin-Divide: Scipy-SLSQP using spatial information
Optimizing branch lengths, phi, and nu without topology search
Initial point 1. Random seed: 174
Solving with ultrametric constraint
Optimal point found for initial point 1
Negative llh: 379.77034832308823
Dropout rate: 8.13857552707153e-10
Silencing rate: 4.824620424863682e-10
Sigma: 6.723977348488995
Initial point 2. Random seed: 6192
Solving with ultrametric constraint
Optimal point found for initial point 2
Negative llh: 379.7703453872317
Dropout rate: 1.325329669470449e-09
Silencing rate: 6.348835533196999e-10
Sigma: 6.724344788995284
Initial point 3. Random seed: 6570
Solving with ultrametric constraint
Optimal point found for initial point 3
Negative llh: 379.77034680441943
Dropout rate: 1e-10
Silencing rate: 1e-10
Sigma: 6.724400078274817
Initial point 4. Random seed: 14
Solving with ultrametric constraint
Optimal point found for initial point 4
Negative llh: 379.7703444820305
Dropout rate: 7.621787575048589e-10
Silencing rate: 3.3627557483458444e-10
Sigma: 6.724303443071783
Initial point 5. Random seed: 8941
Solving with ultrametric constraint
Optimal point found for initial point 5
Negative llh: 379.77034516108864
Dropout rate: 5.185089441244801e-10
Silencing rate: 2.4932135721292715e-10
Sigma: 6.724358451567678
Initial point 6. Random seed: 1388
Solving with ultrametric constraint
Optimal point found for initial point 6
Negative llh: 379.77034496814923
Dropout rate: 1.840222020798361e-10
Silencing rate: 1.299789406957801e-10
Sigma: 6.724366067960221
Initial point 7. Random seed: 664
Solving with ultrametric constraint
Optimal point found for initial point 7
Negative llh: 379.77034496988836
Dropout rate: 1e-10
Silencing rate: 1.0000000000000002e-10
Sigma: 6.724351701451854
Initial point 8. Random seed: 5901
Solving with ultrametric constraint
Optimal point found for initial point 8
Negative llh: 379.7703454441655
Dropout rate: 1.2040766290128354e-10
Silencing rate: 1.0728204177213104e-10
Sigma: 6.724305330401526
Initial point 9. Random seed: 7572
Solving with ultrametric constraint
Fatal: failed to optimize using initial point 9
Initial point 10. Random seed: 6646
Solving with ultrametric constraint
Optimal point found for initial point 10
Negative llh: 379.77034457697795
Dropout rate: 1.1451515177034021e-10
Silencing rate: 1.0517828822147912e-10
Sigma: 6.724374184045828
Runtime (s): 3564.311286290991
