Launching Problin version 0.5b
Problin was called as follow: /u/gh2161/Spatial-Division/problin/run_problin.py -c real_location_data/s8c6/k10_r3_character_matrix.csv -t real_location_data/s8c6/true_tree.nwk -S real_location_data/s8c6/leaf_locations.txt --delimiter comma -p real_location_data/s8c6/k10_priors.csv -o real_location_data/s8c6/k10_r3_spalin-divide-beta3.txt --nInitials 10 --ultrametric --randomreps 3 --divide --given_beta 3 --incl_beta_bound
Optimization by Spalin-Divide: Scipy-SLSQP using spatial information
Optimizing branch lengths, phi, and nu without topology search
Initial point 1. Random seed: 3204
Solving with ultrametric constraint
Fatal: failed to optimize using initial point 1
Initial point 2. Random seed: 5383
Solving with ultrametric constraint
Optimal point found for initial point 2
Negative llh: 345.0067316865019
Dropout rate: 1e-10
Silencing rate: 1e-10
Sigma: 6.722130005339387
Initial point 3. Random seed: 256
Solving with ultrametric constraint
Fatal: failed to optimize using initial point 3
Initial point 4. Random seed: 3520
Solving with ultrametric constraint
Fatal: failed to optimize using initial point 4
Initial point 5. Random seed: 3055
Solving with ultrametric constraint
Fatal: failed to optimize using initial point 5
Initial point 6. Random seed: 8445
Solving with ultrametric constraint
Fatal: failed to optimize using initial point 6
Initial point 7. Random seed: 9636
Solving with ultrametric constraint
Optimal point found for initial point 7
Negative llh: 345.0067325762981
Dropout rate: 1.5950436348074846e-10
Silencing rate: 1.1775848048657373e-10
Sigma: 6.72209205652799
Initial point 8. Random seed: 5011
Solving with ultrametric constraint
Optimal point found for initial point 8
Negative llh: 345.00673118802
Dropout rate: 1.0445619974634643e-10
Silencing rate: 1.0132987440964505e-10
Sigma: 6.722094518928302
Initial point 9. Random seed: 9198
Solving with ultrametric constraint
Fatal: failed to optimize using initial point 9
Initial point 10. Random seed: 5103
Solving with ultrametric constraint
Fatal: failed to optimize using initial point 10
Runtime (s): 5911.2332436119905
