Launching Problin version 0.5b
Problin was called as follow: /u/gh2161/problin/run_problin.py -c simulated_data/s8c6/k10_r4_character_matrix.csv -t simulated_data/s8c6/true_tree.nwk -S simulated_data/s8c6/leaf_locations.txt --delimiter comma -p simulated_data/s8c6/k10_priors.csv -o simulated_data/s8c6/k10_r4_spalin_leaves_newfelsen.txt --nInitials 10 --ultrametric --randomreps 3
Optimization by Spalin: Scipy-SLSQP using spatial information
Optimizing branch lengths, phi, and nu without topology search
Initial point 1. Random seed: 8846
Solving with ultrametric constraint
Optimal point found for initial point 1
Negative llh: 313.2195453858549
Dropout rate: 3.4710459737308116e-10
Silencing rate: 1.7806337674759187e-10
Sigma: 15.152723480668786
Initial point 2. Random seed: 8927
Solving with ultrametric constraint
Optimal point found for initial point 2
Negative llh: 313.21954536779924
Dropout rate: 1e-10
Silencing rate: 1e-10
Sigma: 15.152701342460622
Initial point 3. Random seed: 5026
Solving with ultrametric constraint
Optimal point found for initial point 3
Negative llh: 313.21954546513865
Dropout rate: 1e-10
Silencing rate: 1e-10
Sigma: 15.152398389020247
Initial point 4. Random seed: 3668
Solving with ultrametric constraint
Optimal point found for initial point 4
Negative llh: 313.2195457944794
Dropout rate: 1.0000000000000002e-10
Silencing rate: 1.0000000000000007e-10
Sigma: 15.15227442729178
Initial point 5. Random seed: 8918
Solving with ultrametric constraint
Optimal point found for initial point 5
Negative llh: 313.2195490064377
Dropout rate: 4.8799997158013595e-09
Silencing rate: 5.5045133254667725e-09
Sigma: 15.150946555968519
Initial point 6. Random seed: 8563
Solving with ultrametric constraint
Optimal point found for initial point 6
Negative llh: 313.2195456560762
Dropout rate: 6.843574267146172e-10
Silencing rate: 1.8237791977321425e-09
Sigma: 15.152314789878183
Initial point 7. Random seed: 1639
Solving with ultrametric constraint
Optimal point found for initial point 7
Negative llh: 313.2195456708985
Dropout rate: 6.269081939399122e-10
Silencing rate: 9.423154945995658e-10
Sigma: 15.1528865519007
Initial point 8. Random seed: 2216
Solving with ultrametric constraint
Optimal point found for initial point 8
Negative llh: 313.2195456785412
Dropout rate: 1e-10
Silencing rate: 1e-10
Sigma: 15.152959776426831
Initial point 9. Random seed: 3029
Solving with ultrametric constraint
Optimal point found for initial point 9
Negative llh: 313.2195462415365
Dropout rate: 1.174796643667009e-09
Silencing rate: 6.1781265842009866e-09
Sigma: 15.152645858689771
Initial point 10. Random seed: 9923
Solving with ultrametric constraint
Optimal point found for initial point 10
Negative llh: 313.2195454984851
Dropout rate: 1e-10
Silencing rate: 1e-10
Sigma: 15.153094874897644
Runtime (s): 575.9447513893247
