Launching Problin version 0.5b
Problin was called as follow: /u/gh2161/Spatial-Division/problin/run_problin.py -c real_location_data/s8c6/k10_r1_character_matrix.csv -t real_location_data/s8c6/true_tree.nwk -S real_location_data/s8c6/leaf_locations.txt --delimiter comma -p real_location_data/s8c6/k10_priors.csv -o real_location_data/s8c6/k10_r1_spalin.txt --nInitials 10 --ultrametric --randomreps 3
Optimization by Spalin: Scipy-SLSQP using spatial information
Optimizing branch lengths, phi, and nu without topology search
Initial point 1. Random seed: 4396
Solving with ultrametric constraint
Optimal point found for initial point 1
Negative llh: 330.19052118068544
Dropout rate: 3.238241310697868e-10
Silencing rate: 1.2548779187494315e-10
Sigma: 46.42858096979257
Initial point 2. Random seed: 1197
Solving with ultrametric constraint
Optimal point found for initial point 2
Negative llh: 330.1905211508701
Dropout rate: 1.0000000000000007e-10
Silencing rate: 9.999999999999996e-11
Sigma: 46.42891238991234
Initial point 3. Random seed: 4972
Solving with ultrametric constraint
Optimal point found for initial point 3
Negative llh: 330.1905212213287
Dropout rate: 9.999999999999924e-11
Silencing rate: 1.0000000000000007e-10
Sigma: 46.4297654607593
Initial point 4. Random seed: 242
Solving with ultrametric constraint
Optimal point found for initial point 4
Negative llh: 330.1905214596345
Dropout rate: 1.1414083599613696e-10
Silencing rate: 1.0504825261404146e-10
Sigma: 46.42547860944194
Initial point 5. Random seed: 9688
Solving with ultrametric constraint
Optimal point found for initial point 5
Negative llh: 330.1905211589025
Dropout rate: 1.0432083783783337e-10
Silencing rate: 1.1903529461389777e-10
Sigma: 46.42897471862878
Initial point 6. Random seed: 845
Solving with ultrametric constraint
Optimal point found for initial point 6
Negative llh: 330.1905212454868
Dropout rate: 9.999999999999996e-11
Silencing rate: 1e-10
Sigma: 46.429296244412285
Initial point 7. Random seed: 4300
Solving with ultrametric constraint
Optimal point found for initial point 7
Negative llh: 330.1905210986658
Dropout rate: 1.0000000000000007e-10
Silencing rate: 1.0000000000000007e-10
Sigma: 46.42882468817558
Initial point 8. Random seed: 2669
Solving with ultrametric constraint
Optimal point found for initial point 8
Negative llh: 330.19052111517396
Dropout rate: 1.0000000000000002e-10
Silencing rate: 1.0000000000000002e-10
Sigma: 46.42938616513679
Initial point 9. Random seed: 3525
Solving with ultrametric constraint
Optimal point found for initial point 9
Negative llh: 330.1905211350792
Dropout rate: 1e-10
Silencing rate: 1e-10
Sigma: 46.4292139350848
Initial point 10. Random seed: 4550
Solving with ultrametric constraint
Optimal point found for initial point 10
Negative llh: 330.19052146152876
Dropout rate: 1e-10
Silencing rate: 1e-10
Sigma: 46.42807832446382
Traceback (most recent call last):
  File "/u/gh2161/Spatial-Division/problin/run_problin.py", line 223, in <module>
    main()
  File "/u/gh2161/Spatial-Division/problin/run_problin.py", line 214, in main
    for cell in mySolver.params.displacement_amounts:
AttributeError: 'Params' object has no attribute 'displacement_amounts'
