Launching Problin version 0.5b
Problin was called as follow: /u/gh2161/Spatial-Division/problin/run_problin.py -c real_location_data/s19c2/k10_r4_character_matrix.csv -t real_location_data/s19c2/true_tree.nwk -S real_location_data/s19c2/leaf_locations.txt --delimiter comma -p real_location_data/s19c2/k10_priors.csv -o real_location_data/s19c2/k10_r4_spalin-divide-ignore-beta.txt --nInitials 10 --ultrametric --randomreps 3 --divide
Optimization by Spalin-Divide: Scipy-SLSQP using spatial information
Optimizing branch lengths, phi, and nu without topology search
Initial point 1. Random seed: 1986
Solving with ultrametric constraint
Optimal point found for initial point 1
Negative llh: 213.05834306505233
Dropout rate: 1.1829365803273186e-10
Silencing rate: 1.0912380122240247e-10
Sigma: 5.555360678373561
Initial point 2. Random seed: 4714
Solving with ultrametric constraint
Optimal point found for initial point 2
Negative llh: 213.0583425431616
Dropout rate: 6.068439124942252e-10
Silencing rate: 3.6750705315681404e-10
Sigma: 5.555646551714859
Initial point 3. Random seed: 616
Solving with ultrametric constraint
Optimal point found for initial point 3
Negative llh: 213.05834326910662
Dropout rate: 1e-10
Silencing rate: 1e-10
Sigma: 5.5554944975211065
Initial point 4. Random seed: 818
Solving with ultrametric constraint
Optimal point found for initial point 4
Negative llh: 213.05834295159104
Dropout rate: 7.17309013346926e-10
Silencing rate: 4.3018087969059325e-10
Sigma: 5.555589302086838
Initial point 5. Random seed: 8143
Solving with ultrametric constraint
Optimal point found for initial point 5
Negative llh: 213.0583425350797
Dropout rate: 1.8703378200680844e-10
Silencing rate: 1.607730516246543e-10
Sigma: 5.55570029712537
Initial point 6. Random seed: 6254
Solving with ultrametric constraint
Optimal point found for initial point 6
Negative llh: 213.05834297728708
Dropout rate: 9.999999999999996e-11
Silencing rate: 1.0000000000000002e-10
Sigma: 5.555470238138923
Initial point 7. Random seed: 4790
Solving with ultrametric constraint
Optimal point found for initial point 7
Negative llh: 213.05834306134187
Dropout rate: 1e-10
Silencing rate: 1e-10
Sigma: 5.555539186173063
Initial point 8. Random seed: 4155
Solving with ultrametric constraint
Optimal point found for initial point 8
Negative llh: 213.05834259607275
Dropout rate: 4.663304639350489e-10
Silencing rate: 3.030248189916372e-10
Sigma: 5.555607908956597
Initial point 9. Random seed: 6766
Solving with ultrametric constraint
Optimal point found for initial point 9
Negative llh: 213.0583430955857
Dropout rate: 9.999999999999996e-11
Silencing rate: 1.0000000000000002e-10
Sigma: 5.555570480550171
Initial point 10. Random seed: 2477
Solving with ultrametric constraint
Optimal point found for initial point 10
Negative llh: 213.0583427160534
Dropout rate: 1e-10
Silencing rate: 1e-10
Sigma: 5.5557891511616635
Runtime (s): 427.4510763734579
