Launching Problin version 0.5b
Problin was called as follow: /u/gh2161/Spatial-Division/problin/run_problin.py -c real_location_data/s19c2/k10_r2_character_matrix.csv -t real_location_data/s19c2/true_tree.nwk -S real_location_data/s19c2/leaf_locations.txt --delimiter comma -p real_location_data/s19c2/k10_priors.csv -o real_location_data/s19c2/k10_r2_spalin-divide-ignore-beta.txt --nInitials 10 --ultrametric --randomreps 3 --divide
Optimization by Spalin-Divide: Scipy-SLSQP using spatial information
Optimizing branch lengths, phi, and nu without topology search
Initial point 1. Random seed: 1715
Solving with ultrametric constraint
Optimal point found for initial point 1
Negative llh: 221.8265896089717
Dropout rate: 1e-10
Silencing rate: 1e-10
Sigma: 5.393800061004722
Initial point 2. Random seed: 2971
Solving with ultrametric constraint
Optimal point found for initial point 2
Negative llh: 221.82659289774642
Dropout rate: 2.2918150378642903e-09
Silencing rate: 1.2070191496768418e-09
Sigma: 5.393660199364343
Initial point 3. Random seed: 5940
Solving with ultrametric constraint
Optimal point found for initial point 3
Negative llh: 221.82660198497112
Dropout rate: 8.793805621462596e-10
Silencing rate: 6.148433507790003e-10
Sigma: 5.393495839800944
Initial point 4. Random seed: 1889
Solving with ultrametric constraint
Optimal point found for initial point 4
Negative llh: 221.82659731162158
Dropout rate: 3.202179701840636e-10
Silencing rate: 2.438500250539257e-10
Sigma: 5.3940321018238215
Initial point 5. Random seed: 1853
Solving with ultrametric constraint
Optimal point found for initial point 5
Negative llh: 221.82659183658495
Dropout rate: 1.5149874361907617e-09
Silencing rate: 1.0292691393565891e-09
Sigma: 5.393708513516615
Initial point 6. Random seed: 2293
Solving with ultrametric constraint
Optimal point found for initial point 6
Negative llh: 221.82659155007852
Dropout rate: 2.2506554025069881e-10
Silencing rate: 1.7899030660441113e-10
Sigma: 5.393900674747237
Initial point 7. Random seed: 1317
Solving with ultrametric constraint
Optimal point found for initial point 7
Negative llh: 221.82659300605633
Dropout rate: 1e-10
Silencing rate: 1.0000000000000002e-10
Sigma: 5.393511896826665
Initial point 8. Random seed: 1798
Solving with ultrametric constraint
Optimal point found for initial point 8
Negative llh: 221.82659414690244
Dropout rate: 4.6521275237117644e-10
Silencing rate: 3.42868383110619e-10
Sigma: 5.393799783756793
Initial point 9. Random seed: 1989
Solving with ultrametric constraint
Optimal point found for initial point 9
Negative llh: 221.82659444873437
Dropout rate: 1.0000000000000007e-10
Silencing rate: 9.999999999999996e-11
Sigma: 5.393725521481251
Initial point 10. Random seed: 121
Solving with ultrametric constraint
Optimal point found for initial point 10
Negative llh: 221.8265974720943
Dropout rate: 9.999999999999996e-11
Silencing rate: 1.0000000000000002e-10
Sigma: 5.393715656175877
Runtime (s): 695.3188281264156
