Launching Problin version 0.5b
Problin was called as follow: /u/gh2161/Spatial-Division/problin/run_problin.py -c real_location_data/s19c2/k10_r4_character_matrix.csv -t real_location_data/s19c2/true_tree.nwk -S real_location_data/s19c2/leaf_locations.txt --delimiter comma -p real_location_data/s19c2/k10_priors.csv -o real_location_data/s19c2/k10_r4_spalin-divide-beta05.txt --nInitials 10 --ultrametric --randomreps 3 --divide --given_beta 0.5 --incl_beta_bound
Optimization by Spalin-Divide: Scipy-SLSQP using spatial information
Optimizing branch lengths, phi, and nu without topology search
Initial point 1. Random seed: 2217
Solving with ultrametric constraint
Optimal point found for initial point 1
Negative llh: 214.54192185949128
Dropout rate: 1.0000000000000002e-10
Silencing rate: 1.0000000000000002e-10
Sigma: 5.684206097358257
Initial point 2. Random seed: 932
Solving with ultrametric constraint
Optimal point found for initial point 2
Negative llh: 214.54191920026824
Dropout rate: 1.0000000000000007e-10
Silencing rate: 9.999999999999996e-11
Sigma: 5.684642410961185
Initial point 3. Random seed: 7794
Solving with ultrametric constraint
Optimal point found for initial point 3
Negative llh: 214.5419182486733
Dropout rate: 1.0000000000000002e-10
Silencing rate: 1.0000000000000002e-10
Sigma: 5.684548759051473
Initial point 4. Random seed: 1412
Solving with ultrametric constraint
Optimal point found for initial point 4
Negative llh: 214.54191824116697
Dropout rate: 1.5822458835824958e-10
Silencing rate: 1.6701624339976516e-10
Sigma: 5.684594564845179
Initial point 5. Random seed: 8415
Solving with ultrametric constraint
Optimal point found for initial point 5
Negative llh: 214.54191838429355
Dropout rate: 1e-10
Silencing rate: 1e-10
Sigma: 5.684579521659409
Initial point 6. Random seed: 7191
Solving with ultrametric constraint
Optimal point found for initial point 6
Negative llh: 214.54191921697014
Dropout rate: 1.0000000000000007e-10
Silencing rate: 1.0000000000000007e-10
Sigma: 5.684698133162874
Initial point 7. Random seed: 768
Solving with ultrametric constraint
Optimal point found for initial point 7
Negative llh: 214.54191834346034
Dropout rate: 1.5925806541395749e-10
Silencing rate: 1.29509197039538e-10
Sigma: 5.68458707668707
Initial point 8. Random seed: 3603
Solving with ultrametric constraint
Optimal point found for initial point 8
Negative llh: 214.5419182191232
Dropout rate: 1e-10
Silencing rate: 1e-10
Sigma: 5.6846099627323285
Initial point 9. Random seed: 7966
Solving with ultrametric constraint
Optimal point found for initial point 9
Negative llh: 214.54191895142253
Dropout rate: 1.3224726919316033e-09
Silencing rate: 8.479694290582741e-10
Sigma: 5.684533329324614
Initial point 10. Random seed: 6125
Solving with ultrametric constraint
Optimal point found for initial point 10
Negative llh: 214.5419182884864
Dropout rate: 1.0000000000000002e-10
Silencing rate: 1.0000000000000002e-10
Sigma: 5.68454951041798
Runtime (s): 572.3156766679895
