Launching Problin version 0.5b
Problin was called as follow: /u/gh2161/Spatial-Division/problin/run_problin.py -c real_location_data/s19c2/k10_r1_character_matrix.csv -t real_location_data/s19c2/true_tree.nwk -S real_location_data/s19c2/leaf_locations.txt --delimiter comma -p real_location_data/s19c2/k10_priors.csv -o real_location_data/s19c2/k10_r1_spalin-divide-beta05.txt --nInitials 10 --ultrametric --randomreps 3 --divide --given_beta 0.5 --incl_beta_bound
Optimization by Spalin-Divide: Scipy-SLSQP using spatial information
Optimizing branch lengths, phi, and nu without topology search
Initial point 1. Random seed: 6719
Solving with ultrametric constraint
Optimal point found for initial point 1
Negative llh: 182.08239310115684
Dropout rate: 1e-10
Silencing rate: 1e-10
Sigma: 5.857272855063001
Initial point 2. Random seed: 5100
Solving with ultrametric constraint
Optimal point found for initial point 2
Negative llh: 182.08240966136833
Dropout rate: 1.0000000000000002e-10
Silencing rate: 1e-10
Sigma: 5.8576733070250615
Initial point 3. Random seed: 7988
Solving with ultrametric constraint
Optimal point found for initial point 3
Negative llh: 182.08237161588886
Dropout rate: 1e-10
Silencing rate: 1e-10
Sigma: 5.857669499831014
Initial point 4. Random seed: 4663
Solving with ultrametric constraint
Optimal point found for initial point 4
Negative llh: 182.0823725584938
Dropout rate: 1e-10
Silencing rate: 1e-10
Sigma: 5.85761153961398
Initial point 5. Random seed: 6592
Solving with ultrametric constraint
Optimal point found for initial point 5
Negative llh: 182.0823671219158
Dropout rate: 1e-10
Silencing rate: 1e-10
Sigma: 5.857652073221969
Initial point 6. Random seed: 2695
Solving with ultrametric constraint
Optimal point found for initial point 6
Negative llh: 182.08236758126586
Dropout rate: 1.0000000000000007e-10
Silencing rate: 9.999999999999996e-11
Sigma: 5.857645755592784
Initial point 7. Random seed: 4803
Solving with ultrametric constraint
Optimal point found for initial point 7
Negative llh: 182.08237127659237
Dropout rate: 1e-10
Silencing rate: 1e-10
Sigma: 5.857666509533734
Initial point 8. Random seed: 5749
Solving with ultrametric constraint
Optimal point found for initial point 8
Negative llh: 182.0823671989936
Dropout rate: 5.509844816961196e-10
Silencing rate: 3.5302198523177114e-10
Sigma: 5.857701563711256
Initial point 9. Random seed: 3067
Solving with ultrametric constraint
Optimal point found for initial point 9
Negative llh: 182.0823727838445
Dropout rate: 1.0000000000000002e-10
Silencing rate: 1.0000000000000002e-10
Sigma: 5.85763146879333
Initial point 10. Random seed: 3616
Solving with ultrametric constraint
Optimal point found for initial point 10
Negative llh: 182.08236809236405
Dropout rate: 2.1226875528197886e-10
Silencing rate: 3.54055163520159e-10
Sigma: 5.857680104708436
Runtime (s): 952.4492459639441
