Launching Problin version 0.5b
Problin was called as follow: /u/gh2161/problin/run_problin.py -c simulated_data/s19c2/k10_r5_character_matrix.csv -t simulated_data/s19c2/true_tree.nwk --delimiter comma -p simulated_data/s19c2/k10_priors.csv -o simulated_data/s19c2/k10_r5_problin.txt --nInitials 10 --ultrametric --randomreps 3
Optimization by EM algorithm
Optimizing branch lengths, phi, and nu without topology search
Initial point 1. Random seed: 3986
Solving with ultrametric constraint
Initial phi: 0.042748924890192726. Initial nu: 0.6764580241162372. Initial nllh: 12573.228845101763
EM finished after 13 iterations.
Optimal point found for initial point 1
Negative llh: 85.87278963557773
Dropout rate: 0
Silencing rate: 1.060545980560036e-06
Initial point 2. Random seed: 3869
Solving with ultrametric constraint
Initial phi: 0.6840548779797453. Initial nu: 0.32586794655754514. Initial nllh: 276.2919346034544
EM finished after 12 iterations.
Optimal point found for initial point 2
Negative llh: 85.8727888312274
Dropout rate: 0
Silencing rate: 1.0480475393471378e-06
Initial point 3. Random seed: 5760
Solving with ultrametric constraint
Initial phi: 0.07847310291963845. Initial nu: 0.5156269712750841. Initial nllh: 125.96624962279856
EM finished after 11 iterations.
Optimal point found for initial point 3
Negative llh: 85.87278993600188
Dropout rate: 0
Silencing rate: 1.0624166760882622e-06
Initial point 4. Random seed: 2338
Solving with ultrametric constraint
Initial phi: 0.8454254264186567. Initial nu: 0.8887189058594379. Initial nllh: 413.909655811567
EM finished after 12 iterations.
Optimal point found for initial point 4
Negative llh: 85.87278968954041
Dropout rate: 0
Silencing rate: 1.0606885423630862e-06
Initial point 5. Random seed: 1652
Solving with ultrametric constraint
Initial phi: 0.3365760214018049. Initial nu: 0.03320419024360264. Initial nllh: 149.21632780142951
EM finished after 8 iterations.
Optimal point found for initial point 5
Negative llh: 85.87278971751067
Dropout rate: 0
Silencing rate: 1.0640408575487882e-06
Initial point 6. Random seed: 3272
Solving with ultrametric constraint
Initial phi: 0.7856178875569803. Initial nu: 0.9356827190055339. Initial nllh: 367.3827068273009
EM finished after 12 iterations.
Optimal point found for initial point 6
Negative llh: 85.87278977539337
Dropout rate: 0
Silencing rate: 1.0618747639196626e-06
Initial point 7. Random seed: 5445
Solving with ultrametric constraint
Initial phi: 0.6694648855238496. Initial nu: 0.580770680534933. Initial nllh: 283.2805438902086
EM finished after 12 iterations.
Optimal point found for initial point 7
Negative llh: 85.8727895700384
Dropout rate: 0
Silencing rate: 1.0603038812522003e-06
Initial point 8. Random seed: 2778
Solving with ultrametric constraint
Initial phi: 0.1043020336442151. Initial nu: 0.012731992092797574. Initial nllh: 103.08284101529284
EM finished after 6 iterations.
Optimal point found for initial point 8
Negative llh: 85.87278962978365
Dropout rate: 0
Silencing rate: 1.0605139158329824e-06
Initial point 9. Random seed: 941
Solving with ultrametric constraint
Initial phi: 0.3995095592876279. Initial nu: 0.5657645206566205. Initial nllh: 192.9154760572042
EM finished after 11 iterations.
Optimal point found for initial point 9
Negative llh: 85.8727901937081
Dropout rate: 0
Silencing rate: 1.0660623842638778e-06
Initial point 10. Random seed: 6666
Solving with ultrametric constraint
Initial phi: 0.007901127575556612. Initial nu: 0.9666808266632941. Initial nllh: 139.24630590095484
EM finished after 13 iterations.
Optimal point found for initial point 10
Negative llh: 85.87278960623907
Dropout rate: 0
Silencing rate: 1.0608047071334614e-06
Traceback (most recent call last):
  File "/u/gh2161/problin/run_problin.py", line 193, in <module>
    main()
  File "/u/gh2161/problin/run_problin.py", line 172, in main
    fout.write("Sigma: " + str(opt_params['sigma']) + "\n")
KeyError: 'sigma'
