Launching Problin version 0.5b
Problin was called as follow: /u/gh2161/Spatial-Division/problin/run_problin.py -c real_location_data/s19c2/k10_r2_character_matrix.csv -t real_location_data/s19c2/true_tree.nwk -S real_location_data/s19c2/leaf_locations.txt --delimiter comma -p real_location_data/s19c2/k10_priors.csv -o real_location_data/s19c2/k10_r2_spalin.txt --nInitials 10 --ultrametric --randomreps 3
Optimization by Spalin: Scipy-SLSQP using spatial information
Optimizing branch lengths, phi, and nu without topology search
Initial point 1. Random seed: 7576
Solving with ultrametric constraint
Optimal point found for initial point 1
Negative llh: 198.32193490897598
Dropout rate: 1e-10
Silencing rate: 1e-10
Sigma: 31.427434196255817
Initial point 2. Random seed: 6158
Solving with ultrametric constraint
Optimal point found for initial point 2
Negative llh: 198.32193505920037
Dropout rate: 1e-10
Silencing rate: 1e-10
Sigma: 31.428246928195165
Initial point 3. Random seed: 3315
Solving with ultrametric constraint
Optimal point found for initial point 3
Negative llh: 198.32193556021258
Dropout rate: 2.0728972954066732e-09
Silencing rate: 2.8524138604344062e-09
Sigma: 31.427978042715363
Initial point 4. Random seed: 6591
Solving with ultrametric constraint
Optimal point found for initial point 4
Negative llh: 198.32193545928982
Dropout rate: 1e-10
Silencing rate: 1e-10
Sigma: 31.426337879578114
Initial point 5. Random seed: 873
Solving with ultrametric constraint
Optimal point found for initial point 5
Negative llh: 198.32193508172577
Dropout rate: 6.676661176779417e-10
Silencing rate: 1.1593464213338324e-09
Sigma: 31.427284098289224
Initial point 6. Random seed: 8545
Solving with ultrametric constraint
Optimal point found for initial point 6
Negative llh: 198.32193511425544
Dropout rate: 1.0000000000000007e-10
Silencing rate: 1.0000000000000007e-10
Sigma: 31.42718691473064
Initial point 7. Random seed: 9933
Solving with ultrametric constraint
Optimal point found for initial point 7
Negative llh: 198.32193501714747
Dropout rate: 1e-10
Silencing rate: 1e-10
Sigma: 31.42767354484084
Initial point 8. Random seed: 8465
Solving with ultrametric constraint
Optimal point found for initial point 8
Negative llh: 198.32193525920445
Dropout rate: 1e-10
Silencing rate: 1e-10
Sigma: 31.427626010265236
Initial point 9. Random seed: 2602
Solving with ultrametric constraint
Optimal point found for initial point 9
Negative llh: 198.32193566763453
Dropout rate: 1e-10
Silencing rate: 1e-10
Sigma: 31.425048960044915
Initial point 10. Random seed: 5042
Solving with ultrametric constraint
Optimal point found for initial point 10
Negative llh: 198.32193492723331
Dropout rate: 1.2279168410442689e-10
Silencing rate: 1.8190409960391204e-10
Sigma: 31.426478581100884
Traceback (most recent call last):
  File "/u/gh2161/Spatial-Division/problin/run_problin.py", line 223, in <module>
    main()
  File "/u/gh2161/Spatial-Division/problin/run_problin.py", line 214, in main
    for cell in mySolver.params.displacement_amounts:
AttributeError: 'Params' object has no attribute 'displacement_amounts'
