Launching Problin version 0.5b
Problin was called as follow: /u/gh2161/problin/run_problin.py -c simulated_data/s19c2/k10_r1_character_matrix.csv -t simulated_data/s19c2/true_tree.nwk -S simulated_data/s19c2/leaf_locations.txt --delimiter comma -p simulated_data/s19c2/k10_priors.csv -o simulated_data/s19c2/k10_r1_spalin_leaves_newfelsen.txt --nInitials 10 --ultrametric --randomreps 3
Optimization by Spalin: Scipy-SLSQP using spatial information
Optimizing branch lengths, phi, and nu without topology search
Initial point 1. Random seed: 4681
Solving with ultrametric constraint
Optimal point found for initial point 1
Negative llh: 157.36291744223098
Dropout rate: 1.0000000000000002e-10
Silencing rate: 1e-10
Sigma: 7.499328698801684
Initial point 2. Random seed: 9940
Solving with ultrametric constraint
Optimal point found for initial point 2
Negative llh: 157.36293789601942
Dropout rate: 8.506339789860572e-10
Silencing rate: 5.014071052465795e-10
Sigma: 7.493877062776004
Initial point 3. Random seed: 9891
Solving with ultrametric constraint
Optimal point found for initial point 3
Negative llh: 157.36291786403083
Dropout rate: 1.1389712982487891e-10
Silencing rate: 1.3829835190673002e-10
Sigma: 7.499469928997746
Initial point 4. Random seed: 3145
Solving with ultrametric constraint
Optimal point found for initial point 4
Negative llh: 157.36291773790288
Dropout rate: 1e-10
Silencing rate: 1e-10
Sigma: 7.499340155506501
Initial point 5. Random seed: 1251
Solving with ultrametric constraint
Optimal point found for initial point 5
Negative llh: 157.36291844391516
Dropout rate: 1e-10
Silencing rate: 1e-10
Sigma: 7.50053524853514
Initial point 6. Random seed: 8186
Solving with ultrametric constraint
Optimal point found for initial point 6
Negative llh: 157.36291810580417
Dropout rate: 4.781106338819766e-10
Silencing rate: 5.988967985321099e-10
Sigma: 7.499249083665994
Initial point 7. Random seed: 684
Solving with ultrametric constraint
Optimal point found for initial point 7
Negative llh: 157.36291934473564
Dropout rate: 1e-10
Silencing rate: 1e-10
Sigma: 7.499773126128386
Initial point 8. Random seed: 7693
Solving with ultrametric constraint
Optimal point found for initial point 8
Negative llh: 157.3629176624514
Dropout rate: 1e-10
Silencing rate: 1e-10
Sigma: 7.498812466420075
Initial point 9. Random seed: 4665
Solving with ultrametric constraint
Optimal point found for initial point 9
Negative llh: 157.36291752629427
Dropout rate: 8.655817929298344e-10
Silencing rate: 3.6739436521143524e-10
Sigma: 7.4982734805064295
Initial point 10. Random seed: 6631
Solving with ultrametric constraint
Optimal point found for initial point 10
Negative llh: 157.36291752314366
Dropout rate: 1.0000000000000007e-10
Silencing rate: 1.0000000000000007e-10
Sigma: 7.4991476550647524
Runtime (s): 126.87212109565735
