Launching Problin version 0.5b
Problin was called as follow: /u/gh2161/Spatial-Division/problin/run_problin.py -c real_location_data/s19c2/k10_r4_character_matrix.csv -t real_location_data/s19c2/true_tree.nwk -S real_location_data/s19c2/leaf_locations.txt --delimiter comma -p real_location_data/s19c2/k10_priors.csv -o real_location_data/s19c2/k10_r4_spalin-divide-beta1.txt --nInitials 10 --ultrametric --randomreps 3 --divide --given_beta 1 --incl_beta_bound
Optimization by Spalin-Divide: Scipy-SLSQP using spatial information
Optimizing branch lengths, phi, and nu without topology search
Initial point 1. Random seed: 6942
Solving with ultrametric constraint
Optimal point found for initial point 1
Negative llh: 213.48562347494834
Dropout rate: 5.389460428433978e-10
Silencing rate: 3.173484654312341e-10
Sigma: 5.593093819019775
Initial point 2. Random seed: 9539
Solving with ultrametric constraint
Optimal point found for initial point 2
Negative llh: 213.48562248119072
Dropout rate: 1e-10
Silencing rate: 1e-10
Sigma: 5.5931982038432375
Initial point 3. Random seed: 6295
Solving with ultrametric constraint
Optimal point found for initial point 3
Negative llh: 213.4856225466335
Dropout rate: 1e-10
Silencing rate: 1e-10
Sigma: 5.59317027181112
Initial point 4. Random seed: 5980
Solving with ultrametric constraint
Optimal point found for initial point 4
Negative llh: 213.4856225904362
Dropout rate: 3.9732831266419736e-10
Silencing rate: 2.9392400619130563e-10
Sigma: 5.593112845513946
Initial point 5. Random seed: 5974
Solving with ultrametric constraint
Optimal point found for initial point 5
Negative llh: 213.4856228103945
Dropout rate: 1e-10
Silencing rate: 1e-10
Sigma: 5.593149691704039
Initial point 6. Random seed: 6045
Solving with ultrametric constraint
Optimal point found for initial point 6
Negative llh: 213.4856225587685
Dropout rate: 1.0000000000000007e-10
Silencing rate: 1.0000000000000007e-10
Sigma: 5.593174354712564
Initial point 7. Random seed: 3766
Solving with ultrametric constraint
Optimal point found for initial point 7
Negative llh: 213.48562304500007
Dropout rate: 3.566712374988328e-10
Silencing rate: 2.917311295522653e-10
Sigma: 5.593045464864997
Initial point 8. Random seed: 4724
Solving with ultrametric constraint
Optimal point found for initial point 8
Negative llh: 213.4856226781502
Dropout rate: 1.0000000000000007e-10
Silencing rate: 9.999999999999996e-11
Sigma: 5.593247888358652
Initial point 9. Random seed: 7565
Solving with ultrametric constraint
Optimal point found for initial point 9
Negative llh: 213.48562392621503
Dropout rate: 9.999999999999996e-11
Silencing rate: 1.0000000000000002e-10
Sigma: 5.592992705043586
Initial point 10. Random seed: 2593
Solving with ultrametric constraint
Optimal point found for initial point 10
Negative llh: 213.48562903012092
Dropout rate: 9.999999999999996e-11
Silencing rate: 1.0000000000000002e-10
Sigma: 5.593566789606274
Runtime (s): 379.2676699804142
