Launching Problin version 0.5b
Problin was called as follow: /u/gh2161/Spatial-Division/problin/run_problin.py -c real_location_data/s9c4/k10_r4_character_matrix.csv -t real_location_data/s9c4/true_tree.nwk -S real_location_data/s9c4/leaf_locations.txt --delimiter comma -p real_location_data/s9c4/k10_priors.csv -o real_location_data/s9c4/k10_r4_spalin-divide-beta3.txt --nInitials 10 --ultrametric --randomreps 3 --divide --given_beta 3 --incl_beta_bound
Optimization by Spalin-Divide: Scipy-SLSQP using spatial information
Optimizing branch lengths, phi, and nu without topology search
Initial point 1. Random seed: 5403
Solving with ultrametric constraint
Optimal point found for initial point 1
Negative llh: 306.7766462193756
Dropout rate: 1.9673266691248713e-10
Silencing rate: 1.498509731249292e-10
Sigma: 6.264957633945143
Initial point 2. Random seed: 7701
Solving with ultrametric constraint
Fatal: failed to optimize using initial point 2
Initial point 3. Random seed: 2520
Solving with ultrametric constraint
Optimal point found for initial point 3
Negative llh: 306.7766452007195
Dropout rate: 1.3816325116919983e-10
Silencing rate: 1.1966788892118758e-10
Sigma: 6.264978597112845
Initial point 4. Random seed: 9172
Solving with ultrametric constraint
Optimal point found for initial point 4
Negative llh: 306.7766451121498
Dropout rate: 1e-10
Silencing rate: 1e-10
Sigma: 6.264971987810511
Initial point 5. Random seed: 2538
Solving with ultrametric constraint
Optimal point found for initial point 5
Negative llh: 306.7766452652181
Dropout rate: 1e-10
Silencing rate: 1e-10
Sigma: 6.264958162554437
Initial point 6. Random seed: 2172
Solving with ultrametric constraint
Optimal point found for initial point 6
Negative llh: 306.77664621576577
Dropout rate: 1e-10
Silencing rate: 1e-10
Sigma: 6.264966615899632
Initial point 7. Random seed: 6798
Solving with ultrametric constraint
Optimal point found for initial point 7
Negative llh: 306.776645517013
Dropout rate: 1e-10
Silencing rate: 1e-10
Sigma: 6.264965106633403
Initial point 8. Random seed: 5821
Solving with ultrametric constraint
Optimal point found for initial point 8
Negative llh: 306.7766457866285
Dropout rate: 1.1238598242089066e-10
Silencing rate: 1.0638370287150011e-10
Sigma: 6.264950413312193
Initial point 9. Random seed: 4742
Solving with ultrametric constraint
Optimal point found for initial point 9
Negative llh: 306.7766452613041
Dropout rate: 1.1314805977319527e-10
Silencing rate: 1.0677577709194997e-10
Sigma: 6.264948346305848
Initial point 10. Random seed: 5504
Solving with ultrametric constraint
Optimal point found for initial point 10
Negative llh: 306.7766465120828
Dropout rate: 1.380683389226242e-10
Silencing rate: 1.1961823316065272e-10
Sigma: 6.264968268814067
Runtime (s): 1954.5368658220395
