Launching Problin version 0.5b
Problin was called as follow: /u/gh2161/problin/run_problin.py -c simulated_data/s9c4/k10_r4_character_matrix.csv -t simulated_data/s9c4/true_tree.nwk --delimiter comma -p simulated_data/s9c4/k10_priors.csv -o simulated_data/s9c4/k10_r4_problin.txt --nInitials 10 --ultrametric --randomreps 3
Optimization by EM algorithm
Optimizing branch lengths, phi, and nu without topology search
Initial point 1. Random seed: 4389
Solving with ultrametric constraint
Initial phi: 0.927822297640434. Initial nu: 0.42445689827810856. Initial nllh: 12772.10149877407
EM finished after 41 iterations.
Optimal point found for initial point 1
Negative llh: 114.02538881259059
Dropout rate: 0
Silencing rate: 7.415961697331237e-07
Initial point 2. Random seed: 8581
Solving with ultrametric constraint
Initial phi: 0.11427032623291576. Initial nu: 0.251342858843394. Initial nllh: 170.04879060275493
EM finished after 13 iterations.
Optimal point found for initial point 2
Negative llh: 114.02540095758141
Dropout rate: 0
Silencing rate: 7.415064149945338e-07
Initial point 3. Random seed: 3352
Solving with ultrametric constraint
Initial phi: 0.5593006760285476. Initial nu: 0.025249349262748046. Initial nllh: 297.2376249955913
EM finished after 8 iterations.
Optimal point found for initial point 3
Negative llh: 114.0253903679043
Dropout rate: 0
Silencing rate: 7.204714635900555e-07
Initial point 4. Random seed: 7994
Solving with ultrametric constraint
Initial phi: 0.25691701446498305. Initial nu: 0.23287882976614344. Initial nllh: 206.52505231132415
EM finished after 13 iterations.
Optimal point found for initial point 4
Negative llh: 114.02540020135704
Dropout rate: 0
Silencing rate: 7.412237917282538e-07
Initial point 5. Random seed: 6958
Solving with ultrametric constraint
Initial phi: 0.7305369981318207. Initial nu: 0.6369793563122366. Initial nllh: 476.8363944344657
EM finished after 21 iterations.
Optimal point found for initial point 5
Negative llh: 114.02539007908274
Dropout rate: 0
Silencing rate: 7.406578662062235e-07
Initial point 6. Random seed: 6563
Solving with ultrametric constraint
Initial phi: 0.5419207287434563. Initial nu: 0.6951522647339013. Initial nllh: 366.89470760896626
EM finished after 21 iterations.
Optimal point found for initial point 6
Negative llh: 114.02539029141323
Dropout rate: 0
Silencing rate: 7.417304808628089e-07
Initial point 7. Random seed: 6557
Solving with ultrametric constraint
Initial phi: 0.8688884211360222. Initial nu: 0.4683532044185102. Initial nllh: 615.6502216122338
EM finished after 26 iterations.
Optimal point found for initial point 7
Negative llh: 114.02538377129584
Dropout rate: 0
Silencing rate: 6.976911577459572e-07
Initial point 8. Random seed: 9029
Solving with ultrametric constraint
Initial phi: 0.4443558415643329. Initial nu: 0.16138790818905507. Initial nllh: 262.134604140733
EM finished after 12 iterations.
Optimal point found for initial point 8
Negative llh: 114.02539835172786
Dropout rate: 0
Silencing rate: 7.413202510432004e-07
Initial point 9. Random seed: 5925
Solving with ultrametric constraint
Initial phi: 0.42821024930740964. Initial nu: 0.7818314374026843. Initial nllh: 328.2221930666667
EM finished after 25 iterations.
Optimal point found for initial point 9
Negative llh: 114.02538908659636
Dropout rate: 0
Silencing rate: 7.41602635874767e-07
Initial point 10. Random seed: 6497
Solving with ultrametric constraint
Initial phi: 0.1449655273090755. Initial nu: 0.39118532190258876. Initial nllh: 194.1251745344691
EM finished after 17 iterations.
Optimal point found for initial point 10
Negative llh: 114.02539264615766
Dropout rate: 0
Silencing rate: 7.414205528889405e-07
Traceback (most recent call last):
  File "/u/gh2161/problin/run_problin.py", line 193, in <module>
    main()
  File "/u/gh2161/problin/run_problin.py", line 172, in main
    fout.write("Sigma: " + str(opt_params['sigma']) + "\n")
KeyError: 'sigma'
