Launching Problin version 0.5b
Problin was called as follow: /u/gh2161/Spatial-Division/problin/run_problin.py -c real_location_data/s9c4/k10_r3_character_matrix.csv -t real_location_data/s9c4/true_tree.nwk -S real_location_data/s9c4/leaf_locations.txt --delimiter comma -p real_location_data/s9c4/k10_priors.csv -o real_location_data/s9c4/k10_r3_spalin-divide-beta05.txt --nInitials 10 --ultrametric --randomreps 3 --divide --given_beta 0.5 --incl_beta_bound
Optimization by Spalin-Divide: Scipy-SLSQP using spatial information
Optimizing branch lengths, phi, and nu without topology search
Initial point 1. Random seed: 5020
Solving with ultrametric constraint
Optimal point found for initial point 1
Negative llh: 312.34884071290384
Dropout rate: 3.57399741172505e-10
Silencing rate: 1.813584276745387e-10
Sigma: 6.906480265092033
Initial point 2. Random seed: 9694
Solving with ultrametric constraint
Optimal point found for initial point 2
Negative llh: 312.3488405679604
Dropout rate: 1e-10
Silencing rate: 1e-10
Sigma: 6.906485981271435
Initial point 3. Random seed: 479
Solving with ultrametric constraint
Optimal point found for initial point 3
Negative llh: 312.34884089826465
Dropout rate: 4.07019430437647e-10
Silencing rate: 2.0894751057915357e-10
Sigma: 6.906501763295662
Initial point 4. Random seed: 9065
Solving with ultrametric constraint
Optimal point found for initial point 4
Negative llh: 312.34884095479424
Dropout rate: 1.0000000000000007e-10
Silencing rate: 9.999999999999996e-11
Sigma: 6.906333250922322
Initial point 5. Random seed: 3009
Solving with ultrametric constraint
Optimal point found for initial point 5
Negative llh: 312.348840802269
Dropout rate: 1e-10
Silencing rate: 1e-10
Sigma: 6.906490837459156
Initial point 6. Random seed: 9240
Solving with ultrametric constraint
Optimal point found for initial point 6
Negative llh: 312.3488416078584
Dropout rate: 2.825555471043423e-09
Silencing rate: 1.0786595201127123e-09
Sigma: 6.906497318844669
Initial point 7. Random seed: 5295
Solving with ultrametric constraint
Optimal point found for initial point 7
Negative llh: 312.3488406600437
Dropout rate: 1e-10
Silencing rate: 1e-10
Sigma: 6.9064579857467665
Initial point 8. Random seed: 502
Solving with ultrametric constraint
Optimal point found for initial point 8
Negative llh: 312.34884059342977
Dropout rate: 1e-10
Silencing rate: 1e-10
Sigma: 6.90648586142529
Initial point 9. Random seed: 5274
Solving with ultrametric constraint
Optimal point found for initial point 9
Negative llh: 312.34884086876104
Dropout rate: 1.8113552605492246e-09
Silencing rate: 7.969543814460544e-10
Sigma: 6.906497668413848
Initial point 10. Random seed: 6826
Solving with ultrametric constraint
Optimal point found for initial point 10
Negative llh: 312.348841063127
Dropout rate: 2.263355655964137e-10
Silencing rate: 1.6036749145604622e-10
Sigma: 6.906513779102482
Runtime (s): 927.139336223714
