Launching Problin version 0.5b
Problin was called as follow: /u/gh2161/problin/run_problin.py -c simulated_data/s9c4/k10_r5_character_matrix.csv -t simulated_data/s9c4/true_tree.nwk --delimiter comma -p simulated_data/s9c4/k10_priors.csv -o simulated_data/s9c4/k10_r5_problin.txt --nInitials 10 --ultrametric --randomreps 3
Optimization by EM algorithm
Optimizing branch lengths, phi, and nu without topology search
Initial point 1. Random seed: 2389
Solving with ultrametric constraint
Initial phi: 0.06592973649039383. Initial nu: 0.9328075103788415. Initial nllh: 20192.722872024453
EM finished after 15 iterations.
Optimal point found for initial point 1
Negative llh: 99.45978255906356
Dropout rate: 0
Silencing rate: 1.041032625418255e-06
Initial point 2. Random seed: 6550
Solving with ultrametric constraint
Initial phi: 0.336371753781687. Initial nu: 0.23355225095615642. Initial nllh: 209.1105627748226
EM finished after 13 iterations.
Optimal point found for initial point 2
Negative llh: 99.45977744796062
Dropout rate: 0
Silencing rate: 1.0007709581565576e-06
Initial point 3. Random seed: 1569
Solving with ultrametric constraint
Initial phi: 0.4647800396652469. Initial nu: 0.9503841874298488. Initial nllh: 316.0971003916495
EM finished after 15 iterations.
Optimal point found for initial point 3
Negative llh: 99.45977735842953
Dropout rate: 0
Silencing rate: 9.98756526102987e-07
Initial point 4. Random seed: 4571
Solving with ultrametric constraint
Initial phi: 0.2864999191992112. Initial nu: 0.9255951231051094. Initial nllh: 250.7822442696358
EM finished after 13 iterations.
Optimal point found for initial point 4
Negative llh: 99.45978367197266
Dropout rate: 0
Silencing rate: 1.039100983529439e-06
Initial point 5. Random seed: 2425
Solving with ultrametric constraint
Initial phi: 0.643574077615977. Initial nu: 0.7583441678909858. Initial nllh: 389.5486778344425
EM finished after 14 iterations.
Optimal point found for initial point 5
Negative llh: 99.45977846079289
Dropout rate: 0
Silencing rate: 1.004415010398485e-06
Initial point 6. Random seed: 7446
Solving with ultrametric constraint
Initial phi: 0.15596277441617368. Initial nu: 0.42533868258655644. Initial nllh: 172.17204517707256
EM finished after 15 iterations.
Optimal point found for initial point 6
Negative llh: 99.45977691519909
Dropout rate: 0
Silencing rate: 9.99924059246922e-07
Initial point 7. Random seed: 4154
Solving with ultrametric constraint
Initial phi: 0.8924987029857463. Initial nu: 0.23182314287539763. Initial nllh: 609.4148757637188
EM finished after 13 iterations.
Optimal point found for initial point 7
Negative llh: 99.45977705157362
Dropout rate: 0
Silencing rate: 9.968868034046747e-07
Initial point 8. Random seed: 8744
Solving with ultrametric constraint
Initial phi: 0.4882791152652861. Initial nu: 0.664761043973096. Initial nllh: 302.1964054834339
EM finished after 17 iterations.
Optimal point found for initial point 8
Negative llh: 99.45977704752444
Dropout rate: 0
Silencing rate: 1.003901153091286e-06
Initial point 9. Random seed: 9741
Solving with ultrametric constraint
Initial phi: 0.20624274467727965. Initial nu: 0.8957192281916817. Initial nllh: 224.84548487214795
EM finished after 16 iterations.
Optimal point found for initial point 9
Negative llh: 99.45977671805515
Dropout rate: 0
Silencing rate: 9.971144395941893e-07
Initial point 10. Random seed: 2558
Solving with ultrametric constraint
Initial phi: 0.6394574358982521. Initial nu: 0.3639458365520461. Initial nllh: 354.1907449932189
EM finished after 13 iterations.
Optimal point found for initial point 10
Negative llh: 99.45977809731048
Dropout rate: 0
Silencing rate: 1.0037372850858532e-06
Traceback (most recent call last):
  File "/u/gh2161/problin/run_problin.py", line 193, in <module>
    main()
  File "/u/gh2161/problin/run_problin.py", line 172, in main
    fout.write("Sigma: " + str(opt_params['sigma']) + "\n")
KeyError: 'sigma'
