Launching Problin version 0.5b
Problin was called as follow: /u/gh2161/problin/run_problin.py -c simulated_data/s9c4/k10_r1_character_matrix.csv -t simulated_data/s9c4/true_tree.nwk -S simulated_data/s9c4/true_locations.txt --delimiter comma -p simulated_data/s9c4/k10_priors.csv -o simulated_data/s9c4/k10_r1_spalin_all.txt --nInitials 10 --ultrametric --randomreps 3
Optimization by Spalin: Scipy-SLSQP using spatial information
Optimizing branch lengths, phi, and nu without topology search
Initial point 1. Random seed: 3067
Solving with ultrametric constraint
Optimal point found for initial point 1
Negative llh: 375.62441966304743
Dropout rate: 1e-10
Silencing rate: 1e-10
Sigma: 38.342637002350365
Initial point 2. Random seed: 5865
Solving with ultrametric constraint
Optimal point found for initial point 2
Negative llh: 375.6244194965325
Dropout rate: 1.0008111555871437e-10
Silencing rate: 1.0003713296337083e-10
Sigma: 38.34214154627834
Initial point 3. Random seed: 5623
Solving with ultrametric constraint
Optimal point found for initial point 3
Negative llh: 375.6244195423942
Dropout rate: 1e-10
Silencing rate: 1e-10
Sigma: 38.34038077184732
Initial point 4. Random seed: 1223
Solving with ultrametric constraint
Optimal point found for initial point 4
Negative llh: 375.6244197132985
Dropout rate: 1.0225668369056289e-10
Silencing rate: 1.0103408710587793e-10
Sigma: 38.34220657032335
Initial point 5. Random seed: 6175
Solving with ultrametric constraint
Optimal point found for initial point 5
Negative llh: 375.62442214144215
Dropout rate: 1.2615529656768362e-10
Silencing rate: 1.119856155066756e-10
Sigma: 38.33588847803724
Initial point 6. Random seed: 7351
Solving with ultrametric constraint
Optimal point found for initial point 6
Negative llh: 375.624420704663
Dropout rate: 9.442932920569891e-10
Silencing rate: 1.9134307648211008e-09
Sigma: 38.33963764131243
Initial point 7. Random seed: 4329
Solving with ultrametric constraint
Optimal point found for initial point 7
Negative llh: 375.62441970998515
Dropout rate: 1e-10
Silencing rate: 1e-10
Sigma: 38.33871752395512
Initial point 8. Random seed: 2059
Solving with ultrametric constraint
Optimal point found for initial point 8
Negative llh: 375.6244212190631
Dropout rate: 1.0327344196193735e-10
Silencing rate: 2.005485489706923e-08
Sigma: 38.341082173829875
Initial point 9. Random seed: 6331
Solving with ultrametric constraint
Optimal point found for initial point 9
Negative llh: 375.6244196889098
Dropout rate: 1e-10
Silencing rate: 4.801193513285108e-10
Sigma: 38.34091495843079
Initial point 10. Random seed: 4149
Solving with ultrametric constraint
Optimal point found for initial point 10
Negative llh: 375.6244195338763
Dropout rate: 1.0000000000000007e-10
Silencing rate: 5.431612431516928e-10
Sigma: 38.34065187425574
Runtime (s): 59.58551116287708
