Launching Problin version 0.5b
Problin was called as follow: /u/gh2161/problin/run_problin.py -c simulated_data/s9c4/k10_r2_character_matrix.csv -t simulated_data/s9c4/true_tree.nwk --delimiter comma -p simulated_data/s9c4/k10_priors.csv -o simulated_data/s9c4/k10_r2_problin.txt --nInitials 10 --ultrametric --randomreps 3
Optimization by EM algorithm
Optimizing branch lengths, phi, and nu without topology search
Initial point 1. Random seed: 4046
Solving with ultrametric constraint
Initial phi: 0.1802058903229238. Initial nu: 0.12157419515420705. Initial nllh: 7245.183083398997
EM finished after 28 iterations.
Optimal point found for initial point 1
Negative llh: 94.05776730685318
Dropout rate: 0
Silencing rate: 8.809694890860184e-07
Initial point 2. Random seed: 2576
Solving with ultrametric constraint
Initial phi: 0.5655023711882795. Initial nu: 0.2197625951067011. Initial nllh: 297.7745830191388
EM finished after 14 iterations.
Optimal point found for initial point 2
Negative llh: 94.05776890373258
Dropout rate: 0
Silencing rate: 8.87196276955647e-07
Initial point 3. Random seed: 2495
Solving with ultrametric constraint
Initial phi: 0.16653475790300318. Initial nu: 0.3121445012754394. Initial nllh: 163.0128292913925
EM finished after 13 iterations.
Optimal point found for initial point 3
Negative llh: 94.05777545918608
Dropout rate: 0
Silencing rate: 9.251995490377709e-07
Initial point 4. Random seed: 2917
Solving with ultrametric constraint
Initial phi: 0.5826789758223982. Initial nu: 0.45460260080025916. Initial nllh: 328.3737383976761
EM finished after 17 iterations.
Optimal point found for initial point 4
Negative llh: 94.05776814160058
Dropout rate: 0
Silencing rate: 8.847550770250484e-07
Initial point 5. Random seed: 6069
Solving with ultrametric constraint
Initial phi: 0.19248293714024162. Initial nu: 0.6450665580070869. Initial nllh: 200.77313958702518
EM finished after 19 iterations.
Optimal point found for initial point 5
Negative llh: 94.05776741709481
Dropout rate: 0
Silencing rate: 8.814031468688025e-07
Initial point 6. Random seed: 8273
Solving with ultrametric constraint
Initial phi: 0.538982669520292. Initial nu: 0.5102943036006178. Initial nllh: 311.62064873263984
EM finished after 18 iterations.
Optimal point found for initial point 6
Negative llh: 94.05776742231745
Dropout rate: 0
Silencing rate: 8.802025461816783e-07
Initial point 7. Random seed: 5823
Solving with ultrametric constraint
Initial phi: 0.25328120253124403. Initial nu: 0.16535972565084464. Initial nllh: 173.61145060918028
EM finished after 14 iterations.
Optimal point found for initial point 7
Negative llh: 94.05777178740078
Dropout rate: 0
Silencing rate: 9.246261409338828e-07
Initial point 8. Random seed: 2110
Solving with ultrametric constraint
Initial phi: 0.22001839050896868. Initial nu: 0.24384871497595043. Initial nllh: 171.2850974214924
EM finished after 15 iterations.
Optimal point found for initial point 8
Negative llh: 94.05777189643229
Dropout rate: 0
Silencing rate: 9.246046962669318e-07
Initial point 9. Random seed: 8591
Solving with ultrametric constraint
Initial phi: 0.7067657070689202. Initial nu: 0.4438132063410659. Initial nllh: 405.0113498723734
EM finished after 18 iterations.
Optimal point found for initial point 9
Negative llh: 94.05777130625549
Dropout rate: 0
Silencing rate: 9.234941960692679e-07
Initial point 10. Random seed: 1101
Solving with ultrametric constraint
Initial phi: 0.36211669002068997. Initial nu: 0.7328106945249421. Initial nllh: 260.7695459003015
EM finished after 22 iterations.
Optimal point found for initial point 10
Negative llh: 94.05776693564584
Dropout rate: 0
Silencing rate: 8.806613191604783e-07
Traceback (most recent call last):
  File "/u/gh2161/problin/run_problin.py", line 193, in <module>
    main()
  File "/u/gh2161/problin/run_problin.py", line 172, in main
    fout.write("Sigma: " + str(opt_params['sigma']) + "\n")
KeyError: 'sigma'
