Launching Problin version 0.5b
Problin was called as follow: /u/gh2161/Spatial-Division/problin/run_problin.py -c real_location_data/s9c4/k10_r3_character_matrix.csv -t real_location_data/s9c4/true_tree.nwk -S real_location_data/s9c4/leaf_locations.txt --delimiter comma -p real_location_data/s9c4/k10_priors.csv -o real_location_data/s9c4/k10_r3_spalin-divide-beta3.txt --nInitials 10 --ultrametric --randomreps 3 --divide --given_beta 3 --incl_beta_bound
Optimization by Spalin-Divide: Scipy-SLSQP using spatial information
Optimizing branch lengths, phi, and nu without topology search
Initial point 1. Random seed: 2055
Solving with ultrametric constraint
Fatal: failed to optimize using initial point 1
Initial point 2. Random seed: 6817
Solving with ultrametric constraint
Optimal point found for initial point 2
Negative llh: 304.53778967643666
Dropout rate: 1.7589109265741714e-09
Silencing rate: 9.422770166866161e-10
Sigma: 6.512929434916228
Initial point 3. Random seed: 4182
Solving with ultrametric constraint
Optimal point found for initial point 3
Negative llh: 304.53778980682773
Dropout rate: 1.0660736182045952e-09
Silencing rate: 5.383511473240814e-10
Sigma: 6.512928774859528
Initial point 4. Random seed: 2872
Solving with ultrametric constraint
Fatal: failed to optimize using initial point 4
Initial point 5. Random seed: 9315
Solving with ultrametric constraint
Optimal point found for initial point 5
Negative llh: 304.5377894942567
Dropout rate: 2.875001068094669e-10
Silencing rate: 4.4391720077550317e-10
Sigma: 6.512946275208781
Initial point 6. Random seed: 5235
Solving with ultrametric constraint
Optimal point found for initial point 6
Negative llh: 304.53778877594345
Dropout rate: 1e-10
Silencing rate: 1e-10
Sigma: 6.512934762565543
Initial point 7. Random seed: 8202
Solving with ultrametric constraint
Optimal point found for initial point 7
Negative llh: 304.5377890542877
Dropout rate: 9.999999999999996e-11
Silencing rate: 1e-10
Sigma: 6.512956635563626
Initial point 8. Random seed: 4672
Solving with ultrametric constraint
Optimal point found for initial point 8
Negative llh: 304.537788881305
Dropout rate: 1.0256188763356737e-10
Silencing rate: 1.0091327102823493e-10
Sigma: 6.512941817236611
Initial point 9. Random seed: 3324
Solving with ultrametric constraint
Optimal point found for initial point 9
Negative llh: 304.53778916399506
Dropout rate: 1.3128046500370304e-10
Silencing rate: 2.183705521161791e-10
Sigma: 6.5129645495205475
Initial point 10. Random seed: 4407
Solving with ultrametric constraint
Optimal point found for initial point 10
Negative llh: 304.53778876572113
Dropout rate: 1.0080277362618186e-10
Silencing rate: 1.0028625966605777e-10
Sigma: 6.512940902618261
Runtime (s): 1602.8948207572103
