Launching Problin version 0.5b
Problin was called as follow: /u/gh2161/problin/run_problin.py -c simulated_data/s3c1/k10_r5_character_matrix.csv -t simulated_data/s3c1/true_tree.nwk --delimiter comma -p simulated_data/s3c1/k10_priors.csv -o simulated_data/s3c1/k10_r5_problin.txt --nInitials 10 --ultrametric --randomreps 3
Optimization by EM algorithm
Optimizing branch lengths, phi, and nu without topology search
Initial point 1. Random seed: 1395
Solving with ultrametric constraint
Initial phi: 0.6633782203298352. Initial nu: 0.4659198938120038. Initial nllh: 6670.6746114558255
EM finished after 19 iterations.
Optimal point found for initial point 1
Negative llh: 48.8518813802804
Dropout rate: 0
Silencing rate: 4.921725320481514e-07
Initial point 2. Random seed: 5133
Solving with ultrametric constraint
Initial phi: 0.9165019775289386. Initial nu: 0.5230150917123403. Initial nllh: 334.32130998856286
EM finished after 16 iterations.
Optimal point found for initial point 2
Negative llh: 48.85188156139046
Dropout rate: 0
Silencing rate: 4.934145151141971e-07
Initial point 3. Random seed: 7162
Solving with ultrametric constraint
Initial phi: 0.6591164044195859. Initial nu: 0.3639549956600747. Initial nllh: 182.3433177327935
EM finished after 14 iterations.
Optimal point found for initial point 3
Negative llh: 48.85188237958259
Dropout rate: 0
Silencing rate: 4.97752974372343e-07
Initial point 4. Random seed: 9137
Solving with ultrametric constraint
Initial phi: 0.8414453472196102. Initial nu: 0.17976384069807638. Initial nllh: 245.79495965276942
EM finished after 12 iterations.
Optimal point found for initial point 4
Negative llh: 48.851883004044986
Dropout rate: 0
Silencing rate: 5.022605186002132e-07
Initial point 5. Random seed: 7209
Solving with ultrametric constraint
Initial phi: 0.6345942261817039. Initial nu: 0.26503916185568976. Initial nllh: 168.36521884890055
EM finished after 15 iterations.
Optimal point found for initial point 5
Negative llh: 48.85188143447719
Dropout rate: 0
Silencing rate: 4.930910589571109e-07
Initial point 6. Random seed: 5125
Solving with ultrametric constraint
Initial phi: 0.9012840531578427. Initial nu: 0.045351014751657946. Initial nllh: 283.6262995589817
EM finished after 14 iterations.
Optimal point found for initial point 6
Negative llh: 48.85188116933239
Dropout rate: 0
Silencing rate: 4.918599212998081e-07
Initial point 7. Random seed: 9189
Solving with ultrametric constraint
Initial phi: 0.08504034052518816. Initial nu: 0.8754353980943118. Initial nllh: 119.96658534011138
EM finished after 17 iterations.
Optimal point found for initial point 7
Negative llh: 48.851881396432034
Dropout rate: 0
Silencing rate: 4.915364442568073e-07
Initial point 8. Random seed: 5726
Solving with ultrametric constraint
Initial phi: 0.3194264128782987. Initial nu: 0.14181892854100697. Initial nllh: 97.41433065850914
EM finished after 14 iterations.
Optimal point found for initial point 8
Negative llh: 48.85188133129505
Dropout rate: 0
Silencing rate: 4.925601040285921e-07
Initial point 9. Random seed: 6313
Solving with ultrametric constraint
Initial phi: 0.7930730955677593. Initial nu: 0.257487089085788. Initial nllh: 224.69318023430142
EM finished after 13 iterations.
Optimal point found for initial point 9
Negative llh: 48.85188356357725
Dropout rate: 0
Silencing rate: 5.126504335542115e-07
Initial point 10. Random seed: 6638
Solving with ultrametric constraint
Initial phi: 0.8197085846948253. Initial nu: 0.8748114515811186. Initial nllh: 282.35084022134026
EM finished after 17 iterations.
Optimal point found for initial point 10
Negative llh: 48.851881432279086
Dropout rate: 0
Silencing rate: 4.920575353237497e-07
Traceback (most recent call last):
  File "/u/gh2161/problin/run_problin.py", line 193, in <module>
    main()
  File "/u/gh2161/problin/run_problin.py", line 172, in main
    fout.write("Sigma: " + str(opt_params['sigma']) + "\n")
KeyError: 'sigma'
