Launching Problin version 0.5b
Problin was called as follow: /u/gh2161/problin/run_problin.py -c simulated_data/s3c1/k10_r1_character_matrix.csv -t simulated_data/s3c1/true_tree.nwk --delimiter comma -p simulated_data/s3c1/k10_priors.csv -o simulated_data/s3c1/k10_r1_problin.txt --nInitials 10 --ultrametric --randomreps 3
Optimization by EM algorithm
Optimizing branch lengths, phi, and nu without topology search
Initial point 1. Random seed: 192
Solving with ultrametric constraint
Initial phi: 0.22587301126838602. Initial nu: 0.8461688254710998. Initial nllh: 11956.841309386633
EM finished after 22 iterations.
Optimal point found for initial point 1
Negative llh: 59.723411897012966
Dropout rate: 0
Silencing rate: 7.00953959989807e-07
Initial point 2. Random seed: 6144
Solving with ultrametric constraint
Initial phi: 0.2065232874452759. Initial nu: 0.29344932885849934. Initial nllh: 97.79550377458692
EM finished after 19 iterations.
Optimal point found for initial point 2
Negative llh: 59.723411513005
Dropout rate: 0
Silencing rate: 7.025757474539314e-07
Initial point 3. Random seed: 2507
Solving with ultrametric constraint
Initial phi: 0.07555124155363187. Initial nu: 0.42141685584422045. Initial nllh: 89.03315013983804
EM finished after 19 iterations.
Optimal point found for initial point 3
Negative llh: 59.723411340009854
Dropout rate: 0
Silencing rate: 6.936065072176121e-07
Initial point 4. Random seed: 9606
Solving with ultrametric constraint
Initial phi: 0.36308328365292697. Initial nu: 0.9499211695431238. Initial nllh: 153.1942214696378
EM finished after 21 iterations.
Optimal point found for initial point 4
Negative llh: 59.72341178545751
Dropout rate: 0
Silencing rate: 7.046448141158832e-07
Initial point 5. Random seed: 6990
Solving with ultrametric constraint
Initial phi: 0.3274700706863074. Initial nu: 0.23534495939250133. Initial nllh: 111.37538920307391
EM finished after 17 iterations.
Optimal point found for initial point 5
Negative llh: 59.7234117669927
Dropout rate: 0
Silencing rate: 6.982735755178786e-07
Initial point 6. Random seed: 8736
Solving with ultrametric constraint
Initial phi: 0.5694621877604393. Initial nu: 0.5397634958800813. Initial nllh: 171.47384641145652
EM finished after 20 iterations.
Optimal point found for initial point 6
Negative llh: 59.7234113784164
Dropout rate: 0
Silencing rate: 6.971966330952342e-07
Initial point 7. Random seed: 9324
Solving with ultrametric constraint
Initial phi: 0.9104737803760533. Initial nu: 0.34810478232258096. Initial nllh: 318.76738435772404
EM finished after 20 iterations.
Optimal point found for initial point 7
Negative llh: 59.72341123902586
Dropout rate: 0
Silencing rate: 6.99333956576164e-07
Initial point 8. Random seed: 3141
Solving with ultrametric constraint
Initial phi: 0.34518344826330305. Initial nu: 0.8032402870836867. Initial nllh: 142.95595362142424
EM finished after 21 iterations.
Optimal point found for initial point 8
Negative llh: 59.723411123564645
Dropout rate: 0
Silencing rate: 6.93411699240966e-07
Initial point 9. Random seed: 6000
Solving with ultrametric constraint
Initial phi: 0.5244011565977007. Initial nu: 0.4422566808510683. Initial nllh: 156.55630218922067
EM finished after 20 iterations.
Optimal point found for initial point 9
Negative llh: 59.72341127744665
Dropout rate: 0
Silencing rate: 6.977481186260298e-07
Initial point 10. Random seed: 9922
Solving with ultrametric constraint
Initial phi: 0.8858479892508938. Initial nu: 0.08553626145624496. Initial nllh: 281.1003883094548
EM finished after 15 iterations.
Optimal point found for initial point 10
Negative llh: 59.72341170014735
Dropout rate: 0
Silencing rate: 7.053528126045983e-07
Traceback (most recent call last):
  File "/u/gh2161/problin/run_problin.py", line 193, in <module>
    main()
  File "/u/gh2161/problin/run_problin.py", line 172, in main
    fout.write("Sigma: " + str(opt_params['sigma']) + "\n")
KeyError: 'sigma'
