Launching Problin version 0.5b
Problin was called as follow: /u/gh2161/problin/run_problin.py -c simulated_data/s3c1/k10_r1_character_matrix.csv -t simulated_data/s3c1/true_tree.nwk -S simulated_data/s3c1/true_locations.txt --delimiter comma -p simulated_data/s3c1/k10_priors.csv -o simulated_data/s3c1/k10_r1_spalin_all.txt --nInitials 10 --ultrametric --randomreps 3
Optimization by Spalin: Scipy-SLSQP using spatial information
Optimizing branch lengths, phi, and nu without topology search
Initial point 1. Random seed: 662
Solving with ultrametric constraint
Optimal point found for initial point 1
Negative llh: 168.15957380626253
Dropout rate: 3.353588895651855e-10
Silencing rate: 4.682858088102207e-10
Sigma: 26.97156367349484
Initial point 2. Random seed: 517
Solving with ultrametric constraint
Optimal point found for initial point 2
Negative llh: 168.1595737539568
Dropout rate: 1e-10
Silencing rate: 1.0000000000000002e-10
Sigma: 26.969050653455778
Initial point 3. Random seed: 2961
Solving with ultrametric constraint
Optimal point found for initial point 3
Negative llh: 168.1595735033216
Dropout rate: 1.0000000000000007e-10
Silencing rate: 1.0000000000000007e-10
Sigma: 26.96883050701723
Initial point 4. Random seed: 9418
Solving with ultrametric constraint
Optimal point found for initial point 4
Negative llh: 168.15957353538215
Dropout rate: 1e-10
Silencing rate: 1e-10
Sigma: 26.96850001619658
Initial point 5. Random seed: 7142
Solving with ultrametric constraint
Optimal point found for initial point 5
Negative llh: 168.1595735195629
Dropout rate: 1e-10
Silencing rate: 1e-10
Sigma: 26.96834400333561
Initial point 6. Random seed: 8480
Solving with ultrametric constraint
Optimal point found for initial point 6
Negative llh: 168.1595750724383
Dropout rate: 1.0000000000000007e-10
Silencing rate: 1.0000000000000007e-10
Sigma: 26.973411129885136
Initial point 7. Random seed: 802
Solving with ultrametric constraint
Optimal point found for initial point 7
Negative llh: 168.1595737111159
Dropout rate: 6.210805011404502e-10
Silencing rate: 1.08219050586435e-09
Sigma: 26.96838844922743
Initial point 8. Random seed: 4138
Solving with ultrametric constraint
Optimal point found for initial point 8
Negative llh: 168.15957378309747
Dropout rate: 1.2985903245917082e-10
Silencing rate: 2.287848100863047e-10
Sigma: 26.96974354630258
Initial point 9. Random seed: 7255
Solving with ultrametric constraint
Optimal point found for initial point 9
Negative llh: 168.15957427595097
Dropout rate: 1e-10
Silencing rate: 1e-10
Sigma: 26.965167738103293
Initial point 10. Random seed: 4365
Solving with ultrametric constraint
Optimal point found for initial point 10
Negative llh: 168.1595735066437
Dropout rate: 1e-10
Silencing rate: 1e-10
Sigma: 26.969221839054274
Runtime (s): 6.6922160889953375
