Launching Problin version 0.5b
Problin was called as follow: /u/gh2161/Spatial-Division/problin/run_problin.py -c real_location_data/s3c1/k10_r5_character_matrix.csv -t real_location_data/s3c1/true_tree.nwk -S real_location_data/s3c1/leaf_locations.txt --delimiter comma -p real_location_data/s3c1/k10_priors.csv -o real_location_data/s3c1/k10_r5_spalin-divide-ignore-beta.txt --nInitials 10 --ultrametric --randomreps 3 --divide
Optimization by Spalin-Divide: Scipy-SLSQP using spatial information
Optimizing branch lengths, phi, and nu without topology search
Initial point 1. Random seed: 6201
Solving with ultrametric constraint
Optimal point found for initial point 1
Negative llh: 129.89413371291067
Dropout rate: 4.431812376270716e-10
Silencing rate: 3.515934241576504e-10
Sigma: 5.05419871406676
Initial point 2. Random seed: 9794
Solving with ultrametric constraint
Optimal point found for initial point 2
Negative llh: 129.89412895144602
Dropout rate: 1.0000000000000002e-10
Silencing rate: 1.0000000000000002e-10
Sigma: 5.054033705743938
Initial point 3. Random seed: 5703
Solving with ultrametric constraint
Optimal point found for initial point 3
Negative llh: 129.8941287047358
Dropout rate: 1e-10
Silencing rate: 1e-10
Sigma: 5.053986479612747
Initial point 4. Random seed: 5908
Solving with ultrametric constraint
Optimal point found for initial point 4
Negative llh: 129.89412870155653
Dropout rate: 7.43985609487413e-10
Silencing rate: 5.883177860494281e-10
Sigma: 5.053952058888609
Initial point 5. Random seed: 4494
Solving with ultrametric constraint
Optimal point found for initial point 5
Negative llh: 129.89412928410684
Dropout rate: 1e-10
Silencing rate: 1e-10
Sigma: 5.053828754162697
Initial point 6. Random seed: 1425
Solving with ultrametric constraint
Optimal point found for initial point 6
Negative llh: 129.8941285939848
Dropout rate: 1.3005384310599e-10
Silencing rate: 2.405785733898882e-10
Sigma: 5.053980725734312
Initial point 7. Random seed: 8886
Solving with ultrametric constraint
Optimal point found for initial point 7
Negative llh: 129.89412993785163
Dropout rate: 1.0000000000000002e-10
Silencing rate: 9.999999999999996e-11
Sigma: 5.054092477046086
Initial point 8. Random seed: 7104
Solving with ultrametric constraint
Optimal point found for initial point 8
Negative llh: 129.8941285865513
Dropout rate: 1e-10
Silencing rate: 1e-10
Sigma: 5.053986946260078
Initial point 9. Random seed: 8069
Solving with ultrametric constraint
Optimal point found for initial point 9
Negative llh: 129.89412874949764
Dropout rate: 1.398992769376181e-10
Silencing rate: 1.4062265125029458e-10
Sigma: 5.054014815511464
Initial point 10. Random seed: 7694
Solving with ultrametric constraint
Optimal point found for initial point 10
Negative llh: 129.8941287066146
Dropout rate: 2.8771255568847074e-10
Silencing rate: 2.62308505612499e-10
Sigma: 5.053978984307637
Runtime (s): 261.8495966120099
