Launching Problin version 0.5b
Problin was called as follow: /u/gh2161/Spatial-Division/problin/run_problin.py -c real_location_data/s3c1/k10_r2_character_matrix.csv -t real_location_data/s3c1/true_tree.nwk -S real_location_data/s3c1/leaf_locations.txt --delimiter comma -p real_location_data/s3c1/k10_priors.csv -o real_location_data/s3c1/k10_r2_spalin-divide-beta1.txt --nInitials 10 --ultrametric --randomreps 3 --divide --given_beta 1 --incl_beta_bound
Optimization by Spalin-Divide: Scipy-SLSQP using spatial information
Optimizing branch lengths, phi, and nu without topology search
Initial point 1. Random seed: 7697
Solving with ultrametric constraint
Optimal point found for initial point 1
Negative llh: 145.76462249205355
Dropout rate: 4.2132024926954774e-10
Silencing rate: 2.7412193150552377e-10
Sigma: 5.464794200081644
Initial point 2. Random seed: 1724
Solving with ultrametric constraint
Optimal point found for initial point 2
Negative llh: 145.76462202147582
Dropout rate: 1e-10
Silencing rate: 1e-10
Sigma: 5.46491920028912
Initial point 3. Random seed: 6284
Solving with ultrametric constraint
Optimal point found for initial point 3
Negative llh: 145.7646219527865
Dropout rate: 1e-10
Silencing rate: 1e-10
Sigma: 5.465002398867362
Initial point 4. Random seed: 3046
Solving with ultrametric constraint
Optimal point found for initial point 4
Negative llh: 145.7646218681695
Dropout rate: 1e-10
Silencing rate: 1e-10
Sigma: 5.464939733040289
Initial point 5. Random seed: 2376
Solving with ultrametric constraint
Optimal point found for initial point 5
Negative llh: 145.76462257047757
Dropout rate: 1.0000000000000002e-10
Silencing rate: 1.0000000000000002e-10
Sigma: 5.465025697084777
Initial point 6. Random seed: 3002
Solving with ultrametric constraint
Optimal point found for initial point 6
Negative llh: 145.76462186759264
Dropout rate: 1e-10
Silencing rate: 1e-10
Sigma: 5.464991696108667
Initial point 7. Random seed: 648
Solving with ultrametric constraint
Optimal point found for initial point 7
Negative llh: 145.76462218262196
Dropout rate: 1.095138991253761e-10
Silencing rate: 1.0796668319364155e-10
Sigma: 5.465058137211789
Initial point 8. Random seed: 8689
Solving with ultrametric constraint
Optimal point found for initial point 8
Negative llh: 145.76462237486652
Dropout rate: 1e-10
Silencing rate: 1e-10
Sigma: 5.4650185815069925
Initial point 9. Random seed: 1826
Solving with ultrametric constraint
Optimal point found for initial point 9
Negative llh: 145.76462221245674
Dropout rate: 1.336768059499323e-10
Silencing rate: 1.6986899952941873e-10
Sigma: 5.465059727478106
Initial point 10. Random seed: 6371
Solving with ultrametric constraint
Optimal point found for initial point 10
Negative llh: 145.76462481836518
Dropout rate: 2.939174454324662e-10
Silencing rate: 2.2281729618119903e-10
Sigma: 5.464978368867088
Runtime (s): 132.2059034621343
