Launching Problin version 0.5b
Problin was called as follow: /u/gh2161/problin/run_problin.py -c simulated_data/s3c1/k10_r4_character_matrix.csv -t simulated_data/s3c1/true_tree.nwk -S simulated_data/s3c1/leaf_locations.txt --delimiter comma -p simulated_data/s3c1/k10_priors.csv -o simulated_data/s3c1/k10_r4_spalin_leaves_newfelsen.txt --nInitials 10 --ultrametric --randomreps 3
Optimization by Spalin: Scipy-SLSQP using spatial information
Optimizing branch lengths, phi, and nu without topology search
Initial point 1. Random seed: 3945
Solving with ultrametric constraint
Optimal point found for initial point 1
Negative llh: 133.90362041156868
Dropout rate: 2.1621931295933287e-10
Silencing rate: 1.6640396749275414e-10
Sigma: 5.187587372621295
Initial point 2. Random seed: 1056
Solving with ultrametric constraint
Optimal point found for initial point 2
Negative llh: 133.90361968805743
Dropout rate: 1.8013875156128417e-10
Silencing rate: 1.9791926314717137e-10
Sigma: 5.188031902870143
Initial point 3. Random seed: 7502
Solving with ultrametric constraint
Optimal point found for initial point 3
Negative llh: 133.90361955911774
Dropout rate: 1e-10
Silencing rate: 1e-10
Sigma: 5.188376114704367
Initial point 4. Random seed: 6766
Solving with ultrametric constraint
Optimal point found for initial point 4
Negative llh: 133.90361961336453
Dropout rate: 1.196808570838608e-10
Silencing rate: 1.3846152299885954e-10
Sigma: 5.188132821635378
Initial point 5. Random seed: 5844
Solving with ultrametric constraint
Optimal point found for initial point 5
Negative llh: 133.90361977566033
Dropout rate: 3.9129773268948057e-10
Silencing rate: 5.028890940184366e-10
Sigma: 5.188516357021023
Initial point 6. Random seed: 183
Solving with ultrametric constraint
Optimal point found for initial point 6
Negative llh: 133.90361950063794
Dropout rate: 1e-10
Silencing rate: 1e-10
Sigma: 5.188124606180439
Initial point 7. Random seed: 5949
Solving with ultrametric constraint
Optimal point found for initial point 7
Negative llh: 133.90361963180118
Dropout rate: 1e-10
Silencing rate: 1e-10
Sigma: 5.1878880989995
Initial point 8. Random seed: 2849
Solving with ultrametric constraint
Optimal point found for initial point 8
Negative llh: 133.90361954874572
Dropout rate: 1e-10
Silencing rate: 1e-10
Sigma: 5.187934252079012
Initial point 9. Random seed: 643
Solving with ultrametric constraint
Optimal point found for initial point 9
Negative llh: 133.90361959138968
Dropout rate: 1e-10
Silencing rate: 1e-10
Sigma: 5.187827932570133
Initial point 10. Random seed: 9730
Solving with ultrametric constraint
Optimal point found for initial point 10
Negative llh: 133.90361993918623
Dropout rate: 1e-10
Silencing rate: 1.0000000000000002e-10
Sigma: 5.18867236007059
Runtime (s): 41.995058596134186
