Launching Problin version 0.5b
Problin was called as follow: /u/gh2161/problin/run_problin.py -c simulated_data/s3c1/k10_r1_character_matrix.csv -t simulated_data/s3c1/true_tree.nwk -S simulated_data/s3c1/leaf_locations.txt --delimiter comma -p simulated_data/s3c1/k10_priors.csv -o simulated_data/s3c1/k10_r1_spalin_leaves_newfelsen.txt --nInitials 10 --ultrametric --randomreps 3
Optimization by Spalin: Scipy-SLSQP using spatial information
Optimizing branch lengths, phi, and nu without topology search
Initial point 1. Random seed: 4020
Solving with ultrametric constraint
Optimal point found for initial point 1
Negative llh: 128.47639313953024
Dropout rate: 1e-10
Silencing rate: 1e-10
Sigma: 7.130659543276063
Initial point 2. Random seed: 1444
Solving with ultrametric constraint
Optimal point found for initial point 2
Negative llh: 128.47639343070452
Dropout rate: 6.276359392405223e-10
Silencing rate: 4.741933841850417e-10
Sigma: 7.129947632319904
Initial point 3. Random seed: 47
Solving with ultrametric constraint
Optimal point found for initial point 3
Negative llh: 128.47639342642992
Dropout rate: 4.1446057547072673e-10
Silencing rate: 5.830447426312984e-10
Sigma: 7.1304562837648495
Initial point 4. Random seed: 7070
Solving with ultrametric constraint
Optimal point found for initial point 4
Negative llh: 128.4763932585575
Dropout rate: 1.0000000000000007e-10
Silencing rate: 1.0000000000000007e-10
Sigma: 7.130424390139164
Initial point 5. Random seed: 529
Solving with ultrametric constraint
Optimal point found for initial point 5
Negative llh: 128.4763931553918
Dropout rate: 1e-10
Silencing rate: 1e-10
Sigma: 7.13072283493042
Initial point 6. Random seed: 4461
Solving with ultrametric constraint
Optimal point found for initial point 6
Negative llh: 128.47639316597426
Dropout rate: 3.033156386444704e-10
Silencing rate: 3.236988811847496e-10
Sigma: 7.130051273321532
Initial point 7. Random seed: 8646
Solving with ultrametric constraint
Optimal point found for initial point 7
Negative llh: 128.47639336993788
Dropout rate: 1e-10
Silencing rate: 1e-10
Sigma: 7.130292358936461
Initial point 8. Random seed: 262
Solving with ultrametric constraint
Optimal point found for initial point 8
Negative llh: 128.47639341702353
Dropout rate: 1.030489468258456e-09
Silencing rate: 2.7689416396651838e-09
Sigma: 7.129963666949405
Initial point 9. Random seed: 1267
Solving with ultrametric constraint
Optimal point found for initial point 9
Negative llh: 128.47639360348316
Dropout rate: 1e-10
Silencing rate: 1e-10
Sigma: 7.131237663934162
Initial point 10. Random seed: 9951
Solving with ultrametric constraint
Optimal point found for initial point 10
Negative llh: 128.47639355398496
Dropout rate: 1.2937090891462205e-10
Silencing rate: 1.6372273383518221e-10
Sigma: 7.13107555020895
Runtime (s): 40.14881158620119
