Launching Problin version 0.5b
Problin was called as follow: /u/gh2161/Spatial-Division/problin/run_problin.py -c real_location_data/s3c1/k10_r4_character_matrix.csv -t real_location_data/s3c1/true_tree.nwk -S real_location_data/s3c1/leaf_locations.txt --delimiter comma -p real_location_data/s3c1/k10_priors.csv -o real_location_data/s3c1/k10_r4_spalin-divide-beta1.txt --nInitials 10 --ultrametric --randomreps 3 --divide --given_beta 1 --incl_beta_bound
Optimization by Spalin-Divide: Scipy-SLSQP using spatial information
Optimizing branch lengths, phi, and nu without topology search
Initial point 1. Random seed: 5965
Solving with ultrametric constraint
Optimal point found for initial point 1
Negative llh: 149.07695727633254
Dropout rate: 1e-10
Silencing rate: 1e-10
Sigma: 5.2594305208497785
Initial point 2. Random seed: 7148
Solving with ultrametric constraint
Optimal point found for initial point 2
Negative llh: 149.07695720493786
Dropout rate: 1e-10
Silencing rate: 1e-10
Sigma: 5.259411773903745
Initial point 3. Random seed: 4148
Solving with ultrametric constraint
Optimal point found for initial point 3
Negative llh: 149.0769575096264
Dropout rate: 1e-10
Silencing rate: 1e-10
Sigma: 5.259461095028055
Initial point 4. Random seed: 3996
Solving with ultrametric constraint
Optimal point found for initial point 4
Negative llh: 149.07695730079968
Dropout rate: 3.558377899255781e-10
Silencing rate: 2.4348248141134255e-10
Sigma: 5.2593926042052015
Initial point 5. Random seed: 9846
Solving with ultrametric constraint
Optimal point found for initial point 5
Negative llh: 149.0769575922485
Dropout rate: 1e-10
Silencing rate: 1e-10
Sigma: 5.259401822421872
Initial point 6. Random seed: 4189
Solving with ultrametric constraint
Optimal point found for initial point 6
Negative llh: 149.07695720048446
Dropout rate: 3.7886686737034353e-10
Silencing rate: 3.1835492961939505e-10
Sigma: 5.259411428701228
Initial point 7. Random seed: 3327
Solving with ultrametric constraint
Optimal point found for initial point 7
Negative llh: 149.07695741056105
Dropout rate: 2.925253989094969e-10
Silencing rate: 2.0403846929073932e-10
Sigma: 5.2594039927818415
Initial point 8. Random seed: 5270
Solving with ultrametric constraint
Optimal point found for initial point 8
Negative llh: 149.07695801770677
Dropout rate: 1e-10
Silencing rate: 1e-10
Sigma: 5.2593509511909815
Initial point 9. Random seed: 8985
Solving with ultrametric constraint
Optimal point found for initial point 9
Negative llh: 149.07695736943873
Dropout rate: 1e-10
Silencing rate: 1e-10
Sigma: 5.259511964163531
Initial point 10. Random seed: 8075
Solving with ultrametric constraint
Optimal point found for initial point 10
Negative llh: 149.0769571576276
Dropout rate: 1e-10
Silencing rate: 1e-10
Sigma: 5.259407909996567
Runtime (s): 208.0495447939611
