Launching Problin version 0.5b
Problin was called as follow: /u/gh2161/Spatial-Division/problin/run_problin.py -c real_location_data/s3c1/k10_r3_character_matrix.csv -t real_location_data/s3c1/true_tree.nwk -S real_location_data/s3c1/leaf_locations.txt --delimiter comma -p real_location_data/s3c1/k10_priors.csv -o real_location_data/s3c1/k10_r3_spalin.txt --nInitials 10 --ultrametric --randomreps 3
Optimization by Spalin: Scipy-SLSQP using spatial information
Optimizing branch lengths, phi, and nu without topology search
Initial point 1. Random seed: 9370
Solving with ultrametric constraint
Optimal point found for initial point 1
Negative llh: 127.99450108246182
Dropout rate: 7.583994001586063e-10
Silencing rate: 6.560668156357327e-10
Sigma: 32.69619734886389
Initial point 2. Random seed: 6251
Solving with ultrametric constraint
Optimal point found for initial point 2
Negative llh: 127.99450093384391
Dropout rate: 1e-10
Silencing rate: 1e-10
Sigma: 32.69444711326019
Initial point 3. Random seed: 1336
Solving with ultrametric constraint
Optimal point found for initial point 3
Negative llh: 127.99450100421817
Dropout rate: 1e-10
Silencing rate: 1.0000000000000002e-10
Sigma: 32.693198259626435
Initial point 4. Random seed: 4586
Solving with ultrametric constraint
Optimal point found for initial point 4
Negative llh: 127.99450090771816
Dropout rate: 1e-10
Silencing rate: 1e-10
Sigma: 32.69507817429702
Initial point 5. Random seed: 7941
Solving with ultrametric constraint
Optimal point found for initial point 5
Negative llh: 127.99450430745048
Dropout rate: 1e-10
Silencing rate: 1e-10
Sigma: 32.70713478410745
Initial point 6. Random seed: 3997
Solving with ultrametric constraint
Optimal point found for initial point 6
Negative llh: 127.994501316973
Dropout rate: 1e-10
Silencing rate: 1.0000000000000002e-10
Sigma: 32.695666557946474
Initial point 7. Random seed: 9769
Solving with ultrametric constraint
Optimal point found for initial point 7
Negative llh: 127.99450136380428
Dropout rate: 1e-10
Silencing rate: 1e-10
Sigma: 32.69110752938844
Initial point 8. Random seed: 1732
Solving with ultrametric constraint
Optimal point found for initial point 8
Negative llh: 127.99450119803194
Dropout rate: 1e-10
Silencing rate: 1e-10
Sigma: 32.699521081824074
Initial point 9. Random seed: 7251
Solving with ultrametric constraint
Optimal point found for initial point 9
Negative llh: 127.99450092335687
Dropout rate: 1.7848243134822288e-10
Silencing rate: 1.910920998790361e-10
Sigma: 32.694394464966635
Initial point 10. Random seed: 7938
Solving with ultrametric constraint
Optimal point found for initial point 10
Negative llh: 127.99450134224952
Dropout rate: 1e-10
Silencing rate: 1.0000000000000002e-10
Sigma: 32.69319006429657
Traceback (most recent call last):
  File "/u/gh2161/Spatial-Division/problin/run_problin.py", line 223, in <module>
    main()
  File "/u/gh2161/Spatial-Division/problin/run_problin.py", line 214, in main
    for cell in mySolver.params.displacement_amounts:
AttributeError: 'Params' object has no attribute 'displacement_amounts'
