Launching Problin version 0.5b
Problin was called as follow: /u/gh2161/Spatial-Division/problin/run_problin.py -c real_location_data/s3c1/k10_r2_character_matrix.csv -t real_location_data/s3c1/true_tree.nwk -S real_location_data/s3c1/leaf_locations.txt --delimiter comma -p real_location_data/s3c1/k10_priors.csv -o real_location_data/s3c1/k10_r2_spalin-divide-beta05.txt --nInitials 10 --ultrametric --randomreps 3 --divide --given_beta 0.5 --incl_beta_bound
Optimization by Spalin-Divide: Scipy-SLSQP using spatial information
Optimizing branch lengths, phi, and nu without topology search
Initial point 1. Random seed: 445
Solving with ultrametric constraint
Optimal point found for initial point 1
Negative llh: 146.49510184027224
Dropout rate: 1.0000000000000002e-10
Silencing rate: 1.0000000000000002e-10
Sigma: 5.549721595344231
Initial point 2. Random seed: 8175
Solving with ultrametric constraint
Optimal point found for initial point 2
Negative llh: 146.49510168103407
Dropout rate: 2.2201205678631442e-10
Silencing rate: 1.651784732653271e-10
Sigma: 5.549706961353643
Initial point 3. Random seed: 6441
Solving with ultrametric constraint
Optimal point found for initial point 3
Negative llh: 146.49510191508182
Dropout rate: 1.663514958648941e-10
Silencing rate: 1.62222311366873e-10
Sigma: 5.54971090407649
Initial point 4. Random seed: 2887
Solving with ultrametric constraint
Optimal point found for initial point 4
Negative llh: 146.49510234002616
Dropout rate: 1e-10
Silencing rate: 1e-10
Sigma: 5.549575609938997
Initial point 5. Random seed: 2587
Solving with ultrametric constraint
Optimal point found for initial point 5
Negative llh: 146.4951018526922
Dropout rate: 1e-10
Silencing rate: 1e-10
Sigma: 5.54959385491048
Initial point 6. Random seed: 4714
Solving with ultrametric constraint
Optimal point found for initial point 6
Negative llh: 146.4951018023662
Dropout rate: 1e-10
Silencing rate: 1e-10
Sigma: 5.5497190232630045
Initial point 7. Random seed: 1293
Solving with ultrametric constraint
Optimal point found for initial point 7
Negative llh: 146.49510190931434
Dropout rate: 1e-10
Silencing rate: 1e-10
Sigma: 5.549734631016492
Initial point 8. Random seed: 6113
Solving with ultrametric constraint
Optimal point found for initial point 8
Negative llh: 146.49510183940015
Dropout rate: 1.3573138753286053e-10
Silencing rate: 1.6816027601512e-10
Sigma: 5.5496665098618285
Initial point 9. Random seed: 8878
Solving with ultrametric constraint
Optimal point found for initial point 9
Negative llh: 146.49510170175256
Dropout rate: 1.584703836302269e-10
Silencing rate: 1.2229491391607312e-10
Sigma: 5.549700184020324
Initial point 10. Random seed: 8973
Solving with ultrametric constraint
Optimal point found for initial point 10
Negative llh: 146.4951017744262
Dropout rate: 3.206512749068597e-10
Silencing rate: 2.4720955698789503e-10
Sigma: 5.549732066338535
Runtime (s): 191.56057044118643
