Launching Problin version 0.5b
Problin was called as follow: /u/gh2161/problin/run_problin.py -c simulated_data/s3c1/k10_r5_character_matrix.csv -t simulated_data/s3c1/true_tree.nwk -S simulated_data/s3c1/leaf_locations.txt --delimiter comma -p simulated_data/s3c1/k10_priors.csv -o simulated_data/s3c1/k10_r5_spalin_leaves_newfelsen.txt --nInitials 10 --ultrametric --randomreps 3
Optimization by Spalin: Scipy-SLSQP using spatial information
Optimizing branch lengths, phi, and nu without topology search
Initial point 1. Random seed: 5027
Solving with ultrametric constraint
Optimal point found for initial point 1
Negative llh: 115.10074890314021
Dropout rate: 1.4046608489018827e-10
Silencing rate: 1.3035120453902283e-10
Sigma: 4.53446204638308
Initial point 2. Random seed: 4196
Solving with ultrametric constraint
Optimal point found for initial point 2
Negative llh: 115.10074865174516
Dropout rate: 1e-10
Silencing rate: 1e-10
Sigma: 4.534661798742011
Initial point 3. Random seed: 2899
Solving with ultrametric constraint
Optimal point found for initial point 3
Negative llh: 115.10074900489013
Dropout rate: 1e-10
Silencing rate: 1e-10
Sigma: 4.535006241962014
Initial point 4. Random seed: 4986
Solving with ultrametric constraint
Optimal point found for initial point 4
Negative llh: 115.10074861698061
Dropout rate: 6.346064836138691e-10
Silencing rate: 3.972539604056137e-10
Sigma: 4.534586510383718
Initial point 5. Random seed: 4707
Solving with ultrametric constraint
Optimal point found for initial point 5
Negative llh: 115.10074900178778
Dropout rate: 8.322422452126093e-10
Silencing rate: 3.755486779598702e-10
Sigma: 4.535024599319863
Initial point 6. Random seed: 6428
Solving with ultrametric constraint
Optimal point found for initial point 6
Negative llh: 115.10074879010169
Dropout rate: 1e-10
Silencing rate: 1e-10
Sigma: 4.534376719295535
Initial point 7. Random seed: 266
Solving with ultrametric constraint
Optimal point found for initial point 7
Negative llh: 115.10074870737895
Dropout rate: 1e-10
Silencing rate: 1e-10
Sigma: 4.535350335613593
Initial point 8. Random seed: 1249
Solving with ultrametric constraint
Optimal point found for initial point 8
Negative llh: 115.10074856300118
Dropout rate: 3.9630430004237966e-10
Silencing rate: 2.5789076437512246e-10
Sigma: 4.534528849635376
Initial point 9. Random seed: 8455
Solving with ultrametric constraint
Optimal point found for initial point 9
Negative llh: 115.10074851529366
Dropout rate: 1.0000000000000007e-10
Silencing rate: 9.999999999999924e-11
Sigma: 4.534658019586603
Initial point 10. Random seed: 4535
Solving with ultrametric constraint
Optimal point found for initial point 10
Negative llh: 115.10074863986321
Dropout rate: 2.2452446901834943e-10
Silencing rate: 1.458755053547121e-10
Sigma: 4.534295759569312
Runtime (s): 46.42706620693207
