Launching Problin version 0.5b
Problin was called as follow: /u/gh2161/Spatial-Division/problin/run_problin.py -c real_location_data/s3c1/k10_r1_character_matrix.csv -t real_location_data/s3c1/true_tree.nwk -S real_location_data/s3c1/leaf_locations.txt --delimiter comma -p real_location_data/s3c1/k10_priors.csv -o real_location_data/s3c1/k10_r1_spalin-divide-ignore-beta.txt --nInitials 10 --ultrametric --randomreps 3 --divide
Optimization by Spalin-Divide: Scipy-SLSQP using spatial information
Optimizing branch lengths, phi, and nu without topology search
Initial point 1. Random seed: 7808
Solving with ultrametric constraint
Optimal point found for initial point 1
Negative llh: 143.32864522069622
Dropout rate: 1e-10
Silencing rate: 1e-10
Sigma: 5.657621671113878
Initial point 2. Random seed: 7459
Solving with ultrametric constraint
Optimal point found for initial point 2
Negative llh: 143.32864492178004
Dropout rate: 2.1844494325222783e-10
Silencing rate: 1.662396420451025e-10
Sigma: 5.657122182755257
Initial point 3. Random seed: 3449
Solving with ultrametric constraint
Optimal point found for initial point 3
Negative llh: 143.32864498528883
Dropout rate: 1e-10
Silencing rate: 1e-10
Sigma: 5.657389767108004
Initial point 4. Random seed: 6592
Solving with ultrametric constraint
Optimal point found for initial point 4
Negative llh: 143.32864522974165
Dropout rate: 8.33095849709106e-10
Silencing rate: 7.397876422390633e-10
Sigma: 5.6569746249087345
Initial point 5. Random seed: 2918
Solving with ultrametric constraint
Optimal point found for initial point 5
Negative llh: 143.3286465759467
Dropout rate: 1.0000000000000002e-10
Silencing rate: 1.0000000000000002e-10
Sigma: 5.657092938160472
Initial point 6. Random seed: 3527
Solving with ultrametric constraint
Optimal point found for initial point 6
Negative llh: 143.3286452297696
Dropout rate: 5.972334312826353e-10
Silencing rate: 3.352947458923422e-10
Sigma: 5.657192288271275
Initial point 7. Random seed: 7466
Solving with ultrametric constraint
Optimal point found for initial point 7
Negative llh: 143.32864812777626
Dropout rate: 1.5262959315242748e-10
Silencing rate: 1.5302636445895564e-10
Sigma: 5.657372779483272
Initial point 8. Random seed: 3294
Solving with ultrametric constraint
Optimal point found for initial point 8
Negative llh: 143.32865903262274
Dropout rate: 2.2041589445071564e-10
Silencing rate: 1.813757357398449e-10
Sigma: 5.6562476249086435
Initial point 9. Random seed: 4854
Solving with ultrametric constraint
Optimal point found for initial point 9
Negative llh: 143.32865725354725
Dropout rate: 1.0000000000000007e-10
Silencing rate: 1.000000000000009e-10
Sigma: 5.659084013032025
Initial point 10. Random seed: 3443
Solving with ultrametric constraint
Optimal point found for initial point 10
Negative llh: 143.32864503244573
Dropout rate: 1.2398529326351218e-09
Silencing rate: 1.0001040542021054e-09
Sigma: 5.657154963603561
Runtime (s): 223.39505222067237
