Launching Problin version 0.5b
Problin was called as follow: /u/gh2161/problin/run_problin.py -c simulated_data/s3c1/k10_r4_character_matrix.csv -t simulated_data/s3c1/true_tree.nwk -S simulated_data/s3c1/true_locations.txt --delimiter comma -p simulated_data/s3c1/k10_priors.csv -o simulated_data/s3c1/k10_r4_spalin_all.txt --nInitials 10 --ultrametric --randomreps 3
Optimization by Spalin: Scipy-SLSQP using spatial information
Optimizing branch lengths, phi, and nu without topology search
Initial point 1. Random seed: 4895
Solving with ultrametric constraint
Optimal point found for initial point 1
Negative llh: 174.4829253652079
Dropout rate: 1.752386355911309e-10
Silencing rate: 1.3905771728915032e-10
Sigma: 24.411174475373713
Initial point 2. Random seed: 6075
Solving with ultrametric constraint
Optimal point found for initial point 2
Negative llh: 174.48292547135034
Dropout rate: 5.267403386822628e-10
Silencing rate: 4.360756679612271e-10
Sigma: 24.41105499347431
Initial point 3. Random seed: 11
Solving with ultrametric constraint
Optimal point found for initial point 3
Negative llh: 174.482926236436
Dropout rate: 1e-10
Silencing rate: 1e-10
Sigma: 24.40810198049403
Initial point 4. Random seed: 8651
Solving with ultrametric constraint
Optimal point found for initial point 4
Negative llh: 174.48293243732667
Dropout rate: 4.2134002160344733e-10
Silencing rate: 4.0077797145967614e-10
Sigma: 24.39957123743925
Initial point 5. Random seed: 2880
Solving with ultrametric constraint
Optimal point found for initial point 5
Negative llh: 174.48292543087817
Dropout rate: 1e-10
Silencing rate: 1e-10
Sigma: 24.41041846280582
Initial point 6. Random seed: 3824
Solving with ultrametric constraint
Optimal point found for initial point 6
Negative llh: 174.48292547724418
Dropout rate: 1.332625929185436e-10
Silencing rate: 1.292827557758779e-10
Sigma: 24.41181084949586
Initial point 7. Random seed: 3674
Solving with ultrametric constraint
Optimal point found for initial point 7
Negative llh: 174.4829255857258
Dropout rate: 3.432425315902575e-10
Silencing rate: 8.843218633349031e-10
Sigma: 24.412124805845828
Initial point 8. Random seed: 1142
Solving with ultrametric constraint
Optimal point found for initial point 8
Negative llh: 174.48292534225726
Dropout rate: 1e-10
Silencing rate: 1e-10
Sigma: 24.411785864511092
Initial point 9. Random seed: 2830
Solving with ultrametric constraint
Optimal point found for initial point 9
Negative llh: 174.4829256322809
Dropout rate: 1.0959529762940379e-09
Silencing rate: 3.4809334400424583e-09
Sigma: 24.411173706792532
Initial point 10. Random seed: 2407
Solving with ultrametric constraint
Optimal point found for initial point 10
Negative llh: 174.48292580156294
Dropout rate: 1e-10
Silencing rate: 1e-10
Sigma: 24.412971168086784
Runtime (s): 6.300247653853148
