Launching Problin version 0.5b
Problin was called as follow: /u/gh2161/problin/run_problin.py -c simulated_data/s15c7/k10_r4_character_matrix.csv -t simulated_data/s15c7/true_tree.nwk -S simulated_data/s15c7/leaf_locations.txt --delimiter comma -p simulated_data/s15c7/k10_priors.csv -o simulated_data/s15c7/k10_r4_spalin_leaves_newfelsen.txt --nInitials 10 --ultrametric --randomreps 3
Optimization by Spalin: Scipy-SLSQP using spatial information
Optimizing branch lengths, phi, and nu without topology search
Initial point 1. Random seed: 1919
Solving with ultrametric constraint
Optimal point found for initial point 1
Negative llh: 321.881594019829
Dropout rate: 5.756936740785772e-09
Silencing rate: 2.544344229238497e-09
Sigma: 7.651788795231226
Initial point 2. Random seed: 1476
Solving with ultrametric constraint
Optimal point found for initial point 2
Negative llh: 321.8815897818601
Dropout rate: 2.1757647521919252e-10
Silencing rate: 2.8770742088288783e-10
Sigma: 7.6510168793640725
Initial point 3. Random seed: 6256
Solving with ultrametric constraint
Optimal point found for initial point 3
Negative llh: 321.8815918688176
Dropout rate: 4.020967508640042e-09
Silencing rate: 4.542081856983179e-09
Sigma: 7.650439064553953
Initial point 4. Random seed: 3972
Solving with ultrametric constraint
Optimal point found for initial point 4
Negative llh: 321.88158989914507
Dropout rate: 1.0000000000000002e-10
Silencing rate: 1.0000000000000002e-10
Sigma: 7.651231995877486
Initial point 5. Random seed: 5917
Solving with ultrametric constraint
Optimal point found for initial point 5
Negative llh: 321.88159065602764
Dropout rate: 2.3725437778402803e-09
Silencing rate: 1.249054533122381e-09
Sigma: 7.651083792293305
Initial point 6. Random seed: 2771
Solving with ultrametric constraint
Optimal point found for initial point 6
Negative llh: 321.88159030008893
Dropout rate: 1.0000000000000007e-10
Silencing rate: 1.0000000000000007e-10
Sigma: 7.650555827913065
Initial point 7. Random seed: 2779
Solving with ultrametric constraint
Optimal point found for initial point 7
Negative llh: 321.88159002177656
Dropout rate: 1e-10
Silencing rate: 1e-10
Sigma: 7.651117674156906
Initial point 8. Random seed: 4116
Solving with ultrametric constraint
Optimal point found for initial point 8
Negative llh: 321.8815898140581
Dropout rate: 1e-10
Silencing rate: 1e-10
Sigma: 7.650607345771033
Initial point 9. Random seed: 2251
Solving with ultrametric constraint
Optimal point found for initial point 9
Negative llh: 321.88159034661106
Dropout rate: 1e-10
Silencing rate: 1e-10
Sigma: 7.651484864828229
Initial point 10. Random seed: 7707
Solving with ultrametric constraint
Optimal point found for initial point 10
Negative llh: 321.8815907297439
Dropout rate: 1e-10
Silencing rate: 1e-10
Sigma: 7.65190920234881
Runtime (s): 694.7523523122072
