Launching Problin version 0.5b
Problin was called as follow: /u/gh2161/Spatial-Division/problin/run_problin.py -c real_location_data/s15c7/k10_r5_character_matrix.csv -t real_location_data/s15c7/true_tree.nwk -S real_location_data/s15c7/leaf_locations.txt --delimiter comma -p real_location_data/s15c7/k10_priors.csv -o real_location_data/s15c7/k10_r5_spalin-divide-ignore-beta.txt --nInitials 10 --ultrametric --randomreps 3 --divide
Optimization by Spalin-Divide: Scipy-SLSQP using spatial information
Optimizing branch lengths, phi, and nu without topology search
Initial point 1. Random seed: 1352
Solving with ultrametric constraint
Optimal point found for initial point 1
Negative llh: 386.82356978796827
Dropout rate: 9.999999999999924e-11
Silencing rate: 1.0000000000000007e-10
Sigma: 5.863040214470576
Initial point 2. Random seed: 7801
Solving with ultrametric constraint
Optimal point found for initial point 2
Negative llh: 386.8247153308755
Dropout rate: 3.0765227197663503e-08
Silencing rate: 1.4378984456965524e-07
Sigma: 5.861883830814885
Initial point 3. Random seed: 3204
Solving with ultrametric constraint
Optimal point found for initial point 3
Negative llh: 386.8235927009209
Dropout rate: 1e-10
Silencing rate: 1e-10
Sigma: 5.862992312003528
Initial point 4. Random seed: 591
Solving with ultrametric constraint
Optimal point found for initial point 4
Negative llh: 386.8235770289539
Dropout rate: 1.0000000000000007e-10
Silencing rate: 1.0000000000000002e-10
Sigma: 5.8630003159910515
Initial point 5. Random seed: 2761
Solving with ultrametric constraint
Optimal point found for initial point 5
Negative llh: 386.82358534583045
Dropout rate: 1.8424312204235403e-10
Silencing rate: 1.4045869031024185e-10
Sigma: 5.8630490294377795
Initial point 6. Random seed: 3300
Solving with ultrametric constraint
Optimal point found for initial point 6
Negative llh: 386.8235954214026
Dropout rate: 1e-10
Silencing rate: 1e-10
Sigma: 5.863020441309756
Initial point 7. Random seed: 4501
Solving with ultrametric constraint
Optimal point found for initial point 7
Negative llh: 386.82359245631346
Dropout rate: 1e-10
Silencing rate: 1e-10
Sigma: 5.862880741055829
Initial point 8. Random seed: 8334
Solving with ultrametric constraint
Optimal point found for initial point 8
Negative llh: 386.8235886986015
Dropout rate: 2.637142710595365e-10
Silencing rate: 1.6714655723958165e-10
Sigma: 5.862821484094501
Initial point 9. Random seed: 8436
Solving with ultrametric constraint
Optimal point found for initial point 9
Negative llh: 386.8235921849739
Dropout rate: 1.3245853413479042e-10
Silencing rate: 1.1331005788989836e-10
Sigma: 5.862832501605873
Initial point 10. Random seed: 977
Solving with ultrametric constraint
Optimal point found for initial point 10
Negative llh: 386.8235861216732
Dropout rate: 1e-10
Silencing rate: 1e-10
Sigma: 5.862856586075659
Runtime (s): 1956.1493281647563
