Launching Problin version 0.5b
Problin was called as follow: /u/gh2161/Spatial-Division/problin/run_problin.py -c real_location_data/s15c7/k10_r3_character_matrix.csv -t real_location_data/s15c7/true_tree.nwk -S real_location_data/s15c7/leaf_locations.txt --delimiter comma -p real_location_data/s15c7/k10_priors.csv -o real_location_data/s15c7/k10_r3_spalin-divide-ignore-beta.txt --nInitials 10 --ultrametric --randomreps 3 --divide
Optimization by Spalin-Divide: Scipy-SLSQP using spatial information
Optimizing branch lengths, phi, and nu without topology search
Initial point 1. Random seed: 140
Solving with ultrametric constraint
Optimal point found for initial point 1
Negative llh: 357.28333897169387
Dropout rate: 2.837435046253155e-10
Silencing rate: 1.9624511532604296e-10
Sigma: 5.497620917255433
Initial point 2. Random seed: 209
Solving with ultrametric constraint
Optimal point found for initial point 2
Negative llh: 357.28335323455406
Dropout rate: 1.000000000000009e-10
Silencing rate: 9.999999999999924e-11
Sigma: 5.497065787791897
Initial point 3. Random seed: 6164
Solving with ultrametric constraint
Optimal point found for initial point 3
Negative llh: 357.2833470040004
Dropout rate: 1.7619814384930608e-10
Silencing rate: 1.399234426226719e-10
Sigma: 5.4970352065546875
Initial point 4. Random seed: 1271
Solving with ultrametric constraint
Optimal point found for initial point 4
Negative llh: 357.2833277353897
Dropout rate: 5.426314373565789e-09
Silencing rate: 3.078496036073443e-09
Sigma: 5.497205856244647
Initial point 5. Random seed: 5914
Solving with ultrametric constraint
Optimal point found for initial point 5
Negative llh: 357.28334136527525
Dropout rate: 1.209527490502433e-10
Silencing rate: 1.1097756350025567e-10
Sigma: 5.497291175480639
Initial point 6. Random seed: 5886
Solving with ultrametric constraint
Optimal point found for initial point 6
Negative llh: 357.2833383524696
Dropout rate: 1e-10
Silencing rate: 1e-10
Sigma: 5.49729589429861
Initial point 7. Random seed: 2425
Solving with ultrametric constraint
Optimal point found for initial point 7
Negative llh: 357.28347412424597
Dropout rate: 7.4240239973886895e-09
Silencing rate: 4.3877872771579825e-09
Sigma: 5.497096649366182
Initial point 8. Random seed: 900
Solving with ultrametric constraint
Optimal point found for initial point 8
Negative llh: 357.28332799024315
Dropout rate: 5.890060340099571e-10
Silencing rate: 3.711341931967257e-10
Sigma: 5.497311767753614
Initial point 9. Random seed: 3448
Solving with ultrametric constraint
Optimal point found for initial point 9
Negative llh: 357.28340711785427
Dropout rate: 1.3066180400580628e-08
Silencing rate: 7.806899843058536e-09
Sigma: 5.498065461488584
Initial point 10. Random seed: 8741
Solving with ultrametric constraint
Optimal point found for initial point 10
Negative llh: 357.28333643882456
Dropout rate: 1.5742901637840558e-10
Silencing rate: 1.9990081878176193e-09
Sigma: 5.4972747655177026
Runtime (s): 3571.550705164671
