Launching Problin version 0.5b
Problin was called as follow: /u/gh2161/Spatial-Division/problin/run_problin.py -c real_location_data/s15c7/k10_r1_character_matrix.csv -t real_location_data/s15c7/true_tree.nwk -S real_location_data/s15c7/leaf_locations.txt --delimiter comma -p real_location_data/s15c7/k10_priors.csv -o real_location_data/s15c7/k10_r1_spalin-divide-beta05.txt --nInitials 10 --ultrametric --randomreps 3 --divide --given_beta 0.5 --incl_beta_bound
Optimization by Spalin-Divide: Scipy-SLSQP using spatial information
Optimizing branch lengths, phi, and nu without topology search
Initial point 1. Random seed: 408
Solving with ultrametric constraint
Optimal point found for initial point 1
Negative llh: 395.86759344919693
Dropout rate: 1.1739041887299091e-09
Silencing rate: 4.766199277198554e-10
Sigma: 6.203899364723468
Initial point 2. Random seed: 431
Solving with ultrametric constraint
Optimal point found for initial point 2
Negative llh: 395.8675944377334
Dropout rate: 1.0000000000000007e-10
Silencing rate: 9.999999999999996e-11
Sigma: 6.203688694131747
Initial point 3. Random seed: 1157
Solving with ultrametric constraint
Fatal: failed to optimize using initial point 3
Initial point 4. Random seed: 9891
Solving with ultrametric constraint
Optimal point found for initial point 4
Negative llh: 395.86759402006567
Dropout rate: 1.241010553417811e-09
Silencing rate: 5.042888357452064e-10
Sigma: 6.203679305420894
Initial point 5. Random seed: 5365
Solving with ultrametric constraint
Optimal point found for initial point 5
Negative llh: 395.86759286599204
Dropout rate: 1.0626608280507912e-10
Silencing rate: 1.0219747116010023e-10
Sigma: 6.203696621881925
Initial point 6. Random seed: 3239
Solving with ultrametric constraint
Optimal point found for initial point 6
Negative llh: 395.8675941065776
Dropout rate: 1.7017672440066246e-09
Silencing rate: 8.135199402106991e-10
Sigma: 6.203698864719752
Initial point 7. Random seed: 9058
Solving with ultrametric constraint
Optimal point found for initial point 7
Negative llh: 395.86759351400013
Dropout rate: 1.77977522233544e-10
Silencing rate: 1.2734836810586833e-10
Sigma: 6.203667984741256
Initial point 8. Random seed: 2731
Solving with ultrametric constraint
Optimal point found for initial point 8
Negative llh: 395.86759284028756
Dropout rate: 4.849485524972223e-10
Silencing rate: 2.3500581404674297e-10
Sigma: 6.203699432280752
Initial point 9. Random seed: 9681
Solving with ultrametric constraint
Fatal: failed to optimize using initial point 9
Initial point 10. Random seed: 783
Solving with ultrametric constraint
Optimal point found for initial point 10
Negative llh: 395.86759306206835
Dropout rate: 1.0000000000000007e-10
Silencing rate: 1.0000000000000007e-10
Sigma: 6.203684711080592
Runtime (s): 4645.36325630598
