Launching Problin version 0.5b
Problin was called as follow: /u/gh2161/problin/run_problin.py -c simulated_data/s15c7/k10_r3_character_matrix.csv -t simulated_data/s15c7/true_tree.nwk --delimiter comma -p simulated_data/s15c7/k10_priors.csv -o simulated_data/s15c7/k10_r3_problin.txt --nInitials 10 --ultrametric --randomreps 3
Optimization by EM algorithm
Optimizing branch lengths, phi, and nu without topology search
Initial point 1. Random seed: 290
Solving with ultrametric constraint
Initial phi: 0.6807755878523338. Initial nu: 0.5210516308605995. Initial nllh: 16509.255768552805
EM finished after 42 iterations.
Optimal point found for initial point 1
Negative llh: 104.28926289233657
Dropout rate: 0
Silencing rate: 7.562888050943953e-07
Initial point 2. Random seed: 4397
Solving with ultrametric constraint
Initial phi: 0.7746515846589654. Initial nu: 0.8762634420227199. Initial nllh: 668.7658111220105
EM finished after 30 iterations.
Optimal point found for initial point 2
Negative llh: 104.2892531148616
Dropout rate: 0
Silencing rate: 7.486189008943665e-07
Initial point 3. Random seed: 1679
Solving with ultrametric constraint
Initial phi: 0.07076383647918964. Initial nu: 0.4887522725520544. Initial nllh: 199.39165717413834
EM finished after 28 iterations.
Optimal point found for initial point 3
Negative llh: 104.28924671405822
Dropout rate: 0
Silencing rate: 7.402719206915723e-07
Initial point 4. Random seed: 6412
Solving with ultrametric constraint
Initial phi: 0.6771646494109786. Initial nu: 0.39283983163722597. Initial nllh: 491.499899999077
EM finished after 21 iterations.
Optimal point found for initial point 4
Negative llh: 104.28925713419774
Dropout rate: 0
Silencing rate: 7.564448166220124e-07
Initial point 5. Random seed: 2739
Solving with ultrametric constraint
Initial phi: 0.7214565731098627. Initial nu: 0.0015785597670536756. Initial nllh: 475.2001369718015
EM finished after 9 iterations.
Optimal point found for initial point 5
Negative llh: 104.28924470311281
Dropout rate: 0
Silencing rate: 7.559103226499835e-07
Initial point 6. Random seed: 7956
Solving with ultrametric constraint
Initial phi: 0.8323145692352314. Initial nu: 0.5091448216930327. Initial nllh: 699.0318349978255
EM finished after 27 iterations.
Optimal point found for initial point 6
Negative llh: 104.28924996727122
Dropout rate: 0
Silencing rate: 7.577344821914358e-07
Initial point 7. Random seed: 6297
Solving with ultrametric constraint
Initial phi: 0.9223837343592126. Initial nu: 0.2661023845930014. Initial nllh: 885.7138727301485
EM finished after 16 iterations.
Optimal point found for initial point 7
Negative llh: 104.28926122679569
Dropout rate: 0
Silencing rate: 7.561708226557957e-07
Initial point 8. Random seed: 7101
Solving with ultrametric constraint
Initial phi: 0.829953744406203. Initial nu: 0.05629814245928876. Initial nllh: 626.580644126406
EM finished after 12 iterations.
Optimal point found for initial point 8
Negative llh: 104.28924989498525
Dropout rate: 0
Silencing rate: 7.599910062560201e-07
Initial point 9. Random seed: 6267
Solving with ultrametric constraint
Initial phi: 0.29445381104653934. Initial nu: 0.5632403472129233. Initial nllh: 290.5053974855389
EM finished after 28 iterations.
Optimal point found for initial point 9
Negative llh: 104.28925011268169
Dropout rate: 0
Silencing rate: 7.565520818551362e-07
Initial point 10. Random seed: 4442
Solving with ultrametric constraint
Initial phi: 0.7041062774407284. Initial nu: 0.7185912007370835. Initial nllh: 565.9711070951043
EM finished after 30 iterations.
Optimal point found for initial point 10
Negative llh: 104.28925134621926
Dropout rate: 0
Silencing rate: 7.598372092857138e-07
Traceback (most recent call last):
  File "/u/gh2161/problin/run_problin.py", line 193, in <module>
    main()
  File "/u/gh2161/problin/run_problin.py", line 172, in main
    fout.write("Sigma: " + str(opt_params['sigma']) + "\n")
KeyError: 'sigma'
