Launching Problin version 0.5b
Problin was called as follow: /u/gh2161/Spatial-Division/problin/run_problin.py -c real_location_data/s15c7/k10_r2_character_matrix.csv -t real_location_data/s15c7/true_tree.nwk -S real_location_data/s15c7/leaf_locations.txt --delimiter comma -p real_location_data/s15c7/k10_priors.csv -o real_location_data/s15c7/k10_r2_spalin.txt --nInitials 10 --ultrametric --randomreps 3
Optimization by Spalin: Scipy-SLSQP using spatial information
Optimizing branch lengths, phi, and nu without topology search
Initial point 1. Random seed: 1114
Solving with ultrametric constraint
Optimal point found for initial point 1
Negative llh: 357.9841277210161
Dropout rate: 1.6423480334426611e-09
Silencing rate: 1e-10
Sigma: 38.600257381097855
Initial point 2. Random seed: 9766
Solving with ultrametric constraint
Optimal point found for initial point 2
Negative llh: 357.9841274717654
Dropout rate: 7.180598656256351e-10
Silencing rate: 6.897683817627709e-10
Sigma: 38.59979087827196
Initial point 3. Random seed: 3618
Solving with ultrametric constraint
Optimal point found for initial point 3
Negative llh: 357.9841275490368
Dropout rate: 3.784589193870273e-10
Silencing rate: 3.3898575026962327e-10
Sigma: 38.59946349122603
Initial point 4. Random seed: 9775
Solving with ultrametric constraint
Optimal point found for initial point 4
Negative llh: 357.98412727135496
Dropout rate: 3.8033995095316636e-10
Silencing rate: 3.30554634012046e-10
Sigma: 38.59950192833874
Initial point 5. Random seed: 6937
Solving with ultrametric constraint
Optimal point found for initial point 5
Negative llh: 357.9841272264773
Dropout rate: 1e-10
Silencing rate: 1e-10
Sigma: 38.599499734122745
Initial point 6. Random seed: 4042
Solving with ultrametric constraint
Optimal point found for initial point 6
Negative llh: 357.9841277500525
Dropout rate: 4.0806230938302417e-10
Silencing rate: 4.888066943733819e-10
Sigma: 38.59942030824375
Initial point 7. Random seed: 9750
Solving with ultrametric constraint
Optimal point found for initial point 7
Negative llh: 357.9841283644123
Dropout rate: 1.000000000000009e-10
Silencing rate: 1.000000000000009e-10
Sigma: 38.59821999141473
Initial point 8. Random seed: 559
Solving with ultrametric constraint
Optimal point found for initial point 8
Negative llh: 357.9841375201458
Dropout rate: 1.788199962437216e-08
Silencing rate: 1.8564762766189414e-08
Sigma: 38.59876511659053
Initial point 9. Random seed: 4363
Solving with ultrametric constraint
Optimal point found for initial point 9
Negative llh: 357.98412859813845
Dropout rate: 1.0000000000000007e-10
Silencing rate: 9.999999999999996e-11
Sigma: 38.60005749234046
Initial point 10. Random seed: 8345
Solving with ultrametric constraint
Optimal point found for initial point 10
Negative llh: 357.9841278484457
Dropout rate: 9.999999999999996e-11
Silencing rate: 1.0000000000000002e-10
Sigma: 38.59756827633315
Traceback (most recent call last):
  File "/u/gh2161/Spatial-Division/problin/run_problin.py", line 223, in <module>
    main()
  File "/u/gh2161/Spatial-Division/problin/run_problin.py", line 214, in main
    for cell in mySolver.params.displacement_amounts:
AttributeError: 'Params' object has no attribute 'displacement_amounts'
