Launching Problin version 0.5b
Problin was called as follow: /u/gh2161/problin/run_problin.py -c simulated_data/s15c7/k10_r1_character_matrix.csv -t simulated_data/s15c7/true_tree.nwk -S simulated_data/s15c7/leaf_locations.txt --delimiter comma -p simulated_data/s15c7/k10_priors.csv -o simulated_data/s15c7/k10_r1_spalin_leaves_newfelsen.txt --nInitials 10 --ultrametric --randomreps 3
Optimization by Spalin: Scipy-SLSQP using spatial information
Optimizing branch lengths, phi, and nu without topology search
Initial point 1. Random seed: 7282
Solving with ultrametric constraint
Optimal point found for initial point 1
Negative llh: 346.32026947219015
Dropout rate: 3.4034098492768774e-09
Silencing rate: 1.0000000000000002e-10
Sigma: 9.431319897233395
Initial point 2. Random seed: 9635
Solving with ultrametric constraint
Optimal point found for initial point 2
Negative llh: 346.3202694356131
Dropout rate: 2.069726998949313e-09
Silencing rate: 4.058142856954962e-09
Sigma: 9.431125990193244
Initial point 3. Random seed: 5503
Solving with ultrametric constraint
Optimal point found for initial point 3
Negative llh: 346.3202688783423
Dropout rate: 9.999999999999924e-11
Silencing rate: 9.999999999999924e-11
Sigma: 9.431235790566472
Initial point 4. Random seed: 7435
Solving with ultrametric constraint
Optimal point found for initial point 4
Negative llh: 346.32026882709994
Dropout rate: 1e-10
Silencing rate: 1e-10
Sigma: 9.430612328605642
Initial point 5. Random seed: 6897
Solving with ultrametric constraint
Optimal point found for initial point 5
Negative llh: 346.3202691824607
Dropout rate: 1.2042014139389416e-10
Silencing rate: 1.0717162890625786e-10
Sigma: 9.430867555645953
Initial point 6. Random seed: 6504
Solving with ultrametric constraint
Optimal point found for initial point 6
Negative llh: 346.32026975652775
Dropout rate: 1e-10
Silencing rate: 1e-10
Sigma: 9.431198232596207
Initial point 7. Random seed: 4391
Solving with ultrametric constraint
Optimal point found for initial point 7
Negative llh: 346.3202684754611
Dropout rate: 1e-10
Silencing rate: 1e-10
Sigma: 9.43095574681124
Initial point 8. Random seed: 4438
Solving with ultrametric constraint
Optimal point found for initial point 8
Negative llh: 346.32026852879744
Dropout rate: 1e-10
Silencing rate: 1e-10
Sigma: 9.43146213010845
Initial point 9. Random seed: 4942
Solving with ultrametric constraint
Optimal point found for initial point 9
Negative llh: 346.32026889995313
Dropout rate: 1e-10
Silencing rate: 1e-10
Sigma: 9.43138374068347
Initial point 10. Random seed: 1503
Solving with ultrametric constraint
Optimal point found for initial point 10
Negative llh: 346.3202694274888
Dropout rate: 2.046873702986305e-09
Silencing rate: 2.2705768754464836e-09
Sigma: 9.431268140731211
Runtime (s): 604.776259245351
