Launching Problin version 0.5b
Problin was called as follow: /u/gh2161/problin/run_problin.py -c simulated_data/s15c7/k10_r2_character_matrix.csv -t simulated_data/s15c7/true_tree.nwk -S simulated_data/s15c7/true_locations.txt --delimiter comma -p simulated_data/s15c7/k10_priors.csv -o simulated_data/s15c7/k10_r2_spalin_all.txt --nInitials 10 --ultrametric --randomreps 3
Optimization by Spalin: Scipy-SLSQP using spatial information
Optimizing branch lengths, phi, and nu without topology search
Initial point 1. Random seed: 2152
Solving with ultrametric constraint
Optimal point found for initial point 1
Negative llh: 489.6468946807785
Dropout rate: 2.8163239435362983e-09
Silencing rate: 3.6475947087585286e-10
Sigma: 29.433550995768133
Initial point 2. Random seed: 3236
Solving with ultrametric constraint
Optimal point found for initial point 2
Negative llh: 490.670532692945
Dropout rate: 2.667316988207836e-10
Silencing rate: 1.638195360527341e-10
Sigma: 29.62820121481753
Initial point 3. Random seed: 6395
Solving with ultrametric constraint
Optimal point found for initial point 3
Negative llh: 489.64690004525744
Dropout rate: 7.923235952127212e-09
Silencing rate: 3.7222410209370457e-09
Sigma: 29.433643987819785
Initial point 4. Random seed: 4142
Solving with ultrametric constraint
Optimal point found for initial point 4
Negative llh: 490.67053696671235
Dropout rate: 1e-10
Silencing rate: 2.9582678304968337e-08
Sigma: 29.628270232285946
Initial point 5. Random seed: 678
Solving with ultrametric constraint
Optimal point found for initial point 5
Negative llh: 489.64689385924396
Dropout rate: 4.168145827261822e-10
Silencing rate: 2.4060855604571546e-10
Sigma: 29.43417600113329
Initial point 6. Random seed: 413
Solving with ultrametric constraint
Optimal point found for initial point 6
Negative llh: 490.67053261475485
Dropout rate: 1.0343915725110349e-10
Silencing rate: 1.0131877337327929e-10
Sigma: 29.62813790767874
Initial point 7. Random seed: 6390
Solving with ultrametric constraint
Optimal point found for initial point 7
Negative llh: 489.64689458083603
Dropout rate: 2.6231162746822295e-09
Silencing rate: 1.6576282740556423e-09
Sigma: 29.433782177478946
Initial point 8. Random seed: 9021
Solving with ultrametric constraint
Optimal point found for initial point 8
Negative llh: 490.670532882398
Dropout rate: 1.0000000000000002e-10
Silencing rate: 1.0000000000000002e-10
Sigma: 29.628119134527477
Initial point 9. Random seed: 9960
Solving with ultrametric constraint
Optimal point found for initial point 9
Negative llh: 489.64689572442296
Dropout rate: 6.612741026734349e-09
Silencing rate: 2.9567545864765854e-09
Sigma: 29.433792963788118
Initial point 10. Random seed: 3665
Solving with ultrametric constraint
Optimal point found for initial point 10
Negative llh: 490.67053973800193
Dropout rate: 5.098902308520641e-09
Silencing rate: 1.0726427780724374e-10
Sigma: 29.627456942677227
Runtime (s): 115.04354892298579
