Launching Problin version 0.5b
Problin was called as follow: /u/gh2161/Spatial-Division/problin/run_problin.py -c real_location_data/s15c7/k10_r3_character_matrix.csv -t real_location_data/s15c7/true_tree.nwk -S real_location_data/s15c7/leaf_locations.txt --delimiter comma -p real_location_data/s15c7/k10_priors.csv -o real_location_data/s15c7/k10_r3_spalin-divide-beta1.txt --nInitials 10 --ultrametric --randomreps 3 --divide --given_beta 1 --incl_beta_bound
Optimization by Spalin-Divide: Scipy-SLSQP using spatial information
Optimizing branch lengths, phi, and nu without topology search
Initial point 1. Random seed: 770
Solving with ultrametric constraint
Optimal point found for initial point 1
Negative llh: 358.12024034850555
Dropout rate: 1.196384825449126e-09
Silencing rate: 6.142568994794149e-10
Sigma: 5.52901857327252
Initial point 2. Random seed: 5381
Solving with ultrametric constraint
Optimal point found for initial point 2
Negative llh: 358.1202396327671
Dropout rate: 1.2599797957063534e-10
Silencing rate: 1.1362844045038695e-10
Sigma: 5.52896095490026
Initial point 3. Random seed: 7492
Solving with ultrametric constraint
Optimal point found for initial point 3
Negative llh: 358.1202412416527
Dropout rate: 2.164773787123708e-10
Silencing rate: 1.6106616368212855e-10
Sigma: 5.5289578874364125
Initial point 4. Random seed: 7879
Solving with ultrametric constraint
Fatal: failed to optimize using initial point 4
Initial point 5. Random seed: 7307
Solving with ultrametric constraint
Optimal point found for initial point 5
Negative llh: 358.1202395862657
Dropout rate: 1.0936075853130397e-10
Silencing rate: 1.049077527329833e-10
Sigma: 5.52894941448085
Initial point 6. Random seed: 3826
Solving with ultrametric constraint
Optimal point found for initial point 6
Negative llh: 358.12024033051694
Dropout rate: 1.1521302372385668e-09
Silencing rate: 7.318190870354765e-10
Sigma: 5.528933922571819
Initial point 7. Random seed: 6146
Solving with ultrametric constraint
Optimal point found for initial point 7
Negative llh: 358.120240682797
Dropout rate: 3.8150474097257787e-10
Silencing rate: 2.475904872777189e-10
Sigma: 5.528957318408206
Initial point 8. Random seed: 7757
Solving with ultrametric constraint
Optimal point found for initial point 8
Negative llh: 358.1202400383278
Dropout rate: 4.484531043846289e-10
Silencing rate: 2.826804576539906e-10
Sigma: 5.528951413184694
Initial point 9. Random seed: 4944
Solving with ultrametric constraint
Optimal point found for initial point 9
Negative llh: 358.1202480073926
Dropout rate: 5.117786538209489e-10
Silencing rate: 3.1589032283710125e-10
Sigma: 5.528963503249881
Initial point 10. Random seed: 8647
Solving with ultrametric constraint
Optimal point found for initial point 10
Negative llh: 358.1202397725277
Dropout rate: 4.0869829684363054e-10
Silencing rate: 2.618588029713568e-10
Sigma: 5.528926368323761
Runtime (s): 3452.319621774368
