Launching Problin version 0.5b
Problin was called as follow: /u/gh2161/problin/run_problin.py -c simulated_data/s2c9/k10_r3_character_matrix.csv -t simulated_data/s2c9/true_tree.nwk -S simulated_data/s2c9/leaf_locations.txt --delimiter comma -p simulated_data/s2c9/k10_priors.csv -o simulated_data/s2c9/k10_r3_spalin_leaves_newfelsen.txt --nInitials 10 --ultrametric --randomreps 3
Optimization by Spalin: Scipy-SLSQP using spatial information
Optimizing branch lengths, phi, and nu without topology search
Initial point 1. Random seed: 7183
Solving with ultrametric constraint
Optimal point found for initial point 1
Negative llh: 133.51979419154833
Dropout rate: 1e-10
Silencing rate: 1e-10
Sigma: 4.123045023818628
Initial point 2. Random seed: 8305
Solving with ultrametric constraint
Optimal point found for initial point 2
Negative llh: 133.51979400298697
Dropout rate: 1e-10
Silencing rate: 1e-10
Sigma: 4.122544528245164
Initial point 3. Random seed: 8511
Solving with ultrametric constraint
Optimal point found for initial point 3
Negative llh: 133.51979437866942
Dropout rate: 1.553163100175764e-09
Silencing rate: 3.239518020645921e-09
Sigma: 4.1231577122923575
Initial point 4. Random seed: 9611
Solving with ultrametric constraint
Optimal point found for initial point 4
Negative llh: 133.51979375615497
Dropout rate: 1e-10
Silencing rate: 1e-10
Sigma: 4.122115806854975
Initial point 5. Random seed: 908
Solving with ultrametric constraint
Optimal point found for initial point 5
Negative llh: 133.519793803361
Dropout rate: 1e-10
Silencing rate: 1e-10
Sigma: 4.122342114221301
Initial point 6. Random seed: 4405
Solving with ultrametric constraint
Optimal point found for initial point 6
Negative llh: 133.51979354616117
Dropout rate: 1e-10
Silencing rate: 1e-10
Sigma: 4.1225910899899265
Initial point 7. Random seed: 1976
Solving with ultrametric constraint
Optimal point found for initial point 7
Negative llh: 133.51979517872138
Dropout rate: 1e-10
Silencing rate: 1e-10
Sigma: 4.1209580443193685
Initial point 8. Random seed: 2148
Solving with ultrametric constraint
Optimal point found for initial point 8
Negative llh: 133.51979446257866
Dropout rate: 1e-10
Silencing rate: 1e-10
Sigma: 4.121985918187951
Initial point 9. Random seed: 3787
Solving with ultrametric constraint
Optimal point found for initial point 9
Negative llh: 133.51979491888204
Dropout rate: 6.665610823811158e-10
Silencing rate: 4.738083538571949e-10
Sigma: 4.122227029709175
Initial point 10. Random seed: 9565
Solving with ultrametric constraint
Optimal point found for initial point 10
Negative llh: 133.5197940623368
Dropout rate: 1.1446343719140784e-09
Silencing rate: 2.3539554984366173e-09
Sigma: 4.122877177937643
Runtime (s): 78.01374937966466
