Launching Problin version 0.5b
Problin was called as follow: /u/gh2161/Spatial-Division/problin/run_problin.py -c real_location_data/s2c9/k10_r2_character_matrix.csv -t real_location_data/s2c9/true_tree.nwk -S real_location_data/s2c9/leaf_locations.txt --delimiter comma -p real_location_data/s2c9/k10_priors.csv -o real_location_data/s2c9/k10_r2_spalin-divide-beta1.txt --nInitials 10 --ultrametric --randomreps 3 --divide --given_beta 1 --incl_beta_bound
Optimization by Spalin-Divide: Scipy-SLSQP using spatial information
Optimizing branch lengths, phi, and nu without topology search
Initial point 1. Random seed: 9703
Solving with ultrametric constraint
Optimal point found for initial point 1
Negative llh: 153.1693341489022
Dropout rate: 1.9886387612371247e-10
Silencing rate: 1.5161253138064166e-10
Sigma: 5.13214960208709
Initial point 2. Random seed: 5009
Solving with ultrametric constraint
Optimal point found for initial point 2
Negative llh: 153.16933377775945
Dropout rate: 4.274595214158972e-10
Silencing rate: 4.0169964481668705e-10
Sigma: 5.132155926976044
Initial point 3. Random seed: 7699
Solving with ultrametric constraint
Optimal point found for initial point 3
Negative llh: 153.1693340944714
Dropout rate: 1.0000000000000002e-10
Silencing rate: 1e-10
Sigma: 5.132112185032324
Initial point 4. Random seed: 9062
Solving with ultrametric constraint
Optimal point found for initial point 4
Negative llh: 153.16933383814478
Dropout rate: 1e-10
Silencing rate: 1e-10
Sigma: 5.132161047882946
Initial point 5. Random seed: 3148
Solving with ultrametric constraint
Optimal point found for initial point 5
Negative llh: 153.1693340151221
Dropout rate: 9.999999999999996e-11
Silencing rate: 1.0000000000000002e-10
Sigma: 5.132172536194323
Initial point 6. Random seed: 2222
Solving with ultrametric constraint
Optimal point found for initial point 6
Negative llh: 153.1693338169223
Dropout rate: 1.4580481755300641e-10
Silencing rate: 1.2846130590320602e-10
Sigma: 5.132162973139866
Initial point 7. Random seed: 5262
Solving with ultrametric constraint
Optimal point found for initial point 7
Negative llh: 153.16933417480965
Dropout rate: 1e-10
Silencing rate: 1e-10
Sigma: 5.132095518231527
Initial point 8. Random seed: 7174
Solving with ultrametric constraint
Optimal point found for initial point 8
Negative llh: 153.16933462061934
Dropout rate: 6.069096525730346e-10
Silencing rate: 3.8634863660439143e-10
Sigma: 5.132183793972891
Initial point 9. Random seed: 4516
Solving with ultrametric constraint
Optimal point found for initial point 9
Negative llh: 153.16933374697174
Dropout rate: 1e-10
Silencing rate: 1e-10
Sigma: 5.1320996185197805
Initial point 10. Random seed: 1810
Solving with ultrametric constraint
Optimal point found for initial point 10
Negative llh: 153.16933738595677
Dropout rate: 1e-10
Silencing rate: 1e-10
Sigma: 5.13190869677576
Runtime (s): 364.13608974963427
