Launching Problin version 0.5b
Problin was called as follow: /u/gh2161/Spatial-Division/problin/run_problin.py -c real_location_data/s2c9/k10_r2_character_matrix.csv -t real_location_data/s2c9/true_tree.nwk -S real_location_data/s2c9/leaf_locations.txt --delimiter comma -p real_location_data/s2c9/k10_priors.csv -o real_location_data/s2c9/k10_r2_spalin-divide-beta05.txt --nInitials 10 --ultrametric --randomreps 3 --divide --given_beta 0.5 --incl_beta_bound
Optimization by Spalin-Divide: Scipy-SLSQP using spatial information
Optimizing branch lengths, phi, and nu without topology search
Initial point 1. Random seed: 6705
Solving with ultrametric constraint
Optimal point found for initial point 1
Negative llh: 154.3040360959012
Dropout rate: 1e-10
Silencing rate: 1e-10
Sigma: 5.2362797249850175
Initial point 2. Random seed: 9851
Solving with ultrametric constraint
Optimal point found for initial point 2
Negative llh: 154.3040363082592
Dropout rate: 1.1935231911697868e-09
Silencing rate: 6.626659279762945e-10
Sigma: 5.236286168181815
Initial point 3. Random seed: 5110
Solving with ultrametric constraint
Optimal point found for initial point 3
Negative llh: 154.30403614812477
Dropout rate: 1.0000000000000002e-10
Silencing rate: 1.0000000000000002e-10
Sigma: 5.236292262272831
Initial point 4. Random seed: 7325
Solving with ultrametric constraint
Optimal point found for initial point 4
Negative llh: 154.30403616997623
Dropout rate: 5.826271375413803e-10
Silencing rate: 3.8060340040496396e-10
Sigma: 5.236272584707095
Initial point 5. Random seed: 5553
Solving with ultrametric constraint
Optimal point found for initial point 5
Negative llh: 154.3040366199136
Dropout rate: 1.0000000000000007e-10
Silencing rate: 9.999999999999996e-11
Sigma: 5.236162932492325
Initial point 6. Random seed: 8779
Solving with ultrametric constraint
Optimal point found for initial point 6
Negative llh: 154.3040365547778
Dropout rate: 1e-10
Silencing rate: 1e-10
Sigma: 5.236295529427707
Initial point 7. Random seed: 7602
Solving with ultrametric constraint
Optimal point found for initial point 7
Negative llh: 154.30403624333854
Dropout rate: 1.0000000000000007e-10
Silencing rate: 9.999999999999996e-11
Sigma: 5.236277266438257
Initial point 8. Random seed: 236
Solving with ultrametric constraint
Optimal point found for initial point 8
Negative llh: 154.30403637541497
Dropout rate: 5.952572578891778e-10
Silencing rate: 3.7021819349195644e-10
Sigma: 5.236282638287011
Initial point 9. Random seed: 6247
Solving with ultrametric constraint
Optimal point found for initial point 9
Negative llh: 154.3040396442645
Dropout rate: 1.0000000000000002e-10
Silencing rate: 1.0000000000000002e-10
Sigma: 5.236369541246197
Initial point 10. Random seed: 2950
Solving with ultrametric constraint
Optimal point found for initial point 10
Negative llh: 154.30403776365964
Dropout rate: 1e-10
Silencing rate: 1e-10
Sigma: 5.236283586414596
Runtime (s): 527.9472880475223
