Launching Problin version 0.5b
Problin was called as follow: /u/gh2161/problin/run_problin.py -c simulated_data/s2c9/k10_r5_character_matrix.csv -t simulated_data/s2c9/true_tree.nwk --delimiter comma -p simulated_data/s2c9/k10_priors.csv -o simulated_data/s2c9/k10_r5_problin.txt --nInitials 10 --ultrametric --randomreps 3
Optimization by EM algorithm
Optimizing branch lengths, phi, and nu without topology search
Initial point 1. Random seed: 6747
Solving with ultrametric constraint
Initial phi: 0.5334391433924636. Initial nu: 0.6569581443061332. Initial nllh: 7530.461304427336
EM finished after 9 iterations.
Optimal point found for initial point 1
Negative llh: 39.93868847584831
Dropout rate: 0
Silencing rate: 1.1496501578643682e-06
Initial point 2. Random seed: 6169
Solving with ultrametric constraint
Initial phi: 0.7644408050155824. Initial nu: 0.11251749274508863. Initial nllh: 232.55738153284588
EM finished after 8 iterations.
Optimal point found for initial point 2
Negative llh: 39.93868816394165
Dropout rate: 0
Silencing rate: 1.1440069882631542e-06
Initial point 3. Random seed: 4470
Solving with ultrametric constraint
Initial phi: 0.6785317023807101. Initial nu: 0.04130327862008082. Initial nllh: 189.18266212004784
EM finished after 9 iterations.
Optimal point found for initial point 3
Negative llh: 39.93868802637542
Dropout rate: 0
Silencing rate: 1.1426203669449595e-06
Initial point 4. Random seed: 3602
Solving with ultrametric constraint
Initial phi: 0.9859682045676282. Initial nu: 0.26406228700624435. Initial nllh: 605.5243908223979
EM finished after 10 iterations.
Optimal point found for initial point 4
Negative llh: 39.93868779990535
Dropout rate: 0
Silencing rate: 1.1370033149354702e-06
Initial point 5. Random seed: 7573
Solving with ultrametric constraint
Initial phi: 0.3063279942330304. Initial nu: 0.32835457325796585. Initial nllh: 101.10282997148445
EM finished after 9 iterations.
Optimal point found for initial point 5
Negative llh: 39.93868812290232
Dropout rate: 0
Silencing rate: 1.1435296928336247e-06
Initial point 6. Random seed: 8850
Solving with ultrametric constraint
Initial phi: 0.5275005590420564. Initial nu: 0.9387395274205043. Initial nllh: 176.3283438795193
EM finished after 10 iterations.
Optimal point found for initial point 6
Negative llh: 39.93868808764952
Dropout rate: 0
Silencing rate: 1.1435472660139924e-06
Initial point 7. Random seed: 2705
Solving with ultrametric constraint
Initial phi: 0.8067193067135069. Initial nu: 0.4901078428350485. Initial nllh: 273.9313869783221
EM finished after 11 iterations.
Optimal point found for initial point 7
Negative llh: 39.938688353470404
Dropout rate: 0
Silencing rate: 1.1505040888996272e-06
Initial point 8. Random seed: 5342
Solving with ultrametric constraint
Initial phi: 0.159868621563102. Initial nu: 0.27544210191747537. Initial nllh: 74.00605589306558
EM finished after 9 iterations.
Optimal point found for initial point 8
Negative llh: 39.93868815201164
Dropout rate: 0
Silencing rate: 1.144481901500435e-06
Initial point 9. Random seed: 9169
Solving with ultrametric constraint
Initial phi: 0.6145227908847529. Initial nu: 0.46605301494795404. Initial nllh: 183.1897910764944
EM finished after 9 iterations.
Optimal point found for initial point 9
Negative llh: 39.93868816205088
Dropout rate: 0
Silencing rate: 1.1439392900867738e-06
Initial point 10. Random seed: 6895
Solving with ultrametric constraint
Initial phi: 0.7421224003332142. Initial nu: 0.9657727303944453. Initial nllh: 256.1708323971015
EM finished after 10 iterations.
Optimal point found for initial point 10
Negative llh: 39.93868837604528
Dropout rate: 0
Silencing rate: 1.1504841181184716e-06
Traceback (most recent call last):
  File "/u/gh2161/problin/run_problin.py", line 193, in <module>
    main()
  File "/u/gh2161/problin/run_problin.py", line 172, in main
    fout.write("Sigma: " + str(opt_params['sigma']) + "\n")
KeyError: 'sigma'
