Launching Problin version 0.5b
Problin was called as follow: /u/gh2161/Spatial-Division/problin/run_problin.py -c real_location_data/s2c9/k10_r1_character_matrix.csv -t real_location_data/s2c9/true_tree.nwk -S real_location_data/s2c9/leaf_locations.txt --delimiter comma -p real_location_data/s2c9/k10_priors.csv -o real_location_data/s2c9/k10_r1_spalin-divide-beta05.txt --nInitials 10 --ultrametric --randomreps 3 --divide --given_beta 0.5 --incl_beta_bound
Optimization by Spalin-Divide: Scipy-SLSQP using spatial information
Optimizing branch lengths, phi, and nu without topology search
Initial point 1. Random seed: 8594
Solving with ultrametric constraint
Optimal point found for initial point 1
Negative llh: 160.63992884501147
Dropout rate: 1e-10
Silencing rate: 1e-10
Sigma: 5.3418728456562805
Initial point 2. Random seed: 1372
Solving with ultrametric constraint
Optimal point found for initial point 2
Negative llh: 160.63992828986738
Dropout rate: 1e-10
Silencing rate: 1e-10
Sigma: 5.34194822285326
Initial point 3. Random seed: 8027
Solving with ultrametric constraint
Optimal point found for initial point 3
Negative llh: 160.63992833340055
Dropout rate: 1e-10
Silencing rate: 1e-10
Sigma: 5.341910031111245
Initial point 4. Random seed: 7331
Solving with ultrametric constraint
Optimal point found for initial point 4
Negative llh: 160.63992843327316
Dropout rate: 1.4936348931115503e-10
Silencing rate: 1.5020485127660795e-10
Sigma: 5.341962195472057
Initial point 5. Random seed: 9864
Solving with ultrametric constraint
Optimal point found for initial point 5
Negative llh: 160.63992837018498
Dropout rate: 1e-10
Silencing rate: 1e-10
Sigma: 5.341965702419282
Initial point 6. Random seed: 278
Solving with ultrametric constraint
Optimal point found for initial point 6
Negative llh: 160.63993296183116
Dropout rate: 9.96273422291924e-10
Silencing rate: 5.99059106384286e-10
Sigma: 5.3420654718307485
Initial point 7. Random seed: 1108
Solving with ultrametric constraint
Optimal point found for initial point 7
Negative llh: 160.63993001648484
Dropout rate: 5.818624139857129e-10
Silencing rate: 3.1796234637326867e-10
Sigma: 5.342031926702095
Initial point 8. Random seed: 50
Solving with ultrametric constraint
Optimal point found for initial point 8
Negative llh: 160.6399307825273
Dropout rate: 4.67628295186086e-10
Silencing rate: 3.4611979089359105e-10
Sigma: 5.341978355876621
Initial point 9. Random seed: 8856
Solving with ultrametric constraint
Optimal point found for initial point 9
Negative llh: 160.6399282877037
Dropout rate: 1.0000000000000002e-10
Silencing rate: 1e-10
Sigma: 5.341904971080217
Initial point 10. Random seed: 1674
Solving with ultrametric constraint
Optimal point found for initial point 10
Negative llh: 160.63994089262727
Dropout rate: 5.625993528836155e-10
Silencing rate: 3.8731820597390046e-10
Sigma: 5.342290151469847
Runtime (s): 619.0806154757738
