Launching Problin version 0.5b
Problin was called as follow: /u/gh2161/Spatial-Division/problin/run_problin.py -c real_location_data/s2c9/k10_r5_character_matrix.csv -t real_location_data/s2c9/true_tree.nwk -S real_location_data/s2c9/leaf_locations.txt --delimiter comma -p real_location_data/s2c9/k10_priors.csv -o real_location_data/s2c9/k10_r5_spalin-divide-beta1.txt --nInitials 10 --ultrametric --randomreps 3 --divide --given_beta 1 --incl_beta_bound
Optimization by Spalin-Divide: Scipy-SLSQP using spatial information
Optimizing branch lengths, phi, and nu without topology search
Initial point 1. Random seed: 7524
Solving with ultrametric constraint
Optimal point found for initial point 1
Negative llh: 144.03902822823596
Dropout rate: 1.0000000000000002e-10
Silencing rate: 1e-10
Sigma: 5.438025119806029
Initial point 2. Random seed: 286
Solving with ultrametric constraint
Optimal point found for initial point 2
Negative llh: 144.03904154536804
Dropout rate: 1e-10
Silencing rate: 1e-10
Sigma: 5.437675310580261
Initial point 3. Random seed: 5957
Solving with ultrametric constraint
Optimal point found for initial point 3
Negative llh: 144.0390283955249
Dropout rate: 2.352772205365402e-10
Silencing rate: 1.5527249209540124e-10
Sigma: 5.438036135524312
Initial point 4. Random seed: 8614
Solving with ultrametric constraint
Optimal point found for initial point 4
Negative llh: 144.03903221233938
Dropout rate: 1e-10
Silencing rate: 1e-10
Sigma: 5.437865740834912
Initial point 5. Random seed: 7277
Solving with ultrametric constraint
Optimal point found for initial point 5
Negative llh: 144.03902814893507
Dropout rate: 1.0000000000000002e-10
Silencing rate: 1e-10
Sigma: 5.438033412806103
Initial point 6. Random seed: 238
Solving with ultrametric constraint
Optimal point found for initial point 6
Negative llh: 144.03902813376018
Dropout rate: 1.0128603883432295e-10
Silencing rate: 1.0043425687214014e-10
Sigma: 5.438021196698655
Initial point 7. Random seed: 6510
Solving with ultrametric constraint
Optimal point found for initial point 7
Negative llh: 144.03902816352974
Dropout rate: 1e-10
Silencing rate: 1e-10
Sigma: 5.438014666540407
Initial point 8. Random seed: 2021
Solving with ultrametric constraint
Optimal point found for initial point 8
Negative llh: 144.03902816511624
Dropout rate: 9.999999999999996e-11
Silencing rate: 1.0000000000000002e-10
Sigma: 5.438019705422943
Initial point 9. Random seed: 8706
Solving with ultrametric constraint
Optimal point found for initial point 9
Negative llh: 144.03902817243403
Dropout rate: 1e-10
Silencing rate: 1e-10
Sigma: 5.438017353321681
Initial point 10. Random seed: 4577
Solving with ultrametric constraint
Optimal point found for initial point 10
Negative llh: 144.039028208851
Dropout rate: 1e-10
Silencing rate: 1e-10
Sigma: 5.438022909209052
Runtime (s): 884.3148435598705
