Launching Problin version 0.5b
Problin was called as follow: /u/gh2161/Spatial-Division/problin/run_problin.py -c real_location_data/s2c9/k10_r3_character_matrix.csv -t real_location_data/s2c9/true_tree.nwk -S real_location_data/s2c9/leaf_locations.txt --delimiter comma -p real_location_data/s2c9/k10_priors.csv -o real_location_data/s2c9/k10_r3_spalin-divide-beta3.txt --nInitials 10 --ultrametric --randomreps 3 --divide --given_beta 3 --incl_beta_bound
Optimization by Spalin-Divide: Scipy-SLSQP using spatial information
Optimizing branch lengths, phi, and nu without topology search
Initial point 1. Random seed: 8428
Solving with ultrametric constraint
Optimal point found for initial point 1
Negative llh: 147.91486216559946
Dropout rate: 3.653256266855213e-10
Silencing rate: 2.2109733857768975e-10
Sigma: 4.490742205795624
Initial point 2. Random seed: 3473
Solving with ultrametric constraint
Optimal point found for initial point 2
Negative llh: 147.91486214796208
Dropout rate: 9.999999999999996e-11
Silencing rate: 9.999999999999996e-11
Sigma: 4.4907375601941
Initial point 3. Random seed: 437
Solving with ultrametric constraint
Optimal point found for initial point 3
Negative llh: 147.91486235596116
Dropout rate: 1.5977058860411845e-10
Silencing rate: 1.291556508150816e-10
Sigma: 4.490720830802055
Initial point 4. Random seed: 3407
Solving with ultrametric constraint
Optimal point found for initial point 4
Negative llh: 147.9148621386482
Dropout rate: 1e-10
Silencing rate: 1e-10
Sigma: 4.490744326256427
Initial point 5. Random seed: 5437
Solving with ultrametric constraint
Optimal point found for initial point 5
Negative llh: 147.91486212224765
Dropout rate: 1e-10
Silencing rate: 1e-10
Sigma: 4.49074341369912
Initial point 6. Random seed: 9955
Solving with ultrametric constraint
Optimal point found for initial point 6
Negative llh: 147.91488808672182
Dropout rate: 8.813090037916028e-10
Silencing rate: 5.981903064046768e-10
Sigma: 4.491569640436581
Initial point 7. Random seed: 3826
Solving with ultrametric constraint
Optimal point found for initial point 7
Negative llh: 147.9148625126149
Dropout rate: 1e-10
Silencing rate: 1e-10
Sigma: 4.4906533177514705
Initial point 8. Random seed: 6931
Solving with ultrametric constraint
Optimal point found for initial point 8
Negative llh: 147.9148621759703
Dropout rate: 1.8515196008476344e-10
Silencing rate: 1.4621407995504825e-10
Sigma: 4.4907442020483765
Initial point 9. Random seed: 5157
Solving with ultrametric constraint
Optimal point found for initial point 9
Negative llh: 147.9148621876393
Dropout rate: 1e-10
Silencing rate: 1e-10
Sigma: 4.490742725824162
Initial point 10. Random seed: 6813
Solving with ultrametric constraint
Optimal point found for initial point 10
Negative llh: 147.91486213667162
Dropout rate: 1.7541138125922538e-10
Silencing rate: 1.6028512408782874e-10
Sigma: 4.490747077284524
Runtime (s): 392.1952772717923
