Launching Problin version 0.5b
Problin was called as follow: /u/gh2161/Spatial-Division/problin/run_problin.py -c real_location_data/s2c9/k10_r4_character_matrix.csv -t real_location_data/s2c9/true_tree.nwk -S real_location_data/s2c9/leaf_locations.txt --delimiter comma -p real_location_data/s2c9/k10_priors.csv -o real_location_data/s2c9/k10_r4_spalin-divide-ignore-beta.txt --nInitials 10 --ultrametric --randomreps 3 --divide
Optimization by Spalin-Divide: Scipy-SLSQP using spatial information
Optimizing branch lengths, phi, and nu without topology search
Initial point 1. Random seed: 7495
Solving with ultrametric constraint
Optimal point found for initial point 1
Negative llh: 159.70324011702252
Dropout rate: 1e-10
Silencing rate: 1e-10
Sigma: 5.443295220825216
Initial point 2. Random seed: 1101
Solving with ultrametric constraint
Optimal point found for initial point 2
Negative llh: 159.7032400234695
Dropout rate: 1e-10
Silencing rate: 1e-10
Sigma: 5.443471528279442
Initial point 3. Random seed: 7588
Solving with ultrametric constraint
Optimal point found for initial point 3
Negative llh: 159.7032404285454
Dropout rate: 9.999999999999996e-11
Silencing rate: 1.0000000000000002e-10
Sigma: 5.443411292578614
Initial point 4. Random seed: 4747
Solving with ultrametric constraint
Optimal point found for initial point 4
Negative llh: 159.7032404903958
Dropout rate: 1.4222719122039892e-09
Silencing rate: 1.1843591172799248e-09
Sigma: 5.443399463500045
Initial point 5. Random seed: 105
Solving with ultrametric constraint
Optimal point found for initial point 5
Negative llh: 159.70323993867692
Dropout rate: 2.0146692874763948e-10
Silencing rate: 2.1546999591898058e-10
Sigma: 5.443341790366109
Initial point 6. Random seed: 6185
Solving with ultrametric constraint
Optimal point found for initial point 6
Negative llh: 159.70324003971277
Dropout rate: 3.2874337578524394e-10
Silencing rate: 1.727550978018624e-10
Sigma: 5.443303419326156
Initial point 7. Random seed: 5962
Solving with ultrametric constraint
Optimal point found for initial point 7
Negative llh: 159.70324012424896
Dropout rate: 1e-10
Silencing rate: 1e-10
Sigma: 5.44325004239692
Initial point 8. Random seed: 4050
Solving with ultrametric constraint
Optimal point found for initial point 8
Negative llh: 159.7032400284753
Dropout rate: 1e-10
Silencing rate: 1e-10
Sigma: 5.4432799478629414
Initial point 9. Random seed: 7955
Solving with ultrametric constraint
Optimal point found for initial point 9
Negative llh: 159.70324044586548
Dropout rate: 1.0000000000000007e-10
Silencing rate: 1.0000000000000002e-10
Sigma: 5.443241898142863
Initial point 10. Random seed: 1486
Solving with ultrametric constraint
Optimal point found for initial point 10
Negative llh: 159.70324054086782
Dropout rate: 1.0848376850395596e-10
Silencing rate: 1.0244341694078568e-10
Sigma: 5.443182603922176
Runtime (s): 244.2188720330596
