Launching Problin version 0.5b
Problin was called as follow: /u/gh2161/problin/run_problin.py -c simulated_data/s2c9/k10_r2_character_matrix.csv -t simulated_data/s2c9/true_tree.nwk -S simulated_data/s2c9/true_locations.txt --delimiter comma -p simulated_data/s2c9/k10_priors.csv -o simulated_data/s2c9/k10_r2_spalin_all.txt --nInitials 10 --ultrametric --randomreps 3
Optimization by Spalin: Scipy-SLSQP using spatial information
Optimizing branch lengths, phi, and nu without topology search
Initial point 1. Random seed: 9858
Solving with ultrametric constraint
Optimal point found for initial point 1
Negative llh: 188.4403725737395
Dropout rate: 1.8408814722742445e-09
Silencing rate: 1.7659117919949544e-09
Sigma: 29.30580434449262
Initial point 2. Random seed: 4294
Solving with ultrametric constraint
Optimal point found for initial point 2
Negative llh: 188.44037185025755
Dropout rate: 1.0000000000000007e-10
Silencing rate: 9.999999999999924e-11
Sigma: 29.30610341991251
Initial point 3. Random seed: 627
Solving with ultrametric constraint
Optimal point found for initial point 3
Negative llh: 188.4403716376754
Dropout rate: 1.0223571631738155e-10
Silencing rate: 1e-10
Sigma: 29.304898975126534
Initial point 4. Random seed: 6888
Solving with ultrametric constraint
Optimal point found for initial point 4
Negative llh: 188.44037169344986
Dropout rate: 1e-10
Silencing rate: 1e-10
Sigma: 29.305636261173035
Initial point 5. Random seed: 290
Solving with ultrametric constraint
Optimal point found for initial point 5
Negative llh: 188.44037169427887
Dropout rate: 1e-10
Silencing rate: 1e-10
Sigma: 29.305407242169572
Initial point 6. Random seed: 8003
Solving with ultrametric constraint
Optimal point found for initial point 6
Negative llh: 188.4403717318961
Dropout rate: 1.0059879739389202e-10
Silencing rate: 1.8949152124281006e-10
Sigma: 29.305150085126808
Initial point 7. Random seed: 6354
Solving with ultrametric constraint
Optimal point found for initial point 7
Negative llh: 188.44037184020164
Dropout rate: 1e-10
Silencing rate: 1.0000000000000002e-10
Sigma: 29.30575485511499
Initial point 8. Random seed: 4589
Solving with ultrametric constraint
Optimal point found for initial point 8
Negative llh: 188.44037284893494
Dropout rate: 2.170950956041332e-09
Silencing rate: 3.6226228843196493e-09
Sigma: 29.303320699710202
Initial point 9. Random seed: 4890
Solving with ultrametric constraint
Optimal point found for initial point 9
Negative llh: 188.44037173764022
Dropout rate: 2.2695470342230777e-10
Silencing rate: 2.543445326781305e-10
Sigma: 29.305075560864896
Initial point 10. Random seed: 9057
Solving with ultrametric constraint
Optimal point found for initial point 10
Negative llh: 188.44037438077007
Dropout rate: 6.781731897564103e-09
Silencing rate: 1.4741970619599683e-08
Sigma: 29.307805758162903
Runtime (s): 11.938646476250142
