Launching Problin version 0.5b
Problin was called as follow: /u/gh2161/problin/run_problin.py -c simulated_data/s2c9/k10_r5_character_matrix.csv -t simulated_data/s2c9/true_tree.nwk -S simulated_data/s2c9/true_locations.txt --delimiter comma -p simulated_data/s2c9/k10_priors.csv -o simulated_data/s2c9/k10_r5_spalin_all.txt --nInitials 10 --ultrametric --randomreps 3
Optimization by Spalin: Scipy-SLSQP using spatial information
Optimizing branch lengths, phi, and nu without topology search
Initial point 1. Random seed: 5861
Solving with ultrametric constraint
Optimal point found for initial point 1
Negative llh: 182.12268934334293
Dropout rate: 1.0022438886614015e-10
Silencing rate: 1.0007845405968795e-10
Sigma: 33.188876345393716
Initial point 2. Random seed: 5294
Solving with ultrametric constraint
Optimal point found for initial point 2
Negative llh: 181.445508173542
Dropout rate: 1.3985540885298168e-10
Silencing rate: 1.158164649164563e-10
Sigma: 30.314112268846852
Initial point 3. Random seed: 1578
Solving with ultrametric constraint
Optimal point found for initial point 3
Negative llh: 181.4455067411482
Dropout rate: 9.999999999999996e-11
Silencing rate: 1.0000000000000007e-10
Sigma: 30.310819304584662
Initial point 4. Random seed: 3544
Solving with ultrametric constraint
Optimal point found for initial point 4
Negative llh: 181.44550779061993
Dropout rate: 9.999999999999996e-11
Silencing rate: 9.999999999999996e-11
Sigma: 30.30808489450393
Initial point 5. Random seed: 4206
Solving with ultrametric constraint
Optimal point found for initial point 5
Negative llh: 181.44550684923445
Dropout rate: 1e-10
Silencing rate: 1e-10
Sigma: 30.31068046541059
Initial point 6. Random seed: 2131
Solving with ultrametric constraint
Optimal point found for initial point 6
Negative llh: 181.44550671699278
Dropout rate: 1.0000000000000007e-10
Silencing rate: 1.0000000000000007e-10
Sigma: 30.31075475080359
Initial point 7. Random seed: 7331
Solving with ultrametric constraint
Optimal point found for initial point 7
Negative llh: 181.44550674526317
Dropout rate: 1e-10
Silencing rate: 1e-10
Sigma: 30.310471053265882
Initial point 8. Random seed: 2704
Solving with ultrametric constraint
Optimal point found for initial point 8
Negative llh: 181.44550690976112
Dropout rate: 1.0000000000000007e-10
Silencing rate: 1.0000000000000007e-10
Sigma: 30.310095736539587
Initial point 9. Random seed: 2494
Solving with ultrametric constraint
Optimal point found for initial point 9
Negative llh: 181.44550675617592
Dropout rate: 9.999999999999996e-11
Silencing rate: 1.0000000000000007e-10
Sigma: 30.309678614800504
Initial point 10. Random seed: 8989
Solving with ultrametric constraint
Optimal point found for initial point 10
Negative llh: 181.44550705185668
Dropout rate: 5.372178179665284e-10
Silencing rate: 9.199668932410348e-10
Sigma: 30.310291874264593
Runtime (s): 12.178049272857606
