Launching Problin version 0.5b
Problin was called as follow: /u/gh2161/problin/run_problin.py -c simulated_data/s2c9/k10_r4_character_matrix.csv -t simulated_data/s2c9/true_tree.nwk -S simulated_data/s2c9/true_locations.txt --delimiter comma -p simulated_data/s2c9/k10_priors.csv -o simulated_data/s2c9/k10_r4_spalin_all.txt --nInitials 10 --ultrametric --randomreps 3
Optimization by Spalin: Scipy-SLSQP using spatial information
Optimizing branch lengths, phi, and nu without topology search
Initial point 1. Random seed: 6705
Solving with ultrametric constraint
Optimal point found for initial point 1
Negative llh: 198.49146121969804
Dropout rate: 1.0026807762254403e-10
Silencing rate: 1.0008604931466206e-10
Sigma: 32.44264964349702
Initial point 2. Random seed: 2342
Solving with ultrametric constraint
Optimal point found for initial point 2
Negative llh: 198.49145728795716
Dropout rate: 1.2095724473818394e-10
Silencing rate: 1.6281991180720158e-10
Sigma: 32.45334390279685
Initial point 3. Random seed: 9012
Solving with ultrametric constraint
Optimal point found for initial point 3
Negative llh: 198.49145720719457
Dropout rate: 9.999999999999996e-11
Silencing rate: 1.0000000000000007e-10
Sigma: 32.45412863192242
Initial point 4. Random seed: 1127
Solving with ultrametric constraint
Optimal point found for initial point 4
Negative llh: 198.4914576786481
Dropout rate: 5.310516451767465e-10
Silencing rate: 4.2382626546497144e-10
Sigma: 32.45631580429292
Initial point 5. Random seed: 5163
Solving with ultrametric constraint
Optimal point found for initial point 5
Negative llh: 198.4914578381557
Dropout rate: 1e-10
Silencing rate: 1e-10
Sigma: 32.45411931100831
Initial point 6. Random seed: 400
Solving with ultrametric constraint
Optimal point found for initial point 6
Negative llh: 198.49145783627353
Dropout rate: 1.097829457274681e-09
Silencing rate: 9.710754075945784e-10
Sigma: 32.455024693281686
Initial point 7. Random seed: 7819
Solving with ultrametric constraint
Optimal point found for initial point 7
Negative llh: 198.49145751492142
Dropout rate: 1.0000000000000007e-10
Silencing rate: 1.0000000000000007e-10
Sigma: 32.454519492229394
Initial point 8. Random seed: 127
Solving with ultrametric constraint
Optimal point found for initial point 8
Negative llh: 198.4914572314468
Dropout rate: 1.0000000000000007e-10
Silencing rate: 1.0000000000000007e-10
Sigma: 32.45481359211447
Initial point 9. Random seed: 771
Solving with ultrametric constraint
Optimal point found for initial point 9
Negative llh: 198.4914582872952
Dropout rate: 3.168898337422059e-09
Silencing rate: 2.700131384069786e-09
Sigma: 32.45487750333349
Initial point 10. Random seed: 2185
Solving with ultrametric constraint
Optimal point found for initial point 10
Negative llh: 198.49145778109806
Dropout rate: 5.605134292184184e-10
Silencing rate: 3.8527455609224757e-10
Sigma: 32.45309456234271
Runtime (s): 9.47372470702976
