Launching Problin version 0.5b
Problin was called as follow: /u/gh2161/Spatial-Division/problin/run_problin.py -c real_location_data/s4c3/k10_r4_character_matrix.csv -t real_location_data/s4c3/true_tree.nwk -S real_location_data/s4c3/leaf_locations.txt --delimiter comma -p real_location_data/s4c3/k10_priors.csv -o real_location_data/s4c3/k10_r4_spalin.txt --nInitials 10 --ultrametric --randomreps 3
Optimization by Spalin: Scipy-SLSQP using spatial information
Optimizing branch lengths, phi, and nu without topology search
Initial point 1. Random seed: 7190
Solving with ultrametric constraint
Optimal point found for initial point 1
Negative llh: 156.61637625255418
Dropout rate: 5.825722932522645e-10
Silencing rate: 3.2288198647145776e-10
Sigma: 29.245516827011727
Initial point 2. Random seed: 5675
Solving with ultrametric constraint
Optimal point found for initial point 2
Negative llh: 156.61637609690138
Dropout rate: 1e-10
Silencing rate: 1e-10
Sigma: 29.24518896856688
Initial point 3. Random seed: 3990
Solving with ultrametric constraint
Optimal point found for initial point 3
Negative llh: 156.61637598158336
Dropout rate: 1.0000000000000002e-10
Silencing rate: 1.0000000000000002e-10
Sigma: 29.246737493380206
Initial point 4. Random seed: 1783
Solving with ultrametric constraint
Optimal point found for initial point 4
Negative llh: 156.61637612327354
Dropout rate: 1e-10
Silencing rate: 1e-10
Sigma: 29.246271941032976
Initial point 5. Random seed: 908
Solving with ultrametric constraint
Optimal point found for initial point 5
Negative llh: 156.6163762726411
Dropout rate: 1e-10
Silencing rate: 1.0000000000000002e-10
Sigma: 29.244645135560432
Initial point 6. Random seed: 3911
Solving with ultrametric constraint
Optimal point found for initial point 6
Negative llh: 156.61637627891247
Dropout rate: 4.309574730244796e-10
Silencing rate: 5.652135457280611e-10
Sigma: 29.245650784128056
Initial point 7. Random seed: 7031
Solving with ultrametric constraint
Optimal point found for initial point 7
Negative llh: 156.61637600847857
Dropout rate: 1e-10
Silencing rate: 1e-10
Sigma: 29.246193802309893
Initial point 8. Random seed: 3673
Solving with ultrametric constraint
Optimal point found for initial point 8
Negative llh: 156.616376301563
Dropout rate: 1.0000000000000007e-10
Silencing rate: 1.0000000000000007e-10
Sigma: 29.244185597116893
Initial point 9. Random seed: 2730
Solving with ultrametric constraint
Optimal point found for initial point 9
Negative llh: 156.61637641915445
Dropout rate: 1e-10
Silencing rate: 1e-10
Sigma: 29.24232154890183
Initial point 10. Random seed: 5304
Solving with ultrametric constraint
Optimal point found for initial point 10
Negative llh: 156.61637613619672
Dropout rate: 3.8215595373223417e-10
Silencing rate: 7.951590089723741e-10
Sigma: 29.24515347288345
Traceback (most recent call last):
  File "/u/gh2161/Spatial-Division/problin/run_problin.py", line 223, in <module>
    main()
  File "/u/gh2161/Spatial-Division/problin/run_problin.py", line 214, in main
    for cell in mySolver.params.displacement_amounts:
AttributeError: 'Params' object has no attribute 'displacement_amounts'
