Launching Problin version 0.5b
Problin was called as follow: /u/gh2161/Spatial-Division/problin/run_problin.py -c real_location_data/s4c3/k10_r5_character_matrix.csv -t real_location_data/s4c3/true_tree.nwk -S real_location_data/s4c3/leaf_locations.txt --delimiter comma -p real_location_data/s4c3/k10_priors.csv -o real_location_data/s4c3/k10_r5_spalin-divide-beta3.txt --nInitials 10 --ultrametric --randomreps 3 --divide --given_beta 3 --incl_beta_bound
Optimization by Spalin-Divide: Scipy-SLSQP using spatial information
Optimizing branch lengths, phi, and nu without topology search
Initial point 1. Random seed: 6485
Solving with ultrametric constraint
Optimal point found for initial point 1
Negative llh: 157.6773128963212
Dropout rate: 7.687819074173701e-10
Silencing rate: 5.006075119969235e-10
Sigma: 4.524120725355408
Initial point 2. Random seed: 7360
Solving with ultrametric constraint
Optimal point found for initial point 2
Negative llh: 157.677294409982
Dropout rate: 2.363261465504255e-10
Silencing rate: 1.816433954910445e-10
Sigma: 4.5229288540937995
Initial point 3. Random seed: 9630
Solving with ultrametric constraint
Optimal point found for initial point 3
Negative llh: 157.67729408615295
Dropout rate: 1.0000000000000002e-10
Silencing rate: 1.0000000000000002e-10
Sigma: 4.5229151708839765
Initial point 4. Random seed: 2771
Solving with ultrametric constraint
Optimal point found for initial point 4
Negative llh: 157.6772942441924
Dropout rate: 1.5827119214712408e-10
Silencing rate: 1.3491996398090662e-10
Sigma: 4.52289391678039
Initial point 5. Random seed: 3092
Solving with ultrametric constraint
Optimal point found for initial point 5
Negative llh: 157.67729463833024
Dropout rate: 1e-10
Silencing rate: 1.0968778893871517e-10
Sigma: 4.5230443884540525
Initial point 6. Random seed: 7644
Solving with ultrametric constraint
Optimal point found for initial point 6
Negative llh: 157.67729831282912
Dropout rate: 9.999999999999996e-11
Silencing rate: 1.0000000000000002e-10
Sigma: 4.5229549422482815
Initial point 7. Random seed: 2276
Solving with ultrametric constraint
Fatal: failed to optimize using initial point 7
Initial point 8. Random seed: 3235
Solving with ultrametric constraint
Optimal point found for initial point 8
Negative llh: 157.6772940485229
Dropout rate: 1.96373723900643e-10
Silencing rate: 1.5774831352208293e-10
Sigma: 4.522924151285629
Initial point 9. Random seed: 6952
Solving with ultrametric constraint
Optimal point found for initial point 9
Negative llh: 157.67729421347457
Dropout rate: 1.401010050129696e-10
Silencing rate: 1.2403861013363455e-10
Sigma: 4.522904408389415
Initial point 10. Random seed: 7627
Solving with ultrametric constraint
Optimal point found for initial point 10
Negative llh: 157.67729402283283
Dropout rate: 1.0000000000000002e-10
Silencing rate: 1.0000000000000002e-10
Sigma: 4.522913182665974
Runtime (s): 583.4187451768667
