Launching Problin version 0.5b
Problin was called as follow: /u/gh2161/problin/run_problin.py -c simulated_data/s4c3/k10_r5_character_matrix.csv -t simulated_data/s4c3/true_tree.nwk --delimiter comma -p simulated_data/s4c3/k10_priors.csv -o simulated_data/s4c3/k10_r5_problin.txt --nInitials 10 --ultrametric --randomreps 3
Optimization by EM algorithm
Optimizing branch lengths, phi, and nu without topology search
Initial point 1. Random seed: 5010
Solving with ultrametric constraint
Initial phi: 0.13005453951614912. Initial nu: 0.4733601997312616. Initial nllh: 6696.057674351623
EM finished after 32 iterations.
Optimal point found for initial point 1
Negative llh: 51.45448332830986
Dropout rate: 0
Silencing rate: 6.505252709367378e-07
Initial point 2. Random seed: 284
Solving with ultrametric constraint
Initial phi: 0.49464670559793333. Initial nu: 0.006446933607034324. Initial nllh: 147.4905969897755
EM finished after 8 iterations.
Optimal point found for initial point 2
Negative llh: 51.45448332877459
Dropout rate: 0
Silencing rate: 6.505516485156663e-07
Initial point 3. Random seed: 3748
Solving with ultrametric constraint
Initial phi: 0.7067874727142442. Initial nu: 0.3338248907939481. Initial nllh: 248.40617920436281
EM finished after 11 iterations.
Optimal point found for initial point 3
Negative llh: 51.45448330373007
Dropout rate: 0
Silencing rate: 6.499764318603921e-07
Initial point 4. Random seed: 8791
Solving with ultrametric constraint
Initial phi: 5.883733013251069e-05. Initial nu: 0.6696032719761925. Initial nllh: 101.99374916297727
EM finished after 16 iterations.
Optimal point found for initial point 4
Negative llh: 51.45448344124577
Dropout rate: 0
Silencing rate: 6.505972683313723e-07
Initial point 5. Random seed: 9183
Solving with ultrametric constraint
Initial phi: 0.8911984420665686. Initial nu: 0.5859890993978194. Initial nllh: 406.2285517380612
EM finished after 15 iterations.
Optimal point found for initial point 5
Negative llh: 51.45448375424518
Dropout rate: 0
Silencing rate: 6.549740653450953e-07
Initial point 6. Random seed: 6742
Solving with ultrametric constraint
Initial phi: 0.46611974281772267. Initial nu: 0.30626070774308545. Initial nllh: 162.42820975407253
EM finished after 10 iterations.
Optimal point found for initial point 6
Negative llh: 51.45448332227208
Dropout rate: 0
Silencing rate: 6.502559648673763e-07
Initial point 7. Random seed: 6162
Solving with ultrametric constraint
Initial phi: 0.5844690776665864. Initial nu: 0.8273432784815834. Initial nllh: 236.83677461791103
EM finished after 18 iterations.
Optimal point found for initial point 7
Negative llh: 51.454483674231184
Dropout rate: 0
Silencing rate: 6.537366815988978e-07
Initial point 8. Random seed: 6399
Solving with ultrametric constraint
Initial phi: 0.03817338412374284. Initial nu: 0.6609116231933355. Initial nllh: 106.7793859320953
EM finished after 18 iterations.
Optimal point found for initial point 8
Negative llh: 51.45448369476449
Dropout rate: 0
Silencing rate: 6.552448734219443e-07
Initial point 9. Random seed: 5827
Solving with ultrametric constraint
Initial phi: 0.601581280389272. Initial nu: 0.9315940609860568. Initial nllh: 250.59173229824466
EM finished after 19 iterations.
Optimal point found for initial point 9
Negative llh: 51.45448382951311
Dropout rate: 0
Silencing rate: 6.554285845119346e-07
Initial point 10. Random seed: 6576
Solving with ultrametric constraint
Initial phi: 0.6720391776203866. Initial nu: 0.9885308157882928. Initial nllh: 282.1350290036915
EM finished after 20 iterations.
Optimal point found for initial point 10
Negative llh: 51.45448339495564
Dropout rate: 0
Silencing rate: 6.505452700448567e-07
Traceback (most recent call last):
  File "/u/gh2161/problin/run_problin.py", line 193, in <module>
    main()
  File "/u/gh2161/problin/run_problin.py", line 172, in main
    fout.write("Sigma: " + str(opt_params['sigma']) + "\n")
KeyError: 'sigma'
