Launching Problin version 0.5b
Problin was called as follow: /u/gh2161/Spatial-Division/problin/run_problin.py -c real_location_data/s4c3/k10_r5_character_matrix.csv -t real_location_data/s4c3/true_tree.nwk -S real_location_data/s4c3/leaf_locations.txt --delimiter comma -p real_location_data/s4c3/k10_priors.csv -o real_location_data/s4c3/k10_r5_spalin-divide-beta05.txt --nInitials 10 --ultrametric --randomreps 3 --divide --given_beta 0.5 --incl_beta_bound
Optimization by Spalin-Divide: Scipy-SLSQP using spatial information
Optimizing branch lengths, phi, and nu without topology search
Initial point 1. Random seed: 5780
Solving with ultrametric constraint
Optimal point found for initial point 1
Negative llh: 165.33909146049342
Dropout rate: 3.9732422219532826e-10
Silencing rate: 2.5580328521143583e-10
Sigma: 5.205728698327745
Initial point 2. Random seed: 9242
Solving with ultrametric constraint
Optimal point found for initial point 2
Negative llh: 165.33909102171503
Dropout rate: 1.860358543482718e-10
Silencing rate: 1.4878356098304857e-10
Sigma: 5.205699715581122
Initial point 3. Random seed: 5266
Solving with ultrametric constraint
Optimal point found for initial point 3
Negative llh: 165.33909135679139
Dropout rate: 1.2044179245461798e-09
Silencing rate: 8.275924773826999e-10
Sigma: 5.205693578637869
Initial point 4. Random seed: 7264
Solving with ultrametric constraint
Optimal point found for initial point 4
Negative llh: 165.33909108991912
Dropout rate: 9.999999999999996e-11
Silencing rate: 9.999999999999996e-11
Sigma: 5.20571659668353
Initial point 5. Random seed: 4062
Solving with ultrametric constraint
Optimal point found for initial point 5
Negative llh: 165.3390910556945
Dropout rate: 1.0000000000000002e-10
Silencing rate: 1.0000000000000002e-10
Sigma: 5.205798939513774
Initial point 6. Random seed: 9670
Solving with ultrametric constraint
Optimal point found for initial point 6
Negative llh: 165.33909104945135
Dropout rate: 1.0000000000000007e-10
Silencing rate: 1.0000000000000007e-10
Sigma: 5.205724657771249
Initial point 7. Random seed: 4128
Solving with ultrametric constraint
Optimal point found for initial point 7
Negative llh: 165.33909101422861
Dropout rate: 1.0000000000000002e-10
Silencing rate: 1.0000000000000002e-10
Sigma: 5.205733130254321
Initial point 8. Random seed: 8239
Solving with ultrametric constraint
Optimal point found for initial point 8
Negative llh: 165.33909105642653
Dropout rate: 9.999999999999996e-11
Silencing rate: 1.0000000000000002e-10
Sigma: 5.205730680497327
Initial point 9. Random seed: 6478
Solving with ultrametric constraint
Optimal point found for initial point 9
Negative llh: 165.33909116179078
Dropout rate: 1e-10
Silencing rate: 1e-10
Sigma: 5.205768391386369
Initial point 10. Random seed: 8950
Solving with ultrametric constraint
Optimal point found for initial point 10
Negative llh: 165.33909111541746
Dropout rate: 3.6432096118526154e-10
Silencing rate: 2.667982137757976e-10
Sigma: 5.205735671302785
Runtime (s): 452.49450856633484
