Launching Problin version 0.5b
Problin was called as follow: /u/gh2161/Spatial-Division/problin/run_problin.py -c real_location_data/s4c3/k10_r3_character_matrix.csv -t real_location_data/s4c3/true_tree.nwk -S real_location_data/s4c3/leaf_locations.txt --delimiter comma -p real_location_data/s4c3/k10_priors.csv -o real_location_data/s4c3/k10_r3_spalin-divide-beta05.txt --nInitials 10 --ultrametric --randomreps 3 --divide --given_beta 0.5 --incl_beta_bound
Optimization by Spalin-Divide: Scipy-SLSQP using spatial information
Optimizing branch lengths, phi, and nu without topology search
Initial point 1. Random seed: 6884
Solving with ultrametric constraint
Optimal point found for initial point 1
Negative llh: 167.34127162422374
Dropout rate: 9.999999999999996e-11
Silencing rate: 1.0000000000000002e-10
Sigma: 5.620649918087518
Initial point 2. Random seed: 7839
Solving with ultrametric constraint
Optimal point found for initial point 2
Negative llh: 167.34127246175225
Dropout rate: 7.101443319699195e-10
Silencing rate: 6.090295670551196e-10
Sigma: 5.620694729038921
Initial point 3. Random seed: 7062
Solving with ultrametric constraint
Optimal point found for initial point 3
Negative llh: 167.34127158893642
Dropout rate: 1.2326136277603786e-10
Silencing rate: 1.1000405740447272e-10
Sigma: 5.6206511995049615
Initial point 4. Random seed: 883
Solving with ultrametric constraint
Optimal point found for initial point 4
Negative llh: 167.34127171550628
Dropout rate: 3.5727504558577217e-10
Silencing rate: 2.8537095197091953e-10
Sigma: 5.620665572051628
Initial point 5. Random seed: 4076
Solving with ultrametric constraint
Optimal point found for initial point 5
Negative llh: 167.34127186224114
Dropout rate: 6.278301032868302e-10
Silencing rate: 3.722886664812617e-10
Sigma: 5.620660450633596
Initial point 6. Random seed: 4178
Solving with ultrametric constraint
Optimal point found for initial point 6
Negative llh: 167.34127179348633
Dropout rate: 4.93597641052919e-10
Silencing rate: 2.8250963683071553e-10
Sigma: 5.620718929836765
Initial point 7. Random seed: 1680
Solving with ultrametric constraint
Optimal point found for initial point 7
Negative llh: 167.3412720115507
Dropout rate: 1.5031015983645165e-09
Silencing rate: 9.46696943473736e-10
Sigma: 5.620740160152999
Initial point 8. Random seed: 2213
Solving with ultrametric constraint
Optimal point found for initial point 8
Negative llh: 167.34127168008365
Dropout rate: 1e-10
Silencing rate: 1e-10
Sigma: 5.6207529810389705
Initial point 9. Random seed: 612
Solving with ultrametric constraint
Optimal point found for initial point 9
Negative llh: 167.34127149892777
Dropout rate: 1e-10
Silencing rate: 1e-10
Sigma: 5.620668075101962
Initial point 10. Random seed: 6794
Solving with ultrametric constraint
Optimal point found for initial point 10
Negative llh: 167.34127160232615
Dropout rate: 1e-10
Silencing rate: 1e-10
Sigma: 5.6206409442603285
Runtime (s): 436.32135062105954
