Launching Problin version 0.5b
Problin was called as follow: /u/gh2161/Spatial-Division/problin/run_problin.py -c real_location_data/s4c3/k10_r2_character_matrix.csv -t real_location_data/s4c3/true_tree.nwk -S real_location_data/s4c3/leaf_locations.txt --delimiter comma -p real_location_data/s4c3/k10_priors.csv -o real_location_data/s4c3/k10_r2_spalin-divide-beta1.txt --nInitials 10 --ultrametric --randomreps 3 --divide --given_beta 1 --incl_beta_bound
Optimization by Spalin-Divide: Scipy-SLSQP using spatial information
Optimizing branch lengths, phi, and nu without topology search
Initial point 1. Random seed: 2753
Solving with ultrametric constraint
Optimal point found for initial point 1
Negative llh: 169.06695418047516
Dropout rate: 9.999999999999996e-11
Silencing rate: 1.0000000000000002e-10
Sigma: 5.719930474609031
Initial point 2. Random seed: 525
Solving with ultrametric constraint
Optimal point found for initial point 2
Negative llh: 169.06695417242923
Dropout rate: 1e-10
Silencing rate: 1e-10
Sigma: 5.719996699214491
Initial point 3. Random seed: 6083
Solving with ultrametric constraint
Optimal point found for initial point 3
Negative llh: 169.06695401219912
Dropout rate: 1.0000000000000002e-10
Silencing rate: 1.0000000000000002e-10
Sigma: 5.720185184142166
Initial point 4. Random seed: 1297
Solving with ultrametric constraint
Optimal point found for initial point 4
Negative llh: 169.0669540226037
Dropout rate: 3.6434363478140896e-10
Silencing rate: 2.2830522622177949e-10
Sigma: 5.720273372196391
Initial point 5. Random seed: 2962
Solving with ultrametric constraint
Optimal point found for initial point 5
Negative llh: 169.06695385135166
Dropout rate: 9.999999999999996e-11
Silencing rate: 9.999999999999996e-11
Sigma: 5.720093569200685
Initial point 6. Random seed: 249
Solving with ultrametric constraint
Optimal point found for initial point 6
Negative llh: 169.06696348433454
Dropout rate: 9.203518020788519e-10
Silencing rate: 5.415415513608407e-10
Sigma: 5.719804805430229
Initial point 7. Random seed: 5586
Solving with ultrametric constraint
Optimal point found for initial point 7
Negative llh: 169.0669541058923
Dropout rate: 3.1172605279816843e-10
Silencing rate: 1.7708066772069086e-10
Sigma: 5.720059730624246
Initial point 8. Random seed: 6832
Solving with ultrametric constraint
Optimal point found for initial point 8
Negative llh: 169.06695382171938
Dropout rate: 1e-10
Silencing rate: 1e-10
Sigma: 5.720106819843346
Initial point 9. Random seed: 7377
Solving with ultrametric constraint
Optimal point found for initial point 9
Negative llh: 169.0669538034523
Dropout rate: 1.0000000000000002e-10
Silencing rate: 1e-10
Sigma: 5.720081592452848
Initial point 10. Random seed: 9025
Solving with ultrametric constraint
Optimal point found for initial point 10
Negative llh: 169.06697389491234
Dropout rate: 1.00366631383088e-09
Silencing rate: 6.892957511984334e-10
Sigma: 5.720473769862579
Runtime (s): 773.2349532842636
