Launching Problin version 0.5b
Problin was called as follow: /u/gh2161/Spatial-Division/problin/run_problin.py -c real_location_data/s4c3/k10_r5_character_matrix.csv -t real_location_data/s4c3/true_tree.nwk -S real_location_data/s4c3/leaf_locations.txt --delimiter comma -p real_location_data/s4c3/k10_priors.csv -o real_location_data/s4c3/k10_r5_spalin.txt --nInitials 10 --ultrametric --randomreps 3
Optimization by Spalin: Scipy-SLSQP using spatial information
Optimizing branch lengths, phi, and nu without topology search
Initial point 1. Random seed: 6607
Solving with ultrametric constraint
Optimal point found for initial point 1
Negative llh: 142.6985549492874
Dropout rate: 5.591048832544465e-10
Silencing rate: 3.97225902754711e-10
Sigma: 28.072436926190374
Initial point 2. Random seed: 1879
Solving with ultrametric constraint
Optimal point found for initial point 2
Negative llh: 142.69855488909056
Dropout rate: 1.0983257725424464e-10
Silencing rate: 1.633069155455974e-10
Sigma: 28.07284859985446
Initial point 3. Random seed: 2196
Solving with ultrametric constraint
Optimal point found for initial point 3
Negative llh: 142.69855479814856
Dropout rate: 1e-10
Silencing rate: 1e-10
Sigma: 28.073024797717853
Initial point 4. Random seed: 6188
Solving with ultrametric constraint
Optimal point found for initial point 4
Negative llh: 142.69855492082786
Dropout rate: 1.5909176041733867e-10
Silencing rate: 1.5476104770384522e-10
Sigma: 28.07415336902163
Initial point 5. Random seed: 4488
Solving with ultrametric constraint
Optimal point found for initial point 5
Negative llh: 142.69855477846755
Dropout rate: 1.0000000000000007e-10
Silencing rate: 1.0000000000000007e-10
Sigma: 28.072682586235818
Initial point 6. Random seed: 7929
Solving with ultrametric constraint
Optimal point found for initial point 6
Negative llh: 142.69855483723094
Dropout rate: 1e-10
Silencing rate: 1e-10
Sigma: 28.07264667394008
Initial point 7. Random seed: 3975
Solving with ultrametric constraint
Optimal point found for initial point 7
Negative llh: 142.69856180192912
Dropout rate: 1.7087709286373035e-10
Silencing rate: 1.4017347243259254e-10
Sigma: 28.093396907114474
Initial point 8. Random seed: 6987
Solving with ultrametric constraint
Optimal point found for initial point 8
Negative llh: 142.69855517938723
Dropout rate: 1.9586085837095447e-10
Silencing rate: 1.720787167532861e-10
Sigma: 28.068499849803285
Initial point 9. Random seed: 4403
Solving with ultrametric constraint
Optimal point found for initial point 9
Negative llh: 142.69855475234397
Dropout rate: 1e-10
Silencing rate: 1e-10
Sigma: 28.07279603445288
Initial point 10. Random seed: 4945
Solving with ultrametric constraint
Optimal point found for initial point 10
Negative llh: 142.69855759935024
Dropout rate: 5.031120882773608e-10
Silencing rate: 3.287549209192777e-10
Sigma: 28.057060701550192
Traceback (most recent call last):
  File "/u/gh2161/Spatial-Division/problin/run_problin.py", line 223, in <module>
    main()
  File "/u/gh2161/Spatial-Division/problin/run_problin.py", line 214, in main
    for cell in mySolver.params.displacement_amounts:
AttributeError: 'Params' object has no attribute 'displacement_amounts'
