Launching Problin version 0.5b
Problin was called as follow: /u/gh2161/problin/run_problin.py -c simulated_data/s4c3/k10_r3_character_matrix.csv -t simulated_data/s4c3/true_tree.nwk --delimiter comma -p simulated_data/s4c3/k10_priors.csv -o simulated_data/s4c3/k10_r3_problin.txt --nInitials 10 --ultrametric --randomreps 3
Optimization by EM algorithm
Optimizing branch lengths, phi, and nu without topology search
Initial point 1. Random seed: 2553
Solving with ultrametric constraint
Initial phi: 0.2586812653941922. Initial nu: 0.7138587452108597. Initial nllh: 9717.707671273047
EM finished after 22 iterations.
Optimal point found for initial point 1
Negative llh: 53.27762165782419
Dropout rate: 0
Silencing rate: 8.306765200631892e-07
Initial point 2. Random seed: 49
Solving with ultrametric constraint
Initial phi: 0.20419598432775019. Initial nu: 0.9010135556605477. Initial nllh: 137.15401335948283
EM finished after 17 iterations.
Optimal point found for initial point 2
Negative llh: 53.27762149584297
Dropout rate: 0
Silencing rate: 8.286995833836363e-07
Initial point 3. Random seed: 7021
Solving with ultrametric constraint
Initial phi: 0.721980165315609. Initial nu: 0.9293438780133845. Initial nllh: 286.0182456842237
EM finished after 17 iterations.
Optimal point found for initial point 3
Negative llh: 53.27762776036538
Dropout rate: 0
Silencing rate: 9.372312218018983e-07
Initial point 4. Random seed: 4051
Solving with ultrametric constraint
Initial phi: 0.24815161187442103. Initial nu: 0.07175499421033868. Initial nllh: 97.34167018307141
EM finished after 14 iterations.
Optimal point found for initial point 4
Negative llh: 53.27762100597833
Dropout rate: 0
Silencing rate: 8.282007616283539e-07
Initial point 5. Random seed: 2741
Solving with ultrametric constraint
Initial phi: 0.0750434786970921. Initial nu: 0.3698989083001362. Initial nllh: 85.50588840460495
EM finished after 17 iterations.
Optimal point found for initial point 5
Negative llh: 53.277621047771426
Dropout rate: 0
Silencing rate: 8.275879118467658e-07
Initial point 6. Random seed: 531
Solving with ultrametric constraint
Initial phi: 0.25931515059724597. Initial nu: 0.17095099245786854. Initial nllh: 105.149956394112
EM finished after 13 iterations.
Optimal point found for initial point 6
Negative llh: 53.27762142772837
Dropout rate: 0
Silencing rate: 8.265866704285044e-07
Initial point 7. Random seed: 8719
Solving with ultrametric constraint
Initial phi: 0.28962356990513505. Initial nu: 0.5232879284438304. Initial nllh: 131.29425952274914
EM finished after 21 iterations.
Optimal point found for initial point 7
Negative llh: 53.27762107716891
Dropout rate: 0
Silencing rate: 8.303091796670975e-07
Initial point 8. Random seed: 875
Solving with ultrametric constraint
Initial phi: 0.2867083271066939. Initial nu: 0.6609574321657672. Initial nllh: 138.65162926688532
EM finished after 17 iterations.
Optimal point found for initial point 8
Negative llh: 53.277627573100574
Dropout rate: 0
Silencing rate: 9.365611430618207e-07
Initial point 9. Random seed: 188
Solving with ultrametric constraint
Initial phi: 0.3067940943041087. Initial nu: 0.5652417573074767. Initial nllh: 137.1365499878188
EM finished after 17 iterations.
Optimal point found for initial point 9
Negative llh: 53.27762155219054
Dropout rate: 0
Silencing rate: 8.336051606620896e-07
Initial point 10. Random seed: 3134
Solving with ultrametric constraint
Initial phi: 0.2218790848725317. Initial nu: 0.937996918932068. Initial nllh: 142.43042157158592
EM finished after 18 iterations.
Optimal point found for initial point 10
Negative llh: 53.27762145185952
Dropout rate: 0
Silencing rate: 8.318479857388461e-07
Traceback (most recent call last):
  File "/u/gh2161/problin/run_problin.py", line 193, in <module>
    main()
  File "/u/gh2161/problin/run_problin.py", line 172, in main
    fout.write("Sigma: " + str(opt_params['sigma']) + "\n")
KeyError: 'sigma'
