Launching Problin version 0.5b
Problin was called as follow: /u/gh2161/problin/run_problin.py -c simulated_data/s4c3/k10_r5_character_matrix.csv -t simulated_data/s4c3/true_tree.nwk -S simulated_data/s4c3/true_locations.txt --delimiter comma -p simulated_data/s4c3/k10_priors.csv -o simulated_data/s4c3/k10_r5_spalin_all.txt --nInitials 10 --ultrametric --randomreps 3
Optimization by Spalin: Scipy-SLSQP using spatial information
Optimizing branch lengths, phi, and nu without topology search
Initial point 1. Random seed: 3022
Solving with ultrametric constraint
Optimal point found for initial point 1
Negative llh: 206.49063161783616
Dropout rate: 9.999999999999996e-11
Silencing rate: 9.999999999999996e-11
Sigma: 25.32529520686811
Initial point 2. Random seed: 5708
Solving with ultrametric constraint
Optimal point found for initial point 2
Negative llh: 206.49063219830066
Dropout rate: 9.075460082838727e-10
Silencing rate: 3.794265493356983e-09
Sigma: 25.325515480882185
Initial point 3. Random seed: 3841
Solving with ultrametric constraint
Optimal point found for initial point 3
Negative llh: 206.49063191082823
Dropout rate: 7.154500427653889e-10
Silencing rate: 2.1964921831339552e-09
Sigma: 25.325520623145206
Initial point 4. Random seed: 7734
Solving with ultrametric constraint
Optimal point found for initial point 4
Negative llh: 206.49063227548604
Dropout rate: 2.4488619463252828e-09
Silencing rate: 3.744301656286727e-09
Sigma: 25.32531133948546
Initial point 5. Random seed: 9492
Solving with ultrametric constraint
Optimal point found for initial point 5
Negative llh: 206.49073783815857
Dropout rate: 7.987768921055164e-09
Silencing rate: 9.837874385593703e-09
Sigma: 25.326525317674832
Initial point 6. Random seed: 8458
Solving with ultrametric constraint
Optimal point found for initial point 6
Negative llh: 206.49063167770362
Dropout rate: 1.9437487873040716e-10
Silencing rate: 2.6373426015205423e-10
Sigma: 25.325455680182205
Initial point 7. Random seed: 924
Solving with ultrametric constraint
Optimal point found for initial point 7
Negative llh: 206.49063144422408
Dropout rate: 1e-10
Silencing rate: 1e-10
Sigma: 25.324859225957336
Initial point 8. Random seed: 8603
Solving with ultrametric constraint
Optimal point found for initial point 8
Negative llh: 206.49063215059658
Dropout rate: 1e-10
Silencing rate: 1e-10
Sigma: 25.325947823258527
Initial point 9. Random seed: 6544
Solving with ultrametric constraint
Optimal point found for initial point 9
Negative llh: 206.4906357268784
Dropout rate: 1e-10
Silencing rate: 1e-10
Sigma: 25.32647860595113
Initial point 10. Random seed: 2245
Solving with ultrametric constraint
Optimal point found for initial point 10
Negative llh: 206.49063185420874
Dropout rate: 4.1686306921857563e-10
Silencing rate: 5.321133162343582e-10
Sigma: 25.325625985614064
Runtime (s): 22.875903332140297
