Launching Problin version 0.5b
Problin was called as follow: /u/gh2161/Spatial-Division/problin/run_problin.py -c real_location_data/s2c8/k10_r3_character_matrix.csv -t real_location_data/s2c8/true_tree.nwk -S real_location_data/s2c8/leaf_locations.txt --delimiter comma -p real_location_data/s2c8/k10_priors.csv -o real_location_data/s2c8/k10_r3_spalin-divide-beta3.txt --nInitials 10 --ultrametric --randomreps 3 --divide --given_beta 3 --incl_beta_bound
Optimization by Spalin-Divide: Scipy-SLSQP using spatial information
Optimizing branch lengths, phi, and nu without topology search
Initial point 1. Random seed: 5877
Solving with ultrametric constraint
Optimal point found for initial point 1
Negative llh: 139.19333994740236
Dropout rate: 1e-10
Silencing rate: 1e-10
Sigma: 4.9440938977697835
Initial point 2. Random seed: 2247
Solving with ultrametric constraint
Optimal point found for initial point 2
Negative llh: 139.1933405543786
Dropout rate: 1e-10
Silencing rate: 1e-10
Sigma: 4.943816204854864
Initial point 3. Random seed: 305
Solving with ultrametric constraint
Optimal point found for initial point 3
Negative llh: 139.19333992402719
Dropout rate: 1.3249554185752254e-10
Silencing rate: 1.3635451608604932e-10
Sigma: 4.944092882630573
Initial point 4. Random seed: 7169
Solving with ultrametric constraint
Optimal point found for initial point 4
Negative llh: 139.19334014393996
Dropout rate: 2.0960871598484806e-10
Silencing rate: 1.5212451021179163e-10
Sigma: 4.94400190280746
Initial point 5. Random seed: 6525
Solving with ultrametric constraint
Optimal point found for initial point 5
Negative llh: 139.19334053680848
Dropout rate: 1e-10
Silencing rate: 1e-10
Sigma: 4.94415769717149
Initial point 6. Random seed: 575
Solving with ultrametric constraint
Optimal point found for initial point 6
Negative llh: 139.1933400889701
Dropout rate: 3.0337999532796436e-10
Silencing rate: 2.6294001049893815e-10
Sigma: 4.944079445873709
Initial point 7. Random seed: 7581
Solving with ultrametric constraint
Optimal point found for initial point 7
Negative llh: 139.19334047874435
Dropout rate: 4.171071132171003e-10
Silencing rate: 2.734161365444941e-10
Sigma: 4.944151663756064
Initial point 8. Random seed: 4687
Solving with ultrametric constraint
Optimal point found for initial point 8
Negative llh: 139.1933401631121
Dropout rate: 2.2052699545981212e-10
Silencing rate: 2.094725003880329e-10
Sigma: 4.944082081999352
Initial point 9. Random seed: 4756
Solving with ultrametric constraint
Optimal point found for initial point 9
Negative llh: 139.1933401817129
Dropout rate: 3.92028411194122e-10
Silencing rate: 4.148297197433785e-10
Sigma: 4.9440700726392866
Initial point 10. Random seed: 9038
Solving with ultrametric constraint
Optimal point found for initial point 10
Negative llh: 139.19334006952846
Dropout rate: 4.517349378719339e-10
Silencing rate: 2.2738092767277636e-10
Sigma: 4.9440777327217775
Runtime (s): 245.75767464190722
