Launching Problin version 0.5b
Problin was called as follow: /u/gh2161/problin/run_problin.py -c simulated_data/s2c8/k10_r3_character_matrix.csv -t simulated_data/s2c8/true_tree.nwk -S simulated_data/s2c8/true_locations.txt --delimiter comma -p simulated_data/s2c8/k10_priors.csv -o simulated_data/s2c8/k10_r3_spalin_all.txt --nInitials 10 --ultrametric --randomreps 3
Optimization by Spalin: Scipy-SLSQP using spatial information
Optimizing branch lengths, phi, and nu without topology search
Initial point 1. Random seed: 4487
Solving with ultrametric constraint
Optimal point found for initial point 1
Negative llh: 174.01081218899736
Dropout rate: 1e-10
Silencing rate: 1e-10
Sigma: 28.361132449165083
Initial point 2. Random seed: 192
Solving with ultrametric constraint
Optimal point found for initial point 2
Negative llh: 174.01081261323378
Dropout rate: 1.0000000000000007e-10
Silencing rate: 1.0000000000000007e-10
Sigma: 28.358150872609635
Initial point 3. Random seed: 9443
Solving with ultrametric constraint
Optimal point found for initial point 3
Negative llh: 174.01081247847335
Dropout rate: 1.0813532140839572e-10
Silencing rate: 1.076145992700969e-10
Sigma: 28.36105515096627
Initial point 4. Random seed: 3053
Solving with ultrametric constraint
Optimal point found for initial point 4
Negative llh: 174.0108123955941
Dropout rate: 8.622821252357507e-10
Silencing rate: 1.8819545689858708e-09
Sigma: 28.361559314490894
Initial point 5. Random seed: 9092
Solving with ultrametric constraint
Optimal point found for initial point 5
Negative llh: 174.01081226290867
Dropout rate: 2.7163421566922947e-10
Silencing rate: 4.366764708194844e-10
Sigma: 28.359879905669654
Initial point 6. Random seed: 9047
Solving with ultrametric constraint
Optimal point found for initial point 6
Negative llh: 174.01081241099007
Dropout rate: 2.6004083746395966e-10
Silencing rate: 2.576899669198365e-10
Sigma: 28.359977515541857
Initial point 7. Random seed: 9312
Solving with ultrametric constraint
Optimal point found for initial point 7
Negative llh: 174.01081235634592
Dropout rate: 1e-10
Silencing rate: 1e-10
Sigma: 28.361588532760404
Initial point 8. Random seed: 9978
Solving with ultrametric constraint
Optimal point found for initial point 8
Negative llh: 174.01081299423637
Dropout rate: 1.9868131686101893e-09
Silencing rate: 7.3732057908831084e-09
Sigma: 28.360674696524907
Initial point 9. Random seed: 6546
Solving with ultrametric constraint
Optimal point found for initial point 9
Negative llh: 174.01081256422464
Dropout rate: 1.0000000000000002e-10
Silencing rate: 1.0000000000000007e-10
Sigma: 28.363136431197464
Initial point 10. Random seed: 6152
Solving with ultrametric constraint
Optimal point found for initial point 10
Negative llh: 174.01081215740777
Dropout rate: 1.0000000000000002e-10
Silencing rate: 1.0000000000000002e-10
Sigma: 28.36116164813294
Runtime (s): 6.7611221661791205
