Launching Problin version 0.5b
Problin was called as follow: /u/gh2161/problin/run_problin.py -c simulated_data/s2c8/k10_r2_character_matrix.csv -t simulated_data/s2c8/true_tree.nwk -S simulated_data/s2c8/leaf_locations.txt --delimiter comma -p simulated_data/s2c8/k10_priors.csv -o simulated_data/s2c8/k10_r2_spalin_leaves_newfelsen.txt --nInitials 10 --ultrametric --randomreps 3
Optimization by Spalin: Scipy-SLSQP using spatial information
Optimizing branch lengths, phi, and nu without topology search
Initial point 1. Random seed: 477
Solving with ultrametric constraint
Optimal point found for initial point 1
Negative llh: 111.83625122470733
Dropout rate: 1e-10
Silencing rate: 1e-10
Sigma: 7.97237534235553
Initial point 2. Random seed: 124
Solving with ultrametric constraint
Optimal point found for initial point 2
Negative llh: 111.8362514724574
Dropout rate: 1.905130234332301e-10
Silencing rate: 2.8727587344643093e-10
Sigma: 7.973374002466645
Initial point 3. Random seed: 1732
Solving with ultrametric constraint
Optimal point found for initial point 3
Negative llh: 111.83625150595954
Dropout rate: 4.318176624710809e-10
Silencing rate: 5.042139167822125e-10
Sigma: 7.97159892764038
Initial point 4. Random seed: 985
Solving with ultrametric constraint
Optimal point found for initial point 4
Negative llh: 111.83625169974124
Dropout rate: 9.999999999999996e-11
Silencing rate: 1.0000000000000002e-10
Sigma: 7.972802268952752
Initial point 5. Random seed: 5739
Solving with ultrametric constraint
Optimal point found for initial point 5
Negative llh: 111.83625139251414
Dropout rate: 2.601714324812285e-10
Silencing rate: 1.326826194996188e-10
Sigma: 7.970971534368069
Initial point 6. Random seed: 6939
Solving with ultrametric constraint
Optimal point found for initial point 6
Negative llh: 111.83625179574258
Dropout rate: 1e-10
Silencing rate: 1e-10
Sigma: 7.969989291192868
Initial point 7. Random seed: 4870
Solving with ultrametric constraint
Optimal point found for initial point 7
Negative llh: 111.83625138296907
Dropout rate: 2.317585878204621e-10
Silencing rate: 4.81725481254796e-10
Sigma: 7.97171884598112
Initial point 8. Random seed: 1038
Solving with ultrametric constraint
Optimal point found for initial point 8
Negative llh: 111.83625127903699
Dropout rate: 1e-10
Silencing rate: 1e-10
Sigma: 7.971898707978853
Initial point 9. Random seed: 4228
Solving with ultrametric constraint
Optimal point found for initial point 9
Negative llh: 111.8362515912362
Dropout rate: 2.4929071235451505e-10
Silencing rate: 1.7073431291697985e-10
Sigma: 7.971329119368283
Initial point 10. Random seed: 9038
Solving with ultrametric constraint
Optimal point found for initial point 10
Negative llh: 111.83625164337984
Dropout rate: 2.351837454325211e-10
Silencing rate: 2.933067382967802e-10
Sigma: 7.97268083104011
Runtime (s): 47.49490332044661
