Launching Problin version 0.5b
Problin was called as follow: /u/gh2161/Spatial-Division/problin/run_problin.py -c real_location_data/s2c8/k10_r4_character_matrix.csv -t real_location_data/s2c8/true_tree.nwk -S real_location_data/s2c8/leaf_locations.txt --delimiter comma -p real_location_data/s2c8/k10_priors.csv -o real_location_data/s2c8/k10_r4_spalin.txt --nInitials 10 --ultrametric --randomreps 3
Optimization by Spalin: Scipy-SLSQP using spatial information
Optimizing branch lengths, phi, and nu without topology search
Initial point 1. Random seed: 5488
Solving with ultrametric constraint
Optimal point found for initial point 1
Negative llh: 111.49402590284225
Dropout rate: 1.1697959196304184e-10
Silencing rate: 1.3501830948525495e-10
Sigma: 27.61244878826497
Initial point 2. Random seed: 8043
Solving with ultrametric constraint
Optimal point found for initial point 2
Negative llh: 111.4940259092763
Dropout rate: 2.2000969469005319e-10
Silencing rate: 2.391636911095276e-10
Sigma: 27.612469718198152
Initial point 3. Random seed: 4902
Solving with ultrametric constraint
Optimal point found for initial point 3
Negative llh: 111.49402608492184
Dropout rate: 6.256203219676052e-10
Silencing rate: 1.686901158759628e-09
Sigma: 27.61425720734516
Initial point 4. Random seed: 3000
Solving with ultrametric constraint
Optimal point found for initial point 4
Negative llh: 111.49402630473026
Dropout rate: 1e-10
Silencing rate: 1e-10
Sigma: 27.616354331390752
Initial point 5. Random seed: 7256
Solving with ultrametric constraint
Optimal point found for initial point 5
Negative llh: 111.49402637355246
Dropout rate: 1.2790201556253886e-10
Silencing rate: 1.7767455198725535e-10
Sigma: 27.612133144247192
Initial point 6. Random seed: 6106
Solving with ultrametric constraint
Optimal point found for initial point 6
Negative llh: 111.49402608384605
Dropout rate: 1.0000000000000002e-10
Silencing rate: 1.0000000000000007e-10
Sigma: 27.61490375003896
Initial point 7. Random seed: 4566
Solving with ultrametric constraint
Optimal point found for initial point 7
Negative llh: 111.49402592285753
Dropout rate: 1e-10
Silencing rate: 1e-10
Sigma: 27.61490406797873
Initial point 8. Random seed: 4619
Solving with ultrametric constraint
Optimal point found for initial point 8
Negative llh: 111.49402657292279
Dropout rate: 9.999999999999924e-11
Silencing rate: 9.999999999999924e-11
Sigma: 27.61689627982793
Initial point 9. Random seed: 6595
Solving with ultrametric constraint
Optimal point found for initial point 9
Negative llh: 111.4940260197547
Dropout rate: 9.999999999999996e-11
Silencing rate: 9.999999999999996e-11
Sigma: 27.614633986631897
Initial point 10. Random seed: 4598
Solving with ultrametric constraint
Optimal point found for initial point 10
Negative llh: 111.49402588893086
Dropout rate: 1.0000000000000007e-10
Silencing rate: 9.999999999999996e-11
Sigma: 27.613996426448946
Traceback (most recent call last):
  File "/u/gh2161/Spatial-Division/problin/run_problin.py", line 223, in <module>
    main()
  File "/u/gh2161/Spatial-Division/problin/run_problin.py", line 214, in main
    for cell in mySolver.params.displacement_amounts:
AttributeError: 'Params' object has no attribute 'displacement_amounts'
