Launching Problin version 0.5b
Problin was called as follow: /u/gh2161/Spatial-Division/problin/run_problin.py -c real_location_data/s2c8/k10_r2_character_matrix.csv -t real_location_data/s2c8/true_tree.nwk -S real_location_data/s2c8/leaf_locations.txt --delimiter comma -p real_location_data/s2c8/k10_priors.csv -o real_location_data/s2c8/k10_r2_spalin-divide-ignore-beta.txt --nInitials 10 --ultrametric --randomreps 3 --divide
Optimization by Spalin-Divide: Scipy-SLSQP using spatial information
Optimizing branch lengths, phi, and nu without topology search
Initial point 1. Random seed: 573
Solving with ultrametric constraint
Optimal point found for initial point 1
Negative llh: 127.83437303005203
Dropout rate: 5.367770575838831e-10
Silencing rate: 2.1017609793187945e-10
Sigma: 5.721307077926869
Initial point 2. Random seed: 2726
Solving with ultrametric constraint
Optimal point found for initial point 2
Negative llh: 127.83437442311202
Dropout rate: 5.294420691679137e-10
Silencing rate: 2.175061374492405e-10
Sigma: 5.72104745549703
Initial point 3. Random seed: 9973
Solving with ultrametric constraint
Optimal point found for initial point 3
Negative llh: 127.8343881435056
Dropout rate: 1e-10
Silencing rate: 1e-10
Sigma: 5.722807507576568
Initial point 4. Random seed: 7687
Solving with ultrametric constraint
Optimal point found for initial point 4
Negative llh: 127.83437825262357
Dropout rate: 7.989439788608491e-10
Silencing rate: 3.7796269498945553e-10
Sigma: 5.72124969489417
Initial point 5. Random seed: 2268
Solving with ultrametric constraint
Optimal point found for initial point 5
Negative llh: 127.83442850837483
Dropout rate: 1.0007705316365835e-10
Silencing rate: 1.0071629189336843e-10
Sigma: 5.720896390107237
Initial point 6. Random seed: 1733
Solving with ultrametric constraint
Optimal point found for initial point 6
Negative llh: 127.83437336053228
Dropout rate: 2.2263438781736008e-10
Silencing rate: 2.5160595284225884e-10
Sigma: 5.721463200026185
Initial point 7. Random seed: 8777
Solving with ultrametric constraint
Optimal point found for initial point 7
Negative llh: 127.83437349088575
Dropout rate: 1e-10
Silencing rate: 1e-10
Sigma: 5.721151210834321
Initial point 8. Random seed: 2757
Solving with ultrametric constraint
Optimal point found for initial point 8
Negative llh: 127.83438178094254
Dropout rate: 1e-10
Silencing rate: 1e-10
Sigma: 5.722212257784817
Initial point 9. Random seed: 5481
Solving with ultrametric constraint
Optimal point found for initial point 9
Negative llh: 127.83437289824855
Dropout rate: 1e-10
Silencing rate: 1e-10
Sigma: 5.7212427275773825
Initial point 10. Random seed: 8990
Solving with ultrametric constraint
Optimal point found for initial point 10
Negative llh: 127.8343733802525
Dropout rate: 9.999999999999996e-11
Silencing rate: 1e-10
Sigma: 5.721402851361993
Runtime (s): 183.37226588837802
