Launching Problin version 0.5b
Problin was called as follow: /u/gh2161/Spatial-Division/problin/run_problin.py -c real_location_data/s2c8/k10_r5_character_matrix.csv -t real_location_data/s2c8/true_tree.nwk -S real_location_data/s2c8/leaf_locations.txt --delimiter comma -p real_location_data/s2c8/k10_priors.csv -o real_location_data/s2c8/k10_r5_spalin-divide-beta3.txt --nInitials 10 --ultrametric --randomreps 3 --divide --given_beta 3 --incl_beta_bound
Optimization by Spalin-Divide: Scipy-SLSQP using spatial information
Optimizing branch lengths, phi, and nu without topology search
Initial point 1. Random seed: 7644
Solving with ultrametric constraint
Optimal point found for initial point 1
Negative llh: 121.97624965247874
Dropout rate: 1.0000000000000002e-10
Silencing rate: 1e-10
Sigma: 4.951803735320222
Initial point 2. Random seed: 6317
Solving with ultrametric constraint
Optimal point found for initial point 2
Negative llh: 121.97625251344444
Dropout rate: 1e-10
Silencing rate: 1e-10
Sigma: 4.951794100692172
Initial point 3. Random seed: 3479
Solving with ultrametric constraint
Optimal point found for initial point 3
Negative llh: 121.97624668909313
Dropout rate: 1e-10
Silencing rate: 1e-10
Sigma: 4.9520253435390975
Initial point 4. Random seed: 671
Solving with ultrametric constraint
Optimal point found for initial point 4
Negative llh: 121.97625903685275
Dropout rate: 1e-10
Silencing rate: 1e-10
Sigma: 4.951933176991507
Initial point 5. Random seed: 5660
Solving with ultrametric constraint
Optimal point found for initial point 5
Negative llh: 121.97625414193152
Dropout rate: 4.842032510461728e-10
Silencing rate: 4.4210656673696145e-10
Sigma: 4.9525988665945615
Initial point 6. Random seed: 7031
Solving with ultrametric constraint
Optimal point found for initial point 6
Negative llh: 121.97624829790325
Dropout rate: 1.0000000000000002e-10
Silencing rate: 1.0000000000000002e-10
Sigma: 4.951984925892514
Initial point 7. Random seed: 3974
Solving with ultrametric constraint
Optimal point found for initial point 7
Negative llh: 121.97624802200313
Dropout rate: 1e-10
Silencing rate: 1e-10
Sigma: 4.95202505039246
Initial point 8. Random seed: 4142
Solving with ultrametric constraint
Optimal point found for initial point 8
Negative llh: 121.97624847260977
Dropout rate: 1.918264791538854e-10
Silencing rate: 1.595089622212316e-10
Sigma: 4.952114703508304
Initial point 9. Random seed: 7590
Solving with ultrametric constraint
Optimal point found for initial point 9
Negative llh: 121.97624883623547
Dropout rate: 1e-10
Silencing rate: 1e-10
Sigma: 4.951926744620169
Initial point 10. Random seed: 6664
Solving with ultrametric constraint
Optimal point found for initial point 10
Negative llh: 121.97624767307535
Dropout rate: 1e-10
Silencing rate: 1e-10
Sigma: 4.951898529411092
Runtime (s): 471.8644386300002
