Launching Problin version 0.5b
Problin was called as follow: /u/gh2161/Spatial-Division/problin/run_problin.py -c real_location_data/s2c8/k10_r5_character_matrix.csv -t real_location_data/s2c8/true_tree.nwk -S real_location_data/s2c8/leaf_locations.txt --delimiter comma -p real_location_data/s2c8/k10_priors.csv -o real_location_data/s2c8/k10_r5_spalin-divide-ignore-beta.txt --nInitials 10 --ultrametric --randomreps 3 --divide
Optimization by Spalin-Divide: Scipy-SLSQP using spatial information
Optimizing branch lengths, phi, and nu without topology search
Initial point 1. Random seed: 8441
Solving with ultrametric constraint
Optimal point found for initial point 1
Negative llh: 125.8244426744763
Dropout rate: 3.078762595668367e-10
Silencing rate: 2.1192996374005099e-10
Sigma: 5.369158324719295
Initial point 2. Random seed: 375
Solving with ultrametric constraint
Optimal point found for initial point 2
Negative llh: 125.82444826910083
Dropout rate: 1.0000000000000007e-10
Silencing rate: 9.999999999999996e-11
Sigma: 5.36901183257094
Initial point 3. Random seed: 8292
Solving with ultrametric constraint
Optimal point found for initial point 3
Negative llh: 125.82452536967085
Dropout rate: 1.308950011824943e-09
Silencing rate: 1.0365822007221434e-09
Sigma: 5.369254618147147
Initial point 4. Random seed: 7752
Solving with ultrametric constraint
Optimal point found for initial point 4
Negative llh: 125.82444212678563
Dropout rate: 1e-10
Silencing rate: 1e-10
Sigma: 5.3690331031570215
Initial point 5. Random seed: 8623
Solving with ultrametric constraint
Optimal point found for initial point 5
Negative llh: 125.82444338988148
Dropout rate: 4.136055477855159e-10
Silencing rate: 3.568133996108652e-10
Sigma: 5.368950543967098
Initial point 6. Random seed: 9509
Solving with ultrametric constraint
Optimal point found for initial point 6
Negative llh: 125.82443872417774
Dropout rate: 5.374724567332699e-10
Silencing rate: 3.92750440815651e-10
Sigma: 5.36905683565014
Initial point 7. Random seed: 3851
Solving with ultrametric constraint
Optimal point found for initial point 7
Negative llh: 151.51240645268564
Dropout rate: 2.783980513700153e-09
Silencing rate: 3.7062787920087026e-09
Sigma: 15.309025382134703
Initial point 8. Random seed: 2909
Solving with ultrametric constraint
Optimal point found for initial point 8
Negative llh: 125.82443857785202
Dropout rate: 1.0000000000000002e-10
Silencing rate: 9.999999999999996e-11
Sigma: 5.369068453764486
Initial point 9. Random seed: 2011
Solving with ultrametric constraint
Optimal point found for initial point 9
Negative llh: 125.8244410639189
Dropout rate: 1e-10
Silencing rate: 1e-10
Sigma: 5.3695141743466905
Initial point 10. Random seed: 3253
Solving with ultrametric constraint
Optimal point found for initial point 10
Negative llh: 125.8245071356607
Dropout rate: 2.598728621671189e-10
Silencing rate: 1.732569795544276e-10
Sigma: 5.369450231707786
Runtime (s): 176.53837966453284
