Launching Problin version 0.5b
Problin was called as follow: /u/gh2161/Spatial-Division/problin/run_problin.py -c real_location_data/s5c10/k10_r4_character_matrix.csv -t real_location_data/s5c10/true_tree.nwk -S real_location_data/s5c10/leaf_locations.txt --delimiter comma -p real_location_data/s5c10/k10_priors.csv -o real_location_data/s5c10/k10_r4_spalin-divide-beta05.txt --nInitials 10 --ultrametric --randomreps 3 --divide --given_beta 0.5 --incl_beta_bound
Optimization by Spalin-Divide: Scipy-SLSQP using spatial information
Optimizing branch lengths, phi, and nu without topology search
Initial point 1. Random seed: 6498
Solving with ultrametric constraint
Fatal: failed to optimize using initial point 1
Initial point 2. Random seed: 7833
Solving with ultrametric constraint
Optimal point found for initial point 2
Negative llh: 363.4837304116945
Dropout rate: 1.0000000000000002e-10
Silencing rate: 1.0000000000000002e-10
Sigma: 5.56947352723595
Initial point 3. Random seed: 9702
Solving with ultrametric constraint
Optimal point found for initial point 3
Negative llh: 363.4837314777536
Dropout rate: 3.3500083418401376e-10
Silencing rate: 1.9623552521007142e-10
Sigma: 5.569504323765311
Initial point 4. Random seed: 6253
Solving with ultrametric constraint
Optimal point found for initial point 4
Negative llh: 363.48373102035976
Dropout rate: 7.419208332460028e-10
Silencing rate: 3.628802429321134e-10
Sigma: 5.569479919623109
Initial point 5. Random seed: 4748
Solving with ultrametric constraint
Optimal point found for initial point 5
Negative llh: 363.48373238017734
Dropout rate: 1.109042049711063e-09
Silencing rate: 5.47991162238198e-10
Sigma: 5.569447042687332
Initial point 6. Random seed: 2609
Solving with ultrametric constraint
Optimal point found for initial point 6
Negative llh: 363.48373046059
Dropout rate: 9.999999999999996e-11
Silencing rate: 9.999999999999996e-11
Sigma: 5.569441817864871
Initial point 7. Random seed: 5035
Solving with ultrametric constraint
Optimal point found for initial point 7
Negative llh: 363.4837307168643
Dropout rate: 7.140359918660813e-10
Silencing rate: 4.296886928800913e-10
Sigma: 5.569442897599137
Initial point 8. Random seed: 7890
Solving with ultrametric constraint
Optimal point found for initial point 8
Negative llh: 363.48373087496896
Dropout rate: 1.7781043649438807e-10
Silencing rate: 1.3186461974261784e-10
Sigma: 5.569497505888788
Initial point 9. Random seed: 9581
Solving with ultrametric constraint
Optimal point found for initial point 9
Negative llh: 363.4837308288744
Dropout rate: 1.9291945222080498e-09
Silencing rate: 9.279114247822614e-10
Sigma: 5.56946590372946
Initial point 10. Random seed: 6003
Solving with ultrametric constraint
Optimal point found for initial point 10
Negative llh: 363.4837304982591
Dropout rate: 2.583657591338618e-10
Silencing rate: 1.6445624992841756e-10
Sigma: 5.569451101519055
Runtime (s): 2905.1236983221024
