Launching Problin version 0.5b
Problin was called as follow: /u/gh2161/problin/run_problin.py -c simulated_data/s5c10/k10_r4_character_matrix.csv -t simulated_data/s5c10/true_tree.nwk -S simulated_data/s5c10/leaf_locations.txt --delimiter comma -p simulated_data/s5c10/k10_priors.csv -o simulated_data/s5c10/k10_r4_spalin_leaves_newfelsen.txt --nInitials 10 --ultrametric --randomreps 3
Optimization by Spalin: Scipy-SLSQP using spatial information
Optimizing branch lengths, phi, and nu without topology search
Initial point 1. Random seed: 3732
Solving with ultrametric constraint
Optimal point found for initial point 1
Negative llh: 319.327919185199
Dropout rate: 4.5793725971656157e-10
Silencing rate: 2.457738564233164e-10
Sigma: 6.168822525780925
Initial point 2. Random seed: 7271
Solving with ultrametric constraint
Optimal point found for initial point 2
Negative llh: 319.3279193401376
Dropout rate: 1.0000000000000007e-10
Silencing rate: 1.0000000000000007e-10
Sigma: 6.168804132848414
Initial point 3. Random seed: 25
Solving with ultrametric constraint
Optimal point found for initial point 3
Negative llh: 319.32791933278446
Dropout rate: 1e-10
Silencing rate: 1e-10
Sigma: 6.16876658013792
Initial point 4. Random seed: 4460
Solving with ultrametric constraint
Optimal point found for initial point 4
Negative llh: 319.3279197413978
Dropout rate: 1.932350724168373e-10
Silencing rate: 2.2243947414938158e-10
Sigma: 6.1688050911312775
Initial point 5. Random seed: 8358
Solving with ultrametric constraint
Optimal point found for initial point 5
Negative llh: 319.32791933642966
Dropout rate: 2.395398386391816e-10
Silencing rate: 5.674833458825545e-10
Sigma: 6.168271575332521
Initial point 6. Random seed: 685
Solving with ultrametric constraint
Optimal point found for initial point 6
Negative llh: 319.3279195576059
Dropout rate: 1e-10
Silencing rate: 1e-10
Sigma: 6.1687811036815825
Initial point 7. Random seed: 6554
Solving with ultrametric constraint
Optimal point found for initial point 7
Negative llh: 319.32791988624587
Dropout rate: 1.0000000000000007e-10
Silencing rate: 1.0000000000000007e-10
Sigma: 6.168688965889067
Initial point 8. Random seed: 796
Solving with ultrametric constraint
Optimal point found for initial point 8
Negative llh: 319.32791899508425
Dropout rate: 1e-10
Silencing rate: 1e-10
Sigma: 6.1684757041929705
Initial point 9. Random seed: 2955
Solving with ultrametric constraint
Optimal point found for initial point 9
Negative llh: 319.3279197436256
Dropout rate: 1.0000000000000007e-10
Silencing rate: 1.0000000000000007e-10
Sigma: 6.167867674317098
Initial point 10. Random seed: 9320
Solving with ultrametric constraint
Optimal point found for initial point 10
Negative llh: 319.3279204191571
Dropout rate: 3.600866594899323e-10
Silencing rate: 1.2568636299819286e-09
Sigma: 6.168492983385404
Runtime (s): 494.8406672514975
