Launching Problin version 0.5b
Problin was called as follow: /u/gh2161/problin/run_problin.py -c simulated_data/s5c10/k10_r1_character_matrix.csv -t simulated_data/s5c10/true_tree.nwk -S simulated_data/s5c10/true_locations.txt --delimiter comma -p simulated_data/s5c10/k10_priors.csv -o simulated_data/s5c10/k10_r1_spalin_all.txt --nInitials 10 --ultrametric --randomreps 3
Optimization by Spalin: Scipy-SLSQP using spatial information
Optimizing branch lengths, phi, and nu without topology search
Initial point 1. Random seed: 8101
Solving with ultrametric constraint
Optimal point found for initial point 1
Negative llh: 384.5579292461929
Dropout rate: 1.0000000000000007e-10
Silencing rate: 1.0000000000000007e-10
Sigma: 30.821500640842142
Initial point 2. Random seed: 1164
Solving with ultrametric constraint
Optimal point found for initial point 2
Negative llh: 384.55792928249133
Dropout rate: 9.999999999999996e-11
Silencing rate: 1.0000000000000007e-10
Sigma: 30.82080703750869
Initial point 3. Random seed: 5208
Solving with ultrametric constraint
Optimal point found for initial point 3
Negative llh: 384.55793024245247
Dropout rate: 1.1590734141023914e-10
Silencing rate: 1.8686071834057458e-10
Sigma: 30.823683348391267
Initial point 4. Random seed: 260
Solving with ultrametric constraint
Optimal point found for initial point 4
Negative llh: 384.5579293577366
Dropout rate: 1e-10
Silencing rate: 9.999999999999996e-11
Sigma: 30.822415185210964
Initial point 5. Random seed: 6437
Solving with ultrametric constraint
Optimal point found for initial point 5
Negative llh: 384.557929506242
Dropout rate: 1e-10
Silencing rate: 1.016024493979627e-10
Sigma: 30.821344228646588
Initial point 6. Random seed: 9701
Solving with ultrametric constraint
Optimal point found for initial point 6
Negative llh: 384.55793078424267
Dropout rate: 2.7759635945432073e-09
Silencing rate: 1.3051222359908861e-09
Sigma: 30.823793678968247
Initial point 7. Random seed: 6299
Solving with ultrametric constraint
Optimal point found for initial point 7
Negative llh: 384.55792967735476
Dropout rate: 3.4814760352910254e-10
Silencing rate: 2.2528851680043973e-10
Sigma: 30.823800706729564
Initial point 8. Random seed: 2670
Solving with ultrametric constraint
Optimal point found for initial point 8
Negative llh: 384.5579311139473
Dropout rate: 1.000000000000009e-10
Silencing rate: 1.0000000000000747e-10
Sigma: 30.82128053389129
Initial point 9. Random seed: 5514
Solving with ultrametric constraint
Optimal point found for initial point 9
Negative llh: 384.5579292669197
Dropout rate: 1e-10
Silencing rate: 1e-10
Sigma: 30.821623796782372
Initial point 10. Random seed: 7624
Solving with ultrametric constraint
Optimal point found for initial point 10
Negative llh: 384.55792939655987
Dropout rate: 1.1587838695088117e-10
Silencing rate: 5.580476126737371e-10
Sigma: 30.820648325679315
Runtime (s): 62.53283213917166
