Launching Problin version 0.5b
Problin was called as follow: /u/gh2161/problin/run_problin.py -c simulated_data/s5c10/k10_r3_character_matrix.csv -t simulated_data/s5c10/true_tree.nwk -S simulated_data/s5c10/leaf_locations.txt --delimiter comma -p simulated_data/s5c10/k10_priors.csv -o simulated_data/s5c10/k10_r3_spalin_leaves_newfelsen.txt --nInitials 10 --ultrametric --randomreps 3
Optimization by Spalin: Scipy-SLSQP using spatial information
Optimizing branch lengths, phi, and nu without topology search
Initial point 1. Random seed: 6827
Solving with ultrametric constraint
Optimal point found for initial point 1
Negative llh: 289.18326406697287
Dropout rate: 1e-10
Silencing rate: 1e-10
Sigma: 8.24935634287626
Initial point 2. Random seed: 4029
Solving with ultrametric constraint
Optimal point found for initial point 2
Negative llh: 289.1832650100977
Dropout rate: 2.086099528709319e-09
Silencing rate: 2.893611005773444e-09
Sigma: 8.249387090399004
Initial point 3. Random seed: 1275
Solving with ultrametric constraint
Optimal point found for initial point 3
Negative llh: 289.18326381729406
Dropout rate: 1.0000000000000007e-10
Silencing rate: 1.0000000000000007e-10
Sigma: 8.24972695333292
Initial point 4. Random seed: 6318
Solving with ultrametric constraint
Optimal point found for initial point 4
Negative llh: 289.18326484221825
Dropout rate: 1.1554120444370965e-09
Silencing rate: 2.733224949454787e-09
Sigma: 8.249777875676024
Initial point 5. Random seed: 3271
Solving with ultrametric constraint
Optimal point found for initial point 5
Negative llh: 289.18326426185297
Dropout rate: 5.561789862953371e-10
Silencing rate: 7.303747085253668e-10
Sigma: 8.249776006761124
Initial point 6. Random seed: 800
Solving with ultrametric constraint
Optimal point found for initial point 6
Negative llh: 289.1832639857491
Dropout rate: 1e-10
Silencing rate: 1e-10
Sigma: 8.249400795760298
Initial point 7. Random seed: 642
Solving with ultrametric constraint
Optimal point found for initial point 7
Negative llh: 289.183267357511
Dropout rate: 7.252737620517312e-09
Silencing rate: 1.6856305864770026e-08
Sigma: 8.249429732675557
Initial point 8. Random seed: 2003
Solving with ultrametric constraint
Optimal point found for initial point 8
Negative llh: 289.18326483325853
Dropout rate: 9.455150788153287e-10
Silencing rate: 4.549241452744867e-10
Sigma: 8.249674494149337
Initial point 9. Random seed: 6783
Solving with ultrametric constraint
Optimal point found for initial point 9
Negative llh: 289.1832697227413
Dropout rate: 1e-10
Silencing rate: 1e-10
Sigma: 8.25022024814927
Initial point 10. Random seed: 8498
Solving with ultrametric constraint
Optimal point found for initial point 10
Negative llh: 289.18326386992294
Dropout rate: 1.0000000000000007e-10
Silencing rate: 1.0000000000000007e-10
Sigma: 8.24938063028023
Runtime (s): 470.9336585421115
