Launching Problin version 0.5b
Problin was called as follow: /u/gh2161/Spatial-Division/problin/run_problin.py -c real_location_data/s5c10/k10_r5_character_matrix.csv -t real_location_data/s5c10/true_tree.nwk -S real_location_data/s5c10/leaf_locations.txt --delimiter comma -p real_location_data/s5c10/k10_priors.csv -o real_location_data/s5c10/k10_r5_spalin-divide-beta05.txt --nInitials 10 --ultrametric --randomreps 3 --divide --given_beta 0.5 --incl_beta_bound
Optimization by Spalin-Divide: Scipy-SLSQP using spatial information
Optimizing branch lengths, phi, and nu without topology search
Initial point 1. Random seed: 7080
Solving with ultrametric constraint
Optimal point found for initial point 1
Negative llh: 353.5491436051568
Dropout rate: 1.0972780786126546e-09
Silencing rate: 4.260630117126361e-10
Sigma: 5.882688249469938
Initial point 2. Random seed: 112
Solving with ultrametric constraint
Optimal point found for initial point 2
Negative llh: 353.5491427904349
Dropout rate: 1.0000000000000002e-10
Silencing rate: 1e-10
Sigma: 5.88284179610465
Initial point 3. Random seed: 2301
Solving with ultrametric constraint
Optimal point found for initial point 3
Negative llh: 353.54914371888515
Dropout rate: 1.1670942154844137e-09
Silencing rate: 5.16199261357669e-10
Sigma: 5.882785886835268
Initial point 4. Random seed: 5152
Solving with ultrametric constraint
Optimal point found for initial point 4
Negative llh: 353.54914298913434
Dropout rate: 4.058917773518988e-10
Silencing rate: 2.0936499679801694e-10
Sigma: 5.882723470920182
Initial point 5. Random seed: 9821
Solving with ultrametric constraint
Optimal point found for initial point 5
Negative llh: 353.5491441927926
Dropout rate: 6.793293389326121e-10
Silencing rate: 3.0670617109632737e-10
Sigma: 5.8827736897105245
Initial point 6. Random seed: 1907
Solving with ultrametric constraint
Optimal point found for initial point 6
Negative llh: 353.54914392457977
Dropout rate: 3.894341993297247e-10
Silencing rate: 2.0349020804597385e-10
Sigma: 5.882754703137616
Initial point 7. Random seed: 3519
Solving with ultrametric constraint
Optimal point found for initial point 7
Negative llh: 353.5491438824838
Dropout rate: 1.0000000000000007e-10
Silencing rate: 9.999999999999996e-11
Sigma: 5.882724473030635
Initial point 8. Random seed: 4105
Solving with ultrametric constraint
Optimal point found for initial point 8
Negative llh: 353.54914375841406
Dropout rate: 1.3659045836821159e-09
Silencing rate: 6.376955417114592e-10
Sigma: 5.882749393555375
Initial point 9. Random seed: 8121
Solving with ultrametric constraint
Optimal point found for initial point 9
Negative llh: 353.54914672278875
Dropout rate: 1.709069606459288e-09
Silencing rate: 6.752506797415238e-10
Sigma: 5.882774890959008
Initial point 10. Random seed: 2249
Solving with ultrametric constraint
Optimal point found for initial point 10
Negative llh: 353.54914978625527
Dropout rate: 3.3540031454844547e-10
Silencing rate: 1.8417075586337423e-10
Sigma: 5.882768783492067
Runtime (s): 2022.5945099610835
