Launching Problin version 0.5b
Problin was called as follow: /u/gh2161/problin/run_problin.py -c simulated_data/s5c10/k10_r3_character_matrix.csv -t simulated_data/s5c10/true_tree.nwk -S simulated_data/s5c10/true_locations.txt --delimiter comma -p simulated_data/s5c10/k10_priors.csv -o simulated_data/s5c10/k10_r3_spalin_all.txt --nInitials 10 --ultrametric --randomreps 3
Optimization by Spalin: Scipy-SLSQP using spatial information
Optimizing branch lengths, phi, and nu without topology search
Initial point 1. Random seed: 2988
Solving with ultrametric constraint
Optimal point found for initial point 1
Negative llh: 413.4039850891304
Dropout rate: 1e-10
Silencing rate: 1e-10
Sigma: 33.474497000039044
Initial point 2. Random seed: 9667
Solving with ultrametric constraint
Optimal point found for initial point 2
Negative llh: 413.40398508393366
Dropout rate: 9.999999999999996e-11
Silencing rate: 1e-10
Sigma: 33.47492526501114
Initial point 3. Random seed: 3084
Solving with ultrametric constraint
Optimal point found for initial point 3
Negative llh: 413.40398533929266
Dropout rate: 1.0000000000000007e-10
Silencing rate: 1.0000000000000007e-10
Sigma: 33.4764402298247
Initial point 4. Random seed: 7983
Solving with ultrametric constraint
Optimal point found for initial point 4
Negative llh: 413.40398496804335
Dropout rate: 9.999999999999996e-11
Silencing rate: 1.0000000000000007e-10
Sigma: 33.47541427760306
Initial point 5. Random seed: 477
Solving with ultrametric constraint
Optimal point found for initial point 5
Negative llh: 413.4039847948346
Dropout rate: 1e-10
Silencing rate: 1.0000000000000002e-10
Sigma: 33.47465869128171
Initial point 6. Random seed: 4035
Solving with ultrametric constraint
Optimal point found for initial point 6
Negative llh: 413.40398496619304
Dropout rate: 1e-10
Silencing rate: 2.913834092403784e-10
Sigma: 33.47423060318124
Initial point 7. Random seed: 6521
Solving with ultrametric constraint
Optimal point found for initial point 7
Negative llh: 413.4039851693797
Dropout rate: 7.795071606731822e-10
Silencing rate: 1.6563065722390835e-09
Sigma: 33.47426625131111
Initial point 8. Random seed: 112
Solving with ultrametric constraint
Optimal point found for initial point 8
Negative llh: 413.4039850716233
Dropout rate: 1e-10
Silencing rate: 1e-10
Sigma: 33.47406176406384
Initial point 9. Random seed: 2621
Solving with ultrametric constraint
Optimal point found for initial point 9
Negative llh: 413.4039850802783
Dropout rate: 1.0736992877564563e-09
Silencing rate: 6.250190174456054e-10
Sigma: 33.474909763855884
Initial point 10. Random seed: 3229
Solving with ultrametric constraint
Optimal point found for initial point 10
Negative llh: 413.40398493207147
Dropout rate: 1e-10
Silencing rate: 1e-10
Sigma: 33.47419989906567
Runtime (s): 54.31004821602255
