Launching Problin version 0.5b
Problin was called as follow: /u/gh2161/Spatial-Division/problin/run_problin.py -c real_location_data/s5c10/k10_r2_character_matrix.csv -t real_location_data/s5c10/true_tree.nwk -S real_location_data/s5c10/leaf_locations.txt --delimiter comma -p real_location_data/s5c10/k10_priors.csv -o real_location_data/s5c10/k10_r2_spalin-divide-beta3.txt --nInitials 10 --ultrametric --randomreps 3 --divide --given_beta 3 --incl_beta_bound
Optimization by Spalin-Divide: Scipy-SLSQP using spatial information
Optimizing branch lengths, phi, and nu without topology search
Initial point 1. Random seed: 6048
Solving with ultrametric constraint
Optimal point found for initial point 1
Negative llh: 346.4575642124356
Dropout rate: 1.2321535422537932e-10
Silencing rate: 1.1036634068139186e-10
Sigma: 5.004957175600329
Initial point 2. Random seed: 2513
Solving with ultrametric constraint
Fatal: failed to optimize using initial point 2
Initial point 3. Random seed: 9170
Solving with ultrametric constraint
Optimal point found for initial point 3
Negative llh: 346.4575670905682
Dropout rate: 2.324696679285103e-10
Silencing rate: 1.5915285517783268e-10
Sigma: 5.004936962400952
Initial point 4. Random seed: 9635
Solving with ultrametric constraint
Optimal point found for initial point 4
Negative llh: 346.45756241466626
Dropout rate: 1.0514416011551006e-10
Silencing rate: 1.0749075592173829e-10
Sigma: 5.004823935721312
Initial point 5. Random seed: 3540
Solving with ultrametric constraint
Optimal point found for initial point 5
Negative llh: 346.457564998862
Dropout rate: 2.1572299571521198e-10
Silencing rate: 1.5166753081520253e-10
Sigma: 5.00493832539164
Initial point 6. Random seed: 1309
Solving with ultrametric constraint
Optimal point found for initial point 6
Negative llh: 346.4575632192641
Dropout rate: 2.2646725276713183e-10
Silencing rate: 1.5646602337163226e-10
Sigma: 5.00492104849732
Initial point 7. Random seed: 7171
Solving with ultrametric constraint
Optimal point found for initial point 7
Negative llh: 346.45756354257935
Dropout rate: 3.9361807730055745e-10
Silencing rate: 2.3369777722370405e-10
Sigma: 5.004968775175206
Initial point 8. Random seed: 3034
Solving with ultrametric constraint
Optimal point found for initial point 8
Negative llh: 346.45756375236385
Dropout rate: 1.5999076380906798e-10
Silencing rate: 1.2678563004675019e-10
Sigma: 5.004934947558447
Initial point 9. Random seed: 1689
Solving with ultrametric constraint
Optimal point found for initial point 9
Negative llh: 346.45756302715654
Dropout rate: 2.6116648562587013e-10
Silencing rate: 1.7196565468658308e-10
Sigma: 5.0049386248288625
Initial point 10. Random seed: 697
Solving with ultrametric constraint
Optimal point found for initial point 10
Negative llh: 346.45756213851723
Dropout rate: 1.4481791869388932e-10
Silencing rate: 3.097144096349115e-10
Sigma: 5.004947505316182
Runtime (s): 4176.42044230504
