Launching Problin version 0.5b
Problin was called as follow: /u/gh2161/problin/run_problin.py -c simulated_data/s5c7/k10_r1_character_matrix.csv -t simulated_data/s5c7/true_tree.nwk --delimiter comma -p simulated_data/s5c7/k10_priors.csv -o simulated_data/s5c7/k10_r1_problin.txt --nInitials 10 --ultrametric --randomreps 3
Optimization by EM algorithm
Optimizing branch lengths, phi, and nu without topology search
Initial point 1. Random seed: 5533
Solving with ultrametric constraint
Initial phi: 0.8478228362762638. Initial nu: 0.06812440524259679. Initial nllh: 9997.457449089885
EM finished after 16 iterations.
Optimal point found for initial point 1
Negative llh: 150.16393420521678
Dropout rate: 0
Silencing rate: 9.652347664379057e-07
Initial point 2. Random seed: 1907
Solving with ultrametric constraint
Initial phi: 0.6680180721958993. Initial nu: 0.28692631297805854. Initial nllh: 527.7158977564479
EM finished after 8 iterations.
Optimal point found for initial point 2
Negative llh: 150.16393441527583
Dropout rate: 0
Silencing rate: 9.665131743495147e-07
Initial point 3. Random seed: 6265
Solving with ultrametric constraint
Initial phi: 0.04820017985079326. Initial nu: 0.8404413933613174. Initial nllh: 270.1129596318799
EM finished after 9 iterations.
Optimal point found for initial point 3
Negative llh: 150.16393413061803
Dropout rate: 0
Silencing rate: 9.638964161777644e-07
Initial point 4. Random seed: 6519
Solving with ultrametric constraint
Initial phi: 0.5894962465298064. Initial nu: 0.011795173581049367. Initial nllh: 427.64709121535526
EM finished after 5 iterations.
Optimal point found for initial point 4
Negative llh: 150.16393386796517
Dropout rate: 0
Silencing rate: 9.642270619385644e-07
Initial point 5. Random seed: 8167
Solving with ultrametric constraint
Initial phi: 0.9299358969259767. Initial nu: 0.4876286994585512. Initial nllh: 1034.960296057617
EM finished after 8 iterations.
Optimal point found for initial point 5
Negative llh: 150.16393442122163
Dropout rate: 0
Silencing rate: 9.655670267502153e-07
Initial point 6. Random seed: 6382
Solving with ultrametric constraint
Initial phi: 0.432904613680559. Initial nu: 0.8370485413480424. Initial nllh: 430.2168172021392
EM finished after 9 iterations.
Optimal point found for initial point 6
Negative llh: 150.16393444995674
Dropout rate: 0
Silencing rate: 9.66481146294967e-07
Initial point 7. Random seed: 3244
Solving with ultrametric constraint
Initial phi: 0.9067982752622092. Initial nu: 0.09687065585001223. Initial nllh: 897.8509296548153
EM finished after 7 iterations.
Optimal point found for initial point 7
Negative llh: 150.16393413668112
Dropout rate: 0
Silencing rate: 9.64316059568713e-07
Initial point 8. Random seed: 4271
Solving with ultrametric constraint
Initial phi: 0.12007703338126087. Initial nu: 0.9842675738407313. Initial nllh: 312.360485097363
EM finished after 10 iterations.
Optimal point found for initial point 8
Negative llh: 150.16393407130508
Dropout rate: 0
Silencing rate: 9.642938660774756e-07
Initial point 9. Random seed: 7598
Solving with ultrametric constraint
Initial phi: 0.5517654887395327. Initial nu: 0.4887430096936699. Initial nllh: 459.7689310455576
EM finished after 8 iterations.
Optimal point found for initial point 9
Negative llh: 150.1639342451987
Dropout rate: 0
Silencing rate: 9.644375873194698e-07
Initial point 10. Random seed: 6088
Solving with ultrametric constraint
Initial phi: 0.04761803326754112. Initial nu: 0.5195456563303301. Initial nllh: 229.9717895332759
EM finished after 8 iterations.
Optimal point found for initial point 10
Negative llh: 150.1639344474536
Dropout rate: 0
Silencing rate: 9.658056367649985e-07
Traceback (most recent call last):
  File "/u/gh2161/problin/run_problin.py", line 193, in <module>
    main()
  File "/u/gh2161/problin/run_problin.py", line 172, in main
    fout.write("Sigma: " + str(opt_params['sigma']) + "\n")
KeyError: 'sigma'
