Launching Problin version 0.5b
Problin was called as follow: /u/gh2161/Spatial-Division/problin/run_problin.py -c real_location_data/s5c7/k10_r5_character_matrix.csv -t real_location_data/s5c7/true_tree.nwk -S real_location_data/s5c7/leaf_locations.txt --delimiter comma -p real_location_data/s5c7/k10_priors.csv -o real_location_data/s5c7/k10_r5_spalin-divide-beta05.txt --nInitials 10 --ultrametric --randomreps 3 --divide --given_beta 0.5 --incl_beta_bound
Optimization by Spalin-Divide: Scipy-SLSQP using spatial information
Optimizing branch lengths, phi, and nu without topology search
Initial point 1. Random seed: 3720
Solving with ultrametric constraint
Optimal point found for initial point 1
Negative llh: 372.7829219477115
Dropout rate: 3.170198331255506e-10
Silencing rate: 1.8374354090742065e-10
Sigma: 6.521875100457859
Initial point 2. Random seed: 2243
Solving with ultrametric constraint
Fatal: failed to optimize using initial point 2
Initial point 3. Random seed: 5823
Solving with ultrametric constraint
Optimal point found for initial point 3
Negative llh: 372.7829215676076
Dropout rate: 1.0000000000000007e-10
Silencing rate: 9.999999999999996e-11
Sigma: 6.5219815227759925
Initial point 4. Random seed: 8666
Solving with ultrametric constraint
Optimal point found for initial point 4
Negative llh: 372.78292078552977
Dropout rate: 1e-10
Silencing rate: 1e-10
Sigma: 6.521936965972751
Initial point 5. Random seed: 3009
Solving with ultrametric constraint
Fatal: failed to optimize using initial point 5
Initial point 6. Random seed: 9761
Solving with ultrametric constraint
Fatal: failed to optimize using initial point 6
Initial point 7. Random seed: 1212
Solving with ultrametric constraint
Optimal point found for initial point 7
Negative llh: 372.78292283504095
Dropout rate: 1.9438056809589752e-09
Silencing rate: 8.345552099451745e-10
Sigma: 6.521904925755335
Initial point 8. Random seed: 944
Solving with ultrametric constraint
Optimal point found for initial point 8
Negative llh: 372.78292282611216
Dropout rate: 1.1238674716500251e-10
Silencing rate: 1.9575509945956927e-10
Sigma: 6.522001537837498
Initial point 9. Random seed: 6366
Solving with ultrametric constraint
Optimal point found for initial point 9
Negative llh: 372.78292188782757
Dropout rate: 1e-10
Silencing rate: 1e-10
Sigma: 6.521901595181978
Initial point 10. Random seed: 2354
Solving with ultrametric constraint
Optimal point found for initial point 10
Negative llh: 372.7829215559641
Dropout rate: 9.397992868248324e-10
Silencing rate: 4.3090055581192e-10
Sigma: 6.521898087804673
Runtime (s): 3318.897785546258
