Launching Problin version 0.5b
Problin was called as follow: /u/gh2161/problin/run_problin.py -c simulated_data/s5c7/k10_r3_character_matrix.csv -t simulated_data/s5c7/true_tree.nwk -S simulated_data/s5c7/leaf_locations.txt --delimiter comma -p simulated_data/s5c7/k10_priors.csv -o simulated_data/s5c7/k10_r3_spalin_leaves_newfelsen.txt --nInitials 10 --ultrametric --randomreps 3
Optimization by Spalin: Scipy-SLSQP using spatial information
Optimizing branch lengths, phi, and nu without topology search
Initial point 1. Random seed: 2853
Solving with ultrametric constraint
Optimal point found for initial point 1
Negative llh: 362.4669544793325
Dropout rate: 1.1044711728717285e-10
Silencing rate: 1.0443647280368621e-10
Sigma: 10.877321952196002
Initial point 2. Random seed: 8536
Solving with ultrametric constraint
Optimal point found for initial point 2
Negative llh: 362.46695460661977
Dropout rate: 1e-10
Silencing rate: 1e-10
Sigma: 10.878638662824175
Initial point 3. Random seed: 3061
Solving with ultrametric constraint
Optimal point found for initial point 3
Negative llh: 362.46696141708793
Dropout rate: 5.50034366624215e-09
Silencing rate: 9.085089250744518e-09
Sigma: 10.881373650950367
Initial point 4. Random seed: 2021
Solving with ultrametric constraint
Optimal point found for initial point 4
Negative llh: 362.46695857983167
Dropout rate: 6.823126555428841e-09
Silencing rate: 1.5645819422600757e-08
Sigma: 10.87788989551988
Initial point 5. Random seed: 4748
Solving with ultrametric constraint
Optimal point found for initial point 5
Negative llh: 362.4669573056147
Dropout rate: 5.769291940090511e-09
Silencing rate: 8.446219694754577e-09
Sigma: 10.878810425229283
Initial point 6. Random seed: 7632
Solving with ultrametric constraint
Optimal point found for initial point 6
Negative llh: 362.46695437324433
Dropout rate: 2.2565538064684828e-10
Silencing rate: 3.461245277593708e-10
Sigma: 10.878744300770286
Initial point 7. Random seed: 2100
Solving with ultrametric constraint
Optimal point found for initial point 7
Negative llh: 362.4669542760075
Dropout rate: 1e-10
Silencing rate: 1e-10
Sigma: 10.878637013288744
Initial point 8. Random seed: 1651
Solving with ultrametric constraint
Optimal point found for initial point 8
Negative llh: 362.46695419433786
Dropout rate: 2.610532518892576e-10
Silencing rate: 6.127789208357781e-10
Sigma: 10.87883757198901
Initial point 9. Random seed: 3067
Solving with ultrametric constraint
Optimal point found for initial point 9
Negative llh: 362.46695596991685
Dropout rate: 1.6718827715459215e-09
Silencing rate: 9.144165070484478e-10
Sigma: 10.878622924919817
Initial point 10. Random seed: 893
Solving with ultrametric constraint
Optimal point found for initial point 10
Negative llh: 362.4669547206459
Dropout rate: 1e-10
Silencing rate: 1e-10
Sigma: 10.878328222620679
Runtime (s): 794.257021823898
