Launching Problin version 0.5b
Problin was called as follow: /u/gh2161/Spatial-Division/problin/run_problin.py -c real_location_data/s5c7/k10_r4_character_matrix.csv -t real_location_data/s5c7/true_tree.nwk -S real_location_data/s5c7/leaf_locations.txt --delimiter comma -p real_location_data/s5c7/k10_priors.csv -o real_location_data/s5c7/k10_r4_spalin-divide-beta05.txt --nInitials 10 --ultrametric --randomreps 3 --divide --given_beta 0.5 --incl_beta_bound
Optimization by Spalin-Divide: Scipy-SLSQP using spatial information
Optimizing branch lengths, phi, and nu without topology search
Initial point 1. Random seed: 1311
Solving with ultrametric constraint
Optimal point found for initial point 1
Negative llh: 412.4611133586445
Dropout rate: 5.138235841834006e-10
Silencing rate: 2.675037333403655e-10
Sigma: 6.251278541892233
Initial point 2. Random seed: 6578
Solving with ultrametric constraint
Optimal point found for initial point 2
Negative llh: 412.4611078258798
Dropout rate: 1.3842803173432513e-09
Silencing rate: 6.586040614942191e-10
Sigma: 6.251262005671381
Initial point 3. Random seed: 9181
Solving with ultrametric constraint
Fatal: failed to optimize using initial point 3
Initial point 4. Random seed: 1744
Solving with ultrametric constraint
Optimal point found for initial point 4
Negative llh: 412.4611103353159
Dropout rate: 3.1018280520318817e-10
Silencing rate: 1.9141955425783014e-10
Sigma: 6.251258657926081
Initial point 5. Random seed: 4926
Solving with ultrametric constraint
Optimal point found for initial point 5
Negative llh: 412.4611150751873
Dropout rate: 1.4219714152231895e-09
Silencing rate: 6.749788351496971e-10
Sigma: 6.251345649609275
Initial point 6. Random seed: 1119
Solving with ultrametric constraint
Optimal point found for initial point 6
Negative llh: 412.46110640236674
Dropout rate: 1e-10
Silencing rate: 1e-10
Sigma: 6.251259413006347
Initial point 7. Random seed: 8000
Solving with ultrametric constraint
Optimal point found for initial point 7
Negative llh: 412.4611086206138
Dropout rate: 1.420755070400582e-09
Silencing rate: 6.745086110744745e-10
Sigma: 6.251235021039208
Initial point 8. Random seed: 2603
Solving with ultrametric constraint
Optimal point found for initial point 8
Negative llh: 412.4611122147536
Dropout rate: 5.339795450732318e-10
Silencing rate: 2.887684511023186e-10
Sigma: 6.251306016513843
Initial point 9. Random seed: 2085
Solving with ultrametric constraint
Optimal point found for initial point 9
Negative llh: 412.4611095957505
Dropout rate: 1.818476022605529e-09
Silencing rate: 8.47427745520857e-10
Sigma: 6.251238472092752
Initial point 10. Random seed: 1989
Solving with ultrametric constraint
Optimal point found for initial point 10
Negative llh: 412.4611290416061
Dropout rate: 2.6650711702944127e-10
Silencing rate: 1.7242347273538264e-10
Sigma: 6.251244133643126
Runtime (s): 5042.229624230007
