Launching Problin version 0.5b
Problin was called as follow: /u/gh2161/Spatial-Division/problin/run_problin.py -c real_location_data/s5c7/k10_r2_character_matrix.csv -t real_location_data/s5c7/true_tree.nwk -S real_location_data/s5c7/leaf_locations.txt --delimiter comma -p real_location_data/s5c7/k10_priors.csv -o real_location_data/s5c7/k10_r2_spalin-divide-beta1.txt --nInitials 10 --ultrametric --randomreps 3 --divide --given_beta 1 --incl_beta_bound
Optimization by Spalin-Divide: Scipy-SLSQP using spatial information
Optimizing branch lengths, phi, and nu without topology search
Initial point 1. Random seed: 8568
Solving with ultrametric constraint
Optimal point found for initial point 1
Negative llh: 406.6488957572687
Dropout rate: 1.533913829341737e-10
Silencing rate: 1.196069612062572e-10
Sigma: 6.348102045866669
Initial point 2. Random seed: 6532
Solving with ultrametric constraint
Fatal: failed to optimize using initial point 2
Initial point 3. Random seed: 4898
Solving with ultrametric constraint
Optimal point found for initial point 3
Negative llh: 406.6488949853343
Dropout rate: 2.2453053881444494e-10
Silencing rate: 1.4572871087654591e-10
Sigma: 6.3481323328591355
Initial point 4. Random seed: 8597
Solving with ultrametric constraint
Optimal point found for initial point 4
Negative llh: 406.64889937938256
Dropout rate: 1.3142490991629695e-09
Silencing rate: 6.139043679929125e-10
Sigma: 6.3481435447095365
Initial point 5. Random seed: 1613
Solving with ultrametric constraint
Optimal point found for initial point 5
Negative llh: 406.6488952374444
Dropout rate: 1e-10
Silencing rate: 1e-10
Sigma: 6.348177762394124
Initial point 6. Random seed: 8681
Solving with ultrametric constraint
Fatal: failed to optimize using initial point 6
Initial point 7. Random seed: 5245
Solving with ultrametric constraint
Fatal: failed to optimize using initial point 7
Initial point 8. Random seed: 521
Solving with ultrametric constraint
Fatal: failed to optimize using initial point 8
Initial point 9. Random seed: 9383
Solving with ultrametric constraint
Fatal: failed to optimize using initial point 9
Initial point 10. Random seed: 9112
Solving with ultrametric constraint
Fatal: failed to optimize using initial point 10
Runtime (s): 3244.3937926217914
