Launching Problin version 0.5b
Problin was called as follow: /u/gh2161/Spatial-Division/problin/run_problin.py -c real_location_data/s5c7/k10_r4_character_matrix.csv -t real_location_data/s5c7/true_tree.nwk -S real_location_data/s5c7/leaf_locations.txt --delimiter comma -p real_location_data/s5c7/k10_priors.csv -o real_location_data/s5c7/k10_r4_spalin.txt --nInitials 10 --ultrametric --randomreps 3
Optimization by Spalin: Scipy-SLSQP using spatial information
Optimizing branch lengths, phi, and nu without topology search
Initial point 1. Random seed: 7130
Solving with ultrametric constraint
Optimal point found for initial point 1
Negative llh: 359.16177630251747
Dropout rate: 1e-10
Silencing rate: 1e-10
Sigma: 40.10482175356742
Initial point 2. Random seed: 8868
Solving with ultrametric constraint
Optimal point found for initial point 2
Negative llh: 359.16177650465863
Dropout rate: 1.0000000000000007e-10
Silencing rate: 9.999999999999996e-11
Sigma: 40.10550831549771
Initial point 3. Random seed: 4779
Solving with ultrametric constraint
Optimal point found for initial point 3
Negative llh: 359.1617767768294
Dropout rate: 1.0000000000000002e-10
Silencing rate: 1e-10
Sigma: 40.10170025097085
Initial point 4. Random seed: 9415
Solving with ultrametric constraint
Optimal point found for initial point 4
Negative llh: 359.16177669488167
Dropout rate: 1e-10
Silencing rate: 1e-10
Sigma: 40.10497540932992
Initial point 5. Random seed: 353
Solving with ultrametric constraint
Optimal point found for initial point 5
Negative llh: 359.1617763494756
Dropout rate: 1.351542439602781e-10
Silencing rate: 1.1531788029751625e-10
Sigma: 40.105271662731894
Initial point 6. Random seed: 149
Solving with ultrametric constraint
Optimal point found for initial point 6
Negative llh: 359.1617765681032
Dropout rate: 1.0728876058547477e-10
Silencing rate: 1.0317648553332746e-10
Sigma: 40.10464708250234
Initial point 7. Random seed: 1542
Solving with ultrametric constraint
Optimal point found for initial point 7
Negative llh: 359.1617765984638
Dropout rate: 9.999999999999924e-11
Silencing rate: 9.999999999999924e-11
Sigma: 40.10327217010502
Initial point 8. Random seed: 3886
Solving with ultrametric constraint
Optimal point found for initial point 8
Negative llh: 359.16177643533956
Dropout rate: 1e-10
Silencing rate: 1e-10
Sigma: 40.105769576872696
Initial point 9. Random seed: 3203
Solving with ultrametric constraint
Optimal point found for initial point 9
Negative llh: 359.16177629966046
Dropout rate: 1.0000000000000007e-10
Silencing rate: 1.0000000000000007e-10
Sigma: 40.10523203673222
Initial point 10. Random seed: 5202
Solving with ultrametric constraint
Optimal point found for initial point 10
Negative llh: 359.16177643025674
Dropout rate: 1e-10
Silencing rate: 1e-10
Sigma: 40.105214215727585
Traceback (most recent call last):
  File "/u/gh2161/Spatial-Division/problin/run_problin.py", line 223, in <module>
    main()
  File "/u/gh2161/Spatial-Division/problin/run_problin.py", line 214, in main
    for cell in mySolver.params.displacement_amounts:
AttributeError: 'Params' object has no attribute 'displacement_amounts'
