Launching Problin version 0.5b
Problin was called as follow: /u/gh2161/problin/run_problin.py -c simulated_data/s5c7/k10_r1_character_matrix.csv -t simulated_data/s5c7/true_tree.nwk -S simulated_data/s5c7/leaf_locations.txt --delimiter comma -p simulated_data/s5c7/k10_priors.csv -o simulated_data/s5c7/k10_r1_spalin_leaves_newfelsen.txt --nInitials 10 --ultrametric --randomreps 3
Optimization by Spalin: Scipy-SLSQP using spatial information
Optimizing branch lengths, phi, and nu without topology search
Initial point 1. Random seed: 8901
Solving with ultrametric constraint
Optimal point found for initial point 1
Negative llh: 380.05902738810374
Dropout rate: 1.6673386305851972e-09
Silencing rate: 4.4929837970193447e-10
Sigma: 10.07895496612255
Initial point 2. Random seed: 9776
Solving with ultrametric constraint
Optimal point found for initial point 2
Negative llh: 380.059030522969
Dropout rate: 2.7565271389371285e-10
Silencing rate: 1.710471224782386e-10
Sigma: 10.081848145157805
Initial point 3. Random seed: 3700
Solving with ultrametric constraint
Optimal point found for initial point 3
Negative llh: 380.0590377620154
Dropout rate: 2.8864974655938264e-08
Silencing rate: 1.0477642042165468e-08
Sigma: 10.07761640073896
Initial point 4. Random seed: 1414
Solving with ultrametric constraint
Optimal point found for initial point 4
Negative llh: 380.0590276651278
Dropout rate: 1.6279677405448314e-09
Silencing rate: 1.2815669085728858e-09
Sigma: 10.079458105789978
Initial point 5. Random seed: 6967
Solving with ultrametric constraint
Optimal point found for initial point 5
Negative llh: 380.0590268942513
Dropout rate: 1.0683169762420127e-10
Silencing rate: 1.0872493656528357e-10
Sigma: 10.079100893977538
Initial point 6. Random seed: 2668
Solving with ultrametric constraint
Optimal point found for initial point 6
Negative llh: 380.0590275132151
Dropout rate: 1.4809060072938337e-10
Silencing rate: 1.1945348680797358e-10
Sigma: 10.078315639180957
Initial point 7. Random seed: 8294
Solving with ultrametric constraint
Optimal point found for initial point 7
Negative llh: 380.0590273099814
Dropout rate: 3.45791618489486e-10
Silencing rate: 7.402132594880508e-10
Sigma: 10.079082835706405
Initial point 8. Random seed: 4966
Solving with ultrametric constraint
Optimal point found for initial point 8
Negative llh: 380.0590273557044
Dropout rate: 8.579046054069607e-10
Silencing rate: 1.1435423728289639e-09
Sigma: 10.079031484531802
Initial point 9. Random seed: 1234
Solving with ultrametric constraint
Optimal point found for initial point 9
Negative llh: 380.0590268914759
Dropout rate: 9.999999999999996e-11
Silencing rate: 9.999999999999996e-11
Sigma: 10.079397188206068
Initial point 10. Random seed: 3058
Solving with ultrametric constraint
Optimal point found for initial point 10
Negative llh: 380.0590268485872
Dropout rate: 1e-10
Silencing rate: 1e-10
Sigma: 10.079380388099207
Runtime (s): 745.9596872255206
