Launching Problin version 0.5b
Problin was called as follow: /u/gh2161/Spatial-Division/problin/run_problin.py -c real_location_data/s5c7/k10_r5_character_matrix.csv -t real_location_data/s5c7/true_tree.nwk -S real_location_data/s5c7/leaf_locations.txt --delimiter comma -p real_location_data/s5c7/k10_priors.csv -o real_location_data/s5c7/k10_r5_spalin-divide-beta1.txt --nInitials 10 --ultrametric --randomreps 3 --divide --given_beta 1 --incl_beta_bound
Optimization by Spalin-Divide: Scipy-SLSQP using spatial information
Optimizing branch lengths, phi, and nu without topology search
Initial point 1. Random seed: 395
Solving with ultrametric constraint
Optimal point found for initial point 1
Negative llh: 370.7515031045523
Dropout rate: 5.523339632878365e-10
Silencing rate: 2.741705100766183e-10
Sigma: 6.435470514966042
Initial point 2. Random seed: 6522
Solving with ultrametric constraint
Fatal: failed to optimize using initial point 2
Initial point 3. Random seed: 8742
Solving with ultrametric constraint
Fatal: failed to optimize using initial point 3
Initial point 4. Random seed: 9042
Solving with ultrametric constraint
Optimal point found for initial point 4
Negative llh: 370.75147121348493
Dropout rate: 2.3057059169738535e-10
Silencing rate: 1.502738717765002e-10
Sigma: 6.435499891154484
Initial point 5. Random seed: 6893
Solving with ultrametric constraint
Optimal point found for initial point 5
Negative llh: 370.7514887595746
Dropout rate: 2.8038562516415487e-10
Silencing rate: 1.6945934382544513e-10
Sigma: 6.435586827898959
Initial point 6. Random seed: 6376
Solving with ultrametric constraint
Optimal point found for initial point 6
Negative llh: 370.75147117044014
Dropout rate: 1.0000000000000002e-10
Silencing rate: 1.0000000000000002e-10
Sigma: 6.435499710252755
Initial point 7. Random seed: 9427
Solving with ultrametric constraint
Optimal point found for initial point 7
Negative llh: 370.7514766514888
Dropout rate: 2.277168344215537e-09
Silencing rate: 9.444309009034745e-10
Sigma: 6.435576957197396
Initial point 8. Random seed: 5204
Solving with ultrametric constraint
Optimal point found for initial point 8
Negative llh: 370.7515315511696
Dropout rate: 2.1264776005418103e-09
Silencing rate: 8.803375324049076e-10
Sigma: 6.435529278629286
Initial point 9. Random seed: 6163
Solving with ultrametric constraint
Fatal: failed to optimize using initial point 9
Initial point 10. Random seed: 8392
Solving with ultrametric constraint
Fatal: failed to optimize using initial point 10
Runtime (s): 7432.753622788005
