Launching Problin version 0.5b
Problin was called as follow: /u/gh2161/problin/run_problin.py -c simulated_data/s5c7/k10_r3_character_matrix.csv -t simulated_data/s5c7/true_tree.nwk -S simulated_data/s5c7/true_locations.txt --delimiter comma -p simulated_data/s5c7/k10_priors.csv -o simulated_data/s5c7/k10_r3_spalin_all.txt --nInitials 10 --ultrametric --randomreps 3
Optimization by Spalin: Scipy-SLSQP using spatial information
Optimizing branch lengths, phi, and nu without topology search
Initial point 1. Random seed: 2237
Solving with ultrametric constraint
Optimal point found for initial point 1
Negative llh: 514.4766117799326
Dropout rate: 1.0222600119662882e-08
Silencing rate: 5.394431188936942e-10
Sigma: 32.892746826677765
Initial point 2. Random seed: 3623
Solving with ultrametric constraint
Optimal point found for initial point 2
Negative llh: 514.4765455051291
Dropout rate: 5.05113785733131e-10
Silencing rate: 2.805204857960852e-10
Sigma: 32.89290855307328
Initial point 3. Random seed: 2676
Solving with ultrametric constraint
Optimal point found for initial point 3
Negative llh: 514.1679588365313
Dropout rate: 1.4121328981636184e-09
Silencing rate: 1.3810012266752763e-09
Sigma: 33.7892741728007
Initial point 4. Random seed: 1290
Solving with ultrametric constraint
Optimal point found for initial point 4
Negative llh: 514.1679563206849
Dropout rate: 9.117407730490319e-10
Silencing rate: 1.1136410986789504e-09
Sigma: 33.78951787315784
Initial point 5. Random seed: 1720
Solving with ultrametric constraint
Optimal point found for initial point 5
Negative llh: 516.0920607671515
Dropout rate: 1e-10
Silencing rate: 1e-10
Sigma: 33.64163558714195
Initial point 6. Random seed: 6398
Solving with ultrametric constraint
Optimal point found for initial point 6
Negative llh: 514.4765482818225
Dropout rate: 1.6080448537491848e-10
Silencing rate: 8.757055219968067e-10
Sigma: 32.89188314440097
Initial point 7. Random seed: 2592
Solving with ultrametric constraint
Optimal point found for initial point 7
Negative llh: 514.4765478293136
Dropout rate: 1.0000000000000007e-10
Silencing rate: 1.0000000000000007e-10
Sigma: 32.892433495479565
Initial point 8. Random seed: 1287
Solving with ultrametric constraint
Optimal point found for initial point 8
Negative llh: 514.4765653877148
Dropout rate: 4.908583551257705e-08
Silencing rate: 7.756959208564932e-10
Sigma: 32.89260785835999
Initial point 9. Random seed: 8673
Solving with ultrametric constraint
Optimal point found for initial point 9
Negative llh: 514.4765479971711
Dropout rate: 1.0000000000000002e-10
Silencing rate: 8.881605959996195e-10
Sigma: 32.8922929875462
Initial point 10. Random seed: 7029
Solving with ultrametric constraint
Optimal point found for initial point 10
Negative llh: 514.4765480236189
Dropout rate: 1e-10
Silencing rate: 1e-10
Sigma: 32.89222064491687
Runtime (s): 165.6899368679151
