Launching Problin version 0.5b
Problin was called as follow: /u/gh2161/Spatial-Division/problin/run_problin.py -c real_location_data/s5c7/k10_r2_character_matrix.csv -t real_location_data/s5c7/true_tree.nwk -S real_location_data/s5c7/leaf_locations.txt --delimiter comma -p real_location_data/s5c7/k10_priors.csv -o real_location_data/s5c7/k10_r2_spalin-divide-beta3.txt --nInitials 10 --ultrametric --randomreps 3 --divide --given_beta 3 --incl_beta_bound
Optimization by Spalin-Divide: Scipy-SLSQP using spatial information
Optimizing branch lengths, phi, and nu without topology search
Initial point 1. Random seed: 630
Solving with ultrametric constraint
Optimal point found for initial point 1
Negative llh: 397.63366560085564
Dropout rate: 1.0000000000000002e-10
Silencing rate: 9.999999999999996e-11
Sigma: 5.988704536927572
Initial point 2. Random seed: 1084
Solving with ultrametric constraint
Fatal: failed to optimize using initial point 2
Initial point 3. Random seed: 5977
Solving with ultrametric constraint
Optimal point found for initial point 3
Negative llh: 397.63367291782106
Dropout rate: 1.5921923525131844e-09
Silencing rate: 7.013246681053337e-10
Sigma: 5.988747319022689
Initial point 4. Random seed: 5031
Solving with ultrametric constraint
Fatal: failed to optimize using initial point 4
Initial point 5. Random seed: 4761
Solving with ultrametric constraint
Fatal: failed to optimize using initial point 5
Initial point 6. Random seed: 936
Solving with ultrametric constraint
Fatal: failed to optimize using initial point 6
Initial point 7. Random seed: 7773
Solving with ultrametric constraint
Optimal point found for initial point 7
Negative llh: 397.6336731974348
Dropout rate: 7.740637379800788e-10
Silencing rate: 1.4448826707794707e-09
Sigma: 5.988609163985495
Initial point 8. Random seed: 1871
Solving with ultrametric constraint
Optimal point found for initial point 8
Negative llh: 397.6336720036079
Dropout rate: 1.1984429218815127e-09
Silencing rate: 5.063294869585939e-10
Sigma: 5.988729954474703
Initial point 9. Random seed: 4780
Solving with ultrametric constraint
Fatal: failed to optimize using initial point 9
Initial point 10. Random seed: 2164
Solving with ultrametric constraint
Fatal: failed to optimize using initial point 10
Runtime (s): 4098.186994615011
