Launching Problin version 0.5b
Problin was called as follow: /u/gh2161/Spatial-Division/problin/run_problin.py -c real_location_data/s5c7/k10_r5_character_matrix.csv -t real_location_data/s5c7/true_tree.nwk -S real_location_data/s5c7/leaf_locations.txt --delimiter comma -p real_location_data/s5c7/k10_priors.csv -o real_location_data/s5c7/k10_r5_spalin-divide-beta3.txt --nInitials 10 --ultrametric --randomreps 3 --divide --given_beta 3 --incl_beta_bound
Optimization by Spalin-Divide: Scipy-SLSQP using spatial information
Optimizing branch lengths, phi, and nu without topology search
Initial point 1. Random seed: 806
Solving with ultrametric constraint
Fatal: failed to optimize using initial point 1
Initial point 2. Random seed: 8536
Solving with ultrametric constraint
Optimal point found for initial point 2
Negative llh: 361.7756824722874
Dropout rate: 2.6698342686660268e-09
Silencing rate: 1.1114182011632948e-09
Sigma: 6.081307889839703
Initial point 3. Random seed: 4861
Solving with ultrametric constraint
Fatal: failed to optimize using initial point 3
Initial point 4. Random seed: 395
Solving with ultrametric constraint
Optimal point found for initial point 4
Negative llh: 361.7756802055777
Dropout rate: 3.013819772616317e-10
Silencing rate: 1.7678618560501764e-10
Sigma: 6.081174392799622
Initial point 5. Random seed: 9000
Solving with ultrametric constraint
Fatal: failed to optimize using initial point 5
Initial point 6. Random seed: 8380
Solving with ultrametric constraint
Optimal point found for initial point 6
Negative llh: 361.77567883860274
Dropout rate: 6.125999346951391e-10
Silencing rate: 4.919960978284091e-10
Sigma: 6.081288119662551
Initial point 7. Random seed: 2284
Solving with ultrametric constraint
Optimal point found for initial point 7
Negative llh: 361.7756889431142
Dropout rate: 1.990938444157045e-09
Silencing rate: 1.1042909359081403e-09
Sigma: 6.081339487161383
Initial point 8. Random seed: 1089
Solving with ultrametric constraint
Fatal: failed to optimize using initial point 8
Initial point 9. Random seed: 9754
Solving with ultrametric constraint
Fatal: failed to optimize using initial point 9
Initial point 10. Random seed: 8683
Solving with ultrametric constraint
Fatal: failed to optimize using initial point 10
Runtime (s): 6941.716185035009
