Launching Problin version 0.5b
Problin was called as follow: /u/gh2161/Spatial-Division/problin/run_problin.py -c real_location_data/s21c4/k10_r5_character_matrix.csv -t real_location_data/s21c4/true_tree.nwk -S real_location_data/s21c4/leaf_locations.txt --delimiter comma -p real_location_data/s21c4/k10_priors.csv -o real_location_data/s21c4/k10_r5_spalin-divide-beta1.txt --nInitials 10 --ultrametric --randomreps 3 --divide --given_beta 1 --incl_beta_bound
Optimization by Spalin-Divide: Scipy-SLSQP using spatial information
Optimizing branch lengths, phi, and nu without topology search
Initial point 1. Random seed: 2090
Solving with ultrametric constraint
Optimal point found for initial point 1
Negative llh: 377.21607547855206
Dropout rate: 2.1427947702437554e-09
Silencing rate: 1.1266097049860714e-09
Sigma: 5.385727433226506
Initial point 2. Random seed: 3883
Solving with ultrametric constraint
Optimal point found for initial point 2
Negative llh: 377.2160769013687
Dropout rate: 4.849830969205175e-10
Silencing rate: 2.9346740005568344e-10
Sigma: 5.385797919121033
Initial point 3. Random seed: 5172
Solving with ultrametric constraint
Optimal point found for initial point 3
Negative llh: 377.216074583148
Dropout rate: 1.0007228782014029e-10
Silencing rate: 1.0003652279548562e-10
Sigma: 5.38575924175466
Initial point 4. Random seed: 1639
Solving with ultrametric constraint
Optimal point found for initial point 4
Negative llh: 377.2160771371587
Dropout rate: 9.176859014180037e-10
Silencing rate: 5.382986779599826e-10
Sigma: 5.385753237576416
Initial point 5. Random seed: 8157
Solving with ultrametric constraint
Optimal point found for initial point 5
Negative llh: 377.21607562880723
Dropout rate: 2.0894091321524838e-09
Silencing rate: 1.0965157358953926e-09
Sigma: 5.385801152915551
Initial point 6. Random seed: 5700
Solving with ultrametric constraint
Optimal point found for initial point 6
Negative llh: 377.216075369499
Dropout rate: 1.3547199646829934e-09
Silencing rate: 7.305426620570244e-10
Sigma: 5.38582588617244
Initial point 7. Random seed: 8525
Solving with ultrametric constraint
Optimal point found for initial point 7
Negative llh: 377.2160751511933
Dropout rate: 2.2240246298613163e-10
Silencing rate: 1.6151181957809233e-10
Sigma: 5.385751958239042
Initial point 8. Random seed: 2863
Solving with ultrametric constraint
Optimal point found for initial point 8
Negative llh: 377.2160748460922
Dropout rate: 1.066161891488044e-09
Silencing rate: 7.47638796801538e-10
Sigma: 5.38576353060507
Initial point 9. Random seed: 3792
Solving with ultrametric constraint
Fatal: failed to optimize using initial point 9
Initial point 10. Random seed: 7028
Solving with ultrametric constraint
Optimal point found for initial point 10
Negative llh: 377.2160769186396
Dropout rate: 1.121295185902413e-09
Silencing rate: 6.132249093239983e-10
Sigma: 5.3857791291307535
Runtime (s): 4475.622185682878
