Launching Problin version 0.5b
Problin was called as follow: /u/gh2161/problin/run_problin.py -c simulated_data/s21c4/k10_r2_character_matrix.csv -t simulated_data/s21c4/true_tree.nwk -S simulated_data/s21c4/leaf_locations.txt --delimiter comma -p simulated_data/s21c4/k10_priors.csv -o simulated_data/s21c4/k10_r2_spalin_leaves_newfelsen.txt --nInitials 10 --ultrametric --randomreps 3
Optimization by Spalin: Scipy-SLSQP using spatial information
Optimizing branch lengths, phi, and nu without topology search
Initial point 1. Random seed: 4368
Solving with ultrametric constraint
Optimal point found for initial point 1
Negative llh: 352.9490265612608
Dropout rate: 3.041150207209118e-09
Silencing rate: 1.208931975554671e-09
Sigma: 7.280838821220887
Initial point 2. Random seed: 9075
Solving with ultrametric constraint
Optimal point found for initial point 2
Negative llh: 352.949026071169
Dropout rate: 1e-10
Silencing rate: 1e-10
Sigma: 7.280218790075814
Initial point 3. Random seed: 3027
Solving with ultrametric constraint
Optimal point found for initial point 3
Negative llh: 352.9490273825239
Dropout rate: 1e-10
Silencing rate: 1e-10
Sigma: 7.28083142160969
Initial point 4. Random seed: 1313
Solving with ultrametric constraint
Optimal point found for initial point 4
Negative llh: 352.94902554328763
Dropout rate: 1.0000000000000007e-10
Silencing rate: 9.999999999999924e-11
Sigma: 7.280386669197155
Initial point 5. Random seed: 607
Solving with ultrametric constraint
Optimal point found for initial point 5
Negative llh: 352.94902572965646
Dropout rate: 1.972789327947438e-10
Silencing rate: 1.6106494273847648e-10
Sigma: 7.281044636444177
Initial point 6. Random seed: 2251
Solving with ultrametric constraint
Optimal point found for initial point 6
Negative llh: 352.94902563504957
Dropout rate: 9.999999999999996e-11
Silencing rate: 1.0000000000000007e-10
Sigma: 7.28068061205219
Initial point 7. Random seed: 2283
Solving with ultrametric constraint
Optimal point found for initial point 7
Negative llh: 352.94902565238624
Dropout rate: 1e-10
Silencing rate: 1e-10
Sigma: 7.280938301396309
Initial point 8. Random seed: 2214
Solving with ultrametric constraint
Optimal point found for initial point 8
Negative llh: 352.9490254901756
Dropout rate: 9.999999999999924e-11
Silencing rate: 9.999999999999924e-11
Sigma: 7.280641134163217
Initial point 9. Random seed: 9472
Solving with ultrametric constraint
Optimal point found for initial point 9
Negative llh: 352.9490282963808
Dropout rate: 1e-10
Silencing rate: 1e-10
Sigma: 7.2796588546788055
Initial point 10. Random seed: 8857
Solving with ultrametric constraint
Optimal point found for initial point 10
Negative llh: 352.9490254353473
Dropout rate: 1e-10
Silencing rate: 1e-10
Sigma: 7.280576100949104
Runtime (s): 910.180048007518
