Launching Problin version 0.5b
Problin was called as follow: /u/gh2161/problin/run_problin.py -c simulated_data/s21c4/k10_r1_character_matrix.csv -t simulated_data/s21c4/true_tree.nwk --delimiter comma -p simulated_data/s21c4/k10_priors.csv -o simulated_data/s21c4/k10_r1_problin.txt --nInitials 10 --ultrametric --randomreps 3
Optimization by EM algorithm
Optimizing branch lengths, phi, and nu without topology search
Initial point 1. Random seed: 919
Solving with ultrametric constraint
Initial phi: 0.13467386988476776. Initial nu: 0.4148426981620102. Initial nllh: 14615.70940209504
EM finished after 23 iterations.
Optimal point found for initial point 1
Negative llh: 130.09136883689087
Dropout rate: 0
Silencing rate: 1.1204168774289305e-06
Initial point 2. Random seed: 4511
Solving with ultrametric constraint
Initial phi: 0.8016726312711947. Initial nu: 0.6862284715525989. Initial nllh: 725.9793112348096
EM finished after 19 iterations.
Optimal point found for initial point 2
Negative llh: 130.09136951991684
Dropout rate: 0
Silencing rate: 1.120498099958505e-06
Initial point 3. Random seed: 1929
Solving with ultrametric constraint
Initial phi: 0.3823768427803186. Initial nu: 0.3392286413714464. Initial nllh: 322.93908171690106
EM finished after 17 iterations.
Optimal point found for initial point 3
Negative llh: 130.09136879672053
Dropout rate: 0
Silencing rate: 1.112698717375574e-06
Initial point 4. Random seed: 548
Solving with ultrametric constraint
Initial phi: 0.8891146839583335. Initial nu: 0.5952171193994572. Initial nllh: 901.6653647617644
EM finished after 19 iterations.
Optimal point found for initial point 4
Negative llh: 130.0913690053094
Dropout rate: 0
Silencing rate: 1.1178411049082232e-06
Initial point 5. Random seed: 1336
Solving with ultrametric constraint
Initial phi: 0.8627973616575021. Initial nu: 0.489942161831466. Initial nllh: 821.5237550569052
EM finished after 17 iterations.
Optimal point found for initial point 5
Negative llh: 130.0913708077078
Dropout rate: 0
Silencing rate: 1.121489129529972e-06
Initial point 6. Random seed: 1242
Solving with ultrametric constraint
Initial phi: 0.8154007242492634. Initial nu: 0.8091420481174051. Initial nllh: 762.9353907132964
EM finished after 19 iterations.
Optimal point found for initial point 6
Negative llh: 130.09136983391784
Dropout rate: 0
Silencing rate: 1.1202102657558775e-06
Initial point 7. Random seed: 202
Solving with ultrametric constraint
Initial phi: 0.38601864669089647. Initial nu: 0.9600041039238802. Initial nllh: 395.55454456692
EM finished after 19 iterations.
Optimal point found for initial point 7
Negative llh: 130.09136955815495
Dropout rate: 0
Silencing rate: 1.1149825996555448e-06
Initial point 8. Random seed: 2985
Solving with ultrametric constraint
Initial phi: 0.9562408807144324. Initial nu: 0.6886097577340579. Initial nllh: 1209.83990850675
EM finished after 19 iterations.
Optimal point found for initial point 8
Negative llh: 130.091369633074
Dropout rate: 0
Silencing rate: 1.1209499046609454e-06
Initial point 9. Random seed: 9268
Solving with ultrametric constraint
Initial phi: 0.270970980340585. Initial nu: 0.41943563310984233. Initial nllh: 279.0096900769974
EM finished after 18 iterations.
Optimal point found for initial point 9
Negative llh: 130.09136943232232
Dropout rate: 0
Silencing rate: 1.1208750892074588e-06
Initial point 10. Random seed: 8323
Solving with ultrametric constraint
Initial phi: 0.9826193227369703. Initial nu: 0.34459377020000487. Initial nllh: 1466.1166226410894
EM finished after 16 iterations.
Optimal point found for initial point 10
Negative llh: 130.09137074285445
Dropout rate: 0
Silencing rate: 1.1204400894532373e-06
Traceback (most recent call last):
  File "/u/gh2161/problin/run_problin.py", line 193, in <module>
    main()
  File "/u/gh2161/problin/run_problin.py", line 172, in main
    fout.write("Sigma: " + str(opt_params['sigma']) + "\n")
KeyError: 'sigma'
