Launching Problin version 0.5b
Problin was called as follow: /u/gh2161/Spatial-Division/problin/run_problin.py -c real_location_data/s21c4/k10_r4_character_matrix.csv -t real_location_data/s21c4/true_tree.nwk -S real_location_data/s21c4/leaf_locations.txt --delimiter comma -p real_location_data/s21c4/k10_priors.csv -o real_location_data/s21c4/k10_r4_spalin-divide-ignore-beta.txt --nInitials 10 --ultrametric --randomreps 3 --divide
Optimization by Spalin-Divide: Scipy-SLSQP using spatial information
Optimizing branch lengths, phi, and nu without topology search
Initial point 1. Random seed: 7377
Solving with ultrametric constraint
Optimal point found for initial point 1
Negative llh: 419.9065697507899
Dropout rate: 1.0000000000000007e-10
Silencing rate: 1.0000000000000002e-10
Sigma: 5.787823434792662
Initial point 2. Random seed: 3160
Solving with ultrametric constraint
Optimal point found for initial point 2
Negative llh: 419.90655093216094
Dropout rate: 1.0868929331425199e-10
Silencing rate: 1.343243697929984e-10
Sigma: 5.7878683936471464
Initial point 3. Random seed: 9885
Solving with ultrametric constraint
Optimal point found for initial point 3
Negative llh: 419.90671441643065
Dropout rate: 2.3943918795553616e-08
Silencing rate: 9.800176164988209e-09
Sigma: 5.788076035654926
Initial point 4. Random seed: 9345
Solving with ultrametric constraint
Optimal point found for initial point 4
Negative llh: 419.9065767813414
Dropout rate: 9.999999999999996e-11
Silencing rate: 1.0000000000000002e-10
Sigma: 5.787747753770782
Initial point 5. Random seed: 3158
Solving with ultrametric constraint
Optimal point found for initial point 5
Negative llh: 419.9065771071864
Dropout rate: 1.0000000000000002e-10
Silencing rate: 1.0000000000000002e-10
Sigma: 5.787665544422081
Initial point 6. Random seed: 9483
Solving with ultrametric constraint
Optimal point found for initial point 6
Negative llh: 419.9065698847065
Dropout rate: 2.7440340767134274e-09
Silencing rate: 1.0163461354532174e-09
Sigma: 5.787929619476603
Initial point 7. Random seed: 4123
Solving with ultrametric constraint
Optimal point found for initial point 7
Negative llh: 419.9066709506051
Dropout rate: 1.458910095400113e-10
Silencing rate: 1.1535503753971706e-10
Sigma: 5.787742995483371
Initial point 8. Random seed: 6539
Solving with ultrametric constraint
Optimal point found for initial point 8
Negative llh: 419.90655551497946
Dropout rate: 1e-10
Silencing rate: 1e-10
Sigma: 5.787835336448782
Initial point 9. Random seed: 7306
Solving with ultrametric constraint
Optimal point found for initial point 9
Negative llh: 419.90657311387815
Dropout rate: 1.5966559436911514e-08
Silencing rate: 5.591316667902004e-09
Sigma: 5.787555158171107
Initial point 10. Random seed: 8043
Solving with ultrametric constraint
Optimal point found for initial point 10
Negative llh: 419.9065679893585
Dropout rate: 2.7953105091801643e-09
Silencing rate: 1.0601415367508938e-09
Sigma: 5.787795179264746
Runtime (s): 2446.796655891463
