Launching Problin version 0.5b
Problin was called as follow: /u/gh2161/Spatial-Division/problin/run_problin.py -c real_location_data/s21c4/k10_r1_character_matrix.csv -t real_location_data/s21c4/true_tree.nwk -S real_location_data/s21c4/leaf_locations.txt --delimiter comma -p real_location_data/s21c4/k10_priors.csv -o real_location_data/s21c4/k10_r1_spalin-divide-beta3.txt --nInitials 10 --ultrametric --randomreps 3 --divide --given_beta 3 --incl_beta_bound
Optimization by Spalin-Divide: Scipy-SLSQP using spatial information
Optimizing branch lengths, phi, and nu without topology search
Initial point 1. Random seed: 1602
Solving with ultrametric constraint
Optimal point found for initial point 1
Negative llh: 390.4819154839863
Dropout rate: 4.2845376323860313e-10
Silencing rate: 2.1915040719585336e-10
Sigma: 5.286526326824447
Initial point 2. Random seed: 6156
Solving with ultrametric constraint
Fatal: failed to optimize using initial point 2
Initial point 3. Random seed: 2722
Solving with ultrametric constraint
Optimal point found for initial point 3
Negative llh: 390.4819111722848
Dropout rate: 1e-10
Silencing rate: 1e-10
Sigma: 5.286543957252212
Initial point 4. Random seed: 4934
Solving with ultrametric constraint
Optimal point found for initial point 4
Negative llh: 390.48191757927685
Dropout rate: 1.0000000000000007e-10
Silencing rate: 1.0000000000000007e-10
Sigma: 5.286307657728489
Initial point 5. Random seed: 6123
Solving with ultrametric constraint
Optimal point found for initial point 5
Negative llh: 390.4819107350621
Dropout rate: 2.5801737814254936e-10
Silencing rate: 1.788186094683362e-10
Sigma: 5.286527628160067
Initial point 6. Random seed: 2142
Solving with ultrametric constraint
Fatal: failed to optimize using initial point 6
Initial point 7. Random seed: 9555
Solving with ultrametric constraint
Optimal point found for initial point 7
Negative llh: 390.481911012957
Dropout rate: 1e-10
Silencing rate: 1e-10
Sigma: 5.286541262693838
Initial point 8. Random seed: 4251
Solving with ultrametric constraint
Fatal: failed to optimize using initial point 8
Initial point 9. Random seed: 789
Solving with ultrametric constraint
Fatal: failed to optimize using initial point 9
Initial point 10. Random seed: 1399
Solving with ultrametric constraint
Optimal point found for initial point 10
Negative llh: 390.4819123882584
Dropout rate: 2.0853641580371675e-10
Silencing rate: 1.3937067299641345e-10
Sigma: 5.286530196864551
Runtime (s): 7148.983336925507
