Launching Problin version 0.5b
Problin was called as follow: /u/gh2161/Spatial-Division/problin/run_problin.py -c real_location_data/s21c4/k10_r3_character_matrix.csv -t real_location_data/s21c4/true_tree.nwk -S real_location_data/s21c4/leaf_locations.txt --delimiter comma -p real_location_data/s21c4/k10_priors.csv -o real_location_data/s21c4/k10_r3_spalin-divide-beta05.txt --nInitials 10 --ultrametric --randomreps 3 --divide --given_beta 0.5 --incl_beta_bound
Optimization by Spalin-Divide: Scipy-SLSQP using spatial information
Optimizing branch lengths, phi, and nu without topology search
Initial point 1. Random seed: 1811
Solving with ultrametric constraint
Optimal point found for initial point 1
Negative llh: 384.44396141455826
Dropout rate: 1.6385967784323383e-09
Silencing rate: 4.216056825641014e-10
Sigma: 6.570942081513745
Initial point 2. Random seed: 1065
Solving with ultrametric constraint
Optimal point found for initial point 2
Negative llh: 384.44396088577776
Dropout rate: 1e-10
Silencing rate: 1e-10
Sigma: 6.570940364611969
Initial point 3. Random seed: 6032
Solving with ultrametric constraint
Optimal point found for initial point 3
Negative llh: 384.4439609496946
Dropout rate: 1e-10
Silencing rate: 1e-10
Sigma: 6.570901047004761
Initial point 4. Random seed: 945
Solving with ultrametric constraint
Optimal point found for initial point 4
Negative llh: 384.44396238364607
Dropout rate: 3.748775631282587e-09
Silencing rate: 1.3411197587524667e-09
Sigma: 6.570925827373938
Initial point 5. Random seed: 2654
Solving with ultrametric constraint
Optimal point found for initial point 5
Negative llh: 384.4439609343599
Dropout rate: 1e-10
Silencing rate: 1e-10
Sigma: 6.5709281400911586
Initial point 6. Random seed: 7379
Solving with ultrametric constraint
Fatal: failed to optimize using initial point 6
Initial point 7. Random seed: 7897
Solving with ultrametric constraint
Optimal point found for initial point 7
Negative llh: 384.4439610072435
Dropout rate: 1e-10
Silencing rate: 1e-10
Sigma: 6.57089758226789
Initial point 8. Random seed: 7027
Solving with ultrametric constraint
Optimal point found for initial point 8
Negative llh: 384.4439619015271
Dropout rate: 1.2968310813716182e-10
Silencing rate: 1.0739250822090691e-10
Sigma: 6.57092906157982
Initial point 9. Random seed: 5338
Solving with ultrametric constraint
Optimal point found for initial point 9
Negative llh: 384.4439611765798
Dropout rate: 1.2042069216838865e-09
Silencing rate: 3.751424542245594e-10
Sigma: 6.5709330937671995
Initial point 10. Random seed: 476
Solving with ultrametric constraint
Optimal point found for initial point 10
Negative llh: 384.443960912042
Dropout rate: 1.0655278571719827e-09
Silencing rate: 3.919018688542086e-10
Sigma: 6.571037886543554
Runtime (s): 3443.779690708965
