Launching Problin version 0.5b
Problin was called as follow: /u/gh2161/problin/run_problin.py -c simulated_data/s21c4/k10_r2_character_matrix.csv -t simulated_data/s21c4/true_tree.nwk --delimiter comma -p simulated_data/s21c4/k10_priors.csv -o simulated_data/s21c4/k10_r2_problin.txt --nInitials 10 --ultrametric --randomreps 3
Optimization by EM algorithm
Optimizing branch lengths, phi, and nu without topology search
Initial point 1. Random seed: 1518
Solving with ultrametric constraint
Initial phi: 0.7283219709963317. Initial nu: 0.18225098097846215. Initial nllh: 10492.787476629528
EM finished after 12 iterations.
Optimal point found for initial point 1
Negative llh: 129.49267143919792
Dropout rate: 0
Silencing rate: 1.0629448265295745e-06
Initial point 2. Random seed: 1246
Solving with ultrametric constraint
Initial phi: 0.33399083618453995. Initial nu: 0.10132856680750067. Initial nllh: 271.6474438103183
EM finished after 9 iterations.
Optimal point found for initial point 2
Negative llh: 129.4926712770385
Dropout rate: 0
Silencing rate: 1.0619379516419911e-06
Initial point 3. Random seed: 5820
Solving with ultrametric constraint
Initial phi: 0.6303056200468693. Initial nu: 0.8144195763796163. Initial nllh: 545.0916700675964
EM finished after 11 iterations.
Optimal point found for initial point 3
Negative llh: 129.49267139198753
Dropout rate: 0
Silencing rate: 1.0636045640117489e-06
Initial point 4. Random seed: 8823
Solving with ultrametric constraint
Initial phi: 0.9543133813107424. Initial nu: 0.06326960141202469. Initial nllh: 1124.545630089281
EM finished after 8 iterations.
Optimal point found for initial point 4
Negative llh: 129.49267166653505
Dropout rate: 0
Silencing rate: 1.0640214169926416e-06
Initial point 5. Random seed: 8826
Solving with ultrametric constraint
Initial phi: 0.8161844181407032. Initial nu: 0.3381660979408372. Initial nllh: 711.8642966173464
EM finished after 10 iterations.
Optimal point found for initial point 5
Negative llh: 129.49267161685924
Dropout rate: 0
Silencing rate: 1.0642583764396104e-06
Initial point 6. Random seed: 7256
Solving with ultrametric constraint
Initial phi: 0.8239593614286604. Initial nu: 0.7860952472960037. Initial nllh: 779.1395267903931
EM finished after 13 iterations.
Optimal point found for initial point 6
Negative llh: 129.4926709651079
Dropout rate: 0
Silencing rate: 1.0625869840920219e-06
Initial point 7. Random seed: 9875
Solving with ultrametric constraint
Initial phi: 0.7319529356200979. Initial nu: 0.7607639251937902. Initial nllh: 641.5755616058506
EM finished after 11 iterations.
Optimal point found for initial point 7
Negative llh: 129.492671667419
Dropout rate: 0
Silencing rate: 1.0647484197325748e-06
Initial point 8. Random seed: 9125
Solving with ultrametric constraint
Initial phi: 0.48360974158889236. Initial nu: 0.9611571664583375. Initial nllh: 455.66065472652906
EM finished after 11 iterations.
Optimal point found for initial point 8
Negative llh: 129.4926716929259
Dropout rate: 0
Silencing rate: 1.0643286886355155e-06
Initial point 9. Random seed: 9267
Solving with ultrametric constraint
Initial phi: 0.7470781783179505. Initial nu: 0.7292154419882253. Initial nllh: 656.3962170963807
EM finished after 11 iterations.
Optimal point found for initial point 9
Negative llh: 129.49267163549075
Dropout rate: 0
Silencing rate: 1.0645613479115127e-06
Initial point 10. Random seed: 1688
Solving with ultrametric constraint
Initial phi: 0.833305712321262. Initial nu: 0.9810278273467063. Initial nllh: 819.8559902563296
EM finished after 11 iterations.
Optimal point found for initial point 10
Negative llh: 129.49267163648653
Dropout rate: 0
Silencing rate: 1.0642799919643507e-06
Traceback (most recent call last):
  File "/u/gh2161/problin/run_problin.py", line 193, in <module>
    main()
  File "/u/gh2161/problin/run_problin.py", line 172, in main
    fout.write("Sigma: " + str(opt_params['sigma']) + "\n")
KeyError: 'sigma'
