Launching Problin version 0.5b
Problin was called as follow: /u/gh2161/Spatial-Division/problin/run_problin.py -c real_location_data/s21c4/k10_r4_character_matrix.csv -t real_location_data/s21c4/true_tree.nwk -S real_location_data/s21c4/leaf_locations.txt --delimiter comma -p real_location_data/s21c4/k10_priors.csv -o real_location_data/s21c4/k10_r4_spalin.txt --nInitials 10 --ultrametric --randomreps 3
Optimization by Spalin: Scipy-SLSQP using spatial information
Optimizing branch lengths, phi, and nu without topology search
Initial point 1. Random seed: 7969
Solving with ultrametric constraint
Optimal point found for initial point 1
Negative llh: 369.424927408861
Dropout rate: 2.6619264620080717e-10
Silencing rate: 1.3734540230659798e-10
Sigma: 36.31396460268231
Initial point 2. Random seed: 7893
Solving with ultrametric constraint
Optimal point found for initial point 2
Negative llh: 369.4249271586822
Dropout rate: 3.3336610240505607e-10
Silencing rate: 4.4327179019573825e-10
Sigma: 36.31643707300355
Initial point 3. Random seed: 6912
Solving with ultrametric constraint
Optimal point found for initial point 3
Negative llh: 369.42492741650415
Dropout rate: 9.999999999999996e-11
Silencing rate: 1.3164041927613136e-10
Sigma: 36.316465653937954
Initial point 4. Random seed: 3897
Solving with ultrametric constraint
Optimal point found for initial point 4
Negative llh: 369.4249378020831
Dropout rate: 9.768220080853367e-09
Silencing rate: 8.683033778111216e-09
Sigma: 36.305319188863166
Initial point 5. Random seed: 3823
Solving with ultrametric constraint
Optimal point found for initial point 5
Negative llh: 369.4249275116417
Dropout rate: 9.72659005721364e-10
Silencing rate: 7.80737660557923e-10
Sigma: 36.31708175374118
Initial point 6. Random seed: 36
Solving with ultrametric constraint
Optimal point found for initial point 6
Negative llh: 369.42492704844835
Dropout rate: 1e-10
Silencing rate: 1e-10
Sigma: 36.31645076169323
Initial point 7. Random seed: 1755
Solving with ultrametric constraint
Optimal point found for initial point 7
Negative llh: 369.4249280699207
Dropout rate: 1e-10
Silencing rate: 1e-10
Sigma: 36.3180657399214
Initial point 8. Random seed: 8652
Solving with ultrametric constraint
Optimal point found for initial point 8
Negative llh: 369.4249271028165
Dropout rate: 1e-10
Silencing rate: 1e-10
Sigma: 36.317363596059444
Initial point 9. Random seed: 2449
Solving with ultrametric constraint
Optimal point found for initial point 9
Negative llh: 369.4249271816127
Dropout rate: 9.999999999999924e-11
Silencing rate: 1.0000000000000007e-10
Sigma: 36.3169377316428
Initial point 10. Random seed: 9869
Solving with ultrametric constraint
Optimal point found for initial point 10
Negative llh: 369.42492706037524
Dropout rate: 1.3829394813892602e-10
Silencing rate: 1.0092222301404013e-10
Sigma: 36.31640722737286
Traceback (most recent call last):
  File "/u/gh2161/Spatial-Division/problin/run_problin.py", line 223, in <module>
    main()
  File "/u/gh2161/Spatial-Division/problin/run_problin.py", line 214, in main
    for cell in mySolver.params.displacement_amounts:
AttributeError: 'Params' object has no attribute 'displacement_amounts'
