Launching Problin version 0.5b
Problin was called as follow: /u/gh2161/Spatial-Division/problin/run_problin.py -c real_location_data/s21c1/k10_r5_character_matrix.csv -t real_location_data/s21c1/true_tree.nwk -S real_location_data/s21c1/leaf_locations.txt --delimiter comma -p real_location_data/s21c1/k10_priors.csv -o real_location_data/s21c1/k10_r5_spalin-divide-ignore-beta.txt --nInitials 10 --ultrametric --randomreps 3 --divide
Optimization by Spalin-Divide: Scipy-SLSQP using spatial information
Optimizing branch lengths, phi, and nu without topology search
Initial point 1. Random seed: 4797
Solving with ultrametric constraint
Optimal point found for initial point 1
Negative llh: 165.1966647581237
Dropout rate: 9.999999999999996e-11
Silencing rate: 1.0000000000000002e-10
Sigma: 5.553930423887066
Initial point 2. Random seed: 487
Solving with ultrametric constraint
Optimal point found for initial point 2
Negative llh: 165.19666481969784
Dropout rate: 4.981955665508932e-10
Silencing rate: 3.897034337919577e-10
Sigma: 5.553819260339206
Initial point 3. Random seed: 8004
Solving with ultrametric constraint
Optimal point found for initial point 3
Negative llh: 165.19668356760528
Dropout rate: 1.0000000000000007e-10
Silencing rate: 1.0000000000000007e-10
Sigma: 5.553816532858682
Initial point 4. Random seed: 2714
Solving with ultrametric constraint
Optimal point found for initial point 4
Negative llh: 165.19666483260463
Dropout rate: 9.999999999999996e-11
Silencing rate: 9.999999999999996e-11
Sigma: 5.553956650238634
Initial point 5. Random seed: 6309
Solving with ultrametric constraint
Optimal point found for initial point 5
Negative llh: 165.19666761430364
Dropout rate: 1.0000000000000002e-10
Silencing rate: 1.0000000000000002e-10
Sigma: 5.553979007383573
Initial point 6. Random seed: 6382
Solving with ultrametric constraint
Optimal point found for initial point 6
Negative llh: 165.19666481359522
Dropout rate: 2.6248470000648655e-10
Silencing rate: 3.439118445310689e-10
Sigma: 5.553761271332873
Initial point 7. Random seed: 8761
Solving with ultrametric constraint
Optimal point found for initial point 7
Negative llh: 165.1966703715522
Dropout rate: 1e-10
Silencing rate: 1e-10
Sigma: 5.553833739566391
Initial point 8. Random seed: 6370
Solving with ultrametric constraint
Optimal point found for initial point 8
Negative llh: 165.19668373175261
Dropout rate: 1.000000000000009e-10
Silencing rate: 9.999999999999924e-11
Sigma: 5.554449212554056
Initial point 9. Random seed: 7751
Solving with ultrametric constraint
Optimal point found for initial point 9
Negative llh: 165.19673035572598
Dropout rate: 9.298986452768827e-10
Silencing rate: 6.792567234967909e-10
Sigma: 5.553594857454392
Initial point 10. Random seed: 2966
Solving with ultrametric constraint
Optimal point found for initial point 10
Negative llh: 165.19666470396078
Dropout rate: 1e-10
Silencing rate: 1e-10
Sigma: 5.554102516234992
Runtime (s): 281.8031720854342
