Launching Problin version 0.5b
Problin was called as follow: /u/gh2161/problin/run_problin.py -c simulated_data/s21c1/k10_r2_character_matrix.csv -t simulated_data/s21c1/true_tree.nwk -S simulated_data/s21c1/leaf_locations.txt --delimiter comma -p simulated_data/s21c1/k10_priors.csv -o simulated_data/s21c1/k10_r2_spalin_leaves_newfelsen.txt --nInitials 10 --ultrametric --randomreps 3
Optimization by Spalin: Scipy-SLSQP using spatial information
Optimizing branch lengths, phi, and nu without topology search
Initial point 1. Random seed: 9047
Solving with ultrametric constraint
Optimal point found for initial point 1
Negative llh: 171.43561061247163
Dropout rate: 2.600862397197575e-10
Silencing rate: 1.8032392818174435e-10
Sigma: 7.919597267161925
Initial point 2. Random seed: 8999
Solving with ultrametric constraint
Optimal point found for initial point 2
Negative llh: 171.4356111125199
Dropout rate: 3.0211899344880077e-10
Silencing rate: 4.737401293212574e-10
Sigma: 7.919321229531888
Initial point 3. Random seed: 8417
Solving with ultrametric constraint
Optimal point found for initial point 3
Negative llh: 171.43561100289375
Dropout rate: 1e-10
Silencing rate: 1e-10
Sigma: 7.9202749894297515
Initial point 4. Random seed: 8143
Solving with ultrametric constraint
Optimal point found for initial point 4
Negative llh: 171.43561097448782
Dropout rate: 1.222324372972323e-10
Silencing rate: 1.3511569492349835e-10
Sigma: 7.9202131628044
Initial point 5. Random seed: 772
Solving with ultrametric constraint
Optimal point found for initial point 5
Negative llh: 171.43561061953608
Dropout rate: 1e-10
Silencing rate: 1e-10
Sigma: 7.919448022342742
Initial point 6. Random seed: 17
Solving with ultrametric constraint
Optimal point found for initial point 6
Negative llh: 171.43561133778798
Dropout rate: 4.835986687576837e-09
Silencing rate: 2.234953294168029e-09
Sigma: 7.919786317699956
Initial point 7. Random seed: 2175
Solving with ultrametric constraint
Optimal point found for initial point 7
Negative llh: 171.43561096119413
Dropout rate: 1.7473380812707372e-09
Silencing rate: 2.5023546879119655e-09
Sigma: 7.919884019653477
Initial point 8. Random seed: 1989
Solving with ultrametric constraint
Optimal point found for initial point 8
Negative llh: 171.43561129774855
Dropout rate: 1.3555277954716865e-10
Silencing rate: 1.413181797131097e-10
Sigma: 7.920065117990884
Initial point 9. Random seed: 3610
Solving with ultrametric constraint
Optimal point found for initial point 9
Negative llh: 171.4356107321157
Dropout rate: 1.0000000000000002e-10
Silencing rate: 1.0000000000000007e-10
Sigma: 7.920421147389596
Initial point 10. Random seed: 6385
Solving with ultrametric constraint
Optimal point found for initial point 10
Negative llh: 171.43561173844347
Dropout rate: 1e-10
Silencing rate: 1e-10
Sigma: 7.91909924425263
Runtime (s): 80.35059268400073
