Launching Problin version 0.5b
Problin was called as follow: /u/gh2161/Spatial-Division/problin/run_problin.py -c real_location_data/s21c1/k10_r1_character_matrix.csv -t real_location_data/s21c1/true_tree.nwk -S real_location_data/s21c1/leaf_locations.txt --delimiter comma -p real_location_data/s21c1/k10_priors.csv -o real_location_data/s21c1/k10_r1_spalin.txt --nInitials 10 --ultrametric --randomreps 3
Optimization by Spalin: Scipy-SLSQP using spatial information
Optimizing branch lengths, phi, and nu without topology search
Initial point 1. Random seed: 9309
Solving with ultrametric constraint
Optimal point found for initial point 1
Negative llh: 172.80847665821028
Dropout rate: 9.999999999999996e-11
Silencing rate: 9.999999999999996e-11
Sigma: 29.439185470622945
Initial point 2. Random seed: 6072
Solving with ultrametric constraint
Optimal point found for initial point 2
Negative llh: 172.80847669593544
Dropout rate: 1e-10
Silencing rate: 1e-10
Sigma: 29.43963475987505
Initial point 3. Random seed: 2943
Solving with ultrametric constraint
Optimal point found for initial point 3
Negative llh: 172.80847665421987
Dropout rate: 1e-10
Silencing rate: 1.0000000000000002e-10
Sigma: 29.43943478169211
Initial point 4. Random seed: 6520
Solving with ultrametric constraint
Optimal point found for initial point 4
Negative llh: 172.808476750117
Dropout rate: 7.062622784058034e-10
Silencing rate: 6.279076292601617e-10
Sigma: 29.43913007835308
Initial point 5. Random seed: 5084
Solving with ultrametric constraint
Optimal point found for initial point 5
Negative llh: 172.80847667320091
Dropout rate: 1e-10
Silencing rate: 1e-10
Sigma: 29.4386666755406
Initial point 6. Random seed: 934
Solving with ultrametric constraint
Optimal point found for initial point 6
Negative llh: 172.80847701169455
Dropout rate: 1e-10
Silencing rate: 1e-10
Sigma: 29.43792320919304
Initial point 7. Random seed: 1484
Solving with ultrametric constraint
Optimal point found for initial point 7
Negative llh: 172.80847683706835
Dropout rate: 1.3636882862846547e-10
Silencing rate: 7.020989328530074e-10
Sigma: 29.440534913727163
Initial point 8. Random seed: 6036
Solving with ultrametric constraint
Optimal point found for initial point 8
Negative llh: 172.80847698215968
Dropout rate: 1e-10
Silencing rate: 1e-10
Sigma: 29.441667843348835
Initial point 9. Random seed: 4653
Solving with ultrametric constraint
Optimal point found for initial point 9
Negative llh: 172.80847680166198
Dropout rate: 1e-10
Silencing rate: 1e-10
Sigma: 29.436221212313026
Initial point 10. Random seed: 1999
Solving with ultrametric constraint
Optimal point found for initial point 10
Negative llh: 172.80847664443831
Dropout rate: 1.0000000000000007e-10
Silencing rate: 1.0000000000000007e-10
Sigma: 29.439226713751044
Traceback (most recent call last):
  File "/u/gh2161/Spatial-Division/problin/run_problin.py", line 223, in <module>
    main()
  File "/u/gh2161/Spatial-Division/problin/run_problin.py", line 214, in main
    for cell in mySolver.params.displacement_amounts:
AttributeError: 'Params' object has no attribute 'displacement_amounts'
