Launching Problin version 0.5b
Problin was called as follow: /u/gh2161/problin/run_problin.py -c simulated_data/s13c1/k10_r5_character_matrix.csv -t simulated_data/s13c1/true_tree.nwk -S simulated_data/s13c1/true_locations.txt --delimiter comma -p simulated_data/s13c1/k10_priors.csv -o simulated_data/s13c1/k10_r5_spalin_all.txt --nInitials 10 --ultrametric --randomreps 3
Optimization by Spalin: Scipy-SLSQP using spatial information
Optimizing branch lengths, phi, and nu without topology search
Initial point 1. Random seed: 4999
Solving with ultrametric constraint
Optimal point found for initial point 1
Negative llh: 635.374373602682
Dropout rate: 1.0000000000000007e-10
Silencing rate: 2.7976949601816843e-10
Sigma: 40.65232456365845
Initial point 2. Random seed: 3783
Solving with ultrametric constraint
Optimal point found for initial point 2
Negative llh: 635.3743783702965
Dropout rate: 1.0022145627553982e-10
Silencing rate: 1.0007425171588694e-10
Sigma: 40.65689344763875
Initial point 3. Random seed: 2071
Solving with ultrametric constraint
Optimal point found for initial point 3
Negative llh: 635.37445965043
Dropout rate: 1.0627454303940067e-08
Silencing rate: 2.550395843945336e-09
Sigma: 40.673325894999294
Initial point 4. Random seed: 7640
Solving with ultrametric constraint
Optimal point found for initial point 4
Negative llh: 635.3743835098347
Dropout rate: 8.360580668676541e-09
Silencing rate: 5.927506950516868e-10
Sigma: 40.649060330041934
Initial point 5. Random seed: 6636
Solving with ultrametric constraint
Optimal point found for initial point 5
Negative llh: 635.3743741287199
Dropout rate: 1.537071644726389e-09
Silencing rate: 9.999999999999996e-11
Sigma: 40.6522114456539
Initial point 6. Random seed: 7585
Solving with ultrametric constraint
Optimal point found for initial point 6
Negative llh: 635.3743733609872
Dropout rate: 1e-10
Silencing rate: 1e-10
Sigma: 40.65347678811166
Initial point 7. Random seed: 1766
Solving with ultrametric constraint
Optimal point found for initial point 7
Negative llh: 635.3743836441434
Dropout rate: 7.570505385458525e-09
Silencing rate: 1.0102173433144978e-10
Sigma: 40.655572558036
Initial point 8. Random seed: 1636
Solving with ultrametric constraint
Optimal point found for initial point 8
Negative llh: 635.3743740267347
Dropout rate: 1.0009305267667514e-10
Silencing rate: 1.0003119282609987e-10
Sigma: 40.6567875722601
Initial point 9. Random seed: 705
Solving with ultrametric constraint
Optimal point found for initial point 9
Negative llh: 635.374374069209
Dropout rate: 8.889432877947209e-10
Silencing rate: 9.560899177032799e-10
Sigma: 40.65229931179709
Initial point 10. Random seed: 829
Solving with ultrametric constraint
Optimal point found for initial point 10
Negative llh: 635.3743967665091
Dropout rate: 1e-10
Silencing rate: 1e-10
Sigma: 40.65183929678337
Runtime (s): 291.2927706381306
