Launching Problin version 0.5b
Problin was called as follow: /u/gh2161/problin/run_problin.py -c simulated_data/s13c1/k10_r2_character_matrix.csv -t simulated_data/s13c1/true_tree.nwk --delimiter comma -p simulated_data/s13c1/k10_priors.csv -o simulated_data/s13c1/k10_r2_problin.txt --nInitials 10 --ultrametric --randomreps 3
Optimization by EM algorithm
Optimizing branch lengths, phi, and nu without topology search
Initial point 1. Random seed: 9267
Solving with ultrametric constraint
Initial phi: 0.49880760976999894. Initial nu: 0.7860711300843422. Initial nllh: 31807.87157477248
EM finished after 24 iterations.
Optimal point found for initial point 1
Negative llh: 163.14289423565714
Dropout rate: 0
Silencing rate: 1.118744065999824e-06
Initial point 2. Random seed: 9654
Solving with ultrametric constraint
Initial phi: 0.13023942540046757. Initial nu: 0.3099814178731848. Initial nllh: 260.4738062029109
EM finished after 18 iterations.
Optimal point found for initial point 2
Negative llh: 163.14289449398683
Dropout rate: 0
Silencing rate: 1.1205928464667819e-06
Initial point 3. Random seed: 5289
Solving with ultrametric constraint
Initial phi: 0.0080058918361044. Initial nu: 0.966793008983389. Initial nllh: 300.1130414546186
EM finished after 20 iterations.
Optimal point found for initial point 3
Negative llh: 163.14289607569958
Dropout rate: 0
Silencing rate: 1.1198826771472785e-06
Initial point 4. Random seed: 4194
Solving with ultrametric constraint
Initial phi: 0.5427391065047391. Initial nu: 0.020787476624979234. Initial nllh: 471.19582950204665
EM finished after 8 iterations.
Optimal point found for initial point 4
Negative llh: 163.14289446569663
Dropout rate: 0
Silencing rate: 1.1175752515256244e-06
Initial point 5. Random seed: 1493
Solving with ultrametric constraint
Initial phi: 0.027530202018552174. Initial nu: 0.43621642869110583. Initial nllh: 234.41620709941114
EM finished after 19 iterations.
Optimal point found for initial point 5
Negative llh: 163.14289414880417
Dropout rate: 0
Silencing rate: 1.1202962852408041e-06
Initial point 6. Random seed: 9897
Solving with ultrametric constraint
Initial phi: 0.18589434721144238. Initial nu: 0.28538064990041406. Initial nllh: 282.85803076535365
EM finished after 18 iterations.
Optimal point found for initial point 6
Negative llh: 163.14289402091103
Dropout rate: 0
Silencing rate: 1.1183719299011307e-06
Initial point 7. Random seed: 1860
Solving with ultrametric constraint
Initial phi: 0.8904013196941029. Initial nu: 0.07473593783767456. Initial nllh: 1035.7513105906196
EM finished after 13 iterations.
Optimal point found for initial point 7
Negative llh: 163.1428943180918
Dropout rate: 0
Silencing rate: 1.1200523593944984e-06
Initial point 8. Random seed: 6107
Solving with ultrametric constraint
Initial phi: 0.32702786475465084. Initial nu: 0.09375742258461178. Initial nllh: 330.58183207394353
EM finished after 13 iterations.
Optimal point found for initial point 8
Negative llh: 163.14289532001908
Dropout rate: 0
Silencing rate: 1.1206880112846087e-06
Initial point 9. Random seed: 2424
Solving with ultrametric constraint
Initial phi: 0.26231841000745093. Initial nu: 0.05654771904346377. Initial nllh: 289.6254933666616
EM finished after 13 iterations.
Optimal point found for initial point 9
Negative llh: 163.14289312362314
Dropout rate: 0
Silencing rate: 1.120149606332532e-06
Initial point 10. Random seed: 2181
Solving with ultrametric constraint
Initial phi: 0.21247004631592883. Initial nu: 0.8649106671767756. Initial nllh: 376.02812481831586
EM finished after 23 iterations.
Optimal point found for initial point 10
Negative llh: 163.14289292788
Dropout rate: 0
Silencing rate: 1.1182959161489626e-06
Traceback (most recent call last):
  File "/u/gh2161/problin/run_problin.py", line 193, in <module>
    main()
  File "/u/gh2161/problin/run_problin.py", line 172, in main
    fout.write("Sigma: " + str(opt_params['sigma']) + "\n")
KeyError: 'sigma'
