Launching Problin version 0.5b
Problin was called as follow: /u/gh2161/Spatial-Division/problin/run_problin.py -c real_location_data/s13c1/k10_r2_character_matrix.csv -t real_location_data/s13c1/true_tree.nwk -S real_location_data/s13c1/leaf_locations.txt --delimiter comma -p real_location_data/s13c1/k10_priors.csv -o real_location_data/s13c1/k10_r2_spalin-divide-beta05.txt --nInitials 10 --ultrametric --randomreps 3 --divide --given_beta 0.5 --incl_beta_bound
Optimization by Spalin-Divide: Scipy-SLSQP using spatial information
Optimizing branch lengths, phi, and nu without topology search
Initial point 1. Random seed: 5731
Solving with ultrametric constraint
Optimal point found for initial point 1
Negative llh: 520.988682416848
Dropout rate: 2.011693705901799e-10
Silencing rate: 1.367234555718061e-10
Sigma: 6.547433961812256
Initial point 2. Random seed: 5430
Solving with ultrametric constraint
Optimal point found for initial point 2
Negative llh: 520.9886685069655
Dropout rate: 2.575790657166206e-10
Silencing rate: 1.5725310612090632e-10
Sigma: 6.54741820190831
Initial point 3. Random seed: 1307
Solving with ultrametric constraint
Fatal: failed to optimize using initial point 3
Initial point 4. Random seed: 8436
Solving with ultrametric constraint
Optimal point found for initial point 4
Negative llh: 520.9886689061843
Dropout rate: 1e-10
Silencing rate: 1e-10
Sigma: 6.547425695416603
Initial point 5. Random seed: 671
Solving with ultrametric constraint
Optimal point found for initial point 5
Negative llh: 520.9886820405368
Dropout rate: 4.746299579853315e-10
Silencing rate: 2.3620142795344296e-10
Sigma: 6.547374855263769
Initial point 6. Random seed: 9920
Solving with ultrametric constraint
Fatal: failed to optimize using initial point 6
Initial point 7. Random seed: 4630
Solving with ultrametric constraint
Fatal: failed to optimize using initial point 7
Initial point 8. Random seed: 454
Solving with ultrametric constraint
Optimal point found for initial point 8
Negative llh: 520.9886700286039
Dropout rate: 2.2508192893644395e-10
Silencing rate: 1.4544478704455137e-10
Sigma: 6.547464017089849
Initial point 9. Random seed: 9861
Solving with ultrametric constraint
Fatal: failed to optimize using initial point 9
Initial point 10. Random seed: 463
Solving with ultrametric constraint
Fatal: failed to optimize using initial point 10
Runtime (s): 8749.777418920014
