Launching Problin version 0.5b
Problin was called as follow: /u/gh2161/problin/run_problin.py -c simulated_data/s13c1/k10_r2_character_matrix.csv -t simulated_data/s13c1/true_tree.nwk -S simulated_data/s13c1/true_locations.txt --delimiter comma -p simulated_data/s13c1/k10_priors.csv -o simulated_data/s13c1/k10_r2_spalin_all.txt --nInitials 10 --ultrametric --randomreps 3
Optimization by Spalin: Scipy-SLSQP using spatial information
Optimizing branch lengths, phi, and nu without topology search
Initial point 1. Random seed: 2294
Solving with ultrametric constraint
Optimal point found for initial point 1
Negative llh: 646.263100634424
Dropout rate: 2.9327239546734015e-09
Silencing rate: 6.629973584844586e-09
Sigma: 38.16627042284034
Initial point 2. Random seed: 7767
Solving with ultrametric constraint
Optimal point found for initial point 2
Negative llh: 646.2630959298881
Dropout rate: 5.021239987464333e-10
Silencing rate: 3.039621578868439e-10
Sigma: 38.16806573361062
Initial point 3. Random seed: 7102
Solving with ultrametric constraint
Optimal point found for initial point 3
Negative llh: 646.2630975599702
Dropout rate: 1.1882312936045256e-09
Silencing rate: 5.201939315314376e-10
Sigma: 38.16802705076009
Initial point 4. Random seed: 2963
Solving with ultrametric constraint
Optimal point found for initial point 4
Negative llh: 646.2630956036265
Dropout rate: 1e-10
Silencing rate: 1e-10
Sigma: 38.16724991218205
Initial point 5. Random seed: 9736
Solving with ultrametric constraint
Optimal point found for initial point 5
Negative llh: 646.2631161496065
Dropout rate: 4.717010245292649e-10
Silencing rate: 2.4360536106439146e-10
Sigma: 38.17781347341352
Initial point 6. Random seed: 4291
Solving with ultrametric constraint
Optimal point found for initial point 6
Negative llh: 646.2631012214124
Dropout rate: 1e-10
Silencing rate: 2.7608628453658948e-08
Sigma: 38.16695000431436
Initial point 7. Random seed: 4735
Solving with ultrametric constraint
Optimal point found for initial point 7
Negative llh: 646.2630959265759
Dropout rate: 1.0027692736888678e-10
Silencing rate: 1.0010699257463427e-10
Sigma: 38.16682444497876
Initial point 8. Random seed: 1216
Solving with ultrametric constraint
Optimal point found for initial point 8
Negative llh: 646.2630985465421
Dropout rate: 2.9539856583915446e-09
Silencing rate: 1.2036190128339286e-09
Sigma: 38.16324655393388
Initial point 9. Random seed: 8108
Solving with ultrametric constraint
Optimal point found for initial point 9
Negative llh: 646.2631032948084
Dropout rate: 1.0461991472710048e-08
Silencing rate: 1e-10
Sigma: 38.167712015584215
Initial point 10. Random seed: 2501
Solving with ultrametric constraint
Optimal point found for initial point 10
Negative llh: 646.2631108450341
Dropout rate: 2.017629984604837e-08
Silencing rate: 2.315182355575955e-08
Sigma: 38.168795638324966
Runtime (s): 304.25293811410666
