Launching Problin version 0.5b
Problin was called as follow: /u/gh2161/problin/run_problin.py -c simulated_data/s13c1/k10_r1_character_matrix.csv -t simulated_data/s13c1/true_tree.nwk -S simulated_data/s13c1/true_locations.txt --delimiter comma -p simulated_data/s13c1/k10_priors.csv -o simulated_data/s13c1/k10_r1_spalin_all.txt --nInitials 10 --ultrametric --randomreps 3
Optimization by Spalin: Scipy-SLSQP using spatial information
Optimizing branch lengths, phi, and nu without topology search
Initial point 1. Random seed: 597
Solving with ultrametric constraint
Optimal point found for initial point 1
Negative llh: 632.2999500718779
Dropout rate: 6.888842063984853e-10
Silencing rate: 7.476365036320914e-10
Sigma: 34.280490494453744
Initial point 2. Random seed: 2638
Solving with ultrametric constraint
Optimal point found for initial point 2
Negative llh: 632.2999498648626
Dropout rate: 1.643603422726736e-09
Silencing rate: 1.0118592424769304e-10
Sigma: 34.28077930252434
Initial point 3. Random seed: 9829
Solving with ultrametric constraint
Optimal point found for initial point 3
Negative llh: 632.2999572193746
Dropout rate: 2.2182901751081723e-09
Silencing rate: 4.135067762638606e-09
Sigma: 34.27172732336692
Initial point 4. Random seed: 4317
Solving with ultrametric constraint
Optimal point found for initial point 4
Negative llh: 632.2999523561011
Dropout rate: 1.9389918617963411e-10
Silencing rate: 1.4673429129771967e-10
Sigma: 34.28025908068103
Initial point 5. Random seed: 9419
Solving with ultrametric constraint
Optimal point found for initial point 5
Negative llh: 632.2999533685609
Dropout rate: 1.9043894645815486e-09
Silencing rate: 1.592700651352047e-09
Sigma: 34.281350973981525
Initial point 6. Random seed: 9531
Solving with ultrametric constraint
Optimal point found for initial point 6
Negative llh: 632.299950194192
Dropout rate: 1.0278475722090813e-10
Silencing rate: 1.013860418620081e-10
Sigma: 34.27968201470193
Initial point 7. Random seed: 2601
Solving with ultrametric constraint
Optimal point found for initial point 7
Negative llh: 632.2999493037776
Dropout rate: 1.000000000000009e-10
Silencing rate: 1.0000000000000007e-10
Sigma: 34.28062288110645
Initial point 8. Random seed: 9406
Solving with ultrametric constraint
Optimal point found for initial point 8
Negative llh: 632.2999497108146
Dropout rate: 2.054708311463945e-10
Silencing rate: 1e-10
Sigma: 34.281417752603566
Initial point 9. Random seed: 7607
Solving with ultrametric constraint
Optimal point found for initial point 9
Negative llh: 633.1205971346161
Dropout rate: 1e-10
Silencing rate: 1e-10
Sigma: 34.03000956275044
Initial point 10. Random seed: 7536
Solving with ultrametric constraint
Optimal point found for initial point 10
Negative llh: 632.2999495310537
Dropout rate: 9.999999999999996e-11
Silencing rate: 1.0000000000000007e-10
Sigma: 34.28133359744091
Runtime (s): 247.4665234507993
