Launching Problin version 0.5b
Problin was called as follow: /u/gh2161/problin/run_problin.py -c simulated_data/s13c1/k10_r4_character_matrix.csv -t simulated_data/s13c1/true_tree.nwk --delimiter comma -p simulated_data/s13c1/k10_priors.csv -o simulated_data/s13c1/k10_r4_problin.txt --nInitials 10 --ultrametric --randomreps 3
Optimization by EM algorithm
Optimizing branch lengths, phi, and nu without topology search
Initial point 1. Random seed: 8650
Solving with ultrametric constraint
Initial phi: 0.7089648120948117. Initial nu: 0.764196133038845. Initial nllh: 33582.23273797717
EM finished after 16 iterations.
Optimal point found for initial point 1
Negative llh: 189.5373002829795
Dropout rate: 0
Silencing rate: 1.1834994571587132e-06
Initial point 2. Random seed: 5668
Solving with ultrametric constraint
Initial phi: 0.20785694346511027. Initial nu: 0.8724382812238236. Initial nllh: 393.4743461505087
EM finished after 15 iterations.
Optimal point found for initial point 2
Negative llh: 189.5373006208695
Dropout rate: 0
Silencing rate: 1.1875135119888706e-06
Initial point 3. Random seed: 7294
Solving with ultrametric constraint
Initial phi: 0.23533156299580985. Initial nu: 0.8719120623350319. Initial nllh: 407.1730196327873
EM finished after 14 iterations.
Optimal point found for initial point 3
Negative llh: 189.5373015428646
Dropout rate: 0
Silencing rate: 1.1893038242593167e-06
Initial point 4. Random seed: 1251
Solving with ultrametric constraint
Initial phi: 0.39313850338581985. Initial nu: 0.8860904231139903. Initial nllh: 499.1548778250489
EM finished after 14 iterations.
Optimal point found for initial point 4
Negative llh: 189.53730114964165
Dropout rate: 0
Silencing rate: 1.187585080058853e-06
Initial point 5. Random seed: 6822
Solving with ultrametric constraint
Initial phi: 0.3188701382871623. Initial nu: 0.038499643146794736. Initial nllh: 344.2872977514716
EM finished after 8 iterations.
Optimal point found for initial point 5
Negative llh: 189.53730133522464
Dropout rate: 0
Silencing rate: 1.1915612197865518e-06
Initial point 6. Random seed: 9271
Solving with ultrametric constraint
Initial phi: 0.36142715217467497. Initial nu: 0.4621110829948564. Initial nllh: 424.34498802849566
EM finished after 13 iterations.
Optimal point found for initial point 6
Negative llh: 189.5373013313381
Dropout rate: 0
Silencing rate: 1.187829157301888e-06
Initial point 7. Random seed: 6791
Solving with ultrametric constraint
Initial phi: 0.8535281797992614. Initial nu: 0.10230826745319496. Initial nllh: 951.9551359037372
EM finished after 10 iterations.
Optimal point found for initial point 7
Negative llh: 189.53730160619972
Dropout rate: 0
Silencing rate: 1.189686856242792e-06
Initial point 8. Random seed: 1564
Solving with ultrametric constraint
Initial phi: 0.7393731666648673. Initial nu: 0.2041200917075473. Initial nllh: 740.4088701312213
EM finished after 11 iterations.
Optimal point found for initial point 8
Negative llh: 189.53730247034937
Dropout rate: 0
Silencing rate: 1.191986389832116e-06
Initial point 9. Random seed: 1927
Solving with ultrametric constraint
Initial phi: 0.41856700905536415. Initial nu: 0.43958978998919424. Initial nllh: 457.98505883005987
EM finished after 14 iterations.
Optimal point found for initial point 9
Negative llh: 189.5373001064666
Dropout rate: 0
Silencing rate: 1.1839287324282165e-06
Initial point 10. Random seed: 4810
Solving with ultrametric constraint
Initial phi: 0.5933452285759977. Initial nu: 0.6803752671110194. Initial nllh: 628.6274228821823
EM finished after 14 iterations.
Optimal point found for initial point 10
Negative llh: 189.53730134978392
Dropout rate: 0
Silencing rate: 1.1903956229385443e-06
Traceback (most recent call last):
  File "/u/gh2161/problin/run_problin.py", line 193, in <module>
    main()
  File "/u/gh2161/problin/run_problin.py", line 172, in main
    fout.write("Sigma: " + str(opt_params['sigma']) + "\n")
KeyError: 'sigma'
