Launching Problin version 0.5b
Problin was called as follow: /u/gh2161/Spatial-Division/problin/run_problin.py -c real_location_data/s13c1/k10_r3_character_matrix.csv -t real_location_data/s13c1/true_tree.nwk -S real_location_data/s13c1/leaf_locations.txt --delimiter comma -p real_location_data/s13c1/k10_priors.csv -o real_location_data/s13c1/k10_r3_spalin-divide-beta3.txt --nInitials 10 --ultrametric --randomreps 3 --divide --given_beta 3 --incl_beta_bound
Optimization by Spalin-Divide: Scipy-SLSQP using spatial information
Optimizing branch lengths, phi, and nu without topology search
Initial point 1. Random seed: 2192
Solving with ultrametric constraint
Fatal: failed to optimize using initial point 1
Initial point 2. Random seed: 1585
Solving with ultrametric constraint
Fatal: failed to optimize using initial point 2
Initial point 3. Random seed: 8239
Solving with ultrametric constraint
Fatal: failed to optimize using initial point 3
Initial point 4. Random seed: 7366
Solving with ultrametric constraint
Optimal point found for initial point 4
Negative llh: 492.58981161869747
Dropout rate: 3.9227298551442744e-10
Silencing rate: 2.1524694087738892e-10
Sigma: 5.751085432878315
Initial point 5. Random seed: 6829
Solving with ultrametric constraint
Optimal point found for initial point 5
Negative llh: 492.58980765826595
Dropout rate: 4.297881089831426e-10
Silencing rate: 2.304629231821704e-10
Sigma: 5.751057879052658
Initial point 6. Random seed: 7100
Solving with ultrametric constraint
Fatal: failed to optimize using initial point 6
Initial point 7. Random seed: 8790
Solving with ultrametric constraint
Fatal: failed to optimize using initial point 7
Initial point 8. Random seed: 1434
Solving with ultrametric constraint
Fatal: failed to optimize using initial point 8
Initial point 9. Random seed: 6732
Solving with ultrametric constraint
Fatal: failed to optimize using initial point 9
Initial point 10. Random seed: 4148
Solving with ultrametric constraint
Fatal: failed to optimize using initial point 10
Runtime (s): 10918.017535688356
