Launching Problin version 0.5b
Problin was called as follow: /u/gh2161/Spatial-Division/problin/run_problin.py -c real_location_data/s13c1/k10_r3_character_matrix.csv -t real_location_data/s13c1/true_tree.nwk -S real_location_data/s13c1/leaf_locations.txt --delimiter comma -p real_location_data/s13c1/k10_priors.csv -o real_location_data/s13c1/k10_r3_spalin-divide-ignore-beta.txt --nInitials 10 --ultrametric --randomreps 3 --divide
Optimization by Spalin-Divide: Scipy-SLSQP using spatial information
Optimizing branch lengths, phi, and nu without topology search
Initial point 1. Random seed: 3748
Solving with ultrametric constraint
Optimal point found for initial point 1
Negative llh: 501.9820857479272
Dropout rate: 1.3400446649813777e-08
Silencing rate: 4.583215004928404e-09
Sigma: 6.0691095807127855
Initial point 2. Random seed: 2732
Solving with ultrametric constraint
Optimal point found for initial point 2
Negative llh: 501.98192994841486
Dropout rate: 1.8650434668114874e-08
Silencing rate: 7.632399447663532e-09
Sigma: 6.0683791408122065
Initial point 3. Random seed: 4389
Solving with ultrametric constraint
Optimal point found for initial point 3
Negative llh: 501.9832529884609
Dropout rate: 4.41409866125384e-08
Silencing rate: 1.956499394184203e-08
Sigma: 6.069910980198875
Initial point 4. Random seed: 408
Solving with ultrametric constraint
Optimal point found for initial point 4
Negative llh: 501.98193453225
Dropout rate: 1.0000000000000088e-10
Silencing rate: 9.999999999999925e-11
Sigma: 6.0692023562868265
Initial point 5. Random seed: 8602
Solving with ultrametric constraint
Optimal point found for initial point 5
Negative llh: 501.9818860425777
Dropout rate: 1.000000000000009e-10
Silencing rate: 1.000000000000009e-10
Sigma: 6.069218439831168
Initial point 6. Random seed: 8530
Solving with ultrametric constraint
Optimal point found for initial point 6
Negative llh: 501.9818750219654
Dropout rate: 1.2986398488050317e-09
Silencing rate: 5.739330394309248e-10
Sigma: 6.069218143885054
Initial point 7. Random seed: 3936
Solving with ultrametric constraint
Optimal point found for initial point 7
Negative llh: 501.9818736293457
Dropout rate: 2.334869479260579e-10
Silencing rate: 1.525636276677897e-10
Sigma: 6.069112436681956
Initial point 8. Random seed: 4373
Solving with ultrametric constraint
Optimal point found for initial point 8
Negative llh: 501.9818988612559
Dropout rate: 1.166253547325616e-09
Silencing rate: 1.222584746790624e-09
Sigma: 6.06932080036926
Initial point 9. Random seed: 7351
Solving with ultrametric constraint
Optimal point found for initial point 9
Negative llh: 501.981893004236
Dropout rate: 2.5565048319345592e-08
Silencing rate: 1.0717213395981903e-08
Sigma: 6.069421652975985
Initial point 10. Random seed: 6859
Solving with ultrametric constraint
Optimal point found for initial point 10
Negative llh: 501.9819011739984
Dropout rate: 9.999999999999996e-11
Silencing rate: 1.0000000000000007e-10
Sigma: 6.069290946780644
Runtime (s): 8312.67422896251
