Launching Problin version 0.5b
Problin was called as follow: /u/gh2161/Spatial-Division/problin/run_problin.py -c real_location_data/s13c1/k10_r3_character_matrix.csv -t real_location_data/s13c1/true_tree.nwk -S real_location_data/s13c1/leaf_locations.txt --delimiter comma -p real_location_data/s13c1/k10_priors.csv -o real_location_data/s13c1/k10_r3_spalin.txt --nInitials 10 --ultrametric --randomreps 3
Optimization by Spalin: Scipy-SLSQP using spatial information
Optimizing branch lengths, phi, and nu without topology search
Initial point 1. Random seed: 4295
Solving with ultrametric constraint
Optimal point found for initial point 1
Negative llh: 438.1288477072721
Dropout rate: 9.999999999999925e-11
Silencing rate: 2.9039617551918433e-10
Sigma: 39.48904751240007
Initial point 2. Random seed: 4647
Solving with ultrametric constraint
Optimal point found for initial point 2
Negative llh: 438.1288477759642
Dropout rate: 1e-10
Silencing rate: 1e-10
Sigma: 39.48918104673744
Initial point 3. Random seed: 2348
Solving with ultrametric constraint
Optimal point found for initial point 3
Negative llh: 438.12884806687356
Dropout rate: 1.3853128898948726e-10
Silencing rate: 1.1526788367576218e-10
Sigma: 39.48875477972302
Initial point 4. Random seed: 6386
Solving with ultrametric constraint
Optimal point found for initial point 4
Negative llh: 438.12885069759
Dropout rate: 1e-10
Silencing rate: 1e-10
Sigma: 39.48915956487338
Initial point 5. Random seed: 9302
Solving with ultrametric constraint
Optimal point found for initial point 5
Negative llh: 438.1288477676167
Dropout rate: 1e-10
Silencing rate: 1e-10
Sigma: 39.49011696477846
Initial point 6. Random seed: 5475
Solving with ultrametric constraint
Optimal point found for initial point 6
Negative llh: 438.1288495464502
Dropout rate: 2.51060930657519e-10
Silencing rate: 1.598505537932797e-10
Sigma: 39.492931898682386
Initial point 7. Random seed: 9361
Solving with ultrametric constraint
Optimal point found for initial point 7
Negative llh: 438.12884776817896
Dropout rate: 1e-10
Silencing rate: 1e-10
Sigma: 39.48910895964845
Initial point 8. Random seed: 1155
Solving with ultrametric constraint
Optimal point found for initial point 8
Negative llh: 438.1288476777877
Dropout rate: 1e-10
Silencing rate: 1e-10
Sigma: 39.48967423482445
Initial point 9. Random seed: 6652
Solving with ultrametric constraint
Optimal point found for initial point 9
Negative llh: 438.12884799859273
Dropout rate: 2.678276713506939e-10
Silencing rate: 1e-10
Sigma: 39.49075483310938
Initial point 10. Random seed: 152
Solving with ultrametric constraint
Optimal point found for initial point 10
Negative llh: 438.12884797910556
Dropout rate: 9.999999999999924e-11
Silencing rate: 9.999999999999924e-11
Sigma: 39.48982018728658
Traceback (most recent call last):
  File "/u/gh2161/Spatial-Division/problin/run_problin.py", line 223, in <module>
    main()
  File "/u/gh2161/Spatial-Division/problin/run_problin.py", line 214, in main
    for cell in mySolver.params.displacement_amounts:
AttributeError: 'Params' object has no attribute 'displacement_amounts'
