Launching Problin version 0.5b
Problin was called as follow: /u/gh2161/Spatial-Division/problin/run_problin.py -c real_location_data/s13c1/k10_r4_character_matrix.csv -t real_location_data/s13c1/true_tree.nwk -S real_location_data/s13c1/leaf_locations.txt --delimiter comma -p real_location_data/s13c1/k10_priors.csv -o real_location_data/s13c1/k10_r4_spalin-divide-beta05.txt --nInitials 10 --ultrametric --randomreps 3 --divide --given_beta 0.5 --incl_beta_bound
Optimization by Spalin-Divide: Scipy-SLSQP using spatial information
Optimizing branch lengths, phi, and nu without topology search
Initial point 1. Random seed: 1995
Solving with ultrametric constraint
Fatal: failed to optimize using initial point 1
Initial point 2. Random seed: 9460
Solving with ultrametric constraint
Fatal: failed to optimize using initial point 2
Initial point 3. Random seed: 1462
Solving with ultrametric constraint
Optimal point found for initial point 3
Negative llh: 550.4910988774834
Dropout rate: 1.1681027613606871e-09
Silencing rate: 4.68162885247985e-10
Sigma: 6.586075136095903
Initial point 4. Random seed: 4820
Solving with ultrametric constraint
Fatal: failed to optimize using initial point 4
Initial point 5. Random seed: 3197
Solving with ultrametric constraint
Fatal: failed to optimize using initial point 5
Initial point 6. Random seed: 7661
Solving with ultrametric constraint
Optimal point found for initial point 6
Negative llh: 550.4910236210632
Dropout rate: 2.117995091483744e-10
Silencing rate: 1.3747010401849604e-10
Sigma: 6.5860493085006295
Initial point 7. Random seed: 435
Solving with ultrametric constraint
Fatal: failed to optimize using initial point 7
Initial point 8. Random seed: 3656
Solving with ultrametric constraint
Optimal point found for initial point 8
Negative llh: 550.4910391943914
Dropout rate: 1.8486436316980722e-10
Silencing rate: 1.2847377914908968e-10
Sigma: 6.586053911719171
Initial point 9. Random seed: 2387
Solving with ultrametric constraint
Fatal: failed to optimize using initial point 9
Initial point 10. Random seed: 8795
Solving with ultrametric constraint
Fatal: failed to optimize using initial point 10
Runtime (s): 4553.000408418477
