Launching Problin version 0.5b
Problin was called as follow: /u/gh2161/problin/run_problin.py -c simulated_data/s8c5/k10_r2_character_matrix.csv -t simulated_data/s8c5/true_tree.nwk --delimiter comma -p simulated_data/s8c5/k10_priors.csv -o simulated_data/s8c5/k10_r2_problin.txt --nInitials 10 --ultrametric --randomreps 3
Optimization by EM algorithm
Optimizing branch lengths, phi, and nu without topology search
Initial point 1. Random seed: 3915
Solving with ultrametric constraint
Initial phi: 0.41135750115324066. Initial nu: 0.7744597894624593. Initial nllh: 19358.584465974247
EM finished after 52 iterations.
Optimal point found for initial point 1
Negative llh: 120.23812971447902
Dropout rate: 0
Silencing rate: 9.103326121434631e-07
Initial point 2. Random seed: 3352
Solving with ultrametric constraint
Initial phi: 0.19130744875264832. Initial nu: 0.2910606228206121. Initial nllh: 197.570550506075
EM finished after 29 iterations.
Optimal point found for initial point 2
Negative llh: 120.23813043032752
Dropout rate: 0
Silencing rate: 9.10306275007023e-07
Initial point 3. Random seed: 5948
Solving with ultrametric constraint
Initial phi: 0.9891017405772463. Initial nu: 0.29535716240041265. Initial nllh: 1188.5587338103733
EM finished after 31 iterations.
Optimal point found for initial point 3
Negative llh: 120.23812770508911
Dropout rate: 0
Silencing rate: 9.076634902554971e-07
Initial point 4. Random seed: 4541
Solving with ultrametric constraint
Initial phi: 0.8695716412743567. Initial nu: 0.9229246695793437. Initial nllh: 679.0879622345576
EM finished after 28 iterations.
Optimal point found for initial point 4
Negative llh: 120.23817279670592
Dropout rate: 0
Silencing rate: 9.231313381778171e-07
Initial point 5. Random seed: 8862
Solving with ultrametric constraint
Initial phi: 0.8456489512921335. Initial nu: 0.4956490364781256. Initial nllh: 598.519028672292
EM finished after 37 iterations.
Optimal point found for initial point 5
Negative llh: 120.23812922100709
Dropout rate: 0
Silencing rate: 9.08314084053263e-07
Initial point 6. Random seed: 9609
Solving with ultrametric constraint
Initial phi: 0.3009513054440068. Initial nu: 0.7641046108485527. Initial nllh: 277.39263539023085
EM finished after 41 iterations.
Optimal point found for initial point 6
Negative llh: 120.23812764749616
Dropout rate: 0
Silencing rate: 9.10526487784506e-07
Initial point 7. Random seed: 1784
Solving with ultrametric constraint
Initial phi: 0.9179302720572394. Initial nu: 0.09927131760839535. Initial nllh: 704.9996550509632
EM finished after 17 iterations.
Optimal point found for initial point 7
Negative llh: 120.23813006960278
Dropout rate: 0
Silencing rate: 9.108645412167814e-07
Initial point 8. Random seed: 7229
Solving with ultrametric constraint
Initial phi: 0.05543570290666106. Initial nu: 0.5280896564788248. Initial nllh: 185.0556509051376
EM finished after 36 iterations.
Optimal point found for initial point 8
Negative llh: 120.2381294397513
Dropout rate: 0
Silencing rate: 9.094765330567764e-07
Initial point 9. Random seed: 605
Solving with ultrametric constraint
Initial phi: 0.19090302769922016. Initial nu: 0.5341407661567673. Initial nllh: 221.2533459400281
EM finished after 26 iterations.
Optimal point found for initial point 9
Negative llh: 120.23815530334211
Dropout rate: 0
Silencing rate: 9.071281158035336e-07
Initial point 10. Random seed: 5678
Solving with ultrametric constraint
Initial phi: 0.2559866602244582. Initial nu: 0.14475469754027404. Initial nllh: 202.4189302562985
EM finished after 26 iterations.
Optimal point found for initial point 10
Negative llh: 120.23812811137678
Dropout rate: 0
Silencing rate: 9.069544110906637e-07
Traceback (most recent call last):
  File "/u/gh2161/problin/run_problin.py", line 193, in <module>
    main()
  File "/u/gh2161/problin/run_problin.py", line 172, in main
    fout.write("Sigma: " + str(opt_params['sigma']) + "\n")
KeyError: 'sigma'
