Launching Problin version 0.5b
Problin was called as follow: /u/gh2161/problin/run_problin.py -c simulated_data/s8c5/k10_r3_character_matrix.csv -t simulated_data/s8c5/true_tree.nwk --delimiter comma -p simulated_data/s8c5/k10_priors.csv -o simulated_data/s8c5/k10_r3_problin.txt --nInitials 10 --ultrametric --randomreps 3
Optimization by EM algorithm
Optimizing branch lengths, phi, and nu without topology search
Initial point 1. Random seed: 7247
Solving with ultrametric constraint
Initial phi: 0.6457838093500713. Initial nu: 0.12674385361693752. Initial nllh: 6825.871104411335
EM finished after 16 iterations.
Optimal point found for initial point 1
Negative llh: 90.41338544044717
Dropout rate: 0
Silencing rate: 8.2500794219612e-07
Initial point 2. Random seed: 42
Solving with ultrametric constraint
Initial phi: 0.09999141511563182. Initial nu: 0.23046297749741987. Initial nllh: 140.12274627158678
EM finished after 12 iterations.
Optimal point found for initial point 2
Negative llh: 90.41338669666216
Dropout rate: 0
Silencing rate: 8.242518059309561e-07
Initial point 3. Random seed: 4109
Solving with ultrametric constraint
Initial phi: 0.6448702769035132. Initial nu: 0.6874444752691605. Initial nllh: 404.5248990651402
EM finished after 16 iterations.
Optimal point found for initial point 3
Negative llh: 90.41338557509198
Dropout rate: 0
Silencing rate: 8.240812821950477e-07
Initial point 4. Random seed: 5651
Solving with ultrametric constraint
Initial phi: 0.5680476363592535. Initial nu: 0.07189837244423584. Initial nllh: 291.4331900030637
EM finished after 11 iterations.
Optimal point found for initial point 4
Negative llh: 90.41338518037894
Dropout rate: 0
Silencing rate: 8.24916552242119e-07
Initial point 5. Random seed: 6891
Solving with ultrametric constraint
Initial phi: 0.3485377775686054. Initial nu: 0.8146760860084313. Initial nllh: 279.04250985678595
EM finished after 18 iterations.
Optimal point found for initial point 5
Negative llh: 90.41338502184938
Dropout rate: 0
Silencing rate: 8.247226616657201e-07
Initial point 6. Random seed: 6848
Solving with ultrametric constraint
Initial phi: 0.3100998941560531. Initial nu: 0.3056027246347574. Initial nllh: 209.577277291252
EM finished after 14 iterations.
Optimal point found for initial point 6
Negative llh: 90.41338564719433
Dropout rate: 0
Silencing rate: 8.249573499187373e-07
Initial point 7. Random seed: 2110
Solving with ultrametric constraint
Initial phi: 0.4358539111432135. Initial nu: 0.41651707944295974. Initial nllh: 268.1227620058745
EM finished after 12 iterations.
Optimal point found for initial point 7
Negative llh: 90.41338993183065
Dropout rate: 0
Silencing rate: 8.249799440901252e-07
Initial point 8. Random seed: 9220
Solving with ultrametric constraint
Initial phi: 0.5616821465763627. Initial nu: 0.06581088497174788. Initial nllh: 287.3952876377775
EM finished after 10 iterations.
Optimal point found for initial point 8
Negative llh: 90.41338573743005
Dropout rate: 0
Silencing rate: 8.252466943367294e-07
Initial point 9. Random seed: 4318
Solving with ultrametric constraint
Initial phi: 0.7525534866213865. Initial nu: 0.803691061319608. Initial nllh: 500.4730392762138
EM finished after 16 iterations.
Optimal point found for initial point 9
Negative llh: 90.41338593737157
Dropout rate: 0
Silencing rate: 8.250128437542581e-07
Initial point 10. Random seed: 306
Solving with ultrametric constraint
Initial phi: 0.5713994784636867. Initial nu: 0.2708194771669759. Initial nllh: 315.2165378669482
EM finished after 14 iterations.
Optimal point found for initial point 10
Negative llh: 90.41338541617542
Dropout rate: 0
Silencing rate: 8.242448584429187e-07
Traceback (most recent call last):
  File "/u/gh2161/problin/run_problin.py", line 193, in <module>
    main()
  File "/u/gh2161/problin/run_problin.py", line 172, in main
    fout.write("Sigma: " + str(opt_params['sigma']) + "\n")
KeyError: 'sigma'
