Launching Problin version 0.5b
Problin was called as follow: /u/gh2161/Spatial-Division/problin/run_problin.py -c real_location_data/s8c5/k10_r5_character_matrix.csv -t real_location_data/s8c5/true_tree.nwk -S real_location_data/s8c5/leaf_locations.txt --delimiter comma -p real_location_data/s8c5/k10_priors.csv -o real_location_data/s8c5/k10_r5_spalin-divide-beta05.txt --nInitials 10 --ultrametric --randomreps 3 --divide --given_beta 0.5 --incl_beta_bound
Optimization by Spalin-Divide: Scipy-SLSQP using spatial information
Optimizing branch lengths, phi, and nu without topology search
Initial point 1. Random seed: 6783
Solving with ultrametric constraint
Optimal point found for initial point 1
Negative llh: 327.76994391661583
Dropout rate: 9.834529322002694e-10
Silencing rate: 5.293100735872179e-10
Sigma: 5.921898874088199
Initial point 2. Random seed: 9040
Solving with ultrametric constraint
Optimal point found for initial point 2
Negative llh: 327.7699479021121
Dropout rate: 3.260767314913292e-10
Silencing rate: 2.0843481656653594e-10
Sigma: 5.921879345059443
Initial point 3. Random seed: 8910
Solving with ultrametric constraint
Optimal point found for initial point 3
Negative llh: 327.7699612689436
Dropout rate: 1e-10
Silencing rate: 1e-10
Sigma: 5.921962973485768
Initial point 4. Random seed: 4216
Solving with ultrametric constraint
Optimal point found for initial point 4
Negative llh: 327.7699484434339
Dropout rate: 1.637345864180195e-10
Silencing rate: 1.305621992532373e-10
Sigma: 5.921929407030902
Initial point 5. Random seed: 3053
Solving with ultrametric constraint
Optimal point found for initial point 5
Negative llh: 327.76995411420074
Dropout rate: 6.155868641480953e-10
Silencing rate: 3.981655967555253e-10
Sigma: 5.921919332081597
Initial point 6. Random seed: 8006
Solving with ultrametric constraint
Optimal point found for initial point 6
Negative llh: 327.76994477638914
Dropout rate: 1e-10
Silencing rate: 1e-10
Sigma: 5.9219047556865325
Initial point 7. Random seed: 1352
Solving with ultrametric constraint
Optimal point found for initial point 7
Negative llh: 327.769944359977
Dropout rate: 9.999999999999996e-11
Silencing rate: 1.0000000000000002e-10
Sigma: 5.921813861071543
Initial point 8. Random seed: 7587
Solving with ultrametric constraint
Optimal point found for initial point 8
Negative llh: 327.76994386748447
Dropout rate: 5.138239252852982e-10
Silencing rate: 2.984922112868349e-10
Sigma: 5.9218677541865965
Initial point 9. Random seed: 7582
Solving with ultrametric constraint
Optimal point found for initial point 9
Negative llh: 327.7699438839194
Dropout rate: 3.47426356206161e-10
Silencing rate: 6.725927151780029e-10
Sigma: 5.921891734842395
Initial point 10. Random seed: 656
Solving with ultrametric constraint
Optimal point found for initial point 10
Negative llh: 327.76994363736316
Dropout rate: 1e-10
Silencing rate: 1e-10
Sigma: 5.921895653087067
Runtime (s): 1364.9967439826578
