Launching Problin version 0.5b
Problin was called as follow: /u/gh2161/Spatial-Division/problin/run_problin.py -c real_location_data/s8c5/k10_r5_character_matrix.csv -t real_location_data/s8c5/true_tree.nwk -S real_location_data/s8c5/leaf_locations.txt --delimiter comma -p real_location_data/s8c5/k10_priors.csv -o real_location_data/s8c5/k10_r5_spalin.txt --nInitials 10 --ultrametric --randomreps 3
Optimization by Spalin: Scipy-SLSQP using spatial information
Optimizing branch lengths, phi, and nu without topology search
Initial point 1. Random seed: 9632
Solving with ultrametric constraint
Optimal point found for initial point 1
Negative llh: 288.89218170014146
Dropout rate: 1e-10
Silencing rate: 1e-10
Sigma: 36.012368044400276
Initial point 2. Random seed: 7880
Solving with ultrametric constraint
Optimal point found for initial point 2
Negative llh: 288.89218183822254
Dropout rate: 1.0000000000000007e-10
Silencing rate: 9.999999999999996e-11
Sigma: 36.01115418283118
Initial point 3. Random seed: 5089
Solving with ultrametric constraint
Optimal point found for initial point 3
Negative llh: 288.8921821212985
Dropout rate: 1.1190153982648382e-10
Silencing rate: 4.094679910231262e-10
Sigma: 36.01328624194911
Initial point 4. Random seed: 1192
Solving with ultrametric constraint
Optimal point found for initial point 4
Negative llh: 288.89218178285154
Dropout rate: 1e-10
Silencing rate: 1.0000000000000002e-10
Sigma: 36.01201617691099
Initial point 5. Random seed: 2593
Solving with ultrametric constraint
Optimal point found for initial point 5
Negative llh: 288.8921819575078
Dropout rate: 1.1163364103151468e-10
Silencing rate: 1.1697664695146262e-10
Sigma: 36.0132296791308
Initial point 6. Random seed: 5218
Solving with ultrametric constraint
Optimal point found for initial point 6
Negative llh: 288.8921837388542
Dropout rate: 5.9624662306621225e-09
Silencing rate: 3.3598524721588572e-09
Sigma: 36.01218746850926
Initial point 7. Random seed: 4112
Solving with ultrametric constraint
Optimal point found for initial point 7
Negative llh: 288.89218174398115
Dropout rate: 1e-10
Silencing rate: 1e-10
Sigma: 36.01345218261946
Initial point 8. Random seed: 4761
Solving with ultrametric constraint
Optimal point found for initial point 8
Negative llh: 288.892181734253
Dropout rate: 4.016431026666407e-10
Silencing rate: 2.4286245536632345e-10
Sigma: 36.012745833027594
Initial point 9. Random seed: 2547
Solving with ultrametric constraint
Optimal point found for initial point 9
Negative llh: 288.8921817381474
Dropout rate: 9.999999999999924e-11
Silencing rate: 9.999999999999924e-11
Sigma: 36.012294726595535
Initial point 10. Random seed: 8156
Solving with ultrametric constraint
Optimal point found for initial point 10
Negative llh: 288.89218176482416
Dropout rate: 2.612573065825296e-10
Silencing rate: 2.6654812192152844e-10
Sigma: 36.011926374463464
Traceback (most recent call last):
  File "/u/gh2161/Spatial-Division/problin/run_problin.py", line 223, in <module>
    main()
  File "/u/gh2161/Spatial-Division/problin/run_problin.py", line 214, in main
    for cell in mySolver.params.displacement_amounts:
AttributeError: 'Params' object has no attribute 'displacement_amounts'
