Launching Problin version 0.5b
Problin was called as follow: /u/gh2161/Spatial-Division/problin/run_problin.py -c real_location_data/s8c5/k10_r5_character_matrix.csv -t real_location_data/s8c5/true_tree.nwk -S real_location_data/s8c5/leaf_locations.txt --delimiter comma -p real_location_data/s8c5/k10_priors.csv -o real_location_data/s8c5/k10_r5_spalin-divide-beta1.txt --nInitials 10 --ultrametric --randomreps 3 --divide --given_beta 1 --incl_beta_bound
Optimization by Spalin-Divide: Scipy-SLSQP using spatial information
Optimizing branch lengths, phi, and nu without topology search
Initial point 1. Random seed: 3675
Solving with ultrametric constraint
Optimal point found for initial point 1
Negative llh: 326.1404156835098
Dropout rate: 2.2230625602587314e-10
Silencing rate: 4.0653447918529166e-10
Sigma: 5.842021253439576
Initial point 2. Random seed: 5518
Solving with ultrametric constraint
Optimal point found for initial point 2
Negative llh: 326.1404153029509
Dropout rate: 1.0000000000000002e-10
Silencing rate: 9.999999999999996e-11
Sigma: 5.842023230070506
Initial point 3. Random seed: 3294
Solving with ultrametric constraint
Optimal point found for initial point 3
Negative llh: 326.1404154852273
Dropout rate: 1.0977889154025431e-10
Silencing rate: 1.0468962632938442e-10
Sigma: 5.842019889129237
Initial point 4. Random seed: 5603
Solving with ultrametric constraint
Optimal point found for initial point 4
Negative llh: 326.14041543331234
Dropout rate: 9.999999999999999e-11
Silencing rate: 1e-10
Sigma: 5.84196778436888
Initial point 5. Random seed: 2139
Solving with ultrametric constraint
Optimal point found for initial point 5
Negative llh: 326.1404159939417
Dropout rate: 1.411825853693249e-10
Silencing rate: 1.1973600597658864e-10
Sigma: 5.8420541186712756
Initial point 6. Random seed: 943
Solving with ultrametric constraint
Optimal point found for initial point 6
Negative llh: 326.14041506666314
Dropout rate: 1.0000000000000007e-10
Silencing rate: 1.0000000000000007e-10
Sigma: 5.842022745637114
Initial point 7. Random seed: 6162
Solving with ultrametric constraint
Fatal: failed to optimize using initial point 7
Initial point 8. Random seed: 9360
Solving with ultrametric constraint
Optimal point found for initial point 8
Negative llh: 326.14041515416466
Dropout rate: 6.997219212005514e-10
Silencing rate: 4.346913446983417e-10
Sigma: 5.842006390140297
Initial point 9. Random seed: 9205
Solving with ultrametric constraint
Optimal point found for initial point 9
Negative llh: 326.1404188254255
Dropout rate: 2.628219169763148e-10
Silencing rate: 1.7801056537181197e-10
Sigma: 5.8420197664636575
Initial point 10. Random seed: 9270
Solving with ultrametric constraint
Optimal point found for initial point 10
Negative llh: 326.14041548208763
Dropout rate: 1.0000000000000002e-10
Silencing rate: 1e-10
Sigma: 5.842005597078982
Runtime (s): 1565.123576194048
