Launching Problin version 0.5b
Problin was called as follow: /u/gh2161/problin/run_problin.py -c simulated_data/s8c5/k10_r4_character_matrix.csv -t simulated_data/s8c5/true_tree.nwk --delimiter comma -p simulated_data/s8c5/k10_priors.csv -o simulated_data/s8c5/k10_r4_problin.txt --nInitials 10 --ultrametric --randomreps 3
Optimization by EM algorithm
Optimizing branch lengths, phi, and nu without topology search
Initial point 1. Random seed: 6129
Solving with ultrametric constraint
Initial phi: 0.29410928008570897. Initial nu: 0.7757821465810446. Initial nllh: 17567.643421405395
EM finished after 17 iterations.
Optimal point found for initial point 1
Negative llh: 87.92300837516314
Dropout rate: 0
Silencing rate: 1.025467637482212e-06
Initial point 2. Random seed: 943
Solving with ultrametric constraint
Initial phi: 0.8562625014699481. Initial nu: 0.21794757783712193. Initial nllh: 553.1975203341215
EM finished after 14 iterations.
Optimal point found for initial point 2
Negative llh: 87.9230081493778
Dropout rate: 0
Silencing rate: 1.022850811208126e-06
Initial point 3. Random seed: 5197
Solving with ultrametric constraint
Initial phi: 0.7378315762402128. Initial nu: 0.7352553580887237. Initial nllh: 460.3696860477753
EM finished after 18 iterations.
Optimal point found for initial point 3
Negative llh: 87.92300789865241
Dropout rate: 0
Silencing rate: 1.0252146999234857e-06
Initial point 4. Random seed: 4058
Solving with ultrametric constraint
Initial phi: 0.47652116358867913. Initial nu: 0.010113218742437709. Initial nllh: 237.6800200226461
EM finished after 7 iterations.
Optimal point found for initial point 4
Negative llh: 87.92300812998253
Dropout rate: 0
Silencing rate: 1.0246852432649467e-06
Initial point 5. Random seed: 1527
Solving with ultrametric constraint
Initial phi: 0.7264745789302867. Initial nu: 0.240031732788288. Initial nllh: 407.15250188144415
EM finished after 14 iterations.
Optimal point found for initial point 5
Negative llh: 87.9230083802076
Dropout rate: 0
Silencing rate: 1.026393194844282e-06
Initial point 6. Random seed: 2855
Solving with ultrametric constraint
Initial phi: 0.4205168919796674. Initial nu: 0.7519194407607228. Initial nllh: 279.40778293982044
EM finished after 16 iterations.
Optimal point found for initial point 6
Negative llh: 87.92300821764309
Dropout rate: 0
Silencing rate: 1.0244476001185136e-06
Initial point 7. Random seed: 3213
Solving with ultrametric constraint
Initial phi: 0.4350209487055855. Initial nu: 0.27975672937637314. Initial nllh: 243.79828626737805
EM finished after 18 iterations.
Optimal point found for initial point 7
Negative llh: 87.92300783493395
Dropout rate: 0
Silencing rate: 1.0252042221861635e-06
Initial point 8. Random seed: 952
Solving with ultrametric constraint
Initial phi: 0.3975941343924646. Initial nu: 0.3016335400459003. Initial nllh: 230.9659996455004
EM finished after 14 iterations.
Optimal point found for initial point 8
Negative llh: 87.92300850976899
Dropout rate: 0
Silencing rate: 1.024001933479869e-06
Initial point 9. Random seed: 3565
Solving with ultrametric constraint
Initial phi: 0.6830615346895659. Initial nu: 0.19924152410853369. Initial nllh: 369.69030374063317
EM finished after 14 iterations.
Optimal point found for initial point 9
Negative llh: 87.92300816969843
Dropout rate: 0
Silencing rate: 1.0238516658474655e-06
Initial point 10. Random seed: 2732
Solving with ultrametric constraint
Initial phi: 0.2610336282596765. Initial nu: 0.31666219197640305. Initial nllh: 185.29065865282766
EM finished after 15 iterations.
Optimal point found for initial point 10
Negative llh: 87.9230083415013
Dropout rate: 0
Silencing rate: 1.0266266371446726e-06
Traceback (most recent call last):
  File "/u/gh2161/problin/run_problin.py", line 193, in <module>
    main()
  File "/u/gh2161/problin/run_problin.py", line 172, in main
    fout.write("Sigma: " + str(opt_params['sigma']) + "\n")
KeyError: 'sigma'
