Launching Problin version 0.5b
Problin was called as follow: /u/gh2161/Spatial-Division/problin/run_problin.py -c real_location_data/s8c5/k10_r2_character_matrix.csv -t real_location_data/s8c5/true_tree.nwk -S real_location_data/s8c5/leaf_locations.txt --delimiter comma -p real_location_data/s8c5/k10_priors.csv -o real_location_data/s8c5/k10_r2_spalin-divide-beta1.txt --nInitials 10 --ultrametric --randomreps 3 --divide --given_beta 1 --incl_beta_bound
Optimization by Spalin-Divide: Scipy-SLSQP using spatial information
Optimizing branch lengths, phi, and nu without topology search
Initial point 1. Random seed: 2406
Solving with ultrametric constraint
Optimal point found for initial point 1
Negative llh: 321.64801013099964
Dropout rate: 3.954496943251711e-10
Silencing rate: 2.1046707003441738e-10
Sigma: 6.111032607035339
Initial point 2. Random seed: 6297
Solving with ultrametric constraint
Optimal point found for initial point 2
Negative llh: 321.6480100565339
Dropout rate: 1e-10
Silencing rate: 1e-10
Sigma: 6.111046605110398
Initial point 3. Random seed: 6830
Solving with ultrametric constraint
Optimal point found for initial point 3
Negative llh: 321.64801039352943
Dropout rate: 7.596815885045189e-10
Silencing rate: 3.7992665574393056e-10
Sigma: 6.111036038732212
Initial point 4. Random seed: 1002
Solving with ultrametric constraint
Fatal: failed to optimize using initial point 4
Initial point 5. Random seed: 89
Solving with ultrametric constraint
Optimal point found for initial point 5
Negative llh: 321.64801189526986
Dropout rate: 2.2356499949775596e-10
Silencing rate: 1.5114024859929623e-10
Sigma: 6.111036456517388
Initial point 6. Random seed: 8458
Solving with ultrametric constraint
Optimal point found for initial point 6
Negative llh: 321.64801078148537
Dropout rate: 2.3765092514783887e-09
Silencing rate: 4.272019485090253e-10
Sigma: 6.111053357594165
Initial point 7. Random seed: 6099
Solving with ultrametric constraint
Optimal point found for initial point 7
Negative llh: 321.64801062798256
Dropout rate: 1e-10
Silencing rate: 1e-10
Sigma: 6.111040690146774
Initial point 8. Random seed: 9348
Solving with ultrametric constraint
Optimal point found for initial point 8
Negative llh: 321.6480108310152
Dropout rate: 7.937957834777491e-10
Silencing rate: 4.5191098203311515e-10
Sigma: 6.111079173056159
Initial point 9. Random seed: 6559
Solving with ultrametric constraint
Optimal point found for initial point 9
Negative llh: 321.64801033751917
Dropout rate: 6.673229090307546e-10
Silencing rate: 3.556725343163722e-10
Sigma: 6.1110235963859845
Initial point 10. Random seed: 9647
Solving with ultrametric constraint
Optimal point found for initial point 10
Negative llh: 321.6480108634375
Dropout rate: 1.24842497726774e-10
Silencing rate: 1.1028145872208182e-10
Sigma: 6.111102324694232
Runtime (s): 1414.4035665486008
