Launching Problin version 0.5b
Problin was called as follow: /u/gh2161/Spatial-Division/problin/run_problin.py -c real_location_data/s8c5/k10_r1_character_matrix.csv -t real_location_data/s8c5/true_tree.nwk -S real_location_data/s8c5/leaf_locations.txt --delimiter comma -p real_location_data/s8c5/k10_priors.csv -o real_location_data/s8c5/k10_r1_spalin-divide-beta1.txt --nInitials 10 --ultrametric --randomreps 3 --divide --given_beta 1 --incl_beta_bound
Optimization by Spalin-Divide: Scipy-SLSQP using spatial information
Optimizing branch lengths, phi, and nu without topology search
Initial point 1. Random seed: 6627
Solving with ultrametric constraint
Optimal point found for initial point 1
Negative llh: 312.70691847017326
Dropout rate: 1.940646602532965e-10
Silencing rate: 1.457968172932313e-10
Sigma: 5.837534394924779
Initial point 2. Random seed: 6499
Solving with ultrametric constraint
Optimal point found for initial point 2
Negative llh: 312.7069181180391
Dropout rate: 1.079481456750408e-10
Silencing rate: 1.0398003178963488e-10
Sigma: 5.837500274860327
Initial point 3. Random seed: 5582
Solving with ultrametric constraint
Optimal point found for initial point 3
Negative llh: 312.70691830175133
Dropout rate: 1e-10
Silencing rate: 1e-10
Sigma: 5.8375748149246665
Initial point 4. Random seed: 3192
Solving with ultrametric constraint
Optimal point found for initial point 4
Negative llh: 312.7069180959732
Dropout rate: 1.489692795021023e-10
Silencing rate: 1.2450987723960723e-10
Sigma: 5.83752452025082
Initial point 5. Random seed: 3555
Solving with ultrametric constraint
Optimal point found for initial point 5
Negative llh: 312.7069181855515
Dropout rate: 1.1367779851239064e-10
Silencing rate: 1.0684532662062585e-10
Sigma: 5.837531012933365
Initial point 6. Random seed: 8354
Solving with ultrametric constraint
Optimal point found for initial point 6
Negative llh: 312.70691938854515
Dropout rate: 1.0000000000000007e-10
Silencing rate: 9.999999999999996e-11
Sigma: 5.837436182600253
Initial point 7. Random seed: 6833
Solving with ultrametric constraint
Optimal point found for initial point 7
Negative llh: 312.7069203892632
Dropout rate: 5.130236163532733e-10
Silencing rate: 3.273593608321347e-10
Sigma: 5.837497236293265
Initial point 8. Random seed: 2210
Solving with ultrametric constraint
Optimal point found for initial point 8
Negative llh: 312.70691836620375
Dropout rate: 1.0864979922424385e-09
Silencing rate: 6.123762672103479e-10
Sigma: 5.837488986226013
Initial point 9. Random seed: 5283
Solving with ultrametric constraint
Optimal point found for initial point 9
Negative llh: 312.70691872574065
Dropout rate: 1e-10
Silencing rate: 1e-10
Sigma: 5.837409556579977
Initial point 10. Random seed: 3881
Solving with ultrametric constraint
Optimal point found for initial point 10
Negative llh: 312.7069206763863
Dropout rate: 2.86103881339153e-10
Silencing rate: 1.9314132510980743e-10
Sigma: 5.837520778296219
Runtime (s): 1352.8790652379394
