Launching Problin version 0.5b
Problin was called as follow: /u/gh2161/Spatial-Division/problin/run_problin.py -c real_location_data/s18c2/k10_r3_character_matrix.csv -t real_location_data/s18c2/true_tree.nwk -S real_location_data/s18c2/leaf_locations.txt --delimiter comma -p real_location_data/s18c2/k10_priors.csv -o real_location_data/s18c2/k10_r3_spalin-divide-beta05.txt --nInitials 10 --ultrametric --randomreps 3 --divide --given_beta 0.5 --incl_beta_bound
Optimization by Spalin-Divide: Scipy-SLSQP using spatial information
Optimizing branch lengths, phi, and nu without topology search
Initial point 1. Random seed: 4412
Solving with ultrametric constraint
Optimal point found for initial point 1
Negative llh: 310.6029606738866
Dropout rate: 1.0000000000000002e-10
Silencing rate: 1.0000000000000002e-10
Sigma: 5.486787353669025
Initial point 2. Random seed: 7035
Solving with ultrametric constraint
Optimal point found for initial point 2
Negative llh: 310.6029603008942
Dropout rate: 1.619618543395484e-10
Silencing rate: 1.3775634432456541e-10
Sigma: 5.48670404911183
Initial point 3. Random seed: 2746
Solving with ultrametric constraint
Optimal point found for initial point 3
Negative llh: 310.6029600467121
Dropout rate: 9.999999999999999e-11
Silencing rate: 1e-10
Sigma: 5.4867240883028545
Initial point 4. Random seed: 1741
Solving with ultrametric constraint
Optimal point found for initial point 4
Negative llh: 310.60296007711764
Dropout rate: 1.137839844981847e-10
Silencing rate: 1.0839605223982516e-10
Sigma: 5.486709852835568
Initial point 5. Random seed: 1932
Solving with ultrametric constraint
Optimal point found for initial point 5
Negative llh: 310.60296006006286
Dropout rate: 1.0000000000000002e-10
Silencing rate: 1.0000000000000002e-10
Sigma: 5.486697846020213
Initial point 6. Random seed: 3794
Solving with ultrametric constraint
Optimal point found for initial point 6
Negative llh: 310.60295986716017
Dropout rate: 2.18914713968174e-10
Silencing rate: 1.7244229017148792e-10
Sigma: 5.486704995773947
Initial point 7. Random seed: 6189
Solving with ultrametric constraint
Optimal point found for initial point 7
Negative llh: 310.6029600241718
Dropout rate: 1e-10
Silencing rate: 1e-10
Sigma: 5.486731196590319
Initial point 8. Random seed: 7611
Solving with ultrametric constraint
Optimal point found for initial point 8
Negative llh: 310.60296069622166
Dropout rate: 2.5092440035055005e-10
Silencing rate: 1.918973570919965e-10
Sigma: 5.486698523066072
Initial point 9. Random seed: 8228
Solving with ultrametric constraint
Optimal point found for initial point 9
Negative llh: 310.6029603649022
Dropout rate: 4.445033506240693e-10
Silencing rate: 3.181080011163344e-10
Sigma: 5.48671413580144
Initial point 10. Random seed: 7286
Solving with ultrametric constraint
Optimal point found for initial point 10
Negative llh: 310.60296011274806
Dropout rate: 1e-10
Silencing rate: 1e-10
Sigma: 5.486680675842533
Runtime (s): 1026.3813636358827
