Launching Problin version 0.5b
Problin was called as follow: /u/gh2161/Spatial-Division/problin/run_problin.py -c real_location_data/s18c2/k10_r1_character_matrix.csv -t real_location_data/s18c2/true_tree.nwk -S real_location_data/s18c2/leaf_locations.txt --delimiter comma -p real_location_data/s18c2/k10_priors.csv -o real_location_data/s18c2/k10_r1_spalin-divide-beta1.txt --nInitials 10 --ultrametric --randomreps 3 --divide --given_beta 1 --incl_beta_bound
Optimization by Spalin-Divide: Scipy-SLSQP using spatial information
Optimizing branch lengths, phi, and nu without topology search
Initial point 1. Random seed: 7566
Solving with ultrametric constraint
Optimal point found for initial point 1
Negative llh: 263.42748254264484
Dropout rate: 2.4641103250445926e-10
Silencing rate: 1.7796488397462784e-10
Sigma: 5.747133630099377
Initial point 2. Random seed: 1680
Solving with ultrametric constraint
Optimal point found for initial point 2
Negative llh: 263.4274839600341
Dropout rate: 6.892621291795683e-10
Silencing rate: 4.2119859478836693e-10
Sigma: 5.747126734357505
Initial point 3. Random seed: 7388
Solving with ultrametric constraint
Optimal point found for initial point 3
Negative llh: 263.4274825968182
Dropout rate: 2.9808841408462293e-10
Silencing rate: 2.3106081471121725e-10
Sigma: 5.7472084890602195
Initial point 4. Random seed: 2687
Solving with ultrametric constraint
Optimal point found for initial point 4
Negative llh: 263.4274822223737
Dropout rate: 1.5175789042703366e-10
Silencing rate: 1.282170322477627e-10
Sigma: 5.747172049509506
Initial point 5. Random seed: 3009
Solving with ultrametric constraint
Optimal point found for initial point 5
Negative llh: 263.42748321872546
Dropout rate: 2.6321715345931835e-10
Silencing rate: 1.9097251802026733e-10
Sigma: 5.747140627243044
Initial point 6. Random seed: 4511
Solving with ultrametric constraint
Optimal point found for initial point 6
Negative llh: 263.42748261414135
Dropout rate: 1.5791230971724692e-10
Silencing rate: 1.315785018551389e-10
Sigma: 5.747181323293581
Initial point 7. Random seed: 4687
Solving with ultrametric constraint
Optimal point found for initial point 7
Negative llh: 263.427482316912
Dropout rate: 1.1309565149373305e-10
Silencing rate: 1.0713872766324833e-10
Sigma: 5.747131189903503
Initial point 8. Random seed: 1285
Solving with ultrametric constraint
Optimal point found for initial point 8
Negative llh: 263.42748284280015
Dropout rate: 2.794049427476253e-10
Silencing rate: 2.510706885051743e-10
Sigma: 5.747171314003339
Initial point 9. Random seed: 352
Solving with ultrametric constraint
Optimal point found for initial point 9
Negative llh: 263.42748270448135
Dropout rate: 1.0000000000000002e-10
Silencing rate: 1.0000000000000002e-10
Sigma: 5.747190897102152
Initial point 10. Random seed: 2018
Solving with ultrametric constraint
Optimal point found for initial point 10
Negative llh: 263.4274826586008
Dropout rate: 2.2223824545495478e-10
Silencing rate: 1.8165281619804538e-10
Sigma: 5.747155502870642
Runtime (s): 1263.4272930715233
