Launching Problin version 0.5b
Problin was called as follow: /u/gh2161/Spatial-Division/problin/run_problin.py -c real_location_data/s18c2/k10_r2_character_matrix.csv -t real_location_data/s18c2/true_tree.nwk -S real_location_data/s18c2/leaf_locations.txt --delimiter comma -p real_location_data/s18c2/k10_priors.csv -o real_location_data/s18c2/k10_r2_spalin-divide-beta3.txt --nInitials 10 --ultrametric --randomreps 3 --divide --given_beta 3 --incl_beta_bound
Optimization by Spalin-Divide: Scipy-SLSQP using spatial information
Optimizing branch lengths, phi, and nu without topology search
Initial point 1. Random seed: 379
Solving with ultrametric constraint
Optimal point found for initial point 1
Negative llh: 301.187692392993
Dropout rate: 4.577507960461212e-10
Silencing rate: 2.636836637058823e-10
Sigma: 5.338707484008033
Initial point 2. Random seed: 8478
Solving with ultrametric constraint
Optimal point found for initial point 2
Negative llh: 301.1876924732743
Dropout rate: 1.2293230269230249e-10
Silencing rate: 1.1049053956505268e-10
Sigma: 5.338675966374747
Initial point 3. Random seed: 1112
Solving with ultrametric constraint
Optimal point found for initial point 3
Negative llh: 301.18769375964564
Dropout rate: 1.3753885245011936e-10
Silencing rate: 1.1716666627517737e-10
Sigma: 5.338677174322262
Initial point 4. Random seed: 641
Solving with ultrametric constraint
Optimal point found for initial point 4
Negative llh: 301.1876921962328
Dropout rate: 1.0177096938225317e-10
Silencing rate: 1.0080927415028862e-10
Sigma: 5.338690132156213
Initial point 5. Random seed: 6073
Solving with ultrametric constraint
Optimal point found for initial point 5
Negative llh: 301.18769371058534
Dropout rate: 6.259239203956728e-10
Silencing rate: 3.826501975203673e-10
Sigma: 5.33862060013623
Initial point 6. Random seed: 6511
Solving with ultrametric constraint
Optimal point found for initial point 6
Negative llh: 301.18769249030106
Dropout rate: 1.6576648561025223e-10
Silencing rate: 3.693538168965199e-10
Sigma: 5.338691143551548
Initial point 7. Random seed: 2273
Solving with ultrametric constraint
Optimal point found for initial point 7
Negative llh: 301.1876924547619
Dropout rate: 1.5280768724206676e-10
Silencing rate: 1.2415707681492097e-10
Sigma: 5.338736491561651
Initial point 8. Random seed: 9887
Solving with ultrametric constraint
Fatal: failed to optimize using initial point 8
Initial point 9. Random seed: 6857
Solving with ultrametric constraint
Fatal: failed to optimize using initial point 9
Initial point 10. Random seed: 1966
Solving with ultrametric constraint
Optimal point found for initial point 10
Negative llh: 301.1876956674063
Dropout rate: 1.451691344149522e-10
Silencing rate: 1.2065519302182664e-10
Sigma: 5.338706523729842
Runtime (s): 1296.544413421303
