Launching Problin version 0.5b
Problin was called as follow: /u/gh2161/problin/run_problin.py -c simulated_data/s18c2/k10_r3_character_matrix.csv -t simulated_data/s18c2/true_tree.nwk --delimiter comma -p simulated_data/s18c2/k10_priors.csv -o simulated_data/s18c2/k10_r3_problin.txt --nInitials 10 --ultrametric --randomreps 3
Optimization by EM algorithm
Optimizing branch lengths, phi, and nu without topology search
Initial point 1. Random seed: 1598
Solving with ultrametric constraint
Initial phi: 0.1310294129211769. Initial nu: 0.321203558604447. Initial nllh: 11597.743549064422
EM finished after 29 iterations.
Optimal point found for initial point 1
Negative llh: 123.31202093656748
Dropout rate: 0
Silencing rate: 6.150872728562325e-07
Initial point 2. Random seed: 1657
Solving with ultrametric constraint
Initial phi: 0.2153049357696131. Initial nu: 0.9061329571668102. Initial nllh: 291.42236839809783
EM finished after 25 iterations.
Optimal point found for initial point 2
Negative llh: 123.31202150034713
Dropout rate: 0
Silencing rate: 6.182568735749982e-07
Initial point 3. Random seed: 9625
Solving with ultrametric constraint
Initial phi: 0.9483094584089554. Initial nu: 0.36240010876954043. Initial nllh: 792.3034025556619
EM finished after 21 iterations.
Optimal point found for initial point 3
Negative llh: 123.31202331500519
Dropout rate: 0
Silencing rate: 6.233951278033852e-07
Initial point 4. Random seed: 6003
Solving with ultrametric constraint
Initial phi: 0.23914728907298205. Initial nu: 0.13792606689067485. Initial nllh: 198.54658775131315
EM finished after 16 iterations.
Optimal point found for initial point 4
Negative llh: 123.31202406462312
Dropout rate: 0
Silencing rate: 6.216717707548858e-07
Initial point 5. Random seed: 7268
Solving with ultrametric constraint
Initial phi: 0.3052123860509206. Initial nu: 0.6641305679531657. Initial nllh: 285.67672360377344
EM finished after 24 iterations.
Optimal point found for initial point 5
Negative llh: 123.31202220965615
Dropout rate: 0
Silencing rate: 6.215720288041326e-07
Initial point 6. Random seed: 6886
Solving with ultrametric constraint
Initial phi: 0.528485489705223. Initial nu: 0.6586620080731891. Initial nllh: 366.3782417947499
EM finished after 22 iterations.
Optimal point found for initial point 6
Negative llh: 123.31202487206771
Dropout rate: 0
Silencing rate: 6.179492997443218e-07
Initial point 7. Random seed: 1176
Solving with ultrametric constraint
Initial phi: 0.41773069621006986. Initial nu: 0.157129909226242. Initial nllh: 257.20647843771405
EM finished after 19 iterations.
Optimal point found for initial point 7
Negative llh: 123.31202105841682
Dropout rate: 0
Silencing rate: 6.205423769298684e-07
Initial point 8. Random seed: 1735
Solving with ultrametric constraint
Initial phi: 0.14068549424488713. Initial nu: 0.754702914837148. Initial nllh: 252.76128238394259
EM finished after 25 iterations.
Optimal point found for initial point 8
Negative llh: 123.31202151952301
Dropout rate: 0
Silencing rate: 6.231102573713769e-07
Initial point 9. Random seed: 845
Solving with ultrametric constraint
Initial phi: 0.6238958133133492. Initial nu: 0.23681892563553059. Initial nllh: 359.2974399984837
EM finished after 21 iterations.
Optimal point found for initial point 9
Negative llh: 123.31202028750951
Dropout rate: 0
Silencing rate: 6.157413634861569e-07
Initial point 10. Random seed: 8899
Solving with ultrametric constraint
Initial phi: 0.34035908545654286. Initial nu: 0.28251169294442213. Initial nllh: 247.22300705319412
EM finished after 21 iterations.
Optimal point found for initial point 10
Negative llh: 123.31202167710076
Dropout rate: 0
Silencing rate: 6.212420199724416e-07
Traceback (most recent call last):
  File "/u/gh2161/problin/run_problin.py", line 193, in <module>
    main()
  File "/u/gh2161/problin/run_problin.py", line 172, in main
    fout.write("Sigma: " + str(opt_params['sigma']) + "\n")
KeyError: 'sigma'
