Launching Problin version 0.5b
Problin was called as follow: /u/gh2161/problin/run_problin.py -c simulated_data/s18c2/k10_r4_character_matrix.csv -t simulated_data/s18c2/true_tree.nwk -S simulated_data/s18c2/true_locations.txt --delimiter comma -p simulated_data/s18c2/k10_priors.csv -o simulated_data/s18c2/k10_r4_spalin_all.txt --nInitials 10 --ultrametric --randomreps 3
Optimization by Spalin: Scipy-SLSQP using spatial information
Optimizing branch lengths, phi, and nu without topology search
Initial point 1. Random seed: 1654
Solving with ultrametric constraint
Optimal point found for initial point 1
Negative llh: 357.65551847809434
Dropout rate: 1.7648661485902575e-10
Silencing rate: 2.3814266017303287e-10
Sigma: 33.331776014718784
Initial point 2. Random seed: 3437
Solving with ultrametric constraint
Optimal point found for initial point 2
Negative llh: 357.6555201223707
Dropout rate: 1.000000000000009e-10
Silencing rate: 1.000000000000009e-10
Sigma: 33.33259093231627
Initial point 3. Random seed: 9206
Solving with ultrametric constraint
Optimal point found for initial point 3
Negative llh: 357.6555209018766
Dropout rate: 1.0000000000000007e-10
Silencing rate: 1.0000000000000002e-10
Sigma: 33.32996754221424
Initial point 4. Random seed: 5858
Solving with ultrametric constraint
Optimal point found for initial point 4
Negative llh: 357.655518840053
Dropout rate: 1.8146361130935385e-09
Silencing rate: 7.797722969182658e-10
Sigma: 33.331383720040854
Initial point 5. Random seed: 7580
Solving with ultrametric constraint
Optimal point found for initial point 5
Negative llh: 357.6555189469383
Dropout rate: 1e-10
Silencing rate: 1e-10
Sigma: 33.33304843145714
Initial point 6. Random seed: 9281
Solving with ultrametric constraint
Optimal point found for initial point 6
Negative llh: 357.65551887515556
Dropout rate: 6.203419648705898e-10
Silencing rate: 1.0422771443629537e-09
Sigma: 33.331752010302594
Initial point 7. Random seed: 9731
Solving with ultrametric constraint
Optimal point found for initial point 7
Negative llh: 357.65551848050507
Dropout rate: 1e-10
Silencing rate: 1e-10
Sigma: 33.332513885113705
Initial point 8. Random seed: 6658
Solving with ultrametric constraint
Optimal point found for initial point 8
Negative llh: 357.65551848431664
Dropout rate: 1.0000000000000007e-10
Silencing rate: 9.999999999999996e-11
Sigma: 33.33161421988067
Initial point 9. Random seed: 5229
Solving with ultrametric constraint
Optimal point found for initial point 9
Negative llh: 357.65551855189267
Dropout rate: 1.1581148621144996e-10
Silencing rate: 1.1371355924763458e-10
Sigma: 33.33136530751016
Initial point 10. Random seed: 3409
Solving with ultrametric constraint
Optimal point found for initial point 10
Negative llh: 357.6555186211832
Dropout rate: 2.625283301862879e-10
Silencing rate: 9.999999999999996e-11
Sigma: 33.33077607026125
Runtime (s): 50.33646397199482
