Launching Problin version 0.5b
Problin was called as follow: /u/gh2161/Spatial-Division/problin/run_problin.py -c real_location_data/s18c2/k10_r2_character_matrix.csv -t real_location_data/s18c2/true_tree.nwk -S real_location_data/s18c2/leaf_locations.txt --delimiter comma -p real_location_data/s18c2/k10_priors.csv -o real_location_data/s18c2/k10_r2_spalin-divide-beta05.txt --nInitials 10 --ultrametric --randomreps 3 --divide --given_beta 0.5 --incl_beta_bound
Optimization by Spalin-Divide: Scipy-SLSQP using spatial information
Optimizing branch lengths, phi, and nu without topology search
Initial point 1. Random seed: 8975
Solving with ultrametric constraint
Optimal point found for initial point 1
Negative llh: 309.3620676992656
Dropout rate: 9.999999999999996e-11
Silencing rate: 1.0000000000000002e-10
Sigma: 5.782917462025822
Initial point 2. Random seed: 5375
Solving with ultrametric constraint
Optimal point found for initial point 2
Negative llh: 309.3620679747215
Dropout rate: 1.2382266457073622e-10
Silencing rate: 1.109741444785834e-10
Sigma: 5.7828493757471175
Initial point 3. Random seed: 4207
Solving with ultrametric constraint
Optimal point found for initial point 3
Negative llh: 309.36206780019256
Dropout rate: 1e-10
Silencing rate: 1e-10
Sigma: 5.782941713955902
Initial point 4. Random seed: 4303
Solving with ultrametric constraint
Optimal point found for initial point 4
Negative llh: 309.36206763951634
Dropout rate: 1e-10
Silencing rate: 1e-10
Sigma: 5.78295721010883
Initial point 5. Random seed: 3191
Solving with ultrametric constraint
Optimal point found for initial point 5
Negative llh: 309.3620677431686
Dropout rate: 1.0000000000000007e-10
Silencing rate: 9.999999999999996e-11
Sigma: 5.782965859220879
Initial point 6. Random seed: 4332
Solving with ultrametric constraint
Optimal point found for initial point 6
Negative llh: 309.36206735489384
Dropout rate: 2.199190473813918e-10
Silencing rate: 1.5526465962590585e-10
Sigma: 5.782934700062773
Initial point 7. Random seed: 12
Solving with ultrametric constraint
Optimal point found for initial point 7
Negative llh: 309.3620675350477
Dropout rate: 3.513548544411655e-10
Silencing rate: 2.15812166095336e-10
Sigma: 5.782926037100326
Initial point 8. Random seed: 8076
Solving with ultrametric constraint
Optimal point found for initial point 8
Negative llh: 309.3620673748725
Dropout rate: 1.0000000000000007e-10
Silencing rate: 9.999999999999996e-11
Sigma: 5.782912001772157
Initial point 9. Random seed: 3234
Solving with ultrametric constraint
Optimal point found for initial point 9
Negative llh: 309.36206749136477
Dropout rate: 1e-10
Silencing rate: 1e-10
Sigma: 5.78288399318913
Initial point 10. Random seed: 3104
Solving with ultrametric constraint
Optimal point found for initial point 10
Negative llh: 309.3620672918854
Dropout rate: 1.0000000000000002e-10
Silencing rate: 1.0000000000000002e-10
Sigma: 5.782920364414407
Runtime (s): 921.6179062584415
