Launching Problin version 0.5b
Problin was called as follow: /u/gh2161/Spatial-Division/problin/run_problin.py -c real_location_data/s10c2/k10_r5_character_matrix.csv -t real_location_data/s10c2/true_tree.nwk -S real_location_data/s10c2/leaf_locations.txt --delimiter comma -p real_location_data/s10c2/k10_priors.csv -o real_location_data/s10c2/k10_r5_spalin-divide-ignore-beta.txt --nInitials 10 --ultrametric --randomreps 3 --divide
Optimization by Spalin-Divide: Scipy-SLSQP using spatial information
Optimizing branch lengths, phi, and nu without topology search
Initial point 1. Random seed: 3976
Solving with ultrametric constraint
Optimal point found for initial point 1
Negative llh: 260.18672923380336
Dropout rate: 1e-10
Silencing rate: 1e-10
Sigma: 6.044139168276602
Initial point 2. Random seed: 8860
Solving with ultrametric constraint
Optimal point found for initial point 2
Negative llh: 260.1867258952228
Dropout rate: 3.4878496230856216e-09
Silencing rate: 1.8242070442235634e-09
Sigma: 6.044302057634873
Initial point 3. Random seed: 637
Solving with ultrametric constraint
Optimal point found for initial point 3
Negative llh: 260.18673288162745
Dropout rate: 1.0000000000000002e-10
Silencing rate: 9.999999999999999e-11
Sigma: 6.044285185058144
Initial point 4. Random seed: 8159
Solving with ultrametric constraint
Optimal point found for initial point 4
Negative llh: 260.1867256362238
Dropout rate: 1e-10
Silencing rate: 1e-10
Sigma: 6.044309556592588
Initial point 5. Random seed: 7330
Solving with ultrametric constraint
Optimal point found for initial point 5
Negative llh: 260.18673328831267
Dropout rate: 1.0000000000000007e-10
Silencing rate: 9.999999999999996e-11
Sigma: 6.043793716774333
Initial point 6. Random seed: 9770
Solving with ultrametric constraint
Optimal point found for initial point 6
Negative llh: 260.1867234869065
Dropout rate: 1.0000000000000007e-10
Silencing rate: 1.0000000000000007e-10
Sigma: 6.04446570215431
Initial point 7. Random seed: 7499
Solving with ultrametric constraint
Optimal point found for initial point 7
Negative llh: 260.1867242132336
Dropout rate: 1.0000000000000007e-10
Silencing rate: 1.0000000000000007e-10
Sigma: 6.044436608831393
Initial point 8. Random seed: 9399
Solving with ultrametric constraint
Optimal point found for initial point 8
Negative llh: 260.18672375459334
Dropout rate: 1e-10
Silencing rate: 1e-10
Sigma: 6.0442813777649045
Initial point 9. Random seed: 7076
Solving with ultrametric constraint
Optimal point found for initial point 9
Negative llh: 260.18673053024145
Dropout rate: 6.281684046219429e-09
Silencing rate: 2.911116531278765e-09
Sigma: 6.0438767136711995
Initial point 10. Random seed: 2684
Solving with ultrametric constraint
Optimal point found for initial point 10
Negative llh: 260.1867234711237
Dropout rate: 1e-10
Silencing rate: 1e-10
Sigma: 6.044396633692261
Runtime (s): 1189.5887777180178
