Launching Problin version 0.5b
Problin was called as follow: /u/gh2161/Spatial-Division/problin/run_problin.py -c real_location_data/s10c2/k10_r3_character_matrix.csv -t real_location_data/s10c2/true_tree.nwk -S real_location_data/s10c2/leaf_locations.txt --delimiter comma -p real_location_data/s10c2/k10_priors.csv -o real_location_data/s10c2/k10_r3_spalin-divide-ignore-beta.txt --nInitials 10 --ultrametric --randomreps 3 --divide
Optimization by Spalin-Divide: Scipy-SLSQP using spatial information
Optimizing branch lengths, phi, and nu without topology search
Initial point 1. Random seed: 7077
Solving with ultrametric constraint
Optimal point found for initial point 1
Negative llh: 252.74263710322953
Dropout rate: 1.3248844790682954e-09
Silencing rate: 5.826196489031581e-10
Sigma: 6.292455287467905
Initial point 2. Random seed: 1637
Solving with ultrametric constraint
Optimal point found for initial point 2
Negative llh: 252.74269458444934
Dropout rate: 1e-10
Silencing rate: 1e-10
Sigma: 6.292262946177792
Initial point 3. Random seed: 5315
Solving with ultrametric constraint
Optimal point found for initial point 3
Negative llh: 252.74263708066331
Dropout rate: 5.886452450109778e-10
Silencing rate: 1.816344107803196e-09
Sigma: 6.292430809658283
Initial point 4. Random seed: 6429
Solving with ultrametric constraint
Optimal point found for initial point 4
Negative llh: 252.74263699464515
Dropout rate: 1e-10
Silencing rate: 1e-10
Sigma: 6.292567444505112
Initial point 5. Random seed: 2970
Solving with ultrametric constraint
Optimal point found for initial point 5
Negative llh: 252.7426395570014
Dropout rate: 4.5011206517054423e-10
Silencing rate: 2.547973012768655e-10
Sigma: 6.292197215720288
Initial point 6. Random seed: 5796
Solving with ultrametric constraint
Optimal point found for initial point 6
Negative llh: 252.74264140985798
Dropout rate: 1.1019085613470865e-09
Silencing rate: 5.587525939555518e-10
Sigma: 6.292025755839525
Initial point 7. Random seed: 6801
Solving with ultrametric constraint
Optimal point found for initial point 7
Negative llh: 252.7427547640856
Dropout rate: 9.999999999999996e-11
Silencing rate: 1.0000000000000002e-10
Sigma: 6.292440913970986
Initial point 8. Random seed: 6736
Solving with ultrametric constraint
Optimal point found for initial point 8
Negative llh: 252.74265345900656
Dropout rate: 1e-10
Silencing rate: 1e-10
Sigma: 6.2920936406648496
Initial point 9. Random seed: 7217
Solving with ultrametric constraint
Optimal point found for initial point 9
Negative llh: 252.7426799142927
Dropout rate: 2.7009806137843463e-10
Silencing rate: 1.9300728396510973e-10
Sigma: 6.291284971630418
Initial point 10. Random seed: 9831
Solving with ultrametric constraint
Optimal point found for initial point 10
Negative llh: 252.74263707655945
Dropout rate: 1.0000000000000007e-10
Silencing rate: 9.999999999999996e-11
Sigma: 6.292435435472699
Runtime (s): 830.8219779506326
