Launching Problin version 0.5b
Problin was called as follow: /u/gh2161/Spatial-Division/problin/run_problin.py -c real_location_data/s10c2/k10_r1_character_matrix.csv -t real_location_data/s10c2/true_tree.nwk -S real_location_data/s10c2/leaf_locations.txt --delimiter comma -p real_location_data/s10c2/k10_priors.csv -o real_location_data/s10c2/k10_r1_spalin-divide-beta1.txt --nInitials 10 --ultrametric --randomreps 3 --divide --given_beta 1 --incl_beta_bound
Optimization by Spalin-Divide: Scipy-SLSQP using spatial information
Optimizing branch lengths, phi, and nu without topology search
Initial point 1. Random seed: 8020
Solving with ultrametric constraint
Optimal point found for initial point 1
Negative llh: 276.25212029021725
Dropout rate: 1e-10
Silencing rate: 1.0000000000000002e-10
Sigma: 6.124225204997481
Initial point 2. Random seed: 474
Solving with ultrametric constraint
Optimal point found for initial point 2
Negative llh: 276.2521204285735
Dropout rate: 1.2037367733096472e-10
Silencing rate: 1.0902327606469083e-10
Sigma: 6.124220435573765
Initial point 3. Random seed: 4743
Solving with ultrametric constraint
Optimal point found for initial point 3
Negative llh: 276.25212141267815
Dropout rate: 2.2183124733062792e-10
Silencing rate: 1.5394731049927325e-10
Sigma: 6.12422234767729
Initial point 4. Random seed: 1081
Solving with ultrametric constraint
Optimal point found for initial point 4
Negative llh: 276.2521204773586
Dropout rate: 1.5118117144021218e-10
Silencing rate: 1.2266718485472708e-10
Sigma: 6.124219172753783
Initial point 5. Random seed: 2882
Solving with ultrametric constraint
Optimal point found for initial point 5
Negative llh: 276.25212067231655
Dropout rate: 1e-10
Silencing rate: 1e-10
Sigma: 6.124214130322737
Initial point 6. Random seed: 4040
Solving with ultrametric constraint
Optimal point found for initial point 6
Negative llh: 276.2521202065901
Dropout rate: 1.8683267488039246e-10
Silencing rate: 1.3919708923942982e-10
Sigma: 6.124252846213302
Initial point 7. Random seed: 7945
Solving with ultrametric constraint
Optimal point found for initial point 7
Negative llh: 276.2521202838393
Dropout rate: 2.0704989886806443e-10
Silencing rate: 1.4740341556626956e-10
Sigma: 6.12419538514836
Initial point 8. Random seed: 1932
Solving with ultrametric constraint
Optimal point found for initial point 8
Negative llh: 276.2521207043019
Dropout rate: 3.6627235921983844e-10
Silencing rate: 2.4653523367799905e-10
Sigma: 6.1242421443097825
Initial point 9. Random seed: 9067
Solving with ultrametric constraint
Optimal point found for initial point 9
Negative llh: 276.2521206732128
Dropout rate: 4.105113439344991e-10
Silencing rate: 2.3750889419832414e-10
Sigma: 6.124209067199779
Initial point 10. Random seed: 7170
Solving with ultrametric constraint
Optimal point found for initial point 10
Negative llh: 276.2521205458184
Dropout rate: 2.2739685470903132e-10
Silencing rate: 1.5641367204681582e-10
Sigma: 6.1242126462427695
Runtime (s): 1195.7670496060164
