Launching Problin version 0.5b
Problin was called as follow: /u/gh2161/Spatial-Division/problin/run_problin.py -c real_location_data/s10c2/k10_r4_character_matrix.csv -t real_location_data/s10c2/true_tree.nwk -S real_location_data/s10c2/leaf_locations.txt --delimiter comma -p real_location_data/s10c2/k10_priors.csv -o real_location_data/s10c2/k10_r4_spalin-divide-beta3.txt --nInitials 10 --ultrametric --randomreps 3 --divide --given_beta 3 --incl_beta_bound
Optimization by Spalin-Divide: Scipy-SLSQP using spatial information
Optimizing branch lengths, phi, and nu without topology search
Initial point 1. Random seed: 5098
Solving with ultrametric constraint
Optimal point found for initial point 1
Negative llh: 268.64867599083175
Dropout rate: 1e-10
Silencing rate: 1e-10
Sigma: 5.859578219355572
Initial point 2. Random seed: 1990
Solving with ultrametric constraint
Optimal point found for initial point 2
Negative llh: 268.64868292008293
Dropout rate: 1e-10
Silencing rate: 1e-10
Sigma: 5.859807162592573
Initial point 3. Random seed: 5316
Solving with ultrametric constraint
Optimal point found for initial point 3
Negative llh: 268.6486754170389
Dropout rate: 4.0019974756511254e-10
Silencing rate: 2.4137631305867997e-10
Sigma: 5.8598239141744815
Initial point 4. Random seed: 798
Solving with ultrametric constraint
Optimal point found for initial point 4
Negative llh: 268.64869143021707
Dropout rate: 1.690608498167109e-09
Silencing rate: 1.2027933600755553e-09
Sigma: 5.859791540067595
Initial point 5. Random seed: 3302
Solving with ultrametric constraint
Optimal point found for initial point 5
Negative llh: 268.6486800832148
Dropout rate: 9.999999999999996e-11
Silencing rate: 1.0000000000000002e-10
Sigma: 5.859683998992665
Initial point 6. Random seed: 7045
Solving with ultrametric constraint
Optimal point found for initial point 6
Negative llh: 268.6486806333605
Dropout rate: 6.759563449366735e-10
Silencing rate: 3.274265885216069e-10
Sigma: 5.85969397536124
Initial point 7. Random seed: 6644
Solving with ultrametric constraint
Optimal point found for initial point 7
Negative llh: 268.6486742960584
Dropout rate: 2.271520338920325e-10
Silencing rate: 1.5017764628202264e-10
Sigma: 5.859725890507878
Initial point 8. Random seed: 5791
Solving with ultrametric constraint
Optimal point found for initial point 8
Negative llh: 268.64867165991296
Dropout rate: 1.228623315620261e-09
Silencing rate: 7.843669307402227e-10
Sigma: 5.859668519345502
Initial point 9. Random seed: 5691
Solving with ultrametric constraint
Optimal point found for initial point 9
Negative llh: 268.64867247918636
Dropout rate: 1e-10
Silencing rate: 1e-10
Sigma: 5.85968086914314
Initial point 10. Random seed: 5872
Solving with ultrametric constraint
Optimal point found for initial point 10
Negative llh: 268.6486764234272
Dropout rate: 9.152293088703993e-10
Silencing rate: 4.2187074820830244e-10
Sigma: 5.859703570187481
Runtime (s): 1693.8941382119956
