Launching Problin version 0.5b
Problin was called as follow: /u/gh2161/problin/run_problin.py -c simulated_data/s10c2/k10_r3_character_matrix.csv -t simulated_data/s10c2/true_tree.nwk -S simulated_data/s10c2/true_locations.txt --delimiter comma -p simulated_data/s10c2/k10_priors.csv -o simulated_data/s10c2/k10_r3_spalin_all.txt --nInitials 10 --ultrametric --randomreps 3
Optimization by Spalin: Scipy-SLSQP using spatial information
Optimizing branch lengths, phi, and nu without topology search
Initial point 1. Random seed: 9569
Solving with ultrametric constraint
Optimal point found for initial point 1
Negative llh: 317.8553736280976
Dropout rate: 1.5625338954581458e-09
Silencing rate: 3.616330100500569e-10
Sigma: 36.28084893903921
Initial point 2. Random seed: 5770
Solving with ultrametric constraint
Optimal point found for initial point 2
Negative llh: 317.85537316537034
Dropout rate: 1e-10
Silencing rate: 9.999999999999996e-11
Sigma: 36.281310989103986
Initial point 3. Random seed: 6256
Solving with ultrametric constraint
Optimal point found for initial point 3
Negative llh: 317.855373528365
Dropout rate: 1.0041064078216148e-10
Silencing rate: 1e-10
Sigma: 36.28074343060472
Initial point 4. Random seed: 7411
Solving with ultrametric constraint
Optimal point found for initial point 4
Negative llh: 317.8553731061301
Dropout rate: 1.0023913890367527e-10
Silencing rate: 1.0116002973281984e-10
Sigma: 36.282751185089644
Initial point 5. Random seed: 7271
Solving with ultrametric constraint
Optimal point found for initial point 5
Negative llh: 317.85537338071043
Dropout rate: 6.391550037467116e-10
Silencing rate: 3.2829809472438806e-10
Sigma: 36.28180426145125
Initial point 6. Random seed: 2935
Solving with ultrametric constraint
Optimal point found for initial point 6
Negative llh: 317.85537308330305
Dropout rate: 1.095742894333143e-10
Silencing rate: 1e-10
Sigma: 36.28187056808046
Initial point 7. Random seed: 8695
Solving with ultrametric constraint
Optimal point found for initial point 7
Negative llh: 317.8553732162394
Dropout rate: 1e-10
Silencing rate: 1.0004194645232488e-10
Sigma: 36.28222021297198
Initial point 8. Random seed: 2524
Solving with ultrametric constraint
Optimal point found for initial point 8
Negative llh: 317.8553732007025
Dropout rate: 1.0617850401276675e-10
Silencing rate: 1.3123943149682752e-10
Sigma: 36.28178297580859
Initial point 9. Random seed: 4946
Solving with ultrametric constraint
Optimal point found for initial point 9
Negative llh: 317.8553731672952
Dropout rate: 1.0007406939707151e-10
Silencing rate: 1e-10
Sigma: 36.282603214707144
Initial point 10. Random seed: 2114
Solving with ultrametric constraint
Optimal point found for initial point 10
Negative llh: 317.8553731792072
Dropout rate: 1e-10
Silencing rate: 1e-10
Sigma: 36.28184183890038
Runtime (s): 24.11409000772983
