Launching Problin version 0.5b
Problin was called as follow: /u/gh2161/problin/run_problin.py -c simulated_data/s10c2/k10_r2_character_matrix.csv -t simulated_data/s10c2/true_tree.nwk --delimiter comma -p simulated_data/s10c2/k10_priors.csv -o simulated_data/s10c2/k10_r2_problin.txt --nInitials 10 --ultrametric --randomreps 3
Optimization by EM algorithm
Optimizing branch lengths, phi, and nu without topology search
Initial point 1. Random seed: 6537
Solving with ultrametric constraint
Initial phi: 0.6873430939276756. Initial nu: 0.4338152455493086. Initial nllh: 11464.385821988782
EM finished after 12 iterations.
Optimal point found for initial point 1
Negative llh: 76.61879695710113
Dropout rate: 0
Silencing rate: 9.711740431359965e-07
Initial point 2. Random seed: 4335
Solving with ultrametric constraint
Initial phi: 0.061484603187931405. Initial nu: 0.8135989870657147. Initial nllh: 147.87688668545215
EM finished after 10 iterations.
Optimal point found for initial point 2
Negative llh: 76.61879726213124
Dropout rate: 0
Silencing rate: 9.731678791220294e-07
Initial point 3. Random seed: 588
Solving with ultrametric constraint
Initial phi: 0.2762729937474345. Initial nu: 0.4746230948635387. Initial nllh: 172.5892400214339
EM finished after 14 iterations.
Optimal point found for initial point 3
Negative llh: 76.61879699760213
Dropout rate: 0
Silencing rate: 9.730635411533992e-07
Initial point 4. Random seed: 7481
Solving with ultrametric constraint
Initial phi: 0.34230597676861985. Initial nu: 0.36321494136412313. Initial nllh: 182.6610745075167
EM finished after 10 iterations.
Optimal point found for initial point 4
Negative llh: 76.61879699805877
Dropout rate: 0
Silencing rate: 9.71130643852376e-07
Initial point 5. Random seed: 8944
Solving with ultrametric constraint
Initial phi: 0.3759187885247988. Initial nu: 0.3409084393134759. Initial nllh: 191.00506135897416
EM finished after 11 iterations.
Optimal point found for initial point 5
Negative llh: 76.6187980266429
Dropout rate: 0
Silencing rate: 9.858702021003502e-07
Initial point 6. Random seed: 5221
Solving with ultrametric constraint
Initial phi: 0.7621010133580739. Initial nu: 0.2913204215924767. Initial nllh: 370.6393926932476
EM finished after 9 iterations.
Optimal point found for initial point 6
Negative llh: 76.61879823667037
Dropout rate: 0
Silencing rate: 9.867338024677185e-07
Initial point 7. Random seed: 5357
Solving with ultrametric constraint
Initial phi: 0.22834708801387976. Initial nu: 0.5323657631139084. Initial nllh: 164.60792339485636
EM finished after 9 iterations.
Optimal point found for initial point 7
Negative llh: 76.61879794309971
Dropout rate: 0
Silencing rate: 9.79486422902215e-07
Initial point 8. Random seed: 1381
Solving with ultrametric constraint
Initial phi: 0.9036516785785265. Initial nu: 0.3774333968056391. Initial nllh: 548.6415358007654
EM finished after 12 iterations.
Optimal point found for initial point 8
Negative llh: 76.61879673947351
Dropout rate: 0
Silencing rate: 9.707870146239202e-07
Initial point 9. Random seed: 9654
Solving with ultrametric constraint
Initial phi: 0.003931390100839165. Initial nu: 0.11426919715318815. Initial nllh: 85.68198267186474
EM finished after 8 iterations.
Optimal point found for initial point 9
Negative llh: 76.61879813076551
Dropout rate: 0
Silencing rate: 9.85678028794231e-07
Initial point 10. Random seed: 6603
Solving with ultrametric constraint
Initial phi: 0.5509375072122416. Initial nu: 0.82219522285133. Initial nllh: 288.5579700861638
EM finished after 10 iterations.
Optimal point found for initial point 10
Negative llh: 76.61879719311607
Dropout rate: 0
Silencing rate: 9.721980870946942e-07
Traceback (most recent call last):
  File "/u/gh2161/problin/run_problin.py", line 193, in <module>
    main()
  File "/u/gh2161/problin/run_problin.py", line 172, in main
    fout.write("Sigma: " + str(opt_params['sigma']) + "\n")
KeyError: 'sigma'
