Launching Problin version 0.5b
Problin was called as follow: /u/gh2161/problin/run_problin.py -c simulated_data/s10c2/k10_r1_character_matrix.csv -t simulated_data/s10c2/true_tree.nwk -S simulated_data/s10c2/leaf_locations.txt --delimiter comma -p simulated_data/s10c2/k10_priors.csv -o simulated_data/s10c2/k10_r1_spalin_leaves_newfelsen.txt --nInitials 10 --ultrametric --randomreps 3
Optimization by Spalin: Scipy-SLSQP using spatial information
Optimizing branch lengths, phi, and nu without topology search
Initial point 1. Random seed: 3219
Solving with ultrametric constraint
Optimal point found for initial point 1
Negative llh: 245.57030164010266
Dropout rate: 1.889678811913306e-09
Silencing rate: 9.011214913359056e-10
Sigma: 9.453907682350044
Initial point 2. Random seed: 1878
Solving with ultrametric constraint
Optimal point found for initial point 2
Negative llh: 245.5703011940601
Dropout rate: 1.0406692406448234e-10
Silencing rate: 1.0180264410584593e-10
Sigma: 9.45583060208095
Initial point 3. Random seed: 8510
Solving with ultrametric constraint
Optimal point found for initial point 3
Negative llh: 245.57030118443856
Dropout rate: 2.7567713740390683e-10
Silencing rate: 5.056898257473086e-10
Sigma: 9.454567074587887
Initial point 4. Random seed: 3364
Solving with ultrametric constraint
Optimal point found for initial point 4
Negative llh: 245.5703010402495
Dropout rate: 1.0000000000000007e-10
Silencing rate: 1.0000000000000007e-10
Sigma: 9.454861313538945
Initial point 5. Random seed: 9267
Solving with ultrametric constraint
Optimal point found for initial point 5
Negative llh: 245.57030148387514
Dropout rate: 1e-10
Silencing rate: 1e-10
Sigma: 9.454925076529246
Initial point 6. Random seed: 6373
Solving with ultrametric constraint
Optimal point found for initial point 6
Negative llh: 245.57030157643896
Dropout rate: 1.2653557738964424e-10
Silencing rate: 2.1200244621872772e-10
Sigma: 9.45343771125803
Initial point 7. Random seed: 7985
Solving with ultrametric constraint
Optimal point found for initial point 7
Negative llh: 245.57030133487666
Dropout rate: 6.854510138197877e-10
Silencing rate: 1.1455418800506793e-09
Sigma: 9.454305767613764
Initial point 8. Random seed: 9206
Solving with ultrametric constraint
Optimal point found for initial point 8
Negative llh: 245.57030138482645
Dropout rate: 9.999999999999996e-11
Silencing rate: 9.999999999999996e-11
Sigma: 9.454592433665619
Initial point 9. Random seed: 2339
Solving with ultrametric constraint
Optimal point found for initial point 9
Negative llh: 245.57030132746615
Dropout rate: 1e-10
Silencing rate: 1e-10
Sigma: 9.45561882835108
Initial point 10. Random seed: 4758
Solving with ultrametric constraint
Optimal point found for initial point 10
Negative llh: 245.57030111060294
Dropout rate: 2.000483385126824e-10
Silencing rate: 2.21335814418523e-10
Sigma: 9.454885611564425
Runtime (s): 173.5207847300917
