Launching Problin version 0.5b
Problin was called as follow: /u/gh2161/Spatial-Division/problin/run_problin.py -c real_location_data/s10c2/k10_r2_character_matrix.csv -t real_location_data/s10c2/true_tree.nwk -S real_location_data/s10c2/leaf_locations.txt --delimiter comma -p real_location_data/s10c2/k10_priors.csv -o real_location_data/s10c2/k10_r2_spalin-divide-beta1.txt --nInitials 10 --ultrametric --randomreps 3 --divide --given_beta 1 --incl_beta_bound
Optimization by Spalin-Divide: Scipy-SLSQP using spatial information
Optimizing branch lengths, phi, and nu without topology search
Initial point 1. Random seed: 2793
Solving with ultrametric constraint
Optimal point found for initial point 1
Negative llh: 245.25852282609236
Dropout rate: 1.9300022386169396e-10
Silencing rate: 1.6391367411031657e-10
Sigma: 6.515778135087287
Initial point 2. Random seed: 1251
Solving with ultrametric constraint
Optimal point found for initial point 2
Negative llh: 245.2585248300532
Dropout rate: 1.077581845844367e-10
Silencing rate: 1.0305030346818316e-10
Sigma: 6.51585027686579
Initial point 3. Random seed: 8272
Solving with ultrametric constraint
Optimal point found for initial point 3
Negative llh: 245.2585236843511
Dropout rate: 9.999999999999996e-11
Silencing rate: 1.0000000000000002e-10
Sigma: 6.5164464675907485
Initial point 4. Random seed: 4044
Solving with ultrametric constraint
Optimal point found for initial point 4
Negative llh: 245.25852249650396
Dropout rate: 1e-10
Silencing rate: 1e-10
Sigma: 6.515834440848505
Initial point 5. Random seed: 8388
Solving with ultrametric constraint
Optimal point found for initial point 5
Negative llh: 245.2585199626978
Dropout rate: 1.3215680146911656e-10
Silencing rate: 1.1264219307178077e-10
Sigma: 6.515788636814892
Initial point 6. Random seed: 7262
Solving with ultrametric constraint
Optimal point found for initial point 6
Negative llh: 245.25852120249462
Dropout rate: 1.6554169445630383e-10
Silencing rate: 1.2576978847180454e-10
Sigma: 6.515719019787525
Initial point 7. Random seed: 2437
Solving with ultrametric constraint
Optimal point found for initial point 7
Negative llh: 245.25851866640357
Dropout rate: 5.665997684907621e-10
Silencing rate: 3.594202801178518e-10
Sigma: 6.515777323495655
Initial point 8. Random seed: 9832
Solving with ultrametric constraint
Optimal point found for initial point 8
Negative llh: 245.25853473622692
Dropout rate: 1e-10
Silencing rate: 1e-10
Sigma: 6.515688304637881
Initial point 9. Random seed: 3231
Solving with ultrametric constraint
Optimal point found for initial point 9
Negative llh: 245.2585276930165
Dropout rate: 1.0000000000000007e-10
Silencing rate: 1.0000000000000002e-10
Sigma: 6.515584060840286
Initial point 10. Random seed: 1109
Solving with ultrametric constraint
Optimal point found for initial point 10
Negative llh: 245.25852450921224
Dropout rate: 3.5278901176206103e-10
Silencing rate: 1.9938190384733397e-10
Sigma: 6.515749494653557
Runtime (s): 975.4258928466588
