Launching Problin version 0.5b
Problin was called as follow: /u/gh2161/Spatial-Division/problin/run_problin.py -c real_location_data/s10c2/k10_r2_character_matrix.csv -t real_location_data/s10c2/true_tree.nwk -S real_location_data/s10c2/leaf_locations.txt --delimiter comma -p real_location_data/s10c2/k10_priors.csv -o real_location_data/s10c2/k10_r2_spalin.txt --nInitials 10 --ultrametric --randomreps 3
Optimization by Spalin: Scipy-SLSQP using spatial information
Optimizing branch lengths, phi, and nu without topology search
Initial point 1. Random seed: 653
Solving with ultrametric constraint
Optimal point found for initial point 1
Negative llh: 214.6828162579099
Dropout rate: 1.0000000000000003e-10
Silencing rate: 1.8066364722791133e-10
Sigma: 44.83116920364812
Initial point 2. Random seed: 7408
Solving with ultrametric constraint
Optimal point found for initial point 2
Negative llh: 214.6828161517589
Dropout rate: 1.0000000000000002e-10
Silencing rate: 1.0000000000000002e-10
Sigma: 44.83203508000188
Initial point 3. Random seed: 7083
Solving with ultrametric constraint
Optimal point found for initial point 3
Negative llh: 214.68281635593257
Dropout rate: 5.301433749591389e-10
Silencing rate: 4.296307344087735e-10
Sigma: 44.83221866132422
Initial point 4. Random seed: 526
Solving with ultrametric constraint
Optimal point found for initial point 4
Negative llh: 214.68281649177942
Dropout rate: 3.428604265346702e-10
Silencing rate: 4.4632073116581653e-10
Sigma: 44.8319622412891
Initial point 5. Random seed: 7797
Solving with ultrametric constraint
Optimal point found for initial point 5
Negative llh: 214.68281634161633
Dropout rate: 1e-10
Silencing rate: 1e-10
Sigma: 44.83520124763811
Initial point 6. Random seed: 9144
Solving with ultrametric constraint
Optimal point found for initial point 6
Negative llh: 214.68281648708722
Dropout rate: 1.0000000000000007e-10
Silencing rate: 1.0000000000000007e-10
Sigma: 44.83026146498431
Initial point 7. Random seed: 7078
Solving with ultrametric constraint
Optimal point found for initial point 7
Negative llh: 214.682816156736
Dropout rate: 9.999999999999996e-11
Silencing rate: 9.999999999999996e-11
Sigma: 44.83266448754441
Initial point 8. Random seed: 1866
Solving with ultrametric constraint
Optimal point found for initial point 8
Negative llh: 214.68281623333968
Dropout rate: 1.0000000000000007e-10
Silencing rate: 1.0000000000000007e-10
Sigma: 44.83371924342018
Initial point 9. Random seed: 395
Solving with ultrametric constraint
Optimal point found for initial point 9
Negative llh: 214.68281687622448
Dropout rate: 1e-10
Silencing rate: 1e-10
Sigma: 44.834343205707334
Initial point 10. Random seed: 2539
Solving with ultrametric constraint
Optimal point found for initial point 10
Negative llh: 214.6828162449741
Dropout rate: 1e-10
Silencing rate: 6.057319827371329e-10
Sigma: 44.83227604333371
Traceback (most recent call last):
  File "/u/gh2161/Spatial-Division/problin/run_problin.py", line 223, in <module>
    main()
  File "/u/gh2161/Spatial-Division/problin/run_problin.py", line 214, in main
    for cell in mySolver.params.displacement_amounts:
AttributeError: 'Params' object has no attribute 'displacement_amounts'
