Launching Problin version 0.5b
Problin was called as follow: /Users/gary/Documents/Projects/spalin/problin/run_problin.py -c s10c2/k10_r1_character_matrix.csv -t s10c2/true_tree.nwk -S s10c2/true_locations.txt --delimiter comma -p s10c2/k10_priors.csv -o s10c2/k10_r1_spalin_all_topology_search.txt --nInitials 10 --ultrametric --randomreps 3 --topology_search
Optimization by Spalin: Scipy-SLSQP using spatial information
Starting topology search
Running topology search sequentially...
!
<class 'int'>
<class 'bool'>
<class 'NoneType'>
<class 'NoneType'>
<class 'dict'>
!
in optimize 1
in optimize 2
!
<class 'int'>
<class 'bool'>
<class 'numpy.float64'>
<class 'numpy.float64'>
<class 'dict'>
!
in optimize 1
in optimize 2
Traceback (most recent call last):
  File "/Users/gary/Documents/Projects/spalin/problin/run_problin.py", line 194, in <module>
    main()
  File "/Users/gary/Documents/Projects/spalin/problin/run_problin.py", line 160, in main
    opt_trees,max_score,opt_params = myTopoSearch.search(maxiter=args["maxIters"], verbose=args["verbose"], strategy=my_strategy, nreps=args['randomreps'],checkpoint_file=checkpoint_file) 
  File "/Users/gary/Documents/Projects/spalin/problin/problin_libs/Topology_search.py", line 101, in search
    trees,score,params = self.__search_one__(strategy,maxiter=maxiter,verbose=verbose,only_marked=False,checkpoint_file=checkpoint_file)
  File "/Users/gary/Documents/Projects/spalin/problin/problin_libs/Topology_search.py", line 146, in __search_one__
    new_score,n_attempts,success = self.single_nni(curr_score,nni_iter,strategy,only_marked=only_marked)
  File "/Users/gary/Documents/Projects/spalin/problin/problin_libs/Topology_search.py", line 184, in single_nni
    took,score = self.apply_nni(u,curr_score,nni_iter,strategy)
  File "/Users/gary/Documents/Projects/spalin/problin/problin_libs/Topology_search.py", line 237, in apply_nni
    new_score,status = mySolver.score_tree(strategy=score_tree_strategy)
  File "/Users/gary/Documents/Projects/spalin/problin/problin_libs/ML_solver.py", line 100, in score_tree
    nllh,status = self.optimize(initials=initials,verbose=-1,ultra_constr=ultra_constr,fixed_phi=fixed_phi,fixed_nu=fixed_nu,fixed_brlen=fixed_brlen)
TypeError: cannot unpack non-iterable NoneType object
