Launching Problin version 0.5b
Problin was called as follow: /u/gh2161/Spatial-Division/problin/run_problin.py -c real_location_data/s10c2/k10_r3_character_matrix.csv -t real_location_data/s10c2/true_tree.nwk -S real_location_data/s10c2/leaf_locations.txt --delimiter comma -p real_location_data/s10c2/k10_priors.csv -o real_location_data/s10c2/k10_r3_spalin-divide-beta05.txt --nInitials 10 --ultrametric --randomreps 3 --divide --given_beta 0.5 --incl_beta_bound
Optimization by Spalin-Divide: Scipy-SLSQP using spatial information
Optimizing branch lengths, phi, and nu without topology search
Initial point 1. Random seed: 676
Solving with ultrametric constraint
Optimal point found for initial point 1
Negative llh: 254.40197140729816
Dropout rate: 1.2774266299501294e-10
Silencing rate: 1.521784745440829e-10
Sigma: 6.422730439108168
Initial point 2. Random seed: 1703
Solving with ultrametric constraint
Optimal point found for initial point 2
Negative llh: 254.40197232123546
Dropout rate: 1.1099200590366507e-09
Silencing rate: 6.885377796183921e-10
Sigma: 6.42286989197835
Initial point 3. Random seed: 3196
Solving with ultrametric constraint
Optimal point found for initial point 3
Negative llh: 254.4019711643325
Dropout rate: 1.5787744370909213e-10
Silencing rate: 1.3218357512460786e-10
Sigma: 6.422680352916746
Initial point 4. Random seed: 7291
Solving with ultrametric constraint
Optimal point found for initial point 4
Negative llh: 254.4019714658036
Dropout rate: 4.2856209085183434e-10
Silencing rate: 2.9866008962843395e-10
Sigma: 6.4226173843844805
Initial point 5. Random seed: 6899
Solving with ultrametric constraint
Optimal point found for initial point 5
Negative llh: 254.40197112866898
Dropout rate: 1.0524915622875455e-10
Silencing rate: 1.0277109762951988e-10
Sigma: 6.422703529015282
Initial point 6. Random seed: 674
Solving with ultrametric constraint
Optimal point found for initial point 6
Negative llh: 254.40197075410882
Dropout rate: 3.5587861098018936e-10
Silencing rate: 2.218302179322651e-10
Sigma: 6.422692871570741
Initial point 7. Random seed: 5062
Solving with ultrametric constraint
Optimal point found for initial point 7
Negative llh: 254.40197198394196
Dropout rate: 4.504188487680093e-10
Silencing rate: 2.7448555478008416e-10
Sigma: 6.422786296147425
Initial point 8. Random seed: 3801
Solving with ultrametric constraint
Optimal point found for initial point 8
Negative llh: 254.40197154862454
Dropout rate: 1.0823636217702498e-09
Silencing rate: 5.169005006646449e-10
Sigma: 6.422695173201376
Initial point 9. Random seed: 621
Solving with ultrametric constraint
Optimal point found for initial point 9
Negative llh: 254.40197115489994
Dropout rate: 1e-10
Silencing rate: 1e-10
Sigma: 6.4225781261167665
Initial point 10. Random seed: 4263
Solving with ultrametric constraint
Optimal point found for initial point 10
Negative llh: 254.40197114266067
Dropout rate: 4.718888073758153e-10
Silencing rate: 2.666645168171926e-10
Sigma: 6.422676611135543
Runtime (s): 828.8360841199756
