Launching Problin version 0.5b
Problin was called as follow: /u/gh2161/Spatial-Division/problin/run_problin.py -c real_location_data/s10c2/k10_r1_character_matrix.csv -t real_location_data/s10c2/true_tree.nwk -S real_location_data/s10c2/leaf_locations.txt --delimiter comma -p real_location_data/s10c2/k10_priors.csv -o real_location_data/s10c2/k10_r1_spalin-divide-ignore-beta.txt --nInitials 10 --ultrametric --randomreps 3 --divide
Optimization by Spalin-Divide: Scipy-SLSQP using spatial information
Optimizing branch lengths, phi, and nu without topology search
Initial point 1. Random seed: 8258
Solving with ultrametric constraint
Optimal point found for initial point 1
Negative llh: 275.878809311704
Dropout rate: 9.999999999999996e-11
Silencing rate: 1.0000000000000002e-10
Sigma: 6.0934660654377035
Initial point 2. Random seed: 9118
Solving with ultrametric constraint
Optimal point found for initial point 2
Negative llh: 275.87880950387
Dropout rate: 2.1754265531547464e-09
Silencing rate: 1.1909318479529291e-09
Sigma: 6.0931165367550495
Initial point 3. Random seed: 7921
Solving with ultrametric constraint
Optimal point found for initial point 3
Negative llh: 275.8788096437993
Dropout rate: 1e-10
Silencing rate: 1e-10
Sigma: 6.093418508132626
Initial point 4. Random seed: 5634
Solving with ultrametric constraint
Optimal point found for initial point 4
Negative llh: 275.8788090535409
Dropout rate: 1.0000000000000007e-10
Silencing rate: 1.0000000000000007e-10
Sigma: 6.093569707017498
Initial point 5. Random seed: 9229
Solving with ultrametric constraint
Optimal point found for initial point 5
Negative llh: 275.8788090848641
Dropout rate: 5.308344661312009e-10
Silencing rate: 2.9303740013026073e-10
Sigma: 6.093402747192244
Initial point 6. Random seed: 6242
Solving with ultrametric constraint
Optimal point found for initial point 6
Negative llh: 275.8788080177667
Dropout rate: 1.0000000000000007e-10
Silencing rate: 1.0000000000000007e-10
Sigma: 6.093508451837869
Initial point 7. Random seed: 435
Solving with ultrametric constraint
Optimal point found for initial point 7
Negative llh: 275.8788087637917
Dropout rate: 1.0000000000000007e-10
Silencing rate: 9.999999999999996e-11
Sigma: 6.093473142037294
Initial point 8. Random seed: 3156
Solving with ultrametric constraint
Optimal point found for initial point 8
Negative llh: 275.8788196137664
Dropout rate: 1e-10
Silencing rate: 1e-10
Sigma: 6.093988356200625
Initial point 9. Random seed: 7344
Solving with ultrametric constraint
Optimal point found for initial point 9
Negative llh: 275.8788083144402
Dropout rate: 1e-10
Silencing rate: 1e-10
Sigma: 6.093470824714316
Initial point 10. Random seed: 5205
Solving with ultrametric constraint
Optimal point found for initial point 10
Negative llh: 275.87882122003316
Dropout rate: 2.5882814235613387e-09
Silencing rate: 1.6535195010379106e-09
Sigma: 6.093627050324778
Runtime (s): 1235.7226363990048
