Launching Problin version 0.5b
Problin was called as follow: /u/gh2161/Spatial-Division/problin/run_problin.py -c real_location_data/s5c2/k10_r2_character_matrix.csv -t real_location_data/s5c2/true_tree.nwk -S real_location_data/s5c2/leaf_locations.txt --delimiter comma -p real_location_data/s5c2/k10_priors.csv -o real_location_data/s5c2/k10_r2_spalin-divide-beta3.txt --nInitials 10 --ultrametric --randomreps 3 --divide --given_beta 3 --incl_beta_bound
Optimization by Spalin-Divide: Scipy-SLSQP using spatial information
Optimizing branch lengths, phi, and nu without topology search
Initial point 1. Random seed: 857
Solving with ultrametric constraint
Optimal point found for initial point 1
Negative llh: 172.7734698529116
Dropout rate: 9.999999999999996e-11
Silencing rate: 1.0000000000000002e-10
Sigma: 5.221941337450236
Initial point 2. Random seed: 4085
Solving with ultrametric constraint
Optimal point found for initial point 2
Negative llh: 172.77346827674043
Dropout rate: 1e-10
Silencing rate: 1e-10
Sigma: 5.222122228397423
Initial point 3. Random seed: 8679
Solving with ultrametric constraint
Optimal point found for initial point 3
Negative llh: 172.77346808672814
Dropout rate: 1e-10
Silencing rate: 1e-10
Sigma: 5.221926002031585
Initial point 4. Random seed: 8234
Solving with ultrametric constraint
Optimal point found for initial point 4
Negative llh: 172.7734713046279
Dropout rate: 1.0000000000000002e-10
Silencing rate: 1.0000000000000002e-10
Sigma: 5.221703029354732
Initial point 5. Random seed: 2780
Solving with ultrametric constraint
Optimal point found for initial point 5
Negative llh: 172.77347568435664
Dropout rate: 6.718225023165632e-10
Silencing rate: 4.754246236281719e-10
Sigma: 5.222875230811616
Initial point 6. Random seed: 7313
Solving with ultrametric constraint
Optimal point found for initial point 6
Negative llh: 172.7734719600889
Dropout rate: 4.84234888254871e-10
Silencing rate: 3.707539060298013e-10
Sigma: 5.221660575845331
Initial point 7. Random seed: 8380
Solving with ultrametric constraint
Optimal point found for initial point 7
Negative llh: 172.7734692300384
Dropout rate: 1e-10
Silencing rate: 1e-10
Sigma: 5.221964906296978
Initial point 8. Random seed: 4980
Solving with ultrametric constraint
Optimal point found for initial point 8
Negative llh: 172.77347169952537
Dropout rate: 9.999999999999996e-11
Silencing rate: 9.999999999999996e-11
Sigma: 5.221707931856975
Initial point 9. Random seed: 4007
Solving with ultrametric constraint
Optimal point found for initial point 9
Negative llh: 172.77346963776773
Dropout rate: 1e-10
Silencing rate: 1e-10
Sigma: 5.221902112783915
Initial point 10. Random seed: 7273
Solving with ultrametric constraint
Optimal point found for initial point 10
Negative llh: 172.7734693053601
Dropout rate: 1.2651682639089652e-09
Silencing rate: 1.1730415452113162e-09
Sigma: 5.2220500407661365
Runtime (s): 325.58985916152596
