Launching Problin version 0.5b
Problin was called as follow: /u/gh2161/problin/run_problin.py -c simulated_data/s5c2/k10_r3_character_matrix.csv -t simulated_data/s5c2/true_tree.nwk -S simulated_data/s5c2/true_locations.txt --delimiter comma -p simulated_data/s5c2/k10_priors.csv -o simulated_data/s5c2/k10_r3_spalin_all.txt --nInitials 10 --ultrametric --randomreps 3
Optimization by Spalin: Scipy-SLSQP using spatial information
Optimizing branch lengths, phi, and nu without topology search
Initial point 1. Random seed: 2207
Solving with ultrametric constraint
Optimal point found for initial point 1
Negative llh: 216.25873977555472
Dropout rate: 1.0000000000000002e-10
Silencing rate: 1.0000000000000002e-10
Sigma: 29.75949622051949
Initial point 2. Random seed: 4718
Solving with ultrametric constraint
Optimal point found for initial point 2
Negative llh: 216.25873989446222
Dropout rate: 9.999999999999924e-11
Silencing rate: 9.999999999999924e-11
Sigma: 29.757808457253063
Initial point 3. Random seed: 1754
Solving with ultrametric constraint
Optimal point found for initial point 3
Negative llh: 216.25873982565952
Dropout rate: 1e-10
Silencing rate: 1e-10
Sigma: 29.759452289417286
Initial point 4. Random seed: 2623
Solving with ultrametric constraint
Optimal point found for initial point 4
Negative llh: 216.25874044026574
Dropout rate: 4.85138153943822e-10
Silencing rate: 5.634310718628813e-10
Sigma: 29.759121619404507
Initial point 5. Random seed: 9377
Solving with ultrametric constraint
Optimal point found for initial point 5
Negative llh: 216.2587401457506
Dropout rate: 8.716931608916433e-10
Silencing rate: 2.2583461159746143e-09
Sigma: 29.76001326422346
Initial point 6. Random seed: 5543
Solving with ultrametric constraint
Optimal point found for initial point 6
Negative llh: 216.2587399561598
Dropout rate: 1e-10
Silencing rate: 1e-10
Sigma: 29.758636300071117
Initial point 7. Random seed: 6853
Solving with ultrametric constraint
Optimal point found for initial point 7
Negative llh: 216.25873981248907
Dropout rate: 1e-10
Silencing rate: 1e-10
Sigma: 29.758788636805058
Initial point 8. Random seed: 2719
Solving with ultrametric constraint
Optimal point found for initial point 8
Negative llh: 216.25874011705952
Dropout rate: 6.768571272800206e-10
Silencing rate: 8.881227431785325e-10
Sigma: 29.76017919929417
Initial point 9. Random seed: 3791
Solving with ultrametric constraint
Optimal point found for initial point 9
Negative llh: 216.25874006025737
Dropout rate: 1.2631860068319905e-10
Silencing rate: 3.1474244364747535e-10
Sigma: 29.76047329433459
Initial point 10. Random seed: 1798
Solving with ultrametric constraint
Optimal point found for initial point 10
Negative llh: 216.25874018796063
Dropout rate: 1e-10
Silencing rate: 1e-10
Sigma: 29.758818116773817
Runtime (s): 8.204350417014211
