Launching Problin version 0.5b
Problin was called as follow: /u/gh2161/Spatial-Division/problin/run_problin.py -c real_location_data/s5c2/k10_r5_character_matrix.csv -t real_location_data/s5c2/true_tree.nwk -S real_location_data/s5c2/leaf_locations.txt --delimiter comma -p real_location_data/s5c2/k10_priors.csv -o real_location_data/s5c2/k10_r5_spalin-divide-beta05.txt --nInitials 10 --ultrametric --randomreps 3 --divide --given_beta 0.5 --incl_beta_bound
Optimization by Spalin-Divide: Scipy-SLSQP using spatial information
Optimizing branch lengths, phi, and nu without topology search
Initial point 1. Random seed: 4759
Solving with ultrametric constraint
Optimal point found for initial point 1
Negative llh: 152.44731378070225
Dropout rate: 1.315991708437821e-10
Silencing rate: 1.170796976666083e-10
Sigma: 5.628315501885935
Initial point 2. Random seed: 5456
Solving with ultrametric constraint
Optimal point found for initial point 2
Negative llh: 152.44731573075126
Dropout rate: 1e-10
Silencing rate: 1e-10
Sigma: 5.6283464276106585
Initial point 3. Random seed: 6998
Solving with ultrametric constraint
Optimal point found for initial point 3
Negative llh: 152.447315145044
Dropout rate: 1.0000000000000007e-10
Silencing rate: 1.0000000000000007e-10
Sigma: 5.628005402164756
Initial point 4. Random seed: 7412
Solving with ultrametric constraint
Optimal point found for initial point 4
Negative llh: 152.44731392442432
Dropout rate: 3.8118411708933927e-10
Silencing rate: 2.929388425163985e-10
Sigma: 5.628331923130574
Initial point 5. Random seed: 1803
Solving with ultrametric constraint
Optimal point found for initial point 5
Negative llh: 152.44733307945316
Dropout rate: 9.999999999999996e-11
Silencing rate: 9.999999999999996e-11
Sigma: 5.629543412570777
Initial point 6. Random seed: 8015
Solving with ultrametric constraint
Optimal point found for initial point 6
Negative llh: 152.4473480096505
Dropout rate: 1e-10
Silencing rate: 1e-10
Sigma: 5.6264992876615505
Initial point 7. Random seed: 1317
Solving with ultrametric constraint
Optimal point found for initial point 7
Negative llh: 152.44732989036703
Dropout rate: 1e-10
Silencing rate: 1e-10
Sigma: 5.62720835600838
Initial point 8. Random seed: 7676
Solving with ultrametric constraint
Optimal point found for initial point 8
Negative llh: 152.447320195122
Dropout rate: 1e-10
Silencing rate: 1e-10
Sigma: 5.628735881124436
Initial point 9. Random seed: 461
Solving with ultrametric constraint
Optimal point found for initial point 9
Negative llh: 152.44731389792443
Dropout rate: 7.190095451008274e-10
Silencing rate: 6.110726535948017e-10
Sigma: 5.628323730869101
Initial point 10. Random seed: 1919
Solving with ultrametric constraint
Optimal point found for initial point 10
Negative llh: 152.44731575650943
Dropout rate: 1e-10
Silencing rate: 1e-10
Sigma: 5.628466339591458
Runtime (s): 302.9285589987412
