Launching Problin version 0.5b
Problin was called as follow: /u/gh2161/Spatial-Division/problin/run_problin.py -c real_location_data/s5c2/k10_r2_character_matrix.csv -t real_location_data/s5c2/true_tree.nwk -S real_location_data/s5c2/leaf_locations.txt --delimiter comma -p real_location_data/s5c2/k10_priors.csv -o real_location_data/s5c2/k10_r2_spalin-divide-ignore-beta.txt --nInitials 10 --ultrametric --randomreps 3 --divide
Optimization by Spalin-Divide: Scipy-SLSQP using spatial information
Optimizing branch lengths, phi, and nu without topology search
Initial point 1. Random seed: 2044
Solving with ultrametric constraint
Optimal point found for initial point 1
Negative llh: 175.71964320431096
Dropout rate: 1.0000000000000002e-10
Silencing rate: 1.0000000000000002e-10
Sigma: 5.541594578898006
Initial point 2. Random seed: 8522
Solving with ultrametric constraint
Optimal point found for initial point 2
Negative llh: 175.71964955199374
Dropout rate: 1.8148579714728538e-10
Silencing rate: 1.68972274648172e-10
Sigma: 5.541905309417262
Initial point 3. Random seed: 271
Solving with ultrametric constraint
Optimal point found for initial point 3
Negative llh: 175.7196429158157
Dropout rate: 3.341908306362565e-10
Silencing rate: 1.389641494461713e-09
Sigma: 5.541587779940969
Initial point 4. Random seed: 4084
Solving with ultrametric constraint
Optimal point found for initial point 4
Negative llh: 175.71964309643448
Dropout rate: 9.999999999999996e-11
Silencing rate: 1.0000000000000002e-10
Sigma: 5.541654542443599
Initial point 5. Random seed: 2723
Solving with ultrametric constraint
Optimal point found for initial point 5
Negative llh: 175.71964259918968
Dropout rate: 1e-10
Silencing rate: 1e-10
Sigma: 5.541675977053868
Initial point 6. Random seed: 8728
Solving with ultrametric constraint
Optimal point found for initial point 6
Negative llh: 175.7196474018379
Dropout rate: 4.887624563431313e-10
Silencing rate: 2.808369861851568e-10
Sigma: 5.541511129849721
Initial point 7. Random seed: 9939
Solving with ultrametric constraint
Optimal point found for initial point 7
Negative llh: 175.7196478795717
Dropout rate: 1e-10
Silencing rate: 1e-10
Sigma: 5.541827053449463
Initial point 8. Random seed: 4008
Solving with ultrametric constraint
Optimal point found for initial point 8
Negative llh: 175.71964238615723
Dropout rate: 1e-10
Silencing rate: 1e-10
Sigma: 5.541623253548937
Initial point 9. Random seed: 7926
Solving with ultrametric constraint
Optimal point found for initial point 9
Negative llh: 175.71964296636563
Dropout rate: 1.1477756574717523e-09
Silencing rate: 7.757623051742636e-10
Sigma: 5.541235379889506
Initial point 10. Random seed: 8426
Solving with ultrametric constraint
Optimal point found for initial point 10
Negative llh: 175.71964318829032
Dropout rate: 2.5009020625000044e-10
Silencing rate: 1.7439702890932133e-10
Sigma: 5.5415919584069755
Runtime (s): 371.6172895770287
