Launching Problin version 0.5b
Problin was called as follow: /u/gh2161/Spatial-Division/problin/run_problin.py -c real_location_data/s5c2/k10_r4_character_matrix.csv -t real_location_data/s5c2/true_tree.nwk -S real_location_data/s5c2/leaf_locations.txt --delimiter comma -p real_location_data/s5c2/k10_priors.csv -o real_location_data/s5c2/k10_r4_spalin-divide-ignore-beta.txt --nInitials 10 --ultrametric --randomreps 3 --divide
Optimization by Spalin-Divide: Scipy-SLSQP using spatial information
Optimizing branch lengths, phi, and nu without topology search
Initial point 1. Random seed: 3084
Solving with ultrametric constraint
Optimal point found for initial point 1
Negative llh: 160.54874488711636
Dropout rate: 4.223816573921276e-10
Silencing rate: 2.2061868989903518e-10
Sigma: 6.3839364002938455
Initial point 2. Random seed: 2556
Solving with ultrametric constraint
Optimal point found for initial point 2
Negative llh: 160.5487470613241
Dropout rate: 1e-10
Silencing rate: 1e-10
Sigma: 6.383963821814889
Initial point 3. Random seed: 6023
Solving with ultrametric constraint
Optimal point found for initial point 3
Negative llh: 160.54874521714564
Dropout rate: 5.051768525570857e-10
Silencing rate: 3.0545044202988407e-10
Sigma: 6.384238208002611
Initial point 4. Random seed: 3945
Solving with ultrametric constraint
Optimal point found for initial point 4
Negative llh: 160.54874551791858
Dropout rate: 5.585816660387987e-10
Silencing rate: 3.1499442071334635e-10
Sigma: 6.383470401766939
Initial point 5. Random seed: 247
Solving with ultrametric constraint
Optimal point found for initial point 5
Negative llh: 160.54874539126752
Dropout rate: 9.999999999999996e-11
Silencing rate: 1.0000000000000002e-10
Sigma: 6.384355583134553
Initial point 6. Random seed: 7748
Solving with ultrametric constraint
Optimal point found for initial point 6
Negative llh: 160.5487449859262
Dropout rate: 5.560051007049805e-10
Silencing rate: 2.9108841311575416e-10
Sigma: 6.383907219885319
Initial point 7. Random seed: 8013
Solving with ultrametric constraint
Optimal point found for initial point 7
Negative llh: 160.54874694388238
Dropout rate: 3.6287787653235786e-10
Silencing rate: 2.136017190004537e-10
Sigma: 6.3843954774674225
Initial point 8. Random seed: 2264
Solving with ultrametric constraint
Optimal point found for initial point 8
Negative llh: 160.54874599113168
Dropout rate: 8.531990223370833e-10
Silencing rate: 6.639275748147315e-10
Sigma: 6.383878015647135
Initial point 9. Random seed: 9704
Solving with ultrametric constraint
Optimal point found for initial point 9
Negative llh: 160.54874498617195
Dropout rate: 3.5142726456659956e-10
Silencing rate: 2.073166168444497e-10
Sigma: 6.383897689479696
Initial point 10. Random seed: 1477
Solving with ultrametric constraint
Optimal point found for initial point 10
Negative llh: 160.5487450780041
Dropout rate: 8.731277574124016e-10
Silencing rate: 4.68618521946624e-10
Sigma: 6.384065545626853
Runtime (s): 202.0113003347069
