Launching Problin version 0.5b
Problin was called as follow: /u/gh2161/Spatial-Division/problin/run_problin.py -c real_location_data/s14c5/k10_r1_character_matrix.csv -t real_location_data/s14c5/true_tree.nwk -S real_location_data/s14c5/leaf_locations.txt --delimiter comma -p real_location_data/s14c5/k10_priors.csv -o real_location_data/s14c5/k10_r1_spalin-divide-ignore-beta.txt --nInitials 10 --ultrametric --randomreps 3 --divide
Optimization by Spalin-Divide: Scipy-SLSQP using spatial information
Optimizing branch lengths, phi, and nu without topology search
Initial point 1. Random seed: 7840
Solving with ultrametric constraint
Optimal point found for initial point 1
Negative llh: 328.343265390493
Dropout rate: 1e-10
Silencing rate: 1e-10
Sigma: 6.025965344690545
Initial point 2. Random seed: 767
Solving with ultrametric constraint
Optimal point found for initial point 2
Negative llh: 328.3432609346403
Dropout rate: 1.000000000000009e-10
Silencing rate: 9.999999999999924e-11
Sigma: 6.026001932893054
Initial point 3. Random seed: 2651
Solving with ultrametric constraint
Optimal point found for initial point 3
Negative llh: 328.34331256102837
Dropout rate: 1.3871424785282684e-08
Silencing rate: 5.992422273195853e-09
Sigma: 6.0266896749472645
Initial point 4. Random seed: 7388
Solving with ultrametric constraint
Optimal point found for initial point 4
Negative llh: 328.34325979068706
Dropout rate: 1e-10
Silencing rate: 1e-10
Sigma: 6.026034699893169
Initial point 5. Random seed: 7365
Solving with ultrametric constraint
Optimal point found for initial point 5
Negative llh: 328.3432651548935
Dropout rate: 1.4956458022162739e-10
Silencing rate: 2.0803715880530315e-10
Sigma: 6.025693668352908
Initial point 6. Random seed: 8394
Solving with ultrametric constraint
Optimal point found for initial point 6
Negative llh: 328.343260839374
Dropout rate: 1.0000000000000007e-10
Silencing rate: 1.0000000000000007e-10
Sigma: 6.026251299809657
Initial point 7. Random seed: 1192
Solving with ultrametric constraint
Optimal point found for initial point 7
Negative llh: 328.3432613962292
Dropout rate: 9.999999999999924e-11
Silencing rate: 1.0000000000000007e-10
Sigma: 6.025994490460813
Initial point 8. Random seed: 4610
Solving with ultrametric constraint
Optimal point found for initial point 8
Negative llh: 328.3432606882002
Dropout rate: 1.0000000000000007e-10
Silencing rate: 1.0000000000000007e-10
Sigma: 6.026146456596935
Initial point 9. Random seed: 455
Solving with ultrametric constraint
Optimal point found for initial point 9
Negative llh: 328.34325974968243
Dropout rate: 1.6120213610271596e-09
Silencing rate: 6.596753808639459e-10
Sigma: 6.026140578816709
Initial point 10. Random seed: 9852
Solving with ultrametric constraint
Optimal point found for initial point 10
Negative llh: 328.34326772271663
Dropout rate: 9.999999999999996e-11
Silencing rate: 1.0000000000000002e-10
Sigma: 6.025910536487222
Runtime (s): 2242.0479586179717
