Launching Problin version 0.5b
Problin was called as follow: /u/gh2161/problin/run_problin.py -c simulated_data/s14c5/k10_r4_character_matrix.csv -t simulated_data/s14c5/true_tree.nwk -S simulated_data/s14c5/leaf_locations.txt --delimiter comma -p simulated_data/s14c5/k10_priors.csv -o simulated_data/s14c5/k10_r4_spalin_leaves_newfelsen.txt --nInitials 10 --ultrametric --randomreps 3
Optimization by Spalin: Scipy-SLSQP using spatial information
Optimizing branch lengths, phi, and nu without topology search
Initial point 1. Random seed: 5390
Solving with ultrametric constraint
Optimal point found for initial point 1
Negative llh: 267.52969988304613
Dropout rate: 1.4586410162414586e-09
Silencing rate: 7.13606239875715e-10
Sigma: 6.443982887727828
Initial point 2. Random seed: 5259
Solving with ultrametric constraint
Optimal point found for initial point 2
Negative llh: 267.52970053963867
Dropout rate: 1e-10
Silencing rate: 1e-10
Sigma: 6.443729587903168
Initial point 3. Random seed: 5562
Solving with ultrametric constraint
Optimal point found for initial point 3
Negative llh: 267.5296995088456
Dropout rate: 1.0428922247655073e-10
Silencing rate: 1.0195745391428454e-10
Sigma: 6.444103812327319
Initial point 4. Random seed: 5738
Solving with ultrametric constraint
Optimal point found for initial point 4
Negative llh: 267.52970025011996
Dropout rate: 1.1461358618810469e-09
Silencing rate: 1.3158641197656202e-09
Sigma: 6.443278625566517
Initial point 5. Random seed: 6981
Solving with ultrametric constraint
Optimal point found for initial point 5
Negative llh: 267.52969961403824
Dropout rate: 1.0000000000000007e-10
Silencing rate: 1.0000000000000007e-10
Sigma: 6.443870900000184
Initial point 6. Random seed: 8384
Solving with ultrametric constraint
Optimal point found for initial point 6
Negative llh: 267.52970025953823
Dropout rate: 1.2433165460360704e-10
Silencing rate: 2.167272089827975e-10
Sigma: 6.443754710055833
Initial point 7. Random seed: 7289
Solving with ultrametric constraint
Optimal point found for initial point 7
Negative llh: 267.5296996509902
Dropout rate: 5.693448795908376e-10
Silencing rate: 5.835888704836918e-10
Sigma: 6.443904553741396
Initial point 8. Random seed: 2223
Solving with ultrametric constraint
Optimal point found for initial point 8
Negative llh: 267.52969990031977
Dropout rate: 1.8608494386751793e-10
Silencing rate: 4.505048103200543e-10
Sigma: 6.443727597416016
Initial point 9. Random seed: 4263
Solving with ultrametric constraint
Optimal point found for initial point 9
Negative llh: 267.52969971963336
Dropout rate: 1e-10
Silencing rate: 1e-10
Sigma: 6.4434184944949555
Initial point 10. Random seed: 8777
Solving with ultrametric constraint
Optimal point found for initial point 10
Negative llh: 267.5296998779083
Dropout rate: 1.0000000000000007e-10
Silencing rate: 1.0000000000000007e-10
Sigma: 6.4436383505949655
Runtime (s): 531.8355911727995
