Launching Problin version 0.5b
Problin was called as follow: /u/gh2161/Spatial-Division/problin/run_problin.py -c real_location_data/s14c5/k10_r3_character_matrix.csv -t real_location_data/s14c5/true_tree.nwk -S real_location_data/s14c5/leaf_locations.txt --delimiter comma -p real_location_data/s14c5/k10_priors.csv -o real_location_data/s14c5/k10_r3_spalin-divide-ignore-beta.txt --nInitials 10 --ultrametric --randomreps 3 --divide
Optimization by Spalin-Divide: Scipy-SLSQP using spatial information
Optimizing branch lengths, phi, and nu without topology search
Initial point 1. Random seed: 9380
Solving with ultrametric constraint
Optimal point found for initial point 1
Negative llh: 332.51119694232307
Dropout rate: 1e-10
Silencing rate: 1e-10
Sigma: 5.246920121086341
Initial point 2. Random seed: 2251
Solving with ultrametric constraint
Optimal point found for initial point 2
Negative llh: 332.51117406706635
Dropout rate: 2.996654380280686e-09
Silencing rate: 2.0097819643904097e-09
Sigma: 5.246906539777949
Initial point 3. Random seed: 6007
Solving with ultrametric constraint
Optimal point found for initial point 3
Negative llh: 332.5111898982035
Dropout rate: 6.362855290196896e-09
Silencing rate: 3.5188717699959333e-09
Sigma: 5.246914882483364
Initial point 4. Random seed: 8099
Solving with ultrametric constraint
Optimal point found for initial point 4
Negative llh: 332.5111790252585
Dropout rate: 1.0000000000000007e-10
Silencing rate: 1.0000000000000007e-10
Sigma: 5.246951067480789
Initial point 5. Random seed: 896
Solving with ultrametric constraint
Optimal point found for initial point 5
Negative llh: 332.5111840873591
Dropout rate: 1.0000000000000007e-10
Silencing rate: 1.0000000000000007e-10
Sigma: 5.24714283912302
Initial point 6. Random seed: 7886
Solving with ultrametric constraint
Optimal point found for initial point 6
Negative llh: 332.51119104304246
Dropout rate: 7.34814315515691e-10
Silencing rate: 6.798998677603058e-10
Sigma: 5.247165172229507
Initial point 7. Random seed: 4235
Solving with ultrametric constraint
Optimal point found for initial point 7
Negative llh: 332.5111767470375
Dropout rate: 2.027380108832503e-09
Silencing rate: 1.2375600659787224e-09
Sigma: 5.24730757323498
Initial point 8. Random seed: 5563
Solving with ultrametric constraint
Optimal point found for initial point 8
Negative llh: 332.51118029009064
Dropout rate: 1e-10
Silencing rate: 1e-10
Sigma: 5.2469416148209405
Initial point 9. Random seed: 6922
Solving with ultrametric constraint
Optimal point found for initial point 9
Negative llh: 332.5112066488874
Dropout rate: 4.365445503679099e-09
Silencing rate: 2.2431018360252828e-09
Sigma: 5.247457710205154
Initial point 10. Random seed: 9580
Solving with ultrametric constraint
Optimal point found for initial point 10
Negative llh: 332.51119898932865
Dropout rate: 1e-10
Silencing rate: 1e-10
Sigma: 5.246877457071622
Runtime (s): 2428.2565406169742
