Launching Problin version 0.5b
Problin was called as follow: /u/gh2161/Spatial-Division/problin/run_problin.py -c real_location_data/s14c5/k10_r3_character_matrix.csv -t real_location_data/s14c5/true_tree.nwk -S real_location_data/s14c5/leaf_locations.txt --delimiter comma -p real_location_data/s14c5/k10_priors.csv -o real_location_data/s14c5/k10_r3_spalin.txt --nInitials 10 --ultrametric --randomreps 3
Optimization by Spalin: Scipy-SLSQP using spatial information
Optimizing branch lengths, phi, and nu without topology search
Initial point 1. Random seed: 4350
Solving with ultrametric constraint
Optimal point found for initial point 1
Negative llh: 292.9858350877877
Dropout rate: 1e-10
Silencing rate: 1e-10
Sigma: 29.82135865444523
Initial point 2. Random seed: 5398
Solving with ultrametric constraint
Optimal point found for initial point 2
Negative llh: 292.98583526456594
Dropout rate: 1e-10
Silencing rate: 1e-10
Sigma: 29.823055171083602
Initial point 3. Random seed: 3009
Solving with ultrametric constraint
Optimal point found for initial point 3
Negative llh: 292.9858350806443
Dropout rate: 5.646728462071283e-10
Silencing rate: 5.653715801730574e-10
Sigma: 29.82243905626011
Initial point 4. Random seed: 1925
Solving with ultrametric constraint
Optimal point found for initial point 4
Negative llh: 292.98583508361287
Dropout rate: 1e-10
Silencing rate: 1e-10
Sigma: 29.822823717355227
Initial point 5. Random seed: 4776
Solving with ultrametric constraint
Optimal point found for initial point 5
Negative llh: 292.9858352486675
Dropout rate: 2.6623201531453207e-10
Silencing rate: 1.903514529901322e-09
Sigma: 29.822691896901492
Initial point 6. Random seed: 2860
Solving with ultrametric constraint
Optimal point found for initial point 6
Negative llh: 292.98583511925045
Dropout rate: 1e-10
Silencing rate: 1e-10
Sigma: 29.822021586161885
Initial point 7. Random seed: 1406
Solving with ultrametric constraint
Optimal point found for initial point 7
Negative llh: 292.98583525140657
Dropout rate: 1e-10
Silencing rate: 1e-10
Sigma: 29.825165449840302
Initial point 8. Random seed: 668
Solving with ultrametric constraint
Optimal point found for initial point 8
Negative llh: 292.985836014584
Dropout rate: 2.826296415646907e-09
Silencing rate: 3.086398944050061e-09
Sigma: 29.822056657820887
Initial point 9. Random seed: 2290
Solving with ultrametric constraint
Optimal point found for initial point 9
Negative llh: 292.98583500969914
Dropout rate: 2.4793463093244487e-10
Silencing rate: 1.7125496238528156e-10
Sigma: 29.82345162912378
Initial point 10. Random seed: 551
Solving with ultrametric constraint
Optimal point found for initial point 10
Negative llh: 292.98583535704535
Dropout rate: 1.0000000000000007e-10
Silencing rate: 1.0000000000000007e-10
Sigma: 29.824769170062265
Traceback (most recent call last):
  File "/u/gh2161/Spatial-Division/problin/run_problin.py", line 223, in <module>
    main()
  File "/u/gh2161/Spatial-Division/problin/run_problin.py", line 214, in main
    for cell in mySolver.params.displacement_amounts:
AttributeError: 'Params' object has no attribute 'displacement_amounts'
