Launching Problin version 0.5b
Problin was called as follow: /u/gh2161/problin/run_problin.py -c simulated_data/s14c5/k10_r5_character_matrix.csv -t simulated_data/s14c5/true_tree.nwk -S simulated_data/s14c5/true_locations.txt --delimiter comma -p simulated_data/s14c5/k10_priors.csv -o simulated_data/s14c5/k10_r5_spalin_all.txt --nInitials 10 --ultrametric --randomreps 3
Optimization by Spalin: Scipy-SLSQP using spatial information
Optimizing branch lengths, phi, and nu without topology search
Initial point 1. Random seed: 4242
Solving with ultrametric constraint
Optimal point found for initial point 1
Negative llh: 421.85258389133446
Dropout rate: 1e-10
Silencing rate: 1e-10
Sigma: 32.51918664704229
Initial point 2. Random seed: 4485
Solving with ultrametric constraint
Optimal point found for initial point 2
Negative llh: 422.08628994628174
Dropout rate: 5.056474522510476e-10
Silencing rate: 3.1641335789088137e-10
Sigma: 33.00009528939079
Initial point 3. Random seed: 4527
Solving with ultrametric constraint
Optimal point found for initial point 3
Negative llh: 421.8525853523781
Dropout rate: 3.3672649648624977e-09
Silencing rate: 1.7100590166190295e-09
Sigma: 32.52031784745389
Initial point 4. Random seed: 2799
Solving with ultrametric constraint
Optimal point found for initial point 4
Negative llh: 422.0862982539835
Dropout rate: 1.871100841713496e-10
Silencing rate: 5.598969473537131e-08
Sigma: 33.00262468012827
Initial point 5. Random seed: 413
Solving with ultrametric constraint
Optimal point found for initial point 5
Negative llh: 421.8525858480615
Dropout rate: 1.9638077722713178e-10
Silencing rate: 1.4263126539551548e-10
Sigma: 32.525517518083674
Initial point 6. Random seed: 3137
Solving with ultrametric constraint
Optimal point found for initial point 6
Negative llh: 422.08629091510625
Dropout rate: 1.8722730219983666e-09
Silencing rate: 7.390112434113827e-09
Sigma: 32.99889258115644
Initial point 7. Random seed: 9317
Solving with ultrametric constraint
Optimal point found for initial point 7
Negative llh: 421.8525842036793
Dropout rate: 1e-10
Silencing rate: 1e-10
Sigma: 32.52038678134966
Initial point 8. Random seed: 8814
Solving with ultrametric constraint
Optimal point found for initial point 8
Negative llh: 422.0862895783208
Dropout rate: 8.083515211229409e-10
Silencing rate: 5.377792442985569e-10
Sigma: 33.00042095770435
Initial point 9. Random seed: 8800
Solving with ultrametric constraint
Optimal point found for initial point 9
Negative llh: 421.85258636226934
Dropout rate: 4.2001272155909454e-09
Silencing rate: 1.933205180188996e-09
Sigma: 32.5212436918294
Initial point 10. Random seed: 9582
Solving with ultrametric constraint
Optimal point found for initial point 10
Negative llh: 422.08628987192225
Dropout rate: 3.0572637817891653e-09
Silencing rate: 1.857931257826221e-09
Sigma: 32.99922345630361
Runtime (s): 93.55844716588035
