Launching Problin version 0.5b
Problin was called as follow: /u/gh2161/Spatial-Division/problin/run_problin.py -c real_location_data/s14c5/k10_r2_character_matrix.csv -t real_location_data/s14c5/true_tree.nwk -S real_location_data/s14c5/leaf_locations.txt --delimiter comma -p real_location_data/s14c5/k10_priors.csv -o real_location_data/s14c5/k10_r2_spalin-divide-beta1.txt --nInitials 10 --ultrametric --randomreps 3 --divide --given_beta 1 --incl_beta_bound
Optimization by Spalin-Divide: Scipy-SLSQP using spatial information
Optimizing branch lengths, phi, and nu without topology search
Initial point 1. Random seed: 166
Solving with ultrametric constraint
Optimal point found for initial point 1
Negative llh: 326.0795923666209
Dropout rate: 2.30896678893192e-10
Silencing rate: 1.9051547999898935e-10
Sigma: 5.479679179074717
Initial point 2. Random seed: 1964
Solving with ultrametric constraint
Optimal point found for initial point 2
Negative llh: 326.0795923974322
Dropout rate: 1e-10
Silencing rate: 1e-10
Sigma: 5.47968181249118
Initial point 3. Random seed: 2356
Solving with ultrametric constraint
Optimal point found for initial point 3
Negative llh: 326.0795927614319
Dropout rate: 1.0137234232727058e-09
Silencing rate: 4.941416384206425e-10
Sigma: 5.479667877885563
Initial point 4. Random seed: 8660
Solving with ultrametric constraint
Optimal point found for initial point 4
Negative llh: 326.079593336934
Dropout rate: 4.389742983199412e-10
Silencing rate: 2.449357470995527e-10
Sigma: 5.479693858820595
Initial point 5. Random seed: 3805
Solving with ultrametric constraint
Optimal point found for initial point 5
Negative llh: 326.0795935131366
Dropout rate: 2.332917981157225e-10
Silencing rate: 1.5698761961199487e-10
Sigma: 5.479695508051098
Initial point 6. Random seed: 5373
Solving with ultrametric constraint
Optimal point found for initial point 6
Negative llh: 326.0795935845871
Dropout rate: 3.1360990628123826e-10
Silencing rate: 1.9133023905800774e-10
Sigma: 5.479698323669395
Initial point 7. Random seed: 32
Solving with ultrametric constraint
Optimal point found for initial point 7
Negative llh: 326.0795931164335
Dropout rate: 1.7512057359456636e-10
Silencing rate: 1.321190165563719e-10
Sigma: 5.479695900210092
Initial point 8. Random seed: 8940
Solving with ultrametric constraint
Fatal: failed to optimize using initial point 8
Initial point 9. Random seed: 5299
Solving with ultrametric constraint
Optimal point found for initial point 9
Negative llh: 326.0795933217501
Dropout rate: 1e-10
Silencing rate: 1e-10
Sigma: 5.479669139559669
Initial point 10. Random seed: 6011
Solving with ultrametric constraint
Optimal point found for initial point 10
Negative llh: 326.0795931725778
Dropout rate: 2.847505954774994e-10
Silencing rate: 1.7899071653675532e-10
Sigma: 5.479658761673535
Runtime (s): 1779.3101788368076
