Launching Problin version 0.5b
Problin was called as follow: /u/gh2161/Spatial-Division/problin/run_problin.py -c real_location_data/s14c5/k10_r4_character_matrix.csv -t real_location_data/s14c5/true_tree.nwk -S real_location_data/s14c5/leaf_locations.txt --delimiter comma -p real_location_data/s14c5/k10_priors.csv -o real_location_data/s14c5/k10_r4_spalin-divide-beta05.txt --nInitials 10 --ultrametric --randomreps 3 --divide --given_beta 0.5 --incl_beta_bound
Optimization by Spalin-Divide: Scipy-SLSQP using spatial information
Optimizing branch lengths, phi, and nu without topology search
Initial point 1. Random seed: 2414
Solving with ultrametric constraint
Optimal point found for initial point 1
Negative llh: 309.55951675188487
Dropout rate: 1e-10
Silencing rate: 1e-10
Sigma: 5.630431828884616
Initial point 2. Random seed: 8390
Solving with ultrametric constraint
Optimal point found for initial point 2
Negative llh: 309.5595183587725
Dropout rate: 5.53634966013779e-10
Silencing rate: 3.0671265823751756e-10
Sigma: 5.6304702018820345
Initial point 3. Random seed: 8375
Solving with ultrametric constraint
Optimal point found for initial point 3
Negative llh: 309.5595159762828
Dropout rate: 3.013448869777489e-10
Silencing rate: 1.917503083481656e-10
Sigma: 5.630468218136032
Initial point 4. Random seed: 6069
Solving with ultrametric constraint
Optimal point found for initial point 4
Negative llh: 309.55953403455317
Dropout rate: 9.999999999999996e-11
Silencing rate: 1.0000000000000002e-10
Sigma: 5.630550691264851
Initial point 5. Random seed: 5738
Solving with ultrametric constraint
Optimal point found for initial point 5
Negative llh: 309.55951799357905
Dropout rate: 1.7031974840496526e-10
Silencing rate: 1.3203708939674667e-10
Sigma: 5.630463824880035
Initial point 6. Random seed: 810
Solving with ultrametric constraint
Optimal point found for initial point 6
Negative llh: 309.55952000722476
Dropout rate: 2.1604056490359352e-10
Silencing rate: 1.5287791743022816e-10
Sigma: 5.630465309372495
Initial point 7. Random seed: 1272
Solving with ultrametric constraint
Optimal point found for initial point 7
Negative llh: 309.55951671481876
Dropout rate: 1.0000000000000007e-10
Silencing rate: 9.999999999999996e-11
Sigma: 5.630343781975451
Initial point 8. Random seed: 2404
Solving with ultrametric constraint
Optimal point found for initial point 8
Negative llh: 309.5595327518429
Dropout rate: 7.624984408252427e-10
Silencing rate: 4.019330099380656e-10
Sigma: 5.630448424699536
Initial point 9. Random seed: 4740
Solving with ultrametric constraint
Optimal point found for initial point 9
Negative llh: 309.5595233290224
Dropout rate: 1.0892740023996122e-09
Silencing rate: 6.578765653091204e-10
Sigma: 5.630487216785792
Initial point 10. Random seed: 6603
Solving with ultrametric constraint
Optimal point found for initial point 10
Negative llh: 309.5595461875319
Dropout rate: 1.5872751568606755e-09
Silencing rate: 7.777439077197805e-10
Sigma: 5.630416877864848
Runtime (s): 2148.0887748897076
