Launching Problin version 0.5b
Problin was called as follow: /u/gh2161/Spatial-Division/problin/run_problin.py -c real_location_data/s14c5/k10_r1_character_matrix.csv -t real_location_data/s14c5/true_tree.nwk -S real_location_data/s14c5/leaf_locations.txt --delimiter comma -p real_location_data/s14c5/k10_priors.csv -o real_location_data/s14c5/k10_r1_spalin-divide-beta1.txt --nInitials 10 --ultrametric --randomreps 3 --divide --given_beta 1 --incl_beta_bound
Optimization by Spalin-Divide: Scipy-SLSQP using spatial information
Optimizing branch lengths, phi, and nu without topology search
Initial point 1. Random seed: 8035
Solving with ultrametric constraint
Optimal point found for initial point 1
Negative llh: 329.07376554991635
Dropout rate: 2.198050947391112e-09
Silencing rate: 5.628146630397819e-10
Sigma: 6.064935570046178
Initial point 2. Random seed: 3390
Solving with ultrametric constraint
Fatal: failed to optimize using initial point 2
Initial point 3. Random seed: 8910
Solving with ultrametric constraint
Optimal point found for initial point 3
Negative llh: 329.073761924002
Dropout rate: 3.712969460951339e-10
Silencing rate: 2.170220164147448e-10
Sigma: 6.064885925104487
Initial point 4. Random seed: 9464
Solving with ultrametric constraint
Optimal point found for initial point 4
Negative llh: 329.07376248891
Dropout rate: 1.0000000000000007e-10
Silencing rate: 9.999999999999996e-11
Sigma: 6.064911204138312
Initial point 5. Random seed: 7352
Solving with ultrametric constraint
Optimal point found for initial point 5
Negative llh: 329.073762803358
Dropout rate: 2.2498663012880866e-10
Silencing rate: 1.3809898901863702e-10
Sigma: 6.064871644658455
Initial point 6. Random seed: 8752
Solving with ultrametric constraint
Optimal point found for initial point 6
Negative llh: 329.0737628225239
Dropout rate: 2.0649446447024263e-10
Silencing rate: 1.3246084442606026e-10
Sigma: 6.0648364763865255
Initial point 7. Random seed: 9948
Solving with ultrametric constraint
Optimal point found for initial point 7
Negative llh: 329.0737623938671
Dropout rate: 8.87068743479334e-10
Silencing rate: 3.399071543494363e-10
Sigma: 6.064844489625743
Initial point 8. Random seed: 9887
Solving with ultrametric constraint
Fatal: failed to optimize using initial point 8
Initial point 9. Random seed: 9283
Solving with ultrametric constraint
Optimal point found for initial point 9
Negative llh: 329.07376193208734
Dropout rate: 1.5776701893377014e-10
Silencing rate: 1.1760707904596236e-10
Sigma: 6.064880897319317
Initial point 10. Random seed: 6823
Solving with ultrametric constraint
Optimal point found for initial point 10
Negative llh: 329.0737619067912
Dropout rate: 1.0846143081193077e-10
Silencing rate: 1.3583581502184989e-10
Sigma: 6.064860438226889
Runtime (s): 2761.5642875200137
