Launching Problin version 0.5b
Problin was called as follow: /u/gh2161/problin/run_problin.py -c simulated_data/s14c5/k10_r4_character_matrix.csv -t simulated_data/s14c5/true_tree.nwk -S simulated_data/s14c5/true_locations.txt --delimiter comma -p simulated_data/s14c5/k10_priors.csv -o simulated_data/s14c5/k10_r4_spalin_all.txt --nInitials 10 --ultrametric --randomreps 3
Optimization by Spalin: Scipy-SLSQP using spatial information
Optimizing branch lengths, phi, and nu without topology search
Initial point 1. Random seed: 7976
Solving with ultrametric constraint
Optimal point found for initial point 1
Negative llh: 399.4993127892536
Dropout rate: 1e-10
Silencing rate: 1e-10
Sigma: 31.45213430537148
Initial point 2. Random seed: 4454
Solving with ultrametric constraint
Optimal point found for initial point 2
Negative llh: 399.8668174765421
Dropout rate: 1.0000000000000007e-10
Silencing rate: 1.0000000000000007e-10
Sigma: 31.52122447466771
Initial point 3. Random seed: 4261
Solving with ultrametric constraint
Optimal point found for initial point 3
Negative llh: 399.49931400992864
Dropout rate: 2.0640654453336403e-10
Silencing rate: 4.3206695087969546e-10
Sigma: 31.451967767093155
Initial point 4. Random seed: 4998
Solving with ultrametric constraint
Optimal point found for initial point 4
Negative llh: 399.4993129493236
Dropout rate: 1.0342295503082172e-10
Silencing rate: 1.0170252718656751e-10
Sigma: 31.451620659219497
Initial point 5. Random seed: 9529
Solving with ultrametric constraint
Optimal point found for initial point 5
Negative llh: 399.4993128642575
Dropout rate: 1.0000000000000007e-10
Silencing rate: 9.999999999999996e-11
Sigma: 31.45182229709166
Initial point 6. Random seed: 3916
Solving with ultrametric constraint
Optimal point found for initial point 6
Negative llh: 399.8668180849812
Dropout rate: 1.1761382404140794e-10
Silencing rate: 1.3847998028255708e-10
Sigma: 31.520554108697013
Initial point 7. Random seed: 8369
Solving with ultrametric constraint
Optimal point found for initial point 7
Negative llh: 399.499312731898
Dropout rate: 9.999999999999996e-11
Silencing rate: 1.0000000000000007e-10
Sigma: 31.451060879193356
Initial point 8. Random seed: 3525
Solving with ultrametric constraint
Optimal point found for initial point 8
Negative llh: 399.499312823132
Dropout rate: 1e-10
Silencing rate: 1e-10
Sigma: 31.451496610896726
Initial point 9. Random seed: 956
Solving with ultrametric constraint
Optimal point found for initial point 9
Negative llh: 399.8668178722444
Dropout rate: 1e-10
Silencing rate: 1e-10
Sigma: 31.520946979365917
Initial point 10. Random seed: 9444
Solving with ultrametric constraint
Optimal point found for initial point 10
Negative llh: 399.49931295534105
Dropout rate: 1.5185499025033478e-10
Silencing rate: 5.728871667653734e-10
Sigma: 31.451364940092716
Runtime (s): 89.35529374098405
