Launching Problin version 0.5b
Problin was called as follow: /u/gh2161/problin/run_problin.py -c simulated_data/s9c1/k10_r1_character_matrix.csv -t simulated_data/s9c1/true_tree.nwk --delimiter comma -p simulated_data/s9c1/k10_priors.csv -o simulated_data/s9c1/k10_r1_problin.txt --nInitials 10 --ultrametric --randomreps 3
Optimization by EM algorithm
Optimizing branch lengths, phi, and nu without topology search
Initial point 1. Random seed: 8331
Solving with ultrametric constraint
Initial phi: 0.1329915655398631. Initial nu: 0.6659263160604788. Initial nllh: 12566.115242311122
EM finished after 42 iterations.
Optimal point found for initial point 1
Negative llh: 68.09041213593972
Dropout rate: 0
Silencing rate: 9.648762829646356e-07
Initial point 2. Random seed: 1631
Solving with ultrametric constraint
Initial phi: 0.09066025566988928. Initial nu: 0.05349466563438697. Initial nllh: 87.96425458889667
EM finished after 10 iterations.
Optimal point found for initial point 2
Negative llh: 68.09041455241388
Dropout rate: 0
Silencing rate: 9.648838493750567e-07
Initial point 3. Random seed: 2977
Solving with ultrametric constraint
Initial phi: 0.9693600571513918. Initial nu: 0.18991880768073813. Initial nllh: 673.8154364626356
EM finished after 23 iterations.
Optimal point found for initial point 3
Negative llh: 68.09041282589082
Dropout rate: 0
Silencing rate: 9.64555883669934e-07
Initial point 4. Random seed: 7890
Solving with ultrametric constraint
Initial phi: 0.6805013164129844. Initial nu: 0.724949205607009. Initial nllh: 312.44201770134043
EM finished after 30 iterations.
Optimal point found for initial point 4
Negative llh: 68.09041408198341
Dropout rate: 0
Silencing rate: 9.646700707087435e-07
Initial point 5. Random seed: 2695
Solving with ultrametric constraint
Initial phi: 0.7246766174493471. Initial nu: 0.23875977126807774. Initial nllh: 303.950694626539
EM finished after 24 iterations.
Optimal point found for initial point 5
Negative llh: 68.09041304397948
Dropout rate: 0
Silencing rate: 9.636360849729095e-07
Initial point 6. Random seed: 3678
Solving with ultrametric constraint
Initial phi: 0.10884864193358622. Initial nu: 0.3643751809442153. Initial nllh: 113.00399955775279
EM finished after 25 iterations.
Optimal point found for initial point 6
Negative llh: 68.09041460103083
Dropout rate: 0
Silencing rate: 9.65375630448581e-07
Initial point 7. Random seed: 2569
Solving with ultrametric constraint
Initial phi: 0.24334586235733818. Initial nu: 0.15915357350928955. Initial nllh: 126.55516230767064
EM finished after 11 iterations.
Optimal point found for initial point 7
Negative llh: 68.09042992536932
Dropout rate: 0
Silencing rate: 9.649421072691043e-07
Initial point 8. Random seed: 4682
Solving with ultrametric constraint
Initial phi: 0.7269207174759488. Initial nu: 0.7675643902732868. Initial nllh: 342.08850464873314
EM finished after 32 iterations.
Optimal point found for initial point 8
Negative llh: 68.09041323937706
Dropout rate: 0
Silencing rate: 9.651116541911823e-07
Initial point 9. Random seed: 2810
Solving with ultrametric constraint
Initial phi: 0.9077864916065833. Initial nu: 0.9380848245722179. Initial nllh: 538.5039332851013
EM finished after 32 iterations.
Optimal point found for initial point 9
Negative llh: 68.09041357312637
Dropout rate: 0
Silencing rate: 9.656574678029818e-07
Initial point 10. Random seed: 9852
Solving with ultrametric constraint
Initial phi: 0.34763046870774034. Initial nu: 0.6058277216820316. Initial nllh: 182.80746769585116
EM finished after 29 iterations.
Optimal point found for initial point 10
Negative llh: 68.09041402099837
Dropout rate: 0
Silencing rate: 9.648940549471346e-07
Traceback (most recent call last):
  File "/u/gh2161/problin/run_problin.py", line 193, in <module>
    main()
  File "/u/gh2161/problin/run_problin.py", line 172, in main
    fout.write("Sigma: " + str(opt_params['sigma']) + "\n")
KeyError: 'sigma'
