Launching Problin version 0.5b
Problin was called as follow: /u/gh2161/problin/run_problin.py -c simulated_data/s9c1/k10_r4_character_matrix.csv -t simulated_data/s9c1/true_tree.nwk --delimiter comma -p simulated_data/s9c1/k10_priors.csv -o simulated_data/s9c1/k10_r4_problin.txt --nInitials 10 --ultrametric --randomreps 3
Optimization by EM algorithm
Optimizing branch lengths, phi, and nu without topology search
Initial point 1. Random seed: 31
Solving with ultrametric constraint
Initial phi: 0.030066017398623256. Initial nu: 0.9790880811411734. Initial nllh: 16484.261441889965
EM finished after 20 iterations.
Optimal point found for initial point 1
Negative llh: 73.08531307244156
Dropout rate: 0
Silencing rate: 7.708316981665005e-07
Initial point 2. Random seed: 506
Solving with ultrametric constraint
Initial phi: 0.036590875140641285. Initial nu: 0.7440044086618015. Initial nllh: 140.0229023386019
EM finished after 12 iterations.
Optimal point found for initial point 2
Negative llh: 73.08531304364666
Dropout rate: 0
Silencing rate: 7.685441876255962e-07
Initial point 3. Random seed: 4561
Solving with ultrametric constraint
Initial phi: 0.7853713894967402. Initial nu: 0.4384380536335016. Initial nllh: 370.40078545926224
EM finished after 10 iterations.
Optimal point found for initial point 3
Negative llh: 73.08531248417184
Dropout rate: 0
Silencing rate: 7.632291349226294e-07
Initial point 4. Random seed: 386
Solving with ultrametric constraint
Initial phi: 0.4513563447540886. Initial nu: 0.04439869585448156. Initial nllh: 178.75361894639278
EM finished after 7 iterations.
Optimal point found for initial point 4
Negative llh: 73.08531336566239
Dropout rate: 0
Silencing rate: 7.723640211137016e-07
Initial point 5. Random seed: 6792
Solving with ultrametric constraint
Initial phi: 0.3396354084722798. Initial nu: 0.719453369993552. Initial nllh: 202.2278655510018
EM finished after 12 iterations.
Optimal point found for initial point 5
Negative llh: 73.0853130955926
Dropout rate: 0
Silencing rate: 7.707143629579882e-07
Initial point 6. Random seed: 7408
Solving with ultrametric constraint
Initial phi: 0.7521399388093982. Initial nu: 0.9020492905618519. Initial nllh: 383.6904018253628
EM finished after 13 iterations.
Optimal point found for initial point 6
Negative llh: 73.08531285986851
Dropout rate: 0
Silencing rate: 7.67755858654344e-07
Initial point 7. Random seed: 4172
Solving with ultrametric constraint
Initial phi: 0.5111847239360107. Initial nu: 0.7246007351513798. Initial nllh: 253.78650722050946
EM finished after 12 iterations.
Optimal point found for initial point 7
Negative llh: 73.08531337037837
Dropout rate: 0
Silencing rate: 7.741005694401344e-07
Initial point 8. Random seed: 2534
Solving with ultrametric constraint
Initial phi: 0.16912000248513834. Initial nu: 0.7470672143796917. Initial nllh: 165.4312268430952
EM finished after 12 iterations.
Optimal point found for initial point 8
Negative llh: 73.08531314378835
Dropout rate: 0
Silencing rate: 7.712701812839319e-07
Initial point 9. Random seed: 718
Solving with ultrametric constraint
Initial phi: 0.41781056229990693. Initial nu: 0.6830798045264749. Initial nllh: 220.68656434816162
EM finished after 12 iterations.
Optimal point found for initial point 9
Negative llh: 73.08531317257045
Dropout rate: 0
Silencing rate: 7.720201981956321e-07
Initial point 10. Random seed: 6561
Solving with ultrametric constraint
Initial phi: 0.02206647002729584. Initial nu: 0.7551562554509716. Initial nllh: 138.3874268885607
EM finished after 12 iterations.
Optimal point found for initial point 10
Negative llh: 73.08531318866274
Dropout rate: 0
Silencing rate: 7.719578424222603e-07
Traceback (most recent call last):
  File "/u/gh2161/problin/run_problin.py", line 193, in <module>
    main()
  File "/u/gh2161/problin/run_problin.py", line 172, in main
    fout.write("Sigma: " + str(opt_params['sigma']) + "\n")
KeyError: 'sigma'
