Launching Problin version 0.5b
Problin was called as follow: /u/gh2161/Spatial-Division/problin/run_problin.py -c real_location_data/s9c1/k10_r2_character_matrix.csv -t real_location_data/s9c1/true_tree.nwk -S real_location_data/s9c1/leaf_locations.txt --delimiter comma -p real_location_data/s9c1/k10_priors.csv -o real_location_data/s9c1/k10_r2_spalin.txt --nInitials 10 --ultrametric --randomreps 3
Optimization by Spalin: Scipy-SLSQP using spatial information
Optimizing branch lengths, phi, and nu without topology search
Initial point 1. Random seed: 7288
Solving with ultrametric constraint
Optimal point found for initial point 1
Negative llh: 214.2346714090585
Dropout rate: 2.400478955665819e-10
Silencing rate: 3.599016542083448e-10
Sigma: 35.698595202834554
Initial point 2. Random seed: 3603
Solving with ultrametric constraint
Optimal point found for initial point 2
Negative llh: 214.2346724534666
Dropout rate: 1.999650203487531e-09
Silencing rate: 1.122718800407742e-09
Sigma: 35.7012594936313
Initial point 3. Random seed: 5205
Solving with ultrametric constraint
Optimal point found for initial point 3
Negative llh: 214.2346714760399
Dropout rate: 1.02714627858712e-10
Silencing rate: 1e-10
Sigma: 35.69841936986044
Initial point 4. Random seed: 9885
Solving with ultrametric constraint
Optimal point found for initial point 4
Negative llh: 214.23467164378752
Dropout rate: 1e-10
Silencing rate: 1e-10
Sigma: 35.70048299226871
Initial point 5. Random seed: 4787
Solving with ultrametric constraint
Optimal point found for initial point 5
Negative llh: 214.23467200782335
Dropout rate: 1.009892096236086e-10
Silencing rate: 1e-10
Sigma: 35.69513321782675
Initial point 6. Random seed: 4411
Solving with ultrametric constraint
Optimal point found for initial point 6
Negative llh: 214.23467213472216
Dropout rate: 9.999999999999996e-11
Silencing rate: 1.0000000000000002e-10
Sigma: 35.70331317520188
Initial point 7. Random seed: 3747
Solving with ultrametric constraint
Optimal point found for initial point 7
Negative llh: 214.23467136310197
Dropout rate: 1e-10
Silencing rate: 1e-10
Sigma: 35.69878002329114
Initial point 8. Random seed: 3605
Solving with ultrametric constraint
Optimal point found for initial point 8
Negative llh: 214.23467141197239
Dropout rate: 1e-10
Silencing rate: 1e-10
Sigma: 35.69838910274428
Initial point 9. Random seed: 8452
Solving with ultrametric constraint
Optimal point found for initial point 9
Negative llh: 214.23467157645752
Dropout rate: 4.0383735728426436e-10
Silencing rate: 3.06079973019536e-10
Sigma: 35.699389826119734
Initial point 10. Random seed: 1969
Solving with ultrametric constraint
Optimal point found for initial point 10
Negative llh: 214.23467152096708
Dropout rate: 1e-10
Silencing rate: 1e-10
Sigma: 35.698426743345635
Traceback (most recent call last):
  File "/u/gh2161/Spatial-Division/problin/run_problin.py", line 223, in <module>
    main()
  File "/u/gh2161/Spatial-Division/problin/run_problin.py", line 214, in main
    for cell in mySolver.params.displacement_amounts:
AttributeError: 'Params' object has no attribute 'displacement_amounts'
