Launching Problin version 0.5b
Problin was called as follow: /u/gh2161/Spatial-Division/problin/run_problin.py -c real_location_data/s9c1/k10_r3_character_matrix.csv -t real_location_data/s9c1/true_tree.nwk -S real_location_data/s9c1/leaf_locations.txt --delimiter comma -p real_location_data/s9c1/k10_priors.csv -o real_location_data/s9c1/k10_r3_spalin-divide-beta05.txt --nInitials 10 --ultrametric --randomreps 3 --divide --given_beta 0.5 --incl_beta_bound
Optimization by Spalin-Divide: Scipy-SLSQP using spatial information
Optimizing branch lengths, phi, and nu without topology search
Initial point 1. Random seed: 8504
Solving with ultrametric constraint
Optimal point found for initial point 1
Negative llh: 227.41521654384462
Dropout rate: 1.0000000000000002e-10
Silencing rate: 1.0000000000000002e-10
Sigma: 6.083618027402266
Initial point 2. Random seed: 8631
Solving with ultrametric constraint
Optimal point found for initial point 2
Negative llh: 227.4152170258296
Dropout rate: 1.3471923855772618e-10
Silencing rate: 1.7362605526886824e-10
Sigma: 6.083462352467672
Initial point 3. Random seed: 6445
Solving with ultrametric constraint
Optimal point found for initial point 3
Negative llh: 227.41521717782146
Dropout rate: 4.4489578392098283e-10
Silencing rate: 3.1305365908759273e-10
Sigma: 6.083802986291146
Initial point 4. Random seed: 5313
Solving with ultrametric constraint
Optimal point found for initial point 4
Negative llh: 227.4152163910538
Dropout rate: 1e-10
Silencing rate: 1e-10
Sigma: 6.083667382546961
Initial point 5. Random seed: 1342
Solving with ultrametric constraint
Optimal point found for initial point 5
Negative llh: 227.41521624268768
Dropout rate: 1.0000000000000007e-10
Silencing rate: 9.999999999999996e-11
Sigma: 6.083623247745762
Initial point 6. Random seed: 4514
Solving with ultrametric constraint
Optimal point found for initial point 6
Negative llh: 227.41521626638578
Dropout rate: 6.760249725599315e-10
Silencing rate: 3.5158811724118626e-10
Sigma: 6.083620432678198
Initial point 7. Random seed: 1071
Solving with ultrametric constraint
Optimal point found for initial point 7
Negative llh: 227.41521646637852
Dropout rate: 1e-10
Silencing rate: 1e-10
Sigma: 6.0836673323564066
Initial point 8. Random seed: 2872
Solving with ultrametric constraint
Optimal point found for initial point 8
Negative llh: 227.4152161570566
Dropout rate: 2.085306762250617e-10
Silencing rate: 1.4682000394196412e-10
Sigma: 6.0836054009430285
Initial point 9. Random seed: 206
Solving with ultrametric constraint
Optimal point found for initial point 9
Negative llh: 227.41521683714618
Dropout rate: 6.557452036684357e-10
Silencing rate: 2.607439601607019e-10
Sigma: 6.0836210547310605
Initial point 10. Random seed: 2881
Solving with ultrametric constraint
Optimal point found for initial point 10
Negative llh: 227.41521663089162
Dropout rate: 9.999999999999996e-11
Silencing rate: 9.999999999999996e-11
Sigma: 6.0835902507998485
Runtime (s): 564.2471151687205
