Launching Problin version 0.5b
Problin was called as follow: /u/gh2161/Spatial-Division/problin/run_problin.py -c real_location_data/s9c1/k10_r4_character_matrix.csv -t real_location_data/s9c1/true_tree.nwk -S real_location_data/s9c1/leaf_locations.txt --delimiter comma -p real_location_data/s9c1/k10_priors.csv -o real_location_data/s9c1/k10_r4_spalin-divide-beta05.txt --nInitials 10 --ultrametric --randomreps 3 --divide --given_beta 0.5 --incl_beta_bound
Optimization by Spalin-Divide: Scipy-SLSQP using spatial information
Optimizing branch lengths, phi, and nu without topology search
Initial point 1. Random seed: 295
Solving with ultrametric constraint
Optimal point found for initial point 1
Negative llh: 221.0871688690316
Dropout rate: 1.2434930013543248e-09
Silencing rate: 5.850266925047318e-10
Sigma: 5.895028667477689
Initial point 2. Random seed: 4366
Solving with ultrametric constraint
Optimal point found for initial point 2
Negative llh: 221.08716956345873
Dropout rate: 1e-10
Silencing rate: 1e-10
Sigma: 5.895173948882997
Initial point 3. Random seed: 2446
Solving with ultrametric constraint
Optimal point found for initial point 3
Negative llh: 221.08717141121738
Dropout rate: 1e-10
Silencing rate: 1e-10
Sigma: 5.894633079176454
Initial point 4. Random seed: 7608
Solving with ultrametric constraint
Optimal point found for initial point 4
Negative llh: 221.08716822799994
Dropout rate: 1.5807218933816926e-10
Silencing rate: 3.187242653726048e-10
Sigma: 5.895127351187575
Initial point 5. Random seed: 6556
Solving with ultrametric constraint
Optimal point found for initial point 5
Negative llh: 221.087169169843
Dropout rate: 1e-10
Silencing rate: 1e-10
Sigma: 5.895131622162124
Initial point 6. Random seed: 9851
Solving with ultrametric constraint
Optimal point found for initial point 6
Negative llh: 221.08716861188867
Dropout rate: 1.0000000000000007e-10
Silencing rate: 1.0000000000000007e-10
Sigma: 5.895114612431822
Initial point 7. Random seed: 6335
Solving with ultrametric constraint
Optimal point found for initial point 7
Negative llh: 221.08716848369812
Dropout rate: 1.733383417542615e-10
Silencing rate: 1.3445282162560298e-10
Sigma: 5.895091463696668
Initial point 8. Random seed: 3700
Solving with ultrametric constraint
Optimal point found for initial point 8
Negative llh: 221.0871743706691
Dropout rate: 1.3798323394543878e-09
Silencing rate: 7.406325901969432e-10
Sigma: 5.894746594894734
Initial point 9. Random seed: 7301
Solving with ultrametric constraint
Optimal point found for initial point 9
Negative llh: 221.08717052511065
Dropout rate: 1.2587978233753333e-09
Silencing rate: 6.836678792837069e-10
Sigma: 5.895415686301552
Initial point 10. Random seed: 6271
Solving with ultrametric constraint
Optimal point found for initial point 10
Negative llh: 221.08716949023176
Dropout rate: 3.216041063801812e-10
Silencing rate: 3.789964642815114e-10
Sigma: 5.895151807188764
Runtime (s): 1106.5380361549906
