Launching Problin version 0.5b
Problin was called as follow: /u/gh2161/Spatial-Division/problin/run_problin.py -c real_location_data/s15c1/k10_r3_character_matrix.csv -t real_location_data/s15c1/true_tree.nwk -S real_location_data/s15c1/leaf_locations.txt --delimiter comma -p real_location_data/s15c1/k10_priors.csv -o real_location_data/s15c1/k10_r3_spalin-divide-beta3.txt --nInitials 10 --ultrametric --randomreps 3 --divide --given_beta 3 --incl_beta_bound
Optimization by Spalin-Divide: Scipy-SLSQP using spatial information
Optimizing branch lengths, phi, and nu without topology search
Initial point 1. Random seed: 4529
Solving with ultrametric constraint
Optimal point found for initial point 1
Negative llh: 162.8264651420473
Dropout rate: 1e-10
Silencing rate: 1e-10
Sigma: 5.812844910701051
Initial point 2. Random seed: 2031
Solving with ultrametric constraint
Optimal point found for initial point 2
Negative llh: 162.82646290724392
Dropout rate: 1e-10
Silencing rate: 1e-10
Sigma: 5.813297571773514
Initial point 3. Random seed: 3269
Solving with ultrametric constraint
Optimal point found for initial point 3
Negative llh: 162.82646103763574
Dropout rate: 5.391712047966947e-10
Silencing rate: 4.6164192942143083e-10
Sigma: 5.813268654946876
Initial point 4. Random seed: 5563
Solving with ultrametric constraint
Optimal point found for initial point 4
Negative llh: 162.82647189919925
Dropout rate: 8.958346745949865e-10
Silencing rate: 7.781035503613634e-10
Sigma: 5.814194843032902
Initial point 5. Random seed: 1727
Solving with ultrametric constraint
Optimal point found for initial point 5
Negative llh: 162.82646296251792
Dropout rate: 3.30409863449877e-10
Silencing rate: 2.0075019338454092e-10
Sigma: 5.813282197266858
Initial point 6. Random seed: 9210
Solving with ultrametric constraint
Optimal point found for initial point 6
Negative llh: 162.82646139035816
Dropout rate: 1.0000000000000002e-10
Silencing rate: 1.0000000000000002e-10
Sigma: 5.813237610303934
Initial point 7. Random seed: 1525
Solving with ultrametric constraint
Optimal point found for initial point 7
Negative llh: 162.82646113334414
Dropout rate: 1.0107003047678628e-10
Silencing rate: 1.003666878166458e-10
Sigma: 5.813315047671405
Initial point 8. Random seed: 6224
Solving with ultrametric constraint
Optimal point found for initial point 8
Negative llh: 162.82646186136412
Dropout rate: 9.999999999999996e-11
Silencing rate: 1.0000000000000002e-10
Sigma: 5.813341571024995
Initial point 9. Random seed: 5209
Solving with ultrametric constraint
Optimal point found for initial point 9
Negative llh: 162.82646123026623
Dropout rate: 1.3898476202936594e-10
Silencing rate: 1.2113025594793357e-10
Sigma: 5.813239336401234
Initial point 10. Random seed: 6870
Solving with ultrametric constraint
Optimal point found for initial point 10
Negative llh: 162.82646175611256
Dropout rate: 7.05807399245734e-10
Silencing rate: 4.4060712748122514e-10
Sigma: 5.813084812265168
Runtime (s): 602.4911813860526
