Launching Problin version 0.5b
Problin was called as follow: /u/gh2161/problin/run_problin.py -c simulated_data/s15c1/k10_r4_character_matrix.csv -t simulated_data/s15c1/true_tree.nwk -S simulated_data/s15c1/leaf_locations.txt --delimiter comma -p simulated_data/s15c1/k10_priors.csv -o simulated_data/s15c1/k10_r4_spalin_leaves_newfelsen.txt --nInitials 10 --ultrametric --randomreps 3
Optimization by Spalin: Scipy-SLSQP using spatial information
Optimizing branch lengths, phi, and nu without topology search
Initial point 1. Random seed: 5634
Solving with ultrametric constraint
Optimal point found for initial point 1
Negative llh: 171.30259330902248
Dropout rate: 1e-10
Silencing rate: 1e-10
Sigma: 5.215835215256056
Initial point 2. Random seed: 4306
Solving with ultrametric constraint
Optimal point found for initial point 2
Negative llh: 171.3025932809232
Dropout rate: 1.84250478998984e-10
Silencing rate: 2.3464356613178733e-10
Sigma: 5.215810884861704
Initial point 3. Random seed: 5103
Solving with ultrametric constraint
Optimal point found for initial point 3
Negative llh: 171.30259339364216
Dropout rate: 3.58643211231231e-10
Silencing rate: 5.710168540035309e-10
Sigma: 5.215788622204893
Initial point 4. Random seed: 8265
Solving with ultrametric constraint
Optimal point found for initial point 4
Negative llh: 171.30259347253687
Dropout rate: 2.3326704800489227e-10
Silencing rate: 2.372708622395109e-10
Sigma: 5.2160492149694315
Initial point 5. Random seed: 3750
Solving with ultrametric constraint
Optimal point found for initial point 5
Negative llh: 171.30259383190912
Dropout rate: 2.410894500741636e-10
Silencing rate: 2.5618303949752375e-10
Sigma: 5.21596512782537
Initial point 6. Random seed: 1507
Solving with ultrametric constraint
Optimal point found for initial point 6
Negative llh: 171.302593447452
Dropout rate: 1.1224822087063509e-09
Silencing rate: 7.051023093432861e-10
Sigma: 5.216083739627684
Initial point 7. Random seed: 8469
Solving with ultrametric constraint
Optimal point found for initial point 7
Negative llh: 171.30259420365076
Dropout rate: 5.180734270196221e-09
Silencing rate: 5.957149307063637e-09
Sigma: 5.215838949696649
Initial point 8. Random seed: 8315
Solving with ultrametric constraint
Optimal point found for initial point 8
Negative llh: 171.30259342793522
Dropout rate: 1.0000000000000002e-10
Silencing rate: 1.0000000000000002e-10
Sigma: 5.216111508901774
Initial point 9. Random seed: 2949
Solving with ultrametric constraint
Optimal point found for initial point 9
Negative llh: 171.30259353939277
Dropout rate: 1.0000000000000007e-10
Silencing rate: 1.0000000000000002e-10
Sigma: 5.215787515865096
Initial point 10. Random seed: 8314
Solving with ultrametric constraint
Optimal point found for initial point 10
Negative llh: 171.30259343357898
Dropout rate: 1e-10
Silencing rate: 1e-10
Sigma: 5.215320523086262
Runtime (s): 72.70175439119339
