Launching Problin version 0.5b
Problin was called as follow: /u/gh2161/Spatial-Division/problin/run_problin.py -c real_location_data/s15c1/k10_r2_character_matrix.csv -t real_location_data/s15c1/true_tree.nwk -S real_location_data/s15c1/leaf_locations.txt --delimiter comma -p real_location_data/s15c1/k10_priors.csv -o real_location_data/s15c1/k10_r2_spalin.txt --nInitials 10 --ultrametric --randomreps 3
Optimization by Spalin: Scipy-SLSQP using spatial information
Optimizing branch lengths, phi, and nu without topology search
Initial point 1. Random seed: 8979
Solving with ultrametric constraint
Optimal point found for initial point 1
Negative llh: 174.6990099880798
Dropout rate: 1e-10
Silencing rate: 1e-10
Sigma: 32.56435292856587
Initial point 2. Random seed: 446
Solving with ultrametric constraint
Optimal point found for initial point 2
Negative llh: 174.69901013983088
Dropout rate: 1e-10
Silencing rate: 1.0000000000000002e-10
Sigma: 32.564589385346146
Initial point 3. Random seed: 8619
Solving with ultrametric constraint
Optimal point found for initial point 3
Negative llh: 174.69901013148007
Dropout rate: 1e-10
Silencing rate: 1e-10
Sigma: 32.56634291335188
Initial point 4. Random seed: 1588
Solving with ultrametric constraint
Optimal point found for initial point 4
Negative llh: 174.69901016448554
Dropout rate: 2.178810844350211e-10
Silencing rate: 1.4953504874759363e-10
Sigma: 32.56415553499956
Initial point 5. Random seed: 9667
Solving with ultrametric constraint
Optimal point found for initial point 5
Negative llh: 174.6990099927477
Dropout rate: 1e-10
Silencing rate: 1e-10
Sigma: 32.56493907928317
Initial point 6. Random seed: 4378
Solving with ultrametric constraint
Optimal point found for initial point 6
Negative llh: 174.69900996678786
Dropout rate: 1e-10
Silencing rate: 1e-10
Sigma: 32.56447623040597
Initial point 7. Random seed: 2159
Solving with ultrametric constraint
Optimal point found for initial point 7
Negative llh: 174.6990100897525
Dropout rate: 9.999999999999924e-11
Silencing rate: 1.0000000000000007e-10
Sigma: 32.56325034393066
Initial point 8. Random seed: 7415
Solving with ultrametric constraint
Optimal point found for initial point 8
Negative llh: 174.69901022209385
Dropout rate: 4.4920180621681756e-10
Silencing rate: 2.7471453213845575e-10
Sigma: 32.56640722432148
Initial point 9. Random seed: 4074
Solving with ultrametric constraint
Optimal point found for initial point 9
Negative llh: 174.69900990472152
Dropout rate: 1.20891824927524e-10
Silencing rate: 1.957071973958962e-10
Sigma: 32.56485749237209
Initial point 10. Random seed: 5633
Solving with ultrametric constraint
Optimal point found for initial point 10
Negative llh: 174.69900991973915
Dropout rate: 1e-10
Silencing rate: 1e-10
Sigma: 32.5641817187634
Traceback (most recent call last):
  File "/u/gh2161/Spatial-Division/problin/run_problin.py", line 223, in <module>
    main()
  File "/u/gh2161/Spatial-Division/problin/run_problin.py", line 214, in main
    for cell in mySolver.params.displacement_amounts:
AttributeError: 'Params' object has no attribute 'displacement_amounts'
