Launching Problin version 0.5b
Problin was called as follow: /u/gh2161/problin/run_problin.py -c simulated_data/s15c1/k10_r2_character_matrix.csv -t simulated_data/s15c1/true_tree.nwk -S simulated_data/s15c1/true_locations.txt --delimiter comma -p simulated_data/s15c1/k10_priors.csv -o simulated_data/s15c1/k10_r2_spalin_all.txt --nInitials 10 --ultrametric --randomreps 3
Optimization by Spalin: Scipy-SLSQP using spatial information
Optimizing branch lengths, phi, and nu without topology search
Initial point 1. Random seed: 7153
Solving with ultrametric constraint
Optimal point found for initial point 1
Negative llh: 236.21105620744902
Dropout rate: 1e-10
Silencing rate: 1e-10
Sigma: 28.595642073664447
Initial point 2. Random seed: 6446
Solving with ultrametric constraint
Optimal point found for initial point 2
Negative llh: 236.21105621517876
Dropout rate: 1e-10
Silencing rate: 9.999999999999996e-11
Sigma: 28.596596816973914
Initial point 3. Random seed: 665
Solving with ultrametric constraint
Optimal point found for initial point 3
Negative llh: 236.21105627416924
Dropout rate: 3.8027290946744097e-10
Silencing rate: 7.224070484194297e-10
Sigma: 28.596662966386663
Initial point 4. Random seed: 4401
Solving with ultrametric constraint
Optimal point found for initial point 4
Negative llh: 236.2110562313191
Dropout rate: 4.956965031749673e-10
Silencing rate: 2.4025149745960037e-10
Sigma: 28.596207408852116
Initial point 5. Random seed: 8684
Solving with ultrametric constraint
Optimal point found for initial point 5
Negative llh: 236.21105662660776
Dropout rate: 1e-10
Silencing rate: 1e-10
Sigma: 28.59673163504446
Initial point 6. Random seed: 6097
Solving with ultrametric constraint
Optimal point found for initial point 6
Negative llh: 236.21105645250455
Dropout rate: 1.0000000000000002e-10
Silencing rate: 1.0000000000000007e-10
Sigma: 28.59652024271061
Initial point 7. Random seed: 2698
Solving with ultrametric constraint
Optimal point found for initial point 7
Negative llh: 236.2110565883903
Dropout rate: 1.049978900485101e-10
Silencing rate: 1.473250582771854e-10
Sigma: 28.595392182274427
Initial point 8. Random seed: 7940
Solving with ultrametric constraint
Optimal point found for initial point 8
Negative llh: 236.21105664318193
Dropout rate: 1.4288822119375575e-10
Silencing rate: 3.5240597838441716e-10
Sigma: 28.596137067478846
Initial point 9. Random seed: 2748
Solving with ultrametric constraint
Optimal point found for initial point 9
Negative llh: 236.2110563146549
Dropout rate: 1e-10
Silencing rate: 1e-10
Sigma: 28.595642762874757
Initial point 10. Random seed: 5405
Solving with ultrametric constraint
Optimal point found for initial point 10
Negative llh: 236.21105657333058
Dropout rate: 1e-10
Silencing rate: 1e-10
Sigma: 28.59615829217741
Runtime (s): 11.05656653130427
