Launching Problin version 0.5b
Problin was called as follow: /u/gh2161/problin/run_problin.py -c simulated_data/s15c1/k10_r2_character_matrix.csv -t simulated_data/s15c1/true_tree.nwk --delimiter comma -p simulated_data/s15c1/k10_priors.csv -o simulated_data/s15c1/k10_r2_problin.txt --nInitials 10 --ultrametric --randomreps 3
Optimization by EM algorithm
Optimizing branch lengths, phi, and nu without topology search
Initial point 1. Random seed: 6721
Solving with ultrametric constraint
Initial phi: 0.03825763421072182. Initial nu: 0.6309154651630859. Initial nllh: 12438.685838582778
EM finished after 12 iterations.
Optimal point found for initial point 1
Negative llh: 85.6628551954081
Dropout rate: 0
Silencing rate: 8.376380643917247e-07
Initial point 2. Random seed: 8239
Solving with ultrametric constraint
Initial phi: 0.457364302278162. Initial nu: 0.4457600368115436. Initial nllh: 191.46213308353958
EM finished after 11 iterations.
Optimal point found for initial point 2
Negative llh: 85.66285509841629
Dropout rate: 0
Silencing rate: 8.356071499284104e-07
Initial point 3. Random seed: 107
Solving with ultrametric constraint
Initial phi: 0.2406873191910376. Initial nu: 0.2678674895875036. Initial nllh: 137.27835464821135
EM finished after 10 iterations.
Optimal point found for initial point 3
Negative llh: 85.66285544195627
Dropout rate: 0
Silencing rate: 8.394190010775126e-07
Initial point 4. Random seed: 5918
Solving with ultrametric constraint
Initial phi: 0.11561409092643257. Initial nu: 0.5643474002114247. Initial nllh: 134.96664924768436
EM finished after 11 iterations.
Optimal point found for initial point 4
Negative llh: 85.66285513016498
Dropout rate: 0
Silencing rate: 8.353655625155401e-07
Initial point 5. Random seed: 8672
Solving with ultrametric constraint
Initial phi: 0.40981432344023977. Initial nu: 0.17058841712415607. Initial nllh: 164.28962285004593
EM finished after 10 iterations.
Optimal point found for initial point 5
Negative llh: 85.66285502508075
Dropout rate: 0
Silencing rate: 8.343101327906343e-07
Initial point 6. Random seed: 4996
Solving with ultrametric constraint
Initial phi: 0.6478455082717861. Initial nu: 0.05105557622451956. Initial nllh: 224.35740214224188
EM finished after 8 iterations.
Optimal point found for initial point 6
Negative llh: 85.66285521567232
Dropout rate: 0
Silencing rate: 8.359407410965821e-07
Initial point 7. Random seed: 1705
Solving with ultrametric constraint
Initial phi: 0.06322054811457488. Initial nu: 0.7780495679084244. Initial nllh: 140.1063585043252
EM finished after 11 iterations.
Optimal point found for initial point 7
Negative llh: 85.66285512803547
Dropout rate: 0
Silencing rate: 8.34518390921256e-07
Initial point 8. Random seed: 3248
Solving with ultrametric constraint
Initial phi: 0.3252447806164137. Initial nu: 0.5194340400128339. Initial nllh: 167.48470938898677
EM finished after 13 iterations.
Optimal point found for initial point 8
Negative llh: 85.6628549452052
Dropout rate: 0
Silencing rate: 8.349723547564805e-07
Initial point 9. Random seed: 5910
Solving with ultrametric constraint
Initial phi: 0.6833618892878348. Initial nu: 0.7076512591568282. Initial nllh: 276.9592870343649
EM finished after 11 iterations.
Optimal point found for initial point 9
Negative llh: 85.6628551639403
Dropout rate: 0
Silencing rate: 8.354264587743804e-07
Initial point 10. Random seed: 6849
Solving with ultrametric constraint
Initial phi: 0.32202588573515245. Initial nu: 0.27514138802783455. Initial nllh: 152.43744778742433
EM finished after 11 iterations.
Optimal point found for initial point 10
Negative llh: 85.66285504899325
Dropout rate: 0
Silencing rate: 8.356218049861002e-07
Traceback (most recent call last):
  File "/u/gh2161/problin/run_problin.py", line 193, in <module>
    main()
  File "/u/gh2161/problin/run_problin.py", line 172, in main
    fout.write("Sigma: " + str(opt_params['sigma']) + "\n")
KeyError: 'sigma'
