Launching Problin version 0.5b
Problin was called as follow: /u/gh2161/problin/run_problin.py -c simulated_data/s15c1/k10_r4_character_matrix.csv -t simulated_data/s15c1/true_tree.nwk --delimiter comma -p simulated_data/s15c1/k10_priors.csv -o simulated_data/s15c1/k10_r4_problin.txt --nInitials 10 --ultrametric --randomreps 3
Optimization by EM algorithm
Optimizing branch lengths, phi, and nu without topology search
Initial point 1. Random seed: 423
Solving with ultrametric constraint
Initial phi: 0.5957885454867192. Initial nu: 0.4566253427891389. Initial nllh: 9463.513297424663
EM finished after 12 iterations.
Optimal point found for initial point 1
Negative llh: 81.23692031320492
Dropout rate: 0
Silencing rate: 6.52887141754368e-07
Initial point 2. Random seed: 4031
Solving with ultrametric constraint
Initial phi: 0.561336543535847. Initial nu: 0.5835525348581659. Initial nllh: 232.6834516451218
EM finished after 10 iterations.
Optimal point found for initial point 2
Negative llh: 81.23691861703207
Dropout rate: 0
Silencing rate: 6.305360359809124e-07
Initial point 3. Random seed: 9856
Solving with ultrametric constraint
Initial phi: 0.7226623644085007. Initial nu: 0.25640356766866207. Initial nllh: 267.4394274411716
EM finished after 9 iterations.
Optimal point found for initial point 3
Negative llh: 81.23692015043588
Dropout rate: 0
Silencing rate: 6.521971255609794e-07
Initial point 4. Random seed: 4445
Solving with ultrametric constraint
Initial phi: 0.4625107592037994. Initial nu: 0.8147605540415063. Initial nllh: 223.83148878513367
EM finished after 10 iterations.
Optimal point found for initial point 4
Negative llh: 81.236919261276
Dropout rate: 0
Silencing rate: 6.364879325973926e-07
Initial point 5. Random seed: 355
Solving with ultrametric constraint
Initial phi: 0.6478881563410706. Initial nu: 0.0014396814733293518. Initial nllh: 217.04105519576544
EM finished after 5 iterations.
Optimal point found for initial point 5
Negative llh: 81.23691867816665
Dropout rate: 0
Silencing rate: 6.355914806082209e-07
Initial point 6. Random seed: 9437
Solving with ultrametric constraint
Initial phi: 0.8275399153742378. Initial nu: 0.8814030763644476. Initial nllh: 376.67026765124893
EM finished after 11 iterations.
Optimal point found for initial point 6
Negative llh: 81.23691989754958
Dropout rate: 0
Silencing rate: 6.485697626533351e-07
Initial point 7. Random seed: 4718
Solving with ultrametric constraint
Initial phi: 0.5324657498200089. Initial nu: 0.44612572363269737. Initial nllh: 213.95897689562975
EM finished after 10 iterations.
Optimal point found for initial point 7
Negative llh: 81.23691873532908
Dropout rate: 0
Silencing rate: 6.335831967284e-07
Initial point 8. Random seed: 6179
Solving with ultrametric constraint
Initial phi: 0.40713617674361013. Initial nu: 0.4435010097912248. Initial nllh: 182.88557373660112
EM finished after 9 iterations.
Optimal point found for initial point 8
Negative llh: 81.23692006494505
Dropout rate: 0
Silencing rate: 6.468893410723896e-07
Initial point 9. Random seed: 3745
Solving with ultrametric constraint
Initial phi: 0.17641044426147065. Initial nu: 0.7213447105256603. Initial nllh: 161.2566957158524
EM finished after 10 iterations.
Optimal point found for initial point 9
Negative llh: 81.23691906897108
Dropout rate: 0
Silencing rate: 6.349443135582107e-07
Initial point 10. Random seed: 3916
Solving with ultrametric constraint
Initial phi: 0.028823407307227343. Initial nu: 0.05142592470516509. Initial nllh: 88.94500364743413
EM finished after 8 iterations.
Optimal point found for initial point 10
Negative llh: 81.23691868698836
Dropout rate: 0
Silencing rate: 6.353421529924481e-07
Traceback (most recent call last):
  File "/u/gh2161/problin/run_problin.py", line 193, in <module>
    main()
  File "/u/gh2161/problin/run_problin.py", line 172, in main
    fout.write("Sigma: " + str(opt_params['sigma']) + "\n")
KeyError: 'sigma'
