Launching Problin version 0.5b
Problin was called as follow: /u/gh2161/problin/run_problin.py -c simulated_data/s15c1/k10_r1_character_matrix.csv -t simulated_data/s15c1/true_tree.nwk -S simulated_data/s15c1/true_locations.txt --delimiter comma -p simulated_data/s15c1/k10_priors.csv -o simulated_data/s15c1/k10_r1_spalin_all.txt --nInitials 10 --ultrametric --randomreps 3
Optimization by Spalin: Scipy-SLSQP using spatial information
Optimizing branch lengths, phi, and nu without topology search
Initial point 1. Random seed: 5868
Solving with ultrametric constraint
Optimal point found for initial point 1
Negative llh: 237.8189972674796
Dropout rate: 1e-10
Silencing rate: 1e-10
Sigma: 25.489567092528223
Initial point 2. Random seed: 5446
Solving with ultrametric constraint
Optimal point found for initial point 2
Negative llh: 237.81899710473442
Dropout rate: 2.4834711471223415e-10
Silencing rate: 4.1144023782378977e-10
Sigma: 25.489050535235
Initial point 3. Random seed: 8031
Solving with ultrametric constraint
Optimal point found for initial point 3
Negative llh: 237.818997211067
Dropout rate: 1e-10
Silencing rate: 1.0000000000000002e-10
Sigma: 25.490070957889138
Initial point 4. Random seed: 3700
Solving with ultrametric constraint
Optimal point found for initial point 4
Negative llh: 237.81899759295047
Dropout rate: 9.999999999999996e-11
Silencing rate: 1.0000000000000007e-10
Sigma: 25.491617681724826
Initial point 5. Random seed: 4529
Solving with ultrametric constraint
Optimal point found for initial point 5
Negative llh: 237.8190017570145
Dropout rate: 1.7199197812309826e-10
Silencing rate: 4.301807944711377e-10
Sigma: 25.49568582396633
Initial point 6. Random seed: 5307
Solving with ultrametric constraint
Optimal point found for initial point 6
Negative llh: 237.818997265522
Dropout rate: 1e-10
Silencing rate: 1e-10
Sigma: 25.48908932243444
Initial point 7. Random seed: 5387
Solving with ultrametric constraint
Optimal point found for initial point 7
Negative llh: 237.81899717240026
Dropout rate: 4.4821827143191083e-10
Silencing rate: 1.6325161315424042e-09
Sigma: 25.489676089176065
Initial point 8. Random seed: 1919
Solving with ultrametric constraint
Optimal point found for initial point 8
Negative llh: 236.64892395994391
Dropout rate: 1.000000000000009e-10
Silencing rate: 1.000000000000009e-10
Sigma: 25.392325435760526
Initial point 9. Random seed: 7717
Solving with ultrametric constraint
Optimal point found for initial point 9
Negative llh: 236.64892330548008
Dropout rate: 1e-10
Silencing rate: 1e-10
Sigma: 25.39117619373927
Initial point 10. Random seed: 5243
Solving with ultrametric constraint
Optimal point found for initial point 10
Negative llh: 236.64892338161604
Dropout rate: 1e-10
Silencing rate: 1e-10
Sigma: 25.391184078796837
Runtime (s): 12.806384332012385
