Launching Problin version 0.5b
Problin was called as follow: /u/gh2161/Spatial-Division/problin/run_problin.py -c real_location_data/s15c1/k10_r5_character_matrix.csv -t real_location_data/s15c1/true_tree.nwk -S real_location_data/s15c1/leaf_locations.txt --delimiter comma -p real_location_data/s15c1/k10_priors.csv -o real_location_data/s15c1/k10_r5_spalin.txt --nInitials 10 --ultrametric --randomreps 3
Optimization by Spalin: Scipy-SLSQP using spatial information
Optimizing branch lengths, phi, and nu without topology search
Initial point 1. Random seed: 8498
Solving with ultrametric constraint
Optimal point found for initial point 1
Negative llh: 157.32882367022108
Dropout rate: 1.8214364555975995e-10
Silencing rate: 1.564183966388924e-10
Sigma: 40.84591150128078
Initial point 2. Random seed: 7970
Solving with ultrametric constraint
Optimal point found for initial point 2
Negative llh: 157.32882397105584
Dropout rate: 1.0000000000000007e-10
Silencing rate: 1.0000000000000007e-10
Sigma: 40.84490172262735
Initial point 3. Random seed: 1893
Solving with ultrametric constraint
Optimal point found for initial point 3
Negative llh: 157.32882356398665
Dropout rate: 1.0000000000000007e-10
Silencing rate: 1.0000000000000007e-10
Sigma: 40.84675904931854
Initial point 4. Random seed: 1701
Solving with ultrametric constraint
Optimal point found for initial point 4
Negative llh: 157.3288236031288
Dropout rate: 1e-10
Silencing rate: 1e-10
Sigma: 40.84590053416935
Initial point 5. Random seed: 2939
Solving with ultrametric constraint
Optimal point found for initial point 5
Negative llh: 157.32882366403834
Dropout rate: 1.051373189793958e-10
Silencing rate: 1.0286098699417391e-10
Sigma: 40.84814193324456
Initial point 6. Random seed: 5551
Solving with ultrametric constraint
Optimal point found for initial point 6
Negative llh: 157.3288238460101
Dropout rate: 4.010677646556657e-10
Silencing rate: 3.318271680709506e-10
Sigma: 40.849980326006495
Initial point 7. Random seed: 3617
Solving with ultrametric constraint
Optimal point found for initial point 7
Negative llh: 157.3288239533316
Dropout rate: 1e-10
Silencing rate: 1e-10
Sigma: 40.847607462446334
Initial point 8. Random seed: 3620
Solving with ultrametric constraint
Optimal point found for initial point 8
Negative llh: 157.3288239798484
Dropout rate: 1e-10
Silencing rate: 1.1385379360144155e-10
Sigma: 40.846373881819254
Initial point 9. Random seed: 9633
Solving with ultrametric constraint
Optimal point found for initial point 9
Negative llh: 157.3288242037183
Dropout rate: 3.3608959625090957e-09
Silencing rate: 3.122758012589373e-09
Sigma: 40.84661249814188
Initial point 10. Random seed: 5361
Solving with ultrametric constraint
Optimal point found for initial point 10
Negative llh: 157.32882382527254
Dropout rate: 1.0000000000000002e-10
Silencing rate: 1e-10
Sigma: 40.84207798754007
Traceback (most recent call last):
  File "/u/gh2161/Spatial-Division/problin/run_problin.py", line 223, in <module>
    main()
  File "/u/gh2161/Spatial-Division/problin/run_problin.py", line 214, in main
    for cell in mySolver.params.displacement_amounts:
AttributeError: 'Params' object has no attribute 'displacement_amounts'
