Launching Problin version 0.5b
Problin was called as follow: /u/gh2161/problin/run_problin.py -c simulated_data/s15c1/k10_r3_character_matrix.csv -t simulated_data/s15c1/true_tree.nwk -S simulated_data/s15c1/true_locations.txt --delimiter comma -p simulated_data/s15c1/k10_priors.csv -o simulated_data/s15c1/k10_r3_spalin_all.txt --nInitials 10 --ultrametric --randomreps 3
Optimization by Spalin: Scipy-SLSQP using spatial information
Optimizing branch lengths, phi, and nu without topology search
Initial point 1. Random seed: 543
Solving with ultrametric constraint
Optimal point found for initial point 1
Negative llh: 207.5622798100831
Dropout rate: 1e-10
Silencing rate: 1e-10
Sigma: 33.32412759614543
Initial point 2. Random seed: 7963
Solving with ultrametric constraint
Optimal point found for initial point 2
Negative llh: 207.56227981091286
Dropout rate: 1.4604316679905482e-09
Silencing rate: 2.6362290222664967e-09
Sigma: 33.32298390459352
Initial point 3. Random seed: 3561
Solving with ultrametric constraint
Optimal point found for initial point 3
Negative llh: 207.56227941632451
Dropout rate: 1e-10
Silencing rate: 1e-10
Sigma: 33.324081102109936
Initial point 4. Random seed: 5735
Solving with ultrametric constraint
Optimal point found for initial point 4
Negative llh: 207.5622796195309
Dropout rate: 9.999999999999996e-11
Silencing rate: 1.0000000000000007e-10
Sigma: 33.32333933950068
Initial point 5. Random seed: 6212
Solving with ultrametric constraint
Optimal point found for initial point 5
Negative llh: 207.56227956968985
Dropout rate: 1.0000000000000747e-10
Silencing rate: 9.99999999999943e-11
Sigma: 33.32402280406346
Initial point 6. Random seed: 6242
Solving with ultrametric constraint
Optimal point found for initial point 6
Negative llh: 207.56228017488357
Dropout rate: 1e-10
Silencing rate: 1e-10
Sigma: 33.32575359133548
Initial point 7. Random seed: 3723
Solving with ultrametric constraint
Optimal point found for initial point 7
Negative llh: 207.5622792788992
Dropout rate: 1e-10
Silencing rate: 1e-10
Sigma: 33.32212774051831
Initial point 8. Random seed: 5162
Solving with ultrametric constraint
Optimal point found for initial point 8
Negative llh: 207.56227933989004
Dropout rate: 1.431002166094881e-10
Silencing rate: 1.8092133292259902e-10
Sigma: 33.32303107220732
Initial point 9. Random seed: 4237
Solving with ultrametric constraint
Optimal point found for initial point 9
Negative llh: 207.5622795875126
Dropout rate: 1.0000000000000007e-10
Silencing rate: 1.0000000000000007e-10
Sigma: 33.32287377696657
Initial point 10. Random seed: 2240
Solving with ultrametric constraint
Optimal point found for initial point 10
Negative llh: 207.56228366688708
Dropout rate: 5.391173841751806e-10
Silencing rate: 2.7375644546660036e-10
Sigma: 33.31178975071488
Runtime (s): 12.255910724867135
