Launching Problin version 0.5b
Problin was called as follow: /u/gh2161/Spatial-Division/problin/run_problin.py -c real_location_data/s15c1/k10_r1_character_matrix.csv -t real_location_data/s15c1/true_tree.nwk -S real_location_data/s15c1/leaf_locations.txt --delimiter comma -p real_location_data/s15c1/k10_priors.csv -o real_location_data/s15c1/k10_r1_spalin-divide-beta05.txt --nInitials 10 --ultrametric --randomreps 3 --divide --given_beta 0.5 --incl_beta_bound
Optimization by Spalin-Divide: Scipy-SLSQP using spatial information
Optimizing branch lengths, phi, and nu without topology search
Initial point 1. Random seed: 8704
Solving with ultrametric constraint
Optimal point found for initial point 1
Negative llh: 198.60088223646892
Dropout rate: 1e-10
Silencing rate: 1e-10
Sigma: 5.309292838332721
Initial point 2. Random seed: 892
Solving with ultrametric constraint
Optimal point found for initial point 2
Negative llh: 198.60088218871644
Dropout rate: 1.0000000000000007e-10
Silencing rate: 9.999999999999996e-11
Sigma: 5.309250438229321
Initial point 3. Random seed: 468
Solving with ultrametric constraint
Optimal point found for initial point 3
Negative llh: 198.60088190749997
Dropout rate: 1e-10
Silencing rate: 1e-10
Sigma: 5.309282516334261
Initial point 4. Random seed: 1205
Solving with ultrametric constraint
Optimal point found for initial point 4
Negative llh: 198.60088217183022
Dropout rate: 1e-10
Silencing rate: 1e-10
Sigma: 5.309387668415423
Initial point 5. Random seed: 1565
Solving with ultrametric constraint
Optimal point found for initial point 5
Negative llh: 198.60088215927544
Dropout rate: 8.355781357292308e-10
Silencing rate: 6.047118282347827e-10
Sigma: 5.309234773576694
Initial point 6. Random seed: 1589
Solving with ultrametric constraint
Optimal point found for initial point 6
Negative llh: 198.60088230566095
Dropout rate: 2.0280035820630952e-10
Silencing rate: 1.6693758845631917e-10
Sigma: 5.309286702157397
Initial point 7. Random seed: 8557
Solving with ultrametric constraint
Optimal point found for initial point 7
Negative llh: 198.60088189829094
Dropout rate: 1.369317540846374e-10
Silencing rate: 1.3319941354968686e-10
Sigma: 5.309269804274837
Initial point 8. Random seed: 1446
Solving with ultrametric constraint
Optimal point found for initial point 8
Negative llh: 198.60088266003103
Dropout rate: 8.497152683037803e-10
Silencing rate: 7.137045512712183e-10
Sigma: 5.309277156744142
Initial point 9. Random seed: 4297
Solving with ultrametric constraint
Optimal point found for initial point 9
Negative llh: 198.60088195375513
Dropout rate: 1.1285810964212245e-10
Silencing rate: 1.122067310885981e-10
Sigma: 5.309301933225581
Initial point 10. Random seed: 8312
Solving with ultrametric constraint
Optimal point found for initial point 10
Negative llh: 198.60088217220874
Dropout rate: 1.6353870409420224e-10
Silencing rate: 2.1093805719899203e-10
Sigma: 5.309327729211314
Runtime (s): 245.05460193753242
