Launching Problin version 0.5b
Problin was called as follow: /u/gh2161/Spatial-Division/problin/run_problin.py -c real_location_data/s8c4/k10_r3_character_matrix.csv -t real_location_data/s8c4/true_tree.nwk -S real_location_data/s8c4/leaf_locations.txt --delimiter comma -p real_location_data/s8c4/k10_priors.csv -o real_location_data/s8c4/k10_r3_spalin-divide-beta05.txt --nInitials 10 --ultrametric --randomreps 3 --divide --given_beta 0.5 --incl_beta_bound
Optimization by Spalin-Divide: Scipy-SLSQP using spatial information
Optimizing branch lengths, phi, and nu without topology search
Initial point 1. Random seed: 4076
Solving with ultrametric constraint
Optimal point found for initial point 1
Negative llh: 216.99797563606114
Dropout rate: 1e-10
Silencing rate: 1e-10
Sigma: 6.618417048157452
Initial point 2. Random seed: 2328
Solving with ultrametric constraint
Optimal point found for initial point 2
Negative llh: 216.99797577209216
Dropout rate: 1e-10
Silencing rate: 1e-10
Sigma: 6.618356764843597
Initial point 3. Random seed: 8891
Solving with ultrametric constraint
Optimal point found for initial point 3
Negative llh: 216.99797603460436
Dropout rate: 1e-10
Silencing rate: 1e-10
Sigma: 6.61848992737055
Initial point 4. Random seed: 5773
Solving with ultrametric constraint
Optimal point found for initial point 4
Negative llh: 216.99797580420352
Dropout rate: 9.999999999999996e-11
Silencing rate: 1.0000000000000002e-10
Sigma: 6.618557741025726
Initial point 5. Random seed: 346
Solving with ultrametric constraint
Optimal point found for initial point 5
Negative llh: 216.997975625513
Dropout rate: 1e-10
Silencing rate: 1e-10
Sigma: 6.618361245149725
Initial point 6. Random seed: 441
Solving with ultrametric constraint
Optimal point found for initial point 6
Negative llh: 216.99797563001812
Dropout rate: 3.859959030205271e-10
Silencing rate: 2.613671964556528e-10
Sigma: 6.618343251414043
Initial point 7. Random seed: 9710
Solving with ultrametric constraint
Optimal point found for initial point 7
Negative llh: 216.99797559264806
Dropout rate: 1e-10
Silencing rate: 1e-10
Sigma: 6.618380357750783
Initial point 8. Random seed: 5038
Solving with ultrametric constraint
Optimal point found for initial point 8
Negative llh: 216.99797573225047
Dropout rate: 1e-10
Silencing rate: 1e-10
Sigma: 6.618424326398293
Initial point 9. Random seed: 2420
Solving with ultrametric constraint
Optimal point found for initial point 9
Negative llh: 216.9979755646901
Dropout rate: 1.3521277386661591e-10
Silencing rate: 1.106621582432513e-10
Sigma: 6.618303542051947
Initial point 10. Random seed: 4625
Solving with ultrametric constraint
Optimal point found for initial point 10
Negative llh: 216.99797564894624
Dropout rate: 1.0000000000000002e-10
Silencing rate: 1.0000000000000002e-10
Sigma: 6.61832303067184
Runtime (s): 657.1156138293445
