Launching Problin version 0.5b
Problin was called as follow: /u/gh2161/Spatial-Division/problin/run_problin.py -c real_location_data/s8c4/k10_r2_character_matrix.csv -t real_location_data/s8c4/true_tree.nwk -S real_location_data/s8c4/leaf_locations.txt --delimiter comma -p real_location_data/s8c4/k10_priors.csv -o real_location_data/s8c4/k10_r2_spalin-divide-ignore-beta.txt --nInitials 10 --ultrametric --randomreps 3 --divide
Optimization by Spalin-Divide: Scipy-SLSQP using spatial information
Optimizing branch lengths, phi, and nu without topology search
Initial point 1. Random seed: 5953
Solving with ultrametric constraint
Optimal point found for initial point 1
Negative llh: 221.4916551271551
Dropout rate: 1e-10
Silencing rate: 1e-10
Sigma: 5.576612768888862
Initial point 2. Random seed: 1604
Solving with ultrametric constraint
Optimal point found for initial point 2
Negative llh: 221.4916546563182
Dropout rate: 1.289507979354918e-09
Silencing rate: 6.579476916305926e-10
Sigma: 5.577025492744331
Initial point 3. Random seed: 2195
Solving with ultrametric constraint
Optimal point found for initial point 3
Negative llh: 221.49164933340654
Dropout rate: 1e-10
Silencing rate: 1e-10
Sigma: 5.576951654920713
Initial point 4. Random seed: 4949
Solving with ultrametric constraint
Optimal point found for initial point 4
Negative llh: 221.49164879409147
Dropout rate: 4.747820636265038e-10
Silencing rate: 3.332715812964823e-10
Sigma: 5.576900156370014
Initial point 5. Random seed: 276
Solving with ultrametric constraint
Optimal point found for initial point 5
Negative llh: 221.4916598506079
Dropout rate: 1e-10
Silencing rate: 1e-10
Sigma: 5.576901383678012
Initial point 6. Random seed: 8448
Solving with ultrametric constraint
Optimal point found for initial point 6
Negative llh: 221.4916515674873
Dropout rate: 1e-10
Silencing rate: 1e-10
Sigma: 5.576818102077148
Initial point 7. Random seed: 4140
Solving with ultrametric constraint
Optimal point found for initial point 7
Negative llh: 221.49165436671495
Dropout rate: 1e-10
Silencing rate: 1e-10
Sigma: 5.576907923652501
Initial point 8. Random seed: 4489
Solving with ultrametric constraint
Optimal point found for initial point 8
Negative llh: 221.49176357898634
Dropout rate: 1.1127820163310105e-10
Silencing rate: 1.7783884443089982e-10
Sigma: 5.5768217427526405
Initial point 9. Random seed: 7442
Solving with ultrametric constraint
Optimal point found for initial point 9
Negative llh: 221.49165026433946
Dropout rate: 1.3866832827470202e-09
Silencing rate: 9.224280164230667e-10
Sigma: 5.576887902668228
Initial point 10. Random seed: 5300
Solving with ultrametric constraint
Optimal point found for initial point 10
Negative llh: 221.4916492562572
Dropout rate: 3.4755617061270803e-09
Silencing rate: 1.5788501030988343e-09
Sigma: 5.577047220264552
Runtime (s): 415.41032410785556
