Launching Problin version 0.5b
Problin was called as follow: /u/gh2161/problin/run_problin.py -c simulated_data/s8c4/k10_r3_character_matrix.csv -t simulated_data/s8c4/true_tree.nwk -S simulated_data/s8c4/leaf_locations.txt --delimiter comma -p simulated_data/s8c4/k10_priors.csv -o simulated_data/s8c4/k10_r3_spalin_leaves_newfelsen.txt --nInitials 10 --ultrametric --randomreps 3
Optimization by Spalin: Scipy-SLSQP using spatial information
Optimizing branch lengths, phi, and nu without topology search
Initial point 1. Random seed: 8311
Solving with ultrametric constraint
Optimal point found for initial point 1
Negative llh: 190.5300044985638
Dropout rate: 3.813866045997447e-10
Silencing rate: 1.849065800532854e-10
Sigma: 12.234548712670419
Initial point 2. Random seed: 4496
Solving with ultrametric constraint
Optimal point found for initial point 2
Negative llh: 190.53000444929995
Dropout rate: 5.984455066028634e-10
Silencing rate: 1.0236191848420503e-09
Sigma: 12.23510818260606
Initial point 3. Random seed: 312
Solving with ultrametric constraint
Optimal point found for initial point 3
Negative llh: 190.53000715460115
Dropout rate: 7.92263762871351e-09
Silencing rate: 5.783151503461582e-09
Sigma: 12.237224159333186
Initial point 4. Random seed: 2989
Solving with ultrametric constraint
Optimal point found for initial point 4
Negative llh: 190.53000512193938
Dropout rate: 9.501099907455421e-10
Silencing rate: 6.070374925332976e-10
Sigma: 12.235160224509002
Initial point 5. Random seed: 3339
Solving with ultrametric constraint
Optimal point found for initial point 5
Negative llh: 190.53000514761652
Dropout rate: 3.9645620984737124e-09
Silencing rate: 1.799228486820786e-09
Sigma: 12.2349884033376
Initial point 6. Random seed: 474
Solving with ultrametric constraint
Optimal point found for initial point 6
Negative llh: 190.53000461475494
Dropout rate: 1.2642519639479055e-09
Silencing rate: 1.4805799222038258e-09
Sigma: 12.235214026758086
Initial point 7. Random seed: 6226
Solving with ultrametric constraint
Optimal point found for initial point 7
Negative llh: 190.53000433311928
Dropout rate: 1.0000000000000007e-10
Silencing rate: 1.0000000000000007e-10
Sigma: 12.234984641897848
Initial point 8. Random seed: 5113
Solving with ultrametric constraint
Optimal point found for initial point 8
Negative llh: 190.5300047783254
Dropout rate: 1.5446832095510973e-09
Silencing rate: 2.4126998287048167e-09
Sigma: 12.235982849048115
Initial point 9. Random seed: 6135
Solving with ultrametric constraint
Optimal point found for initial point 9
Negative llh: 190.53000431101322
Dropout rate: 1.0392462976642394e-10
Silencing rate: 1.0118910955905939e-10
Sigma: 12.235755710436825
Initial point 10. Random seed: 3404
Solving with ultrametric constraint
Optimal point found for initial point 10
Negative llh: 190.53000435468806
Dropout rate: 1e-10
Silencing rate: 1e-10
Sigma: 12.235216971291374
Runtime (s): 121.70036639086902
