Launching Problin version 0.5b
Problin was called as follow: /u/gh2161/Spatial-Division/problin/run_problin.py -c real_location_data/s8c4/k10_r4_character_matrix.csv -t real_location_data/s8c4/true_tree.nwk -S real_location_data/s8c4/leaf_locations.txt --delimiter comma -p real_location_data/s8c4/k10_priors.csv -o real_location_data/s8c4/k10_r4_spalin-divide-beta1.txt --nInitials 10 --ultrametric --randomreps 3 --divide --given_beta 1 --incl_beta_bound
Optimization by Spalin-Divide: Scipy-SLSQP using spatial information
Optimizing branch lengths, phi, and nu without topology search
Initial point 1. Random seed: 7460
Solving with ultrametric constraint
Optimal point found for initial point 1
Negative llh: 230.2869449174404
Dropout rate: 2.428062686752948e-10
Silencing rate: 1.5284009252347987e-10
Sigma: 5.659984787175438
Initial point 2. Random seed: 774
Solving with ultrametric constraint
Optimal point found for initial point 2
Negative llh: 230.28694468373251
Dropout rate: 1e-10
Silencing rate: 1e-10
Sigma: 5.660008910412967
Initial point 3. Random seed: 5795
Solving with ultrametric constraint
Optimal point found for initial point 3
Negative llh: 230.2869448519562
Dropout rate: 1.4251788075995376e-10
Silencing rate: 1.497111009451297e-10
Sigma: 5.6600708686668595
Initial point 4. Random seed: 4847
Solving with ultrametric constraint
Optimal point found for initial point 4
Negative llh: 230.2869447640384
Dropout rate: 3.439787992761276e-10
Silencing rate: 1.986343703830924e-10
Sigma: 5.659950115547208
Initial point 5. Random seed: 6218
Solving with ultrametric constraint
Optimal point found for initial point 5
Negative llh: 230.2869448501063
Dropout rate: 1.0000000000000007e-10
Silencing rate: 1.0000000000000002e-10
Sigma: 5.660017352335782
Initial point 6. Random seed: 8943
Solving with ultrametric constraint
Optimal point found for initial point 6
Negative llh: 230.28694511771036
Dropout rate: 1.0000000000000002e-10
Silencing rate: 1.0000000000000002e-10
Sigma: 5.660075193171699
Initial point 7. Random seed: 4403
Solving with ultrametric constraint
Optimal point found for initial point 7
Negative llh: 230.28694530881134
Dropout rate: 1.0000000000000007e-10
Silencing rate: 9.999999999999996e-11
Sigma: 5.65997488513289
Initial point 8. Random seed: 2691
Solving with ultrametric constraint
Optimal point found for initial point 8
Negative llh: 230.2869447504825
Dropout rate: 1.356751755439821e-10
Silencing rate: 1.1454758575410868e-10
Sigma: 5.660033118288839
Initial point 9. Random seed: 1388
Solving with ultrametric constraint
Optimal point found for initial point 9
Negative llh: 230.28694466522083
Dropout rate: 1.4399984347260133e-10
Silencing rate: 1.1772968125672314e-10
Sigma: 5.660008460042681
Initial point 10. Random seed: 7592
Solving with ultrametric constraint
Optimal point found for initial point 10
Negative llh: 230.28694471845725
Dropout rate: 1.0000000000000007e-10
Silencing rate: 9.999999999999996e-11
Sigma: 5.6599985006151
Runtime (s): 628.1735366830253
