Launching Problin version 0.5b
Problin was called as follow: /u/gh2161/Spatial-Division/problin/run_problin.py -c real_location_data/s8c4/k10_r2_character_matrix.csv -t real_location_data/s8c4/true_tree.nwk -S real_location_data/s8c4/leaf_locations.txt --delimiter comma -p real_location_data/s8c4/k10_priors.csv -o real_location_data/s8c4/k10_r2_spalin.txt --nInitials 10 --ultrametric --randomreps 3
Optimization by Spalin: Scipy-SLSQP using spatial information
Optimizing branch lengths, phi, and nu without topology search
Initial point 1. Random seed: 7723
Solving with ultrametric constraint
Optimal point found for initial point 1
Negative llh: 196.61498127495435
Dropout rate: 7.133365333585638e-10
Silencing rate: 2.8153714618291185e-10
Sigma: 33.52663683318178
Initial point 2. Random seed: 4775
Solving with ultrametric constraint
Optimal point found for initial point 2
Negative llh: 196.614980608737
Dropout rate: 1e-10
Silencing rate: 1e-10
Sigma: 33.52375762624164
Initial point 3. Random seed: 317
Solving with ultrametric constraint
Optimal point found for initial point 3
Negative llh: 196.61498062261245
Dropout rate: 1e-10
Silencing rate: 1e-10
Sigma: 33.52411173829352
Initial point 4. Random seed: 4704
Solving with ultrametric constraint
Optimal point found for initial point 4
Negative llh: 196.61498092006684
Dropout rate: 2.0623194898536055e-09
Silencing rate: 1.0187753500049429e-09
Sigma: 33.52427818238076
Initial point 5. Random seed: 4193
Solving with ultrametric constraint
Optimal point found for initial point 5
Negative llh: 196.61498055637372
Dropout rate: 1.0000000000000007e-10
Silencing rate: 1.0000000000000007e-10
Sigma: 33.524120955158736
Initial point 6. Random seed: 3896
Solving with ultrametric constraint
Optimal point found for initial point 6
Negative llh: 196.61498065460808
Dropout rate: 3.79272563846225e-10
Silencing rate: 2.9092808808269534e-10
Sigma: 33.524069750543305
Initial point 7. Random seed: 5170
Solving with ultrametric constraint
Optimal point found for initial point 7
Negative llh: 196.61498064261843
Dropout rate: 2.3545102459424756e-10
Silencing rate: 1.757961417867021e-10
Sigma: 33.52444014448839
Initial point 8. Random seed: 3719
Solving with ultrametric constraint
Optimal point found for initial point 8
Negative llh: 196.61498085523573
Dropout rate: 1e-10
Silencing rate: 1e-10
Sigma: 33.52383298526288
Initial point 9. Random seed: 1571
Solving with ultrametric constraint
Optimal point found for initial point 9
Negative llh: 196.614980891318
Dropout rate: 1e-10
Silencing rate: 1e-10
Sigma: 33.52336673952112
Initial point 10. Random seed: 7764
Solving with ultrametric constraint
Optimal point found for initial point 10
Negative llh: 196.61498079076276
Dropout rate: 6.047020306924141e-10
Silencing rate: 4.2362404559380764e-10
Sigma: 33.52474939386927
Traceback (most recent call last):
  File "/u/gh2161/Spatial-Division/problin/run_problin.py", line 223, in <module>
    main()
  File "/u/gh2161/Spatial-Division/problin/run_problin.py", line 214, in main
    for cell in mySolver.params.displacement_amounts:
AttributeError: 'Params' object has no attribute 'displacement_amounts'
