Launching Problin version 0.5b
Problin was called as follow: /u/gh2161/problin/run_problin.py -c simulated_data/s8c4/k10_r5_character_matrix.csv -t simulated_data/s8c4/true_tree.nwk -S simulated_data/s8c4/leaf_locations.txt --delimiter comma -p simulated_data/s8c4/k10_priors.csv -o simulated_data/s8c4/k10_r5_spalin_leaves_newfelsen.txt --nInitials 10 --ultrametric --randomreps 3
Optimization by Spalin: Scipy-SLSQP using spatial information
Optimizing branch lengths, phi, and nu without topology search
Initial point 1. Random seed: 7866
Solving with ultrametric constraint
Optimal point found for initial point 1
Negative llh: 190.48372928917627
Dropout rate: 1.4161816636823842e-09
Silencing rate: 5.680809836385119e-10
Sigma: 8.94095862135393
Initial point 2. Random seed: 6038
Solving with ultrametric constraint
Optimal point found for initial point 2
Negative llh: 190.483729346721
Dropout rate: 1.337498726646093e-09
Silencing rate: 6.113063124807247e-10
Sigma: 8.9407606606632
Initial point 3. Random seed: 3153
Solving with ultrametric constraint
Optimal point found for initial point 3
Negative llh: 190.48372931219666
Dropout rate: 1.0767105808316097e-10
Silencing rate: 1.5976220320267374e-10
Sigma: 8.940272902819514
Initial point 4. Random seed: 8684
Solving with ultrametric constraint
Optimal point found for initial point 4
Negative llh: 190.483729024537
Dropout rate: 1.0167029288516628e-10
Silencing rate: 1.0058990012374918e-10
Sigma: 8.940857284288064
Initial point 5. Random seed: 8651
Solving with ultrametric constraint
Optimal point found for initial point 5
Negative llh: 190.4837295181197
Dropout rate: 1e-10
Silencing rate: 1e-10
Sigma: 8.941322996688871
Initial point 6. Random seed: 5450
Solving with ultrametric constraint
Optimal point found for initial point 6
Negative llh: 190.48372926712491
Dropout rate: 9.999999999999996e-11
Silencing rate: 9.999999999999996e-11
Sigma: 8.940957669227165
Initial point 7. Random seed: 1604
Solving with ultrametric constraint
Optimal point found for initial point 7
Negative llh: 190.48372905218142
Dropout rate: 1.0369283270628667e-10
Silencing rate: 1.0130420119148194e-10
Sigma: 8.940733207703882
Initial point 8. Random seed: 2751
Solving with ultrametric constraint
Optimal point found for initial point 8
Negative llh: 190.483729280342
Dropout rate: 1e-10
Silencing rate: 1e-10
Sigma: 8.939445763085617
Initial point 9. Random seed: 9877
Solving with ultrametric constraint
Optimal point found for initial point 9
Negative llh: 190.48372928355698
Dropout rate: 1e-10
Silencing rate: 1e-10
Sigma: 8.940947947068297
Initial point 10. Random seed: 6344
Solving with ultrametric constraint
Optimal point found for initial point 10
Negative llh: 190.48372972811126
Dropout rate: 1.0000000000000002e-10
Silencing rate: 1.0000000000000002e-10
Sigma: 8.9379445899839
Runtime (s): 122.65516965091228
