Launching Problin version 0.5b
Problin was called as follow: /u/gh2161/problin/run_problin.py -c simulated_data/s8c4/k10_r3_character_matrix.csv -t simulated_data/s8c4/true_tree.nwk --delimiter comma -p simulated_data/s8c4/k10_priors.csv -o simulated_data/s8c4/k10_r3_problin.txt --nInitials 10 --ultrametric --randomreps 3
Optimization by EM algorithm
Optimizing branch lengths, phi, and nu without topology search
Initial point 1. Random seed: 5270
Solving with ultrametric constraint
Initial phi: 0.6807341289649829. Initial nu: 0.7103714348588367. Initial nllh: 14698.990021729458
EM finished after 14 iterations.
Optimal point found for initial point 1
Negative llh: 78.69720240302237
Dropout rate: 0
Silencing rate: 1.3005851597339633e-06
Initial point 2. Random seed: 9027
Solving with ultrametric constraint
Initial phi: 0.036353458092032546. Initial nu: 0.8808631958264015. Initial nllh: 126.9951817395743
EM finished after 11 iterations.
Optimal point found for initial point 2
Negative llh: 78.69720274879768
Dropout rate: 0
Silencing rate: 1.3026998992604008e-06
Initial point 3. Random seed: 3307
Solving with ultrametric constraint
Initial phi: 0.26582141981631885. Initial nu: 0.24889505543589774. Initial nllh: 140.11024605810715
EM finished after 11 iterations.
Optimal point found for initial point 3
Negative llh: 78.69720266232787
Dropout rate: 0
Silencing rate: 1.3060651714229638e-06
Initial point 4. Random seed: 3730
Solving with ultrametric constraint
Initial phi: 0.3395322666845706. Initial nu: 0.5360192665099676. Initial nllh: 170.85085810495772
EM finished after 11 iterations.
Optimal point found for initial point 4
Negative llh: 78.69720273503908
Dropout rate: 0
Silencing rate: 1.305571296323834e-06
Initial point 5. Random seed: 4558
Solving with ultrametric constraint
Initial phi: 0.5026099618751708. Initial nu: 0.35971663480452065. Initial nllh: 207.7416792825901
EM finished after 11 iterations.
Optimal point found for initial point 5
Negative llh: 78.69720263058848
Dropout rate: 0
Silencing rate: 1.3043981753956984e-06
Initial point 6. Random seed: 9105
Solving with ultrametric constraint
Initial phi: 0.5749986054403401. Initial nu: 0.9409145513734986. Initial nllh: 260.86463749356847
EM finished after 12 iterations.
Optimal point found for initial point 6
Negative llh: 78.69720238764663
Dropout rate: 0
Silencing rate: 1.2997635862901891e-06
Initial point 7. Random seed: 5642
Solving with ultrametric constraint
Initial phi: 0.49994429072419677. Initial nu: 0.9079566671712999. Initial nllh: 233.2589838190573
EM finished after 12 iterations.
Optimal point found for initial point 7
Negative llh: 78.69720244545898
Dropout rate: 0
Silencing rate: 1.3010332590571779e-06
Initial point 8. Random seed: 2263
Solving with ultrametric constraint
Initial phi: 0.15539609784650826. Initial nu: 0.25321976830961346. Initial nllh: 117.89996732846346
EM finished after 10 iterations.
Optimal point found for initial point 8
Negative llh: 78.69720260724904
Dropout rate: 0
Silencing rate: 1.3020689866883108e-06
Initial point 9. Random seed: 764
Solving with ultrametric constraint
Initial phi: 0.8425071410366605. Initial nu: 0.8986051397131115. Initial nllh: 417.6630641050618
EM finished after 11 iterations.
Optimal point found for initial point 9
Negative llh: 78.6972028325762
Dropout rate: 0
Silencing rate: 1.3048079334102872e-06
Initial point 10. Random seed: 1694
Solving with ultrametric constraint
Initial phi: 0.7714457208397066. Initial nu: 0.17793693685570658. Initial nllh: 323.4135119266708
EM finished after 10 iterations.
Optimal point found for initial point 10
Negative llh: 78.6972026400607
Dropout rate: 0
Silencing rate: 1.3050066116104295e-06
Traceback (most recent call last):
  File "/u/gh2161/problin/run_problin.py", line 193, in <module>
    main()
  File "/u/gh2161/problin/run_problin.py", line 172, in main
    fout.write("Sigma: " + str(opt_params['sigma']) + "\n")
KeyError: 'sigma'
