Launching Problin version 0.5b
Problin was called as follow: /u/gh2161/Spatial-Division/problin/run_problin.py -c real_location_data/s8c4/k10_r4_character_matrix.csv -t real_location_data/s8c4/true_tree.nwk -S real_location_data/s8c4/leaf_locations.txt --delimiter comma -p real_location_data/s8c4/k10_priors.csv -o real_location_data/s8c4/k10_r4_spalin-divide-beta05.txt --nInitials 10 --ultrametric --randomreps 3 --divide --given_beta 0.5 --incl_beta_bound
Optimization by Spalin-Divide: Scipy-SLSQP using spatial information
Optimizing branch lengths, phi, and nu without topology search
Initial point 1. Random seed: 3187
Solving with ultrametric constraint
Optimal point found for initial point 1
Negative llh: 231.35126535252607
Dropout rate: 3.855781015125178e-10
Silencing rate: 2.06993461412918e-10
Sigma: 5.749005821521698
Initial point 2. Random seed: 9109
Solving with ultrametric constraint
Optimal point found for initial point 2
Negative llh: 231.3512644164619
Dropout rate: 1e-10
Silencing rate: 1e-10
Sigma: 5.749012098123598
Initial point 3. Random seed: 2517
Solving with ultrametric constraint
Optimal point found for initial point 3
Negative llh: 258.40852390241065
Dropout rate: 1.8850688331753342e-08
Silencing rate: 8.938649515712733e-09
Sigma: 11.773415380959852
Initial point 4. Random seed: 176
Solving with ultrametric constraint
Optimal point found for initial point 4
Negative llh: 231.35126479803773
Dropout rate: 3.178680517460087e-10
Silencing rate: 2.453655159394734e-10
Sigma: 5.74897744124665
Initial point 5. Random seed: 2340
Solving with ultrametric constraint
Optimal point found for initial point 5
Negative llh: 231.3512644137615
Dropout rate: 1.1965020443036145e-10
Silencing rate: 1.0792517022449966e-10
Sigma: 5.749010857527343
Initial point 6. Random seed: 2136
Solving with ultrametric constraint
Optimal point found for initial point 6
Negative llh: 231.35126455924268
Dropout rate: 9.999999999999996e-11
Silencing rate: 1.0000000000000002e-10
Sigma: 5.749020734182112
Initial point 7. Random seed: 7894
Solving with ultrametric constraint
Optimal point found for initial point 7
Negative llh: 231.35126449703034
Dropout rate: 1.2009710075683698e-10
Silencing rate: 1.0810686688189343e-10
Sigma: 5.748996260339731
Initial point 8. Random seed: 3607
Solving with ultrametric constraint
Optimal point found for initial point 8
Negative llh: 231.35126451229416
Dropout rate: 3.359146724860036e-10
Silencing rate: 1.9583726540223928e-10
Sigma: 5.749020935170081
Initial point 9. Random seed: 3889
Solving with ultrametric constraint
Optimal point found for initial point 9
Negative llh: 231.35126454758355
Dropout rate: 4.682392687984033e-10
Silencing rate: 4.198360042034751e-10
Sigma: 5.749017262692286
Initial point 10. Random seed: 3021
Solving with ultrametric constraint
Optimal point found for initial point 10
Negative llh: 231.35126462477746
Dropout rate: 1.0000000000000007e-10
Silencing rate: 9.999999999999996e-11
Sigma: 5.748958757432906
Runtime (s): 312.3410200159997
