Launching Problin version 0.5b
Problin was called as follow: /u/gh2161/Spatial-Division/problin/run_problin.py -c real_location_data/s8c4/k10_r1_character_matrix.csv -t real_location_data/s8c4/true_tree.nwk -S real_location_data/s8c4/leaf_locations.txt --delimiter comma -p real_location_data/s8c4/k10_priors.csv -o real_location_data/s8c4/k10_r1_spalin-divide-beta3.txt --nInitials 10 --ultrametric --randomreps 3 --divide --given_beta 3 --incl_beta_bound
Optimization by Spalin-Divide: Scipy-SLSQP using spatial information
Optimizing branch lengths, phi, and nu without topology search
Initial point 1. Random seed: 2630
Solving with ultrametric constraint
Optimal point found for initial point 1
Negative llh: 200.81780415863253
Dropout rate: 2.105657591136773e-09
Silencing rate: 1.2344905546085744e-09
Sigma: 5.086444603333729
Initial point 2. Random seed: 8198
Solving with ultrametric constraint
Optimal point found for initial point 2
Negative llh: 200.81780145879225
Dropout rate: 8.121789267447688e-10
Silencing rate: 5.357702470070444e-10
Sigma: 5.086413891223034
Initial point 3. Random seed: 3992
Solving with ultrametric constraint
Optimal point found for initial point 3
Negative llh: 200.817800754092
Dropout rate: 1.088434440053677e-09
Silencing rate: 7.546096769242603e-10
Sigma: 5.086429026627292
Initial point 4. Random seed: 9454
Solving with ultrametric constraint
Optimal point found for initial point 4
Negative llh: 200.81780023840247
Dropout rate: 1.0584644965802418e-10
Silencing rate: 1.0330795815500032e-10
Sigma: 5.086456552772416
Initial point 5. Random seed: 9638
Solving with ultrametric constraint
Optimal point found for initial point 5
Negative llh: 200.81780075268114
Dropout rate: 1.9119654746123614e-10
Silencing rate: 1.6210797659808117e-10
Sigma: 5.08648255368824
Initial point 6. Random seed: 7914
Solving with ultrametric constraint
Optimal point found for initial point 6
Negative llh: 200.81780030720947
Dropout rate: 1e-10
Silencing rate: 1e-10
Sigma: 5.086386277277282
Initial point 7. Random seed: 492
Solving with ultrametric constraint
Optimal point found for initial point 7
Negative llh: 200.81780042626013
Dropout rate: 1.404912365929643e-10
Silencing rate: 1.229046159885711e-10
Sigma: 5.0864805828882576
Initial point 8. Random seed: 3410
Solving with ultrametric constraint
Optimal point found for initial point 8
Negative llh: 200.81780130879844
Dropout rate: 1.0677177880699886e-10
Silencing rate: 1.0383248590217494e-10
Sigma: 5.086388075141568
Initial point 9. Random seed: 3402
Solving with ultrametric constraint
Optimal point found for initial point 9
Negative llh: 200.81780035305377
Dropout rate: 1.0000000000000002e-10
Silencing rate: 1e-10
Sigma: 5.086449627767688
Initial point 10. Random seed: 6538
Solving with ultrametric constraint
Optimal point found for initial point 10
Negative llh: 200.81780037431207
Dropout rate: 1.1584747383339742e-10
Silencing rate: 1.0896503418520367e-10
Sigma: 5.086429883012562
Runtime (s): 1352.6598109882325
