Launching Problin version 0.5b
Problin was called as follow: /u/gh2161/Spatial-Division/problin/run_problin.py -c real_location_data/s15c4/k10_r1_character_matrix.csv -t real_location_data/s15c4/true_tree.nwk -S real_location_data/s15c4/leaf_locations.txt --delimiter comma -p real_location_data/s15c4/k10_priors.csv -o real_location_data/s15c4/k10_r1_spalin-divide-beta05.txt --nInitials 10 --ultrametric --randomreps 3 --divide --given_beta 0.5 --incl_beta_bound
Optimization by Spalin-Divide: Scipy-SLSQP using spatial information
Optimizing branch lengths, phi, and nu without topology search
Initial point 1. Random seed: 9615
Solving with ultrametric constraint
Optimal point found for initial point 1
Negative llh: 191.61830281271511
Dropout rate: 1.5943694287835704e-10
Silencing rate: 1.353335596685813e-10
Sigma: 4.944437335593179
Initial point 2. Random seed: 7758
Solving with ultrametric constraint
Optimal point found for initial point 2
Negative llh: 191.61830307979108
Dropout rate: 8.080338852027854e-10
Silencing rate: 5.877050738069347e-10
Sigma: 4.944429007385052
Initial point 3. Random seed: 1392
Solving with ultrametric constraint
Optimal point found for initial point 3
Negative llh: 191.6183039256824
Dropout rate: 1e-10
Silencing rate: 1e-10
Sigma: 4.944414644228116
Initial point 4. Random seed: 8346
Solving with ultrametric constraint
Optimal point found for initial point 4
Negative llh: 191.6183035252401
Dropout rate: 1.0000000000000002e-10
Silencing rate: 1.0000000000000002e-10
Sigma: 4.944459188405082
Initial point 5. Random seed: 7099
Solving with ultrametric constraint
Optimal point found for initial point 5
Negative llh: 191.61830297359316
Dropout rate: 7.091028256510322e-10
Silencing rate: 4.874540249967852e-10
Sigma: 4.944432446476283
Initial point 6. Random seed: 5630
Solving with ultrametric constraint
Optimal point found for initial point 6
Negative llh: 191.61830308388318
Dropout rate: 1.1055874692579017e-09
Silencing rate: 7.573833499381332e-10
Sigma: 4.944389159925033
Initial point 7. Random seed: 7855
Solving with ultrametric constraint
Optimal point found for initial point 7
Negative llh: 191.61830277208344
Dropout rate: 1.1783133039456407e-10
Silencing rate: 1.1051459059354015e-10
Sigma: 4.944421754485554
Initial point 8. Random seed: 4423
Solving with ultrametric constraint
Optimal point found for initial point 8
Negative llh: 191.618309996965
Dropout rate: 1.0000000000000007e-10
Silencing rate: 9.999999999999996e-11
Sigma: 4.944421760537142
Initial point 9. Random seed: 8504
Solving with ultrametric constraint
Optimal point found for initial point 9
Negative llh: 191.61830746755248
Dropout rate: 5.470549786339097e-10
Silencing rate: 3.635642776386473e-10
Sigma: 4.9444162106266685
Initial point 10. Random seed: 3840
Solving with ultrametric constraint
Optimal point found for initial point 10
Negative llh: 191.61831674916056
Dropout rate: 8.186824533821271e-10
Silencing rate: 5.251950271362846e-10
Sigma: 4.944370919045169
Runtime (s): 872.6792945849884
