Launching Problin version 0.5b
Problin was called as follow: /u/gh2161/Spatial-Division/problin/run_problin.py -c real_location_data/s15c4/k10_r2_character_matrix.csv -t real_location_data/s15c4/true_tree.nwk -S real_location_data/s15c4/leaf_locations.txt --delimiter comma -p real_location_data/s15c4/k10_priors.csv -o real_location_data/s15c4/k10_r2_spalin.txt --nInitials 10 --ultrametric --randomreps 3
Optimization by Spalin: Scipy-SLSQP using spatial information
Optimizing branch lengths, phi, and nu without topology search
Initial point 1. Random seed: 3567
Solving with ultrametric constraint
Optimal point found for initial point 1
Negative llh: 158.91764054877964
Dropout rate: 1.6604263619535201e-10
Silencing rate: 1.149284474856764e-10
Sigma: 33.338158920386746
Initial point 2. Random seed: 8358
Solving with ultrametric constraint
Optimal point found for initial point 2
Negative llh: 158.91764024600323
Dropout rate: 1.0000000000000002e-10
Silencing rate: 1.0000000000000002e-10
Sigma: 33.34189066936623
Initial point 3. Random seed: 2276
Solving with ultrametric constraint
Optimal point found for initial point 3
Negative llh: 158.91764031870497
Dropout rate: 1e-10
Silencing rate: 1e-10
Sigma: 33.3420802749031
Initial point 4. Random seed: 9173
Solving with ultrametric constraint
Optimal point found for initial point 4
Negative llh: 158.91764025346708
Dropout rate: 1e-10
Silencing rate: 1e-10
Sigma: 33.34257433170296
Initial point 5. Random seed: 6847
Solving with ultrametric constraint
Optimal point found for initial point 5
Negative llh: 158.91764044679084
Dropout rate: 3.70137976373841e-10
Silencing rate: 3.0412268012955895e-10
Sigma: 33.341274722428494
Initial point 6. Random seed: 9499
Solving with ultrametric constraint
Optimal point found for initial point 6
Negative llh: 158.91764022679536
Dropout rate: 1.6109179903752202e-10
Silencing rate: 1.8459117788927417e-10
Sigma: 33.341474818810426
Initial point 7. Random seed: 8340
Solving with ultrametric constraint
Optimal point found for initial point 7
Negative llh: 158.91764050507356
Dropout rate: 1.0193249543575377e-10
Silencing rate: 1.0132324509812422e-10
Sigma: 33.34239541200898
Initial point 8. Random seed: 3564
Solving with ultrametric constraint
Optimal point found for initial point 8
Negative llh: 158.91764086143957
Dropout rate: 1.0676788703138116e-10
Silencing rate: 1.5032441162366094e-10
Sigma: 33.34242334269814
Initial point 9. Random seed: 6972
Solving with ultrametric constraint
Optimal point found for initial point 9
Negative llh: 158.9176408056277
Dropout rate: 1e-10
Silencing rate: 1e-10
Sigma: 33.342086269108435
Initial point 10. Random seed: 9080
Solving with ultrametric constraint
Optimal point found for initial point 10
Negative llh: 158.9176402506734
Dropout rate: 1.7639514591519373e-10
Silencing rate: 5.505257403974899e-10
Sigma: 33.342328813633024
Traceback (most recent call last):
  File "/u/gh2161/Spatial-Division/problin/run_problin.py", line 223, in <module>
    main()
  File "/u/gh2161/Spatial-Division/problin/run_problin.py", line 214, in main
    for cell in mySolver.params.displacement_amounts:
AttributeError: 'Params' object has no attribute 'displacement_amounts'
