Launching Problin version 0.5b
Problin was called as follow: /u/gh2161/problin/run_problin.py -c simulated_data/s15c4/k10_r5_character_matrix.csv -t simulated_data/s15c4/true_tree.nwk --delimiter comma -p simulated_data/s15c4/k10_priors.csv -o simulated_data/s15c4/k10_r5_problin.txt --nInitials 10 --ultrametric --randomreps 3
Optimization by EM algorithm
Optimizing branch lengths, phi, and nu without topology search
Initial point 1. Random seed: 4717
Solving with ultrametric constraint
Initial phi: 0.05322814497876978. Initial nu: 0.16718080569915392. Initial nllh: 6357.877058754647
EM finished after 8 iterations.
Optimal point found for initial point 1
Negative llh: 59.870357877417355
Dropout rate: 0
Silencing rate: 1.3757034368698857e-06
Initial point 2. Random seed: 1759
Solving with ultrametric constraint
Initial phi: 0.709002505398538. Initial nu: 0.6498169100062782. Initial nllh: 258.1755142307104
EM finished after 8 iterations.
Optimal point found for initial point 2
Negative llh: 59.87035784673365
Dropout rate: 0
Silencing rate: 1.3754566790106132e-06
Initial point 3. Random seed: 4980
Solving with ultrametric constraint
Initial phi: 0.5597350287659064. Initial nu: 0.023939715201412536. Initial nllh: 175.6621287679644
EM finished after 5 iterations.
Optimal point found for initial point 3
Negative llh: 59.870358468010835
Dropout rate: 0
Silencing rate: 1.3877534344169724e-06
Initial point 4. Random seed: 1074
Solving with ultrametric constraint
Initial phi: 0.6099897549590458. Initial nu: 0.8206198887973642. Initial nllh: 223.8735228482619
EM finished after 8 iterations.
Optimal point found for initial point 4
Negative llh: 59.87035799044651
Dropout rate: 0
Silencing rate: 1.37581187972528e-06
Initial point 5. Random seed: 7153
Solving with ultrametric constraint
Initial phi: 0.6021778196635658. Initial nu: 0.7871796947044123. Initial nllh: 219.785737824855
EM finished after 10 iterations.
Optimal point found for initial point 5
Negative llh: 59.87035785048121
Dropout rate: 0
Silencing rate: 1.3736055334617546e-06
Initial point 6. Random seed: 6965
Solving with ultrametric constraint
Initial phi: 0.3128385967148314. Initial nu: 0.7307548135802047. Initial nllh: 141.05424029406984
EM finished after 8 iterations.
Optimal point found for initial point 6
Negative llh: 59.87035804198706
Dropout rate: 0
Silencing rate: 1.3772675666320297e-06
Initial point 7. Random seed: 9322
Solving with ultrametric constraint
Initial phi: 0.9487852024006704. Initial nu: 0.9513758085184615. Initial nllh: 513.2216766719503
EM finished after 8 iterations.
Optimal point found for initial point 7
Negative llh: 59.87035785357216
Dropout rate: 0
Silencing rate: 1.3745305449657562e-06
Initial point 8. Random seed: 5228
Solving with ultrametric constraint
Initial phi: 0.10146134052416517. Initial nu: 0.23199896104788953. Initial nllh: 83.94644412180695
EM finished after 8 iterations.
Optimal point found for initial point 8
Negative llh: 59.870357855087946
Dropout rate: 0
Silencing rate: 1.3760777860276886e-06
Initial point 9. Random seed: 3509
Solving with ultrametric constraint
Initial phi: 0.27655552387468996. Initial nu: 0.727809679806259. Initial nllh: 133.7349796478691
EM finished after 10 iterations.
Optimal point found for initial point 9
Negative llh: 59.87035800627456
Dropout rate: 0
Silencing rate: 1.377579671276795e-06
Initial point 10. Random seed: 5319
Solving with ultrametric constraint
Initial phi: 0.4759375734872345. Initial nu: 0.977076134086472. Initial nllh: 188.6483586106664
EM finished after 8 iterations.
Optimal point found for initial point 10
Negative llh: 59.87035791395433
Dropout rate: 0
Silencing rate: 1.3772872581617054e-06
Traceback (most recent call last):
  File "/u/gh2161/problin/run_problin.py", line 193, in <module>
    main()
  File "/u/gh2161/problin/run_problin.py", line 172, in main
    fout.write("Sigma: " + str(opt_params['sigma']) + "\n")
KeyError: 'sigma'
