Launching Problin version 0.5b
Problin was called as follow: /u/gh2161/Spatial-Division/problin/run_problin.py -c real_location_data/s15c4/k10_r1_character_matrix.csv -t real_location_data/s15c4/true_tree.nwk -S real_location_data/s15c4/leaf_locations.txt --delimiter comma -p real_location_data/s15c4/k10_priors.csv -o real_location_data/s15c4/k10_r1_spalin-divide-beta3.txt --nInitials 10 --ultrametric --randomreps 3 --divide --given_beta 3 --incl_beta_bound
Optimization by Spalin-Divide: Scipy-SLSQP using spatial information
Optimizing branch lengths, phi, and nu without topology search
Initial point 1. Random seed: 8676
Solving with ultrametric constraint
Optimal point found for initial point 1
Negative llh: 185.5073083669599
Dropout rate: 3.9789689335860784e-10
Silencing rate: 2.7401438357673164e-10
Sigma: 4.468363214986464
Initial point 2. Random seed: 9900
Solving with ultrametric constraint
Optimal point found for initial point 2
Negative llh: 185.50730842514963
Dropout rate: 1.8581260040771035e-10
Silencing rate: 1.500961525009446e-10
Sigma: 4.4684874625035365
Initial point 3. Random seed: 4868
Solving with ultrametric constraint
Optimal point found for initial point 3
Negative llh: 185.50732004809157
Dropout rate: 1.774738506466927e-10
Silencing rate: 3.8343887388895476e-10
Sigma: 4.468347616869363
Initial point 4. Random seed: 2095
Solving with ultrametric constraint
Optimal point found for initial point 4
Negative llh: 185.50730770430175
Dropout rate: 1.0000000000000002e-10
Silencing rate: 1.0000000000000002e-10
Sigma: 4.4684579382139535
Initial point 5. Random seed: 5145
Solving with ultrametric constraint
Optimal point found for initial point 5
Negative llh: 185.50730793554078
Dropout rate: 1e-10
Silencing rate: 1e-10
Sigma: 4.468639542172377
Initial point 6. Random seed: 4978
Solving with ultrametric constraint
Optimal point found for initial point 6
Negative llh: 185.50732432911425
Dropout rate: 2.401825724059703e-10
Silencing rate: 1.896037972471592e-10
Sigma: 4.467562620312249
Initial point 7. Random seed: 1260
Solving with ultrametric constraint
Optimal point found for initial point 7
Negative llh: 185.50731228686493
Dropout rate: 5.047763444492369e-10
Silencing rate: 4.0991290879186024e-10
Sigma: 4.4682585838680815
Initial point 8. Random seed: 3913
Solving with ultrametric constraint
Optimal point found for initial point 8
Negative llh: 185.5073096338508
Dropout rate: 9.999999999999996e-11
Silencing rate: 9.999999999999996e-11
Sigma: 4.468551545743868
Initial point 9. Random seed: 1573
Solving with ultrametric constraint
Optimal point found for initial point 9
Negative llh: 185.50730985777938
Dropout rate: 1e-10
Silencing rate: 1e-10
Sigma: 4.46856026449266
Initial point 10. Random seed: 2414
Solving with ultrametric constraint
Optimal point found for initial point 10
Negative llh: 185.50730931335394
Dropout rate: 1e-10
Silencing rate: 1e-10
Sigma: 4.4684331326673075
Runtime (s): 995.8692241059907
