Launching Problin version 0.5b
Problin was called as follow: /u/gh2161/problin/run_problin.py -c simulated_data/s15c4/k10_r2_character_matrix.csv -t simulated_data/s15c4/true_tree.nwk -S simulated_data/s15c4/leaf_locations.txt --delimiter comma -p simulated_data/s15c4/k10_priors.csv -o simulated_data/s15c4/k10_r2_spalin_leaves_newfelsen.txt --nInitials 10 --ultrametric --randomreps 3
Optimization by Spalin: Scipy-SLSQP using spatial information
Optimizing branch lengths, phi, and nu without topology search
Initial point 1. Random seed: 3297
Solving with ultrametric constraint
Optimal point found for initial point 1
Negative llh: 158.91764044349821
Dropout rate: 9.974378225805606e-10
Silencing rate: 4.3539419768332475e-10
Sigma: 6.669615862259865
Initial point 2. Random seed: 5547
Solving with ultrametric constraint
Optimal point found for initial point 2
Negative llh: 158.91764045424202
Dropout rate: 1e-10
Silencing rate: 1e-10
Sigma: 6.670921863033998
Initial point 3. Random seed: 6875
Solving with ultrametric constraint
Optimal point found for initial point 3
Negative llh: 158.91764083654314
Dropout rate: 1.0000000000000007e-10
Silencing rate: 1.0000000000000007e-10
Sigma: 6.670331060273966
Initial point 4. Random seed: 3300
Solving with ultrametric constraint
Optimal point found for initial point 4
Negative llh: 158.91764037315997
Dropout rate: 1e-10
Silencing rate: 1e-10
Sigma: 6.6699476594185745
Initial point 5. Random seed: 2669
Solving with ultrametric constraint
Optimal point found for initial point 5
Negative llh: 158.91764065102637
Dropout rate: 9.999999999999996e-11
Silencing rate: 9.999999999999996e-11
Sigma: 6.670064377841095
Initial point 6. Random seed: 4562
Solving with ultrametric constraint
Optimal point found for initial point 6
Negative llh: 158.9176405024466
Dropout rate: 1e-10
Silencing rate: 1e-10
Sigma: 6.670256149950742
Initial point 7. Random seed: 8693
Solving with ultrametric constraint
Optimal point found for initial point 7
Negative llh: 158.9176405643908
Dropout rate: 1e-10
Silencing rate: 1e-10
Sigma: 6.669653533557752
Initial point 8. Random seed: 8901
Solving with ultrametric constraint
Optimal point found for initial point 8
Negative llh: 158.91764063862843
Dropout rate: 9.999999999999996e-11
Silencing rate: 9.999999999999996e-11
Sigma: 6.671039010578848
Initial point 9. Random seed: 4406
Solving with ultrametric constraint
Optimal point found for initial point 9
Negative llh: 158.91764108336446
Dropout rate: 2.2189613608041236e-09
Silencing rate: 1.6253467904632101e-09
Sigma: 6.669599266930375
Initial point 10. Random seed: 15
Solving with ultrametric constraint
Optimal point found for initial point 10
Negative llh: 158.91764118694462
Dropout rate: 1e-10
Silencing rate: 1e-10
Sigma: 6.669343656120599
Runtime (s): 96.61971396394074
