Launching Problin version 0.5b
Problin was called as follow: /u/gh2161/Spatial-Division/problin/run_problin.py -c real_location_data/s15c4/k10_r3_character_matrix.csv -t real_location_data/s15c4/true_tree.nwk -S real_location_data/s15c4/leaf_locations.txt --delimiter comma -p real_location_data/s15c4/k10_priors.csv -o real_location_data/s15c4/k10_r3_spalin-divide-beta1.txt --nInitials 10 --ultrametric --randomreps 3 --divide --given_beta 1 --incl_beta_bound
Optimization by Spalin-Divide: Scipy-SLSQP using spatial information
Optimizing branch lengths, phi, and nu without topology search
Initial point 1. Random seed: 2482
Solving with ultrametric constraint
Optimal point found for initial point 1
Negative llh: 175.14290082023433
Dropout rate: 1e-10
Silencing rate: 1e-10
Sigma: 5.390895518363067
Initial point 2. Random seed: 5611
Solving with ultrametric constraint
Optimal point found for initial point 2
Negative llh: 175.14290079657724
Dropout rate: 1e-10
Silencing rate: 1e-10
Sigma: 5.3909803408987145
Initial point 3. Random seed: 5831
Solving with ultrametric constraint
Optimal point found for initial point 3
Negative llh: 175.1429009238966
Dropout rate: 1e-10
Silencing rate: 1e-10
Sigma: 5.391081518981341
Initial point 4. Random seed: 5894
Solving with ultrametric constraint
Optimal point found for initial point 4
Negative llh: 175.1429012965471
Dropout rate: 3.665674403454451e-10
Silencing rate: 2.116866244262961e-10
Sigma: 5.39102945417857
Initial point 5. Random seed: 166
Solving with ultrametric constraint
Optimal point found for initial point 5
Negative llh: 175.14290167122454
Dropout rate: 1.0000000000000007e-10
Silencing rate: 1.0000000000000007e-10
Sigma: 5.391070805697323
Initial point 6. Random seed: 823
Solving with ultrametric constraint
Optimal point found for initial point 6
Negative llh: 175.14290028238975
Dropout rate: 1e-10
Silencing rate: 1e-10
Sigma: 5.391077541822349
Initial point 7. Random seed: 5926
Solving with ultrametric constraint
Optimal point found for initial point 7
Negative llh: 175.14290689923143
Dropout rate: 2.8861522678520555e-09
Silencing rate: 1.7339921300864407e-09
Sigma: 5.3902818947639215
Initial point 8. Random seed: 2490
Solving with ultrametric constraint
Optimal point found for initial point 8
Negative llh: 175.14290154490584
Dropout rate: 7.860144032655336e-10
Silencing rate: 3.697055315290902e-10
Sigma: 5.39098028296786
Initial point 9. Random seed: 6065
Solving with ultrametric constraint
Optimal point found for initial point 9
Negative llh: 175.14290191223606
Dropout rate: 5.022167542800029e-10
Silencing rate: 3.048357183765585e-10
Sigma: 5.391082897117635
Initial point 10. Random seed: 8263
Solving with ultrametric constraint
Optimal point found for initial point 10
Negative llh: 175.1429074293082
Dropout rate: 1.1593317364617114e-09
Silencing rate: 6.983527311999528e-10
Sigma: 5.3916251033818146
Runtime (s): 452.10325906053185
