Launching Problin version 0.5b
Problin was called as follow: /u/gh2161/Spatial-Division/problin/run_problin.py -c real_location_data/s15c4/k10_r5_character_matrix.csv -t real_location_data/s15c4/true_tree.nwk -S real_location_data/s15c4/leaf_locations.txt --delimiter comma -p real_location_data/s15c4/k10_priors.csv -o real_location_data/s15c4/k10_r5_spalin-divide-ignore-beta.txt --nInitials 10 --ultrametric --randomreps 3 --divide
Optimization by Spalin-Divide: Scipy-SLSQP using spatial information
Optimizing branch lengths, phi, and nu without topology search
Initial point 1. Random seed: 4358
Solving with ultrametric constraint
Optimal point found for initial point 1
Negative llh: 174.69741477433354
Dropout rate: 1.0000000000000002e-10
Silencing rate: 1e-10
Sigma: 6.064842745058828
Initial point 2. Random seed: 2736
Solving with ultrametric constraint
Optimal point found for initial point 2
Negative llh: 174.69748903730516
Dropout rate: 1.1453352089531246e-09
Silencing rate: 5.699470106355893e-10
Sigma: 6.0644095966172955
Initial point 3. Random seed: 4724
Solving with ultrametric constraint
Optimal point found for initial point 3
Negative llh: 174.69744099820326
Dropout rate: 9.876004174259347e-10
Silencing rate: 4.044502931549248e-10
Sigma: 6.06375194819776
Initial point 4. Random seed: 5228
Solving with ultrametric constraint
Optimal point found for initial point 4
Negative llh: 174.69744270415063
Dropout rate: 3.5826766970865267e-10
Silencing rate: 2.0391280739044936e-10
Sigma: 6.064904268851578
Initial point 5. Random seed: 1796
Solving with ultrametric constraint
Optimal point found for initial point 5
Negative llh: 174.6974728239486
Dropout rate: 1.2581791700815597e-09
Silencing rate: 9.169599703376476e-10
Sigma: 6.064300092727757
Initial point 6. Random seed: 8685
Solving with ultrametric constraint
Optimal point found for initial point 6
Negative llh: 174.69743641234012
Dropout rate: 1e-10
Silencing rate: 1e-10
Sigma: 6.064525346874664
Initial point 7. Random seed: 4962
Solving with ultrametric constraint
Optimal point found for initial point 7
Negative llh: 174.69743823206431
Dropout rate: 1.3301517851657798e-10
Silencing rate: 1.0990643422283458e-10
Sigma: 6.064163481589745
Initial point 8. Random seed: 901
Solving with ultrametric constraint
Optimal point found for initial point 8
Negative llh: 174.69742908061892
Dropout rate: 1e-10
Silencing rate: 1e-10
Sigma: 6.064859708831436
Initial point 9. Random seed: 3517
Solving with ultrametric constraint
Optimal point found for initial point 9
Negative llh: 174.6974323149869
Dropout rate: 3.034459026714647e-10
Silencing rate: 1.7926702579742615e-10
Sigma: 6.065226508426792
Initial point 10. Random seed: 5597
Solving with ultrametric constraint
Optimal point found for initial point 10
Negative llh: 174.69742441505602
Dropout rate: 1.0000000000000007e-10
Silencing rate: 1.0000000000000007e-10
Sigma: 6.064815108383076
Runtime (s): 418.6239654679666
