Launching Problin version 0.5b
Problin was called as follow: /u/gh2161/Spatial-Division/problin/run_problin.py -c real_location_data/s15c4/k10_r3_character_matrix.csv -t real_location_data/s15c4/true_tree.nwk -S real_location_data/s15c4/leaf_locations.txt --delimiter comma -p real_location_data/s15c4/k10_priors.csv -o real_location_data/s15c4/k10_r3_spalin-divide-ignore-beta.txt --nInitials 10 --ultrametric --randomreps 3 --divide
Optimization by Spalin-Divide: Scipy-SLSQP using spatial information
Optimizing branch lengths, phi, and nu without topology search
Initial point 1. Random seed: 5829
Solving with ultrametric constraint
Optimal point found for initial point 1
Negative llh: 174.69023094746225
Dropout rate: 7.884471556960313e-10
Silencing rate: 3.7988328222081897e-10
Sigma: 5.349633256560874
Initial point 2. Random seed: 3933
Solving with ultrametric constraint
Optimal point found for initial point 2
Negative llh: 174.6902650773929
Dropout rate: 1.5756964198217265e-09
Silencing rate: 1.0025588652079515e-09
Sigma: 5.349372936113309
Initial point 3. Random seed: 6731
Solving with ultrametric constraint
Optimal point found for initial point 3
Negative llh: 174.69023100124616
Dropout rate: 1.0000000000000002e-10
Silencing rate: 1.0000000000000002e-10
Sigma: 5.349573003063632
Initial point 4. Random seed: 9910
Solving with ultrametric constraint
Optimal point found for initial point 4
Negative llh: 174.69023113513396
Dropout rate: 1.961654974526948e-09
Silencing rate: 8.563150084073939e-10
Sigma: 5.349569903991766
Initial point 5. Random seed: 674
Solving with ultrametric constraint
Optimal point found for initial point 5
Negative llh: 174.69025529310105
Dropout rate: 1.0000000000000007e-10
Silencing rate: 1.0000000000000007e-10
Sigma: 5.349348077607528
Initial point 6. Random seed: 6876
Solving with ultrametric constraint
Optimal point found for initial point 6
Negative llh: 174.6902470628395
Dropout rate: 1.3997937318905683e-09
Silencing rate: 8.733494243688716e-10
Sigma: 5.349319523218081
Initial point 7. Random seed: 4728
Solving with ultrametric constraint
Optimal point found for initial point 7
Negative llh: 174.69023489893058
Dropout rate: 7.34095771661397e-10
Silencing rate: 4.486616296730025e-10
Sigma: 5.3498581800359295
Initial point 8. Random seed: 2504
Solving with ultrametric constraint
Optimal point found for initial point 8
Negative llh: 174.69025542450888
Dropout rate: 1e-10
Silencing rate: 1e-10
Sigma: 5.349344340541557
Initial point 9. Random seed: 9828
Solving with ultrametric constraint
Optimal point found for initial point 9
Negative llh: 174.69024911160633
Dropout rate: 1.6749443113427296e-10
Silencing rate: 1.3041334377396208e-10
Sigma: 5.349767503510937
Initial point 10. Random seed: 1949
Solving with ultrametric constraint
Optimal point found for initial point 10
Negative llh: 174.69024842951583
Dropout rate: 5.968505198466375e-10
Silencing rate: 3.5359801886095443e-10
Sigma: 5.349775007477344
Runtime (s): 360.80405676551163
