Launching Problin version 0.5b
Problin was called as follow: /u/gh2161/Spatial-Division/problin/run_problin.py -c real_location_data/s15c4/k10_r4_character_matrix.csv -t real_location_data/s15c4/true_tree.nwk -S real_location_data/s15c4/leaf_locations.txt --delimiter comma -p real_location_data/s15c4/k10_priors.csv -o real_location_data/s15c4/k10_r4_spalin-divide-beta05.txt --nInitials 10 --ultrametric --randomreps 3 --divide --given_beta 0.5 --incl_beta_bound
Optimization by Spalin-Divide: Scipy-SLSQP using spatial information
Optimizing branch lengths, phi, and nu without topology search
Initial point 1. Random seed: 8663
Solving with ultrametric constraint
Optimal point found for initial point 1
Negative llh: 192.9658364104182
Dropout rate: 1e-10
Silencing rate: 1e-10
Sigma: 5.085087912007637
Initial point 2. Random seed: 7354
Solving with ultrametric constraint
Optimal point found for initial point 2
Negative llh: 192.965836574916
Dropout rate: 1.4148825387276847e-09
Silencing rate: 1.031627242209661e-09
Sigma: 5.08512575656228
Initial point 3. Random seed: 4467
Solving with ultrametric constraint
Optimal point found for initial point 3
Negative llh: 192.96583634955908
Dropout rate: 1e-10
Silencing rate: 1e-10
Sigma: 5.085123620363635
Initial point 4. Random seed: 1171
Solving with ultrametric constraint
Optimal point found for initial point 4
Negative llh: 192.96583657404472
Dropout rate: 1e-10
Silencing rate: 1e-10
Sigma: 5.085104658612436
Initial point 5. Random seed: 3114
Solving with ultrametric constraint
Optimal point found for initial point 5
Negative llh: 192.96583720196125
Dropout rate: 1.790908955540921e-10
Silencing rate: 1.4335515017134732e-10
Sigma: 5.085122481562949
Initial point 6. Random seed: 2296
Solving with ultrametric constraint
Optimal point found for initial point 6
Negative llh: 192.96583656365536
Dropout rate: 1e-10
Silencing rate: 1e-10
Sigma: 5.085226368706972
Initial point 7. Random seed: 3846
Solving with ultrametric constraint
Optimal point found for initial point 7
Negative llh: 192.96583636025647
Dropout rate: 1e-10
Silencing rate: 1e-10
Sigma: 5.085112442551804
Initial point 8. Random seed: 3302
Solving with ultrametric constraint
Optimal point found for initial point 8
Negative llh: 192.9658367693749
Dropout rate: 9.999999999999996e-11
Silencing rate: 1.0000000000000002e-10
Sigma: 5.085218756349478
Initial point 9. Random seed: 6333
Solving with ultrametric constraint
Optimal point found for initial point 9
Negative llh: 192.9658574699127
Dropout rate: 9.671663718372594e-10
Silencing rate: 7.227197050180183e-10
Sigma: 5.08446264812133
Initial point 10. Random seed: 816
Solving with ultrametric constraint
Optimal point found for initial point 10
Negative llh: 192.96583631563186
Dropout rate: 1e-10
Silencing rate: 1e-10
Sigma: 5.08512473512565
Runtime (s): 440.3244567569345
