Launching Problin version 0.5b
Problin was called as follow: /u/gh2161/Spatial-Division/problin/run_problin.py -c real_location_data/s15c4/k10_r5_character_matrix.csv -t real_location_data/s15c4/true_tree.nwk -S real_location_data/s15c4/leaf_locations.txt --delimiter comma -p real_location_data/s15c4/k10_priors.csv -o real_location_data/s15c4/k10_r5_spalin-divide-beta05.txt --nInitials 10 --ultrametric --randomreps 3 --divide --given_beta 0.5 --incl_beta_bound
Optimization by Spalin-Divide: Scipy-SLSQP using spatial information
Optimizing branch lengths, phi, and nu without topology search
Initial point 1. Random seed: 3764
Solving with ultrametric constraint
Optimal point found for initial point 1
Negative llh: 176.31354125157077
Dropout rate: 8.155964930276739e-10
Silencing rate: 2.504582804114661e-10
Sigma: 6.225166155922988
Initial point 2. Random seed: 1753
Solving with ultrametric constraint
Optimal point found for initial point 2
Negative llh: 176.31354054622676
Dropout rate: 1e-10
Silencing rate: 1e-10
Sigma: 6.225101206483
Initial point 3. Random seed: 1013
Solving with ultrametric constraint
Optimal point found for initial point 3
Negative llh: 176.31354033911003
Dropout rate: 1.9849978712748704e-10
Silencing rate: 1.936753354385587e-10
Sigma: 6.225089870817962
Initial point 4. Random seed: 2598
Solving with ultrametric constraint
Optimal point found for initial point 4
Negative llh: 176.3135419668136
Dropout rate: 9.901979698151568e-10
Silencing rate: 5.839538221597286e-10
Sigma: 6.225507034895491
Initial point 5. Random seed: 2373
Solving with ultrametric constraint
Optimal point found for initial point 5
Negative llh: 176.31354046189432
Dropout rate: 1e-10
Silencing rate: 1e-10
Sigma: 6.225111248859785
Initial point 6. Random seed: 2115
Solving with ultrametric constraint
Optimal point found for initial point 6
Negative llh: 176.3135415630657
Dropout rate: 1.0184974788760776e-10
Silencing rate: 1.1031420729141031e-10
Sigma: 6.225232996242885
Initial point 7. Random seed: 3112
Solving with ultrametric constraint
Optimal point found for initial point 7
Negative llh: 176.31354031846502
Dropout rate: 1e-10
Silencing rate: 1e-10
Sigma: 6.225140891836664
Initial point 8. Random seed: 1676
Solving with ultrametric constraint
Optimal point found for initial point 8
Negative llh: 176.31354040262482
Dropout rate: 1.0000000000000007e-10
Silencing rate: 1.0000000000000007e-10
Sigma: 6.225205217285584
Initial point 9. Random seed: 2888
Solving with ultrametric constraint
Optimal point found for initial point 9
Negative llh: 176.3135406793441
Dropout rate: 1.0744671765588093e-10
Silencing rate: 1.2206007537991727e-10
Sigma: 6.225083338632041
Initial point 10. Random seed: 6063
Solving with ultrametric constraint
Optimal point found for initial point 10
Negative llh: 176.31354034827942
Dropout rate: 1e-10
Silencing rate: 1e-10
Sigma: 6.225071247230365
Runtime (s): 544.0959117099992
