Launching Problin version 0.5b
Problin was called as follow: /u/gh2161/Spatial-Division/problin/run_problin.py -c real_location_data/s15c4/k10_r4_character_matrix.csv -t real_location_data/s15c4/true_tree.nwk -S real_location_data/s15c4/leaf_locations.txt --delimiter comma -p real_location_data/s15c4/k10_priors.csv -o real_location_data/s15c4/k10_r4_spalin-divide-beta3.txt --nInitials 10 --ultrametric --randomreps 3 --divide --given_beta 3 --incl_beta_bound
Optimization by Spalin-Divide: Scipy-SLSQP using spatial information
Optimizing branch lengths, phi, and nu without topology search
Initial point 1. Random seed: 6120
Solving with ultrametric constraint
Optimal point found for initial point 1
Negative llh: 187.2928955709572
Dropout rate: 1e-10
Silencing rate: 1e-10
Sigma: 4.5904896460442846
Initial point 2. Random seed: 2
Solving with ultrametric constraint
Optimal point found for initial point 2
Negative llh: 187.2928941182682
Dropout rate: 9.999999999999996e-11
Silencing rate: 1.0000000000000002e-10
Sigma: 4.590630284862924
Initial point 3. Random seed: 2915
Solving with ultrametric constraint
Optimal point found for initial point 3
Negative llh: 187.29290343229275
Dropout rate: 1e-10
Silencing rate: 1e-10
Sigma: 4.590740248973466
Initial point 4. Random seed: 9478
Solving with ultrametric constraint
Optimal point found for initial point 4
Negative llh: 187.292895460735
Dropout rate: 1e-10
Silencing rate: 1e-10
Sigma: 4.590872010537666
Initial point 5. Random seed: 6708
Solving with ultrametric constraint
Optimal point found for initial point 5
Negative llh: 187.29289432064425
Dropout rate: 3.194288162850034e-10
Silencing rate: 2.3197233409161645e-10
Sigma: 4.590674916445733
Initial point 6. Random seed: 4182
Solving with ultrametric constraint
Optimal point found for initial point 6
Negative llh: 187.29289453227358
Dropout rate: 2.534713572595397e-10
Silencing rate: 2.531576401725606e-10
Sigma: 4.590676135064505
Initial point 7. Random seed: 49
Solving with ultrametric constraint
Optimal point found for initial point 7
Negative llh: 187.29289415505627
Dropout rate: 1e-10
Silencing rate: 1e-10
Sigma: 4.590632485791653
Initial point 8. Random seed: 6768
Solving with ultrametric constraint
Optimal point found for initial point 8
Negative llh: 187.29289791148284
Dropout rate: 9.612498692815337e-10
Silencing rate: 6.181075164301125e-10
Sigma: 4.590197273245894
Initial point 9. Random seed: 2762
Solving with ultrametric constraint
Optimal point found for initial point 9
Negative llh: 187.2928947556481
Dropout rate: 1.7875905008639333e-09
Silencing rate: 1.2113912115397203e-09
Sigma: 4.5906469758062025
Initial point 10. Random seed: 672
Solving with ultrametric constraint
Optimal point found for initial point 10
Negative llh: 187.29289569169126
Dropout rate: 1e-10
Silencing rate: 1e-10
Sigma: 4.590597787509077
Runtime (s): 561.9863156918436
