Launching Problin version 0.5b
Problin was called as follow: /u/gh2161/Spatial-Division/problin/run_problin.py -c real_location_data/s15c4/k10_r3_character_matrix.csv -t real_location_data/s15c4/true_tree.nwk -S real_location_data/s15c4/leaf_locations.txt --delimiter comma -p real_location_data/s15c4/k10_priors.csv -o real_location_data/s15c4/k10_r3_spalin-divide-beta3.txt --nInitials 10 --ultrametric --randomreps 3 --divide --given_beta 3 --incl_beta_bound
Optimization by Spalin-Divide: Scipy-SLSQP using spatial information
Optimizing branch lengths, phi, and nu without topology search
Initial point 1. Random seed: 1018
Solving with ultrametric constraint
Optimal point found for initial point 1
Negative llh: 169.6915765080934
Dropout rate: 4.1273038849696817e-10
Silencing rate: 2.1436217238889122e-10
Sigma: 4.963985695150776
Initial point 2. Random seed: 2306
Solving with ultrametric constraint
Optimal point found for initial point 2
Negative llh: 169.6915777564788
Dropout rate: 1.0000000000000007e-10
Silencing rate: 9.999999999999996e-11
Sigma: 4.963784380291906
Initial point 3. Random seed: 7074
Solving with ultrametric constraint
Optimal point found for initial point 3
Negative llh: 169.69158062317408
Dropout rate: 1.5664946892043458e-10
Silencing rate: 1.25545242106695e-10
Sigma: 4.963739937668878
Initial point 4. Random seed: 9038
Solving with ultrametric constraint
Optimal point found for initial point 4
Negative llh: 169.69157663211797
Dropout rate: 1e-10
Silencing rate: 1e-10
Sigma: 4.963978018642597
Initial point 5. Random seed: 4699
Solving with ultrametric constraint
Optimal point found for initial point 5
Negative llh: 169.6915778907511
Dropout rate: 6.189620318286527e-10
Silencing rate: 3.374550936102927e-10
Sigma: 4.963891889198299
Initial point 6. Random seed: 8647
Solving with ultrametric constraint
Optimal point found for initial point 6
Negative llh: 169.69157934591584
Dropout rate: 1e-10
Silencing rate: 1e-10
Sigma: 4.963662393624924
Initial point 7. Random seed: 7967
Solving with ultrametric constraint
Optimal point found for initial point 7
Negative llh: 169.69157685815384
Dropout rate: 1.4369240610535945e-10
Silencing rate: 1.2048586948039274e-10
Sigma: 4.963983973180501
Initial point 8. Random seed: 5950
Solving with ultrametric constraint
Optimal point found for initial point 8
Negative llh: 169.6915774854967
Dropout rate: 1e-10
Silencing rate: 1e-10
Sigma: 4.963906607766968
Initial point 9. Random seed: 1158
Solving with ultrametric constraint
Optimal point found for initial point 9
Negative llh: 169.69157869148097
Dropout rate: 1e-10
Silencing rate: 1e-10
Sigma: 4.963713373041845
Initial point 10. Random seed: 425
Solving with ultrametric constraint
Optimal point found for initial point 10
Negative llh: 169.69157932280098
Dropout rate: 3.68421719440924e-10
Silencing rate: 2.6780122390617324e-10
Sigma: 4.963961829277512
Runtime (s): 768.551071103022
