Launching Problin version 0.5b
Problin was called as follow: /u/gh2161/Spatial-Division/problin/run_problin.py -c real_location_data/s15c8/k10_r4_character_matrix.csv -t real_location_data/s15c8/true_tree.nwk -S real_location_data/s15c8/leaf_locations.txt --delimiter comma -p real_location_data/s15c8/k10_priors.csv -o real_location_data/s15c8/k10_r4_spalin-divide-beta05.txt --nInitials 10 --ultrametric --randomreps 3 --divide --given_beta 0.5 --incl_beta_bound
Optimization by Spalin-Divide: Scipy-SLSQP using spatial information
Optimizing branch lengths, phi, and nu without topology search
Initial point 1. Random seed: 1956
Solving with ultrametric constraint
Optimal point found for initial point 1
Negative llh: 256.86030687012715
Dropout rate: 5.878097134075516e-09
Silencing rate: 1.931636236390051e-09
Sigma: 5.896424696700303
Initial point 2. Random seed: 7224
Solving with ultrametric constraint
Optimal point found for initial point 2
Negative llh: 256.8603008747714
Dropout rate: 2.2585085516400925e-10
Silencing rate: 1.4046868565177817e-10
Sigma: 5.896063685272769
Initial point 3. Random seed: 3421
Solving with ultrametric constraint
Optimal point found for initial point 3
Negative llh: 256.86030434170686
Dropout rate: 2.0926911797813716e-09
Silencing rate: 9.131557106616823e-10
Sigma: 5.8966046938102625
Initial point 4. Random seed: 9810
Solving with ultrametric constraint
Optimal point found for initial point 4
Negative llh: 256.8603017363563
Dropout rate: 1e-10
Silencing rate: 1e-10
Sigma: 5.896070089600394
Initial point 5. Random seed: 9292
Solving with ultrametric constraint
Optimal point found for initial point 5
Negative llh: 256.8603011434714
Dropout rate: 1e-10
Silencing rate: 1e-10
Sigma: 5.896155818958649
Initial point 6. Random seed: 364
Solving with ultrametric constraint
Optimal point found for initial point 6
Negative llh: 256.8603018381342
Dropout rate: 7.888299615528762e-10
Silencing rate: 4.888829479547401e-10
Sigma: 5.896264242456857
Initial point 7. Random seed: 8708
Solving with ultrametric constraint
Optimal point found for initial point 7
Negative llh: 256.86030135730846
Dropout rate: 9.999999999999996e-11
Silencing rate: 9.999999999999996e-11
Sigma: 5.896258178998167
Initial point 8. Random seed: 8356
Solving with ultrametric constraint
Optimal point found for initial point 8
Negative llh: 256.86030124769104
Dropout rate: 9.999999999999996e-11
Silencing rate: 1.0000000000000002e-10
Sigma: 5.896260521175066
Initial point 9. Random seed: 3544
Solving with ultrametric constraint
Optimal point found for initial point 9
Negative llh: 256.86030155400135
Dropout rate: 2.8347517105444805e-10
Silencing rate: 2.8120837305083233e-10
Sigma: 5.896083910296755
Initial point 10. Random seed: 2609
Solving with ultrametric constraint
Optimal point found for initial point 10
Negative llh: 256.86030089520017
Dropout rate: 3.9560442323794443e-10
Silencing rate: 2.0936533886292304e-10
Sigma: 5.8961673307661435
Runtime (s): 784.106321063824
