Launching Problin version 0.5b
Problin was called as follow: /u/gh2161/Spatial-Division/problin/run_problin.py -c real_location_data/s15c8/k10_r4_character_matrix.csv -t real_location_data/s15c8/true_tree.nwk -S real_location_data/s15c8/leaf_locations.txt --delimiter comma -p real_location_data/s15c8/k10_priors.csv -o real_location_data/s15c8/k10_r4_spalin-divide-beta3.txt --nInitials 10 --ultrametric --randomreps 3 --divide --given_beta 3 --incl_beta_bound
Optimization by Spalin-Divide: Scipy-SLSQP using spatial information
Optimizing branch lengths, phi, and nu without topology search
Initial point 1. Random seed: 2040
Solving with ultrametric constraint
Optimal point found for initial point 1
Negative llh: 245.90077834512488
Dropout rate: 1e-10
Silencing rate: 1e-10
Sigma: 5.317163227389623
Initial point 2. Random seed: 1442
Solving with ultrametric constraint
Optimal point found for initial point 2
Negative llh: 245.90077868779258
Dropout rate: 2.0230068202373324e-10
Silencing rate: 1.3270274173027389e-10
Sigma: 5.317138202686606
Initial point 3. Random seed: 45
Solving with ultrametric constraint
Optimal point found for initial point 3
Negative llh: 245.90077860490572
Dropout rate: 1.0000000000000002e-10
Silencing rate: 1.0000000000000002e-10
Sigma: 5.317257672947328
Initial point 4. Random seed: 6851
Solving with ultrametric constraint
Optimal point found for initial point 4
Negative llh: 245.9007781909839
Dropout rate: 1.195210830318238e-10
Silencing rate: 1.0624889439796191e-10
Sigma: 5.317127814376744
Initial point 5. Random seed: 2228
Solving with ultrametric constraint
Optimal point found for initial point 5
Negative llh: 245.90077828633795
Dropout rate: 1.9129044990670427e-10
Silencing rate: 1.292618412981132e-10
Sigma: 5.317037184520293
Initial point 6. Random seed: 231
Solving with ultrametric constraint
Optimal point found for initial point 6
Negative llh: 245.90077876289365
Dropout rate: 1e-10
Silencing rate: 1e-10
Sigma: 5.317139991507215
Initial point 7. Random seed: 7916
Solving with ultrametric constraint
Optimal point found for initial point 7
Negative llh: 245.90078091650267
Dropout rate: 1e-10
Silencing rate: 1e-10
Sigma: 5.317642366059801
Initial point 8. Random seed: 8195
Solving with ultrametric constraint
Optimal point found for initial point 8
Negative llh: 245.90077850060754
Dropout rate: 1e-10
Silencing rate: 1e-10
Sigma: 5.317128094138258
Initial point 9. Random seed: 2939
Solving with ultrametric constraint
Optimal point found for initial point 9
Negative llh: 245.9007789698869
Dropout rate: 1.3241971833174106e-09
Silencing rate: 8.146926021168849e-10
Sigma: 5.317006340959354
Initial point 10. Random seed: 8014
Solving with ultrametric constraint
Optimal point found for initial point 10
Negative llh: 245.90077877914064
Dropout rate: 2.1780563393511168e-10
Silencing rate: 1.3770831753014402e-10
Sigma: 5.317071549246881
Runtime (s): 1169.5699949469417
