Launching Problin version 0.5b
Problin was called as follow: /u/gh2161/Spatial-Division/problin/run_problin.py -c real_location_data/s15c8/k10_r3_character_matrix.csv -t real_location_data/s15c8/true_tree.nwk -S real_location_data/s15c8/leaf_locations.txt --delimiter comma -p real_location_data/s15c8/k10_priors.csv -o real_location_data/s15c8/k10_r3_spalin-divide-ignore-beta.txt --nInitials 10 --ultrametric --randomreps 3 --divide
Optimization by Spalin-Divide: Scipy-SLSQP using spatial information
Optimizing branch lengths, phi, and nu without topology search
Initial point 1. Random seed: 3279
Solving with ultrametric constraint
Optimal point found for initial point 1
Negative llh: 261.0176541777204
Dropout rate: 1.4074739250810576e-09
Silencing rate: 5.46261380424868e-10
Sigma: 5.461846605978778
Initial point 2. Random seed: 1417
Solving with ultrametric constraint
Optimal point found for initial point 2
Negative llh: 261.0176582730339
Dropout rate: 2.122047096562654e-09
Silencing rate: 1.2593945044128691e-09
Sigma: 5.461763000027123
Initial point 3. Random seed: 4246
Solving with ultrametric constraint
Optimal point found for initial point 3
Negative llh: 261.01765272991616
Dropout rate: 1.0000000000000007e-10
Silencing rate: 1.0000000000000007e-10
Sigma: 5.461700571562624
Initial point 4. Random seed: 3519
Solving with ultrametric constraint
Optimal point found for initial point 4
Negative llh: 261.01765403607334
Dropout rate: 8.909087459045238e-10
Silencing rate: 4.1155060024177086e-10
Sigma: 5.462005745556839
Initial point 5. Random seed: 8676
Solving with ultrametric constraint
Optimal point found for initial point 5
Negative llh: 261.0176529095103
Dropout rate: 8.929450708407051e-10
Silencing rate: 6.253209784379998e-10
Sigma: 5.461735390939019
Initial point 6. Random seed: 9430
Solving with ultrametric constraint
Optimal point found for initial point 6
Negative llh: 261.0176527997976
Dropout rate: 1e-10
Silencing rate: 1e-10
Sigma: 5.461932997440135
Initial point 7. Random seed: 2281
Solving with ultrametric constraint
Optimal point found for initial point 7
Negative llh: 261.01765649713667
Dropout rate: 6.032058438372772e-09
Silencing rate: 3.256002925139601e-09
Sigma: 5.461903187553366
Initial point 8. Random seed: 7514
Solving with ultrametric constraint
Optimal point found for initial point 8
Negative llh: 261.0176540117684
Dropout rate: 1.2735285860709984e-10
Silencing rate: 1.1016744089360623e-10
Sigma: 5.461792568658679
Initial point 9. Random seed: 9112
Solving with ultrametric constraint
Optimal point found for initial point 9
Negative llh: 261.0176792506364
Dropout rate: 1e-10
Silencing rate: 1e-10
Sigma: 5.461599520686431
Initial point 10. Random seed: 4216
Solving with ultrametric constraint
Optimal point found for initial point 10
Negative llh: 261.0176535995916
Dropout rate: 1.0000000000000007e-10
Silencing rate: 1.0000000000000007e-10
Sigma: 5.461715128954739
Runtime (s): 801.7207866758108
