Launching Problin version 0.5b
Problin was called as follow: /u/gh2161/Spatial-Division/problin/run_problin.py -c real_location_data/s15c8/k10_r5_character_matrix.csv -t real_location_data/s15c8/true_tree.nwk -S real_location_data/s15c8/leaf_locations.txt --delimiter comma -p real_location_data/s15c8/k10_priors.csv -o real_location_data/s15c8/k10_r5_spalin-divide-beta05.txt --nInitials 10 --ultrametric --randomreps 3 --divide --given_beta 0.5 --incl_beta_bound
Optimization by Spalin-Divide: Scipy-SLSQP using spatial information
Optimizing branch lengths, phi, and nu without topology search
Initial point 1. Random seed: 6321
Solving with ultrametric constraint
Optimal point found for initial point 1
Negative llh: 237.64149061595595
Dropout rate: 1.0000000000000007e-10
Silencing rate: 1.0000000000000002e-10
Sigma: 5.876507970774512
Initial point 2. Random seed: 6636
Solving with ultrametric constraint
Optimal point found for initial point 2
Negative llh: 237.6414906099312
Dropout rate: 1.0823445446328312e-09
Silencing rate: 4.584197489145133e-10
Sigma: 5.876429534685729
Initial point 3. Random seed: 8858
Solving with ultrametric constraint
Optimal point found for initial point 3
Negative llh: 237.64149068336843
Dropout rate: 5.888227623655569e-10
Silencing rate: 2.8313736831638236e-10
Sigma: 5.876439833467717
Initial point 4. Random seed: 2268
Solving with ultrametric constraint
Optimal point found for initial point 4
Negative llh: 237.64149193486332
Dropout rate: 7.549377025336319e-10
Silencing rate: 4.16958113958994e-10
Sigma: 5.87642129514031
Initial point 5. Random seed: 6412
Solving with ultrametric constraint
Optimal point found for initial point 5
Negative llh: 237.64149143376454
Dropout rate: 7.329723865678018e-10
Silencing rate: 3.657815291273627e-10
Sigma: 5.8763069702509805
Initial point 6. Random seed: 3189
Solving with ultrametric constraint
Optimal point found for initial point 6
Negative llh: 237.64149326461273
Dropout rate: 9.843585509776343e-10
Silencing rate: 6.13185036492386e-10
Sigma: 5.876167509558763
Initial point 7. Random seed: 2823
Solving with ultrametric constraint
Optimal point found for initial point 7
Negative llh: 237.64149166250527
Dropout rate: 1.7732427037359542e-09
Silencing rate: 7.512225060559126e-10
Sigma: 5.876487436776851
Initial point 8. Random seed: 2083
Solving with ultrametric constraint
Optimal point found for initial point 8
Negative llh: 237.64149219292307
Dropout rate: 7.733643761128438e-10
Silencing rate: 3.638771055637758e-10
Sigma: 5.876413261467046
Initial point 9. Random seed: 7441
Solving with ultrametric constraint
Optimal point found for initial point 9
Negative llh: 237.6414908208959
Dropout rate: 2.247119161380414e-09
Silencing rate: 1.1777206440432139e-09
Sigma: 5.876461050451018
Initial point 10. Random seed: 3068
Solving with ultrametric constraint
Optimal point found for initial point 10
Negative llh: 237.6414908127336
Dropout rate: 1e-10
Silencing rate: 1e-10
Sigma: 5.876499530090713
Runtime (s): 857.7761227544397
