Launching Problin version 0.5b
Problin was called as follow: /u/gh2161/Spatial-Division/problin/run_problin.py -c real_location_data/s15c8/k10_r2_character_matrix.csv -t real_location_data/s15c8/true_tree.nwk -S real_location_data/s15c8/leaf_locations.txt --delimiter comma -p real_location_data/s15c8/k10_priors.csv -o real_location_data/s15c8/k10_r2_spalin-divide-ignore-beta.txt --nInitials 10 --ultrametric --randomreps 3 --divide
Optimization by Spalin-Divide: Scipy-SLSQP using spatial information
Optimizing branch lengths, phi, and nu without topology search
Initial point 1. Random seed: 5892
Solving with ultrametric constraint
Optimal point found for initial point 1
Negative llh: 252.94409822127412
Dropout rate: 1.404719006971044e-10
Silencing rate: 1.0988255816186062e-10
Sigma: 5.827855825729298
Initial point 2. Random seed: 6684
Solving with ultrametric constraint
Optimal point found for initial point 2
Negative llh: 252.944138915724
Dropout rate: 1.0000000000000007e-10
Silencing rate: 1.0000000000000007e-10
Sigma: 5.828345225037011
Initial point 3. Random seed: 9410
Solving with ultrametric constraint
Optimal point found for initial point 3
Negative llh: 252.9441495518807
Dropout rate: 2.635226927395234e-09
Silencing rate: 1.3002818808506635e-09
Sigma: 5.827752237167436
Initial point 4. Random seed: 4551
Solving with ultrametric constraint
Optimal point found for initial point 4
Negative llh: 252.9440972853729
Dropout rate: 1.0000000000000007e-10
Silencing rate: 1.0000000000000007e-10
Sigma: 5.828113632017942
Initial point 5. Random seed: 7008
Solving with ultrametric constraint
Optimal point found for initial point 5
Negative llh: 252.94409592562485
Dropout rate: 4.4003354340727495e-10
Silencing rate: 3.250597062885445e-10
Sigma: 5.82779259045035
Initial point 6. Random seed: 736
Solving with ultrametric constraint
Optimal point found for initial point 6
Negative llh: 252.94412799528303
Dropout rate: 2.2854488976547159e-10
Silencing rate: 1.673441290801336e-10
Sigma: 5.828198945356557
Initial point 7. Random seed: 3593
Solving with ultrametric constraint
Optimal point found for initial point 7
Negative llh: 252.94410047415903
Dropout rate: 9.999999999999924e-11
Silencing rate: 1.0000000000000007e-10
Sigma: 5.8279330814102694
Initial point 8. Random seed: 5987
Solving with ultrametric constraint
Optimal point found for initial point 8
Negative llh: 252.9441414189581
Dropout rate: 1.0000000000000007e-10
Silencing rate: 9.999999999999996e-11
Sigma: 5.827835250080513
Initial point 9. Random seed: 9922
Solving with ultrametric constraint
Optimal point found for initial point 9
Negative llh: 252.9440978902887
Dropout rate: 3.799836089325106e-10
Silencing rate: 2.579511398131062e-10
Sigma: 5.828139963375146
Initial point 10. Random seed: 5896
Solving with ultrametric constraint
Optimal point found for initial point 10
Negative llh: 252.94409720025794
Dropout rate: 9.999999999999996e-11
Silencing rate: 9.999999999999996e-11
Sigma: 5.8280734492693975
Runtime (s): 1193.111302897334
