Launching Problin version 0.5b
Problin was called as follow: /u/gh2161/problin/run_problin.py -c simulated_data/s15c8/k10_r2_character_matrix.csv -t simulated_data/s15c8/true_tree.nwk -S simulated_data/s15c8/leaf_locations.txt --delimiter comma -p simulated_data/s15c8/k10_priors.csv -o simulated_data/s15c8/k10_r2_spalin_leaves_newfelsen.txt --nInitials 10 --ultrametric --randomreps 3
Optimization by Spalin: Scipy-SLSQP using spatial information
Optimizing branch lengths, phi, and nu without topology search
Initial point 1. Random seed: 8309
Solving with ultrametric constraint
Optimal point found for initial point 1
Negative llh: 222.07889215298607
Dropout rate: 1.0000000000000007e-10
Silencing rate: 9.999999999999996e-11
Sigma: 8.290607589233735
Initial point 2. Random seed: 7253
Solving with ultrametric constraint
Optimal point found for initial point 2
Negative llh: 222.07889279739953
Dropout rate: 1e-10
Silencing rate: 1e-10
Sigma: 8.29231992044518
Initial point 3. Random seed: 3253
Solving with ultrametric constraint
Optimal point found for initial point 3
Negative llh: 222.0788937859847
Dropout rate: 6.209915109957766e-09
Silencing rate: 1.1688857930919896e-08
Sigma: 8.291644236301506
Initial point 4. Random seed: 2658
Solving with ultrametric constraint
Optimal point found for initial point 4
Negative llh: 222.0788921332438
Dropout rate: 1e-10
Silencing rate: 1e-10
Sigma: 8.291316620254433
Initial point 5. Random seed: 1882
Solving with ultrametric constraint
Optimal point found for initial point 5
Negative llh: 222.07889180041423
Dropout rate: 1.0000000000000007e-10
Silencing rate: 1.0000000000000007e-10
Sigma: 8.291787995222213
Initial point 6. Random seed: 7913
Solving with ultrametric constraint
Optimal point found for initial point 6
Negative llh: 222.07889190296984
Dropout rate: 1e-10
Silencing rate: 1e-10
Sigma: 8.292319447745399
Initial point 7. Random seed: 1835
Solving with ultrametric constraint
Optimal point found for initial point 7
Negative llh: 222.07889227201065
Dropout rate: 1e-10
Silencing rate: 1e-10
Sigma: 8.29263955376201
Initial point 8. Random seed: 1371
Solving with ultrametric constraint
Optimal point found for initial point 8
Negative llh: 222.07889196423497
Dropout rate: 8.287468247810836e-10
Silencing rate: 3.713407370101229e-10
Sigma: 8.29149738819324
Initial point 9. Random seed: 9421
Solving with ultrametric constraint
Optimal point found for initial point 9
Negative llh: 222.07889196139013
Dropout rate: 1e-10
Silencing rate: 1e-10
Sigma: 8.29142919018284
Initial point 10. Random seed: 6526
Solving with ultrametric constraint
Optimal point found for initial point 10
Negative llh: 222.07889208351378
Dropout rate: 1e-10
Silencing rate: 1e-10
Sigma: 8.290776053516646
Runtime (s): 165.26766675896943
