Launching Problin version 0.5b
Problin was called as follow: /u/gh2161/Spatial-Division/problin/run_problin.py -c real_location_data/s15c8/k10_r2_character_matrix.csv -t real_location_data/s15c8/true_tree.nwk -S real_location_data/s15c8/leaf_locations.txt --delimiter comma -p real_location_data/s15c8/k10_priors.csv -o real_location_data/s15c8/k10_r2_spalin-divide-beta05.txt --nInitials 10 --ultrametric --randomreps 3 --divide --given_beta 0.5 --incl_beta_bound
Optimization by Spalin-Divide: Scipy-SLSQP using spatial information
Optimizing branch lengths, phi, and nu without topology search
Initial point 1. Random seed: 9626
Solving with ultrametric constraint
Optimal point found for initial point 1
Negative llh: 255.3002598031662
Dropout rate: 9.999999999999996e-11
Silencing rate: 1.0000000000000002e-10
Sigma: 5.9850359364088765
Initial point 2. Random seed: 9731
Solving with ultrametric constraint
Optimal point found for initial point 2
Negative llh: 255.3002604763057
Dropout rate: 1.0000000000000007e-10
Silencing rate: 9.999999999999996e-11
Sigma: 5.985037210125203
Initial point 3. Random seed: 9124
Solving with ultrametric constraint
Optimal point found for initial point 3
Negative llh: 255.30025959230773
Dropout rate: 1e-10
Silencing rate: 1e-10
Sigma: 5.984983458505433
Initial point 4. Random seed: 1731
Solving with ultrametric constraint
Optimal point found for initial point 4
Negative llh: 255.30025964750337
Dropout rate: 1e-10
Silencing rate: 1e-10
Sigma: 5.984942753225874
Initial point 5. Random seed: 4533
Solving with ultrametric constraint
Optimal point found for initial point 5
Negative llh: 255.3002601536519
Dropout rate: 1.0000000000000007e-10
Silencing rate: 1.0000000000000007e-10
Sigma: 5.985047848221779
Initial point 6. Random seed: 4108
Solving with ultrametric constraint
Optimal point found for initial point 6
Negative llh: 255.3002605983248
Dropout rate: 1.0000000000000007e-10
Silencing rate: 1.0000000000000007e-10
Sigma: 5.984891156573768
Initial point 7. Random seed: 5658
Solving with ultrametric constraint
Optimal point found for initial point 7
Negative llh: 255.3002599804745
Dropout rate: 1e-10
Silencing rate: 1.0000000000000002e-10
Sigma: 5.984977643555874
Initial point 8. Random seed: 1465
Solving with ultrametric constraint
Optimal point found for initial point 8
Negative llh: 255.3002595430674
Dropout rate: 2.0305781521881066e-10
Silencing rate: 1.3008536630551524e-10
Sigma: 5.984958753024096
Initial point 9. Random seed: 7247
Solving with ultrametric constraint
Optimal point found for initial point 9
Negative llh: 255.30026333205342
Dropout rate: 2.801970412699089e-09
Silencing rate: 8.702937804268713e-10
Sigma: 5.984714950008181
Initial point 10. Random seed: 9106
Solving with ultrametric constraint
Optimal point found for initial point 10
Negative llh: 255.300259979931
Dropout rate: 1.0000000000000007e-10
Silencing rate: 9.999999999999996e-11
Sigma: 5.984843142664053
Runtime (s): 1176.976148213027
