Launching Problin version 0.5b
Problin was called as follow: /u/gh2161/Spatial-Division/problin/run_problin.py -c real_location_data/s15c8/k10_r5_character_matrix.csv -t real_location_data/s15c8/true_tree.nwk -S real_location_data/s15c8/leaf_locations.txt --delimiter comma -p real_location_data/s15c8/k10_priors.csv -o real_location_data/s15c8/k10_r5_spalin-divide-beta1.txt --nInitials 10 --ultrametric --randomreps 3 --divide --given_beta 1 --incl_beta_bound
Optimization by Spalin-Divide: Scipy-SLSQP using spatial information
Optimizing branch lengths, phi, and nu without topology search
Initial point 1. Random seed: 7020
Solving with ultrametric constraint
Optimal point found for initial point 1
Negative llh: 235.7697413582094
Dropout rate: 1.3544602940844468e-10
Silencing rate: 2.5419199648310694e-10
Sigma: 5.766188854123172
Initial point 2. Random seed: 7981
Solving with ultrametric constraint
Optimal point found for initial point 2
Negative llh: 235.76974181477698
Dropout rate: 1.0201589996738896e-09
Silencing rate: 4.3343020955803174e-10
Sigma: 5.766434582311968
Initial point 3. Random seed: 1565
Solving with ultrametric constraint
Optimal point found for initial point 3
Negative llh: 235.76974174492722
Dropout rate: 9.323501067722112e-10
Silencing rate: 4.200027695485895e-10
Sigma: 5.766249563055229
Initial point 4. Random seed: 1092
Solving with ultrametric constraint
Optimal point found for initial point 4
Negative llh: 235.76974304294797
Dropout rate: 1e-10
Silencing rate: 1e-10
Sigma: 5.766274104255161
Initial point 5. Random seed: 5798
Solving with ultrametric constraint
Optimal point found for initial point 5
Negative llh: 235.76974160682624
Dropout rate: 1e-10
Silencing rate: 1e-10
Sigma: 5.766331514573619
Initial point 6. Random seed: 6960
Solving with ultrametric constraint
Optimal point found for initial point 6
Negative llh: 235.76974106492685
Dropout rate: 3.72133223609541e-10
Silencing rate: 1.9602776416553838e-10
Sigma: 5.766236811500102
Initial point 7. Random seed: 5100
Solving with ultrametric constraint
Optimal point found for initial point 7
Negative llh: 235.7697411995217
Dropout rate: 1.1650476742351674e-09
Silencing rate: 6.995959012489812e-10
Sigma: 5.766278714149451
Initial point 8. Random seed: 5883
Solving with ultrametric constraint
Optimal point found for initial point 8
Negative llh: 235.76974126726427
Dropout rate: 7.81343700523298e-10
Silencing rate: 4.321009875187481e-10
Sigma: 5.766263641899784
Initial point 9. Random seed: 3091
Solving with ultrametric constraint
Optimal point found for initial point 9
Negative llh: 235.76974115555956
Dropout rate: 1.0000000000000002e-10
Silencing rate: 1.0000000000000002e-10
Sigma: 5.76631017236806
Initial point 10. Random seed: 29
Solving with ultrametric constraint
Optimal point found for initial point 10
Negative llh: 235.7697409054999
Dropout rate: 1.4762800809319187e-10
Silencing rate: 1.168100406006925e-10
Sigma: 5.76625427316602
Runtime (s): 1587.1767801100214
