Launching Problin version 0.5b
Problin was called as follow: /u/gh2161/Spatial-Division/problin/run_problin.py -c real_location_data/s15c8/k10_r5_character_matrix.csv -t real_location_data/s15c8/true_tree.nwk -S real_location_data/s15c8/leaf_locations.txt --delimiter comma -p real_location_data/s15c8/k10_priors.csv -o real_location_data/s15c8/k10_r5_spalin-divide-beta3.txt --nInitials 10 --ultrametric --randomreps 3 --divide --given_beta 3 --incl_beta_bound
Optimization by Spalin-Divide: Scipy-SLSQP using spatial information
Optimizing branch lengths, phi, and nu without topology search
Initial point 1. Random seed: 1387
Solving with ultrametric constraint
Optimal point found for initial point 1
Negative llh: 226.98992387741941
Dropout rate: 4.2167896463303055e-10
Silencing rate: 2.357537974664886e-10
Sigma: 5.3140248511490675
Initial point 2. Random seed: 3998
Solving with ultrametric constraint
Optimal point found for initial point 2
Negative llh: 226.98993053941805
Dropout rate: 1e-10
Silencing rate: 1e-10
Sigma: 5.313969533335242
Initial point 3. Random seed: 9667
Solving with ultrametric constraint
Optimal point found for initial point 3
Negative llh: 226.98992934704034
Dropout rate: 1e-10
Silencing rate: 1e-10
Sigma: 5.313904935026113
Initial point 4. Random seed: 8974
Solving with ultrametric constraint
Optimal point found for initial point 4
Negative llh: 226.98992633325287
Dropout rate: 9.642955675472134e-10
Silencing rate: 5.577674334755333e-10
Sigma: 5.314083267228614
Initial point 5. Random seed: 2254
Solving with ultrametric constraint
Optimal point found for initial point 5
Negative llh: 226.98992735949335
Dropout rate: 4.5196000379761526e-10
Silencing rate: 5.77628013280004e-10
Sigma: 5.314461694739315
Initial point 6. Random seed: 542
Solving with ultrametric constraint
Optimal point found for initial point 6
Negative llh: 226.98992399842894
Dropout rate: 4.5486434271979215e-10
Silencing rate: 2.4712781021799106e-10
Sigma: 5.314045507276704
Initial point 7. Random seed: 7651
Solving with ultrametric constraint
Optimal point found for initial point 7
Negative llh: 226.98992450444268
Dropout rate: 1.0000000000000007e-10
Silencing rate: 1.0000000000000002e-10
Sigma: 5.314033417629286
Initial point 8. Random seed: 8336
Solving with ultrametric constraint
Optimal point found for initial point 8
Negative llh: 226.9899236800871
Dropout rate: 1.8519796701566764e-10
Silencing rate: 1.3006440015669106e-10
Sigma: 5.313994818826926
Initial point 9. Random seed: 5420
Solving with ultrametric constraint
Optimal point found for initial point 9
Negative llh: 226.98992464726297
Dropout rate: 1e-10
Silencing rate: 1e-10
Sigma: 5.313960587163014
Initial point 10. Random seed: 970
Solving with ultrametric constraint
Optimal point found for initial point 10
Negative llh: 226.98992598102424
Dropout rate: 7.295621348561142e-10
Silencing rate: 7.220644309265326e-10
Sigma: 5.3140958043639275
Runtime (s): 1152.8319489695132
