Launching Problin version 0.5b
Problin was called as follow: /u/gh2161/problin/run_problin.py -c simulated_data/s5c3/k10_r5_character_matrix.csv -t simulated_data/s5c3/true_tree.nwk -S simulated_data/s5c3/leaf_locations.txt --delimiter comma -p simulated_data/s5c3/k10_priors.csv -o simulated_data/s5c3/k10_r5_spalin_leaves_newfelsen.txt --nInitials 10 --ultrametric --randomreps 3
Optimization by Spalin: Scipy-SLSQP using spatial information
Optimizing branch lengths, phi, and nu without topology search
Initial point 1. Random seed: 905
Solving with ultrametric constraint
Optimal point found for initial point 1
Negative llh: 273.4292840539483
Dropout rate: 2.7056161875569413e-09
Silencing rate: 8.682461559393177e-10
Sigma: 9.699055940866053
Initial point 2. Random seed: 2956
Solving with ultrametric constraint
Optimal point found for initial point 2
Negative llh: 273.4292835851245
Dropout rate: 1e-10
Silencing rate: 1e-10
Sigma: 9.698835610079902
Initial point 3. Random seed: 2618
Solving with ultrametric constraint
Optimal point found for initial point 3
Negative llh: 273.42928596623483
Dropout rate: 4.796354720441474e-09
Silencing rate: 2.664213324510194e-09
Sigma: 9.697794505784817
Initial point 4. Random seed: 3340
Solving with ultrametric constraint
Optimal point found for initial point 4
Negative llh: 273.4292832742358
Dropout rate: 1.1392925911273727e-10
Silencing rate: 1.0426276169680393e-10
Sigma: 9.69873318087008
Initial point 5. Random seed: 9472
Solving with ultrametric constraint
Optimal point found for initial point 5
Negative llh: 273.4292834970909
Dropout rate: 1.0000000000000002e-10
Silencing rate: 1.0000000000000002e-10
Sigma: 9.699169208822658
Initial point 6. Random seed: 8373
Solving with ultrametric constraint
Optimal point found for initial point 6
Negative llh: 273.4292843796105
Dropout rate: 1.001361694766587e-09
Silencing rate: 6.109941306422217e-10
Sigma: 9.69791425537365
Initial point 7. Random seed: 7467
Solving with ultrametric constraint
Optimal point found for initial point 7
Negative llh: 273.429284671342
Dropout rate: 2.4813360331272187e-09
Silencing rate: 1.4400419514585373e-09
Sigma: 9.697268446231012
Initial point 8. Random seed: 7262
Solving with ultrametric constraint
Optimal point found for initial point 8
Negative llh: 273.4292833075221
Dropout rate: 1.0000000000000007e-10
Silencing rate: 1.0000000000000007e-10
Sigma: 9.698711453190787
Initial point 9. Random seed: 1806
Solving with ultrametric constraint
Optimal point found for initial point 9
Negative llh: 273.42928353821736
Dropout rate: 1e-10
Silencing rate: 1e-10
Sigma: 9.698217997447816
Initial point 10. Random seed: 3953
Solving with ultrametric constraint
Optimal point found for initial point 10
Negative llh: 273.4292832885875
Dropout rate: 1.110873615460328e-10
Silencing rate: 1.0339300191573375e-10
Sigma: 9.698507260976642
Runtime (s): 448.43893553875387
