Launching Problin version 0.5b
Problin was called as follow: /u/gh2161/problin/run_problin.py -c simulated_data/s5c3/k10_r1_character_matrix.csv -t simulated_data/s5c3/true_tree.nwk -S simulated_data/s5c3/true_locations.txt --delimiter comma -p simulated_data/s5c3/k10_priors.csv -o simulated_data/s5c3/k10_r1_spalin_all.txt --nInitials 10 --ultrametric --randomreps 3
Optimization by Spalin: Scipy-SLSQP using spatial information
Optimizing branch lengths, phi, and nu without topology search
Initial point 1. Random seed: 7783
Solving with ultrametric constraint
Optimal point found for initial point 1
Negative llh: 405.81229988271383
Dropout rate: 1.4610204207830063e-09
Silencing rate: 3.390399645698386e-10
Sigma: 25.001115997707135
Initial point 2. Random seed: 8000
Solving with ultrametric constraint
Optimal point found for initial point 2
Negative llh: 405.30174444885273
Dropout rate: 1e-10
Silencing rate: 1e-10
Sigma: 24.90540896954093
Initial point 3. Random seed: 8217
Solving with ultrametric constraint
Optimal point found for initial point 3
Negative llh: 405.3017238972089
Dropout rate: 1e-10
Silencing rate: 1e-10
Sigma: 24.90567399621048
Initial point 4. Random seed: 192
Solving with ultrametric constraint
Optimal point found for initial point 4
Negative llh: 405.8123000043199
Dropout rate: 1e-10
Silencing rate: 1e-10
Sigma: 25.000809353980213
Initial point 5. Random seed: 9522
Solving with ultrametric constraint
Optimal point found for initial point 5
Negative llh: 405.3017249885877
Dropout rate: 1e-10
Silencing rate: 1e-10
Sigma: 24.90561200430174
Initial point 6. Random seed: 9791
Solving with ultrametric constraint
Optimal point found for initial point 6
Negative llh: 405.30172344832664
Dropout rate: 1e-10
Silencing rate: 1e-10
Sigma: 24.905690361059147
Initial point 7. Random seed: 7158
Solving with ultrametric constraint
Optimal point found for initial point 7
Negative llh: 405.8122994482827
Dropout rate: 1.0000000000000002e-10
Silencing rate: 9.999999999999996e-11
Sigma: 25.001011973507705
Initial point 8. Random seed: 8473
Solving with ultrametric constraint
Optimal point found for initial point 8
Negative llh: 405.30172351412745
Dropout rate: 1e-10
Silencing rate: 1e-10
Sigma: 24.905694204022947
Initial point 9. Random seed: 9835
Solving with ultrametric constraint
Optimal point found for initial point 9
Negative llh: 405.30172349625985
Dropout rate: 1.0000000000000007e-10
Silencing rate: 1.0000000000000007e-10
Sigma: 24.90539101435239
Initial point 10. Random seed: 8545
Solving with ultrametric constraint
Optimal point found for initial point 10
Negative llh: 405.30172376854165
Dropout rate: 1.2527329135965636e-10
Silencing rate: 8.889111707713388e-10
Sigma: 24.907213703538186
Runtime (s): 77.3673038892448
