Launching Problin version 0.5b
Problin was called as follow: /u/gh2161/Spatial-Division/problin/run_problin.py -c real_location_data/s5c3/k10_r3_character_matrix.csv -t real_location_data/s5c3/true_tree.nwk -S real_location_data/s5c3/leaf_locations.txt --delimiter comma -p real_location_data/s5c3/k10_priors.csv -o real_location_data/s5c3/k10_r3_spalin-divide-ignore-beta.txt --nInitials 10 --ultrametric --randomreps 3 --divide
Optimization by Spalin-Divide: Scipy-SLSQP using spatial information
Optimizing branch lengths, phi, and nu without topology search
Initial point 1. Random seed: 325
Solving with ultrametric constraint
Optimal point found for initial point 1
Negative llh: 334.23762910893606
Dropout rate: 8.423034225175553e-09
Silencing rate: 3.5066374426906212e-09
Sigma: 5.4093002417323754
Initial point 2. Random seed: 1493
Solving with ultrametric constraint
Optimal point found for initial point 2
Negative llh: 334.23752240153306
Dropout rate: 1.3280050009311818e-10
Silencing rate: 1.1527268977999535e-10
Sigma: 5.410199495522562
Initial point 3. Random seed: 9663
Solving with ultrametric constraint
Optimal point found for initial point 3
Negative llh: 334.2375245128386
Dropout rate: 1.3218580028067773e-10
Silencing rate: 1.1498531932460241e-10
Sigma: 5.410136025786586
Initial point 4. Random seed: 1574
Solving with ultrametric constraint
Optimal point found for initial point 4
Negative llh: 334.2375328411967
Dropout rate: 2.533039719051991e-10
Silencing rate: 1.7138695423267459e-10
Sigma: 5.410157033712928
Initial point 5. Random seed: 1465
Solving with ultrametric constraint
Optimal point found for initial point 5
Negative llh: 334.2375307915151
Dropout rate: 9.140039861522675e-09
Silencing rate: 4.73865979584844e-09
Sigma: 5.4104548768072895
Initial point 6. Random seed: 8654
Solving with ultrametric constraint
Optimal point found for initial point 6
Negative llh: 334.2375213610096
Dropout rate: 1.391358166307673e-10
Silencing rate: 1.1822157020319924e-10
Sigma: 5.410226325834131
Initial point 7. Random seed: 1424
Solving with ultrametric constraint
Optimal point found for initial point 7
Negative llh: 334.23760988506757
Dropout rate: 1e-10
Silencing rate: 1e-10
Sigma: 5.409950442895944
Initial point 8. Random seed: 5820
Solving with ultrametric constraint
Optimal point found for initial point 8
Negative llh: 334.2375289466857
Dropout rate: 1e-10
Silencing rate: 1e-10
Sigma: 5.409966605584921
Initial point 9. Random seed: 867
Solving with ultrametric constraint
Optimal point found for initial point 9
Negative llh: 334.23762257807954
Dropout rate: 1.6812357308326676e-10
Silencing rate: 1.3172358405897065e-10
Sigma: 5.4099491292253745
Initial point 10. Random seed: 30
Solving with ultrametric constraint
Optimal point found for initial point 10
Negative llh: 334.2375241613699
Dropout rate: 2.0560143165102097e-10
Silencing rate: 4.052347638025805e-10
Sigma: 5.410266759055517
Runtime (s): 1563.1506114043295
