Launching Problin version 0.5b
Problin was called as follow: /u/gh2161/Spatial-Division/problin/run_problin.py -c real_location_data/s5c3/k10_r2_character_matrix.csv -t real_location_data/s5c3/true_tree.nwk -S real_location_data/s5c3/leaf_locations.txt --delimiter comma -p real_location_data/s5c3/k10_priors.csv -o real_location_data/s5c3/k10_r2_spalin.txt --nInitials 10 --ultrametric --randomreps 3
Optimization by Spalin: Scipy-SLSQP using spatial information
Optimizing branch lengths, phi, and nu without topology search
Initial point 1. Random seed: 5118
Solving with ultrametric constraint
Optimal point found for initial point 1
Negative llh: 272.46930955500704
Dropout rate: 8.048553963912618e-10
Silencing rate: 1e-10
Sigma: 29.57190387763251
Initial point 2. Random seed: 1308
Solving with ultrametric constraint
Optimal point found for initial point 2
Negative llh: 272.46930991440036
Dropout rate: 1.579391131783518e-09
Silencing rate: 1.2428403354286096e-09
Sigma: 29.572214558361825
Initial point 3. Random seed: 6741
Solving with ultrametric constraint
Optimal point found for initial point 3
Negative llh: 272.46930959698807
Dropout rate: 1e-10
Silencing rate: 1e-10
Sigma: 29.57245158356641
Initial point 4. Random seed: 5070
Solving with ultrametric constraint
Optimal point found for initial point 4
Negative llh: 272.46930978376116
Dropout rate: 3.819462819718603e-10
Silencing rate: 1.839294073935735e-09
Sigma: 29.57197266630816
Initial point 5. Random seed: 5863
Solving with ultrametric constraint
Optimal point found for initial point 5
Negative llh: 272.4693099698726
Dropout rate: 4.6269918984339235e-10
Silencing rate: 5.669308515734321e-10
Sigma: 29.57283861127601
Initial point 6. Random seed: 1750
Solving with ultrametric constraint
Optimal point found for initial point 6
Negative llh: 272.4693093152491
Dropout rate: 1e-10
Silencing rate: 1e-10
Sigma: 29.572635433680585
Initial point 7. Random seed: 4054
Solving with ultrametric constraint
Optimal point found for initial point 7
Negative llh: 272.46930939535656
Dropout rate: 1.4595253039804753e-10
Silencing rate: 2.099654924127757e-10
Sigma: 29.5714381148363
Initial point 8. Random seed: 1388
Solving with ultrametric constraint
Optimal point found for initial point 8
Negative llh: 272.4693092994198
Dropout rate: 1e-10
Silencing rate: 1e-10
Sigma: 29.57237680847054
Initial point 9. Random seed: 2537
Solving with ultrametric constraint
Optimal point found for initial point 9
Negative llh: 272.46930958847247
Dropout rate: 4.280415815267715e-10
Silencing rate: 6.828826775268042e-10
Sigma: 29.57255552471447
Initial point 10. Random seed: 7299
Solving with ultrametric constraint
Optimal point found for initial point 10
Negative llh: 272.4693095777722
Dropout rate: 1e-10
Silencing rate: 1e-10
Sigma: 29.57473862152055
Traceback (most recent call last):
  File "/u/gh2161/Spatial-Division/problin/run_problin.py", line 223, in <module>
    main()
  File "/u/gh2161/Spatial-Division/problin/run_problin.py", line 214, in main
    for cell in mySolver.params.displacement_amounts:
AttributeError: 'Params' object has no attribute 'displacement_amounts'
