Launching Problin version 0.5b
Problin was called as follow: /u/gh2161/problin/run_problin.py -c simulated_data/s5c3/k10_r2_character_matrix.csv -t simulated_data/s5c3/true_tree.nwk --delimiter comma -p simulated_data/s5c3/k10_priors.csv -o simulated_data/s5c3/k10_r2_problin.txt --nInitials 10 --ultrametric --randomreps 3
Optimization by EM algorithm
Optimizing branch lengths, phi, and nu without topology search
Initial point 1. Random seed: 2662
Solving with ultrametric constraint
Initial phi: 0.9267028952832814. Initial nu: 0.45449769494396375. Initial nllh: 13326.348277491132
EM finished after 74 iterations.
Optimal point found for initial point 1
Negative llh: 94.04151978549866
Dropout rate: 0
Silencing rate: 8.073337278781725e-07
Initial point 2. Random seed: 3755
Solving with ultrametric constraint
Initial phi: 0.24526748766633769. Initial nu: 0.6314865270366384. Initial nllh: 248.24364503204214
EM finished after 56 iterations.
Optimal point found for initial point 2
Negative llh: 94.041515010331
Dropout rate: 0
Silencing rate: 8.067162907967282e-07
Initial point 3. Random seed: 777
Solving with ultrametric constraint
Initial phi: 0.12264810702909254. Initial nu: 0.981632700047668. Initial nllh: 254.0382842228547
EM finished after 64 iterations.
Optimal point found for initial point 3
Negative llh: 94.04151747613116
Dropout rate: 0
Silencing rate: 8.065980428579189e-07
Initial point 4. Random seed: 6681
Solving with ultrametric constraint
Initial phi: 0.5363094295566675. Initial nu: 0.42793937069943716. Initial nllh: 348.78007011680046
EM finished after 52 iterations.
Optimal point found for initial point 4
Negative llh: 94.04150370642365
Dropout rate: 0
Silencing rate: 7.96098304434357e-07
Initial point 5. Random seed: 8758
Solving with ultrametric constraint
Initial phi: 0.0038275690187016885. Initial nu: 0.5167303182518606. Initial nllh: 161.3538263398343
EM finished after 50 iterations.
Optimal point found for initial point 5
Negative llh: 94.04151505954634
Dropout rate: 0
Silencing rate: 8.075514792086737e-07
Initial point 6. Random seed: 656
Solving with ultrametric constraint
Initial phi: 0.8836471961776879. Initial nu: 0.22212931084707896. Initial nllh: 681.841465265443
EM finished after 34 iterations.
Optimal point found for initial point 6
Negative llh: 94.04151162219581
Dropout rate: 0
Silencing rate: 8.06303729298831e-07
Initial point 7. Random seed: 9435
Solving with ultrametric constraint
Initial phi: 0.33780388523796784. Initial nu: 0.9530474670593768. Initial nllh: 323.52071459416857
EM finished after 59 iterations.
Optimal point found for initial point 7
Negative llh: 94.04152628492585
Dropout rate: 0
Silencing rate: 8.067290519910408e-07
Initial point 8. Random seed: 2179
Solving with ultrametric constraint
Initial phi: 0.02468939153899441. Initial nu: 0.1286774204030083. Initial nllh: 117.05456489023558
EM finished after 22 iterations.
Optimal point found for initial point 8
Negative llh: 94.04152028398453
Dropout rate: 0
Silencing rate: 7.953701682837669e-07
Initial point 9. Random seed: 2790
Solving with ultrametric constraint
Initial phi: 0.17889197476889498. Initial nu: 0.6219424200241244. Initial nllh: 225.1026954573219
EM finished after 54 iterations.
Optimal point found for initial point 9
Negative llh: 94.04151740405285
Dropout rate: 0
Silencing rate: 8.047544823539353e-07
Initial point 10. Random seed: 1161
Solving with ultrametric constraint
Initial phi: 0.16785269262158325. Initial nu: 0.6208622881086847. Initial nllh: 221.49252919622361
EM finished after 53 iterations.
Optimal point found for initial point 10
Negative llh: 94.04151929018855
Dropout rate: 0
Silencing rate: 8.063113113014207e-07
Traceback (most recent call last):
  File "/u/gh2161/problin/run_problin.py", line 193, in <module>
    main()
  File "/u/gh2161/problin/run_problin.py", line 172, in main
    fout.write("Sigma: " + str(opt_params['sigma']) + "\n")
KeyError: 'sigma'
