Launching Problin version 0.5b
Problin was called as follow: /u/gh2161/Spatial-Division/problin/run_problin.py -c real_location_data/s5c3/k10_r4_character_matrix.csv -t real_location_data/s5c3/true_tree.nwk -S real_location_data/s5c3/leaf_locations.txt --delimiter comma -p real_location_data/s5c3/k10_priors.csv -o real_location_data/s5c3/k10_r4_spalin-divide-beta05.txt --nInitials 10 --ultrametric --randomreps 3 --divide --given_beta 0.5 --incl_beta_bound
Optimization by Spalin-Divide: Scipy-SLSQP using spatial information
Optimizing branch lengths, phi, and nu without topology search
Initial point 1. Random seed: 3297
Solving with ultrametric constraint
Optimal point found for initial point 1
Negative llh: 322.134634505302
Dropout rate: 1.0000000000000007e-10
Silencing rate: 1.0000000000000007e-10
Sigma: 5.184704313453783
Initial point 2. Random seed: 5843
Solving with ultrametric constraint
Optimal point found for initial point 2
Negative llh: 322.13463527542586
Dropout rate: 4.964491146130514e-10
Silencing rate: 3.1392738461180363e-10
Sigma: 5.184688425107848
Initial point 3. Random seed: 4493
Solving with ultrametric constraint
Optimal point found for initial point 3
Negative llh: 322.13463476890956
Dropout rate: 5.253832581134117e-10
Silencing rate: 3.295418334571296e-10
Sigma: 5.184665252283184
Initial point 4. Random seed: 538
Solving with ultrametric constraint
Optimal point found for initial point 4
Negative llh: 322.13463504319907
Dropout rate: 1e-10
Silencing rate: 1e-10
Sigma: 5.184692374240002
Initial point 5. Random seed: 7318
Solving with ultrametric constraint
Optimal point found for initial point 5
Negative llh: 322.13463514196303
Dropout rate: 9.999999999999996e-11
Silencing rate: 1.0000000000000002e-10
Sigma: 5.184650944448703
Initial point 6. Random seed: 985
Solving with ultrametric constraint
Optimal point found for initial point 6
Negative llh: 322.134634311626
Dropout rate: 1.0393988563400226e-10
Silencing rate: 1.0358853887847788e-10
Sigma: 5.184685323515494
Initial point 7. Random seed: 6710
Solving with ultrametric constraint
Optimal point found for initial point 7
Negative llh: 322.134637084183
Dropout rate: 5.685312885737946e-10
Silencing rate: 7.877465726976807e-10
Sigma: 5.184577184981257
Initial point 8. Random seed: 6283
Solving with ultrametric constraint
Optimal point found for initial point 8
Negative llh: 322.1346351100304
Dropout rate: 1e-10
Silencing rate: 1e-10
Sigma: 5.184684636451439
Initial point 9. Random seed: 4089
Solving with ultrametric constraint
Optimal point found for initial point 9
Negative llh: 322.1346348604092
Dropout rate: 8.096634902815175e-10
Silencing rate: 4.829916364181818e-10
Sigma: 5.184654226240668
Initial point 10. Random seed: 8905
Solving with ultrametric constraint
Optimal point found for initial point 10
Negative llh: 322.13463483751445
Dropout rate: 1.0796331727823535e-10
Silencing rate: 1.0429733895265736e-10
Sigma: 5.184672283882312
Runtime (s): 4678.237998107012
