Launching Problin version 0.5b
Problin was called as follow: /u/gh2161/Spatial-Division/problin/run_problin.py -c real_location_data/s5c3/k10_r4_character_matrix.csv -t real_location_data/s5c3/true_tree.nwk -S real_location_data/s5c3/leaf_locations.txt --delimiter comma -p real_location_data/s5c3/k10_priors.csv -o real_location_data/s5c3/k10_r4_spalin.txt --nInitials 10 --ultrametric --randomreps 3
Optimization by Spalin: Scipy-SLSQP using spatial information
Optimizing branch lengths, phi, and nu without topology search
Initial point 1. Random seed: 6388
Solving with ultrametric constraint
Optimal point found for initial point 1
Negative llh: 278.2465890379593
Dropout rate: 1.4249731705312989e-09
Silencing rate: 2.369096310680227e-10
Sigma: 27.851778757880233
Initial point 2. Random seed: 7601
Solving with ultrametric constraint
Optimal point found for initial point 2
Negative llh: 278.24658901314103
Dropout rate: 1.0000000000000002e-10
Silencing rate: 1.0000000000000007e-10
Sigma: 27.85007455467683
Initial point 3. Random seed: 1999
Solving with ultrametric constraint
Optimal point found for initial point 3
Negative llh: 278.2465892322805
Dropout rate: 1.1710219970270572e-10
Silencing rate: 4.55901801171448e-10
Sigma: 27.85024187058412
Initial point 4. Random seed: 9199
Solving with ultrametric constraint
Optimal point found for initial point 4
Negative llh: 278.24658871960264
Dropout rate: 1e-10
Silencing rate: 1e-10
Sigma: 27.85151188296633
Initial point 5. Random seed: 4789
Solving with ultrametric constraint
Optimal point found for initial point 5
Negative llh: 278.24658879283714
Dropout rate: 1.2549716640340475e-10
Silencing rate: 2.3898951257340263e-10
Sigma: 27.85103585310132
Initial point 6. Random seed: 3081
Solving with ultrametric constraint
Optimal point found for initial point 6
Negative llh: 278.24658894255464
Dropout rate: 1e-10
Silencing rate: 1e-10
Sigma: 27.850434211272784
Initial point 7. Random seed: 5136
Solving with ultrametric constraint
Optimal point found for initial point 7
Negative llh: 278.2465891209073
Dropout rate: 1.1479398678137527e-09
Silencing rate: 8.852004137790716e-10
Sigma: 27.85116338845965
Initial point 8. Random seed: 9930
Solving with ultrametric constraint
Optimal point found for initial point 8
Negative llh: 278.2465894053121
Dropout rate: 1e-10
Silencing rate: 1e-10
Sigma: 27.850189702515873
Initial point 9. Random seed: 8565
Solving with ultrametric constraint
Optimal point found for initial point 9
Negative llh: 278.2466068118365
Dropout rate: 2.0210742666431817e-09
Silencing rate: 1.2586350558878941e-09
Sigma: 27.85450087876505
Initial point 10. Random seed: 8450
Solving with ultrametric constraint
Optimal point found for initial point 10
Negative llh: 278.24658921290626
Dropout rate: 1e-10
Silencing rate: 1e-10
Sigma: 27.850673353725384
Traceback (most recent call last):
  File "/u/gh2161/Spatial-Division/problin/run_problin.py", line 223, in <module>
    main()
  File "/u/gh2161/Spatial-Division/problin/run_problin.py", line 214, in main
    for cell in mySolver.params.displacement_amounts:
AttributeError: 'Params' object has no attribute 'displacement_amounts'
