Launching Problin version 0.5b
Problin was called as follow: /u/gh2161/Spatial-Division/problin/run_problin.py -c real_location_data/s2c2/k10_r2_character_matrix.csv -t real_location_data/s2c2/true_tree.nwk -S real_location_data/s2c2/leaf_locations.txt --delimiter comma -p real_location_data/s2c2/k10_priors.csv -o real_location_data/s2c2/k10_r2_spalin-divide-ignore-beta.txt --nInitials 10 --ultrametric --randomreps 3 --divide
Optimization by Spalin-Divide: Scipy-SLSQP using spatial information
Optimizing branch lengths, phi, and nu without topology search
Initial point 1. Random seed: 9055
Solving with ultrametric constraint
Optimal point found for initial point 1
Negative llh: 164.09653323260613
Dropout rate: 1.1686301787659498e-09
Silencing rate: 7.263372465609043e-10
Sigma: 5.187583160648315
Initial point 2. Random seed: 922
Solving with ultrametric constraint
Optimal point found for initial point 2
Negative llh: 164.0965329958708
Dropout rate: 8.466180529701213e-10
Silencing rate: 5.865077824516745e-10
Sigma: 5.186755708627279
Initial point 3. Random seed: 3751
Solving with ultrametric constraint
Optimal point found for initial point 3
Negative llh: 164.0965400853835
Dropout rate: 8.80901973980796e-10
Silencing rate: 5.836390153608839e-10
Sigma: 5.186361712507373
Initial point 4. Random seed: 2115
Solving with ultrametric constraint
Optimal point found for initial point 4
Negative llh: 164.09656624608914
Dropout rate: 1.9759725238722262e-10
Silencing rate: 2.060274794810777e-10
Sigma: 5.186575052603282
Initial point 5. Random seed: 5417
Solving with ultrametric constraint
Optimal point found for initial point 5
Negative llh: 164.09652660878584
Dropout rate: 8.966887198122179e-10
Silencing rate: 3.9406265912252137e-10
Sigma: 5.187486705474818
Initial point 6. Random seed: 2000
Solving with ultrametric constraint
Optimal point found for initial point 6
Negative llh: 164.09653716574059
Dropout rate: 1e-10
Silencing rate: 1e-10
Sigma: 5.187476498398026
Initial point 7. Random seed: 3669
Solving with ultrametric constraint
Optimal point found for initial point 7
Negative llh: 164.0965398356633
Dropout rate: 1e-10
Silencing rate: 1.0000000000000002e-10
Sigma: 5.187467078621237
Initial point 8. Random seed: 9435
Solving with ultrametric constraint
Optimal point found for initial point 8
Negative llh: 164.09654550322864
Dropout rate: 1e-10
Silencing rate: 1e-10
Sigma: 5.187510261401078
Initial point 9. Random seed: 9789
Solving with ultrametric constraint
Optimal point found for initial point 9
Negative llh: 164.09653891469466
Dropout rate: 1e-10
Silencing rate: 1e-10
Sigma: 5.187399561363593
Initial point 10. Random seed: 5059
Solving with ultrametric constraint
Optimal point found for initial point 10
Negative llh: 164.0965598709837
Dropout rate: 1.1577521810895055e-10
Silencing rate: 1.1042474392236198e-10
Sigma: 5.186220413826137
Runtime (s): 633.0216147009924
