Launching Problin version 0.5b
Problin was called as follow: /u/gh2161/Spatial-Division/problin/run_problin.py -c real_location_data/s2c2/k10_r3_character_matrix.csv -t real_location_data/s2c2/true_tree.nwk -S real_location_data/s2c2/leaf_locations.txt --delimiter comma -p real_location_data/s2c2/k10_priors.csv -o real_location_data/s2c2/k10_r3_spalin-divide-beta1.txt --nInitials 10 --ultrametric --randomreps 3 --divide --given_beta 1 --incl_beta_bound
Optimization by Spalin-Divide: Scipy-SLSQP using spatial information
Optimizing branch lengths, phi, and nu without topology search
Initial point 1. Random seed: 8502
Solving with ultrametric constraint
Optimal point found for initial point 1
Negative llh: 175.27491879126325
Dropout rate: 1e-10
Silencing rate: 1e-10
Sigma: 4.92936245797561
Initial point 2. Random seed: 3084
Solving with ultrametric constraint
Optimal point found for initial point 2
Negative llh: 175.27491877180978
Dropout rate: 1e-10
Silencing rate: 1e-10
Sigma: 4.929370300140038
Initial point 3. Random seed: 8548
Solving with ultrametric constraint
Optimal point found for initial point 3
Negative llh: 175.2749190188822
Dropout rate: 1.018687638701559e-09
Silencing rate: 7.145323813137642e-10
Sigma: 4.929430659258983
Initial point 4. Random seed: 2454
Solving with ultrametric constraint
Optimal point found for initial point 4
Negative llh: 175.27491908892625
Dropout rate: 1.4390492672640767e-09
Silencing rate: 9.60107673301991e-10
Sigma: 4.929447542132315
Initial point 5. Random seed: 1042
Solving with ultrametric constraint
Optimal point found for initial point 5
Negative llh: 175.274918732137
Dropout rate: 1.3634135116623203e-10
Silencing rate: 1.2404751514853413e-10
Sigma: 4.929398276654569
Initial point 6. Random seed: 7463
Solving with ultrametric constraint
Optimal point found for initial point 6
Negative llh: 175.27491871968363
Dropout rate: 1.0000000000000002e-10
Silencing rate: 1.0000000000000002e-10
Sigma: 4.929410627449379
Initial point 7. Random seed: 8492
Solving with ultrametric constraint
Optimal point found for initial point 7
Negative llh: 175.2749196553472
Dropout rate: 2.1825078094766574e-09
Silencing rate: 1.5539102285387239e-09
Sigma: 4.929361022387672
Initial point 8. Random seed: 850
Solving with ultrametric constraint
Optimal point found for initial point 8
Negative llh: 175.2749190869414
Dropout rate: 1.6838792320803444e-09
Silencing rate: 1.1486751865450484e-09
Sigma: 4.929380758593463
Initial point 9. Random seed: 9694
Solving with ultrametric constraint
Optimal point found for initial point 9
Negative llh: 175.2749195420265
Dropout rate: 1e-10
Silencing rate: 1e-10
Sigma: 4.929392255733984
Initial point 10. Random seed: 7008
Solving with ultrametric constraint
Optimal point found for initial point 10
Negative llh: 175.274918724533
Dropout rate: 1e-10
Silencing rate: 1e-10
Sigma: 4.929400070250742
Runtime (s): 612.5946165639907
