Launching Problin version 0.5b
Problin was called as follow: /u/gh2161/Spatial-Division/problin/run_problin.py -c real_location_data/s2c2/k10_r3_character_matrix.csv -t real_location_data/s2c2/true_tree.nwk -S real_location_data/s2c2/leaf_locations.txt --delimiter comma -p real_location_data/s2c2/k10_priors.csv -o real_location_data/s2c2/k10_r3_spalin.txt --nInitials 10 --ultrametric --randomreps 3
Optimization by Spalin: Scipy-SLSQP using spatial information
Optimizing branch lengths, phi, and nu without topology search
Initial point 1. Random seed: 8022
Solving with ultrametric constraint
Optimal point found for initial point 1
Negative llh: 154.92221639085278
Dropout rate: 4.3197825232066054e-10
Silencing rate: 3.1934009052775803e-10
Sigma: 25.99388558852196
Initial point 2. Random seed: 2413
Solving with ultrametric constraint
Optimal point found for initial point 2
Negative llh: 154.92221663406326
Dropout rate: 5.722889565237195e-10
Silencing rate: 1.7731672134654136e-09
Sigma: 25.99471970969992
Initial point 3. Random seed: 8234
Solving with ultrametric constraint
Optimal point found for initial point 3
Negative llh: 154.9222174226449
Dropout rate: 1.6793214758595517e-10
Silencing rate: 1.428417366494617e-10
Sigma: 25.99109595971541
Initial point 4. Random seed: 4434
Solving with ultrametric constraint
Optimal point found for initial point 4
Negative llh: 154.92221651627852
Dropout rate: 1.0000000000000002e-10
Silencing rate: 1.0000000000000007e-10
Sigma: 25.99494498078534
Initial point 5. Random seed: 6347
Solving with ultrametric constraint
Optimal point found for initial point 5
Negative llh: 154.92221642361255
Dropout rate: 1.9903106462897235e-10
Silencing rate: 4.845058013118791e-10
Sigma: 25.994741992924354
Initial point 6. Random seed: 7527
Solving with ultrametric constraint
Optimal point found for initial point 6
Negative llh: 154.92221642555987
Dropout rate: 9.999999999999996e-11
Silencing rate: 9.999999999999996e-11
Sigma: 25.994570995673485
Initial point 7. Random seed: 7460
Solving with ultrametric constraint
Optimal point found for initial point 7
Negative llh: 154.9222164616015
Dropout rate: 9.999999999999996e-11
Silencing rate: 9.999999999999996e-11
Sigma: 25.994929990390418
Initial point 8. Random seed: 4775
Solving with ultrametric constraint
Optimal point found for initial point 8
Negative llh: 154.9222173633679
Dropout rate: 1.1908725572341993e-09
Silencing rate: 3.7672580713749636e-09
Sigma: 25.991575124866035
Initial point 9. Random seed: 8084
Solving with ultrametric constraint
Optimal point found for initial point 9
Negative llh: 154.9222164920713
Dropout rate: 1.0000000000000007e-10
Silencing rate: 1.0000000000000007e-10
Sigma: 25.994945062711967
Initial point 10. Random seed: 3669
Solving with ultrametric constraint
Optimal point found for initial point 10
Negative llh: 154.92221652610377
Dropout rate: 1.0042019394116202e-10
Silencing rate: 1e-10
Sigma: 25.995352601137405
Traceback (most recent call last):
  File "/u/gh2161/Spatial-Division/problin/run_problin.py", line 223, in <module>
    main()
  File "/u/gh2161/Spatial-Division/problin/run_problin.py", line 214, in main
    for cell in mySolver.params.displacement_amounts:
AttributeError: 'Params' object has no attribute 'displacement_amounts'
