Launching Problin version 0.5b
Problin was called as follow: /u/gh2161/problin/run_problin.py -c simulated_data/s2c2/k10_r5_character_matrix.csv -t simulated_data/s2c2/true_tree.nwk -S simulated_data/s2c2/true_locations.txt --delimiter comma -p simulated_data/s2c2/k10_priors.csv -o simulated_data/s2c2/k10_r5_spalin_all.txt --nInitials 10 --ultrametric --randomreps 3
Optimization by Spalin: Scipy-SLSQP using spatial information
Optimizing branch lengths, phi, and nu without topology search
Initial point 1. Random seed: 3835
Solving with ultrametric constraint
Optimal point found for initial point 1
Negative llh: 212.5417301724957
Dropout rate: 1.0000000000000002e-10
Silencing rate: 1e-10
Sigma: 25.785701343069935
Initial point 2. Random seed: 5415
Solving with ultrametric constraint
Optimal point found for initial point 2
Negative llh: 212.54173018051728
Dropout rate: 1.0000000000000002e-10
Silencing rate: 9.999999999999996e-11
Sigma: 25.786422950617656
Initial point 3. Random seed: 7039
Solving with ultrametric constraint
Optimal point found for initial point 3
Negative llh: 212.54173044683284
Dropout rate: 1.4700298338627223e-10
Silencing rate: 1.1642214175392318e-10
Sigma: 25.787355761861374
Initial point 4. Random seed: 9171
Solving with ultrametric constraint
Optimal point found for initial point 4
Negative llh: 212.54173036387678
Dropout rate: 1e-10
Silencing rate: 1e-10
Sigma: 25.785979304976713
Initial point 5. Random seed: 586
Solving with ultrametric constraint
Optimal point found for initial point 5
Negative llh: 212.54173046360359
Dropout rate: 1e-10
Silencing rate: 1e-10
Sigma: 25.78483082540649
Initial point 6. Random seed: 3903
Solving with ultrametric constraint
Optimal point found for initial point 6
Negative llh: 212.5417301588393
Dropout rate: 3.7111882589663974e-10
Silencing rate: 9.110886401945663e-10
Sigma: 25.785408823603092
Initial point 7. Random seed: 3489
Solving with ultrametric constraint
Optimal point found for initial point 7
Negative llh: 212.54173041847292
Dropout rate: 7.883968979717046e-10
Silencing rate: 2.3907158683664744e-09
Sigma: 25.78607574336008
Initial point 8. Random seed: 8963
Solving with ultrametric constraint
Optimal point found for initial point 8
Negative llh: 212.54173056017078
Dropout rate: 1.1182402554128581e-10
Silencing rate: 1.9397939762365633e-10
Sigma: 25.785414973196573
Initial point 9. Random seed: 6369
Solving with ultrametric constraint
Optimal point found for initial point 9
Negative llh: 212.54173010393163
Dropout rate: 1e-10
Silencing rate: 1e-10
Sigma: 25.786685090573172
Initial point 10. Random seed: 1663
Solving with ultrametric constraint
Optimal point found for initial point 10
Negative llh: 212.54173046686364
Dropout rate: 1.0019573949077572e-10
Silencing rate: 1e-10
Sigma: 25.78546068147866
Runtime (s): 10.296617624815553
