Launching Problin version 0.5b
Problin was called as follow: /u/gh2161/Spatial-Division/problin/run_problin.py -c real_location_data/s2c2/k10_r3_character_matrix.csv -t real_location_data/s2c2/true_tree.nwk -S real_location_data/s2c2/leaf_locations.txt --delimiter comma -p real_location_data/s2c2/k10_priors.csv -o real_location_data/s2c2/k10_r3_spalin-divide-ignore-beta.txt --nInitials 10 --ultrametric --randomreps 3 --divide
Optimization by Spalin-Divide: Scipy-SLSQP using spatial information
Optimizing branch lengths, phi, and nu without topology search
Initial point 1. Random seed: 8418
Solving with ultrametric constraint
Optimal point found for initial point 1
Negative llh: 174.977765998915
Dropout rate: 1e-10
Silencing rate: 1e-10
Sigma: 4.905761196562893
Initial point 2. Random seed: 3988
Solving with ultrametric constraint
Optimal point found for initial point 2
Negative llh: 174.9777544898371
Dropout rate: 1.0000000000000007e-10
Silencing rate: 1.0000000000000007e-10
Sigma: 4.905410992052574
Initial point 3. Random seed: 6132
Solving with ultrametric constraint
Optimal point found for initial point 3
Negative llh: 174.97775987999822
Dropout rate: 1e-10
Silencing rate: 1e-10
Sigma: 4.905501227617744
Initial point 4. Random seed: 192
Solving with ultrametric constraint
Optimal point found for initial point 4
Negative llh: 174.97776879602185
Dropout rate: 6.087717739467432e-10
Silencing rate: 4.2133032661285323e-10
Sigma: 4.9054969189998685
Initial point 5. Random seed: 1792
Solving with ultrametric constraint
Optimal point found for initial point 5
Negative llh: 174.97776042402958
Dropout rate: 3.0957343346245973e-10
Silencing rate: 2.333072354444954e-10
Sigma: 4.9052542037756295
Initial point 6. Random seed: 4495
Solving with ultrametric constraint
Optimal point found for initial point 6
Negative llh: 174.97775484926646
Dropout rate: 1.069507424751704e-10
Silencing rate: 1.0582544856954826e-10
Sigma: 4.905292636315519
Initial point 7. Random seed: 7698
Solving with ultrametric constraint
Optimal point found for initial point 7
Negative llh: 174.97775312837436
Dropout rate: 1.4095823133252737e-09
Silencing rate: 9.754496027668414e-10
Sigma: 4.905446319779103
Initial point 8. Random seed: 4181
Solving with ultrametric constraint
Optimal point found for initial point 8
Negative llh: 174.97777650472418
Dropout rate: 1e-10
Silencing rate: 1e-10
Sigma: 4.905525225132061
Initial point 9. Random seed: 2003
Solving with ultrametric constraint
Optimal point found for initial point 9
Negative llh: 174.97775861596148
Dropout rate: 1.1232721737378842e-10
Silencing rate: 1.1000981436376542e-10
Sigma: 4.905387542439885
Initial point 10. Random seed: 950
Solving with ultrametric constraint
Optimal point found for initial point 10
Negative llh: 174.97775468563896
Dropout rate: 1e-10
Silencing rate: 1e-10
Sigma: 4.905450833931177
Runtime (s): 282.22084840014577
