Launching Problin version 0.5b
Problin was called as follow: /u/gh2161/problin/run_problin.py -c simulated_data/s2c2/k10_r2_character_matrix.csv -t simulated_data/s2c2/true_tree.nwk --delimiter comma -p simulated_data/s2c2/k10_priors.csv -o simulated_data/s2c2/k10_r2_problin.txt --nInitials 10 --ultrametric --randomreps 3
Optimization by EM algorithm
Optimizing branch lengths, phi, and nu without topology search
Initial point 1. Random seed: 4810
Solving with ultrametric constraint
Initial phi: 0.3395657130345557. Initial nu: 0.8072339876136333. Initial nllh: 11196.946099293136
EM finished after 15 iterations.
Optimal point found for initial point 1
Negative llh: 54.36865983466129
Dropout rate: 0
Silencing rate: 6.623216599128366e-07
Initial point 2. Random seed: 8665
Solving with ultrametric constraint
Initial phi: 0.42839161947896204. Initial nu: 0.8066634383278593. Initial nllh: 185.3269773669825
EM finished after 12 iterations.
Optimal point found for initial point 2
Negative llh: 54.36865981080486
Dropout rate: 0
Silencing rate: 6.592002481007742e-07
Initial point 3. Random seed: 2404
Solving with ultrametric constraint
Initial phi: 0.5339107823421686. Initial nu: 0.7976738459708941. Initial nllh: 211.20757674543606
EM finished after 11 iterations.
Optimal point found for initial point 3
Negative llh: 54.36866246930124
Dropout rate: 0
Silencing rate: 6.88701469493842e-07
Initial point 4. Random seed: 5130
Solving with ultrametric constraint
Initial phi: 0.3830893542450466. Initial nu: 0.7719519832573624. Initial nllh: 172.90483418654526
EM finished after 13 iterations.
Optimal point found for initial point 4
Negative llh: 54.368659512834334
Dropout rate: 0
Silencing rate: 6.579838564133924e-07
Initial point 5. Random seed: 3493
Solving with ultrametric constraint
Initial phi: 0.31701494858737916. Initial nu: 0.7566376397561001. Initial nllh: 158.5720527934603
EM finished after 12 iterations.
Optimal point found for initial point 5
Negative llh: 54.36866029264491
Dropout rate: 0
Silencing rate: 6.659969057792986e-07
Initial point 6. Random seed: 4760
Solving with ultrametric constraint
Initial phi: 0.24743313691981195. Initial nu: 0.2671649700363473. Initial nllh: 110.61503667486016
EM finished after 11 iterations.
Optimal point found for initial point 6
Negative llh: 54.368659372973795
Dropout rate: 0
Silencing rate: 6.549608716790723e-07
Initial point 7. Random seed: 4565
Solving with ultrametric constraint
Initial phi: 0.8303808716582001. Initial nu: 0.32865176391451556. Initial nllh: 308.74649361230706
EM finished after 11 iterations.
Optimal point found for initial point 7
Negative llh: 54.36865996334117
Dropout rate: 0
Silencing rate: 6.627213964679074e-07
Initial point 8. Random seed: 6985
Solving with ultrametric constraint
Initial phi: 0.10179907202248731. Initial nu: 0.4457907613698232. Initial nllh: 100.5160613037096
EM finished after 12 iterations.
Optimal point found for initial point 8
Negative llh: 54.36866000767226
Dropout rate: 0
Silencing rate: 6.643635532278497e-07
Initial point 9. Random seed: 9618
Solving with ultrametric constraint
Initial phi: 0.05535643420911743. Initial nu: 0.33174726517293424. Initial nllh: 85.72723956062325
EM finished after 14 iterations.
Optimal point found for initial point 9
Negative llh: 54.368659503809795
Dropout rate: 0
Silencing rate: 6.585515060465202e-07
Initial point 10. Random seed: 2550
Solving with ultrametric constraint
Initial phi: 0.10866576495512593. Initial nu: 0.2926759889447994. Initial nllh: 90.45745170796367
EM finished after 9 iterations.
Optimal point found for initial point 10
Negative llh: 54.368661888583276
Dropout rate: 0
Silencing rate: 6.764046598232168e-07
Traceback (most recent call last):
  File "/u/gh2161/problin/run_problin.py", line 193, in <module>
    main()
  File "/u/gh2161/problin/run_problin.py", line 172, in main
    fout.write("Sigma: " + str(opt_params['sigma']) + "\n")
KeyError: 'sigma'
