Launching Problin version 0.5b
Problin was called as follow: /u/gh2161/Spatial-Division/problin/run_problin.py -c real_location_data/s21c5/k10_r1_character_matrix.csv -t real_location_data/s21c5/true_tree.nwk -S real_location_data/s21c5/leaf_locations.txt --delimiter comma -p real_location_data/s21c5/k10_priors.csv -o real_location_data/s21c5/k10_r1_spalin-divide-beta3.txt --nInitials 10 --ultrametric --randomreps 3 --divide --given_beta 3 --incl_beta_bound
Optimization by Spalin-Divide: Scipy-SLSQP using spatial information
Optimizing branch lengths, phi, and nu without topology search
Initial point 1. Random seed: 1069
Solving with ultrametric constraint
Optimal point found for initial point 1
Negative llh: 180.46498179899612
Dropout rate: 2.240856186182366e-10
Silencing rate: 1.630784759506566e-10
Sigma: 5.3459239084624715
Initial point 2. Random seed: 6470
Solving with ultrametric constraint
Optimal point found for initial point 2
Negative llh: 180.46498089428434
Dropout rate: 1.675365005195406e-10
Silencing rate: 1.3320821639501416e-10
Sigma: 5.345911409996838
Initial point 3. Random seed: 646
Solving with ultrametric constraint
Optimal point found for initial point 3
Negative llh: 180.4649807711721
Dropout rate: 1e-10
Silencing rate: 1e-10
Sigma: 5.34577434598174
Initial point 4. Random seed: 8373
Solving with ultrametric constraint
Optimal point found for initial point 4
Negative llh: 180.464985588655
Dropout rate: 1e-10
Silencing rate: 1e-10
Sigma: 5.345315271323055
Initial point 5. Random seed: 4722
Solving with ultrametric constraint
Optimal point found for initial point 5
Negative llh: 180.46498041825566
Dropout rate: 1e-10
Silencing rate: 1e-10
Sigma: 5.345765031154965
Initial point 6. Random seed: 1101
Solving with ultrametric constraint
Optimal point found for initial point 6
Negative llh: 180.4649922022855
Dropout rate: 3.4836994725256725e-10
Silencing rate: 3.2029305963008475e-10
Sigma: 5.346396245881808
Initial point 7. Random seed: 5397
Solving with ultrametric constraint
Optimal point found for initial point 7
Negative llh: 180.46498150735542
Dropout rate: 2.921226653304294e-10
Silencing rate: 4.382214231974637e-10
Sigma: 5.345871098784555
Initial point 8. Random seed: 5499
Solving with ultrametric constraint
Optimal point found for initial point 8
Negative llh: 180.46498043770563
Dropout rate: 1.2338111058071062e-10
Silencing rate: 1.588297787996445e-10
Sigma: 5.345791595429532
Initial point 9. Random seed: 447
Solving with ultrametric constraint
Optimal point found for initial point 9
Negative llh: 180.46498131915035
Dropout rate: 6.393844469795218e-10
Silencing rate: 4.904033808177883e-10
Sigma: 5.345624788381718
Initial point 10. Random seed: 6603
Solving with ultrametric constraint
Optimal point found for initial point 10
Negative llh: 180.46498038722805
Dropout rate: 3.8075135457180235e-10
Silencing rate: 2.9586393059616497e-10
Sigma: 5.345797345464004
Runtime (s): 521.7997462729691
