Launching Problin version 0.5b
Problin was called as follow: /u/gh2161/problin/run_problin.py -c simulated_data/s21c5/k10_r1_character_matrix.csv -t simulated_data/s21c5/true_tree.nwk --delimiter comma -p simulated_data/s21c5/k10_priors.csv -o simulated_data/s21c5/k10_r1_problin.txt --nInitials 10 --ultrametric --randomreps 3
Optimization by EM algorithm
Optimizing branch lengths, phi, and nu without topology search
Initial point 1. Random seed: 4044
Solving with ultrametric constraint
Initial phi: 0.04808371190274622. Initial nu: 0.7038388069019487. Initial nllh: 13296.530906074275
EM finished after 12 iterations.
Optimal point found for initial point 1
Negative llh: 74.3020498625534
Dropout rate: 0
Silencing rate: 7.270687178543199e-07
Initial point 2. Random seed: 1217
Solving with ultrametric constraint
Initial phi: 0.3924485961363707. Initial nu: 0.5695418577295333. Initial nllh: 177.6806753885759
EM finished after 12 iterations.
Optimal point found for initial point 2
Negative llh: 74.30204870130972
Dropout rate: 0
Silencing rate: 7.169758245762438e-07
Initial point 3. Random seed: 5821
Solving with ultrametric constraint
Initial phi: 0.40194917361449817. Initial nu: 0.47171168271884834. Initial nllh: 173.10024102178076
EM finished after 11 iterations.
Optimal point found for initial point 3
Negative llh: 74.30204883477292
Dropout rate: 0
Silencing rate: 7.159603944119927e-07
Initial point 4. Random seed: 9060
Solving with ultrametric constraint
Initial phi: 0.5062113876822318. Initial nu: 0.5216291338301972. Initial nllh: 201.38655598836166
EM finished after 11 iterations.
Optimal point found for initial point 4
Negative llh: 74.302049079348
Dropout rate: 0
Silencing rate: 7.186825565154518e-07
Initial point 5. Random seed: 556
Solving with ultrametric constraint
Initial phi: 0.826818114202476. Initial nu: 0.7818327110669026. Initial nllh: 355.2296960509285
EM finished after 11 iterations.
Optimal point found for initial point 5
Negative llh: 74.30205011794516
Dropout rate: 0
Silencing rate: 7.296818750978413e-07
Initial point 6. Random seed: 1689
Solving with ultrametric constraint
Initial phi: 0.04297293489023382. Initial nu: 0.6615520896937824. Initial nllh: 124.84447191676084
EM finished after 12 iterations.
Optimal point found for initial point 6
Negative llh: 74.30204887057512
Dropout rate: 0
Silencing rate: 7.189511944258307e-07
Initial point 7. Random seed: 6102
Solving with ultrametric constraint
Initial phi: 0.2640759741868277. Initial nu: 0.30656551417491495. Initial nllh: 134.93958461832773
EM finished after 12 iterations.
Optimal point found for initial point 7
Negative llh: 74.30204845582561
Dropout rate: 0
Silencing rate: 7.155456116983797e-07
Initial point 8. Random seed: 3258
Solving with ultrametric constraint
Initial phi: 0.5227903696022492. Initial nu: 0.9248020087363551. Initial nllh: 233.15002710882854
EM finished after 13 iterations.
Optimal point found for initial point 8
Negative llh: 74.30204821888819
Dropout rate: 0
Silencing rate: 7.118869416886011e-07
Initial point 9. Random seed: 5359
Solving with ultrametric constraint
Initial phi: 0.9090609125780348. Initial nu: 0.1487519569927163. Initial nllh: 396.0664510480977
EM finished after 13 iterations.
Optimal point found for initial point 9
Negative llh: 74.30204841544689
Dropout rate: 0
Silencing rate: 7.163256690039751e-07
Initial point 10. Random seed: 9375
Solving with ultrametric constraint
Initial phi: 0.6863537940053516. Initial nu: 0.8693064277042699. Initial nllh: 283.9492693224485
EM finished after 13 iterations.
Optimal point found for initial point 10
Negative llh: 74.3020482731821
Dropout rate: 0
Silencing rate: 7.1213489008525e-07
Traceback (most recent call last):
  File "/u/gh2161/problin/run_problin.py", line 193, in <module>
    main()
  File "/u/gh2161/problin/run_problin.py", line 172, in main
    fout.write("Sigma: " + str(opt_params['sigma']) + "\n")
KeyError: 'sigma'
