Launching Problin version 0.5b
Problin was called as follow: /u/gh2161/Spatial-Division/problin/run_problin.py -c real_location_data/s21c5/k10_r5_character_matrix.csv -t real_location_data/s21c5/true_tree.nwk -S real_location_data/s21c5/leaf_locations.txt --delimiter comma -p real_location_data/s21c5/k10_priors.csv -o real_location_data/s21c5/k10_r5_spalin-divide-beta05.txt --nInitials 10 --ultrametric --randomreps 3 --divide --given_beta 0.5 --incl_beta_bound
Optimization by Spalin-Divide: Scipy-SLSQP using spatial information
Optimizing branch lengths, phi, and nu without topology search
Initial point 1. Random seed: 6780
Solving with ultrametric constraint
Optimal point found for initial point 1
Negative llh: 185.936687341148
Dropout rate: 1e-10
Silencing rate: 1e-10
Sigma: 6.076158485409583
Initial point 2. Random seed: 7011
Solving with ultrametric constraint
Optimal point found for initial point 2
Negative llh: 185.93668624927312
Dropout rate: 5.165637191343267e-10
Silencing rate: 2.9984053538565856e-10
Sigma: 6.076290487921918
Initial point 3. Random seed: 7386
Solving with ultrametric constraint
Optimal point found for initial point 3
Negative llh: 185.93668628071143
Dropout rate: 4.2762570349588936e-10
Silencing rate: 1.8429818517087016e-10
Sigma: 6.076334943774321
Initial point 4. Random seed: 1257
Solving with ultrametric constraint
Optimal point found for initial point 4
Negative llh: 185.93668614462104
Dropout rate: 4.4316791681528254e-10
Silencing rate: 2.4450153461507057e-10
Sigma: 6.076330945023447
Initial point 5. Random seed: 4464
Solving with ultrametric constraint
Optimal point found for initial point 5
Negative llh: 185.93668634071545
Dropout rate: 1e-10
Silencing rate: 1e-10
Sigma: 6.07624325130397
Initial point 6. Random seed: 3027
Solving with ultrametric constraint
Optimal point found for initial point 6
Negative llh: 185.9366863376062
Dropout rate: 1e-10
Silencing rate: 1e-10
Sigma: 6.076367684941151
Initial point 7. Random seed: 1224
Solving with ultrametric constraint
Optimal point found for initial point 7
Negative llh: 185.936686246943
Dropout rate: 1e-10
Silencing rate: 1e-10
Sigma: 6.076337802995852
Initial point 8. Random seed: 9679
Solving with ultrametric constraint
Optimal point found for initial point 8
Negative llh: 185.93668609914403
Dropout rate: 1e-10
Silencing rate: 1e-10
Sigma: 6.0763669010682495
Initial point 9. Random seed: 2439
Solving with ultrametric constraint
Optimal point found for initial point 9
Negative llh: 185.93668918779645
Dropout rate: 1e-10
Silencing rate: 1e-10
Sigma: 6.076489505597429
Initial point 10. Random seed: 3709
Solving with ultrametric constraint
Optimal point found for initial point 10
Negative llh: 185.93668636647612
Dropout rate: 1e-10
Silencing rate: 1e-10
Sigma: 6.0763959929422935
Runtime (s): 409.42608493566513
