Launching Problin version 0.5b
Problin was called as follow: /u/gh2161/Spatial-Division/problin/run_problin.py -c real_location_data/s21c5/k10_r5_character_matrix.csv -t real_location_data/s21c5/true_tree.nwk -S real_location_data/s21c5/leaf_locations.txt --delimiter comma -p real_location_data/s21c5/k10_priors.csv -o real_location_data/s21c5/k10_r5_spalin-divide-beta3.txt --nInitials 10 --ultrametric --randomreps 3 --divide --given_beta 3 --incl_beta_bound
Optimization by Spalin-Divide: Scipy-SLSQP using spatial information
Optimizing branch lengths, phi, and nu without topology search
Initial point 1. Random seed: 7666
Solving with ultrametric constraint
Optimal point found for initial point 1
Negative llh: 181.16896421475664
Dropout rate: 2.8312320501065104e-10
Silencing rate: 2.2708890494702283e-10
Sigma: 5.635508243737564
Initial point 2. Random seed: 6311
Solving with ultrametric constraint
Optimal point found for initial point 2
Negative llh: 181.16896217330725
Dropout rate: 1.061262209465175e-09
Silencing rate: 5.177406620129817e-10
Sigma: 5.635300739144094
Initial point 3. Random seed: 716
Solving with ultrametric constraint
Optimal point found for initial point 3
Negative llh: 181.16896538747903
Dropout rate: 2.9199426477624135e-10
Silencing rate: 2.2649610551870037e-10
Sigma: 5.6353290190236605
Initial point 4. Random seed: 3642
Solving with ultrametric constraint
Optimal point found for initial point 4
Negative llh: 181.1689622944174
Dropout rate: 7.250994607989303e-10
Silencing rate: 4.1055519375107895e-10
Sigma: 5.635328718876671
Initial point 5. Random seed: 9082
Solving with ultrametric constraint
Optimal point found for initial point 5
Negative llh: 181.1689686347126
Dropout rate: 1.0000000000000007e-10
Silencing rate: 1.0000000000000007e-10
Sigma: 5.635207479696863
Initial point 6. Random seed: 3582
Solving with ultrametric constraint
Optimal point found for initial point 6
Negative llh: 181.1689621653154
Dropout rate: 1e-10
Silencing rate: 1e-10
Sigma: 5.635294047248849
Initial point 7. Random seed: 9551
Solving with ultrametric constraint
Optimal point found for initial point 7
Negative llh: 181.16896212306602
Dropout rate: 9.999999999999996e-11
Silencing rate: 1.0000000000000002e-10
Sigma: 5.6353183554531
Initial point 8. Random seed: 158
Solving with ultrametric constraint
Optimal point found for initial point 8
Negative llh: 181.16896553237456
Dropout rate: 1.0000000000000002e-10
Silencing rate: 1.0000000000000002e-10
Sigma: 5.635455397272491
Initial point 9. Random seed: 3814
Solving with ultrametric constraint
Optimal point found for initial point 9
Negative llh: 181.16896232178362
Dropout rate: 3.897360315965864e-10
Silencing rate: 2.936871356528156e-10
Sigma: 5.635297343320375
Initial point 10. Random seed: 2364
Solving with ultrametric constraint
Optimal point found for initial point 10
Negative llh: 181.16896198695895
Dropout rate: 1.465258984943975e-10
Silencing rate: 1.2983951320684226e-10
Sigma: 5.63531068624303
Runtime (s): 573.8979302109801
