Launching Problin version 0.5b
Problin was called as follow: /u/gh2161/problin/run_problin.py -c simulated_data/s21c5/k10_r4_character_matrix.csv -t simulated_data/s21c5/true_tree.nwk --delimiter comma -p simulated_data/s21c5/k10_priors.csv -o simulated_data/s21c5/k10_r4_problin.txt --nInitials 10 --ultrametric --randomreps 3
Optimization by EM algorithm
Optimizing branch lengths, phi, and nu without topology search
Initial point 1. Random seed: 3235
Solving with ultrametric constraint
Initial phi: 0.13596043636223804. Initial nu: 0.049624396377179185. Initial nllh: 5262.752270775966
EM finished after 14 iterations.
Optimal point found for initial point 1
Negative llh: 88.63811289239557
Dropout rate: 0
Silencing rate: 5.484822515357036e-07
Initial point 2. Random seed: 1926
Solving with ultrametric constraint
Initial phi: 0.2844196682655038. Initial nu: 0.9686493814903708. Initial nllh: 218.55919369522476
EM finished after 12 iterations.
Optimal point found for initial point 2
Negative llh: 88.63811365179795
Dropout rate: 0
Silencing rate: 5.493623010145942e-07
Initial point 3. Random seed: 5196
Solving with ultrametric constraint
Initial phi: 0.7962958596964702. Initial nu: 0.29048404085413293. Initial nllh: 321.39379119140204
EM finished after 11 iterations.
Optimal point found for initial point 3
Negative llh: 88.63811404971221
Dropout rate: 0
Silencing rate: 5.567384240139917e-07
Initial point 4. Random seed: 9213
Solving with ultrametric constraint
Initial phi: 0.06698473964296092. Initial nu: 0.47112500009205976. Initial nllh: 139.6811808334978
EM finished after 11 iterations.
Optimal point found for initial point 4
Negative llh: 88.63811416837268
Dropout rate: 0
Silencing rate: 5.530357687007463e-07
Initial point 5. Random seed: 73
Solving with ultrametric constraint
Initial phi: 0.22669557469884102. Initial nu: 0.9414107131137007. Initial nllh: 206.04307692563435
EM finished after 14 iterations.
Optimal point found for initial point 5
Negative llh: 88.63811311309648
Dropout rate: 0
Silencing rate: 5.520855719961386e-07
Initial point 6. Random seed: 569
Solving with ultrametric constraint
Initial phi: 0.23094214235454089. Initial nu: 0.4336312828189027. Initial nllh: 161.4597219805381
EM finished after 12 iterations.
Optimal point found for initial point 6
Negative llh: 88.63811316193508
Dropout rate: 0
Silencing rate: 5.487858895618199e-07
Initial point 7. Random seed: 7975
Solving with ultrametric constraint
Initial phi: 0.9733515882910134. Initial nu: 0.4614299960890404. Initial nllh: 601.0563476305135
EM finished after 12 iterations.
Optimal point found for initial point 7
Negative llh: 88.63811241671101
Dropout rate: 0
Silencing rate: 5.400800554842038e-07
Initial point 8. Random seed: 4151
Solving with ultrametric constraint
Initial phi: 0.009305656383797503. Initial nu: 0.26326276202545446. Initial nllh: 113.33956588279385
EM finished after 12 iterations.
Optimal point found for initial point 8
Negative llh: 88.63811360355868
Dropout rate: 0
Silencing rate: 5.566947488957233e-07
Initial point 9. Random seed: 6039
Solving with ultrametric constraint
Initial phi: 0.10434785388049844. Initial nu: 0.5957422805990039. Initial nllh: 156.1117122755153
EM finished after 14 iterations.
Optimal point found for initial point 9
Negative llh: 88.63811296607146
Dropout rate: 0
Silencing rate: 5.506321642166456e-07
Initial point 10. Random seed: 3756
Solving with ultrametric constraint
Initial phi: 0.47786114779520733. Initial nu: 0.9305785633946984. Initial nllh: 256.13376606396264
EM finished after 13 iterations.
Optimal point found for initial point 10
Negative llh: 88.6381134141324
Dropout rate: 0
Silencing rate: 5.522802720305653e-07
Traceback (most recent call last):
  File "/u/gh2161/problin/run_problin.py", line 193, in <module>
    main()
  File "/u/gh2161/problin/run_problin.py", line 172, in main
    fout.write("Sigma: " + str(opt_params['sigma']) + "\n")
KeyError: 'sigma'
