Launching Problin version 0.5b
Problin was called as follow: /u/gh2161/Spatial-Division/problin/run_problin.py -c real_location_data/s21c5/k10_r4_character_matrix.csv -t real_location_data/s21c5/true_tree.nwk -S real_location_data/s21c5/leaf_locations.txt --delimiter comma -p real_location_data/s21c5/k10_priors.csv -o real_location_data/s21c5/k10_r4_spalin.txt --nInitials 10 --ultrametric --randomreps 3
Optimization by Spalin: Scipy-SLSQP using spatial information
Optimizing branch lengths, phi, and nu without topology search
Initial point 1. Random seed: 9469
Solving with ultrametric constraint
Optimal point found for initial point 1
Negative llh: 178.98215973697495
Dropout rate: 1.0207843561957242e-09
Silencing rate: 4.599715984229886e-10
Sigma: 28.900486777403934
Initial point 2. Random seed: 375
Solving with ultrametric constraint
Optimal point found for initial point 2
Negative llh: 178.98215961337837
Dropout rate: 1e-10
Silencing rate: 1e-10
Sigma: 28.90022864858374
Initial point 3. Random seed: 2207
Solving with ultrametric constraint
Optimal point found for initial point 3
Negative llh: 178.98215953503924
Dropout rate: 1.0000000000000002e-10
Silencing rate: 1.0000000000000007e-10
Sigma: 28.900355872993668
Initial point 4. Random seed: 539
Solving with ultrametric constraint
Optimal point found for initial point 4
Negative llh: 178.9821595643781
Dropout rate: 1.0081400889356129e-10
Silencing rate: 1.0563802412683816e-10
Sigma: 28.9002942694398
Initial point 5. Random seed: 4391
Solving with ultrametric constraint
Optimal point found for initial point 5
Negative llh: 178.98215960729488
Dropout rate: 2.6689118908767363e-10
Silencing rate: 4.997741724024485e-10
Sigma: 28.90017128186558
Initial point 6. Random seed: 1975
Solving with ultrametric constraint
Optimal point found for initial point 6
Negative llh: 178.9821597718207
Dropout rate: 1.039454150826689e-10
Silencing rate: 1.2241463002527672e-10
Sigma: 28.902611450549113
Initial point 7. Random seed: 886
Solving with ultrametric constraint
Optimal point found for initial point 7
Negative llh: 178.9821600262457
Dropout rate: 1e-10
Silencing rate: 1.0000000000000002e-10
Sigma: 28.901220338624018
Initial point 8. Random seed: 6612
Solving with ultrametric constraint
Optimal point found for initial point 8
Negative llh: 178.98215986482035
Dropout rate: 1.4890602245698844e-10
Silencing rate: 5.816972220911583e-10
Sigma: 28.899400255595697
Initial point 9. Random seed: 845
Solving with ultrametric constraint
Optimal point found for initial point 9
Negative llh: 178.98215987795317
Dropout rate: 1.2233114767568345e-09
Silencing rate: 8.230247081105056e-10
Sigma: 28.899119151406293
Initial point 10. Random seed: 5678
Solving with ultrametric constraint
Optimal point found for initial point 10
Negative llh: 178.98215983636914
Dropout rate: 3.1569196837308247e-10
Silencing rate: 1.617767017022388e-09
Sigma: 28.898689023539255
Traceback (most recent call last):
  File "/u/gh2161/Spatial-Division/problin/run_problin.py", line 223, in <module>
    main()
  File "/u/gh2161/Spatial-Division/problin/run_problin.py", line 214, in main
    for cell in mySolver.params.displacement_amounts:
AttributeError: 'Params' object has no attribute 'displacement_amounts'
