Launching Problin version 0.5b
Problin was called as follow: /u/gh2161/problin/run_problin.py -c simulated_data/s21c5/k10_r2_character_matrix.csv -t simulated_data/s21c5/true_tree.nwk -S simulated_data/s21c5/leaf_locations.txt --delimiter comma -p simulated_data/s21c5/k10_priors.csv -o simulated_data/s21c5/k10_r2_spalin_leaves_newfelsen.txt --nInitials 10 --ultrametric --randomreps 3
Optimization by Spalin: Scipy-SLSQP using spatial information
Optimizing branch lengths, phi, and nu without topology search
Initial point 1. Random seed: 8916
Solving with ultrametric constraint
Optimal point found for initial point 1
Negative llh: 147.7778586089626
Dropout rate: 1.0000000000000007e-10
Silencing rate: 9.999999999999996e-11
Sigma: 4.333996118227508
Initial point 2. Random seed: 5444
Solving with ultrametric constraint
Optimal point found for initial point 2
Negative llh: 147.77785831822501
Dropout rate: 5.635111328011414e-10
Silencing rate: 1.1807070618863102e-09
Sigma: 4.33386368816939
Initial point 3. Random seed: 5618
Solving with ultrametric constraint
Optimal point found for initial point 3
Negative llh: 147.77785896352657
Dropout rate: 1e-10
Silencing rate: 1e-10
Sigma: 4.333373821990772
Initial point 4. Random seed: 9735
Solving with ultrametric constraint
Optimal point found for initial point 4
Negative llh: 147.77785859660986
Dropout rate: 1.0000000000000002e-10
Silencing rate: 1.0000000000000002e-10
Sigma: 4.333926534462568
Initial point 5. Random seed: 604
Solving with ultrametric constraint
Optimal point found for initial point 5
Negative llh: 147.77785977114453
Dropout rate: 1e-10
Silencing rate: 1e-10
Sigma: 4.334127942489236
Initial point 6. Random seed: 3719
Solving with ultrametric constraint
Optimal point found for initial point 6
Negative llh: 147.77785855712725
Dropout rate: 2.8630812697953837e-10
Silencing rate: 6.084775038771059e-10
Sigma: 4.334483761171556
Initial point 7. Random seed: 385
Solving with ultrametric constraint
Optimal point found for initial point 7
Negative llh: 147.77785918927202
Dropout rate: 1e-10
Silencing rate: 1e-10
Sigma: 4.333564457396599
Initial point 8. Random seed: 2677
Solving with ultrametric constraint
Optimal point found for initial point 8
Negative llh: 147.77785884728246
Dropout rate: 1e-10
Silencing rate: 1e-10
Sigma: 4.333935685498015
Initial point 9. Random seed: 1276
Solving with ultrametric constraint
Optimal point found for initial point 9
Negative llh: 147.77785917153184
Dropout rate: 8.932604027192865e-10
Silencing rate: 2.460993183584341e-09
Sigma: 4.333976793664463
Initial point 10. Random seed: 478
Solving with ultrametric constraint
Optimal point found for initial point 10
Negative llh: 147.77786010900132
Dropout rate: 1.7501343226028072e-10
Silencing rate: 1.6291869768168335e-10
Sigma: 4.336170701500756
Runtime (s): 107.25179950706661
