Launching Problin version 0.5b
Problin was called as follow: /u/gh2161/Spatial-Division/problin/run_problin.py -c real_location_data/s21c5/k10_r3_character_matrix.csv -t real_location_data/s21c5/true_tree.nwk -S real_location_data/s21c5/leaf_locations.txt --delimiter comma -p real_location_data/s21c5/k10_priors.csv -o real_location_data/s21c5/k10_r3_spalin-divide-ignore-beta.txt --nInitials 10 --ultrametric --randomreps 3 --divide
Optimization by Spalin-Divide: Scipy-SLSQP using spatial information
Optimizing branch lengths, phi, and nu without topology search
Initial point 1. Random seed: 1128
Solving with ultrametric constraint
Optimal point found for initial point 1
Negative llh: 197.94036168317922
Dropout rate: 2.0018844049091622e-10
Silencing rate: 1.856043139778798e-10
Sigma: 5.958111698135698
Initial point 2. Random seed: 938
Solving with ultrametric constraint
Optimal point found for initial point 2
Negative llh: 197.94037284990705
Dropout rate: 1e-10
Silencing rate: 1e-10
Sigma: 5.958063713429822
Initial point 3. Random seed: 2251
Solving with ultrametric constraint
Optimal point found for initial point 3
Negative llh: 197.94036046428306
Dropout rate: 6.934339515588361e-10
Silencing rate: 4.842504932111962e-10
Sigma: 5.957919448468101
Initial point 4. Random seed: 1926
Solving with ultrametric constraint
Optimal point found for initial point 4
Negative llh: 197.9403598559884
Dropout rate: 1e-10
Silencing rate: 1e-10
Sigma: 5.957394275150374
Initial point 5. Random seed: 8748
Solving with ultrametric constraint
Optimal point found for initial point 5
Negative llh: 197.94035897972452
Dropout rate: 1.547739389339883e-10
Silencing rate: 1.2687468187336157e-10
Sigma: 5.957718371710619
Initial point 6. Random seed: 9907
Solving with ultrametric constraint
Optimal point found for initial point 6
Negative llh: 197.9403691547903
Dropout rate: 1.3930895597575152e-09
Silencing rate: 8.613289462355026e-10
Sigma: 5.95806456513958
Initial point 7. Random seed: 2874
Solving with ultrametric constraint
Optimal point found for initial point 7
Negative llh: 197.9403588469946
Dropout rate: 9.999999999999996e-11
Silencing rate: 1.0000000000000002e-10
Sigma: 5.957829958622956
Initial point 8. Random seed: 3423
Solving with ultrametric constraint
Optimal point found for initial point 8
Negative llh: 197.9403592554379
Dropout rate: 1.927530200688945e-09
Silencing rate: 1.1890011333285597e-09
Sigma: 5.95785430564706
Initial point 9. Random seed: 3218
Solving with ultrametric constraint
Optimal point found for initial point 9
Negative llh: 197.9405089256225
Dropout rate: 1.135548064635379e-10
Silencing rate: 1.0666864129583718e-10
Sigma: 5.957316821137378
Initial point 10. Random seed: 291
Solving with ultrametric constraint
Optimal point found for initial point 10
Negative llh: 197.94038066710579
Dropout rate: 3.434887831744237e-10
Silencing rate: 2.2001909769183776e-10
Sigma: 5.957722148728011
Runtime (s): 529.9424246980343
