Launching Problin version 0.5b
Problin was called as follow: /u/gh2161/problin/run_problin.py -c simulated_data/s21c5/k10_r2_character_matrix.csv -t simulated_data/s21c5/true_tree.nwk -S simulated_data/s21c5/true_locations.txt --delimiter comma -p simulated_data/s21c5/k10_priors.csv -o simulated_data/s21c5/k10_r2_spalin_all.txt --nInitials 10 --ultrametric --randomreps 3
Optimization by Spalin: Scipy-SLSQP using spatial information
Optimizing branch lengths, phi, and nu without topology search
Initial point 1. Random seed: 2419
Solving with ultrametric constraint
Optimal point found for initial point 1
Negative llh: 205.0765628612237
Dropout rate: 8.125437587035807e-10
Silencing rate: 7.281150586825673e-10
Sigma: 21.562930167599323
Initial point 2. Random seed: 6839
Solving with ultrametric constraint
Optimal point found for initial point 2
Negative llh: 205.07656332453067
Dropout rate: 1.0000000000000002e-10
Silencing rate: 1.0000000000000007e-10
Sigma: 21.56290895674866
Initial point 3. Random seed: 7737
Solving with ultrametric constraint
Optimal point found for initial point 3
Negative llh: 205.07656380193407
Dropout rate: 1.0000000000000007e-10
Silencing rate: 9.999999999999925e-11
Sigma: 21.56252694443792
Initial point 4. Random seed: 9979
Solving with ultrametric constraint
Optimal point found for initial point 4
Negative llh: 205.0765632013655
Dropout rate: 7.299714250346605e-10
Silencing rate: 1.5571991940058914e-09
Sigma: 21.563558152232638
Initial point 5. Random seed: 5018
Solving with ultrametric constraint
Optimal point found for initial point 5
Negative llh: 205.07656299938483
Dropout rate: 1.0663501344498772e-10
Silencing rate: 1.0000000000000002e-10
Sigma: 21.56307113775663
Initial point 6. Random seed: 8632
Solving with ultrametric constraint
Optimal point found for initial point 6
Negative llh: 205.076563089956
Dropout rate: 8.063723208482621e-10
Silencing rate: 1.5443119703602462e-09
Sigma: 21.56407990392205
Initial point 7. Random seed: 9154
Solving with ultrametric constraint
Optimal point found for initial point 7
Negative llh: 205.07656265226734
Dropout rate: 1.0000000000000002e-10
Silencing rate: 1.0000000000000007e-10
Sigma: 21.563620861217302
Initial point 8. Random seed: 8085
Solving with ultrametric constraint
Optimal point found for initial point 8
Negative llh: 205.07656316647842
Dropout rate: 1e-10
Silencing rate: 1e-10
Sigma: 21.565111462601735
Initial point 9. Random seed: 3658
Solving with ultrametric constraint
Optimal point found for initial point 9
Negative llh: 205.07656332913893
Dropout rate: 1.0101157916250744e-09
Silencing rate: 3.2574304070848968e-09
Sigma: 21.56311288894758
Initial point 10. Random seed: 850
Solving with ultrametric constraint
Optimal point found for initial point 10
Negative llh: 205.0765627092392
Dropout rate: 9.999999999999996e-11
Silencing rate: 9.999999999999996e-11
Sigma: 21.564002541065094
Runtime (s): 13.368677114602178
