Launching Problin version 0.5b
Problin was called as follow: /u/gh2161/problin/run_problin.py -c simulated_data/s15c6/k10_r3_character_matrix.csv -t simulated_data/s15c6/true_tree.nwk --delimiter comma -p simulated_data/s15c6/k10_priors.csv -o simulated_data/s15c6/k10_r3_problin.txt --nInitials 10 --ultrametric --randomreps 3
Optimization by EM algorithm
Optimizing branch lengths, phi, and nu without topology search
Initial point 1. Random seed: 9966
Solving with ultrametric constraint
Initial phi: 0.057118279125788714. Initial nu: 0.8017406582637654. Initial nllh: 10015.640179618405
EM finished after 10 iterations.
Optimal point found for initial point 1
Negative llh: 54.15282358361262
Dropout rate: 0
Silencing rate: 1.0261793532556106e-06
Initial point 2. Random seed: 8980
Solving with ultrametric constraint
Initial phi: 0.948843041306415. Initial nu: 0.7514733811560893. Initial nllh: 442.416442583092
EM finished after 9 iterations.
Optimal point found for initial point 2
Negative llh: 54.152823709590386
Dropout rate: 0
Silencing rate: 1.030872274750858e-06
Initial point 3. Random seed: 3723
Solving with ultrametric constraint
Initial phi: 0.3249775492757255. Initial nu: 0.13507685635257377. Initial nllh: 106.97973155270832
EM finished after 8 iterations.
Optimal point found for initial point 3
Negative llh: 54.15282738101574
Dropout rate: 0
Silencing rate: 1.1193735387414373e-06
Initial point 4. Random seed: 5303
Solving with ultrametric constraint
Initial phi: 0.49076589447812713. Initial nu: 0.5456230591212595. Initial nllh: 158.02078370465134
EM finished after 7 iterations.
Optimal point found for initial point 4
Negative llh: 54.15282820396875
Dropout rate: 0
Silencing rate: 1.119185745833402e-06
Initial point 5. Random seed: 6962
Solving with ultrametric constraint
Initial phi: 0.8349496224268824. Initial nu: 0.5465641099698353. Initial nllh: 293.25809288757864
EM finished after 9 iterations.
Optimal point found for initial point 5
Negative llh: 54.152827368726214
Dropout rate: 0
Silencing rate: 1.1183682353613574e-06
Initial point 6. Random seed: 7268
Solving with ultrametric constraint
Initial phi: 0.3094381001996171. Initial nu: 0.8145567456431825. Initial nllh: 132.74954229530456
EM finished after 9 iterations.
Optimal point found for initial point 6
Negative llh: 54.15282330330033
Dropout rate: 0
Silencing rate: 1.0210805372908706e-06
Initial point 7. Random seed: 1093
Solving with ultrametric constraint
Initial phi: 0.6129115985526598. Initial nu: 0.52668690785091. Initial nllh: 190.13703745192356
EM finished after 7 iterations.
Optimal point found for initial point 7
Negative llh: 54.15282815683001
Dropout rate: 0
Silencing rate: 1.1189759246688739e-06
Initial point 8. Random seed: 6520
Solving with ultrametric constraint
Initial phi: 0.7762876213165323. Initial nu: 0.7778097345922406. Initial nllh: 266.46410301481717
EM finished after 9 iterations.
Optimal point found for initial point 8
Negative llh: 54.152823502800736
Dropout rate: 0
Silencing rate: 1.0258261264897628e-06
Initial point 9. Random seed: 2960
Solving with ultrametric constraint
Initial phi: 0.3861358720781861. Initial nu: 0.9511471094257206. Initial nllh: 152.60665285980107
EM finished after 9 iterations.
Optimal point found for initial point 9
Negative llh: 54.15282338764218
Dropout rate: 0
Silencing rate: 1.0211270296564539e-06
Initial point 10. Random seed: 3948
Solving with ultrametric constraint
Initial phi: 0.5501782137436231. Initial nu: 0.6285367028306367. Initial nllh: 176.38533179642045
EM finished after 9 iterations.
Optimal point found for initial point 10
Negative llh: 54.152823751194
Dropout rate: 0
Silencing rate: 1.0306904511830425e-06
Traceback (most recent call last):
  File "/u/gh2161/problin/run_problin.py", line 193, in <module>
    main()
  File "/u/gh2161/problin/run_problin.py", line 172, in main
    fout.write("Sigma: " + str(opt_params['sigma']) + "\n")
KeyError: 'sigma'
