Launching Problin version 0.5b
Problin was called as follow: /u/gh2161/problin/run_problin.py -c simulated_data/s15c6/k10_r2_character_matrix.csv -t simulated_data/s15c6/true_tree.nwk -S simulated_data/s15c6/true_locations.txt --delimiter comma -p simulated_data/s15c6/k10_priors.csv -o simulated_data/s15c6/k10_r2_spalin_all.txt --nInitials 10 --ultrametric --randomreps 3
Optimization by Spalin: Scipy-SLSQP using spatial information
Optimizing branch lengths, phi, and nu without topology search
Initial point 1. Random seed: 4361
Solving with ultrametric constraint
Optimal point found for initial point 1
Negative llh: 186.94264360497522
Dropout rate: 1e-10
Silencing rate: 1e-10
Sigma: 32.665781210186815
Initial point 2. Random seed: 5045
Solving with ultrametric constraint
Optimal point found for initial point 2
Negative llh: 186.9426420646185
Dropout rate: 1e-10
Silencing rate: 1e-10
Sigma: 32.669151109005405
Initial point 3. Random seed: 1826
Solving with ultrametric constraint
Optimal point found for initial point 3
Negative llh: 186.94264207974848
Dropout rate: 1.0091736178531433e-10
Silencing rate: 1.0884922077013452e-10
Sigma: 32.66947430776031
Initial point 4. Random seed: 7491
Solving with ultrametric constraint
Optimal point found for initial point 4
Negative llh: 186.94264204903033
Dropout rate: 1.0205936861718341e-10
Silencing rate: 1.1003926918281185e-10
Sigma: 32.668948829021396
Initial point 5. Random seed: 1822
Solving with ultrametric constraint
Optimal point found for initial point 5
Negative llh: 186.94264239866038
Dropout rate: 1.1168517594505157e-10
Silencing rate: 1.1779792414096423e-10
Sigma: 32.668669933714696
Initial point 6. Random seed: 7711
Solving with ultrametric constraint
Optimal point found for initial point 6
Negative llh: 186.94264231529053
Dropout rate: 1.0000000000000002e-10
Silencing rate: 9.999999999999996e-11
Sigma: 32.66958781154576
Initial point 7. Random seed: 6553
Solving with ultrametric constraint
Optimal point found for initial point 7
Negative llh: 186.94264230003776
Dropout rate: 1.0180135505089199e-10
Silencing rate: 1e-10
Sigma: 32.670725366977905
Initial point 8. Random seed: 2999
Solving with ultrametric constraint
Optimal point found for initial point 8
Negative llh: 186.94264218344404
Dropout rate: 1e-10
Silencing rate: 1e-10
Sigma: 32.667139970495334
Initial point 9. Random seed: 1476
Solving with ultrametric constraint
Optimal point found for initial point 9
Negative llh: 186.9426421118647
Dropout rate: 1.2036419087549643e-10
Silencing rate: 1.2923945884704726e-10
Sigma: 32.66768052648654
Initial point 10. Random seed: 6078
Solving with ultrametric constraint
Optimal point found for initial point 10
Negative llh: 186.9426421885517
Dropout rate: 1e-10
Silencing rate: 1e-10
Sigma: 32.669218102494284
Runtime (s): 8.950755026657134
