Launching Problin version 0.5b
Problin was called as follow: /u/gh2161/Spatial-Division/problin/run_problin.py -c real_location_data/s15c6/k10_r2_character_matrix.csv -t real_location_data/s15c6/true_tree.nwk -S real_location_data/s15c6/leaf_locations.txt --delimiter comma -p real_location_data/s15c6/k10_priors.csv -o real_location_data/s15c6/k10_r2_spalin-divide-ignore-beta.txt --nInitials 10 --ultrametric --randomreps 3 --divide
Optimization by Spalin-Divide: Scipy-SLSQP using spatial information
Optimizing branch lengths, phi, and nu without topology search
Initial point 1. Random seed: 7762
Solving with ultrametric constraint
Optimal point found for initial point 1
Negative llh: 146.20835752408544
Dropout rate: 1e-10
Silencing rate: 1e-10
Sigma: 5.459164881704301
Initial point 2. Random seed: 5940
Solving with ultrametric constraint
Optimal point found for initial point 2
Negative llh: 146.208352730881
Dropout rate: 1e-10
Silencing rate: 1e-10
Sigma: 5.459577851649255
Initial point 3. Random seed: 5074
Solving with ultrametric constraint
Optimal point found for initial point 3
Negative llh: 146.20833693280423
Dropout rate: 7.831064622746757e-10
Silencing rate: 4.4489251047630726e-10
Sigma: 5.459520217606424
Initial point 4. Random seed: 9110
Solving with ultrametric constraint
Optimal point found for initial point 4
Negative llh: 146.20832067700573
Dropout rate: 1e-10
Silencing rate: 1e-10
Sigma: 5.459539518733761
Initial point 5. Random seed: 2453
Solving with ultrametric constraint
Optimal point found for initial point 5
Negative llh: 146.20835892339636
Dropout rate: 1e-10
Silencing rate: 1e-10
Sigma: 5.4594079430401905
Initial point 6. Random seed: 4949
Solving with ultrametric constraint
Optimal point found for initial point 6
Negative llh: 146.2083615898148
Dropout rate: 2.2936298179859258e-10
Silencing rate: 1.6276833610596744e-10
Sigma: 5.459311342900413
Initial point 7. Random seed: 4975
Solving with ultrametric constraint
Optimal point found for initial point 7
Negative llh: 146.20832075560003
Dropout rate: 2.701912270702857e-10
Silencing rate: 1.7560705803328546e-10
Sigma: 5.459401444316447
Initial point 8. Random seed: 4035
Solving with ultrametric constraint
Optimal point found for initial point 8
Negative llh: 146.208327082164
Dropout rate: 1.4093637596817612e-10
Silencing rate: 2.0447137891426652e-10
Sigma: 5.4594962814072785
Initial point 9. Random seed: 8396
Solving with ultrametric constraint
Optimal point found for initial point 9
Negative llh: 146.20835639130735
Dropout rate: 1.0000000000000002e-10
Silencing rate: 1e-10
Sigma: 5.459099239006417
Initial point 10. Random seed: 8936
Solving with ultrametric constraint
Optimal point found for initial point 10
Negative llh: 146.20835383119518
Dropout rate: 2.4030031277038138e-09
Silencing rate: 3.6546834811437065e-09
Sigma: 5.459356410682705
Runtime (s): 305.1010482229758
