Launching Problin version 0.5b
Problin was called as follow: /u/gh2161/Spatial-Division/problin/run_problin.py -c real_location_data/s15c6/k10_r2_character_matrix.csv -t real_location_data/s15c6/true_tree.nwk -S real_location_data/s15c6/leaf_locations.txt --delimiter comma -p real_location_data/s15c6/k10_priors.csv -o real_location_data/s15c6/k10_r2_spalin-divide-beta1.txt --nInitials 10 --ultrametric --randomreps 3 --divide --given_beta 1 --incl_beta_bound
Optimization by Spalin-Divide: Scipy-SLSQP using spatial information
Optimizing branch lengths, phi, and nu without topology search
Initial point 1. Random seed: 3155
Solving with ultrametric constraint
Optimal point found for initial point 1
Negative llh: 146.7380018293418
Dropout rate: 1e-10
Silencing rate: 1e-10
Sigma: 5.50544203886215
Initial point 2. Random seed: 3752
Solving with ultrametric constraint
Optimal point found for initial point 2
Negative llh: 146.73800153839332
Dropout rate: 1.562052333592802e-10
Silencing rate: 1.2274276903945269e-10
Sigma: 5.505380997286614
Initial point 3. Random seed: 6578
Solving with ultrametric constraint
Optimal point found for initial point 3
Negative llh: 146.73800177543356
Dropout rate: 9.999999999999996e-11
Silencing rate: 1.0000000000000002e-10
Sigma: 5.505443879926547
Initial point 4. Random seed: 567
Solving with ultrametric constraint
Optimal point found for initial point 4
Negative llh: 146.73800302003735
Dropout rate: 1.0000000000000002e-10
Silencing rate: 1.0000000000000002e-10
Sigma: 5.505397773921931
Initial point 5. Random seed: 8466
Solving with ultrametric constraint
Optimal point found for initial point 5
Negative llh: 146.73800851988352
Dropout rate: 1e-10
Silencing rate: 1e-10
Sigma: 5.505194913914063
Initial point 6. Random seed: 5914
Solving with ultrametric constraint
Optimal point found for initial point 6
Negative llh: 146.73800205720357
Dropout rate: 9.999999999999996e-11
Silencing rate: 1.0000000000000002e-10
Sigma: 5.505421145878987
Initial point 7. Random seed: 6117
Solving with ultrametric constraint
Optimal point found for initial point 7
Negative llh: 146.7380020816961
Dropout rate: 1.0000000000000007e-10
Silencing rate: 1.0000000000000002e-10
Sigma: 5.505516269484444
Initial point 8. Random seed: 4119
Solving with ultrametric constraint
Optimal point found for initial point 8
Negative llh: 146.73800280308865
Dropout rate: 2.9206550582410354e-10
Silencing rate: 2.0157372399929986e-10
Sigma: 5.505491795904843
Initial point 9. Random seed: 7659
Solving with ultrametric constraint
Optimal point found for initial point 9
Negative llh: 146.738001367253
Dropout rate: 2.1978713712678962e-10
Silencing rate: 1.9400288528782156e-10
Sigma: 5.505402761778146
Initial point 10. Random seed: 599
Solving with ultrametric constraint
Optimal point found for initial point 10
Negative llh: 146.73800894581802
Dropout rate: 1.0000000000000002e-10
Silencing rate: 1.0000000000000002e-10
Sigma: 5.5052861425116015
Runtime (s): 284.7053802758455
