Launching Problin version 0.5b
Problin was called as follow: /u/gh2161/problin/run_problin.py -c simulated_data/s15c6/k10_r4_character_matrix.csv -t simulated_data/s15c6/true_tree.nwk -S simulated_data/s15c6/leaf_locations.txt --delimiter comma -p simulated_data/s15c6/k10_priors.csv -o simulated_data/s15c6/k10_r4_spalin_leaves_newfelsen.txt --nInitials 10 --ultrametric --randomreps 3
Optimization by Spalin: Scipy-SLSQP using spatial information
Optimizing branch lengths, phi, and nu without topology search
Initial point 1. Random seed: 2921
Solving with ultrametric constraint
Optimal point found for initial point 1
Negative llh: 131.34323431607933
Dropout rate: 5.428700018244544e-10
Silencing rate: 2.9018508290175255e-10
Sigma: 7.072353313033334
Initial point 2. Random seed: 5409
Solving with ultrametric constraint
Optimal point found for initial point 2
Negative llh: 131.34323415514143
Dropout rate: 1e-10
Silencing rate: 1e-10
Sigma: 7.071995623259816
Initial point 3. Random seed: 2308
Solving with ultrametric constraint
Optimal point found for initial point 3
Negative llh: 131.34323504700782
Dropout rate: 2.672578431756532e-09
Silencing rate: 2.854603314148612e-09
Sigma: 7.072011521904024
Initial point 4. Random seed: 4617
Solving with ultrametric constraint
Optimal point found for initial point 4
Negative llh: 131.34323465267488
Dropout rate: 1e-10
Silencing rate: 1e-10
Sigma: 7.071416791734464
Initial point 5. Random seed: 255
Solving with ultrametric constraint
Optimal point found for initial point 5
Negative llh: 131.3432343437617
Dropout rate: 1e-10
Silencing rate: 1e-10
Sigma: 7.072716710344552
Initial point 6. Random seed: 3256
Solving with ultrametric constraint
Optimal point found for initial point 6
Negative llh: 131.34323461666156
Dropout rate: 2.336360851634083e-09
Silencing rate: 1.1753290630917144e-09
Sigma: 7.07180428726788
Initial point 7. Random seed: 7947
Solving with ultrametric constraint
Optimal point found for initial point 7
Negative llh: 131.34323401965253
Dropout rate: 9.999999999999924e-11
Silencing rate: 9.999999999999924e-11
Sigma: 7.072099654395574
Initial point 8. Random seed: 8918
Solving with ultrametric constraint
Optimal point found for initial point 8
Negative llh: 131.34323434438414
Dropout rate: 9.999999999999996e-11
Silencing rate: 1.0000000000000007e-10
Sigma: 7.07281446910455
Initial point 9. Random seed: 2127
Solving with ultrametric constraint
Optimal point found for initial point 9
Negative llh: 131.34323489804603
Dropout rate: 1e-10
Silencing rate: 1e-10
Sigma: 7.073043353655059
Initial point 10. Random seed: 552
Solving with ultrametric constraint
Optimal point found for initial point 10
Negative llh: 131.34323485920262
Dropout rate: 1.1879874149165903e-09
Silencing rate: 1.2944599442572964e-09
Sigma: 7.072134086565472
Runtime (s): 74.51610781811178
