Launching Problin version 0.5b
Problin was called as follow: /u/gh2161/Spatial-Division/problin/run_problin.py -c real_location_data/s7c1/k10_r3_character_matrix.csv -t real_location_data/s7c1/true_tree.nwk -S real_location_data/s7c1/leaf_locations.txt --delimiter comma -p real_location_data/s7c1/k10_priors.csv -o real_location_data/s7c1/k10_r3_spalin-divide-beta1.txt --nInitials 10 --ultrametric --randomreps 3 --divide --given_beta 1 --incl_beta_bound
Optimization by Spalin-Divide: Scipy-SLSQP using spatial information
Optimizing branch lengths, phi, and nu without topology search
Initial point 1. Random seed: 4119
Solving with ultrametric constraint
Optimal point found for initial point 1
Negative llh: 257.60938037437757
Dropout rate: 2.65726735332866e-10
Silencing rate: 2.1872158737716847e-10
Sigma: 5.932981440755302
Initial point 2. Random seed: 2078
Solving with ultrametric constraint
Optimal point found for initial point 2
Negative llh: 257.6093802300217
Dropout rate: 1.0000000000000007e-10
Silencing rate: 1.0000000000000007e-10
Sigma: 5.93292645934347
Initial point 3. Random seed: 478
Solving with ultrametric constraint
Optimal point found for initial point 3
Negative llh: 257.60938070028755
Dropout rate: 1.3954438113583834e-10
Silencing rate: 1.1982774078734866e-10
Sigma: 5.932960485291459
Initial point 4. Random seed: 2206
Solving with ultrametric constraint
Optimal point found for initial point 4
Negative llh: 257.6093802196443
Dropout rate: 1.0000000000000007e-10
Silencing rate: 1.0000000000000007e-10
Sigma: 5.932990331057801
Initial point 5. Random seed: 1321
Solving with ultrametric constraint
Optimal point found for initial point 5
Negative llh: 257.60938591511945
Dropout rate: 1e-10
Silencing rate: 1e-10
Sigma: 5.9333240618888095
Initial point 6. Random seed: 6576
Solving with ultrametric constraint
Optimal point found for initial point 6
Negative llh: 257.60938003929266
Dropout rate: 1e-10
Silencing rate: 1e-10
Sigma: 5.932997388872266
Initial point 7. Random seed: 3517
Solving with ultrametric constraint
Optimal point found for initial point 7
Negative llh: 257.6093896244051
Dropout rate: 2.5801560641409955e-10
Silencing rate: 1.9460436091204517e-10
Sigma: 5.933419697860034
Initial point 8. Random seed: 2981
Solving with ultrametric constraint
Optimal point found for initial point 8
Negative llh: 257.60938030417776
Dropout rate: 5.992260167594172e-10
Silencing rate: 4.4372620427883533e-10
Sigma: 5.932984890528731
Initial point 9. Random seed: 6318
Solving with ultrametric constraint
Fatal: failed to optimize using initial point 9
Initial point 10. Random seed: 5882
Solving with ultrametric constraint
Optimal point found for initial point 10
Negative llh: 257.6093802745137
Dropout rate: 1.3776981807143053e-10
Silencing rate: 1.18944346363532e-10
Sigma: 5.93297423200528
Runtime (s): 1633.7481995889975
