Launching Problin version 0.5b
Problin was called as follow: /u/gh2161/problin/run_problin.py -c simulated_data/s7c1/k10_r3_character_matrix.csv -t simulated_data/s7c1/true_tree.nwk -S simulated_data/s7c1/leaf_locations.txt --delimiter comma -p simulated_data/s7c1/k10_priors.csv -o simulated_data/s7c1/k10_r3_spalin_leaves_newfelsen.txt --nInitials 10 --ultrametric --randomreps 3
Optimization by Spalin: Scipy-SLSQP using spatial information
Optimizing branch lengths, phi, and nu without topology search
Initial point 1. Random seed: 3027
Solving with ultrametric constraint
Optimal point found for initial point 1
Negative llh: 228.19581594022463
Dropout rate: 1e-10
Silencing rate: 1e-10
Sigma: 8.238833927450617
Initial point 2. Random seed: 4303
Solving with ultrametric constraint
Optimal point found for initial point 2
Negative llh: 228.19581562410542
Dropout rate: 1e-10
Silencing rate: 1e-10
Sigma: 8.238240358961205
Initial point 3. Random seed: 3734
Solving with ultrametric constraint
Optimal point found for initial point 3
Negative llh: 228.19581572448232
Dropout rate: 1.0000000000000002e-10
Silencing rate: 1.0000000000000002e-10
Sigma: 8.238830186348835
Initial point 4. Random seed: 5538
Solving with ultrametric constraint
Optimal point found for initial point 4
Negative llh: 228.19581583060216
Dropout rate: 1.9434272036188425e-10
Silencing rate: 3.811071350004394e-10
Sigma: 8.238814047402947
Initial point 5. Random seed: 7491
Solving with ultrametric constraint
Optimal point found for initial point 5
Negative llh: 228.19581576662154
Dropout rate: 1.0000000000000007e-10
Silencing rate: 1.0000000000000007e-10
Sigma: 8.23836247200909
Initial point 6. Random seed: 8216
Solving with ultrametric constraint
Optimal point found for initial point 6
Negative llh: 228.19581559405844
Dropout rate: 1.0000000000000007e-10
Silencing rate: 1.0000000000000007e-10
Sigma: 8.238204931908594
Initial point 7. Random seed: 942
Solving with ultrametric constraint
Optimal point found for initial point 7
Negative llh: 228.19581589742867
Dropout rate: 1e-10
Silencing rate: 9.999999999999996e-11
Sigma: 8.23865669609019
Initial point 8. Random seed: 5617
Solving with ultrametric constraint
Optimal point found for initial point 8
Negative llh: 228.19581599912362
Dropout rate: 1e-10
Silencing rate: 1e-10
Sigma: 8.239131226172145
Initial point 9. Random seed: 3348
Solving with ultrametric constraint
Optimal point found for initial point 9
Negative llh: 228.19581677885242
Dropout rate: 5.084471807909206e-09
Silencing rate: 1.5791846567618857e-09
Sigma: 8.238512191051331
Initial point 10. Random seed: 9774
Solving with ultrametric constraint
Optimal point found for initial point 10
Negative llh: 228.19581605065622
Dropout rate: 1.0000000000000007e-10
Silencing rate: 1.0000000000000007e-10
Sigma: 8.23846223467564
Runtime (s): 185.13168756477535
