Launching Problin version 0.5b
Problin was called as follow: /u/gh2161/Spatial-Division/problin/run_problin.py -c real_location_data/s7c1/k10_r5_character_matrix.csv -t real_location_data/s7c1/true_tree.nwk -S real_location_data/s7c1/leaf_locations.txt --delimiter comma -p real_location_data/s7c1/k10_priors.csv -o real_location_data/s7c1/k10_r5_spalin.txt --nInitials 10 --ultrametric --randomreps 3
Optimization by Spalin: Scipy-SLSQP using spatial information
Optimizing branch lengths, phi, and nu without topology search
Initial point 1. Random seed: 6385
Solving with ultrametric constraint
Optimal point found for initial point 1
Negative llh: 221.1884586571445
Dropout rate: 1e-10
Silencing rate: 1e-10
Sigma: 45.27622002339666
Initial point 2. Random seed: 2563
Solving with ultrametric constraint
Optimal point found for initial point 2
Negative llh: 221.18845928869393
Dropout rate: 8.261989446108879e-10
Silencing rate: 2.3496950366640177e-10
Sigma: 45.27882588043299
Initial point 3. Random seed: 547
Solving with ultrametric constraint
Optimal point found for initial point 3
Negative llh: 221.18845903385076
Dropout rate: 1e-10
Silencing rate: 1e-10
Sigma: 45.277503670709216
Initial point 4. Random seed: 2515
Solving with ultrametric constraint
Optimal point found for initial point 4
Negative llh: 221.18845905704603
Dropout rate: 5.05430339324085e-10
Silencing rate: 2.2012657744374862e-10
Sigma: 45.27732184588682
Initial point 5. Random seed: 5327
Solving with ultrametric constraint
Optimal point found for initial point 5
Negative llh: 221.18846095137843
Dropout rate: 9.131922787530291e-10
Silencing rate: 6.045603749249978e-10
Sigma: 45.28184966862726
Initial point 6. Random seed: 5138
Solving with ultrametric constraint
Optimal point found for initial point 6
Negative llh: 221.18845904115324
Dropout rate: 5.539098016147937e-10
Silencing rate: 4.22720468601803e-10
Sigma: 45.27841793334005
Initial point 7. Random seed: 963
Solving with ultrametric constraint
Optimal point found for initial point 7
Negative llh: 221.1884587444933
Dropout rate: 1e-10
Silencing rate: 1e-10
Sigma: 45.27763590522924
Initial point 8. Random seed: 8140
Solving with ultrametric constraint
Optimal point found for initial point 8
Negative llh: 221.1884587135363
Dropout rate: 1.1628752451766601e-10
Silencing rate: 2.0423628037691108e-10
Sigma: 45.27743448634548
Initial point 9. Random seed: 3169
Solving with ultrametric constraint
Optimal point found for initial point 9
Negative llh: 221.18845883101687
Dropout rate: 1e-10
Silencing rate: 1e-10
Sigma: 45.27667600699559
Initial point 10. Random seed: 5771
Solving with ultrametric constraint
Optimal point found for initial point 10
Negative llh: 221.18846016578618
Dropout rate: 3.651562824140441e-09
Silencing rate: 3.479162280346971e-09
Sigma: 45.27823612556308
Traceback (most recent call last):
  File "/u/gh2161/Spatial-Division/problin/run_problin.py", line 223, in <module>
    main()
  File "/u/gh2161/Spatial-Division/problin/run_problin.py", line 214, in main
    for cell in mySolver.params.displacement_amounts:
AttributeError: 'Params' object has no attribute 'displacement_amounts'
