Launching Problin version 0.5b
Problin was called as follow: /u/gh2161/Spatial-Division/problin/run_problin.py -c real_location_data/s7c1/k10_r1_character_matrix.csv -t real_location_data/s7c1/true_tree.nwk -S real_location_data/s7c1/leaf_locations.txt --delimiter comma -p real_location_data/s7c1/k10_priors.csv -o real_location_data/s7c1/k10_r1_spalin.txt --nInitials 10 --ultrametric --randomreps 3
Optimization by Spalin: Scipy-SLSQP using spatial information
Optimizing branch lengths, phi, and nu without topology search
Initial point 1. Random seed: 7403
Solving with ultrametric constraint
Optimal point found for initial point 1
Negative llh: 230.1159598674297
Dropout rate: 1e-10
Silencing rate: 1e-10
Sigma: 43.8655554696296
Initial point 2. Random seed: 4614
Solving with ultrametric constraint
Optimal point found for initial point 2
Negative llh: 230.11595956954255
Dropout rate: 1e-10
Silencing rate: 1e-10
Sigma: 43.864576122966916
Initial point 3. Random seed: 1602
Solving with ultrametric constraint
Optimal point found for initial point 3
Negative llh: 230.11596016098815
Dropout rate: 9.999999999999996e-11
Silencing rate: 9.999999999999996e-11
Sigma: 43.87034433606383
Initial point 4. Random seed: 7199
Solving with ultrametric constraint
Optimal point found for initial point 4
Negative llh: 230.1159595644393
Dropout rate: 1e-10
Silencing rate: 1.0000000000000002e-10
Sigma: 43.86460318228054
Initial point 5. Random seed: 3004
Solving with ultrametric constraint
Optimal point found for initial point 5
Negative llh: 230.11595968682764
Dropout rate: 1e-10
Silencing rate: 1e-10
Sigma: 43.864377345311595
Initial point 6. Random seed: 8919
Solving with ultrametric constraint
Optimal point found for initial point 6
Negative llh: 230.115959837605
Dropout rate: 1.0176065955372753e-09
Silencing rate: 2.3837891276999876e-09
Sigma: 43.86500974566841
Initial point 7. Random seed: 6767
Solving with ultrametric constraint
Optimal point found for initial point 7
Negative llh: 230.11595958581566
Dropout rate: 1e-10
Silencing rate: 1e-10
Sigma: 43.863408400720324
Initial point 8. Random seed: 5167
Solving with ultrametric constraint
Optimal point found for initial point 8
Negative llh: 230.11595971154767
Dropout rate: 1.0000000000000002e-10
Silencing rate: 1.0000000000000002e-10
Sigma: 43.86472948636263
Initial point 9. Random seed: 1648
Solving with ultrametric constraint
Optimal point found for initial point 9
Negative llh: 230.11595967847262
Dropout rate: 1e-10
Silencing rate: 1e-10
Sigma: 43.86466692266103
Initial point 10. Random seed: 1053
Solving with ultrametric constraint
Optimal point found for initial point 10
Negative llh: 230.11595984904642
Dropout rate: 1.0000000000000002e-10
Silencing rate: 1e-10
Sigma: 43.86392945708001
Traceback (most recent call last):
  File "/u/gh2161/Spatial-Division/problin/run_problin.py", line 223, in <module>
    main()
  File "/u/gh2161/Spatial-Division/problin/run_problin.py", line 214, in main
    for cell in mySolver.params.displacement_amounts:
AttributeError: 'Params' object has no attribute 'displacement_amounts'
