Launching Problin version 0.5b
Problin was called as follow: /u/gh2161/problin/run_problin.py -c simulated_data/s7c1/k10_r5_character_matrix.csv -t simulated_data/s7c1/true_tree.nwk --delimiter comma -p simulated_data/s7c1/k10_priors.csv -o simulated_data/s7c1/k10_r5_problin.txt --nInitials 10 --ultrametric --randomreps 3
Optimization by EM algorithm
Optimizing branch lengths, phi, and nu without topology search
Initial point 1. Random seed: 5903
Solving with ultrametric constraint
Initial phi: 0.23132562486962066. Initial nu: 0.8392352033824024. Initial nllh: 16596.35374053804
EM finished after 14 iterations.
Optimal point found for initial point 1
Negative llh: 87.95859537938125
Dropout rate: 0
Silencing rate: 9.600326810176354e-07
Initial point 2. Random seed: 1141
Solving with ultrametric constraint
Initial phi: 0.8970452969344083. Initial nu: 0.6782553786114002. Initial nllh: 546.053372280933
EM finished after 13 iterations.
Optimal point found for initial point 2
Negative llh: 87.95859520459099
Dropout rate: 0
Silencing rate: 9.597946982332531e-07
Initial point 3. Random seed: 3302
Solving with ultrametric constraint
Initial phi: 0.4609591135751091. Initial nu: 0.21481205726080918. Initial nllh: 214.67011973509977
EM finished after 11 iterations.
Optimal point found for initial point 3
Negative llh: 87.9585954842035
Dropout rate: 0
Silencing rate: 9.603546047803107e-07
Initial point 4. Random seed: 6280
Solving with ultrametric constraint
Initial phi: 0.965902426404268. Initial nu: 0.4959085115409887. Initial nllh: 731.8257774923919
EM finished after 12 iterations.
Optimal point found for initial point 4
Negative llh: 87.95859582880266
Dropout rate: 0
Silencing rate: 9.632267834393194e-07
Initial point 5. Random seed: 2915
Solving with ultrametric constraint
Initial phi: 0.09981215541063383. Initial nu: 0.4717985716469316. Initial nllh: 140.8805161459332
EM finished after 13 iterations.
Optimal point found for initial point 5
Negative llh: 87.95859570233361
Dropout rate: 0
Silencing rate: 9.685699594519523e-07
Initial point 6. Random seed: 5066
Solving with ultrametric constraint
Initial phi: 0.8582533058740301. Initial nu: 0.3735309287064668. Initial nllh: 466.54154028726293
EM finished after 14 iterations.
Optimal point found for initial point 6
Negative llh: 87.95859465069063
Dropout rate: 0
Silencing rate: 9.572227291148448e-07
Initial point 7. Random seed: 678
Solving with ultrametric constraint
Initial phi: 0.6473115684176194. Initial nu: 0.012895603829524796. Initial nllh: 276.4783640785937
EM finished after 6 iterations.
Optimal point found for initial point 7
Negative llh: 87.95859505905368
Dropout rate: 0
Silencing rate: 9.57181468560159e-07
Initial point 8. Random seed: 3110
Solving with ultrametric constraint
Initial phi: 0.7738952114259713. Initial nu: 0.29960555446611575. Initial nllh: 377.1623864846448
EM finished after 12 iterations.
Optimal point found for initial point 8
Negative llh: 87.95859532176053
Dropout rate: 0
Silencing rate: 9.637757134419524e-07
Initial point 9. Random seed: 5882
Solving with ultrametric constraint
Initial phi: 0.2513070963802488. Initial nu: 0.9817191248678037. Initial nllh: 210.79197772831566
EM finished after 13 iterations.
Optimal point found for initial point 9
Negative llh: 87.95859556114475
Dropout rate: 0
Silencing rate: 9.611209855100392e-07
Initial point 10. Random seed: 3997
Solving with ultrametric constraint
Initial phi: 0.8100267720105865. Initial nu: 0.5553367528221796. Initial nllh: 426.9296129698472
EM finished after 12 iterations.
Optimal point found for initial point 10
Negative llh: 87.95859651806477
Dropout rate: 0
Silencing rate: 9.708932675311412e-07
Traceback (most recent call last):
  File "/u/gh2161/problin/run_problin.py", line 193, in <module>
    main()
  File "/u/gh2161/problin/run_problin.py", line 172, in main
    fout.write("Sigma: " + str(opt_params['sigma']) + "\n")
KeyError: 'sigma'
