Launching Problin version 0.5b
Problin was called as follow: /u/gh2161/problin/run_problin.py -c simulated_data/s7c1/k10_r4_character_matrix.csv -t simulated_data/s7c1/true_tree.nwk -S simulated_data/s7c1/true_locations.txt --delimiter comma -p simulated_data/s7c1/k10_priors.csv -o simulated_data/s7c1/k10_r4_spalin_all.txt --nInitials 10 --ultrametric --randomreps 3
Optimization by Spalin: Scipy-SLSQP using spatial information
Optimizing branch lengths, phi, and nu without topology search
Initial point 1. Random seed: 3058
Solving with ultrametric constraint
Optimal point found for initial point 1
Negative llh: 312.9805871836728
Dropout rate: 1e-10
Silencing rate: 1e-10
Sigma: 35.03020761400994
Initial point 2. Random seed: 7557
Solving with ultrametric constraint
Optimal point found for initial point 2
Negative llh: 312.98058698510283
Dropout rate: 2.039412569207313e-10
Silencing rate: 4.6495336116373994e-10
Sigma: 35.031723867523496
Initial point 3. Random seed: 7130
Solving with ultrametric constraint
Optimal point found for initial point 3
Negative llh: 312.980587233842
Dropout rate: 1e-10
Silencing rate: 1e-10
Sigma: 35.02923593377565
Initial point 4. Random seed: 4394
Solving with ultrametric constraint
Optimal point found for initial point 4
Negative llh: 312.98058697421163
Dropout rate: 1e-10
Silencing rate: 1e-10
Sigma: 35.02981065270061
Initial point 5. Random seed: 7089
Solving with ultrametric constraint
Optimal point found for initial point 5
Negative llh: 312.98058710187905
Dropout rate: 1.1088544385941839e-10
Silencing rate: 1.0714082510517959e-10
Sigma: 35.0292541872497
Initial point 6. Random seed: 5372
Solving with ultrametric constraint
Optimal point found for initial point 6
Negative llh: 312.98058679277926
Dropout rate: 1.0000000000000007e-10
Silencing rate: 9.999999999999924e-11
Sigma: 35.02975379316309
Initial point 7. Random seed: 4849
Solving with ultrametric constraint
Optimal point found for initial point 7
Negative llh: 312.98058743070254
Dropout rate: 3.836020274988123e-10
Silencing rate: 4.884866231366686e-10
Sigma: 35.02941133062623
Initial point 8. Random seed: 2190
Solving with ultrametric constraint
Optimal point found for initial point 8
Negative llh: 312.98058702530534
Dropout rate: 1.0180882940797031e-10
Silencing rate: 1e-10
Sigma: 35.030583857862624
Initial point 9. Random seed: 796
Solving with ultrametric constraint
Optimal point found for initial point 9
Negative llh: 312.98058697949136
Dropout rate: 4.9272588433619e-10
Silencing rate: 5.81350766380047e-10
Sigma: 35.03021321668538
Initial point 10. Random seed: 2387
Solving with ultrametric constraint
Optimal point found for initial point 10
Negative llh: 312.98058683301696
Dropout rate: 1.0008007423367761e-10
Silencing rate: 1.0785625200133054e-10
Sigma: 35.030802212188135
Runtime (s): 20.05472102202475
