Launching Problin version 0.5b
Problin was called as follow: /u/gh2161/Spatial-Division/problin/run_problin.py -c real_location_data/s7c1/k10_r2_character_matrix.csv -t real_location_data/s7c1/true_tree.nwk -S real_location_data/s7c1/leaf_locations.txt --delimiter comma -p real_location_data/s7c1/k10_priors.csv -o real_location_data/s7c1/k10_r2_spalin-divide-beta05.txt --nInitials 10 --ultrametric --randomreps 3 --divide --given_beta 0.5 --incl_beta_bound
Optimization by Spalin-Divide: Scipy-SLSQP using spatial information
Optimizing branch lengths, phi, and nu without topology search
Initial point 1. Random seed: 5679
Solving with ultrametric constraint
Optimal point found for initial point 1
Negative llh: 223.943588329929
Dropout rate: 1.0000000000000007e-10
Silencing rate: 9.999999999999996e-11
Sigma: 6.287591660515434
Initial point 2. Random seed: 3492
Solving with ultrametric constraint
Optimal point found for initial point 2
Negative llh: 223.94358857716003
Dropout rate: 3.064836259632378e-10
Silencing rate: 2.0507469397346573e-10
Sigma: 6.287633607269493
Initial point 3. Random seed: 7586
Solving with ultrametric constraint
Optimal point found for initial point 3
Negative llh: 223.94358828054186
Dropout rate: 2.2455322218015733e-10
Silencing rate: 1.63387862961007e-10
Sigma: 6.287646470397933
Initial point 4. Random seed: 6997
Solving with ultrametric constraint
Optimal point found for initial point 4
Negative llh: 223.94360976362964
Dropout rate: 1.1135001827473666e-09
Silencing rate: 8.600313519456025e-10
Sigma: 6.289508962769316
Initial point 5. Random seed: 2135
Solving with ultrametric constraint
Optimal point found for initial point 5
Negative llh: 223.94358834997576
Dropout rate: 3.582721932230031e-10
Silencing rate: 2.661211236510403e-10
Sigma: 6.287610270070224
Initial point 6. Random seed: 5840
Solving with ultrametric constraint
Optimal point found for initial point 6
Negative llh: 223.94359013408726
Dropout rate: 3.6429406159404464e-10
Silencing rate: 4.335057427493637e-10
Sigma: 6.287571139614238
Initial point 7. Random seed: 5931
Solving with ultrametric constraint
Optimal point found for initial point 7
Negative llh: 223.94359679335705
Dropout rate: 2.5407869765681303e-10
Silencing rate: 2.5208995705399504e-10
Sigma: 6.287060386492665
Initial point 8. Random seed: 1016
Solving with ultrametric constraint
Optimal point found for initial point 8
Negative llh: 223.9435907372817
Dropout rate: 8.085372874152518e-10
Silencing rate: 6.217380211026425e-10
Sigma: 6.287548383348381
Initial point 9. Random seed: 489
Solving with ultrametric constraint
Optimal point found for initial point 9
Negative llh: 223.94359173870106
Dropout rate: 1e-10
Silencing rate: 1e-10
Sigma: 6.287887396802841
Initial point 10. Random seed: 6170
Solving with ultrametric constraint
Optimal point found for initial point 10
Negative llh: 223.94358896526222
Dropout rate: 1e-10
Silencing rate: 1e-10
Sigma: 6.287706660983461
Runtime (s): 788.4064971264452
