Launching Problin version 0.5b
Problin was called as follow: /u/gh2161/Spatial-Division/problin/run_problin.py -c real_location_data/s7c1/k10_r3_character_matrix.csv -t real_location_data/s7c1/true_tree.nwk -S real_location_data/s7c1/leaf_locations.txt --delimiter comma -p real_location_data/s7c1/k10_priors.csv -o real_location_data/s7c1/k10_r3_spalin.txt --nInitials 10 --ultrametric --randomreps 3
Optimization by Spalin: Scipy-SLSQP using spatial information
Optimizing branch lengths, phi, and nu without topology search
Initial point 1. Random seed: 4834
Solving with ultrametric constraint
Optimal point found for initial point 1
Negative llh: 228.19581570259155
Dropout rate: 1e-10
Silencing rate: 1e-10
Sigma: 37.05357555671645
Initial point 2. Random seed: 3714
Solving with ultrametric constraint
Optimal point found for initial point 2
Negative llh: 228.19581573330044
Dropout rate: 1e-10
Silencing rate: 1e-10
Sigma: 37.053892465503026
Initial point 3. Random seed: 3318
Solving with ultrametric constraint
Optimal point found for initial point 3
Negative llh: 228.19581647846795
Dropout rate: 1.191256716040603e-09
Silencing rate: 6.367068689259699e-10
Sigma: 37.0542764887456
Initial point 4. Random seed: 3420
Solving with ultrametric constraint
Optimal point found for initial point 4
Negative llh: 228.19581574491198
Dropout rate: 1e-10
Silencing rate: 1e-10
Sigma: 37.05529537270039
Initial point 5. Random seed: 2069
Solving with ultrametric constraint
Optimal point found for initial point 5
Negative llh: 228.1958157180881
Dropout rate: 2.8016650499138824e-10
Silencing rate: 2.768588670797874e-10
Sigma: 37.05500837939801
Initial point 6. Random seed: 8700
Solving with ultrametric constraint
Optimal point found for initial point 6
Negative llh: 228.19581570142302
Dropout rate: 1.0000000000000002e-10
Silencing rate: 1.0000000000000002e-10
Sigma: 37.05507586184938
Initial point 7. Random seed: 251
Solving with ultrametric constraint
Optimal point found for initial point 7
Negative llh: 228.19581640269553
Dropout rate: 9.999999999999996e-11
Silencing rate: 9.999999999999996e-11
Sigma: 37.0550500111961
Initial point 8. Random seed: 2615
Solving with ultrametric constraint
Optimal point found for initial point 8
Negative llh: 228.1958160361536
Dropout rate: 3.150180496445669e-10
Silencing rate: 7.402434312852216e-10
Sigma: 37.052934312701844
Initial point 9. Random seed: 7314
Solving with ultrametric constraint
Optimal point found for initial point 9
Negative llh: 228.1958156344169
Dropout rate: 1.0000000000000002e-10
Silencing rate: 1.0000000000000002e-10
Sigma: 37.05554640044778
Initial point 10. Random seed: 2110
Solving with ultrametric constraint
Optimal point found for initial point 10
Negative llh: 228.19581584100678
Dropout rate: 1e-10
Silencing rate: 1e-10
Sigma: 37.0521399989543
Traceback (most recent call last):
  File "/u/gh2161/Spatial-Division/problin/run_problin.py", line 223, in <module>
    main()
  File "/u/gh2161/Spatial-Division/problin/run_problin.py", line 214, in main
    for cell in mySolver.params.displacement_amounts:
AttributeError: 'Params' object has no attribute 'displacement_amounts'
