Launching Problin version 0.5b
Problin was called as follow: /u/gh2161/Spatial-Division/problin/run_problin.py -c real_location_data/s14c6/k10_r2_character_matrix.csv -t real_location_data/s14c6/true_tree.nwk -S real_location_data/s14c6/leaf_locations.txt --delimiter comma -p real_location_data/s14c6/k10_priors.csv -o real_location_data/s14c6/k10_r2_spalin.txt --nInitials 10 --ultrametric --randomreps 3
Optimization by Spalin: Scipy-SLSQP using spatial information
Optimizing branch lengths, phi, and nu without topology search
Initial point 1. Random seed: 6513
Solving with ultrametric constraint
Optimal point found for initial point 1
Negative llh: 100.07784692483206
Dropout rate: 1e-10
Silencing rate: 1e-10
Sigma: 30.548936955072268
Initial point 2. Random seed: 6723
Solving with ultrametric constraint
Optimal point found for initial point 2
Negative llh: 100.07784694979867
Dropout rate: 1e-10
Silencing rate: 1e-10
Sigma: 30.54679515150989
Initial point 3. Random seed: 6327
Solving with ultrametric constraint
Optimal point found for initial point 3
Negative llh: 100.07784697174665
Dropout rate: 1e-10
Silencing rate: 1e-10
Sigma: 30.549404319760388
Initial point 4. Random seed: 3426
Solving with ultrametric constraint
Optimal point found for initial point 4
Negative llh: 100.0778471841806
Dropout rate: 1.0000000000000007e-10
Silencing rate: 1.0000000000000007e-10
Sigma: 30.54450022629599
Initial point 5. Random seed: 1330
Solving with ultrametric constraint
Optimal point found for initial point 5
Negative llh: 100.07784717851888
Dropout rate: 1e-10
Silencing rate: 1.0000000000000002e-10
Sigma: 30.546045958217135
Initial point 6. Random seed: 7398
Solving with ultrametric constraint
Optimal point found for initial point 6
Negative llh: 100.0778472192806
Dropout rate: 3.599960980878854e-10
Silencing rate: 2.609067459178717e-10
Sigma: 30.544999319625468
Initial point 7. Random seed: 1002
Solving with ultrametric constraint
Optimal point found for initial point 7
Negative llh: 100.0778469179784
Dropout rate: 1.43516481132922e-10
Silencing rate: 4.389055714957521e-10
Sigma: 30.551031081360644
Initial point 8. Random seed: 513
Solving with ultrametric constraint
Optimal point found for initial point 8
Negative llh: 100.07784712174745
Dropout rate: 2.2446265996616958e-10
Silencing rate: 1.5665512516462903e-10
Sigma: 30.54440962515855
Initial point 9. Random seed: 7864
Solving with ultrametric constraint
Optimal point found for initial point 9
Negative llh: 100.07784711852022
Dropout rate: 1e-10
Silencing rate: 1e-10
Sigma: 30.549828222355984
Initial point 10. Random seed: 1974
Solving with ultrametric constraint
Optimal point found for initial point 10
Negative llh: 100.07784757147736
Dropout rate: 4.2319903034686037e-10
Silencing rate: 1.269209861952301e-09
Sigma: 30.55428962534704
Traceback (most recent call last):
  File "/u/gh2161/Spatial-Division/problin/run_problin.py", line 223, in <module>
    main()
  File "/u/gh2161/Spatial-Division/problin/run_problin.py", line 214, in main
    for cell in mySolver.params.displacement_amounts:
AttributeError: 'Params' object has no attribute 'displacement_amounts'
