Launching Problin version 0.5b
Problin was called as follow: /u/gh2161/problin/run_problin.py -c simulated_data/s14c6/k10_r2_character_matrix.csv -t simulated_data/s14c6/true_tree.nwk --delimiter comma -p simulated_data/s14c6/k10_priors.csv -o simulated_data/s14c6/k10_r2_problin.txt --nInitials 10 --ultrametric --randomreps 3
Optimization by EM algorithm
Optimizing branch lengths, phi, and nu without topology search
Initial point 1. Random seed: 889
Solving with ultrametric constraint
Initial phi: 0.4021294802866549. Initial nu: 0.7733031187058467. Initial nllh: 7138.745155211517
EM finished after 53 iterations.
Optimal point found for initial point 1
Negative llh: 30.84853872238289
Dropout rate: 0
Silencing rate: 3.38710789044345e-07
Initial point 2. Random seed: 8131
Solving with ultrametric constraint
Initial phi: 0.4321390918369979. Initial nu: 0.9885007799970695. Initial nllh: 148.60270754268524
EM finished after 47 iterations.
Optimal point found for initial point 2
Negative llh: 30.848538278536445
Dropout rate: 0
Silencing rate: 3.376427570733728e-07
Initial point 3. Random seed: 9004
Solving with ultrametric constraint
Initial phi: 0.0762959394315439. Initial nu: 0.6027185323062823. Initial nllh: 73.4234387923728
EM finished after 42 iterations.
Optimal point found for initial point 3
Negative llh: 30.848538886781483
Dropout rate: 0
Silencing rate: 3.383090986242544e-07
Initial point 4. Random seed: 7301
Solving with ultrametric constraint
Initial phi: 0.7036464379583071. Initial nu: 0.0532280877711588. Initial nllh: 167.61966081327074
EM finished after 21 iterations.
Optimal point found for initial point 4
Negative llh: 30.84853894901017
Dropout rate: 0
Silencing rate: 3.3862141064399267e-07
Initial point 5. Random seed: 7022
Solving with ultrametric constraint
Initial phi: 0.79748623973018. Initial nu: 0.41494184742668017. Initial nllh: 229.81294813377465
EM finished after 37 iterations.
Optimal point found for initial point 5
Negative llh: 30.848540212852306
Dropout rate: 0
Silencing rate: 3.3829562207906307e-07
Initial point 6. Random seed: 486
Solving with ultrametric constraint
Initial phi: 0.21185075399823583. Initial nu: 0.8347892223558843. Initial nllh: 103.91111081827486
EM finished after 46 iterations.
Optimal point found for initial point 6
Negative llh: 30.84853821260772
Dropout rate: 0
Silencing rate: 3.3614002070814576e-07
Initial point 7. Random seed: 6883
Solving with ultrametric constraint
Initial phi: 0.045205291591030955. Initial nu: 0.5409483786305296. Initial nllh: 66.31326584540686
EM finished after 43 iterations.
Optimal point found for initial point 7
Negative llh: 30.84853839215296
Dropout rate: 0
Silencing rate: 3.385822939748491e-07
Initial point 8. Random seed: 2522
Solving with ultrametric constraint
Initial phi: 0.9559626574994022. Initial nu: 0.49067556956667907. Initial nllh: 401.90067128883595
EM finished after 43 iterations.
Optimal point found for initial point 8
Negative llh: 30.848538071230497
Dropout rate: 0
Silencing rate: 3.359123364487448e-07
Initial point 9. Random seed: 5167
Solving with ultrametric constraint
Initial phi: 0.005293465450579532. Initial nu: 0.577536945639968. Initial nllh: 63.86331005580424
EM finished after 41 iterations.
Optimal point found for initial point 9
Negative llh: 30.848539305609286
Dropout rate: 0
Silencing rate: 3.386275456291272e-07
Initial point 10. Random seed: 9114
Solving with ultrametric constraint
Initial phi: 0.15052281509501134. Initial nu: 0.7151056002486081. Initial nllh: 88.94844906817518
EM finished after 44 iterations.
Optimal point found for initial point 10
Negative llh: 30.848538605505617
Dropout rate: 0
Silencing rate: 3.382148508426283e-07
Traceback (most recent call last):
  File "/u/gh2161/problin/run_problin.py", line 193, in <module>
    main()
  File "/u/gh2161/problin/run_problin.py", line 172, in main
    fout.write("Sigma: " + str(opt_params['sigma']) + "\n")
KeyError: 'sigma'
