Launching Problin version 0.5b
Problin was called as follow: /u/gh2161/Spatial-Division/problin/run_problin.py -c real_location_data/s14c6/k10_r2_character_matrix.csv -t real_location_data/s14c6/true_tree.nwk -S real_location_data/s14c6/leaf_locations.txt --delimiter comma -p real_location_data/s14c6/k10_priors.csv -o real_location_data/s14c6/k10_r2_spalin-divide-beta1.txt --nInitials 10 --ultrametric --randomreps 3 --divide --given_beta 1 --incl_beta_bound
Optimization by Spalin-Divide: Scipy-SLSQP using spatial information
Optimizing branch lengths, phi, and nu without topology search
Initial point 1. Random seed: 3585
Solving with ultrametric constraint
Optimal point found for initial point 1
Negative llh: 116.36725006270862
Dropout rate: 5.591161341290209e-10
Silencing rate: 3.134627267231067e-10
Sigma: 5.295150221247202
Initial point 2. Random seed: 3010
Solving with ultrametric constraint
Optimal point found for initial point 2
Negative llh: 116.3672499092407
Dropout rate: 2.467296813041139e-10
Silencing rate: 1.9678969325974854e-10
Sigma: 5.295152290725385
Initial point 3. Random seed: 9436
Solving with ultrametric constraint
Optimal point found for initial point 3
Negative llh: 116.36726362028679
Dropout rate: 1e-10
Silencing rate: 1e-10
Sigma: 5.298337876767644
Initial point 4. Random seed: 3557
Solving with ultrametric constraint
Optimal point found for initial point 4
Negative llh: 116.3672498792933
Dropout rate: 1.0209136570856935e-10
Silencing rate: 1.0111526602643406e-10
Sigma: 5.2951533509648385
Initial point 5. Random seed: 2861
Solving with ultrametric constraint
Optimal point found for initial point 5
Negative llh: 116.36725034430944
Dropout rate: 3.586093099882598e-10
Silencing rate: 2.312578333507444e-10
Sigma: 5.295233047443338
Initial point 6. Random seed: 2932
Solving with ultrametric constraint
Optimal point found for initial point 6
Negative llh: 116.3672682471226
Dropout rate: 1.8042926893497417e-10
Silencing rate: 1.50378927228174e-10
Sigma: 5.298897222754823
Initial point 7. Random seed: 7675
Solving with ultrametric constraint
Optimal point found for initial point 7
Negative llh: 116.36727755456015
Dropout rate: 6.754490814930176e-10
Silencing rate: 5.215265419814433e-10
Sigma: 5.299716443652391
Initial point 8. Random seed: 8041
Solving with ultrametric constraint
Optimal point found for initial point 8
Negative llh: 116.36724992586554
Dropout rate: 1.1296439544307157e-10
Silencing rate: 1.0796952558183232e-10
Sigma: 5.29512569147284
Initial point 9. Random seed: 9167
Solving with ultrametric constraint
Optimal point found for initial point 9
Negative llh: 116.36725313366917
Dropout rate: 1e-10
Silencing rate: 1e-10
Sigma: 5.293578262491839
Initial point 10. Random seed: 4296
Solving with ultrametric constraint
Optimal point found for initial point 10
Negative llh: 116.36725009784263
Dropout rate: 2.5664071228397214e-10
Silencing rate: 2.1720736656416738e-10
Sigma: 5.295224578514153
Runtime (s): 249.01546125113964
