Launching Problin version 0.5b
Problin was called as follow: /u/gh2161/Spatial-Division/problin/run_problin.py -c real_location_data/s14c6/k10_r4_character_matrix.csv -t real_location_data/s14c6/true_tree.nwk -S real_location_data/s14c6/leaf_locations.txt --delimiter comma -p real_location_data/s14c6/k10_priors.csv -o real_location_data/s14c6/k10_r4_spalin.txt --nInitials 10 --ultrametric --randomreps 3
Optimization by Spalin: Scipy-SLSQP using spatial information
Optimizing branch lengths, phi, and nu without topology search
Initial point 1. Random seed: 8846
Solving with ultrametric constraint
Optimal point found for initial point 1
Negative llh: 122.44674826903588
Dropout rate: 2.8584334460272483e-10
Silencing rate: 2.689001167547917e-10
Sigma: 30.420423160559455
Initial point 2. Random seed: 5093
Solving with ultrametric constraint
Optimal point found for initial point 2
Negative llh: 122.44674834540612
Dropout rate: 1e-10
Silencing rate: 1.0827222194308679e-10
Sigma: 30.421117468253733
Initial point 3. Random seed: 7570
Solving with ultrametric constraint
Optimal point found for initial point 3
Negative llh: 122.44674903681491
Dropout rate: 2.25548869475751e-09
Silencing rate: 2.371620967558234e-09
Sigma: 30.41975688121544
Initial point 4. Random seed: 8752
Solving with ultrametric constraint
Optimal point found for initial point 4
Negative llh: 122.4467484833466
Dropout rate: 1.18153324087266e-10
Silencing rate: 1.3083394172955838e-10
Sigma: 30.422162399971786
Initial point 5. Random seed: 9975
Solving with ultrametric constraint
Optimal point found for initial point 5
Negative llh: 122.44674864283967
Dropout rate: 1e-10
Silencing rate: 1e-10
Sigma: 30.420344128997577
Initial point 6. Random seed: 615
Solving with ultrametric constraint
Optimal point found for initial point 6
Negative llh: 122.44674820543287
Dropout rate: 1e-10
Silencing rate: 1e-10
Sigma: 30.421977888485202
Initial point 7. Random seed: 7515
Solving with ultrametric constraint
Optimal point found for initial point 7
Negative llh: 122.44674836454728
Dropout rate: 2.787496708587002e-10
Silencing rate: 2.1091095831233642e-10
Sigma: 30.421280911378023
Initial point 8. Random seed: 9374
Solving with ultrametric constraint
Optimal point found for initial point 8
Negative llh: 122.44674827976053
Dropout rate: 1e-10
Silencing rate: 1e-10
Sigma: 30.42210253919539
Initial point 9. Random seed: 4402
Solving with ultrametric constraint
Optimal point found for initial point 9
Negative llh: 122.44674863930024
Dropout rate: 1e-10
Silencing rate: 1e-10
Sigma: 30.423008469078088
Initial point 10. Random seed: 2330
Solving with ultrametric constraint
Optimal point found for initial point 10
Negative llh: 122.44674874399364
Dropout rate: 3.738748230177632e-09
Silencing rate: 3.036466208110411e-09
Sigma: 30.422257461218386
Traceback (most recent call last):
  File "/u/gh2161/Spatial-Division/problin/run_problin.py", line 223, in <module>
    main()
  File "/u/gh2161/Spatial-Division/problin/run_problin.py", line 214, in main
    for cell in mySolver.params.displacement_amounts:
AttributeError: 'Params' object has no attribute 'displacement_amounts'
