Launching Problin version 0.5b
Problin was called as follow: /u/gh2161/problin/run_problin.py -c simulated_data/s14c6/k10_r1_character_matrix.csv -t simulated_data/s14c6/true_tree.nwk --delimiter comma -p simulated_data/s14c6/k10_priors.csv -o simulated_data/s14c6/k10_r1_problin.txt --nInitials 10 --ultrametric --randomreps 3
Optimization by EM algorithm
Optimizing branch lengths, phi, and nu without topology search
Initial point 1. Random seed: 2206
Solving with ultrametric constraint
Initial phi: 0.9485904150973529. Initial nu: 0.7630897447840292. Initial nllh: 7509.18011273714
EM finished after 24 iterations.
Optimal point found for initial point 1
Negative llh: 37.940558140651596
Dropout rate: 0
Silencing rate: 6.074559376695867e-07
Initial point 2. Random seed: 7292
Solving with ultrametric constraint
Initial phi: 0.25034240577989525. Initial nu: 0.26305583713866076. Initial nllh: 85.32712383225935
EM finished after 22 iterations.
Optimal point found for initial point 2
Negative llh: 37.94055001422918
Dropout rate: 0
Silencing rate: 5.043854795481765e-07
Initial point 3. Random seed: 6283
Solving with ultrametric constraint
Initial phi: 0.9582281079725119. Initial nu: 0.11294510099137792. Initial nllh: 393.986410355355
EM finished after 17 iterations.
Optimal point found for initial point 3
Negative llh: 37.94055649537244
Dropout rate: 0
Silencing rate: 6.07936769238923e-07
Initial point 4. Random seed: 6045
Solving with ultrametric constraint
Initial phi: 0.6166250632311923. Initial nu: 0.04647616796135895. Initial nllh: 146.1745016683022
EM finished after 13 iterations.
Optimal point found for initial point 4
Negative llh: 37.940550216102174
Dropout rate: 0
Silencing rate: 5.022396526681917e-07
Initial point 5. Random seed: 8547
Solving with ultrametric constraint
Initial phi: 0.05560389042856532. Initial nu: 0.3426836967267069. Initial nllh: 64.67522004308242
EM finished after 22 iterations.
Optimal point found for initial point 5
Negative llh: 37.94055039787594
Dropout rate: 0
Silencing rate: 5.077606458764074e-07
Initial point 6. Random seed: 4383
Solving with ultrametric constraint
Initial phi: 0.27528395947596224. Initial nu: 0.8533605093256691. Initial nllh: 124.2623540284315
EM finished after 18 iterations.
Optimal point found for initial point 6
Negative llh: 37.9405639464996
Dropout rate: 0
Silencing rate: 5.893965479507344e-07
Initial point 7. Random seed: 7076
Solving with ultrametric constraint
Initial phi: 0.9641712911777963. Initial nu: 0.40242799368434856. Initial nllh: 428.13483399177824
EM finished after 27 iterations.
Optimal point found for initial point 7
Negative llh: 37.94055585069818
Dropout rate: 0
Silencing rate: 6.079789006893257e-07
Initial point 8. Random seed: 636
Solving with ultrametric constraint
Initial phi: 0.8842057983015184. Initial nu: 0.5193408151603944. Initial nllh: 306.0741711536332
EM finished after 23 iterations.
Optimal point found for initial point 8
Negative llh: 37.9405564913011
Dropout rate: 0
Silencing rate: 6.077862321351869e-07
Initial point 9. Random seed: 2868
Solving with ultrametric constraint
Initial phi: 0.6478673208685631. Initial nu: 0.6351488001882171. Initial nllh: 190.64043832666823
EM finished after 23 iterations.
Optimal point found for initial point 9
Negative llh: 37.940556576211414
Dropout rate: 0
Silencing rate: 6.06191285154264e-07
Initial point 10. Random seed: 1885
Solving with ultrametric constraint
Initial phi: 0.28232880755127315. Initial nu: 0.923642246944781. Initial nllh: 129.52894184573262
EM finished after 23 iterations.
Optimal point found for initial point 10
Negative llh: 37.94055099241286
Dropout rate: 0
Silencing rate: 5.043117297077548e-07
Traceback (most recent call last):
  File "/u/gh2161/problin/run_problin.py", line 193, in <module>
    main()
  File "/u/gh2161/problin/run_problin.py", line 172, in main
    fout.write("Sigma: " + str(opt_params['sigma']) + "\n")
KeyError: 'sigma'
