Launching Problin version 0.5b
Problin was called as follow: /u/gh2161/Spatial-Division/problin/run_problin.py -c real_location_data/s14c6/k10_r5_character_matrix.csv -t real_location_data/s14c6/true_tree.nwk -S real_location_data/s14c6/leaf_locations.txt --delimiter comma -p real_location_data/s14c6/k10_priors.csv -o real_location_data/s14c6/k10_r5_spalin-divide-ignore-beta.txt --nInitials 10 --ultrametric --randomreps 3 --divide
Optimization by Spalin-Divide: Scipy-SLSQP using spatial information
Optimizing branch lengths, phi, and nu without topology search
Initial point 1. Random seed: 7815
Solving with ultrametric constraint
Optimal point found for initial point 1
Negative llh: 120.96539533892944
Dropout rate: 3.634678555862228e-10
Silencing rate: 2.5621609484345353e-10
Sigma: 4.745022432951165
Initial point 2. Random seed: 3399
Solving with ultrametric constraint
Optimal point found for initial point 2
Negative llh: 120.96570294911751
Dropout rate: 1e-10
Silencing rate: 1e-10
Sigma: 4.744915919336808
Initial point 3. Random seed: 2359
Solving with ultrametric constraint
Optimal point found for initial point 3
Negative llh: 120.96551063110434
Dropout rate: 1e-10
Silencing rate: 1e-10
Sigma: 4.745048593195084
Initial point 4. Random seed: 7231
Solving with ultrametric constraint
Optimal point found for initial point 4
Negative llh: 120.96545582249381
Dropout rate: 1.0000000000000002e-10
Silencing rate: 1.0000000000000002e-10
Sigma: 4.745243124972436
Initial point 5. Random seed: 1374
Solving with ultrametric constraint
Optimal point found for initial point 5
Negative llh: 120.96558204571329
Dropout rate: 9.999999999999996e-11
Silencing rate: 9.999999999999996e-11
Sigma: 4.744915239674754
Initial point 6. Random seed: 1822
Solving with ultrametric constraint
Optimal point found for initial point 6
Negative llh: 120.96538417479533
Dropout rate: 2.518002826621543e-10
Silencing rate: 1.9596239770917047e-10
Sigma: 4.74498588496259
Initial point 7. Random seed: 8758
Solving with ultrametric constraint
Optimal point found for initial point 7
Negative llh: 120.96538484140467
Dropout rate: 1e-10
Silencing rate: 1e-10
Sigma: 4.745160741661701
Initial point 8. Random seed: 4900
Solving with ultrametric constraint
Optimal point found for initial point 8
Negative llh: 120.96550478510298
Dropout rate: 1.0000000000000002e-10
Silencing rate: 1.0000000000000002e-10
Sigma: 4.745172619086564
Initial point 9. Random seed: 6677
Solving with ultrametric constraint
Optimal point found for initial point 9
Negative llh: 120.9653691451955
Dropout rate: 1.0000000000000002e-10
Silencing rate: 1.0000000000000002e-10
Sigma: 4.745002165328969
Initial point 10. Random seed: 1838
Solving with ultrametric constraint
Optimal point found for initial point 10
Negative llh: 120.96536920092237
Dropout rate: 1e-10
Silencing rate: 1e-10
Sigma: 4.744995130504288
Runtime (s): 219.84573340415955
