Launching Problin version 0.5b
Problin was called as follow: /u/gh2161/Spatial-Division/problin/run_problin.py -c real_location_data/s17c1/k10_r4_character_matrix.csv -t real_location_data/s17c1/true_tree.nwk -S real_location_data/s17c1/leaf_locations.txt --delimiter comma -p real_location_data/s17c1/k10_priors.csv -o real_location_data/s17c1/k10_r4_spalin.txt --nInitials 10 --ultrametric --randomreps 3
Optimization by Spalin: Scipy-SLSQP using spatial information
Optimizing branch lengths, phi, and nu without topology search
Initial point 1. Random seed: 1781
Solving with ultrametric constraint
Optimal point found for initial point 1
Negative llh: 236.71788525775025
Dropout rate: 1e-10
Silencing rate: 1e-10
Sigma: 18.717408515622076
Initial point 2. Random seed: 2033
Solving with ultrametric constraint
Optimal point found for initial point 2
Negative llh: 236.71789254669162
Dropout rate: 1.2199062845114782e-08
Silencing rate: 7.207845290312234e-09
Sigma: 18.71674260377639
Initial point 3. Random seed: 599
Solving with ultrametric constraint
Optimal point found for initial point 3
Negative llh: 236.71788529160156
Dropout rate: 1e-10
Silencing rate: 1.0000000000000002e-10
Sigma: 18.717234820466523
Initial point 4. Random seed: 1795
Solving with ultrametric constraint
Optimal point found for initial point 4
Negative llh: 236.7178855503771
Dropout rate: 1e-10
Silencing rate: 1e-10
Sigma: 18.71713496559839
Initial point 5. Random seed: 9206
Solving with ultrametric constraint
Optimal point found for initial point 5
Negative llh: 236.7178886076642
Dropout rate: 1e-10
Silencing rate: 1e-10
Sigma: 18.71858117016465
Initial point 6. Random seed: 7432
Solving with ultrametric constraint
Optimal point found for initial point 6
Negative llh: 236.71788540226387
Dropout rate: 9.999999999999996e-11
Silencing rate: 1.0000000000000007e-10
Sigma: 18.717536037558936
Initial point 7. Random seed: 2572
Solving with ultrametric constraint
Optimal point found for initial point 7
Negative llh: 236.71788535026778
Dropout rate: 9.999999999999996e-11
Silencing rate: 1.0000000000000007e-10
Sigma: 18.717714317482617
Initial point 8. Random seed: 387
Solving with ultrametric constraint
Optimal point found for initial point 8
Negative llh: 236.71788592671186
Dropout rate: 1.0952558087249302e-09
Silencing rate: 1.4755699327010826e-09
Sigma: 18.717784211309127
Initial point 9. Random seed: 3670
Solving with ultrametric constraint
Optimal point found for initial point 9
Negative llh: 236.71788612261116
Dropout rate: 9.999999999999996e-11
Silencing rate: 1.0000000000000007e-10
Sigma: 18.717479817627776
Initial point 10. Random seed: 6
Solving with ultrametric constraint
Optimal point found for initial point 10
Negative llh: 236.71788567106864
Dropout rate: 1.250048951781182e-09
Silencing rate: 9.83070028366295e-10
Sigma: 18.71683135129004
Traceback (most recent call last):
  File "/u/gh2161/Spatial-Division/problin/run_problin.py", line 223, in <module>
    main()
  File "/u/gh2161/Spatial-Division/problin/run_problin.py", line 214, in main
    for cell in mySolver.params.displacement_amounts:
AttributeError: 'Params' object has no attribute 'displacement_amounts'
