Launching Problin version 0.5b
Problin was called as follow: /u/gh2161/Spatial-Division/problin/run_problin.py -c real_location_data/s17c1/k10_r1_character_matrix.csv -t real_location_data/s17c1/true_tree.nwk -S real_location_data/s17c1/leaf_locations.txt --delimiter comma -p real_location_data/s17c1/k10_priors.csv -o real_location_data/s17c1/k10_r1_spalin-divide-beta3.txt --nInitials 10 --ultrametric --randomreps 3 --divide --given_beta 3 --incl_beta_bound
Optimization by Spalin-Divide: Scipy-SLSQP using spatial information
Optimizing branch lengths, phi, and nu without topology search
Initial point 1. Random seed: 8961
Solving with ultrametric constraint
Optimal point found for initial point 1
Negative llh: 245.67522035472348
Dropout rate: 7.282880613821299e-10
Silencing rate: 5.064392142117903e-10
Sigma: 3.9631169602645016
Initial point 2. Random seed: 1600
Solving with ultrametric constraint
Optimal point found for initial point 2
Negative llh: 245.67522000046364
Dropout rate: 1.63707899852672e-10
Silencing rate: 1.2813371552859409e-10
Sigma: 3.9630941802786177
Initial point 3. Random seed: 9928
Solving with ultrametric constraint
Optimal point found for initial point 3
Negative llh: 245.6752210584476
Dropout rate: 1.5483080709936264e-09
Silencing rate: 1.1861088812571108e-09
Sigma: 3.963176841846471
Initial point 4. Random seed: 3770
Solving with ultrametric constraint
Optimal point found for initial point 4
Negative llh: 245.67522004730017
Dropout rate: 1e-10
Silencing rate: 1e-10
Sigma: 3.963166181591689
Initial point 5. Random seed: 1758
Solving with ultrametric constraint
Optimal point found for initial point 5
Negative llh: 245.67522771707658
Dropout rate: 4.0260161102942645e-09
Silencing rate: 2.6241567277895495e-09
Sigma: 3.9631492830592583
Initial point 6. Random seed: 9838
Solving with ultrametric constraint
Optimal point found for initial point 6
Negative llh: 245.67523632629207
Dropout rate: 1.8434206224755995e-09
Silencing rate: 1.6830137959990406e-09
Sigma: 3.9634283505551657
Initial point 7. Random seed: 2688
Solving with ultrametric constraint
Optimal point found for initial point 7
Negative llh: 245.67522056136872
Dropout rate: 1e-10
Silencing rate: 1e-10
Sigma: 3.963145352355125
Initial point 8. Random seed: 8646
Solving with ultrametric constraint
Optimal point found for initial point 8
Negative llh: 245.67521967398505
Dropout rate: 1.0143292908733088e-10
Silencing rate: 1.0063279448718511e-10
Sigma: 3.963137164795658
Initial point 9. Random seed: 4994
Solving with ultrametric constraint
Optimal point found for initial point 9
Negative llh: 245.67522112877396
Dropout rate: 2.7580830071336886e-10
Silencing rate: 1.7764759888813183e-10
Sigma: 3.963135064353435
Initial point 10. Random seed: 560
Solving with ultrametric constraint
Optimal point found for initial point 10
Negative llh: 245.67522595451712
Dropout rate: 1.2885371270588466e-09
Silencing rate: 9.447746746239822e-10
Sigma: 3.9633214490315316
Runtime (s): 1767.5877071991563
