Launching Problin version 0.5b
Problin was called as follow: /u/gh2161/Spatial-Division/problin/run_problin.py -c real_location_data/s17c1/k10_r3_character_matrix.csv -t real_location_data/s17c1/true_tree.nwk -S real_location_data/s17c1/leaf_locations.txt --delimiter comma -p real_location_data/s17c1/k10_priors.csv -o real_location_data/s17c1/k10_r3_spalin-divide-beta05.txt --nInitials 10 --ultrametric --randomreps 3 --divide --given_beta 0.5 --incl_beta_bound
Optimization by Spalin-Divide: Scipy-SLSQP using spatial information
Optimizing branch lengths, phi, and nu without topology search
Initial point 1. Random seed: 1644
Solving with ultrametric constraint
Optimal point found for initial point 1
Negative llh: 275.96714855085594
Dropout rate: 1e-10
Silencing rate: 1e-10
Sigma: 4.429068857293928
Initial point 2. Random seed: 1254
Solving with ultrametric constraint
Optimal point found for initial point 2
Negative llh: 275.96714828474387
Dropout rate: 1.1013461564642162e-10
Silencing rate: 1.0464384005810549e-10
Sigma: 4.429078864048188
Initial point 3. Random seed: 4864
Solving with ultrametric constraint
Optimal point found for initial point 3
Negative llh: 275.9671489496144
Dropout rate: 2.0924146568423835e-09
Silencing rate: 1.2957352294142903e-09
Sigma: 4.429083010568038
Initial point 4. Random seed: 1015
Solving with ultrametric constraint
Optimal point found for initial point 4
Negative llh: 275.9671483989245
Dropout rate: 1.3727421523118108e-10
Silencing rate: 1.1708137121890249e-10
Sigma: 4.429059181233322
Initial point 5. Random seed: 1707
Solving with ultrametric constraint
Optimal point found for initial point 5
Negative llh: 275.9671484377079
Dropout rate: 1e-10
Silencing rate: 1e-10
Sigma: 4.429072951204616
Initial point 6. Random seed: 8086
Solving with ultrametric constraint
Optimal point found for initial point 6
Negative llh: 275.9671535903767
Dropout rate: 1e-10
Silencing rate: 1e-10
Sigma: 4.429111797648726
Initial point 7. Random seed: 6720
Solving with ultrametric constraint
Optimal point found for initial point 7
Negative llh: 275.96714852088587
Dropout rate: 1.5393732769010443e-10
Silencing rate: 1.7336114965783313e-10
Sigma: 4.429094070269353
Initial point 8. Random seed: 1033
Solving with ultrametric constraint
Optimal point found for initial point 8
Negative llh: 275.96714912499283
Dropout rate: 1.0000000000000002e-10
Silencing rate: 1e-10
Sigma: 4.429044452997943
Initial point 9. Random seed: 9228
Solving with ultrametric constraint
Optimal point found for initial point 9
Negative llh: 275.96714838953466
Dropout rate: 1.0000000000000002e-10
Silencing rate: 1.0000000000000002e-10
Sigma: 4.429070440659686
Initial point 10. Random seed: 8889
Solving with ultrametric constraint
Optimal point found for initial point 10
Negative llh: 275.9671506554859
Dropout rate: 1e-10
Silencing rate: 1e-10
Sigma: 4.428910639549733
Runtime (s): 724.6174711007625
