Launching Problin version 0.5b
Problin was called as follow: /u/gh2161/Spatial-Division/problin/run_problin.py -c real_location_data/s17c1/k10_r1_character_matrix.csv -t real_location_data/s17c1/true_tree.nwk -S real_location_data/s17c1/leaf_locations.txt --delimiter comma -p real_location_data/s17c1/k10_priors.csv -o real_location_data/s17c1/k10_r1_spalin.txt --nInitials 10 --ultrametric --randomreps 3
Optimization by Spalin: Scipy-SLSQP using spatial information
Optimizing branch lengths, phi, and nu without topology search
Initial point 1. Random seed: 2606
Solving with ultrametric constraint
Optimal point found for initial point 1
Negative llh: 225.91186227720124
Dropout rate: 1.35298171237418e-09
Silencing rate: 9.820674826086336e-10
Sigma: 21.577245553836732
Initial point 2. Random seed: 9303
Solving with ultrametric constraint
Optimal point found for initial point 2
Negative llh: 225.91186186945328
Dropout rate: 1.346703082621306e-10
Silencing rate: 2.0544018592713868e-10
Sigma: 21.577650823024943
Initial point 3. Random seed: 6933
Solving with ultrametric constraint
Optimal point found for initial point 3
Negative llh: 225.91186216648833
Dropout rate: 1.0926684526279102e-09
Silencing rate: 1.0247877310733907e-09
Sigma: 21.577128750300655
Initial point 4. Random seed: 9040
Solving with ultrametric constraint
Optimal point found for initial point 4
Negative llh: 225.91186206654686
Dropout rate: 1e-10
Silencing rate: 1e-10
Sigma: 21.578006388765093
Initial point 5. Random seed: 3785
Solving with ultrametric constraint
Optimal point found for initial point 5
Negative llh: 225.91186206589592
Dropout rate: 1.6254619575935486e-10
Silencing rate: 7.196061579204177e-10
Sigma: 21.57705131938512
Initial point 6. Random seed: 5246
Solving with ultrametric constraint
Optimal point found for initial point 6
Negative llh: 225.91186231657463
Dropout rate: 1e-10
Silencing rate: 1e-10
Sigma: 21.577523595722692
Initial point 7. Random seed: 6967
Solving with ultrametric constraint
Optimal point found for initial point 7
Negative llh: 225.911861828744
Dropout rate: 1e-10
Silencing rate: 1e-10
Sigma: 21.577379499888764
Initial point 8. Random seed: 8084
Solving with ultrametric constraint
Optimal point found for initial point 8
Negative llh: 225.91186192009445
Dropout rate: 1e-10
Silencing rate: 1e-10
Sigma: 21.57830722909999
Initial point 9. Random seed: 3301
Solving with ultrametric constraint
Optimal point found for initial point 9
Negative llh: 225.911861858874
Dropout rate: 9.999999999999999e-11
Silencing rate: 1.0000000000000002e-10
Sigma: 21.577658803715156
Initial point 10. Random seed: 7756
Solving with ultrametric constraint
Optimal point found for initial point 10
Negative llh: 225.91186226439117
Dropout rate: 1e-10
Silencing rate: 1e-10
Sigma: 21.578241395105238
Traceback (most recent call last):
  File "/u/gh2161/Spatial-Division/problin/run_problin.py", line 223, in <module>
    main()
  File "/u/gh2161/Spatial-Division/problin/run_problin.py", line 214, in main
    for cell in mySolver.params.displacement_amounts:
AttributeError: 'Params' object has no attribute 'displacement_amounts'
