Launching Problin version 0.5b
Problin was called as follow: /u/gh2161/Spatial-Division/problin/run_problin.py -c real_location_data/s17c1/k10_r2_character_matrix.csv -t real_location_data/s17c1/true_tree.nwk -S real_location_data/s17c1/leaf_locations.txt --delimiter comma -p real_location_data/s17c1/k10_priors.csv -o real_location_data/s17c1/k10_r2_spalin-divide-beta1.txt --nInitials 10 --ultrametric --randomreps 3 --divide --given_beta 1 --incl_beta_bound
Optimization by Spalin-Divide: Scipy-SLSQP using spatial information
Optimizing branch lengths, phi, and nu without topology search
Initial point 1. Random seed: 5999
Solving with ultrametric constraint
Optimal point found for initial point 1
Negative llh: 255.90181610418867
Dropout rate: 1.2533539057092646e-10
Silencing rate: 1.145226512371153e-10
Sigma: 4.125231436655415
Initial point 2. Random seed: 4624
Solving with ultrametric constraint
Optimal point found for initial point 2
Negative llh: 255.90181626444496
Dropout rate: 1e-10
Silencing rate: 1e-10
Sigma: 4.125197973958086
Initial point 3. Random seed: 91
Solving with ultrametric constraint
Optimal point found for initial point 3
Negative llh: 255.90181656388063
Dropout rate: 1e-10
Silencing rate: 1e-10
Sigma: 4.125280269836856
Initial point 4. Random seed: 9683
Solving with ultrametric constraint
Optimal point found for initial point 4
Negative llh: 255.901816371339
Dropout rate: 2.652129944895961e-10
Silencing rate: 1.2327689632864478e-10
Sigma: 4.125242250587342
Initial point 5. Random seed: 5554
Solving with ultrametric constraint
Optimal point found for initial point 5
Negative llh: 255.90181680110598
Dropout rate: 1e-10
Silencing rate: 1e-10
Sigma: 4.125258301177038
Initial point 6. Random seed: 1314
Solving with ultrametric constraint
Optimal point found for initial point 6
Negative llh: 255.9018187488482
Dropout rate: 6.052255429925761e-10
Silencing rate: 9.999999999999996e-11
Sigma: 4.125289862813638
Initial point 7. Random seed: 743
Solving with ultrametric constraint
Optimal point found for initial point 7
Negative llh: 255.90181633659174
Dropout rate: 1e-10
Silencing rate: 1e-10
Sigma: 4.125222406599042
Initial point 8. Random seed: 176
Solving with ultrametric constraint
Optimal point found for initial point 8
Negative llh: 255.90181749791537
Dropout rate: 3.73843305562729e-09
Silencing rate: 2.2532920067865305e-09
Sigma: 4.12531621668361
Initial point 9. Random seed: 2112
Solving with ultrametric constraint
Optimal point found for initial point 9
Negative llh: 255.9018164864392
Dropout rate: 1.8551510567233792e-10
Silencing rate: 1.49026344111567e-10
Sigma: 4.125208488135379
Initial point 10. Random seed: 6225
Solving with ultrametric constraint
Optimal point found for initial point 10
Negative llh: 255.9018165027769
Dropout rate: 2.494743512418806e-10
Silencing rate: 1.8568871955249908e-10
Sigma: 4.125219359311209
Runtime (s): 1183.4569559430238
