Launching Problin version 0.5b
Problin was called as follow: /u/gh2161/Spatial-Division/problin/run_problin.py -c real_location_data/s17c1/k10_r2_character_matrix.csv -t real_location_data/s17c1/true_tree.nwk -S real_location_data/s17c1/leaf_locations.txt --delimiter comma -p real_location_data/s17c1/k10_priors.csv -o real_location_data/s17c1/k10_r2_spalin-divide-beta05.txt --nInitials 10 --ultrametric --randomreps 3 --divide --given_beta 0.5 --incl_beta_bound
Optimization by Spalin-Divide: Scipy-SLSQP using spatial information
Optimizing branch lengths, phi, and nu without topology search
Initial point 1. Random seed: 7266
Solving with ultrametric constraint
Optimal point found for initial point 1
Negative llh: 258.003301444624
Dropout rate: 1.2285401599760494e-10
Silencing rate: 1.390701135596777e-10
Sigma: 4.229378822744974
Initial point 2. Random seed: 1530
Solving with ultrametric constraint
Optimal point found for initial point 2
Negative llh: 258.0033032364586
Dropout rate: 1.5394725145700175e-09
Silencing rate: 1.142670083214537e-09
Sigma: 4.229167543809653
Initial point 3. Random seed: 2960
Solving with ultrametric constraint
Optimal point found for initial point 3
Negative llh: 258.00330033203625
Dropout rate: 1.0063661146717552e-10
Silencing rate: 1.0036665184091097e-10
Sigma: 4.22930985028458
Initial point 4. Random seed: 1187
Solving with ultrametric constraint
Optimal point found for initial point 4
Negative llh: 258.0033006162522
Dropout rate: 1e-10
Silencing rate: 1e-10
Sigma: 4.229343118205835
Initial point 5. Random seed: 266
Solving with ultrametric constraint
Optimal point found for initial point 5
Negative llh: 258.00330167603295
Dropout rate: 6.748532104179934e-10
Silencing rate: 4.2664756147736966e-10
Sigma: 4.2291519565991695
Initial point 6. Random seed: 4884
Solving with ultrametric constraint
Optimal point found for initial point 6
Negative llh: 258.00330030550214
Dropout rate: 1e-10
Silencing rate: 1e-10
Sigma: 4.229330878148075
Initial point 7. Random seed: 2595
Solving with ultrametric constraint
Optimal point found for initial point 7
Negative llh: 258.0033002669756
Dropout rate: 1.0000000000000007e-10
Silencing rate: 1.0000000000000007e-10
Sigma: 4.229339843251973
Initial point 8. Random seed: 5005
Solving with ultrametric constraint
Optimal point found for initial point 8
Negative llh: 258.0033006251324
Dropout rate: 1e-10
Silencing rate: 1e-10
Sigma: 4.229366466791432
Initial point 9. Random seed: 2448
Solving with ultrametric constraint
Optimal point found for initial point 9
Negative llh: 258.00330027580605
Dropout rate: 3.216159276396327e-10
Silencing rate: 2.272269273833445e-10
Sigma: 4.2293174448713575
Initial point 10. Random seed: 9040
Solving with ultrametric constraint
Optimal point found for initial point 10
Negative llh: 258.0033005216568
Dropout rate: 1e-10
Silencing rate: 1e-10
Sigma: 4.229305018690731
Runtime (s): 737.0459016468376
