Launching Problin version 0.5b
Problin was called as follow: /u/gh2161/problin/run_problin.py -c simulated_data/s17c1/k10_r1_character_matrix.csv -t simulated_data/s17c1/true_tree.nwk --delimiter comma -p simulated_data/s17c1/k10_priors.csv -o simulated_data/s17c1/k10_r1_problin.txt --nInitials 10 --ultrametric --randomreps 3
Optimization by EM algorithm
Optimizing branch lengths, phi, and nu without topology search
Initial point 1. Random seed: 25
Solving with ultrametric constraint
Initial phi: 0.41997487383388116. Initial nu: 0.2186073601582218. Initial nllh: 10248.447358974232
EM finished after 17 iterations.
Optimal point found for initial point 1
Negative llh: 102.16395072314019
Dropout rate: 0
Silencing rate: 9.182301218342207e-07
Initial point 2. Random seed: 7085
Solving with ultrametric constraint
Initial phi: 0.30881009191441644. Initial nu: 0.22906381013356863. Initial nllh: 195.0349569868973
EM finished after 19 iterations.
Optimal point found for initial point 2
Negative llh: 102.16394916551157
Dropout rate: 0
Silencing rate: 9.168794614592992e-07
Initial point 3. Random seed: 6635
Solving with ultrametric constraint
Initial phi: 0.0775777547197672. Initial nu: 0.9666647050616569. Initial nllh: 198.5103199901327
EM finished after 19 iterations.
Optimal point found for initial point 3
Negative llh: 102.16394935623919
Dropout rate: 0
Silencing rate: 9.167315130649305e-07
Initial point 4. Random seed: 1594
Solving with ultrametric constraint
Initial phi: 0.5320631733713498. Initial nu: 0.27700581732444846. Initial nllh: 277.02891596220036
EM finished after 16 iterations.
Optimal point found for initial point 4
Negative llh: 102.16395219386523
Dropout rate: 0
Silencing rate: 9.490609984559228e-07
Initial point 5. Random seed: 2086
Solving with ultrametric constraint
Initial phi: 0.6792238388146701. Initial nu: 0.21653437330018532. Initial nllh: 347.5300307258443
EM finished after 13 iterations.
Optimal point found for initial point 5
Negative llh: 102.16395263540035
Dropout rate: 0
Silencing rate: 9.376066778879136e-07
Initial point 6. Random seed: 6195
Solving with ultrametric constraint
Initial phi: 0.0852902448424912. Initial nu: 0.2608309550275699. Initial nllh: 141.63177770055879
EM finished after 13 iterations.
Optimal point found for initial point 6
Negative llh: 102.16395420188752
Dropout rate: 0
Silencing rate: 9.491820658906394e-07
Initial point 7. Random seed: 4802
Solving with ultrametric constraint
Initial phi: 0.6134657652143682. Initial nu: 0.8020302268765565. Initial nllh: 358.80594424383753
EM finished after 15 iterations.
Optimal point found for initial point 7
Negative llh: 102.16395437744164
Dropout rate: 0
Silencing rate: 9.493149461913209e-07
Initial point 8. Random seed: 5944
Solving with ultrametric constraint
Initial phi: 0.5544132888751906. Initial nu: 0.3768164341063769. Initial nllh: 295.0965663486509
EM finished after 14 iterations.
Optimal point found for initial point 8
Negative llh: 102.16395393701949
Dropout rate: 0
Silencing rate: 9.493128853055749e-07
Initial point 9. Random seed: 7317
Solving with ultrametric constraint
Initial phi: 0.72897407824025. Initial nu: 0.45112661844329216. Initial nllh: 400.696854205714
EM finished after 15 iterations.
Optimal point found for initial point 9
Negative llh: 102.1639505335204
Dropout rate: 0
Silencing rate: 9.167686222012057e-07
Initial point 10. Random seed: 4488
Solving with ultrametric constraint
Initial phi: 0.5990308699146345. Initial nu: 0.2412035627394697. Initial nllh: 304.9480985777425
EM finished after 13 iterations.
Optimal point found for initial point 10
Negative llh: 102.16395391564677
Dropout rate: 0
Silencing rate: 9.489399014674876e-07
Traceback (most recent call last):
  File "/u/gh2161/problin/run_problin.py", line 193, in <module>
    main()
  File "/u/gh2161/problin/run_problin.py", line 172, in main
    fout.write("Sigma: " + str(opt_params['sigma']) + "\n")
KeyError: 'sigma'
