Launching Problin version 0.5b
Problin was called as follow: /u/gh2161/problin/run_problin.py -c simulated_data/s2c4/k10_r2_character_matrix.csv -t simulated_data/s2c4/true_tree.nwk -S simulated_data/s2c4/leaf_locations.txt --delimiter comma -p simulated_data/s2c4/k10_priors.csv -o simulated_data/s2c4/k10_r2_spalin_leaves_newfelsen.txt --nInitials 10 --ultrametric --randomreps 3
Optimization by Spalin: Scipy-SLSQP using spatial information
Optimizing branch lengths, phi, and nu without topology search
Initial point 1. Random seed: 3867
Solving with ultrametric constraint
Optimal point found for initial point 1
Negative llh: 120.82755528160111
Dropout rate: 1e-10
Silencing rate: 1e-10
Sigma: 4.968642585250068
Initial point 2. Random seed: 2870
Solving with ultrametric constraint
Optimal point found for initial point 2
Negative llh: 120.82755530174394
Dropout rate: 3.699597745906778e-10
Silencing rate: 3.168644864385431e-10
Sigma: 4.968799506464209
Initial point 3. Random seed: 2522
Solving with ultrametric constraint
Optimal point found for initial point 3
Negative llh: 120.82755536498756
Dropout rate: 1e-10
Silencing rate: 1e-10
Sigma: 4.968193976562985
Initial point 4. Random seed: 7115
Solving with ultrametric constraint
Optimal point found for initial point 4
Negative llh: 120.82755548937249
Dropout rate: 1e-10
Silencing rate: 1e-10
Sigma: 4.968940891659634
Initial point 5. Random seed: 5336
Solving with ultrametric constraint
Optimal point found for initial point 5
Negative llh: 120.82755573827106
Dropout rate: 1.3357292136149107e-09
Silencing rate: 4.980433612501892e-09
Sigma: 4.968764900706273
Initial point 6. Random seed: 484
Solving with ultrametric constraint
Optimal point found for initial point 6
Negative llh: 120.82755548804221
Dropout rate: 1e-10
Silencing rate: 1e-10
Sigma: 4.968428826994376
Initial point 7. Random seed: 9399
Solving with ultrametric constraint
Optimal point found for initial point 7
Negative llh: 120.82755514934527
Dropout rate: 1.0000000000000007e-10
Silencing rate: 1.0000000000000007e-10
Sigma: 4.9682154259293165
Initial point 8. Random seed: 7697
Solving with ultrametric constraint
Optimal point found for initial point 8
Negative llh: 120.82755521488815
Dropout rate: 1.2310252941544045e-10
Silencing rate: 1.6322360022314943e-10
Sigma: 4.9686547248681405
Initial point 9. Random seed: 6938
Solving with ultrametric constraint
Optimal point found for initial point 9
Negative llh: 120.82755531753446
Dropout rate: 2.1151242291802938e-10
Silencing rate: 1.6647601547795417e-10
Sigma: 4.968515342517208
Initial point 10. Random seed: 2301
Solving with ultrametric constraint
Optimal point found for initial point 10
Negative llh: 120.82755758134333
Dropout rate: 7.103092230906603e-10
Silencing rate: 1.2563724523100229e-09
Sigma: 4.96987500394742
Runtime (s): 41.91564352810383
