Launching Problin version 0.5b
Problin was called as follow: /u/gh2161/Spatial-Division/problin/run_problin.py -c real_location_data/s2c4/k10_r5_character_matrix.csv -t real_location_data/s2c4/true_tree.nwk -S real_location_data/s2c4/leaf_locations.txt --delimiter comma -p real_location_data/s2c4/k10_priors.csv -o real_location_data/s2c4/k10_r5_spalin-divide-beta05.txt --nInitials 10 --ultrametric --randomreps 3 --divide --given_beta 0.5 --incl_beta_bound
Optimization by Spalin-Divide: Scipy-SLSQP using spatial information
Optimizing branch lengths, phi, and nu without topology search
Initial point 1. Random seed: 4187
Solving with ultrametric constraint
Optimal point found for initial point 1
Negative llh: 135.01342547606922
Dropout rate: 1.4165811235455037e-10
Silencing rate: 1.3505968687609548e-10
Sigma: 4.834895184485189
Initial point 2. Random seed: 9236
Solving with ultrametric constraint
Optimal point found for initial point 2
Negative llh: 135.01342547632277
Dropout rate: 2.420897649565429e-10
Silencing rate: 2.2423095506423618e-10
Sigma: 4.834864685676037
Initial point 3. Random seed: 5340
Solving with ultrametric constraint
Optimal point found for initial point 3
Negative llh: 135.0134247656719
Dropout rate: 1e-10
Silencing rate: 1e-10
Sigma: 4.834817016991433
Initial point 4. Random seed: 9357
Solving with ultrametric constraint
Optimal point found for initial point 4
Negative llh: 135.01342541055456
Dropout rate: 2.2933016131394503e-10
Silencing rate: 2.0478781054964088e-10
Sigma: 4.834892574921369
Initial point 5. Random seed: 8951
Solving with ultrametric constraint
Optimal point found for initial point 5
Negative llh: 135.01342517553928
Dropout rate: 9.999999999999996e-11
Silencing rate: 9.999999999999996e-11
Sigma: 4.83498640702605
Initial point 6. Random seed: 6658
Solving with ultrametric constraint
Optimal point found for initial point 6
Negative llh: 135.013424835496
Dropout rate: 1e-10
Silencing rate: 1e-10
Sigma: 4.834806103232092
Initial point 7. Random seed: 1980
Solving with ultrametric constraint
Optimal point found for initial point 7
Negative llh: 135.01342475242961
Dropout rate: 1e-10
Silencing rate: 1e-10
Sigma: 4.834831096834812
Initial point 8. Random seed: 3314
Solving with ultrametric constraint
Optimal point found for initial point 8
Negative llh: 135.01342794999476
Dropout rate: 1.8390237847959815e-10
Silencing rate: 1.924329459093193e-10
Sigma: 4.834536241476758
Initial point 9. Random seed: 8853
Solving with ultrametric constraint
Optimal point found for initial point 9
Negative llh: 135.013424766422
Dropout rate: 1.0000000000000002e-10
Silencing rate: 1.0000000000000002e-10
Sigma: 4.834821320335927
Initial point 10. Random seed: 401
Solving with ultrametric constraint
Optimal point found for initial point 10
Negative llh: 135.01342512478095
Dropout rate: 1.2758529264635143e-10
Silencing rate: 1.371795625037892e-10
Sigma: 4.834811900588957
Runtime (s): 149.83091933839023
