Launching Problin version 0.5b
Problin was called as follow: /u/gh2161/problin/run_problin.py -c simulated_data/s2c4/k10_r5_character_matrix.csv -t simulated_data/s2c4/true_tree.nwk -S simulated_data/s2c4/true_locations.txt --delimiter comma -p simulated_data/s2c4/k10_priors.csv -o simulated_data/s2c4/k10_r5_spalin_all.txt --nInitials 10 --ultrametric --randomreps 3
Optimization by Spalin: Scipy-SLSQP using spatial information
Optimizing branch lengths, phi, and nu without topology search
Initial point 1. Random seed: 5439
Solving with ultrametric constraint
Optimal point found for initial point 1
Negative llh: 164.994137832521
Dropout rate: 2.7236460712217055e-10
Silencing rate: 2.3745869934200525e-10
Sigma: 22.42689259431857
Initial point 2. Random seed: 4695
Solving with ultrametric constraint
Optimal point found for initial point 2
Negative llh: 164.99413780032762
Dropout rate: 1e-10
Silencing rate: 1e-10
Sigma: 22.42698859019949
Initial point 3. Random seed: 534
Solving with ultrametric constraint
Optimal point found for initial point 3
Negative llh: 164.99413796711937
Dropout rate: 1.0000000000000002e-10
Silencing rate: 9.999999999999996e-11
Sigma: 22.426811197998138
Initial point 4. Random seed: 9853
Solving with ultrametric constraint
Optimal point found for initial point 4
Negative llh: 164.99413828686951
Dropout rate: 4.051293747326221e-10
Silencing rate: 2.2923367912845725e-09
Sigma: 22.427435675968887
Initial point 5. Random seed: 5022
Solving with ultrametric constraint
Optimal point found for initial point 5
Negative llh: 164.99413847139857
Dropout rate: 3.2302262310386757e-09
Silencing rate: 3.738042197317661e-09
Sigma: 22.426985537189513
Initial point 6. Random seed: 72
Solving with ultrametric constraint
Optimal point found for initial point 6
Negative llh: 164.99413782631626
Dropout rate: 1.267103016356852e-10
Silencing rate: 2.283562595913682e-10
Sigma: 22.427763081322396
Initial point 7. Random seed: 8273
Solving with ultrametric constraint
Optimal point found for initial point 7
Negative llh: 164.99413810532363
Dropout rate: 1.0000000000000007e-10
Silencing rate: 1.0000000000000007e-10
Sigma: 22.428227317671077
Initial point 8. Random seed: 8583
Solving with ultrametric constraint
Optimal point found for initial point 8
Negative llh: 164.99413815395124
Dropout rate: 1e-10
Silencing rate: 1e-10
Sigma: 22.42637886960535
Initial point 9. Random seed: 6635
Solving with ultrametric constraint
Optimal point found for initial point 9
Negative llh: 164.99413848172617
Dropout rate: 2.110673546379797e-09
Silencing rate: 4.43461362598466e-09
Sigma: 22.42872454347284
Initial point 10. Random seed: 951
Solving with ultrametric constraint
Optimal point found for initial point 10
Negative llh: 164.99413836013727
Dropout rate: 1.0000000000000002e-10
Silencing rate: 9.999999999999996e-11
Sigma: 22.427523719544705
Runtime (s): 6.340132307261229
