Launching Problin version 0.5b
Problin was called as follow: /u/gh2161/Spatial-Division/problin/run_problin.py -c real_location_data/s2c4/k10_r3_character_matrix.csv -t real_location_data/s2c4/true_tree.nwk -S real_location_data/s2c4/leaf_locations.txt --delimiter comma -p real_location_data/s2c4/k10_priors.csv -o real_location_data/s2c4/k10_r3_spalin-divide-beta05.txt --nInitials 10 --ultrametric --randomreps 3 --divide --given_beta 0.5 --incl_beta_bound
Optimization by Spalin-Divide: Scipy-SLSQP using spatial information
Optimizing branch lengths, phi, and nu without topology search
Initial point 1. Random seed: 5554
Solving with ultrametric constraint
Optimal point found for initial point 1
Negative llh: 137.52573369828158
Dropout rate: 1e-10
Silencing rate: 1e-10
Sigma: 5.359254752205636
Initial point 2. Random seed: 4432
Solving with ultrametric constraint
Optimal point found for initial point 2
Negative llh: 137.5257302727606
Dropout rate: 4.873433368193506e-10
Silencing rate: 2.3777342591098585e-10
Sigma: 5.359012283233402
Initial point 3. Random seed: 5522
Solving with ultrametric constraint
Optimal point found for initial point 3
Negative llh: 137.52573028541858
Dropout rate: 4.773741301369652e-10
Silencing rate: 3.566911378122208e-10
Sigma: 5.359023892712674
Initial point 4. Random seed: 1619
Solving with ultrametric constraint
Optimal point found for initial point 4
Negative llh: 137.52573041287872
Dropout rate: 1.2551402881238627e-10
Silencing rate: 1.1010471764102273e-10
Sigma: 5.359124675668012
Initial point 5. Random seed: 2374
Solving with ultrametric constraint
Optimal point found for initial point 5
Negative llh: 137.5257301965218
Dropout rate: 1e-10
Silencing rate: 1e-10
Sigma: 5.359022542047082
Initial point 6. Random seed: 1915
Solving with ultrametric constraint
Optimal point found for initial point 6
Negative llh: 137.52573095838702
Dropout rate: 1e-10
Silencing rate: 1e-10
Sigma: 5.35899512045007
Initial point 7. Random seed: 1297
Solving with ultrametric constraint
Optimal point found for initial point 7
Negative llh: 137.52573050209668
Dropout rate: 1e-10
Silencing rate: 1e-10
Sigma: 5.358866461915411
Initial point 8. Random seed: 8148
Solving with ultrametric constraint
Optimal point found for initial point 8
Negative llh: 137.52573033173857
Dropout rate: 6.542735382626018e-10
Silencing rate: 1.0228185514537347e-09
Sigma: 5.358975962360621
Initial point 9. Random seed: 8297
Solving with ultrametric constraint
Optimal point found for initial point 9
Negative llh: 137.52573018590016
Dropout rate: 1e-10
Silencing rate: 1e-10
Sigma: 5.358996827190498
Initial point 10. Random seed: 9230
Solving with ultrametric constraint
Optimal point found for initial point 10
Negative llh: 137.5257302137329
Dropout rate: 4.937557200895831e-10
Silencing rate: 3.9014585272724355e-10
Sigma: 5.359001838359632
Runtime (s): 123.21626079268754
