Launching Problin version 0.5b
Problin was called as follow: /u/gh2161/Spatial-Division/problin/run_problin.py -c real_location_data/s2c4/k10_r2_character_matrix.csv -t real_location_data/s2c4/true_tree.nwk -S real_location_data/s2c4/leaf_locations.txt --delimiter comma -p real_location_data/s2c4/k10_priors.csv -o real_location_data/s2c4/k10_r2_spalin-divide-beta3.txt --nInitials 10 --ultrametric --randomreps 3 --divide --given_beta 3 --incl_beta_bound
Optimization by Spalin-Divide: Scipy-SLSQP using spatial information
Optimizing branch lengths, phi, and nu without topology search
Initial point 1. Random seed: 6061
Solving with ultrametric constraint
Optimal point found for initial point 1
Negative llh: 132.2953470491397
Dropout rate: 4.443930313696628e-10
Silencing rate: 3.035125777339101e-10
Sigma: 4.777562244362162
Initial point 2. Random seed: 5835
Solving with ultrametric constraint
Optimal point found for initial point 2
Negative llh: 132.29534687063193
Dropout rate: 1e-10
Silencing rate: 1e-10
Sigma: 4.777705456759779
Initial point 3. Random seed: 7961
Solving with ultrametric constraint
Optimal point found for initial point 3
Negative llh: 132.29534595548373
Dropout rate: 1e-10
Silencing rate: 1e-10
Sigma: 4.777508280035318
Initial point 4. Random seed: 1042
Solving with ultrametric constraint
Optimal point found for initial point 4
Negative llh: 132.29534594372478
Dropout rate: 1.0000000000000002e-10
Silencing rate: 1.0000000000000002e-10
Sigma: 4.7774812335856565
Initial point 5. Random seed: 681
Solving with ultrametric constraint
Optimal point found for initial point 5
Negative llh: 132.2953464122006
Dropout rate: 1e-10
Silencing rate: 1e-10
Sigma: 4.7774728675923095
Initial point 6. Random seed: 1869
Solving with ultrametric constraint
Optimal point found for initial point 6
Negative llh: 132.29534600523817
Dropout rate: 5.191912866764912e-10
Silencing rate: 4.0301558667883047e-10
Sigma: 4.777501547287231
Initial point 7. Random seed: 5321
Solving with ultrametric constraint
Optimal point found for initial point 7
Negative llh: 132.29534603228677
Dropout rate: 2.955378784727031e-10
Silencing rate: 2.5112248495004637e-10
Sigma: 4.777554111753351
Initial point 8. Random seed: 2448
Solving with ultrametric constraint
Optimal point found for initial point 8
Negative llh: 132.2953471377553
Dropout rate: 2.411035584555201e-10
Silencing rate: 2.162727360192035e-10
Sigma: 4.777445866953057
Initial point 9. Random seed: 8151
Solving with ultrametric constraint
Optimal point found for initial point 9
Negative llh: 132.2953461675334
Dropout rate: 1.212397739588165e-09
Silencing rate: 1.6935636527658796e-09
Sigma: 4.77750596431218
Initial point 10. Random seed: 8597
Solving with ultrametric constraint
Optimal point found for initial point 10
Negative llh: 132.29534718657837
Dropout rate: 1e-10
Silencing rate: 1e-10
Sigma: 4.777681820140831
Runtime (s): 181.6101123802364
