Launching Problin version 0.5b
Problin was called as follow: /u/gh2161/problin/run_problin.py -c simulated_data/s2c4/k10_r5_character_matrix.csv -t simulated_data/s2c4/true_tree.nwk -S simulated_data/s2c4/leaf_locations.txt --delimiter comma -p simulated_data/s2c4/k10_priors.csv -o simulated_data/s2c4/k10_r5_spalin_leaves_newfelsen.txt --nInitials 10 --ultrametric --randomreps 3
Optimization by Spalin: Scipy-SLSQP using spatial information
Optimizing branch lengths, phi, and nu without topology search
Initial point 1. Random seed: 1491
Solving with ultrametric constraint
Optimal point found for initial point 1
Negative llh: 119.23213581534941
Dropout rate: 1e-10
Silencing rate: 1e-10
Sigma: 3.524012563914851
Initial point 2. Random seed: 8952
Solving with ultrametric constraint
Optimal point found for initial point 2
Negative llh: 119.2321359285935
Dropout rate: 3.600746247547641e-10
Silencing rate: 2.6993537081394433e-10
Sigma: 3.5238802904820146
Initial point 3. Random seed: 2220
Solving with ultrametric constraint
Optimal point found for initial point 3
Negative llh: 119.23213570828344
Dropout rate: 1.0000000000000007e-10
Silencing rate: 1.0000000000000002e-10
Sigma: 3.524015371955275
Initial point 4. Random seed: 229
Solving with ultrametric constraint
Optimal point found for initial point 4
Negative llh: 119.23213631578366
Dropout rate: 1.0000000000000002e-10
Silencing rate: 1e-10
Sigma: 3.5239741140875624
Initial point 5. Random seed: 4691
Solving with ultrametric constraint
Optimal point found for initial point 5
Negative llh: 119.2321358749005
Dropout rate: 7.510255635446552e-10
Silencing rate: 9.167631425707466e-10
Sigma: 3.523955030176458
Initial point 6. Random seed: 9043
Solving with ultrametric constraint
Optimal point found for initial point 6
Negative llh: 119.23213575872047
Dropout rate: 1.0000000000000002e-10
Silencing rate: 1e-10
Sigma: 3.5240950760026992
Initial point 7. Random seed: 9798
Solving with ultrametric constraint
Optimal point found for initial point 7
Negative llh: 119.23213602546576
Dropout rate: 1.0286712068561195e-09
Silencing rate: 5.726308401776616e-10
Sigma: 3.5242935324292066
Initial point 8. Random seed: 2608
Solving with ultrametric constraint
Optimal point found for initial point 8
Negative llh: 119.23213630427139
Dropout rate: 7.385836556271001e-10
Silencing rate: 1.0954680395440416e-09
Sigma: 3.5246232420561334
Initial point 9. Random seed: 1450
Solving with ultrametric constraint
Optimal point found for initial point 9
Negative llh: 119.23213807974385
Dropout rate: 1.0000000000000002e-10
Silencing rate: 1.0000000000000002e-10
Sigma: 3.523899778339676
Initial point 10. Random seed: 7142
Solving with ultrametric constraint
Optimal point found for initial point 10
Negative llh: 119.23213579035038
Dropout rate: 1.1755401759386352e-10
Silencing rate: 1.1295394563067527e-10
Sigma: 3.5238515815993834
Runtime (s): 48.92589866928756
