Launching Problin version 0.5b
Problin was called as follow: /u/gh2161/Spatial-Division/problin/run_problin.py -c real_location_data/s2c4/k10_r4_character_matrix.csv -t real_location_data/s2c4/true_tree.nwk -S real_location_data/s2c4/leaf_locations.txt --delimiter comma -p real_location_data/s2c4/k10_priors.csv -o real_location_data/s2c4/k10_r4_spalin-divide-beta3.txt --nInitials 10 --ultrametric --randomreps 3 --divide --given_beta 3 --incl_beta_bound
Optimization by Spalin-Divide: Scipy-SLSQP using spatial information
Optimizing branch lengths, phi, and nu without topology search
Initial point 1. Random seed: 5852
Solving with ultrametric constraint
Optimal point found for initial point 1
Negative llh: 146.6349567319728
Dropout rate: 1.7979170890566672e-10
Silencing rate: 1.4879720302594851e-10
Sigma: 4.474685715309109
Initial point 2. Random seed: 3499
Solving with ultrametric constraint
Optimal point found for initial point 2
Negative llh: 146.63495662724807
Dropout rate: 3.188374439236186e-10
Silencing rate: 2.680704062567734e-10
Sigma: 4.474697722604668
Initial point 3. Random seed: 1122
Solving with ultrametric constraint
Optimal point found for initial point 3
Negative llh: 146.63495693689075
Dropout rate: 1e-10
Silencing rate: 1e-10
Sigma: 4.474666891104736
Initial point 4. Random seed: 4524
Solving with ultrametric constraint
Optimal point found for initial point 4
Negative llh: 146.6349566337551
Dropout rate: 1.1746517277716138e-10
Silencing rate: 1.1006282393416493e-10
Sigma: 4.474721426731687
Initial point 5. Random seed: 3732
Solving with ultrametric constraint
Optimal point found for initial point 5
Negative llh: 146.6349566369592
Dropout rate: 4.1115218207951734e-10
Silencing rate: 2.886262769082892e-10
Sigma: 4.474694386638539
Initial point 6. Random seed: 7869
Solving with ultrametric constraint
Optimal point found for initial point 6
Negative llh: 146.63495709532043
Dropout rate: 1e-10
Silencing rate: 1e-10
Sigma: 4.474659152789778
Initial point 7. Random seed: 4805
Solving with ultrametric constraint
Optimal point found for initial point 7
Negative llh: 146.63495682054713
Dropout rate: 1.7589714909444018e-10
Silencing rate: 1.4619463783940135e-10
Sigma: 4.474710978959465
Initial point 8. Random seed: 6830
Solving with ultrametric constraint
Optimal point found for initial point 8
Negative llh: 146.63495767101426
Dropout rate: 1.0000000000000002e-10
Silencing rate: 1.0000000000000002e-10
Sigma: 4.474738166131888
Initial point 9. Random seed: 5381
Solving with ultrametric constraint
Optimal point found for initial point 9
Negative llh: 146.6349574289879
Dropout rate: 1.0000000000000002e-10
Silencing rate: 1.0000000000000002e-10
Sigma: 4.4746507232691135
Initial point 10. Random seed: 2036
Solving with ultrametric constraint
Optimal point found for initial point 10
Negative llh: 146.63495661424162
Dropout rate: 2.2876886965662203e-10
Silencing rate: 1.8631448742002237e-10
Sigma: 4.474698309771035
Runtime (s): 181.64024703390896
