Launching Problin version 0.5b
Problin was called as follow: /u/gh2161/problin/run_problin.py -c simulated_data/s2c4/k10_r2_character_matrix.csv -t simulated_data/s2c4/true_tree.nwk -S simulated_data/s2c4/true_locations.txt --delimiter comma -p simulated_data/s2c4/k10_priors.csv -o simulated_data/s2c4/k10_r2_spalin_all.txt --nInitials 10 --ultrametric --randomreps 3
Optimization by Spalin: Scipy-SLSQP using spatial information
Optimizing branch lengths, phi, and nu without topology search
Initial point 1. Random seed: 2805
Solving with ultrametric constraint
Optimal point found for initial point 1
Negative llh: 166.5712950010124
Dropout rate: 2.8311334907840934e-10
Silencing rate: 1.3614793461884794e-10
Sigma: 28.266539126578287
Initial point 2. Random seed: 9477
Solving with ultrametric constraint
Optimal point found for initial point 2
Negative llh: 166.5712953387998
Dropout rate: 1.0000000000000002e-10
Silencing rate: 9.999999999999996e-11
Sigma: 28.266357696319297
Initial point 3. Random seed: 9362
Solving with ultrametric constraint
Optimal point found for initial point 3
Negative llh: 166.57129483736904
Dropout rate: 1.0000000000000007e-10
Silencing rate: 1.0000000000000007e-10
Sigma: 28.26681260397258
Initial point 4. Random seed: 2585
Solving with ultrametric constraint
Optimal point found for initial point 4
Negative llh: 166.57129533193083
Dropout rate: 7.767224161416888e-10
Silencing rate: 1.3102169612518075e-09
Sigma: 28.26545625532223
Initial point 5. Random seed: 4235
Solving with ultrametric constraint
Optimal point found for initial point 5
Negative llh: 166.57129494320006
Dropout rate: 8.779622170190944e-10
Silencing rate: 6.148677120778958e-10
Sigma: 28.267160619122997
Initial point 6. Random seed: 4885
Solving with ultrametric constraint
Optimal point found for initial point 6
Negative llh: 166.57129494964883
Dropout rate: 1e-10
Silencing rate: 1e-10
Sigma: 28.267801644978917
Initial point 7. Random seed: 5445
Solving with ultrametric constraint
Optimal point found for initial point 7
Negative llh: 166.57129520084254
Dropout rate: 1.779173854765954e-09
Silencing rate: 2.8327141437455918e-09
Sigma: 28.26722630480186
Initial point 8. Random seed: 2891
Solving with ultrametric constraint
Optimal point found for initial point 8
Negative llh: 166.57129495897158
Dropout rate: 1e-10
Silencing rate: 1.0000000000000002e-10
Sigma: 28.267404206648028
Initial point 9. Random seed: 3209
Solving with ultrametric constraint
Optimal point found for initial point 9
Negative llh: 166.57129487670738
Dropout rate: 1.380999349845093e-10
Silencing rate: 2.9244804758062953e-10
Sigma: 28.267459484436287
Initial point 10. Random seed: 6511
Solving with ultrametric constraint
Optimal point found for initial point 10
Negative llh: 166.57129486478004
Dropout rate: 1e-10
Silencing rate: 1e-10
Sigma: 28.26689374450683
Runtime (s): 6.389881626702845
