Launching Problin version 0.5b
Problin was called as follow: /u/gh2161/Spatial-Division/problin/run_problin.py -c real_location_data/s21c3/k10_r5_character_matrix.csv -t real_location_data/s21c3/true_tree.nwk -S real_location_data/s21c3/leaf_locations.txt --delimiter comma -p real_location_data/s21c3/k10_priors.csv -o real_location_data/s21c3/k10_r5_spalin.txt --nInitials 10 --ultrametric --randomreps 3
Optimization by Spalin: Scipy-SLSQP using spatial information
Optimizing branch lengths, phi, and nu without topology search
Initial point 1. Random seed: 6189
Solving with ultrametric constraint
Optimal point found for initial point 1
Negative llh: 142.9372116787044
Dropout rate: 6.05016757618836e-10
Silencing rate: 5.547694462276649e-10
Sigma: 44.10983682006687
Initial point 2. Random seed: 3553
Solving with ultrametric constraint
Optimal point found for initial point 2
Negative llh: 142.9372112197293
Dropout rate: 3.1487615489227863e-10
Silencing rate: 2.0611067532258644e-10
Sigma: 44.10966893841389
Initial point 3. Random seed: 4807
Solving with ultrametric constraint
Optimal point found for initial point 3
Negative llh: 142.93721149780708
Dropout rate: 1.000854443146704e-09
Silencing rate: 9.064203530300621e-10
Sigma: 44.1074366283748
Initial point 4. Random seed: 3571
Solving with ultrametric constraint
Optimal point found for initial point 4
Negative llh: 142.93721136821537
Dropout rate: 4.4773629847615827e-10
Silencing rate: 3.806235333907466e-10
Sigma: 44.11257986689653
Initial point 5. Random seed: 5870
Solving with ultrametric constraint
Optimal point found for initial point 5
Negative llh: 142.93721143486357
Dropout rate: 2.591355010021559e-10
Silencing rate: 2.0061383448622899e-10
Sigma: 44.112408757651764
Initial point 6. Random seed: 5694
Solving with ultrametric constraint
Optimal point found for initial point 6
Negative llh: 142.9372112182359
Dropout rate: 2.6931288494710594e-10
Silencing rate: 2.640912388184797e-10
Sigma: 44.11062920724726
Initial point 7. Random seed: 273
Solving with ultrametric constraint
Optimal point found for initial point 7
Negative llh: 142.93721153502753
Dropout rate: 1.0000000000000002e-10
Silencing rate: 1.0000000000000002e-10
Sigma: 44.11168473508586
Initial point 8. Random seed: 1841
Solving with ultrametric constraint
Optimal point found for initial point 8
Negative llh: 142.93721160651634
Dropout rate: 1e-10
Silencing rate: 1e-10
Sigma: 44.10935072593731
Initial point 9. Random seed: 2044
Solving with ultrametric constraint
Optimal point found for initial point 9
Negative llh: 142.937211403309
Dropout rate: 1.2474942879566678e-10
Silencing rate: 1.3922055729835396e-10
Sigma: 44.107865579720944
Initial point 10. Random seed: 235
Solving with ultrametric constraint
Optimal point found for initial point 10
Negative llh: 142.9372111901469
Dropout rate: 1.0000000000000002e-10
Silencing rate: 1.0000000000000002e-10
Sigma: 44.10914867265341
Traceback (most recent call last):
  File "/u/gh2161/Spatial-Division/problin/run_problin.py", line 223, in <module>
    main()
  File "/u/gh2161/Spatial-Division/problin/run_problin.py", line 214, in main
    for cell in mySolver.params.displacement_amounts:
AttributeError: 'Params' object has no attribute 'displacement_amounts'
