Launching Problin version 0.5b
Problin was called as follow: /u/gh2161/Spatial-Division/problin/run_problin.py -c real_location_data/s21c3/k10_r4_character_matrix.csv -t real_location_data/s21c3/true_tree.nwk -S real_location_data/s21c3/leaf_locations.txt --delimiter comma -p real_location_data/s21c3/k10_priors.csv -o real_location_data/s21c3/k10_r4_spalin-divide-beta3.txt --nInitials 10 --ultrametric --randomreps 3 --divide --given_beta 3 --incl_beta_bound
Optimization by Spalin-Divide: Scipy-SLSQP using spatial information
Optimizing branch lengths, phi, and nu without topology search
Initial point 1. Random seed: 5098
Solving with ultrametric constraint
Optimal point found for initial point 1
Negative llh: 155.97359272343107
Dropout rate: 1.0000000000000002e-10
Silencing rate: 1e-10
Sigma: 5.079900031515758
Initial point 2. Random seed: 9886
Solving with ultrametric constraint
Optimal point found for initial point 2
Negative llh: 155.97359070843592
Dropout rate: 1.0000000000000002e-10
Silencing rate: 1.0000000000000002e-10
Sigma: 5.080029507522025
Initial point 3. Random seed: 659
Solving with ultrametric constraint
Optimal point found for initial point 3
Negative llh: 155.97359395582663
Dropout rate: 1.0000000000000002e-10
Silencing rate: 1.0000000000000002e-10
Sigma: 5.0800488793904925
Initial point 4. Random seed: 6238
Solving with ultrametric constraint
Optimal point found for initial point 4
Negative llh: 155.9736066436171
Dropout rate: 9.999999999999996e-11
Silencing rate: 9.999999999999996e-11
Sigma: 5.079948625485293
Initial point 5. Random seed: 8919
Solving with ultrametric constraint
Optimal point found for initial point 5
Negative llh: 155.97359071369286
Dropout rate: 1e-10
Silencing rate: 1e-10
Sigma: 5.080030765545444
Initial point 6. Random seed: 3292
Solving with ultrametric constraint
Optimal point found for initial point 6
Negative llh: 155.9735964752639
Dropout rate: 1.5195281882378722e-10
Silencing rate: 1.3792777274594666e-10
Sigma: 5.079992712889147
Initial point 7. Random seed: 7199
Solving with ultrametric constraint
Optimal point found for initial point 7
Negative llh: 155.97359162405155
Dropout rate: 2.075161518545357e-10
Silencing rate: 1.6993322421426178e-10
Sigma: 5.080166210334081
Initial point 8. Random seed: 2412
Solving with ultrametric constraint
Optimal point found for initial point 8
Negative llh: 155.9735916256916
Dropout rate: 1e-10
Silencing rate: 1e-10
Sigma: 5.080023944131241
Initial point 9. Random seed: 2691
Solving with ultrametric constraint
Optimal point found for initial point 9
Negative llh: 155.97359079052836
Dropout rate: 1.0000000000000002e-10
Silencing rate: 1.0000000000000002e-10
Sigma: 5.080070614659666
Initial point 10. Random seed: 1803
Solving with ultrametric constraint
Optimal point found for initial point 10
Negative llh: 155.97359254681862
Dropout rate: 1e-10
Silencing rate: 1e-10
Sigma: 5.079985653553296
Runtime (s): 535.2270387649769
