Launching Problin version 0.5b
Problin was called as follow: /u/gh2161/Spatial-Division/problin/run_problin.py -c real_location_data/s21c3/k10_r5_character_matrix.csv -t real_location_data/s21c3/true_tree.nwk -S real_location_data/s21c3/leaf_locations.txt --delimiter comma -p real_location_data/s21c3/k10_priors.csv -o real_location_data/s21c3/k10_r5_spalin-divide-beta05.txt --nInitials 10 --ultrametric --randomreps 3 --divide --given_beta 0.5 --incl_beta_bound
Optimization by Spalin-Divide: Scipy-SLSQP using spatial information
Optimizing branch lengths, phi, and nu without topology search
Initial point 1. Random seed: 3757
Solving with ultrametric constraint
Optimal point found for initial point 1
Negative llh: 160.77521854768176
Dropout rate: 1e-10
Silencing rate: 1e-10
Sigma: 6.567546812191978
Initial point 2. Random seed: 9250
Solving with ultrametric constraint
Optimal point found for initial point 2
Negative llh: 160.77521768600192
Dropout rate: 1.0000000000000002e-10
Silencing rate: 1e-10
Sigma: 6.567547065944729
Initial point 3. Random seed: 7998
Solving with ultrametric constraint
Optimal point found for initial point 3
Negative llh: 160.7752177491405
Dropout rate: 1e-10
Silencing rate: 1e-10
Sigma: 6.567552729244964
Initial point 4. Random seed: 8715
Solving with ultrametric constraint
Optimal point found for initial point 4
Negative llh: 160.77522297840233
Dropout rate: 1e-10
Silencing rate: 1e-10
Sigma: 6.568169999911046
Initial point 5. Random seed: 3873
Solving with ultrametric constraint
Optimal point found for initial point 5
Negative llh: 160.77521774782355
Dropout rate: 1e-10
Silencing rate: 1e-10
Sigma: 6.567551143858086
Initial point 6. Random seed: 1611
Solving with ultrametric constraint
Optimal point found for initial point 6
Negative llh: 160.77522023965054
Dropout rate: 3.4050678113445394e-10
Silencing rate: 2.1460755438438788e-10
Sigma: 6.567584935742072
Initial point 7. Random seed: 6898
Solving with ultrametric constraint
Optimal point found for initial point 7
Negative llh: 160.77521884828818
Dropout rate: 1e-10
Silencing rate: 1e-10
Sigma: 6.567904982475468
Initial point 8. Random seed: 2277
Solving with ultrametric constraint
Optimal point found for initial point 8
Negative llh: 160.77521974460782
Dropout rate: 1e-10
Silencing rate: 1e-10
Sigma: 6.567877187985428
Initial point 9. Random seed: 1676
Solving with ultrametric constraint
Optimal point found for initial point 9
Negative llh: 160.7752238016513
Dropout rate: 9.999999999999996e-11
Silencing rate: 9.999999999999996e-11
Sigma: 6.5681600042159145
Initial point 10. Random seed: 1602
Solving with ultrametric constraint
Optimal point found for initial point 10
Negative llh: 160.7752197387672
Dropout rate: 8.546745022003446e-10
Silencing rate: 4.803615184374938e-10
Sigma: 6.567863020309079
Runtime (s): 354.0628797840327
