Launching Problin version 0.5b
Problin was called as follow: /u/gh2161/Spatial-Division/problin/run_problin.py -c real_location_data/s21c3/k10_r4_character_matrix.csv -t real_location_data/s21c3/true_tree.nwk -S real_location_data/s21c3/leaf_locations.txt --delimiter comma -p real_location_data/s21c3/k10_priors.csv -o real_location_data/s21c3/k10_r4_spalin.txt --nInitials 10 --ultrametric --randomreps 3
Optimization by Spalin: Scipy-SLSQP using spatial information
Optimizing branch lengths, phi, and nu without topology search
Initial point 1. Random seed: 5942
Solving with ultrametric constraint
Optimal point found for initial point 1
Negative llh: 140.99110546009499
Dropout rate: 1.0448118138698075e-10
Silencing rate: 1.0323319665886797e-10
Sigma: 30.127262405754767
Initial point 2. Random seed: 6255
Solving with ultrametric constraint
Optimal point found for initial point 2
Negative llh: 140.99110557672202
Dropout rate: 4.048226749947265e-10
Silencing rate: 6.837545416042031e-10
Sigma: 30.129264234758082
Initial point 3. Random seed: 4557
Solving with ultrametric constraint
Optimal point found for initial point 3
Negative llh: 140.99110561844407
Dropout rate: 1e-10
Silencing rate: 9.999999999999996e-11
Sigma: 30.128496820524887
Initial point 4. Random seed: 5920
Solving with ultrametric constraint
Optimal point found for initial point 4
Negative llh: 140.99110561244603
Dropout rate: 5.650861895583322e-10
Silencing rate: 6.396803347399507e-10
Sigma: 30.126976995006103
Initial point 5. Random seed: 9087
Solving with ultrametric constraint
Optimal point found for initial point 5
Negative llh: 140.99110584367696
Dropout rate: 5.001047554346121e-10
Silencing rate: 5.439479026079128e-10
Sigma: 30.131137883291025
Initial point 6. Random seed: 8091
Solving with ultrametric constraint
Optimal point found for initial point 6
Negative llh: 140.99110589821484
Dropout rate: 4.3369109165795137e-10
Silencing rate: 6.780552833315695e-10
Sigma: 30.12468453711825
Initial point 7. Random seed: 2730
Solving with ultrametric constraint
Optimal point found for initial point 7
Negative llh: 140.99110554842326
Dropout rate: 1e-10
Silencing rate: 1e-10
Sigma: 30.126062954372294
Initial point 8. Random seed: 7089
Solving with ultrametric constraint
Optimal point found for initial point 8
Negative llh: 140.99110565893056
Dropout rate: 4.473735286923339e-10
Silencing rate: 7.13775982307756e-10
Sigma: 30.129056492714025
Initial point 9. Random seed: 7349
Solving with ultrametric constraint
Optimal point found for initial point 9
Negative llh: 140.991105936951
Dropout rate: 2.643396233249961e-10
Silencing rate: 2.3909807249659696e-10
Sigma: 30.12543777248518
Initial point 10. Random seed: 8528
Solving with ultrametric constraint
Optimal point found for initial point 10
Negative llh: 140.9911057081132
Dropout rate: 1e-10
Silencing rate: 1e-10
Sigma: 30.129020779042545
Traceback (most recent call last):
  File "/u/gh2161/Spatial-Division/problin/run_problin.py", line 223, in <module>
    main()
  File "/u/gh2161/Spatial-Division/problin/run_problin.py", line 214, in main
    for cell in mySolver.params.displacement_amounts:
AttributeError: 'Params' object has no attribute 'displacement_amounts'
