Launching Problin version 0.5b
Problin was called as follow: /u/gh2161/Spatial-Division/problin/run_problin.py -c real_location_data/s21c3/k10_r2_character_matrix.csv -t real_location_data/s21c3/true_tree.nwk -S real_location_data/s21c3/leaf_locations.txt --delimiter comma -p real_location_data/s21c3/k10_priors.csv -o real_location_data/s21c3/k10_r2_spalin-divide-beta05.txt --nInitials 10 --ultrametric --randomreps 3 --divide --given_beta 0.5 --incl_beta_bound
Optimization by Spalin-Divide: Scipy-SLSQP using spatial information
Optimizing branch lengths, phi, and nu without topology search
Initial point 1. Random seed: 8740
Solving with ultrametric constraint
Optimal point found for initial point 1
Negative llh: 163.20369802099088
Dropout rate: 1.0000000000000002e-10
Silencing rate: 1e-10
Sigma: 5.869771867037293
Initial point 2. Random seed: 7030
Solving with ultrametric constraint
Optimal point found for initial point 2
Negative llh: 163.20369779693561
Dropout rate: 1.1277260397171931e-10
Silencing rate: 1.073172886356988e-10
Sigma: 5.869797677205727
Initial point 3. Random seed: 7846
Solving with ultrametric constraint
Optimal point found for initial point 3
Negative llh: 163.20370179890335
Dropout rate: 8.907415672162957e-10
Silencing rate: 5.722877547619253e-10
Sigma: 5.869757992593189
Initial point 4. Random seed: 875
Solving with ultrametric constraint
Optimal point found for initial point 4
Negative llh: 163.2036979004835
Dropout rate: 1e-10
Silencing rate: 1e-10
Sigma: 5.86978878204723
Initial point 5. Random seed: 4676
Solving with ultrametric constraint
Optimal point found for initial point 5
Negative llh: 163.2036978530468
Dropout rate: 1.0000000000000002e-10
Silencing rate: 1.0000000000000002e-10
Sigma: 5.869805511399791
Initial point 6. Random seed: 1566
Solving with ultrametric constraint
Optimal point found for initial point 6
Negative llh: 163.2037193552926
Dropout rate: 8.042869946526276e-10
Silencing rate: 5.097705448248583e-10
Sigma: 5.8699999119227515
Initial point 7. Random seed: 7722
Solving with ultrametric constraint
Optimal point found for initial point 7
Negative llh: 163.20369803098504
Dropout rate: 1.0000000000000002e-10
Silencing rate: 1.0000000000000002e-10
Sigma: 5.869776386070796
Initial point 8. Random seed: 2921
Solving with ultrametric constraint
Optimal point found for initial point 8
Negative llh: 163.20369780155093
Dropout rate: 1e-10
Silencing rate: 1e-10
Sigma: 5.8698121690962735
Initial point 9. Random seed: 7078
Solving with ultrametric constraint
Optimal point found for initial point 9
Negative llh: 163.20369777357337
Dropout rate: 1.0000000000000002e-10
Silencing rate: 1.0000000000000002e-10
Sigma: 5.869796487222443
Initial point 10. Random seed: 3267
Solving with ultrametric constraint
Optimal point found for initial point 10
Negative llh: 163.20369783335568
Dropout rate: 1.5603794134800034e-10
Silencing rate: 1.400928150314502e-10
Sigma: 5.8698051787686545
Runtime (s): 297.9418916795403
