Launching Problin version 0.5b
Problin was called as follow: /u/gh2161/problin/run_problin.py -c simulated_data/s21c3/k10_r1_character_matrix.csv -t simulated_data/s21c3/true_tree.nwk -S simulated_data/s21c3/leaf_locations.txt --delimiter comma -p simulated_data/s21c3/k10_priors.csv -o simulated_data/s21c3/k10_r1_spalin_leaves_newfelsen.txt --nInitials 10 --ultrametric --randomreps 3
Optimization by Spalin: Scipy-SLSQP using spatial information
Optimizing branch lengths, phi, and nu without topology search
Initial point 1. Random seed: 7866
Solving with ultrametric constraint
Optimal point found for initial point 1
Negative llh: 152.53773819647625
Dropout rate: 1e-10
Silencing rate: 1e-10
Sigma: 8.327735199847393
Initial point 2. Random seed: 2658
Solving with ultrametric constraint
Optimal point found for initial point 2
Negative llh: 152.53773886333533
Dropout rate: 1.025751630391207e-10
Silencing rate: 1.236547184317243e-10
Sigma: 8.328651401871898
Initial point 3. Random seed: 1310
Solving with ultrametric constraint
Optimal point found for initial point 3
Negative llh: 152.53773847995376
Dropout rate: 1e-10
Silencing rate: 1e-10
Sigma: 8.328320374480452
Initial point 4. Random seed: 4598
Solving with ultrametric constraint
Optimal point found for initial point 4
Negative llh: 152.5377381702707
Dropout rate: 1e-10
Silencing rate: 1e-10
Sigma: 8.328341759338148
Initial point 5. Random seed: 6106
Solving with ultrametric constraint
Optimal point found for initial point 5
Negative llh: 152.53773815006016
Dropout rate: 1e-10
Silencing rate: 1.0000000000000002e-10
Sigma: 8.328254116811362
Initial point 6. Random seed: 6657
Solving with ultrametric constraint
Optimal point found for initial point 6
Negative llh: 152.5377384008952
Dropout rate: 1.0000000000000007e-10
Silencing rate: 1.0000000000000007e-10
Sigma: 8.329841436448643
Initial point 7. Random seed: 1512
Solving with ultrametric constraint
Optimal point found for initial point 7
Negative llh: 152.53773839471557
Dropout rate: 1e-10
Silencing rate: 1.0000000000000002e-10
Sigma: 8.328544332759572
Initial point 8. Random seed: 2015
Solving with ultrametric constraint
Optimal point found for initial point 8
Negative llh: 152.5377386263434
Dropout rate: 1e-10
Silencing rate: 1e-10
Sigma: 8.329316268812722
Initial point 9. Random seed: 8368
Solving with ultrametric constraint
Optimal point found for initial point 9
Negative llh: 152.53773854494847
Dropout rate: 1.1772798185703671e-09
Silencing rate: 2.7383878655830717e-09
Sigma: 8.328033114448491
Initial point 10. Random seed: 5646
Solving with ultrametric constraint
Optimal point found for initial point 10
Negative llh: 152.5377382551565
Dropout rate: 1e-10
Silencing rate: 1e-10
Sigma: 8.328348212602775
Runtime (s): 43.987613746896386
