Launching Problin version 0.5b
Problin was called as follow: /u/gh2161/Spatial-Division/problin/run_problin.py -c real_location_data/s18c1/k10_r4_character_matrix.csv -t real_location_data/s18c1/true_tree.nwk -S real_location_data/s18c1/leaf_locations.txt --delimiter comma -p real_location_data/s18c1/k10_priors.csv -o real_location_data/s18c1/k10_r4_spalin-divide-beta1.txt --nInitials 10 --ultrametric --randomreps 3 --divide --given_beta 1 --incl_beta_bound
Optimization by Spalin-Divide: Scipy-SLSQP using spatial information
Optimizing branch lengths, phi, and nu without topology search
Initial point 1. Random seed: 566
Solving with ultrametric constraint
Optimal point found for initial point 1
Negative llh: 186.2967234468723
Dropout rate: 1.0000000000000002e-10
Silencing rate: 1.0000000000000002e-10
Sigma: 5.55350405929144
Initial point 2. Random seed: 2276
Solving with ultrametric constraint
Optimal point found for initial point 2
Negative llh: 186.29672348608784
Dropout rate: 1e-10
Silencing rate: 1e-10
Sigma: 5.5535042492059965
Initial point 3. Random seed: 7998
Solving with ultrametric constraint
Optimal point found for initial point 3
Negative llh: 186.29672953927712
Dropout rate: 4.0145263140392565e-10
Silencing rate: 2.3233906912763557e-10
Sigma: 5.55371041354067
Initial point 4. Random seed: 5715
Solving with ultrametric constraint
Optimal point found for initial point 4
Negative llh: 186.2967251873527
Dropout rate: 9.999999999999996e-11
Silencing rate: 1.0000000000000002e-10
Sigma: 5.553498177287645
Initial point 5. Random seed: 7661
Solving with ultrametric constraint
Optimal point found for initial point 5
Negative llh: 186.2967252530489
Dropout rate: 1.3808092218677754e-10
Silencing rate: 1.2495212947683866e-10
Sigma: 5.554040831830583
Initial point 6. Random seed: 7655
Solving with ultrametric constraint
Optimal point found for initial point 6
Negative llh: 186.29672349232885
Dropout rate: 1.1577332460567395e-10
Silencing rate: 1.6590924385691246e-10
Sigma: 5.553440956446885
Initial point 7. Random seed: 8935
Solving with ultrametric constraint
Optimal point found for initial point 7
Negative llh: 186.29672787705545
Dropout rate: 1e-10
Silencing rate: 1e-10
Sigma: 5.553771111717479
Initial point 8. Random seed: 8180
Solving with ultrametric constraint
Optimal point found for initial point 8
Negative llh: 186.2967240107003
Dropout rate: 1.2873918946439755e-10
Silencing rate: 1.1366464642247525e-10
Sigma: 5.553498613263656
Initial point 9. Random seed: 2453
Solving with ultrametric constraint
Optimal point found for initial point 9
Negative llh: 186.29672392826828
Dropout rate: 4.4373570348107353e-10
Silencing rate: 2.6419408444847003e-10
Sigma: 5.553499248471629
Initial point 10. Random seed: 3883
Solving with ultrametric constraint
Optimal point found for initial point 10
Negative llh: 186.2967277481751
Dropout rate: 7.38916240865805e-10
Silencing rate: 5.358150374230996e-10
Sigma: 5.554353171277052
Runtime (s): 577.9881501458585
