Launching Problin version 0.5b
Problin was called as follow: /u/gh2161/problin/run_problin.py -c simulated_data/s18c1/k10_r1_character_matrix.csv -t simulated_data/s18c1/true_tree.nwk --delimiter comma -p simulated_data/s18c1/k10_priors.csv -o simulated_data/s18c1/k10_r1_problin.txt --nInitials 10 --ultrametric --randomreps 3
Optimization by EM algorithm
Optimizing branch lengths, phi, and nu without topology search
Initial point 1. Random seed: 7009
Solving with ultrametric constraint
Initial phi: 0.6907897501371043. Initial nu: 0.9839532425809501. Initial nllh: 18628.775876365162
EM finished after 12 iterations.
Optimal point found for initial point 1
Negative llh: 101.8221880986457
Dropout rate: 0
Silencing rate: 9.319905575780306e-07
Initial point 2. Random seed: 3410
Solving with ultrametric constraint
Initial phi: 0.8388753960898425. Initial nu: 0.7672786206528387. Initial nllh: 421.8046467682028
EM finished after 8 iterations.
Optimal point found for initial point 2
Negative llh: 101.82219174499657
Dropout rate: 0
Silencing rate: 9.77632775770933e-07
Initial point 3. Random seed: 4730
Solving with ultrametric constraint
Initial phi: 0.3404868990028842. Initial nu: 0.1772435641786507. Initial nllh: 174.91985287791084
EM finished after 9 iterations.
Optimal point found for initial point 3
Negative llh: 101.82219079675113
Dropout rate: 0
Silencing rate: 9.765972011377909e-07
Initial point 4. Random seed: 8008
Solving with ultrametric constraint
Initial phi: 0.18126184725859193. Initial nu: 0.6530507313737032. Initial nllh: 171.09673198257946
EM finished after 9 iterations.
Optimal point found for initial point 4
Negative llh: 101.82218826018385
Dropout rate: 0
Silencing rate: 9.324292711665811e-07
Initial point 5. Random seed: 1221
Solving with ultrametric constraint
Initial phi: 0.24201457809018428. Initial nu: 0.031289815926181325. Initial nllh: 145.2676343734863
EM finished after 11 iterations.
Optimal point found for initial point 5
Negative llh: 101.82218818041406
Dropout rate: 0
Silencing rate: 9.334075654352655e-07
Initial point 6. Random seed: 8340
Solving with ultrametric constraint
Initial phi: 0.36154634889733317. Initial nu: 0.24834289835211473. Initial nllh: 184.0639987235389
EM finished after 8 iterations.
Optimal point found for initial point 6
Negative llh: 101.82218851949652
Dropout rate: 0
Silencing rate: 9.360493059416046e-07
Initial point 7. Random seed: 8834
Solving with ultrametric constraint
Initial phi: 0.03799166492007395. Initial nu: 0.7771973464220271. Initial nllh: 154.37416113827237
EM finished after 8 iterations.
Optimal point found for initial point 7
Negative llh: 101.82219173154877
Dropout rate: 0
Silencing rate: 9.769784523102537e-07
Initial point 8. Random seed: 5594
Solving with ultrametric constraint
Initial phi: 0.48307199868554473. Initial nu: 0.5660571654970493. Initial nllh: 234.8434336115202
EM finished after 9 iterations.
Optimal point found for initial point 8
Negative llh: 101.82218803476655
Dropout rate: 0
Silencing rate: 9.287071527778986e-07
Initial point 9. Random seed: 9753
Solving with ultrametric constraint
Initial phi: 0.9846364285176653. Initial nu: 0.3127114131696831. Initial nllh: 746.9926528510815
EM finished after 11 iterations.
Optimal point found for initial point 9
Negative llh: 101.82219081126246
Dropout rate: 0
Silencing rate: 9.77594034892613e-07
Initial point 10. Random seed: 3803
Solving with ultrametric constraint
Initial phi: 0.324332265368282. Initial nu: 0.4316378177125938. Initial nllh: 186.5899476155596
EM finished after 8 iterations.
Optimal point found for initial point 10
Negative llh: 101.82219114637049
Dropout rate: 0
Silencing rate: 9.770427350737705e-07
Traceback (most recent call last):
  File "/u/gh2161/problin/run_problin.py", line 193, in <module>
    main()
  File "/u/gh2161/problin/run_problin.py", line 172, in main
    fout.write("Sigma: " + str(opt_params['sigma']) + "\n")
KeyError: 'sigma'
