Launching Problin version 0.5b
Problin was called as follow: /u/gh2161/Spatial-Division/problin/run_problin.py -c real_location_data/s18c1/k10_r3_character_matrix.csv -t real_location_data/s18c1/true_tree.nwk -S real_location_data/s18c1/leaf_locations.txt --delimiter comma -p real_location_data/s18c1/k10_priors.csv -o real_location_data/s18c1/k10_r3_spalin-divide-beta05.txt --nInitials 10 --ultrametric --randomreps 3 --divide --given_beta 0.5 --incl_beta_bound
Optimization by Spalin-Divide: Scipy-SLSQP using spatial information
Optimizing branch lengths, phi, and nu without topology search
Initial point 1. Random seed: 5941
Solving with ultrametric constraint
Optimal point found for initial point 1
Negative llh: 189.03842319173276
Dropout rate: 1e-10
Silencing rate: 1e-10
Sigma: 6.205444038070986
Initial point 2. Random seed: 7771
Solving with ultrametric constraint
Optimal point found for initial point 2
Negative llh: 189.0384223801648
Dropout rate: 1e-10
Silencing rate: 1e-10
Sigma: 6.205546393451729
Initial point 3. Random seed: 1038
Solving with ultrametric constraint
Optimal point found for initial point 3
Negative llh: 189.03842529066617
Dropout rate: 9.999999999999996e-11
Silencing rate: 1.0000000000000002e-10
Sigma: 6.205744078460201
Initial point 4. Random seed: 2446
Solving with ultrametric constraint
Optimal point found for initial point 4
Negative llh: 189.03842346784754
Dropout rate: 9.96609305907078e-10
Silencing rate: 5.906264900839511e-10
Sigma: 6.205545604162797
Initial point 5. Random seed: 315
Solving with ultrametric constraint
Optimal point found for initial point 5
Negative llh: 189.03842260225096
Dropout rate: 1e-10
Silencing rate: 1e-10
Sigma: 6.205616620023003
Initial point 6. Random seed: 9369
Solving with ultrametric constraint
Optimal point found for initial point 6
Negative llh: 189.0384225281286
Dropout rate: 6.348299275717051e-10
Silencing rate: 5.059928179321143e-10
Sigma: 6.205430029905617
Initial point 7. Random seed: 9184
Solving with ultrametric constraint
Optimal point found for initial point 7
Negative llh: 189.03842252677634
Dropout rate: 1e-10
Silencing rate: 1e-10
Sigma: 6.205628880450239
Initial point 8. Random seed: 1108
Solving with ultrametric constraint
Optimal point found for initial point 8
Negative llh: 189.03842206917017
Dropout rate: 1e-10
Silencing rate: 1e-10
Sigma: 6.205461242368609
Initial point 9. Random seed: 7244
Solving with ultrametric constraint
Optimal point found for initial point 9
Negative llh: 189.0384221315493
Dropout rate: 1.8110279082107638e-10
Silencing rate: 1.2786656101316367e-10
Sigma: 6.205482814449938
Initial point 10. Random seed: 9576
Solving with ultrametric constraint
Optimal point found for initial point 10
Negative llh: 189.03842281502352
Dropout rate: 1.4779452483875396e-09
Silencing rate: 9.968894390311703e-10
Sigma: 6.205324546468758
Runtime (s): 475.5525933392346
