Launching Problin version 0.5b
Problin was called as follow: /u/gh2161/Spatial-Division/problin/run_problin.py -c real_location_data/s18c1/k10_r1_character_matrix.csv -t real_location_data/s18c1/true_tree.nwk -S real_location_data/s18c1/leaf_locations.txt --delimiter comma -p real_location_data/s18c1/k10_priors.csv -o real_location_data/s18c1/k10_r1_spalin-divide-ignore-beta.txt --nInitials 10 --ultrametric --randomreps 3 --divide
Optimization by Spalin-Divide: Scipy-SLSQP using spatial information
Optimizing branch lengths, phi, and nu without topology search
Initial point 1. Random seed: 3529
Solving with ultrametric constraint
Optimal point found for initial point 1
Negative llh: 228.89870741161388
Dropout rate: 1e-10
Silencing rate: 1e-10
Sigma: 5.565402018587218
Initial point 2. Random seed: 1797
Solving with ultrametric constraint
Optimal point found for initial point 2
Negative llh: 228.89871080239539
Dropout rate: 1.0000000000000007e-10
Silencing rate: 1.0000000000000007e-10
Sigma: 5.565380354168253
Initial point 3. Random seed: 4850
Solving with ultrametric constraint
Optimal point found for initial point 3
Negative llh: 228.89872391261696
Dropout rate: 8.037858006383184e-10
Silencing rate: 4.47471277805138e-10
Sigma: 5.565542394699634
Initial point 4. Random seed: 410
Solving with ultrametric constraint
Optimal point found for initial point 4
Negative llh: 228.8987075535449
Dropout rate: 1e-10
Silencing rate: 1e-10
Sigma: 5.5653041456134416
Initial point 5. Random seed: 3984
Solving with ultrametric constraint
Optimal point found for initial point 5
Negative llh: 228.89872288323573
Dropout rate: 6.874128906573884e-10
Silencing rate: 4.967844133173439e-10
Sigma: 5.565873925248768
Initial point 6. Random seed: 8858
Solving with ultrametric constraint
Optimal point found for initial point 6
Negative llh: 228.89872104822308
Dropout rate: 9.999999999999996e-11
Silencing rate: 1.0000000000000002e-10
Sigma: 5.565542174019812
Initial point 7. Random seed: 2525
Solving with ultrametric constraint
Optimal point found for initial point 7
Negative llh: 228.898713802862
Dropout rate: 1e-10
Silencing rate: 1e-10
Sigma: 5.5651537413472205
Initial point 8. Random seed: 1046
Solving with ultrametric constraint
Optimal point found for initial point 8
Negative llh: 228.8987356808417
Dropout rate: 9.999999999999996e-11
Silencing rate: 1.0000000000000002e-10
Sigma: 5.565572216053093
Initial point 9. Random seed: 9195
Solving with ultrametric constraint
Optimal point found for initial point 9
Negative llh: 228.89870844793268
Dropout rate: 1.399622648828079e-09
Silencing rate: 7.166987349619225e-10
Sigma: 5.5651770539263605
Initial point 10. Random seed: 2401
Solving with ultrametric constraint
Optimal point found for initial point 10
Negative llh: 228.89870751888697
Dropout rate: 1.4705535959102853e-10
Silencing rate: 1.1660348077690296e-10
Sigma: 5.565363513568692
Runtime (s): 332.45800820179284
