Launching Problin version 0.5b
Problin was called as follow: /u/gh2161/Spatial-Division/problin/run_problin.py -c real_location_data/s18c1/k10_r1_character_matrix.csv -t real_location_data/s18c1/true_tree.nwk -S real_location_data/s18c1/leaf_locations.txt --delimiter comma -p real_location_data/s18c1/k10_priors.csv -o real_location_data/s18c1/k10_r1_spalin.txt --nInitials 10 --ultrametric --randomreps 3
Optimization by Spalin: Scipy-SLSQP using spatial information
Optimizing branch lengths, phi, and nu without topology search
Initial point 1. Random seed: 6271
Solving with ultrametric constraint
Optimal point found for initial point 1
Negative llh: 205.6047788534518
Dropout rate: 4.988624479428566e-10
Silencing rate: 3.730088393917573e-10
Sigma: 33.544282183397456
Initial point 2. Random seed: 3247
Solving with ultrametric constraint
Optimal point found for initial point 2
Negative llh: 205.60477873167468
Dropout rate: 1.0092918254705436e-10
Silencing rate: 1.1456710480567948e-10
Sigma: 33.54700254121794
Initial point 3. Random seed: 1955
Solving with ultrametric constraint
Optimal point found for initial point 3
Negative llh: 205.60477914874704
Dropout rate: 1.738703462225975e-10
Silencing rate: 1.9635302998217685e-10
Sigma: 33.54599252840175
Initial point 4. Random seed: 8143
Solving with ultrametric constraint
Optimal point found for initial point 4
Negative llh: 205.60477921691017
Dropout rate: 9.999999999999996e-11
Silencing rate: 1.0000000000000007e-10
Sigma: 33.5477882666539
Initial point 5. Random seed: 231
Solving with ultrametric constraint
Optimal point found for initial point 5
Negative llh: 205.6047789982798
Dropout rate: 1e-10
Silencing rate: 1e-10
Sigma: 33.54593323345192
Initial point 6. Random seed: 6623
Solving with ultrametric constraint
Optimal point found for initial point 6
Negative llh: 205.60477917472835
Dropout rate: 2.1795491882214785e-10
Silencing rate: 1.7219716827740286e-09
Sigma: 33.54453890012607
Initial point 7. Random seed: 6880
Solving with ultrametric constraint
Optimal point found for initial point 7
Negative llh: 205.6047788080059
Dropout rate: 5.231332590622696e-10
Silencing rate: 2.329716883056863e-10
Sigma: 33.54609297605729
Initial point 8. Random seed: 582
Solving with ultrametric constraint
Optimal point found for initial point 8
Negative llh: 205.60477875594432
Dropout rate: 1e-10
Silencing rate: 1e-10
Sigma: 33.54571787862353
Initial point 9. Random seed: 911
Solving with ultrametric constraint
Optimal point found for initial point 9
Negative llh: 205.60477908966078
Dropout rate: 1e-10
Silencing rate: 1e-10
Sigma: 33.546257004015736
Initial point 10. Random seed: 2998
Solving with ultrametric constraint
Optimal point found for initial point 10
Negative llh: 205.6047788866332
Dropout rate: 1.2254897157627981e-10
Silencing rate: 2.229028800513387e-10
Sigma: 33.54528986210181
Traceback (most recent call last):
  File "/u/gh2161/Spatial-Division/problin/run_problin.py", line 223, in <module>
    main()
  File "/u/gh2161/Spatial-Division/problin/run_problin.py", line 214, in main
    for cell in mySolver.params.displacement_amounts:
AttributeError: 'Params' object has no attribute 'displacement_amounts'
