Launching Problin version 0.5b
Problin was called as follow: /u/gh2161/Spatial-Division/problin/run_problin.py -c real_location_data/s18c1/k10_r3_character_matrix.csv -t real_location_data/s18c1/true_tree.nwk -S real_location_data/s18c1/leaf_locations.txt --delimiter comma -p real_location_data/s18c1/k10_priors.csv -o real_location_data/s18c1/k10_r3_spalin.txt --nInitials 10 --ultrametric --randomreps 3
Optimization by Spalin: Scipy-SLSQP using spatial information
Optimizing branch lengths, phi, and nu without topology search
Initial point 1. Random seed: 2164
Solving with ultrametric constraint
Optimal point found for initial point 1
Negative llh: 164.27499186812224
Dropout rate: 1e-10
Silencing rate: 1e-10
Sigma: 39.8225999652509
Initial point 2. Random seed: 4829
Solving with ultrametric constraint
Optimal point found for initial point 2
Negative llh: 164.27499142823703
Dropout rate: 1.0000000000000002e-10
Silencing rate: 1e-10
Sigma: 39.82901605926322
Initial point 3. Random seed: 5184
Solving with ultrametric constraint
Optimal point found for initial point 3
Negative llh: 164.27499216132455
Dropout rate: 4.893555854372998e-09
Silencing rate: 3.5260895513869197e-09
Sigma: 39.827877355890045
Initial point 4. Random seed: 701
Solving with ultrametric constraint
Optimal point found for initial point 4
Negative llh: 164.27499149874654
Dropout rate: 1.482958043886995e-09
Silencing rate: 3.0323395119515596e-10
Sigma: 39.82934178986042
Initial point 5. Random seed: 5560
Solving with ultrametric constraint
Optimal point found for initial point 5
Negative llh: 164.27499186027842
Dropout rate: 1e-10
Silencing rate: 1e-10
Sigma: 39.82630558729604
Initial point 6. Random seed: 9137
Solving with ultrametric constraint
Optimal point found for initial point 6
Negative llh: 164.27499165876048
Dropout rate: 7.352305145314346e-10
Silencing rate: 2.2745703771746045e-10
Sigma: 39.83160226273611
Initial point 7. Random seed: 9837
Solving with ultrametric constraint
Optimal point found for initial point 7
Negative llh: 164.2749924420579
Dropout rate: 1.949272622617127e-09
Silencing rate: 2.26026243817622e-09
Sigma: 39.8323718031777
Initial point 8. Random seed: 7825
Solving with ultrametric constraint
Optimal point found for initial point 8
Negative llh: 164.27499134053326
Dropout rate: 1.000000000000009e-10
Silencing rate: 1.000000000000009e-10
Sigma: 39.82744827609195
Initial point 9. Random seed: 7604
Solving with ultrametric constraint
Optimal point found for initial point 9
Negative llh: 164.274991474518
Dropout rate: 1e-10
Silencing rate: 1.0000000000000002e-10
Sigma: 39.82775648552257
Initial point 10. Random seed: 8515
Solving with ultrametric constraint
Optimal point found for initial point 10
Negative llh: 164.27499153297907
Dropout rate: 1e-10
Silencing rate: 1.0081036770246961e-10
Sigma: 39.828093971698245
Traceback (most recent call last):
  File "/u/gh2161/Spatial-Division/problin/run_problin.py", line 223, in <module>
    main()
  File "/u/gh2161/Spatial-Division/problin/run_problin.py", line 214, in main
    for cell in mySolver.params.displacement_amounts:
AttributeError: 'Params' object has no attribute 'displacement_amounts'
