Launching Problin version 0.5b
Problin was called as follow: /u/gh2161/Spatial-Division/problin/run_problin.py -c real_location_data/s18c1/k10_r2_character_matrix.csv -t real_location_data/s18c1/true_tree.nwk -S real_location_data/s18c1/leaf_locations.txt --delimiter comma -p real_location_data/s18c1/k10_priors.csv -o real_location_data/s18c1/k10_r2_spalin-divide-beta1.txt --nInitials 10 --ultrametric --randomreps 3 --divide --given_beta 1 --incl_beta_bound
Optimization by Spalin-Divide: Scipy-SLSQP using spatial information
Optimizing branch lengths, phi, and nu without topology search
Initial point 1. Random seed: 177
Solving with ultrametric constraint
Optimal point found for initial point 1
Negative llh: 190.0195035315761
Dropout rate: 1.2379756347653335e-10
Silencing rate: 1.1563873942899164e-10
Sigma: 4.913611658849213
Initial point 2. Random seed: 5320
Solving with ultrametric constraint
Optimal point found for initial point 2
Negative llh: 190.01950440676546
Dropout rate: 1.0000000000000002e-10
Silencing rate: 1.0000000000000002e-10
Sigma: 4.913657364277834
Initial point 3. Random seed: 3235
Solving with ultrametric constraint
Optimal point found for initial point 3
Negative llh: 190.01950583785612
Dropout rate: 1e-10
Silencing rate: 1e-10
Sigma: 4.913708686229396
Initial point 4. Random seed: 8686
Solving with ultrametric constraint
Optimal point found for initial point 4
Negative llh: 190.0195108100936
Dropout rate: 1e-10
Silencing rate: 1e-10
Sigma: 4.9132105764634115
Initial point 5. Random seed: 158
Solving with ultrametric constraint
Optimal point found for initial point 5
Negative llh: 190.0195033601721
Dropout rate: 1.0715467880069228e-10
Silencing rate: 1.0209693623331894e-10
Sigma: 4.913610946255778
Initial point 6. Random seed: 3682
Solving with ultrametric constraint
Optimal point found for initial point 6
Negative llh: 190.01950339556578
Dropout rate: 1.7731128284158246e-10
Silencing rate: 1.491020221253161e-10
Sigma: 4.913614179330953
Initial point 7. Random seed: 100
Solving with ultrametric constraint
Optimal point found for initial point 7
Negative llh: 190.0195037115925
Dropout rate: 4.968124948297449e-10
Silencing rate: 2.5088053853203746e-10
Sigma: 4.913711621444894
Initial point 8. Random seed: 210
Solving with ultrametric constraint
Optimal point found for initial point 8
Negative llh: 190.01950355251182
Dropout rate: 1.302498422447483e-10
Silencing rate: 1.191243031773588e-10
Sigma: 4.91361909397143
Initial point 9. Random seed: 3882
Solving with ultrametric constraint
Optimal point found for initial point 9
Negative llh: 190.01950366834342
Dropout rate: 1.0000000000000002e-10
Silencing rate: 1.0000000000000002e-10
Sigma: 4.913645619413145
Initial point 10. Random seed: 2398
Solving with ultrametric constraint
Optimal point found for initial point 10
Negative llh: 190.01950474422648
Dropout rate: 1.951886524425852e-10
Silencing rate: 1.6600459942241143e-10
Sigma: 4.913572656092527
Runtime (s): 827.311375720019
