Launching Problin version 0.5b
Problin was called as follow: /u/gh2161/Spatial-Division/problin/run_problin.py -c real_location_data/s18c1/k10_r2_character_matrix.csv -t real_location_data/s18c1/true_tree.nwk -S real_location_data/s18c1/leaf_locations.txt --delimiter comma -p real_location_data/s18c1/k10_priors.csv -o real_location_data/s18c1/k10_r2_spalin.txt --nInitials 10 --ultrametric --randomreps 3
Optimization by Spalin: Scipy-SLSQP using spatial information
Optimizing branch lengths, phi, and nu without topology search
Initial point 1. Random seed: 560
Solving with ultrametric constraint
Optimal point found for initial point 1
Negative llh: 166.367232877388
Dropout rate: 1e-10
Silencing rate: 1e-10
Sigma: 25.819072048165573
Initial point 2. Random seed: 1858
Solving with ultrametric constraint
Optimal point found for initial point 2
Negative llh: 166.36723315451866
Dropout rate: 1.0000000000000007e-10
Silencing rate: 1.0000000000000007e-10
Sigma: 25.819862495044795
Initial point 3. Random seed: 3747
Solving with ultrametric constraint
Optimal point found for initial point 3
Negative llh: 166.36723342342327
Dropout rate: 6.329360466626202e-10
Silencing rate: 3.2689843485607373e-09
Sigma: 25.82106293932128
Initial point 4. Random seed: 6149
Solving with ultrametric constraint
Optimal point found for initial point 4
Negative llh: 166.36723332319235
Dropout rate: 2.9323848279101106e-10
Silencing rate: 5.561757299260542e-10
Sigma: 25.81993817902752
Initial point 5. Random seed: 1196
Solving with ultrametric constraint
Optimal point found for initial point 5
Negative llh: 166.36723300356104
Dropout rate: 1e-10
Silencing rate: 1e-10
Sigma: 25.821086389857967
Initial point 6. Random seed: 2924
Solving with ultrametric constraint
Optimal point found for initial point 6
Negative llh: 166.3672335817638
Dropout rate: 1e-10
Silencing rate: 1e-10
Sigma: 25.820078308417095
Initial point 7. Random seed: 3725
Solving with ultrametric constraint
Optimal point found for initial point 7
Negative llh: 166.367233210335
Dropout rate: 1e-10
Silencing rate: 1e-10
Sigma: 25.820798287159768
Initial point 8. Random seed: 2188
Solving with ultrametric constraint
Optimal point found for initial point 8
Negative llh: 166.36723299680918
Dropout rate: 1.0592116503704531e-10
Silencing rate: 1.4120971306963054e-10
Sigma: 25.819993752380288
Initial point 9. Random seed: 939
Solving with ultrametric constraint
Optimal point found for initial point 9
Negative llh: 166.3672343076359
Dropout rate: 1.0000000000000007e-10
Silencing rate: 1.000000000000009e-10
Sigma: 25.81973033357069
Initial point 10. Random seed: 4333
Solving with ultrametric constraint
Optimal point found for initial point 10
Negative llh: 166.3672402318625
Dropout rate: 2.0473930752857687e-10
Silencing rate: 1.6682212809163043e-10
Sigma: 25.800071042237143
Traceback (most recent call last):
  File "/u/gh2161/Spatial-Division/problin/run_problin.py", line 223, in <module>
    main()
  File "/u/gh2161/Spatial-Division/problin/run_problin.py", line 214, in main
    for cell in mySolver.params.displacement_amounts:
AttributeError: 'Params' object has no attribute 'displacement_amounts'
