Launching Problin version 0.5b
Problin was called as follow: /u/gh2161/problin/run_problin.py -c simulated_data/s18c1/k10_r4_character_matrix.csv -t simulated_data/s18c1/true_tree.nwk --delimiter comma -p simulated_data/s18c1/k10_priors.csv -o simulated_data/s18c1/k10_r4_problin.txt --nInitials 10 --ultrametric --randomreps 3
Optimization by EM algorithm
Optimizing branch lengths, phi, and nu without topology search
Initial point 1. Random seed: 6158
Solving with ultrametric constraint
Initial phi: 0.13689134271502718. Initial nu: 0.4861269966556313. Initial nllh: 8853.374706841487
EM finished after 12 iterations.
Optimal point found for initial point 1
Negative llh: 58.26082731612233
Dropout rate: 0
Silencing rate: 7.579047683578817e-07
Initial point 2. Random seed: 6559
Solving with ultrametric constraint
Initial phi: 0.5935501561973053. Initial nu: 0.7790671135423666. Initial nllh: 247.0602241333536
EM finished after 10 iterations.
Optimal point found for initial point 2
Negative llh: 58.26082771048587
Dropout rate: 0
Silencing rate: 7.58569930461981e-07
Initial point 3. Random seed: 6492
Solving with ultrametric constraint
Initial phi: 0.9889658852410902. Initial nu: 0.7079636588145238. Initial nllh: 783.1229979292788
EM finished after 10 iterations.
Optimal point found for initial point 3
Negative llh: 58.26082766734583
Dropout rate: 0
Silencing rate: 7.583320469597146e-07
Initial point 4. Random seed: 9446
Solving with ultrametric constraint
Initial phi: 0.9897347941734961. Initial nu: 0.007321757079361152. Initial nllh: 745.6152354097951
EM finished after 6 iterations.
Optimal point found for initial point 4
Negative llh: 58.26082689521889
Dropout rate: 0
Silencing rate: 7.511776099232847e-07
Initial point 5. Random seed: 5365
Solving with ultrametric constraint
Initial phi: 0.6955164439031845. Initial nu: 0.912139533436095. Initial nllh: 299.56814218515325
EM finished after 11 iterations.
Optimal point found for initial point 5
Negative llh: 58.26082628561962
Dropout rate: 0
Silencing rate: 7.419295410535447e-07
Initial point 6. Random seed: 152
Solving with ultrametric constraint
Initial phi: 0.06551379364200892. Initial nu: 0.12170337350994853. Initial nllh: 76.82193028686555
EM finished after 11 iterations.
Optimal point found for initial point 6
Negative llh: 58.26082664131327
Dropout rate: 0
Silencing rate: 7.485272687459073e-07
Initial point 7. Random seed: 8265
Solving with ultrametric constraint
Initial phi: 0.5073973707077285. Initial nu: 0.672894204153104. Initial nllh: 210.8982477569027
EM finished after 11 iterations.
Optimal point found for initial point 7
Negative llh: 58.26082667342147
Dropout rate: 0
Silencing rate: 7.479073334175507e-07
Initial point 8. Random seed: 359
Solving with ultrametric constraint
Initial phi: 0.8777728695097311. Initial nu: 0.029041450905152033. Initial nllh: 375.54574248190966
EM finished after 9 iterations.
Optimal point found for initial point 8
Negative llh: 58.260826660564916
Dropout rate: 0
Silencing rate: 7.487290998125748e-07
Initial point 9. Random seed: 8878
Solving with ultrametric constraint
Initial phi: 0.02116342475061027. Initial nu: 0.5220722734705439. Initial nllh: 97.49221295589989
EM finished after 10 iterations.
Optimal point found for initial point 9
Negative llh: 58.26082790692038
Dropout rate: 0
Silencing rate: 7.630457377937785e-07
Initial point 10. Random seed: 9425
Solving with ultrametric constraint
Initial phi: 0.8175749072059055. Initial nu: 0.6345562022269792. Initial nllh: 357.2561597844956
EM finished after 10 iterations.
Optimal point found for initial point 10
Negative llh: 58.26082744314355
Dropout rate: 0
Silencing rate: 7.555550084577215e-07
Traceback (most recent call last):
  File "/u/gh2161/problin/run_problin.py", line 193, in <module>
    main()
  File "/u/gh2161/problin/run_problin.py", line 172, in main
    fout.write("Sigma: " + str(opt_params['sigma']) + "\n")
KeyError: 'sigma'
