Launching Problin version 0.5b
Problin was called as follow: /u/gh2161/Spatial-Division/problin/run_problin.py -c real_location_data/s18c1/k10_r5_character_matrix.csv -t real_location_data/s18c1/true_tree.nwk -S real_location_data/s18c1/leaf_locations.txt --delimiter comma -p real_location_data/s18c1/k10_priors.csv -o real_location_data/s18c1/k10_r5_spalin.txt --nInitials 10 --ultrametric --randomreps 3
Optimization by Spalin: Scipy-SLSQP using spatial information
Optimizing branch lengths, phi, and nu without topology search
Initial point 1. Random seed: 3844
Solving with ultrametric constraint
Optimal point found for initial point 1
Negative llh: 173.2300279993558
Dropout rate: 1.0000000000000002e-10
Silencing rate: 1e-10
Sigma: 33.44664554044632
Initial point 2. Random seed: 5795
Solving with ultrametric constraint
Optimal point found for initial point 2
Negative llh: 173.23002860274494
Dropout rate: 9.999999999999996e-11
Silencing rate: 1.0000000000000007e-10
Sigma: 33.446311405865224
Initial point 3. Random seed: 346
Solving with ultrametric constraint
Optimal point found for initial point 3
Negative llh: 173.23002821006418
Dropout rate: 1.1807963950641768e-10
Silencing rate: 2.1412336558105574e-10
Sigma: 33.44932445545324
Initial point 4. Random seed: 4993
Solving with ultrametric constraint
Optimal point found for initial point 4
Negative llh: 173.23002848984237
Dropout rate: 1.0649275647147201e-10
Silencing rate: 1.7107140589090988e-10
Sigma: 33.444993856534055
Initial point 5. Random seed: 4247
Solving with ultrametric constraint
Optimal point found for initial point 5
Negative llh: 173.23002801422842
Dropout rate: 1.2727665953633136e-10
Silencing rate: 1.2410341929908934e-10
Sigma: 33.447778242566436
Initial point 6. Random seed: 9887
Solving with ultrametric constraint
Optimal point found for initial point 6
Negative llh: 173.2300281613762
Dropout rate: 1.0914724867262496e-10
Silencing rate: 1.6573248196756493e-10
Sigma: 33.447737092186024
Initial point 7. Random seed: 7250
Solving with ultrametric constraint
Optimal point found for initial point 7
Negative llh: 173.230028180541
Dropout rate: 6.332968275746039e-10
Silencing rate: 5.312084717679424e-10
Sigma: 33.44796902812404
Initial point 8. Random seed: 3280
Solving with ultrametric constraint
Optimal point found for initial point 8
Negative llh: 173.23002826324813
Dropout rate: 5.629775089025327e-10
Silencing rate: 5.968327165671566e-10
Sigma: 33.447603026619916
Initial point 9. Random seed: 6026
Solving with ultrametric constraint
Optimal point found for initial point 9
Negative llh: 173.2300282938358
Dropout rate: 3.106542478507598e-10
Silencing rate: 1.8598955557581457e-10
Sigma: 33.44745447686893
Initial point 10. Random seed: 8830
Solving with ultrametric constraint
Optimal point found for initial point 10
Negative llh: 173.23002833621223
Dropout rate: 1.893620643075968e-10
Silencing rate: 2.986669459638322e-10
Sigma: 33.44627111681309
Traceback (most recent call last):
  File "/u/gh2161/Spatial-Division/problin/run_problin.py", line 223, in <module>
    main()
  File "/u/gh2161/Spatial-Division/problin/run_problin.py", line 214, in main
    for cell in mySolver.params.displacement_amounts:
AttributeError: 'Params' object has no attribute 'displacement_amounts'
