Launching Problin version 0.5b
Problin was called as follow: /u/gh2161/Spatial-Division/problin/run_problin.py -c real_location_data/s18c1/k10_r2_character_matrix.csv -t real_location_data/s18c1/true_tree.nwk -S real_location_data/s18c1/leaf_locations.txt --delimiter comma -p real_location_data/s18c1/k10_priors.csv -o real_location_data/s18c1/k10_r2_spalin-divide-ignore-beta.txt --nInitials 10 --ultrametric --randomreps 3 --divide
Optimization by Spalin-Divide: Scipy-SLSQP using spatial information
Optimizing branch lengths, phi, and nu without topology search
Initial point 1. Random seed: 4503
Solving with ultrametric constraint
Optimal point found for initial point 1
Negative llh: 189.4978118153445
Dropout rate: 4.6147153121149974e-10
Silencing rate: 3.650787059708073e-10
Sigma: 4.876469916885844
Initial point 2. Random seed: 9046
Solving with ultrametric constraint
Optimal point found for initial point 2
Negative llh: 189.4978077852453
Dropout rate: 1e-10
Silencing rate: 1e-10
Sigma: 4.876607209310403
Initial point 3. Random seed: 3620
Solving with ultrametric constraint
Optimal point found for initial point 3
Negative llh: 189.49781619671992
Dropout rate: 5.927363349992604e-10
Silencing rate: 4.771566044099006e-10
Sigma: 4.876457420879103
Initial point 4. Random seed: 8387
Solving with ultrametric constraint
Optimal point found for initial point 4
Negative llh: 189.4977987867349
Dropout rate: 1.740113573004143e-09
Silencing rate: 1.2308849115047296e-09
Sigma: 4.876732675947581
Initial point 5. Random seed: 5358
Solving with ultrametric constraint
Optimal point found for initial point 5
Negative llh: 189.49779145340227
Dropout rate: 1e-10
Silencing rate: 1e-10
Sigma: 4.876503950454937
Initial point 6. Random seed: 7664
Solving with ultrametric constraint
Optimal point found for initial point 6
Negative llh: 189.4978344127655
Dropout rate: 1.0000000000000007e-10
Silencing rate: 9.999999999999996e-11
Sigma: 4.876502034450806
Initial point 7. Random seed: 9999
Solving with ultrametric constraint
Optimal point found for initial point 7
Negative llh: 189.4978132010759
Dropout rate: 1.0000000000000007e-10
Silencing rate: 1.0000000000000007e-10
Sigma: 4.876483368476249
Initial point 8. Random seed: 2842
Solving with ultrametric constraint
Optimal point found for initial point 8
Negative llh: 189.49778855862826
Dropout rate: 3.312650463426262e-10
Silencing rate: 2.9649942960876477e-10
Sigma: 4.876634276362246
Initial point 9. Random seed: 3731
Solving with ultrametric constraint
Optimal point found for initial point 9
Negative llh: 189.49781643043423
Dropout rate: 9.168989793588755e-10
Silencing rate: 7.004883196625801e-10
Sigma: 4.876579497797441
Initial point 10. Random seed: 1365
Solving with ultrametric constraint
Optimal point found for initial point 10
Negative llh: 189.4977949808781
Dropout rate: 2.2426314172611013e-10
Silencing rate: 1.971467521358993e-10
Sigma: 4.876697788093431
Runtime (s): 414.36692139692605
