Launching Problin version 0.5b
Problin was called as follow: /u/gh2161/problin/run_problin.py -c simulated_data/s18c1/k10_r5_character_matrix.csv -t simulated_data/s18c1/true_tree.nwk -S simulated_data/s18c1/true_locations.txt --delimiter comma -p simulated_data/s18c1/k10_priors.csv -o simulated_data/s18c1/k10_r5_spalin_all.txt --nInitials 10 --ultrametric --randomreps 3
Optimization by Spalin: Scipy-SLSQP using spatial information
Optimizing branch lengths, phi, and nu without topology search
Initial point 1. Random seed: 2394
Solving with ultrametric constraint
Optimal point found for initial point 1
Negative llh: 236.4457527151985
Dropout rate: 8.273241772945681e-10
Silencing rate: 4.724212541187861e-10
Sigma: 27.917806767534913
Initial point 2. Random seed: 9268
Solving with ultrametric constraint
Optimal point found for initial point 2
Negative llh: 236.4457528211716
Dropout rate: 9.999999999999996e-11
Silencing rate: 1.0000000000000007e-10
Sigma: 27.92009649695114
Initial point 3. Random seed: 8354
Solving with ultrametric constraint
Optimal point found for initial point 3
Negative llh: 236.4457528113
Dropout rate: 1e-10
Silencing rate: 1e-10
Sigma: 27.918305095691444
Initial point 4. Random seed: 7034
Solving with ultrametric constraint
Optimal point found for initial point 4
Negative llh: 236.44575248154274
Dropout rate: 1e-10
Silencing rate: 1e-10
Sigma: 27.9195412766834
Initial point 5. Random seed: 8176
Solving with ultrametric constraint
Optimal point found for initial point 5
Negative llh: 236.4457527464466
Dropout rate: 1.6097854363606895e-10
Silencing rate: 3.774332266970973e-10
Sigma: 27.91844404946866
Initial point 6. Random seed: 9888
Solving with ultrametric constraint
Optimal point found for initial point 6
Negative llh: 236.44575260932427
Dropout rate: 6.387909986861939e-10
Silencing rate: 7.480424972477379e-10
Sigma: 27.919760010545765
Initial point 7. Random seed: 2933
Solving with ultrametric constraint
Optimal point found for initial point 7
Negative llh: 236.4457529777681
Dropout rate: 1e-10
Silencing rate: 1e-10
Sigma: 27.916761315046276
Initial point 8. Random seed: 1362
Solving with ultrametric constraint
Optimal point found for initial point 8
Negative llh: 236.44575266861779
Dropout rate: 1e-10
Silencing rate: 1.0000000000000002e-10
Sigma: 27.91974605794563
Initial point 9. Random seed: 2832
Solving with ultrametric constraint
Optimal point found for initial point 9
Negative llh: 236.44575270717183
Dropout rate: 1.3374129717963136e-10
Silencing rate: 2.7335797821995594e-10
Sigma: 27.917904741639475
Initial point 10. Random seed: 7480
Solving with ultrametric constraint
Optimal point found for initial point 10
Negative llh: 236.44575258736742
Dropout rate: 1e-10
Silencing rate: 1e-10
Sigma: 27.918884830549576
Runtime (s): 16.993279745802283
