Launching Problin version 0.5b
Problin was called as follow: /u/gh2161/Spatial-Division/problin/run_problin.py -c real_location_data/s6c3/k10_r3_character_matrix.csv -t real_location_data/s6c3/true_tree.nwk -S real_location_data/s6c3/leaf_locations.txt --delimiter comma -p real_location_data/s6c3/k10_priors.csv -o real_location_data/s6c3/k10_r3_spalin-divide-ignore-beta.txt --nInitials 10 --ultrametric --randomreps 3 --divide
Optimization by Spalin-Divide: Scipy-SLSQP using spatial information
Optimizing branch lengths, phi, and nu without topology search
Initial point 1. Random seed: 956
Solving with ultrametric constraint
Optimal point found for initial point 1
Negative llh: 295.0416101415941
Dropout rate: 1e-10
Silencing rate: 1e-10
Sigma: 5.838367062773447
Initial point 2. Random seed: 9758
Solving with ultrametric constraint
Optimal point found for initial point 2
Negative llh: 295.0416238659741
Dropout rate: 1e-10
Silencing rate: 1e-10
Sigma: 5.838201267594316
Initial point 3. Random seed: 5189
Solving with ultrametric constraint
Optimal point found for initial point 3
Negative llh: 295.0416307226934
Dropout rate: 5.537770546615452e-09
Silencing rate: 3.320244022142858e-09
Sigma: 5.837985172016569
Initial point 4. Random seed: 6081
Solving with ultrametric constraint
Optimal point found for initial point 4
Negative llh: 295.04161514683886
Dropout rate: 1.5555150458277264e-10
Silencing rate: 1.262628734683936e-10
Sigma: 5.838165252737867
Initial point 5. Random seed: 9976
Solving with ultrametric constraint
Optimal point found for initial point 5
Negative llh: 295.0416264511663
Dropout rate: 5.293232590533753e-09
Silencing rate: 3.4656564572552697e-09
Sigma: 5.837804713489896
Initial point 6. Random seed: 2109
Solving with ultrametric constraint
Optimal point found for initial point 6
Negative llh: 295.04160993265504
Dropout rate: 1e-10
Silencing rate: 1.0000000000000002e-10
Sigma: 5.838212856651923
Initial point 7. Random seed: 2708
Solving with ultrametric constraint
Optimal point found for initial point 7
Negative llh: 295.0416347525207
Dropout rate: 1.0000000000000007e-10
Silencing rate: 1.0000000000000007e-10
Sigma: 5.8380364308833155
Initial point 8. Random seed: 4851
Solving with ultrametric constraint
Optimal point found for initial point 8
Negative llh: 295.0416159255303
Dropout rate: 1e-10
Silencing rate: 1e-10
Sigma: 5.838506162155893
Initial point 9. Random seed: 5745
Solving with ultrametric constraint
Optimal point found for initial point 9
Negative llh: 295.0416211849406
Dropout rate: 2.0852048030818086e-10
Silencing rate: 1.5758527252291833e-10
Sigma: 5.838605166019407
Initial point 10. Random seed: 7841
Solving with ultrametric constraint
Optimal point found for initial point 10
Negative llh: 295.0416187885444
Dropout rate: 1.0000000000000007e-10
Silencing rate: 9.999999999999996e-11
Sigma: 5.838425357709303
Runtime (s): 1175.046268954873
