Launching Problin version 0.5b
Problin was called as follow: /u/gh2161/Spatial-Division/problin/run_problin.py -c real_location_data/s6c3/k10_r2_character_matrix.csv -t real_location_data/s6c3/true_tree.nwk -S real_location_data/s6c3/leaf_locations.txt --delimiter comma -p real_location_data/s6c3/k10_priors.csv -o real_location_data/s6c3/k10_r2_spalin-divide-beta3.txt --nInitials 10 --ultrametric --randomreps 3 --divide --given_beta 3 --incl_beta_bound
Optimization by Spalin-Divide: Scipy-SLSQP using spatial information
Optimizing branch lengths, phi, and nu without topology search
Initial point 1. Random seed: 2888
Solving with ultrametric constraint
Optimal point found for initial point 1
Negative llh: 314.944984802947
Dropout rate: 8.750067354328371e-10
Silencing rate: 3.597721295073698e-10
Sigma: 5.905976331903743
Initial point 2. Random seed: 495
Solving with ultrametric constraint
Optimal point found for initial point 2
Negative llh: 314.94498550919275
Dropout rate: 1.984542798422022e-09
Silencing rate: 7.942527930428329e-10
Sigma: 5.906035648805443
Initial point 3. Random seed: 6934
Solving with ultrametric constraint
Optimal point found for initial point 3
Negative llh: 314.9449842901117
Dropout rate: 1.08822388821963e-10
Silencing rate: 1.0325009123213021e-10
Sigma: 5.9060166293444105
Initial point 4. Random seed: 3346
Solving with ultrametric constraint
Optimal point found for initial point 4
Negative llh: 314.94498469610176
Dropout rate: 2.6237767730955575e-10
Silencing rate: 1.5981821992421764e-10
Sigma: 5.9060203831360445
Initial point 5. Random seed: 9611
Solving with ultrametric constraint
Optimal point found for initial point 5
Negative llh: 314.94498441082254
Dropout rate: 1e-10
Silencing rate: 1e-10
Sigma: 5.906034624313779
Initial point 6. Random seed: 9527
Solving with ultrametric constraint
Optimal point found for initial point 6
Negative llh: 314.9449854793617
Dropout rate: 1.2924667262395483e-10
Silencing rate: 1.1077432157708977e-10
Sigma: 5.906005512350662
Initial point 7. Random seed: 8972
Solving with ultrametric constraint
Optimal point found for initial point 7
Negative llh: 314.94498473922954
Dropout rate: 1e-10
Silencing rate: 1e-10
Sigma: 5.905902911134222
Initial point 8. Random seed: 4383
Solving with ultrametric constraint
Optimal point found for initial point 8
Negative llh: 314.94498558269015
Dropout rate: 2.426551291886646e-10
Silencing rate: 1.5255640165903072e-10
Sigma: 5.906012685656194
Initial point 9. Random seed: 7145
Solving with ultrametric constraint
Optimal point found for initial point 9
Negative llh: 314.9449846847802
Dropout rate: 1e-10
Silencing rate: 1e-10
Sigma: 5.906002264851237
Initial point 10. Random seed: 3244
Solving with ultrametric constraint
Fatal: failed to optimize using initial point 10
Runtime (s): 1666.1193962078542
