Launching Problin version 0.5b
Problin was called as follow: /u/gh2161/Spatial-Division/problin/run_problin.py -c real_location_data/s6c3/k10_r1_character_matrix.csv -t real_location_data/s6c3/true_tree.nwk -S real_location_data/s6c3/leaf_locations.txt --delimiter comma -p real_location_data/s6c3/k10_priors.csv -o real_location_data/s6c3/k10_r1_spalin-divide-beta1.txt --nInitials 10 --ultrametric --randomreps 3 --divide --given_beta 1 --incl_beta_bound
Optimization by Spalin-Divide: Scipy-SLSQP using spatial information
Optimizing branch lengths, phi, and nu without topology search
Initial point 1. Random seed: 6789
Solving with ultrametric constraint
Optimal point found for initial point 1
Negative llh: 292.40152785151895
Dropout rate: 1.883747481244581e-10
Silencing rate: 1.3453446611006207e-10
Sigma: 6.216417910859238
Initial point 2. Random seed: 2948
Solving with ultrametric constraint
Optimal point found for initial point 2
Negative llh: 292.4015287938794
Dropout rate: 9.999999999999996e-11
Silencing rate: 1.0000000000000002e-10
Sigma: 6.216458515812838
Initial point 3. Random seed: 9937
Solving with ultrametric constraint
Optimal point found for initial point 3
Negative llh: 292.40152898823175
Dropout rate: 1e-10
Silencing rate: 1e-10
Sigma: 6.216527679386989
Initial point 4. Random seed: 7315
Solving with ultrametric constraint
Optimal point found for initial point 4
Negative llh: 292.4015278348146
Dropout rate: 1e-10
Silencing rate: 1e-10
Sigma: 6.2164463827718635
Initial point 5. Random seed: 9866
Solving with ultrametric constraint
Optimal point found for initial point 5
Negative llh: 292.4015277733944
Dropout rate: 1.6844330879593134e-10
Silencing rate: 1.2674645227800966e-10
Sigma: 6.216427228194373
Initial point 6. Random seed: 4623
Solving with ultrametric constraint
Optimal point found for initial point 6
Negative llh: 292.4015298272958
Dropout rate: 1e-10
Silencing rate: 1e-10
Sigma: 6.216537391277596
Initial point 7. Random seed: 9344
Solving with ultrametric constraint
Optimal point found for initial point 7
Negative llh: 292.40152823540336
Dropout rate: 1e-10
Silencing rate: 1e-10
Sigma: 6.2164749227854275
Initial point 8. Random seed: 1629
Solving with ultrametric constraint
Optimal point found for initial point 8
Negative llh: 292.40152767233326
Dropout rate: 2.0504897411200777e-10
Silencing rate: 1.410502531907891e-10
Sigma: 6.216445945037313
Initial point 9. Random seed: 2741
Solving with ultrametric constraint
Optimal point found for initial point 9
Negative llh: 292.40152983546386
Dropout rate: 3.750246834812282e-09
Silencing rate: 1.8604032188751992e-09
Sigma: 6.21654902475396
Initial point 10. Random seed: 5769
Solving with ultrametric constraint
Optimal point found for initial point 10
Negative llh: 292.40152825151137
Dropout rate: 6.888249198319826e-10
Silencing rate: 3.301026459269934e-10
Sigma: 6.216423718941659
Runtime (s): 1826.5202454198152
