Launching Problin version 0.5b
Problin was called as follow: /u/gh2161/Spatial-Division/problin/run_problin.py -c real_location_data/s6c3/k10_r3_character_matrix.csv -t real_location_data/s6c3/true_tree.nwk -S real_location_data/s6c3/leaf_locations.txt --delimiter comma -p real_location_data/s6c3/k10_priors.csv -o real_location_data/s6c3/k10_r3_spalin-divide-beta1.txt --nInitials 10 --ultrametric --randomreps 3 --divide --given_beta 1 --incl_beta_bound
Optimization by Spalin-Divide: Scipy-SLSQP using spatial information
Optimizing branch lengths, phi, and nu without topology search
Initial point 1. Random seed: 527
Solving with ultrametric constraint
Optimal point found for initial point 1
Negative llh: 295.39919881285107
Dropout rate: 1e-10
Silencing rate: 1e-10
Sigma: 5.861297344394104
Initial point 2. Random seed: 7940
Solving with ultrametric constraint
Optimal point found for initial point 2
Negative llh: 295.3991920700454
Dropout rate: 1.6967992292964257e-10
Silencing rate: 1.3295287443404424e-10
Sigma: 5.861281051506035
Initial point 3. Random seed: 1331
Solving with ultrametric constraint
Optimal point found for initial point 3
Negative llh: 295.39919535767615
Dropout rate: 2.337340517703653e-10
Silencing rate: 1.6324453578157074e-10
Sigma: 5.861299573808869
Initial point 4. Random seed: 6019
Solving with ultrametric constraint
Optimal point found for initial point 4
Negative llh: 295.39919752322317
Dropout rate: 4.776998210290155e-10
Silencing rate: 2.90692749199946e-10
Sigma: 5.861288333069839
Initial point 5. Random seed: 1015
Solving with ultrametric constraint
Optimal point found for initial point 5
Negative llh: 295.39919301002334
Dropout rate: 1.0000000000000002e-10
Silencing rate: 1.0000000000000002e-10
Sigma: 5.861319577577933
Initial point 6. Random seed: 3944
Solving with ultrametric constraint
Optimal point found for initial point 6
Negative llh: 295.3992038838661
Dropout rate: 1e-10
Silencing rate: 1e-10
Sigma: 5.861526218996349
Initial point 7. Random seed: 5435
Solving with ultrametric constraint
Optimal point found for initial point 7
Negative llh: 295.3991945155084
Dropout rate: 2.164724142753607e-10
Silencing rate: 2.439378689321505e-10
Sigma: 5.861372285518697
Initial point 8. Random seed: 5686
Solving with ultrametric constraint
Fatal: failed to optimize using initial point 8
Initial point 9. Random seed: 7505
Solving with ultrametric constraint
Optimal point found for initial point 9
Negative llh: 295.3991915731839
Dropout rate: 4.6250159586382603e-10
Silencing rate: 2.786475039194963e-10
Sigma: 5.861279597310836
Initial point 10. Random seed: 2391
Solving with ultrametric constraint
Optimal point found for initial point 10
Negative llh: 295.3991917548693
Dropout rate: 1.7559849011357892e-10
Silencing rate: 1.357532698076952e-10
Sigma: 5.861262365739211
Runtime (s): 2266.520710945013
