Launching Problin version 0.5b
Problin was called as follow: /u/gh2161/Spatial-Division/problin/run_problin.py -c real_location_data/s6c3/k10_r3_character_matrix.csv -t real_location_data/s6c3/true_tree.nwk -S real_location_data/s6c3/leaf_locations.txt --delimiter comma -p real_location_data/s6c3/k10_priors.csv -o real_location_data/s6c3/k10_r3_spalin-divide-beta05.txt --nInitials 10 --ultrametric --randomreps 3 --divide --given_beta 0.5 --incl_beta_bound
Optimization by Spalin-Divide: Scipy-SLSQP using spatial information
Optimizing branch lengths, phi, and nu without topology search
Initial point 1. Random seed: 1852
Solving with ultrametric constraint
Optimal point found for initial point 1
Negative llh: 296.7719876822415
Dropout rate: 1e-10
Silencing rate: 1e-10
Sigma: 5.943288834635795
Initial point 2. Random seed: 6706
Solving with ultrametric constraint
Optimal point found for initial point 2
Negative llh: 296.7719874855401
Dropout rate: 1.6154927591672741e-10
Silencing rate: 1.2915424129865382e-10
Sigma: 5.943312973275324
Initial point 3. Random seed: 7482
Solving with ultrametric constraint
Optimal point found for initial point 3
Negative llh: 296.77199480511405
Dropout rate: 3.911104762444133e-10
Silencing rate: 4.466080435015114e-10
Sigma: 5.943383477976636
Initial point 4. Random seed: 3743
Solving with ultrametric constraint
Optimal point found for initial point 4
Negative llh: 296.77206575303353
Dropout rate: 1e-10
Silencing rate: 1e-10
Sigma: 5.943198068535004
Initial point 5. Random seed: 9931
Solving with ultrametric constraint
Optimal point found for initial point 5
Negative llh: 296.77199154359676
Dropout rate: 1e-10
Silencing rate: 1e-10
Sigma: 5.943223062417662
Initial point 6. Random seed: 1348
Solving with ultrametric constraint
Optimal point found for initial point 6
Negative llh: 296.77199705477517
Dropout rate: 9.04953541131685e-10
Silencing rate: 5.479964357691772e-10
Sigma: 5.943346825306944
Initial point 7. Random seed: 8552
Solving with ultrametric constraint
Fatal: failed to optimize using initial point 7
Initial point 8. Random seed: 5956
Solving with ultrametric constraint
Optimal point found for initial point 8
Negative llh: 296.77198786014515
Dropout rate: 3.4093018858861925e-10
Silencing rate: 2.1409864003745617e-10
Sigma: 5.943310136994168
Initial point 9. Random seed: 9259
Solving with ultrametric constraint
Optimal point found for initial point 9
Negative llh: 296.77198754172355
Dropout rate: 3.4394138492930787e-10
Silencing rate: 2.1556753804891915e-10
Sigma: 5.943265168978433
Initial point 10. Random seed: 7953
Solving with ultrametric constraint
Optimal point found for initial point 10
Negative llh: 296.77198759100736
Dropout rate: 1.8289947506297913e-10
Silencing rate: 1.3926713358751927e-10
Sigma: 5.943304498534153
Runtime (s): 1792.0296648969525
