Launching Problin version 0.5b
Problin was called as follow: /u/gh2161/problin/run_problin.py -c simulated_data/s6c3/k10_r5_character_matrix.csv -t simulated_data/s6c3/true_tree.nwk --delimiter comma -p simulated_data/s6c3/k10_priors.csv -o simulated_data/s6c3/k10_r5_problin.txt --nInitials 10 --ultrametric --randomreps 3
Optimization by EM algorithm
Optimizing branch lengths, phi, and nu without topology search
Initial point 1. Random seed: 2837
Solving with ultrametric constraint
Initial phi: 0.4163233608627416. Initial nu: 0.6381116013258363. Initial nllh: 14334.174504569974
EM finished after 18 iterations.
Optimal point found for initial point 1
Negative llh: 74.72463364486708
Dropout rate: 0
Silencing rate: 9.982185091366884e-07
Initial point 2. Random seed: 8382
Solving with ultrametric constraint
Initial phi: 0.35344841493515633. Initial nu: 0.8646556427179515. Initial nllh: 243.82621146952607
EM finished after 17 iterations.
Optimal point found for initial point 2
Negative llh: 74.72463323102598
Dropout rate: 0
Silencing rate: 9.923816244184185e-07
Initial point 3. Random seed: 4232
Solving with ultrametric constraint
Initial phi: 0.4717908625265422. Initial nu: 0.6492186881359723. Initial nllh: 270.07310597576355
EM finished after 16 iterations.
Optimal point found for initial point 3
Negative llh: 74.72463375180808
Dropout rate: 0
Silencing rate: 9.949657966611156e-07
Initial point 4. Random seed: 444
Solving with ultrametric constraint
Initial phi: 0.8442104999415146. Initial nu: 0.2252075122039555. Initial nllh: 502.8141756550364
EM finished after 15 iterations.
Optimal point found for initial point 4
Negative llh: 74.72463362182793
Dropout rate: 0
Silencing rate: 9.97374609070647e-07
Initial point 5. Random seed: 2249
Solving with ultrametric constraint
Initial phi: 0.6831264536984087. Initial nu: 0.16806737308976938. Initial nllh: 341.78032712434884
EM finished after 14 iterations.
Optimal point found for initial point 5
Negative llh: 74.72463349282408
Dropout rate: 0
Silencing rate: 9.925892301999268e-07
Initial point 6. Random seed: 4045
Solving with ultrametric constraint
Initial phi: 0.514827783648271. Initial nu: 0.2706079705884179. Initial nllh: 256.73591743469876
EM finished after 16 iterations.
Optimal point found for initial point 6
Negative llh: 74.72463357751413
Dropout rate: 0
Silencing rate: 9.979661291831163e-07
Initial point 7. Random seed: 898
Solving with ultrametric constraint
Initial phi: 0.7522457074646373. Initial nu: 0.2484997525077835. Initial nllh: 402.7202380883444
EM finished after 15 iterations.
Optimal point found for initial point 7
Negative llh: 74.72463361189514
Dropout rate: 0
Silencing rate: 9.952102768112577e-07
Initial point 8. Random seed: 8727
Solving with ultrametric constraint
Initial phi: 0.48412400992567073. Initial nu: 0.33489037155931484. Initial nllh: 248.6751900227149
EM finished after 16 iterations.
Optimal point found for initial point 8
Negative llh: 74.72463344874039
Dropout rate: 0
Silencing rate: 9.95349977577633e-07
Initial point 9. Random seed: 5443
Solving with ultrametric constraint
Initial phi: 0.6668914805064063. Initial nu: 0.5508705469173779. Initial nllh: 363.17713231861086
EM finished after 16 iterations.
Optimal point found for initial point 9
Negative llh: 74.724633722419
Dropout rate: 0
Silencing rate: 9.957890948148689e-07
Initial point 10. Random seed: 6825
Solving with ultrametric constraint
Initial phi: 0.4398001995738307. Initial nu: 0.8222482289833535. Initial nllh: 271.77645503449
EM finished after 19 iterations.
Optimal point found for initial point 10
Negative llh: 74.72463353763683
Dropout rate: 0
Silencing rate: 1.0001804881514562e-06
Traceback (most recent call last):
  File "/u/gh2161/problin/run_problin.py", line 193, in <module>
    main()
  File "/u/gh2161/problin/run_problin.py", line 172, in main
    fout.write("Sigma: " + str(opt_params['sigma']) + "\n")
KeyError: 'sigma'
