Launching Problin version 0.5b
Problin was called as follow: /u/gh2161/Spatial-Division/problin/run_problin.py -c real_location_data/s6c3/k10_r3_character_matrix.csv -t real_location_data/s6c3/true_tree.nwk -S real_location_data/s6c3/leaf_locations.txt --delimiter comma -p real_location_data/s6c3/k10_priors.csv -o real_location_data/s6c3/k10_r3_spalin.txt --nInitials 10 --ultrametric --randomreps 3
Optimization by Spalin: Scipy-SLSQP using spatial information
Optimizing branch lengths, phi, and nu without topology search
Initial point 1. Random seed: 3354
Solving with ultrametric constraint
Optimal point found for initial point 1
Negative llh: 259.50698056088845
Dropout rate: 9.999999999999996e-11
Silencing rate: 1.9449560907367932e-10
Sigma: 36.29380703027344
Initial point 2. Random seed: 2820
Solving with ultrametric constraint
Optimal point found for initial point 2
Negative llh: 259.50698017855143
Dropout rate: 1.0073942637765499e-10
Silencing rate: 1.8910627993034762e-10
Sigma: 36.294182525868045
Initial point 3. Random seed: 7482
Solving with ultrametric constraint
Optimal point found for initial point 3
Negative llh: 259.50698048850586
Dropout rate: 1.2723747354624022e-09
Silencing rate: 1.1102492923134694e-09
Sigma: 36.29265353004388
Initial point 4. Random seed: 1315
Solving with ultrametric constraint
Optimal point found for initial point 4
Negative llh: 259.50698068880826
Dropout rate: 1.0475667502447856e-09
Silencing rate: 1.2286868187089315e-09
Sigma: 36.29305381443951
Initial point 5. Random seed: 4925
Solving with ultrametric constraint
Optimal point found for initial point 5
Negative llh: 259.50698028698434
Dropout rate: 1.0000000000000007e-10
Silencing rate: 1.0000000000000007e-10
Sigma: 36.293658390439575
Initial point 6. Random seed: 3343
Solving with ultrametric constraint
Optimal point found for initial point 6
Negative llh: 259.50698018726666
Dropout rate: 3.2463395828108674e-10
Silencing rate: 3.717619789247289e-10
Sigma: 36.29351065888924
Initial point 7. Random seed: 6855
Solving with ultrametric constraint
Optimal point found for initial point 7
Negative llh: 259.5069802490001
Dropout rate: 1.0000000000000007e-10
Silencing rate: 9.999999999999996e-11
Sigma: 36.291916777906145
Initial point 8. Random seed: 9882
Solving with ultrametric constraint
Optimal point found for initial point 8
Negative llh: 259.50698032801006
Dropout rate: 1e-10
Silencing rate: 1e-10
Sigma: 36.29484317294122
Initial point 9. Random seed: 843
Solving with ultrametric constraint
Optimal point found for initial point 9
Negative llh: 259.5069807189444
Dropout rate: 1.0000000000000007e-10
Silencing rate: 1.0000000000000007e-10
Sigma: 36.292155775544046
Initial point 10. Random seed: 339
Solving with ultrametric constraint
Optimal point found for initial point 10
Negative llh: 259.50698035062175
Dropout rate: 1e-10
Silencing rate: 1e-10
Sigma: 36.2938531253053
Traceback (most recent call last):
  File "/u/gh2161/Spatial-Division/problin/run_problin.py", line 223, in <module>
    main()
  File "/u/gh2161/Spatial-Division/problin/run_problin.py", line 214, in main
    for cell in mySolver.params.displacement_amounts:
AttributeError: 'Params' object has no attribute 'displacement_amounts'
