Launching Problin version 0.5b
Problin was called as follow: /u/gh2161/Spatial-Division/problin/run_problin.py -c real_location_data/s6c3/k10_r2_character_matrix.csv -t real_location_data/s6c3/true_tree.nwk -S real_location_data/s6c3/leaf_locations.txt --delimiter comma -p real_location_data/s6c3/k10_priors.csv -o real_location_data/s6c3/k10_r2_spalin-divide-ignore-beta.txt --nInitials 10 --ultrametric --randomreps 3 --divide
Optimization by Spalin-Divide: Scipy-SLSQP using spatial information
Optimizing branch lengths, phi, and nu without topology search
Initial point 1. Random seed: 7891
Solving with ultrametric constraint
Optimal point found for initial point 1
Negative llh: 320.49947590953735
Dropout rate: 1e-10
Silencing rate: 1e-10
Sigma: 6.237730408346034
Initial point 2. Random seed: 2269
Solving with ultrametric constraint
Optimal point found for initial point 2
Negative llh: 320.49947073880566
Dropout rate: 3.536570205906e-09
Silencing rate: 1.9640039630892827e-09
Sigma: 6.237711639230398
Initial point 3. Random seed: 6259
Solving with ultrametric constraint
Optimal point found for initial point 3
Negative llh: 320.499470498898
Dropout rate: 1.0000000000000007e-10
Silencing rate: 9.999999999999996e-11
Sigma: 6.23764125709963
Initial point 4. Random seed: 3879
Solving with ultrametric constraint
Optimal point found for initial point 4
Negative llh: 320.4994730134361
Dropout rate: 1.0000000000000007e-10
Silencing rate: 9.999999999999996e-11
Sigma: 6.2378901800252935
Initial point 5. Random seed: 2720
Solving with ultrametric constraint
Optimal point found for initial point 5
Negative llh: 320.49947107792605
Dropout rate: 3.458031934714177e-09
Silencing rate: 2.0565321527864137e-09
Sigma: 6.2376345202528904
Initial point 6. Random seed: 5666
Solving with ultrametric constraint
Optimal point found for initial point 6
Negative llh: 320.49947029279394
Dropout rate: 1.0000000000000007e-10
Silencing rate: 1.0000000000000007e-10
Sigma: 6.2377828012541645
Initial point 7. Random seed: 4266
Solving with ultrametric constraint
Optimal point found for initial point 7
Negative llh: 320.49948333617584
Dropout rate: 2.6913392944053004e-09
Silencing rate: 1.0904998896352506e-09
Sigma: 6.23773784126692
Initial point 8. Random seed: 2488
Solving with ultrametric constraint
Optimal point found for initial point 8
Negative llh: 320.4994690178901
Dropout rate: 9.369672644944086e-10
Silencing rate: 4.368014803434317e-10
Sigma: 6.23765417354963
Initial point 9. Random seed: 965
Solving with ultrametric constraint
Optimal point found for initial point 9
Negative llh: 320.49947040711623
Dropout rate: 1e-10
Silencing rate: 1e-10
Sigma: 6.237660810333956
Initial point 10. Random seed: 4300
Solving with ultrametric constraint
Optimal point found for initial point 10
Negative llh: 320.4994696895436
Dropout rate: 1e-10
Silencing rate: 1e-10
Sigma: 6.237689206953389
Runtime (s): 1765.2925590984523
