Launching Problin version 0.5b
Problin was called as follow: /u/gh2161/Spatial-Division/problin/run_problin.py -c real_location_data/s6c3/k10_r2_character_matrix.csv -t real_location_data/s6c3/true_tree.nwk -S real_location_data/s6c3/leaf_locations.txt --delimiter comma -p real_location_data/s6c3/k10_priors.csv -o real_location_data/s6c3/k10_r2_spalin-divide-beta1.txt --nInitials 10 --ultrametric --randomreps 3 --divide --given_beta 1 --incl_beta_bound
Optimization by Spalin-Divide: Scipy-SLSQP using spatial information
Optimizing branch lengths, phi, and nu without topology search
Initial point 1. Random seed: 7311
Solving with ultrametric constraint
Optimal point found for initial point 1
Negative llh: 320.84826859558734
Dropout rate: 2.408020532795441e-10
Silencing rate: 1.5204528079069463e-10
Sigma: 6.263942643015929
Initial point 2. Random seed: 5275
Solving with ultrametric constraint
Optimal point found for initial point 2
Negative llh: 320.8482688215828
Dropout rate: 4.835894104857901e-10
Silencing rate: 2.931250458793307e-10
Sigma: 6.263950954633024
Initial point 3. Random seed: 694
Solving with ultrametric constraint
Optimal point found for initial point 3
Negative llh: 320.8482687139498
Dropout rate: 1.0000000000000007e-10
Silencing rate: 9.999999999999996e-11
Sigma: 6.263952536403673
Initial point 4. Random seed: 880
Solving with ultrametric constraint
Optimal point found for initial point 4
Negative llh: 320.84826866410066
Dropout rate: 1.1276756996921002e-10
Silencing rate: 1.0471963517752186e-10
Sigma: 6.263961725394382
Initial point 5. Random seed: 8347
Solving with ultrametric constraint
Optimal point found for initial point 5
Negative llh: 320.84826990755346
Dropout rate: 9.999999999999996e-11
Silencing rate: 1.0000000000000002e-10
Sigma: 6.263958214590326
Initial point 6. Random seed: 7078
Solving with ultrametric constraint
Optimal point found for initial point 6
Negative llh: 320.8482686990416
Dropout rate: 9.999999999999996e-11
Silencing rate: 1.0000000000000002e-10
Sigma: 6.263998264197755
Initial point 7. Random seed: 2669
Solving with ultrametric constraint
Optimal point found for initial point 7
Negative llh: 320.84826870133395
Dropout rate: 1e-10
Silencing rate: 1e-10
Sigma: 6.263954243893866
Initial point 8. Random seed: 1250
Solving with ultrametric constraint
Optimal point found for initial point 8
Negative llh: 320.8482689318039
Dropout rate: 1.4712696389477202e-10
Silencing rate: 1.1741952371345016e-10
Sigma: 6.2639562490664575
Initial point 9. Random seed: 1129
Solving with ultrametric constraint
Fatal: failed to optimize using initial point 9
Initial point 10. Random seed: 3949
Solving with ultrametric constraint
Optimal point found for initial point 10
Negative llh: 320.84826858087774
Dropout rate: 1.0000000000000007e-10
Silencing rate: 1.0000000000000007e-10
Sigma: 6.263953557827216
Runtime (s): 1268.3694146629423
