Launching Problin version 0.5b
Problin was called as follow: /u/gh2161/problin/run_problin.py -c simulated_data/s15c2/k10_r1_character_matrix.csv -t simulated_data/s15c2/true_tree.nwk -S simulated_data/s15c2/true_locations.txt --delimiter comma -p simulated_data/s15c2/k10_priors.csv -o simulated_data/s15c2/k10_r1_spalin_all.txt --nInitials 10 --ultrametric --randomreps 3
Optimization by Spalin: Scipy-SLSQP using spatial information
Optimizing branch lengths, phi, and nu without topology search
Initial point 1. Random seed: 5364
Solving with ultrametric constraint
Optimal point found for initial point 1
Negative llh: 297.80651718712886
Dropout rate: 9.575735728151748e-10
Silencing rate: 1.8747933323617747e-10
Sigma: 31.731186265455875
Initial point 2. Random seed: 4218
Solving with ultrametric constraint
Optimal point found for initial point 2
Negative llh: 297.8065170946408
Dropout rate: 1e-10
Silencing rate: 1e-10
Sigma: 31.730982586362792
Initial point 3. Random seed: 3238
Solving with ultrametric constraint
Optimal point found for initial point 3
Negative llh: 297.80651690235874
Dropout rate: 1.0000000000000007e-10
Silencing rate: 1.0000000000000007e-10
Sigma: 31.730700013030592
Initial point 4. Random seed: 4603
Solving with ultrametric constraint
Optimal point found for initial point 4
Negative llh: 297.80651701654455
Dropout rate: 1.4052828471291582e-10
Silencing rate: 2.2273044448382093e-10
Sigma: 31.73080794888099
Initial point 5. Random seed: 3639
Solving with ultrametric constraint
Optimal point found for initial point 5
Negative llh: 297.806516974917
Dropout rate: 1.0000000000000007e-10
Silencing rate: 1.0000000000000007e-10
Sigma: 31.731040690189555
Initial point 6. Random seed: 3222
Solving with ultrametric constraint
Optimal point found for initial point 6
Negative llh: 297.80651734315074
Dropout rate: 9.90618136144086e-10
Silencing rate: 2.2856331031598207e-09
Sigma: 31.730465914399787
Initial point 7. Random seed: 2242
Solving with ultrametric constraint
Optimal point found for initial point 7
Negative llh: 297.80651709285104
Dropout rate: 1.0000000000000007e-10
Silencing rate: 9.999999999999996e-11
Sigma: 31.730200417523236
Initial point 8. Random seed: 9504
Solving with ultrametric constraint
Optimal point found for initial point 8
Negative llh: 297.8065189279713
Dropout rate: 2.8042750392048573e-09
Silencing rate: 5.997616932213913e-09
Sigma: 31.735736551962425
Initial point 9. Random seed: 5271
Solving with ultrametric constraint
Optimal point found for initial point 9
Negative llh: 297.80651728542784
Dropout rate: 1.0686169445266682e-10
Silencing rate: 1.1596875149380516e-10
Sigma: 31.728972487920913
Initial point 10. Random seed: 8281
Solving with ultrametric constraint
Optimal point found for initial point 10
Negative llh: 297.8065171555233
Dropout rate: 7.04969350137118e-10
Silencing rate: 9.4393495410695e-10
Sigma: 31.730459729027864
Runtime (s): 29.684528490062803
