Launching Problin version 0.5b
Problin was called as follow: /u/gh2161/Spatial-Division/problin/run_problin.py -c real_location_data/s15c2/k10_r5_character_matrix.csv -t real_location_data/s15c2/true_tree.nwk -S real_location_data/s15c2/leaf_locations.txt --delimiter comma -p real_location_data/s15c2/k10_priors.csv -o real_location_data/s15c2/k10_r5_spalin.txt --nInitials 10 --ultrametric --randomreps 3
Optimization by Spalin: Scipy-SLSQP using spatial information
Optimizing branch lengths, phi, and nu without topology search
Initial point 1. Random seed: 4597
Solving with ultrametric constraint
Optimal point found for initial point 1
Negative llh: 233.06985757743024
Dropout rate: 1.0000000000000002e-10
Silencing rate: 1.0000000000000002e-10
Sigma: 30.431127240101965
Initial point 2. Random seed: 3168
Solving with ultrametric constraint
Optimal point found for initial point 2
Negative llh: 233.0698600755439
Dropout rate: 6.885479619595758e-09
Silencing rate: 1.053953199537138e-08
Sigma: 30.429523074550968
Initial point 3. Random seed: 1181
Solving with ultrametric constraint
Optimal point found for initial point 3
Negative llh: 233.0698578319497
Dropout rate: 1.013225114704577e-09
Silencing rate: 5.20826622665448e-10
Sigma: 30.431603794405497
Initial point 4. Random seed: 6804
Solving with ultrametric constraint
Optimal point found for initial point 4
Negative llh: 233.06985760127094
Dropout rate: 1.141078321557407e-10
Silencing rate: 2.2414611216402167e-10
Sigma: 30.43172099555164
Initial point 5. Random seed: 3695
Solving with ultrametric constraint
Optimal point found for initial point 5
Negative llh: 233.06985967546234
Dropout rate: 5.266258505053313e-09
Silencing rate: 8.038549880434158e-09
Sigma: 30.43073276793074
Initial point 6. Random seed: 5456
Solving with ultrametric constraint
Optimal point found for initial point 6
Negative llh: 233.06985823494753
Dropout rate: 1.1320567977801224e-10
Silencing rate: 1.0574221294091128e-10
Sigma: 30.43073331479788
Initial point 7. Random seed: 454
Solving with ultrametric constraint
Optimal point found for initial point 7
Negative llh: 233.06985770597768
Dropout rate: 1e-10
Silencing rate: 1e-10
Sigma: 30.432186413451138
Initial point 8. Random seed: 310
Solving with ultrametric constraint
Optimal point found for initial point 8
Negative llh: 233.06985793967547
Dropout rate: 1e-10
Silencing rate: 1e-10
Sigma: 30.43142010859748
Initial point 9. Random seed: 4768
Solving with ultrametric constraint
Optimal point found for initial point 9
Negative llh: 233.06985769668296
Dropout rate: 9.999999999999996e-11
Silencing rate: 1.0000000000000007e-10
Sigma: 30.432239616149943
Initial point 10. Random seed: 6429
Solving with ultrametric constraint
Optimal point found for initial point 10
Negative llh: 233.06985782810915
Dropout rate: 9.999999999999996e-11
Silencing rate: 1.0000000000000002e-10
Sigma: 30.434420350823856
Traceback (most recent call last):
  File "/u/gh2161/Spatial-Division/problin/run_problin.py", line 223, in <module>
    main()
  File "/u/gh2161/Spatial-Division/problin/run_problin.py", line 214, in main
    for cell in mySolver.params.displacement_amounts:
AttributeError: 'Params' object has no attribute 'displacement_amounts'
