Launching Problin version 0.5b
Problin was called as follow: /u/gh2161/problin/run_problin.py -c simulated_data/s15c2/k10_r1_character_matrix.csv -t simulated_data/s15c2/true_tree.nwk --delimiter comma -p simulated_data/s15c2/k10_priors.csv -o simulated_data/s15c2/k10_r1_problin.txt --nInitials 10 --ultrametric --randomreps 3
Optimization by EM algorithm
Optimizing branch lengths, phi, and nu without topology search
Initial point 1. Random seed: 3823
Solving with ultrametric constraint
Initial phi: 0.18027033488338295. Initial nu: 0.8651901435501654. Initial nllh: 17194.21836846938
EM finished after 48 iterations.
Optimal point found for initial point 1
Negative llh: 77.61123892141103
Dropout rate: 0
Silencing rate: 9.775667132413079e-07
Initial point 2. Random seed: 7625
Solving with ultrametric constraint
Initial phi: 0.988055723175651. Initial nu: 0.4798384225692115. Initial nllh: 954.1216783032178
EM finished after 48 iterations.
Optimal point found for initial point 2
Negative llh: 77.61117501544284
Dropout rate: 0
Silencing rate: 9.780328556628268e-07
Initial point 3. Random seed: 7771
Solving with ultrametric constraint
Initial phi: 0.6519784680149868. Initial nu: 0.965799721228156. Initial nllh: 349.182676004355
EM finished after 52 iterations.
Optimal point found for initial point 3
Negative llh: 77.61117511738293
Dropout rate: 0
Silencing rate: 9.738829641744875e-07
Initial point 4. Random seed: 1047
Solving with ultrametric constraint
Initial phi: 0.6624150718666079. Initial nu: 0.7588181564700494. Initial nllh: 339.745419282527
EM finished after 25 iterations.
Optimal point found for initial point 4
Negative llh: 77.61123120667047
Dropout rate: 0
Silencing rate: 9.843449136189992e-07
Initial point 5. Random seed: 953
Solving with ultrametric constraint
Initial phi: 0.38906643202380325. Initial nu: 0.21114460647328667. Initial nllh: 186.7635868796913
EM finished after 33 iterations.
Optimal point found for initial point 5
Negative llh: 77.61118041640097
Dropout rate: 0
Silencing rate: 9.86192780410106e-07
Initial point 6. Random seed: 7378
Solving with ultrametric constraint
Initial phi: 0.7412935313156016. Initial nu: 0.6652118898298843. Initial nllh: 383.4240395794282
EM finished after 24 iterations.
Optimal point found for initial point 6
Negative llh: 77.61122904440279
Dropout rate: 0
Silencing rate: 9.820696874765678e-07
Initial point 7. Random seed: 2455
Solving with ultrametric constraint
Initial phi: 0.9755435327288349. Initial nu: 0.4300592533968908. Initial nllh: 814.2995006127967
EM finished after 23 iterations.
Optimal point found for initial point 7
Negative llh: 77.6112258806247
Dropout rate: 0
Silencing rate: 9.804688918304755e-07
Initial point 8. Random seed: 37
Solving with ultrametric constraint
Initial phi: 0.34835427680780273. Initial nu: 0.023246247922360963. Initial nllh: 160.6889010412654
EM finished after 19 iterations.
Optimal point found for initial point 8
Negative llh: 77.61118160659986
Dropout rate: 0
Silencing rate: 9.855341452888806e-07
Initial point 9. Random seed: 9790
Solving with ultrametric constraint
Initial phi: 0.748952216993314. Initial nu: 0.5505783852893741. Initial nllh: 380.70313002987075
EM finished after 45 iterations.
Optimal point found for initial point 9
Negative llh: 77.6111749618199
Dropout rate: 0
Silencing rate: 9.787872155113025e-07
Initial point 10. Random seed: 1195
Solving with ultrametric constraint
Initial phi: 0.40364996097693634. Initial nu: 0.9695540924493072. Initial nllh: 247.13175312312435
EM finished after 50 iterations.
Optimal point found for initial point 10
Negative llh: 77.61117758898924
Dropout rate: 0
Silencing rate: 9.848469980358654e-07
Traceback (most recent call last):
  File "/u/gh2161/problin/run_problin.py", line 193, in <module>
    main()
  File "/u/gh2161/problin/run_problin.py", line 172, in main
    fout.write("Sigma: " + str(opt_params['sigma']) + "\n")
KeyError: 'sigma'
