Launching Problin version 0.5b
Problin was called as follow: /u/gh2161/Spatial-Division/problin/run_problin.py -c real_location_data/s15c2/k10_r1_character_matrix.csv -t real_location_data/s15c2/true_tree.nwk -S real_location_data/s15c2/leaf_locations.txt --delimiter comma -p real_location_data/s15c2/k10_priors.csv -o real_location_data/s15c2/k10_r1_spalin.txt --nInitials 10 --ultrametric --randomreps 3
Optimization by Spalin: Scipy-SLSQP using spatial information
Optimizing branch lengths, phi, and nu without topology search
Initial point 1. Random seed: 4590
Solving with ultrametric constraint
Optimal point found for initial point 1
Negative llh: 209.49323417886075
Dropout rate: 1.594771722839611e-10
Silencing rate: 1.3643976631056944e-10
Sigma: 35.1226354221989
Initial point 2. Random seed: 9026
Solving with ultrametric constraint
Optimal point found for initial point 2
Negative llh: 209.49323443087638
Dropout rate: 1.2934761741730907e-09
Silencing rate: 3.262488567465632e-10
Sigma: 35.11953577119459
Initial point 3. Random seed: 2795
Solving with ultrametric constraint
Optimal point found for initial point 3
Negative llh: 209.4932342694336
Dropout rate: 1.3472818056404092e-09
Silencing rate: 1.212251852481501e-09
Sigma: 35.12236071804663
Initial point 4. Random seed: 2771
Solving with ultrametric constraint
Optimal point found for initial point 4
Negative llh: 209.493236018239
Dropout rate: 1.0000000000000007e-10
Silencing rate: 1.0000000000000007e-10
Sigma: 35.11975789787546
Initial point 5. Random seed: 630
Solving with ultrametric constraint
Optimal point found for initial point 5
Negative llh: 209.4932351423132
Dropout rate: 4.03845199831799e-09
Silencing rate: 4.313619412329058e-09
Sigma: 35.125079080612274
Initial point 6. Random seed: 5096
Solving with ultrametric constraint
Optimal point found for initial point 6
Negative llh: 209.49323402575152
Dropout rate: 1.0000000000000002e-10
Silencing rate: 1.0000000000000002e-10
Sigma: 35.12201636191873
Initial point 7. Random seed: 15
Solving with ultrametric constraint
Optimal point found for initial point 7
Negative llh: 209.493234269023
Dropout rate: 5.118040713386121e-10
Silencing rate: 1.5113678687437866e-10
Sigma: 35.122834161805905
Initial point 8. Random seed: 3350
Solving with ultrametric constraint
Optimal point found for initial point 8
Negative llh: 209.49323428426993
Dropout rate: 1.5048425172555192e-09
Silencing rate: 9.75430345473428e-10
Sigma: 35.121957604639015
Initial point 9. Random seed: 5064
Solving with ultrametric constraint
Optimal point found for initial point 9
Negative llh: 209.49323403318357
Dropout rate: 1.0000000000000002e-10
Silencing rate: 1.0000000000000002e-10
Sigma: 35.12299325292196
Initial point 10. Random seed: 5400
Solving with ultrametric constraint
Optimal point found for initial point 10
Negative llh: 209.49323409107853
Dropout rate: 1.543252211030413e-10
Silencing rate: 3.1783425919136383e-10
Sigma: 35.122448366535465
Traceback (most recent call last):
  File "/u/gh2161/Spatial-Division/problin/run_problin.py", line 223, in <module>
    main()
  File "/u/gh2161/Spatial-Division/problin/run_problin.py", line 214, in main
    for cell in mySolver.params.displacement_amounts:
AttributeError: 'Params' object has no attribute 'displacement_amounts'
