Launching Problin version 0.5b
Problin was called as follow: /u/gh2161/Spatial-Division/problin/run_problin.py -c real_location_data/s15c2/k10_r3_character_matrix.csv -t real_location_data/s15c2/true_tree.nwk -S real_location_data/s15c2/leaf_locations.txt --delimiter comma -p real_location_data/s15c2/k10_priors.csv -o real_location_data/s15c2/k10_r3_spalin-divide-beta1.txt --nInitials 10 --ultrametric --randomreps 3 --divide --given_beta 1 --incl_beta_bound
Optimization by Spalin-Divide: Scipy-SLSQP using spatial information
Optimizing branch lengths, phi, and nu without topology search
Initial point 1. Random seed: 4142
Solving with ultrametric constraint
Optimal point found for initial point 1
Negative llh: 236.73480731268148
Dropout rate: 1.0000000000000002e-10
Silencing rate: 1e-10
Sigma: 5.8209067021284575
Initial point 2. Random seed: 6169
Solving with ultrametric constraint
Optimal point found for initial point 2
Negative llh: 236.73480519884555
Dropout rate: 1.0000000000000002e-10
Silencing rate: 1.0000000000000002e-10
Sigma: 5.8208904284130005
Initial point 3. Random seed: 4555
Solving with ultrametric constraint
Optimal point found for initial point 3
Negative llh: 236.7348191908187
Dropout rate: 1.877876804244934e-10
Silencing rate: 2.046713544111956e-10
Sigma: 5.820714744102492
Initial point 4. Random seed: 2471
Solving with ultrametric constraint
Optimal point found for initial point 4
Negative llh: 236.73480302848398
Dropout rate: 3.284546386608228e-10
Silencing rate: 1.7818685807560533e-10
Sigma: 5.820886196979919
Initial point 5. Random seed: 6035
Solving with ultrametric constraint
Optimal point found for initial point 5
Negative llh: 236.73480369119318
Dropout rate: 1e-10
Silencing rate: 1e-10
Sigma: 5.820810598829095
Initial point 6. Random seed: 7381
Solving with ultrametric constraint
Optimal point found for initial point 6
Negative llh: 236.73481004624688
Dropout rate: 1e-10
Silencing rate: 1e-10
Sigma: 5.820881594890092
Initial point 7. Random seed: 2175
Solving with ultrametric constraint
Optimal point found for initial point 7
Negative llh: 236.73480715313462
Dropout rate: 2.1232328984507804e-10
Silencing rate: 1.664084456099712e-10
Sigma: 5.820852303632651
Initial point 8. Random seed: 3530
Solving with ultrametric constraint
Optimal point found for initial point 8
Negative llh: 236.73480297820674
Dropout rate: 2.4792979899576523e-10
Silencing rate: 1.5062505102868246e-10
Sigma: 5.8208402829802335
Initial point 9. Random seed: 2884
Solving with ultrametric constraint
Optimal point found for initial point 9
Negative llh: 236.7348028247254
Dropout rate: 1e-10
Silencing rate: 1e-10
Sigma: 5.820890977580617
Initial point 10. Random seed: 7142
Solving with ultrametric constraint
Optimal point found for initial point 10
Negative llh: 236.7348030459269
Dropout rate: 9.999999999999996e-11
Silencing rate: 1.0000000000000002e-10
Sigma: 5.820842197574132
Runtime (s): 831.0524697881192
