Launching Problin version 0.5b
Problin was called as follow: /u/gh2161/problin/run_problin.py -c simulated_data/s15c2/k10_r2_character_matrix.csv -t simulated_data/s15c2/true_tree.nwk -S simulated_data/s15c2/leaf_locations.txt --delimiter comma -p simulated_data/s15c2/k10_priors.csv -o simulated_data/s15c2/k10_r2_spalin_leaves_newfelsen.txt --nInitials 10 --ultrametric --randomreps 3
Optimization by Spalin: Scipy-SLSQP using spatial information
Optimizing branch lengths, phi, and nu without topology search
Initial point 1. Random seed: 3377
Solving with ultrametric constraint
Optimal point found for initial point 1
Negative llh: 219.5191186773785
Dropout rate: 1e-10
Silencing rate: 1e-10
Sigma: 5.98218234905719
Initial point 2. Random seed: 1761
Solving with ultrametric constraint
Optimal point found for initial point 2
Negative llh: 219.51911389824085
Dropout rate: 1.1197282517775001e-10
Silencing rate: 1.3297194016025954e-10
Sigma: 5.982078217747811
Initial point 3. Random seed: 8522
Solving with ultrametric constraint
Optimal point found for initial point 3
Negative llh: 219.51911472454407
Dropout rate: 1.9861938514604545e-09
Silencing rate: 3.454338459382791e-09
Sigma: 5.981535166760994
Initial point 4. Random seed: 2368
Solving with ultrametric constraint
Optimal point found for initial point 4
Negative llh: 219.51911377527193
Dropout rate: 1.0000000000000007e-10
Silencing rate: 9.999999999999996e-11
Sigma: 5.981470247170981
Initial point 5. Random seed: 8758
Solving with ultrametric constraint
Optimal point found for initial point 5
Negative llh: 219.51911383827166
Dropout rate: 1.0000000000000002e-10
Silencing rate: 1.0000000000000007e-10
Sigma: 5.981978369653181
Initial point 6. Random seed: 6683
Solving with ultrametric constraint
Optimal point found for initial point 6
Negative llh: 219.51911372501417
Dropout rate: 1e-10
Silencing rate: 1e-10
Sigma: 5.981253836279259
Initial point 7. Random seed: 7755
Solving with ultrametric constraint
Optimal point found for initial point 7
Negative llh: 219.5191146975892
Dropout rate: 8.339731194291797e-10
Silencing rate: 1.1847069056809213e-09
Sigma: 5.981890249204722
Initial point 8. Random seed: 6706
Solving with ultrametric constraint
Optimal point found for initial point 8
Negative llh: 219.51911447160182
Dropout rate: 1.0000000000000002e-10
Silencing rate: 1.0000000000000002e-10
Sigma: 5.982489655874723
Initial point 9. Random seed: 1634
Solving with ultrametric constraint
Optimal point found for initial point 9
Negative llh: 219.51911445840153
Dropout rate: 9.999999999999996e-11
Silencing rate: 1.0000000000000007e-10
Sigma: 5.9815879331618405
Initial point 10. Random seed: 4432
Solving with ultrametric constraint
Optimal point found for initial point 10
Negative llh: 219.51911419902925
Dropout rate: 1e-10
Silencing rate: 1e-10
Sigma: 5.981799796860778
Runtime (s): 250.00496386177838
