Launching Problin version 0.5b
Problin was called as follow: /u/gh2161/problin/run_problin.py -c simulated_data/s15c2/k10_r4_character_matrix.csv -t simulated_data/s15c2/true_tree.nwk -S simulated_data/s15c2/true_locations.txt --delimiter comma -p simulated_data/s15c2/k10_priors.csv -o simulated_data/s15c2/k10_r4_spalin_all.txt --nInitials 10 --ultrametric --randomreps 3
Optimization by Spalin: Scipy-SLSQP using spatial information
Optimizing branch lengths, phi, and nu without topology search
Initial point 1. Random seed: 2975
Solving with ultrametric constraint
Optimal point found for initial point 1
Negative llh: 319.4103283638571
Dropout rate: 1e-10
Silencing rate: 1e-10
Sigma: 24.124446497307094
Initial point 2. Random seed: 1519
Solving with ultrametric constraint
Optimal point found for initial point 2
Negative llh: 319.4103586371233
Dropout rate: 1.000000000000009e-10
Silencing rate: 1.0000000000000751e-10
Sigma: 24.123118373331263
Initial point 3. Random seed: 3704
Solving with ultrametric constraint
Optimal point found for initial point 3
Negative llh: 319.41032872910375
Dropout rate: 1e-10
Silencing rate: 1e-10
Sigma: 24.124421941466043
Initial point 4. Random seed: 4443
Solving with ultrametric constraint
Optimal point found for initial point 4
Negative llh: 319.4103288731353
Dropout rate: 1e-10
Silencing rate: 1e-10
Sigma: 24.124077702082744
Initial point 5. Random seed: 4987
Solving with ultrametric constraint
Optimal point found for initial point 5
Negative llh: 319.4103287479107
Dropout rate: 2.7182766234078144e-10
Silencing rate: 4.720182653776415e-10
Sigma: 24.124298329226175
Initial point 6. Random seed: 6807
Solving with ultrametric constraint
Optimal point found for initial point 6
Negative llh: 319.4103283835198
Dropout rate: 1.7856458469688101e-10
Silencing rate: 7.05991676241927e-10
Sigma: 24.124287154199212
Initial point 7. Random seed: 7934
Solving with ultrametric constraint
Optimal point found for initial point 7
Negative llh: 319.41032845117655
Dropout rate: 1.0424338083710158e-10
Silencing rate: 1.1348767811189173e-10
Sigma: 24.124002424903413
Initial point 8. Random seed: 4055
Solving with ultrametric constraint
Optimal point found for initial point 8
Negative llh: 319.4103286791516
Dropout rate: 3.682109349054582e-10
Silencing rate: 1.305161240432866e-09
Sigma: 24.123468302401292
Initial point 9. Random seed: 4564
Solving with ultrametric constraint
Optimal point found for initial point 9
Negative llh: 319.41033204402896
Dropout rate: 5.691327842870591e-09
Silencing rate: 1.2000607155584592e-08
Sigma: 24.124642067793754
Initial point 10. Random seed: 8161
Solving with ultrametric constraint
Optimal point found for initial point 10
Negative llh: 319.41032860048335
Dropout rate: 1.9187571058811392e-10
Silencing rate: 6.113998437510466e-10
Sigma: 24.124082183978953
Runtime (s): 25.528335236012936
