Launching Problin version 0.5b
Problin was called as follow: /u/gh2161/problin/run_problin.py -c simulated_data/s15c2/k10_r5_character_matrix.csv -t simulated_data/s15c2/true_tree.nwk -S simulated_data/s15c2/true_locations.txt --delimiter comma -p simulated_data/s15c2/k10_priors.csv -o simulated_data/s15c2/k10_r5_spalin_all.txt --nInitials 10 --ultrametric --randomreps 3
Optimization by Spalin: Scipy-SLSQP using spatial information
Optimizing branch lengths, phi, and nu without topology search
Initial point 1. Random seed: 9032
Solving with ultrametric constraint
Optimal point found for initial point 1
Negative llh: 323.4319037802372
Dropout rate: 1.0000000000000002e-10
Silencing rate: 1.0000000000000002e-10
Sigma: 28.136661115254196
Initial point 2. Random seed: 8629
Solving with ultrametric constraint
Optimal point found for initial point 2
Negative llh: 323.4319044025664
Dropout rate: 1.642934567664454e-09
Silencing rate: 3.095651760819589e-09
Sigma: 28.13677181089357
Initial point 3. Random seed: 8629
Solving with ultrametric constraint
Optimal point found for initial point 3
Negative llh: 323.43190393191816
Dropout rate: 3.1853638038903904e-10
Silencing rate: 4.732071154203126e-10
Sigma: 28.137446349807565
Initial point 4. Random seed: 9096
Solving with ultrametric constraint
Optimal point found for initial point 4
Negative llh: 323.43190387452285
Dropout rate: 1.0000000000000007e-10
Silencing rate: 1.0000000000000007e-10
Sigma: 28.13589072040743
Initial point 5. Random seed: 939
Solving with ultrametric constraint
Optimal point found for initial point 5
Negative llh: 323.43190384353005
Dropout rate: 2.1050298814040855e-10
Silencing rate: 4.0021628688326473e-10
Sigma: 28.136496822557135
Initial point 6. Random seed: 6401
Solving with ultrametric constraint
Optimal point found for initial point 6
Negative llh: 323.43190399899146
Dropout rate: 9.999999999999999e-11
Silencing rate: 9.999999999999996e-11
Sigma: 28.136833975098625
Initial point 7. Random seed: 4718
Solving with ultrametric constraint
Optimal point found for initial point 7
Negative llh: 323.43190419218877
Dropout rate: 1.0638230813259772e-10
Silencing rate: 1e-10
Sigma: 28.134728048765798
Initial point 8. Random seed: 8277
Solving with ultrametric constraint
Optimal point found for initial point 8
Negative llh: 323.4319042214622
Dropout rate: 3.6303946204845994e-10
Silencing rate: 8.032124061573099e-10
Sigma: 28.136701595434392
Initial point 9. Random seed: 1709
Solving with ultrametric constraint
Optimal point found for initial point 9
Negative llh: 323.4319037943823
Dropout rate: 9.999999999999996e-11
Silencing rate: 1.0000000000000007e-10
Sigma: 28.136445297005576
Initial point 10. Random seed: 1449
Solving with ultrametric constraint
Optimal point found for initial point 10
Negative llh: 323.4319039001918
Dropout rate: 9.999999999999996e-11
Silencing rate: 1.0000000000000007e-10
Sigma: 28.136241306796904
Runtime (s): 25.008436504751444
