Launching Problin version 0.5b
Problin was called as follow: /u/gh2161/Spatial-Division/problin/run_problin.py -c real_location_data/s15c2/k10_r1_character_matrix.csv -t real_location_data/s15c2/true_tree.nwk -S real_location_data/s15c2/leaf_locations.txt --delimiter comma -p real_location_data/s15c2/k10_priors.csv -o real_location_data/s15c2/k10_r1_spalin-divide-beta05.txt --nInitials 10 --ultrametric --randomreps 3 --divide --given_beta 0.5 --incl_beta_bound
Optimization by Spalin-Divide: Scipy-SLSQP using spatial information
Optimizing branch lengths, phi, and nu without topology search
Initial point 1. Random seed: 3901
Solving with ultrametric constraint
Optimal point found for initial point 1
Negative llh: 241.14301265940037
Dropout rate: 2.1371344672628827e-10
Silencing rate: 1.4690745061447308e-10
Sigma: 5.82414529099151
Initial point 2. Random seed: 9666
Solving with ultrametric constraint
Optimal point found for initial point 2
Negative llh: 241.1430211912691
Dropout rate: 4.0354642423720254e-10
Silencing rate: 1.2828712853959313e-10
Sigma: 5.8243554288024955
Initial point 3. Random seed: 9328
Solving with ultrametric constraint
Optimal point found for initial point 3
Negative llh: 241.1430132881876
Dropout rate: 1e-10
Silencing rate: 1e-10
Sigma: 5.824289428542878
Initial point 4. Random seed: 5683
Solving with ultrametric constraint
Optimal point found for initial point 4
Negative llh: 241.1430225959658
Dropout rate: 1.0000000000000002e-10
Silencing rate: 1.0000000000000002e-10
Sigma: 5.824045243557129
Initial point 5. Random seed: 404
Solving with ultrametric constraint
Optimal point found for initial point 5
Negative llh: 241.1430121477728
Dropout rate: 2.5900147093767557e-10
Silencing rate: 1.6557477512316107e-10
Sigma: 5.8241453665560305
Initial point 6. Random seed: 9679
Solving with ultrametric constraint
Optimal point found for initial point 6
Negative llh: 241.1430125896643
Dropout rate: 1e-10
Silencing rate: 1e-10
Sigma: 5.824141110022897
Initial point 7. Random seed: 6336
Solving with ultrametric constraint
Optimal point found for initial point 7
Negative llh: 241.1430139238696
Dropout rate: 1e-10
Silencing rate: 1e-10
Sigma: 5.824157269432254
Initial point 8. Random seed: 1635
Solving with ultrametric constraint
Optimal point found for initial point 8
Negative llh: 241.14301546977765
Dropout rate: 1.7612883189330172e-09
Silencing rate: 1.0489772313504924e-09
Sigma: 5.8242784908065355
Initial point 9. Random seed: 2583
Solving with ultrametric constraint
Optimal point found for initial point 9
Negative llh: 241.1430140729583
Dropout rate: 9.468950074516224e-10
Silencing rate: 5.694189777251118e-10
Sigma: 5.824117939686643
Initial point 10. Random seed: 8857
Solving with ultrametric constraint
Optimal point found for initial point 10
Negative llh: 241.14301217653397
Dropout rate: 1e-10
Silencing rate: 1e-10
Sigma: 5.824138953486687
Runtime (s): 930.0919895553961
