Launching Problin version 0.5b
Problin was called as follow: /u/gh2161/problin/run_problin.py -c simulated_data/s15c2/k10_r3_character_matrix.csv -t simulated_data/s15c2/true_tree.nwk -S simulated_data/s15c2/leaf_locations.txt --delimiter comma -p simulated_data/s15c2/k10_priors.csv -o simulated_data/s15c2/k10_r3_spalin_leaves_newfelsen.txt --nInitials 10 --ultrametric --randomreps 3
Optimization by Spalin: Scipy-SLSQP using spatial information
Optimizing branch lengths, phi, and nu without topology search
Initial point 1. Random seed: 6450
Solving with ultrametric constraint
Optimal point found for initial point 1
Negative llh: 206.5336127310459
Dropout rate: 2.4003054970233668e-09
Silencing rate: 8.767809228032015e-10
Sigma: 7.896006464038604
Initial point 2. Random seed: 9777
Solving with ultrametric constraint
Optimal point found for initial point 2
Negative llh: 206.5336128969349
Dropout rate: 1.3084753946484473e-09
Silencing rate: 9.155781304522924e-10
Sigma: 7.897379371098211
Initial point 3. Random seed: 2697
Solving with ultrametric constraint
Optimal point found for initial point 3
Negative llh: 206.53361309043927
Dropout rate: 1.8406363852540436e-09
Silencing rate: 7.963994875291731e-10
Sigma: 7.896523519965921
Initial point 4. Random seed: 2594
Solving with ultrametric constraint
Optimal point found for initial point 4
Negative llh: 206.5336125137094
Dropout rate: 1.0593749529290877e-09
Silencing rate: 1.5571922764680293e-09
Sigma: 7.896007540888523
Initial point 5. Random seed: 6252
Solving with ultrametric constraint
Optimal point found for initial point 5
Negative llh: 206.53361264089153
Dropout rate: 1.3845393973947253e-09
Silencing rate: 1.611666205732825e-09
Sigma: 7.895757684160382
Initial point 6. Random seed: 3302
Solving with ultrametric constraint
Optimal point found for initial point 6
Negative llh: 206.53361230392437
Dropout rate: 1e-10
Silencing rate: 1e-10
Sigma: 7.897398407890552
Initial point 7. Random seed: 1451
Solving with ultrametric constraint
Optimal point found for initial point 7
Negative llh: 206.53361313816436
Dropout rate: 2.6728382818541512e-09
Silencing rate: 3.923466266708468e-09
Sigma: 7.896440626525868
Initial point 8. Random seed: 1389
Solving with ultrametric constraint
Optimal point found for initial point 8
Negative llh: 206.53361221618428
Dropout rate: 1.0000000000000007e-10
Silencing rate: 1.0000000000000007e-10
Sigma: 7.8963877854210285
Initial point 9. Random seed: 9596
Solving with ultrametric constraint
Optimal point found for initial point 9
Negative llh: 206.5336126392143
Dropout rate: 1.2824076751975518e-09
Silencing rate: 5.723696182434854e-10
Sigma: 7.895072042713057
Initial point 10. Random seed: 1406
Solving with ultrametric constraint
Optimal point found for initial point 10
Negative llh: 206.533612334545
Dropout rate: 1e-10
Silencing rate: 1.0000000000000002e-10
Sigma: 7.896934419081344
Runtime (s): 217.45122305117548
