Launching Problin version 0.5b
Problin was called as follow: /u/gh2161/Spatial-Division/problin/run_problin.py -c real_location_data/s15c2/k10_r2_character_matrix.csv -t real_location_data/s15c2/true_tree.nwk -S real_location_data/s15c2/leaf_locations.txt --delimiter comma -p real_location_data/s15c2/k10_priors.csv -o real_location_data/s15c2/k10_r2_spalin-divide-ignore-beta.txt --nInitials 10 --ultrametric --randomreps 3 --divide
Optimization by Spalin-Divide: Scipy-SLSQP using spatial information
Optimizing branch lengths, phi, and nu without topology search
Initial point 1. Random seed: 5648
Solving with ultrametric constraint
Optimal point found for initial point 1
Negative llh: 249.22424969105055
Dropout rate: 1e-10
Silencing rate: 1e-10
Sigma: 5.4001887994413345
Initial point 2. Random seed: 3364
Solving with ultrametric constraint
Optimal point found for initial point 2
Negative llh: 249.22429482729405
Dropout rate: 1e-10
Silencing rate: 1e-10
Sigma: 5.400203820533711
Initial point 3. Random seed: 4708
Solving with ultrametric constraint
Optimal point found for initial point 3
Negative llh: 249.2242945151031
Dropout rate: 1.8189030737486086e-10
Silencing rate: 1.489809531381687e-10
Sigma: 5.400227129302104
Initial point 4. Random seed: 4047
Solving with ultrametric constraint
Optimal point found for initial point 4
Negative llh: 249.2242461204221
Dropout rate: 1e-10
Silencing rate: 1e-10
Sigma: 5.40031899572582
Initial point 5. Random seed: 6186
Solving with ultrametric constraint
Optimal point found for initial point 5
Negative llh: 249.22427276096843
Dropout rate: 3.2719144234210916e-10
Silencing rate: 2.041110449042512e-10
Sigma: 5.4000955183073405
Initial point 6. Random seed: 6641
Solving with ultrametric constraint
Optimal point found for initial point 6
Negative llh: 249.22426050913683
Dropout rate: 1e-10
Silencing rate: 1e-10
Sigma: 5.400434355455883
Initial point 7. Random seed: 6850
Solving with ultrametric constraint
Optimal point found for initial point 7
Negative llh: 249.22429963323202
Dropout rate: 1e-10
Silencing rate: 1e-10
Sigma: 5.3997148935292945
Initial point 8. Random seed: 7777
Solving with ultrametric constraint
Optimal point found for initial point 8
Negative llh: 249.22427799207392
Dropout rate: 1e-10
Silencing rate: 1e-10
Sigma: 5.399616500448034
Initial point 9. Random seed: 325
Solving with ultrametric constraint
Optimal point found for initial point 9
Negative llh: 249.22424940463276
Dropout rate: 1.0000000000000007e-10
Silencing rate: 1.0000000000000007e-10
Sigma: 5.400232784291913
Initial point 10. Random seed: 1735
Solving with ultrametric constraint
Optimal point found for initial point 10
Negative llh: 249.22429557670597
Dropout rate: 1.0000000000000007e-10
Silencing rate: 1.0000000000000007e-10
Sigma: 5.400195505663892
Runtime (s): 1301.384144413023
