Launching Problin version 0.5b
Problin was called as follow: /u/gh2161/Spatial-Division/problin/run_problin.py -c real_location_data/s15c2/k10_r5_character_matrix.csv -t real_location_data/s15c2/true_tree.nwk -S real_location_data/s15c2/leaf_locations.txt --delimiter comma -p real_location_data/s15c2/k10_priors.csv -o real_location_data/s15c2/k10_r5_spalin-divide-beta3.txt --nInitials 10 --ultrametric --randomreps 3 --divide --given_beta 3 --incl_beta_bound
Optimization by Spalin-Divide: Scipy-SLSQP using spatial information
Optimizing branch lengths, phi, and nu without topology search
Initial point 1. Random seed: 8697
Solving with ultrametric constraint
Optimal point found for initial point 1
Negative llh: 256.8633141226227
Dropout rate: 8.145427160115206e-10
Silencing rate: 4.0911474685706007e-10
Sigma: 4.928553284373805
Initial point 2. Random seed: 2344
Solving with ultrametric constraint
Fatal: failed to optimize using initial point 2
Initial point 3. Random seed: 6384
Solving with ultrametric constraint
Optimal point found for initial point 3
Negative llh: 256.86331258457983
Dropout rate: 1.0000000000000007e-10
Silencing rate: 1.0000000000000007e-10
Sigma: 4.928516492935332
Initial point 4. Random seed: 9366
Solving with ultrametric constraint
Optimal point found for initial point 4
Negative llh: 256.8633199500947
Dropout rate: 1.0171107417179681e-09
Silencing rate: 6.068719249933049e-10
Sigma: 4.928624102223599
Initial point 5. Random seed: 7649
Solving with ultrametric constraint
Optimal point found for initial point 5
Negative llh: 256.8633132417807
Dropout rate: 1.438756237275492e-10
Silencing rate: 3.1468520526850957e-10
Sigma: 4.928634224204596
Initial point 6. Random seed: 7940
Solving with ultrametric constraint
Optimal point found for initial point 6
Negative llh: 256.8633110849751
Dropout rate: 2.3086275321509462e-10
Silencing rate: 1.6222254404297072e-10
Sigma: 4.928559087034764
Initial point 7. Random seed: 911
Solving with ultrametric constraint
Optimal point found for initial point 7
Negative llh: 256.86332154889953
Dropout rate: 1.227956687634867e-09
Silencing rate: 6.405197971879768e-10
Sigma: 4.9285430688990655
Initial point 8. Random seed: 1844
Solving with ultrametric constraint
Optimal point found for initial point 8
Negative llh: 256.8633248981963
Dropout rate: 3.403499020316554e-10
Silencing rate: 2.438274626350608e-10
Sigma: 4.928480848617222
Initial point 9. Random seed: 3195
Solving with ultrametric constraint
Optimal point found for initial point 9
Negative llh: 256.8633179259525
Dropout rate: 2.2296924556187934e-09
Silencing rate: 1.1095986884452629e-09
Sigma: 4.9285882114370825
Initial point 10. Random seed: 9461
Solving with ultrametric constraint
Optimal point found for initial point 10
Negative llh: 256.86331048999983
Dropout rate: 1.6766964563695786e-10
Silencing rate: 1.2927024973598107e-10
Sigma: 4.928561022469703
Runtime (s): 944.70044444222
