Launching Problin version 0.5b
Problin was called as follow: /u/gh2161/Spatial-Division/problin/run_problin.py -c real_location_data/s15c2/k10_r1_character_matrix.csv -t real_location_data/s15c2/true_tree.nwk -S real_location_data/s15c2/leaf_locations.txt --delimiter comma -p real_location_data/s15c2/k10_priors.csv -o real_location_data/s15c2/k10_r1_spalin-divide-beta1.txt --nInitials 10 --ultrametric --randomreps 3 --divide --given_beta 1 --incl_beta_bound
Optimization by Spalin-Divide: Scipy-SLSQP using spatial information
Optimizing branch lengths, phi, and nu without topology search
Initial point 1. Random seed: 4809
Solving with ultrametric constraint
Optimal point found for initial point 1
Negative llh: 239.65067007612504
Dropout rate: 1e-10
Silencing rate: 1e-10
Sigma: 5.720340080605111
Initial point 2. Random seed: 9344
Solving with ultrametric constraint
Optimal point found for initial point 2
Negative llh: 239.65067516412893
Dropout rate: 1e-10
Silencing rate: 1e-10
Sigma: 5.720398202886831
Initial point 3. Random seed: 7235
Solving with ultrametric constraint
Optimal point found for initial point 3
Negative llh: 239.65068825339495
Dropout rate: 1.0000000000000002e-10
Silencing rate: 1e-10
Sigma: 5.720388191365402
Initial point 4. Random seed: 2802
Solving with ultrametric constraint
Optimal point found for initial point 4
Negative llh: 239.65070384708503
Dropout rate: 1e-10
Silencing rate: 1e-10
Sigma: 5.720470784288143
Initial point 5. Random seed: 2179
Solving with ultrametric constraint
Optimal point found for initial point 5
Negative llh: 239.65067695352678
Dropout rate: 3.404053678667017e-10
Silencing rate: 1.9914012555240423e-10
Sigma: 5.720307021656259
Initial point 6. Random seed: 204
Solving with ultrametric constraint
Optimal point found for initial point 6
Negative llh: 239.65067855595657
Dropout rate: 1.0000000000000007e-10
Silencing rate: 9.999999999999996e-11
Sigma: 5.720458276815815
Initial point 7. Random seed: 8384
Solving with ultrametric constraint
Optimal point found for initial point 7
Negative llh: 239.65067049824893
Dropout rate: 1.0000000000000007e-10
Silencing rate: 1.0000000000000007e-10
Sigma: 5.7203278846934005
Initial point 8. Random seed: 5985
Solving with ultrametric constraint
Optimal point found for initial point 8
Negative llh: 239.6506795743088
Dropout rate: 1.6635168240631905e-10
Silencing rate: 1.2735916875387574e-10
Sigma: 5.72033148950627
Initial point 9. Random seed: 8947
Solving with ultrametric constraint
Optimal point found for initial point 9
Negative llh: 239.6506781188096
Dropout rate: 1e-10
Silencing rate: 1e-10
Sigma: 5.720539124729086
Initial point 10. Random seed: 577
Solving with ultrametric constraint
Optimal point found for initial point 10
Negative llh: 239.65067406131226
Dropout rate: 1e-10
Silencing rate: 1e-10
Sigma: 5.720208370562099
Runtime (s): 1553.8565510570188
