Launching Problin version 0.5b
Problin was called as follow: /u/gh2161/Spatial-Division/problin/run_problin.py -c real_location_data/s15c2/k10_r3_character_matrix.csv -t real_location_data/s15c2/true_tree.nwk -S real_location_data/s15c2/leaf_locations.txt --delimiter comma -p real_location_data/s15c2/k10_priors.csv -o real_location_data/s15c2/k10_r3_spalin.txt --nInitials 10 --ultrametric --randomreps 3
Optimization by Spalin: Scipy-SLSQP using spatial information
Optimizing branch lengths, phi, and nu without topology search
Initial point 1. Random seed: 6713
Solving with ultrametric constraint
Optimal point found for initial point 1
Negative llh: 206.5336119549949
Dropout rate: 1e-10
Silencing rate: 1e-10
Sigma: 36.27544251121197
Initial point 2. Random seed: 2629
Solving with ultrametric constraint
Optimal point found for initial point 2
Negative llh: 206.5336120209135
Dropout rate: 4.882097088589441e-10
Silencing rate: 1e-10
Sigma: 36.277847196473566
Initial point 3. Random seed: 8665
Solving with ultrametric constraint
Optimal point found for initial point 3
Negative llh: 206.5336122338207
Dropout rate: 1.2715415200763524e-09
Silencing rate: 1.3011223200312361e-09
Sigma: 36.27778975295677
Initial point 4. Random seed: 1468
Solving with ultrametric constraint
Optimal point found for initial point 4
Negative llh: 206.533612021059
Dropout rate: 4.2243609657555275e-10
Silencing rate: 3.8323298404395415e-10
Sigma: 36.27734322671339
Initial point 5. Random seed: 167
Solving with ultrametric constraint
Optimal point found for initial point 5
Negative llh: 206.53361185172392
Dropout rate: 1e-10
Silencing rate: 1e-10
Sigma: 36.276816489447896
Initial point 6. Random seed: 3578
Solving with ultrametric constraint
Optimal point found for initial point 6
Negative llh: 206.53361195066725
Dropout rate: 1e-10
Silencing rate: 1e-10
Sigma: 36.27726103218769
Initial point 7. Random seed: 4088
Solving with ultrametric constraint
Optimal point found for initial point 7
Negative llh: 206.53361264812017
Dropout rate: 2.8066057847778035e-10
Silencing rate: 4.0416390640708794e-10
Sigma: 36.27438853304184
Initial point 8. Random seed: 9002
Solving with ultrametric constraint
Optimal point found for initial point 8
Negative llh: 206.53361238902286
Dropout rate: 1e-10
Silencing rate: 1e-10
Sigma: 36.279274104780924
Initial point 9. Random seed: 6356
Solving with ultrametric constraint
Optimal point found for initial point 9
Negative llh: 206.53361220472345
Dropout rate: 1e-10
Silencing rate: 1e-10
Sigma: 36.27500563054183
Initial point 10. Random seed: 6724
Solving with ultrametric constraint
Optimal point found for initial point 10
Negative llh: 206.53361242827907
Dropout rate: 1.051898720641752e-10
Silencing rate: 1.3136078723123425e-10
Sigma: 36.27944449740062
Traceback (most recent call last):
  File "/u/gh2161/Spatial-Division/problin/run_problin.py", line 223, in <module>
    main()
  File "/u/gh2161/Spatial-Division/problin/run_problin.py", line 214, in main
    for cell in mySolver.params.displacement_amounts:
AttributeError: 'Params' object has no attribute 'displacement_amounts'
