Launching Problin version 0.5b
Problin was called as follow: /u/gh2161/Spatial-Division/problin/run_problin.py -c real_location_data/s15c2/k10_r2_character_matrix.csv -t real_location_data/s15c2/true_tree.nwk -S real_location_data/s15c2/leaf_locations.txt --delimiter comma -p real_location_data/s15c2/k10_priors.csv -o real_location_data/s15c2/k10_r2_spalin-divide-beta1.txt --nInitials 10 --ultrametric --randomreps 3 --divide --given_beta 1 --incl_beta_bound
Optimization by Spalin-Divide: Scipy-SLSQP using spatial information
Optimizing branch lengths, phi, and nu without topology search
Initial point 1. Random seed: 6630
Solving with ultrametric constraint
Optimal point found for initial point 1
Negative llh: 249.65086202846766
Dropout rate: 7.085377641762249e-10
Silencing rate: 3.3571767675506073e-10
Sigma: 5.427825090175787
Initial point 2. Random seed: 7688
Solving with ultrametric constraint
Optimal point found for initial point 2
Negative llh: 249.65086299527246
Dropout rate: 1.0000000000000007e-10
Silencing rate: 9.999999999999996e-11
Sigma: 5.427865502503131
Initial point 3. Random seed: 818
Solving with ultrametric constraint
Optimal point found for initial point 3
Negative llh: 249.65086923191103
Dropout rate: 9.999999999999996e-11
Silencing rate: 1.0000000000000002e-10
Sigma: 5.427708491397169
Initial point 4. Random seed: 4471
Solving with ultrametric constraint
Optimal point found for initial point 4
Negative llh: 249.65086056613512
Dropout rate: 1.370920864495387e-10
Silencing rate: 1.1616657649285048e-10
Sigma: 5.427787574676568
Initial point 5. Random seed: 6578
Solving with ultrametric constraint
Optimal point found for initial point 5
Negative llh: 249.6508618210363
Dropout rate: 1e-10
Silencing rate: 1e-10
Sigma: 5.427864765600681
Initial point 6. Random seed: 2978
Solving with ultrametric constraint
Optimal point found for initial point 6
Negative llh: 249.65086103771387
Dropout rate: 2.973640201869851e-10
Silencing rate: 1.860301076869215e-10
Sigma: 5.4277967635745785
Initial point 7. Random seed: 7513
Solving with ultrametric constraint
Optimal point found for initial point 7
Negative llh: 249.65086417831674
Dropout rate: 2.3751098778315224e-10
Silencing rate: 1.6648442296947975e-10
Sigma: 5.427854811748151
Initial point 8. Random seed: 9958
Solving with ultrametric constraint
Optimal point found for initial point 8
Negative llh: 249.6508730358822
Dropout rate: 1.0000000000000002e-10
Silencing rate: 1e-10
Sigma: 5.427794263227181
Initial point 9. Random seed: 8138
Solving with ultrametric constraint
Optimal point found for initial point 9
Negative llh: 249.65086223544878
Dropout rate: 1e-10
Silencing rate: 1e-10
Sigma: 5.427754461355526
Initial point 10. Random seed: 5229
Solving with ultrametric constraint
Optimal point found for initial point 10
Negative llh: 249.65086830000655
Dropout rate: 4.478611589370436e-10
Silencing rate: 2.51461000526619e-10
Sigma: 5.427827517289038
Runtime (s): 1525.3821694190265
