Launching Problin version 0.5b
Problin was called as follow: /u/gh2161/Spatial-Division/problin/run_problin.py -c real_location_data/s4c6/k10_r2_character_matrix.csv -t real_location_data/s4c6/true_tree.nwk -S real_location_data/s4c6/leaf_locations.txt --delimiter comma -p real_location_data/s4c6/k10_priors.csv -o real_location_data/s4c6/k10_r2_spalin-divide-beta3.txt --nInitials 10 --ultrametric --randomreps 3 --divide --given_beta 3 --incl_beta_bound
Optimization by Spalin-Divide: Scipy-SLSQP using spatial information
Optimizing branch lengths, phi, and nu without topology search
Initial point 1. Random seed: 5982
Solving with ultrametric constraint
Optimal point found for initial point 1
Negative llh: 171.9557552689535
Dropout rate: 1.0000000000000002e-10
Silencing rate: 9.999999999999999e-11
Sigma: 5.607109997055082
Initial point 2. Random seed: 2814
Solving with ultrametric constraint
Optimal point found for initial point 2
Negative llh: 171.95575828670212
Dropout rate: 7.790964776913146e-10
Silencing rate: 4.0250654199481923e-10
Sigma: 5.607076817074199
Initial point 3. Random seed: 97
Solving with ultrametric constraint
Optimal point found for initial point 3
Negative llh: 171.95575484968316
Dropout rate: 4.83599330844266e-10
Silencing rate: 3.18676364653784e-10
Sigma: 5.607037025005248
Initial point 4. Random seed: 9111
Solving with ultrametric constraint
Fatal: failed to optimize using initial point 4
Initial point 5. Random seed: 5610
Solving with ultrametric constraint
Optimal point found for initial point 5
Negative llh: 171.9557548259677
Dropout rate: 1e-10
Silencing rate: 1e-10
Sigma: 5.607086650908802
Initial point 6. Random seed: 8872
Solving with ultrametric constraint
Optimal point found for initial point 6
Negative llh: 171.9557547858533
Dropout rate: 1.0000000000000002e-10
Silencing rate: 1.0000000000000002e-10
Sigma: 5.607162488402169
Initial point 7. Random seed: 8506
Solving with ultrametric constraint
Optimal point found for initial point 7
Negative llh: 171.95575646691378
Dropout rate: 1e-10
Silencing rate: 1e-10
Sigma: 5.607295656824909
Initial point 8. Random seed: 3509
Solving with ultrametric constraint
Optimal point found for initial point 8
Negative llh: 171.9557562291192
Dropout rate: 1.7650511156152447e-10
Silencing rate: 1.6401004630549556e-10
Sigma: 5.607195787063185
Initial point 9. Random seed: 2613
Solving with ultrametric constraint
Optimal point found for initial point 9
Negative llh: 171.95576749468592
Dropout rate: 1e-10
Silencing rate: 1e-10
Sigma: 5.60775417062393
Initial point 10. Random seed: 128
Solving with ultrametric constraint
Optimal point found for initial point 10
Negative llh: 171.95575648972195
Dropout rate: 1.4104542352342758e-10
Silencing rate: 1.1730374696587662e-10
Sigma: 5.607164031074247
Runtime (s): 1149.5874316580594
