Launching Problin version 0.5b
Problin was called as follow: /u/gh2161/problin/run_problin.py -c simulated_data/s4c6/k10_r2_character_matrix.csv -t simulated_data/s4c6/true_tree.nwk -S simulated_data/s4c6/true_locations.txt --delimiter comma -p simulated_data/s4c6/k10_priors.csv -o simulated_data/s4c6/k10_r2_spalin_all.txt --nInitials 10 --ultrametric --randomreps 3
Optimization by Spalin: Scipy-SLSQP using spatial information
Optimizing branch lengths, phi, and nu without topology search
Initial point 1. Random seed: 334
Solving with ultrametric constraint
Optimal point found for initial point 1
Negative llh: 221.49021161102985
Dropout rate: 9.35321105621809e-10
Silencing rate: 4.514799801024761e-10
Sigma: 34.056029234323184
Initial point 2. Random seed: 2802
Solving with ultrametric constraint
Optimal point found for initial point 2
Negative llh: 221.49021130223642
Dropout rate: 1.0072363552851596e-10
Silencing rate: 1.0147968486108895e-10
Sigma: 34.057866277374295
Initial point 3. Random seed: 5670
Solving with ultrametric constraint
Optimal point found for initial point 3
Negative llh: 221.49021135544865
Dropout rate: 1e-10
Silencing rate: 1.0178172308109746e-10
Sigma: 34.0574013678026
Initial point 4. Random seed: 8532
Solving with ultrametric constraint
Optimal point found for initial point 4
Negative llh: 221.49021403696747
Dropout rate: 1.3104516799113405e-09
Silencing rate: 1.3321691737139812e-08
Sigma: 34.05873359717927
Initial point 5. Random seed: 4375
Solving with ultrametric constraint
Optimal point found for initial point 5
Negative llh: 221.49021130546686
Dropout rate: 2.7412329129092144e-10
Silencing rate: 2.0951104052525035e-10
Sigma: 34.058834908809025
Initial point 6. Random seed: 7309
Solving with ultrametric constraint
Optimal point found for initial point 6
Negative llh: 221.49021138095435
Dropout rate: 1e-10
Silencing rate: 1e-10
Sigma: 34.05481984663978
Initial point 7. Random seed: 1673
Solving with ultrametric constraint
Optimal point found for initial point 7
Negative llh: 221.49021124775314
Dropout rate: 1.0595990396171474e-10
Silencing rate: 1.8782554792605256e-10
Sigma: 34.058031990704805
Initial point 8. Random seed: 2215
Solving with ultrametric constraint
Optimal point found for initial point 8
Negative llh: 221.49021146130744
Dropout rate: 1.0569183096674222e-10
Silencing rate: 1.9289508645765905e-10
Sigma: 34.05910329896185
Initial point 9. Random seed: 4187
Solving with ultrametric constraint
Optimal point found for initial point 9
Negative llh: 221.49021170803798
Dropout rate: 1.0269267437947816e-10
Silencing rate: 1e-10
Sigma: 34.05990743711793
Initial point 10. Random seed: 3474
Solving with ultrametric constraint
Optimal point found for initial point 10
Negative llh: 221.49021247698192
Dropout rate: 1e-10
Silencing rate: 1e-10
Sigma: 34.04851580491423
Runtime (s): 17.56131538702175
