Launching Problin version 0.5b
Problin was called as follow: /u/gh2161/Spatial-Division/problin/run_problin.py -c real_location_data/s4c6/k10_r1_character_matrix.csv -t real_location_data/s4c6/true_tree.nwk -S real_location_data/s4c6/leaf_locations.txt --delimiter comma -p real_location_data/s4c6/k10_priors.csv -o real_location_data/s4c6/k10_r1_spalin-divide-beta05.txt --nInitials 10 --ultrametric --randomreps 3 --divide --given_beta 0.5 --incl_beta_bound
Optimization by Spalin-Divide: Scipy-SLSQP using spatial information
Optimizing branch lengths, phi, and nu without topology search
Initial point 1. Random seed: 195
Solving with ultrametric constraint
Optimal point found for initial point 1
Negative llh: 180.49359307439536
Dropout rate: 1.4020637137968524e-10
Silencing rate: 1.1440119727162335e-10
Sigma: 6.04827047641539
Initial point 2. Random seed: 2817
Solving with ultrametric constraint
Optimal point found for initial point 2
Negative llh: 180.49359344613765
Dropout rate: 1e-10
Silencing rate: 1e-10
Sigma: 6.048290681108037
Initial point 3. Random seed: 5333
Solving with ultrametric constraint
Optimal point found for initial point 3
Negative llh: 180.4935931532645
Dropout rate: 1.0000000000000002e-10
Silencing rate: 1.0000000000000002e-10
Sigma: 6.048333830357892
Initial point 4. Random seed: 827
Solving with ultrametric constraint
Optimal point found for initial point 4
Negative llh: 180.49359396396193
Dropout rate: 1.499735205158525e-09
Silencing rate: 7.519162661571481e-10
Sigma: 6.048125861949125
Initial point 5. Random seed: 919
Solving with ultrametric constraint
Optimal point found for initial point 5
Negative llh: 180.49359313720964
Dropout rate: 9.999999999999996e-11
Silencing rate: 1.0000000000000002e-10
Sigma: 6.048315260510118
Initial point 6. Random seed: 7847
Solving with ultrametric constraint
Optimal point found for initial point 6
Negative llh: 180.4935931611888
Dropout rate: 1.0000000000000002e-10
Silencing rate: 1.0000000000000002e-10
Sigma: 6.048307717224272
Initial point 7. Random seed: 6340
Solving with ultrametric constraint
Optimal point found for initial point 7
Negative llh: 180.49359303508925
Dropout rate: 1.9588945379429454e-10
Silencing rate: 1.4367881504718004e-10
Sigma: 6.048302724193752
Initial point 8. Random seed: 5541
Solving with ultrametric constraint
Optimal point found for initial point 8
Negative llh: 180.49359335730946
Dropout rate: 8.99669875816295e-10
Silencing rate: 5.428288316449163e-10
Sigma: 6.048312826204448
Initial point 9. Random seed: 6258
Solving with ultrametric constraint
Optimal point found for initial point 9
Negative llh: 180.49359500290038
Dropout rate: 1.0000000000000002e-10
Silencing rate: 1.0000000000000002e-10
Sigma: 6.048358662827181
Initial point 10. Random seed: 296
Solving with ultrametric constraint
Optimal point found for initial point 10
Negative llh: 180.49359579214456
Dropout rate: 2.3139153793325274e-10
Silencing rate: 1.5429890921614564e-10
Sigma: 6.047761930727831
Runtime (s): 693.2506814245135
