Launching Problin version 0.5b
Problin was called as follow: /u/gh2161/Spatial-Division/problin/run_problin.py -c real_location_data/s4c6/k10_r2_character_matrix.csv -t real_location_data/s4c6/true_tree.nwk -S real_location_data/s4c6/leaf_locations.txt --delimiter comma -p real_location_data/s4c6/k10_priors.csv -o real_location_data/s4c6/k10_r2_spalin-divide-beta05.txt --nInitials 10 --ultrametric --randomreps 3 --divide --given_beta 0.5 --incl_beta_bound
Optimization by Spalin-Divide: Scipy-SLSQP using spatial information
Optimizing branch lengths, phi, and nu without topology search
Initial point 1. Random seed: 187
Solving with ultrametric constraint
Optimal point found for initial point 1
Negative llh: 179.5802041776448
Dropout rate: 4.3739334051624644e-10
Silencing rate: 2.2046576480072166e-10
Sigma: 6.312317248195409
Initial point 2. Random seed: 1503
Solving with ultrametric constraint
Optimal point found for initial point 2
Negative llh: 179.58020344935426
Dropout rate: 1e-10
Silencing rate: 1e-10
Sigma: 6.312529747376253
Initial point 3. Random seed: 3495
Solving with ultrametric constraint
Optimal point found for initial point 3
Negative llh: 179.5802034440659
Dropout rate: 1e-10
Silencing rate: 1e-10
Sigma: 6.312526761033475
Initial point 4. Random seed: 1632
Solving with ultrametric constraint
Optimal point found for initial point 4
Negative llh: 179.58020446376443
Dropout rate: 4.722794610153399e-10
Silencing rate: 2.7541791451626807e-10
Sigma: 6.3124240761380985
Initial point 5. Random seed: 1521
Solving with ultrametric constraint
Optimal point found for initial point 5
Negative llh: 179.58020344219483
Dropout rate: 1.0000000000000007e-10
Silencing rate: 9.999999999999996e-11
Sigma: 6.3125017343550525
Initial point 6. Random seed: 5304
Solving with ultrametric constraint
Optimal point found for initial point 6
Negative llh: 179.58020586624474
Dropout rate: 1.0000000000000007e-10
Silencing rate: 9.999999999999996e-11
Sigma: 6.313219539720286
Initial point 7. Random seed: 7414
Solving with ultrametric constraint
Optimal point found for initial point 7
Negative llh: 179.58020530229277
Dropout rate: 1e-10
Silencing rate: 1e-10
Sigma: 6.311861708730167
Initial point 8. Random seed: 2718
Solving with ultrametric constraint
Optimal point found for initial point 8
Negative llh: 179.580203979156
Dropout rate: 1e-10
Silencing rate: 1e-10
Sigma: 6.312711372668173
Initial point 9. Random seed: 8077
Solving with ultrametric constraint
Optimal point found for initial point 9
Negative llh: 179.580236799547
Dropout rate: 3.1200021024291685e-10
Silencing rate: 1.938876691739411e-10
Sigma: 6.3149393577180275
Initial point 10. Random seed: 5557
Solving with ultrametric constraint
Optimal point found for initial point 10
Negative llh: 179.58020345021038
Dropout rate: 1e-10
Silencing rate: 1e-10
Sigma: 6.3125802171504795
Runtime (s): 472.012088958174
