Launching Problin version 0.5b
Problin was called as follow: /u/gh2161/Spatial-Division/problin/run_problin.py -c real_location_data/s4c6/k10_r1_character_matrix.csv -t real_location_data/s4c6/true_tree.nwk -S real_location_data/s4c6/leaf_locations.txt --delimiter comma -p real_location_data/s4c6/k10_priors.csv -o real_location_data/s4c6/k10_r1_spalin-divide-ignore-beta.txt --nInitials 10 --ultrametric --randomreps 3 --divide
Optimization by Spalin-Divide: Scipy-SLSQP using spatial information
Optimizing branch lengths, phi, and nu without topology search
Initial point 1. Random seed: 1763
Solving with ultrametric constraint
Optimal point found for initial point 1
Negative llh: 178.58767478117477
Dropout rate: 1e-10
Silencing rate: 1e-10
Sigma: 5.918806195033138
Initial point 2. Random seed: 8474
Solving with ultrametric constraint
Optimal point found for initial point 2
Negative llh: 178.58767500343674
Dropout rate: 1.142900394471017e-09
Silencing rate: 7.271167395067216e-10
Sigma: 5.918754109903693
Initial point 3. Random seed: 8514
Solving with ultrametric constraint
Optimal point found for initial point 3
Negative llh: 178.5876817913792
Dropout rate: 1.9099855870470255e-09
Silencing rate: 8.928710697094061e-10
Sigma: 5.9184992473990645
Initial point 4. Random seed: 3536
Solving with ultrametric constraint
Optimal point found for initial point 4
Negative llh: 178.58767664515216
Dropout rate: 5.370211771870824e-10
Silencing rate: 1.8778282288879945e-10
Sigma: 5.918798074600266
Initial point 5. Random seed: 7985
Solving with ultrametric constraint
Optimal point found for initial point 5
Negative llh: 178.58767573278942
Dropout rate: 1e-10
Silencing rate: 1e-10
Sigma: 5.918836245032027
Initial point 6. Random seed: 5394
Solving with ultrametric constraint
Optimal point found for initial point 6
Negative llh: 178.58767444431234
Dropout rate: 1e-10
Silencing rate: 1e-10
Sigma: 5.9186827405286255
Initial point 7. Random seed: 9145
Solving with ultrametric constraint
Optimal point found for initial point 7
Negative llh: 178.58767523108412
Dropout rate: 4.275676229830342e-10
Silencing rate: 2.810632535416944e-10
Sigma: 5.918503764237263
Initial point 8. Random seed: 9046
Solving with ultrametric constraint
Optimal point found for initial point 8
Negative llh: 178.58767636737335
Dropout rate: 1.0000000000000007e-10
Silencing rate: 9.999999999999996e-11
Sigma: 5.919098796749717
Initial point 9. Random seed: 5722
Solving with ultrametric constraint
Optimal point found for initial point 9
Negative llh: 178.58767482041924
Dropout rate: 1.0000000000000007e-10
Silencing rate: 9.999999999999996e-11
Sigma: 5.918699355566398
Initial point 10. Random seed: 4304
Solving with ultrametric constraint
Optimal point found for initial point 10
Negative llh: 178.5876747078305
Dropout rate: 2.083332830717522e-10
Silencing rate: 1.618982305047058e-10
Sigma: 5.918765374955009
Runtime (s): 442.9756898302585
