Launching Problin version 0.5b
Problin was called as follow: /u/gh2161/problin/run_problin.py -c simulated_data/s4c6/k10_r4_character_matrix.csv -t simulated_data/s4c6/true_tree.nwk -S simulated_data/s4c6/true_locations.txt --delimiter comma -p simulated_data/s4c6/k10_priors.csv -o simulated_data/s4c6/k10_r4_spalin_all.txt --nInitials 10 --ultrametric --randomreps 3
Optimization by Spalin: Scipy-SLSQP using spatial information
Optimizing branch lengths, phi, and nu without topology search
Initial point 1. Random seed: 150
Solving with ultrametric constraint
Optimal point found for initial point 1
Negative llh: 259.1811588147311
Dropout rate: 9.999999999999996e-11
Silencing rate: 1.0000000000000002e-10
Sigma: 35.31862475017069
Initial point 2. Random seed: 8153
Solving with ultrametric constraint
Optimal point found for initial point 2
Negative llh: 259.1811589172912
Dropout rate: 1.0000000000000007e-10
Silencing rate: 9.999999999999996e-11
Sigma: 35.318198763493356
Initial point 3. Random seed: 4941
Solving with ultrametric constraint
Optimal point found for initial point 3
Negative llh: 259.1811587281926
Dropout rate: 1e-10
Silencing rate: 1e-10
Sigma: 35.31811228897118
Initial point 4. Random seed: 9437
Solving with ultrametric constraint
Optimal point found for initial point 4
Negative llh: 259.18115896399735
Dropout rate: 1e-10
Silencing rate: 1e-10
Sigma: 35.317679031603895
Initial point 5. Random seed: 7109
Solving with ultrametric constraint
Optimal point found for initial point 5
Negative llh: 259.1811586781806
Dropout rate: 1e-10
Silencing rate: 1e-10
Sigma: 35.319268853451916
Initial point 6. Random seed: 5261
Solving with ultrametric constraint
Optimal point found for initial point 6
Negative llh: 259.1811590139258
Dropout rate: 9.999999999999996e-11
Silencing rate: 9.999999999999996e-11
Sigma: 35.320011491718994
Initial point 7. Random seed: 6936
Solving with ultrametric constraint
Optimal point found for initial point 7
Negative llh: 259.1811589332298
Dropout rate: 2.255782145913984e-10
Silencing rate: 1.447004004640061e-10
Sigma: 35.32022741317911
Initial point 8. Random seed: 9731
Solving with ultrametric constraint
Optimal point found for initial point 8
Negative llh: 259.18115932352435
Dropout rate: 2.1009794540639572e-10
Silencing rate: 1.9107722724962389e-10
Sigma: 35.3168358651531
Initial point 9. Random seed: 5445
Solving with ultrametric constraint
Optimal point found for initial point 9
Negative llh: 259.1811593032526
Dropout rate: 1e-10
Silencing rate: 1e-10
Sigma: 35.31351453413089
Initial point 10. Random seed: 6628
Solving with ultrametric constraint
Optimal point found for initial point 10
Negative llh: 259.1811590468668
Dropout rate: 1.0000000000000002e-10
Silencing rate: 1e-10
Sigma: 35.31698079035171
Runtime (s): 11.710346626117826
