Launching Problin version 0.5b
Problin was called as follow: /u/gh2161/problin/run_problin.py -c simulated_data/s3c3/k10_r4_character_matrix.csv -t simulated_data/s3c3/true_tree.nwk -S simulated_data/s3c3/true_locations.txt --delimiter comma -p simulated_data/s3c3/k10_priors.csv -o simulated_data/s3c3/k10_r4_spalin_all.txt --nInitials 10 --ultrametric --randomreps 3
Optimization by Spalin: Scipy-SLSQP using spatial information
Optimizing branch lengths, phi, and nu without topology search
Initial point 1. Random seed: 4498
Solving with ultrametric constraint
Optimal point found for initial point 1
Negative llh: 130.56275964295205
Dropout rate: 1e-10
Silencing rate: 1e-10
Sigma: 24.590675036171554
Initial point 2. Random seed: 3850
Solving with ultrametric constraint
Optimal point found for initial point 2
Negative llh: 130.56275968225748
Dropout rate: 1.0659516789450238e-10
Silencing rate: 1.3385324958490997e-10
Sigma: 24.590156934429455
Initial point 3. Random seed: 6614
Solving with ultrametric constraint
Optimal point found for initial point 3
Negative llh: 130.56275962154575
Dropout rate: 1.204043367026383e-10
Silencing rate: 2.5473849040699094e-10
Sigma: 24.59142947916684
Initial point 4. Random seed: 2076
Solving with ultrametric constraint
Optimal point found for initial point 4
Negative llh: 130.56275997414755
Dropout rate: 6.112741007330319e-10
Silencing rate: 1.420491905185374e-09
Sigma: 24.59198682907219
Initial point 5. Random seed: 3658
Solving with ultrametric constraint
Optimal point found for initial point 5
Negative llh: 130.56275967135682
Dropout rate: 2.0831347563725715e-10
Silencing rate: 5.910983895828752e-10
Sigma: 24.592231695555984
Initial point 6. Random seed: 6905
Solving with ultrametric constraint
Optimal point found for initial point 6
Negative llh: 130.56275998643926
Dropout rate: 1e-10
Silencing rate: 1e-10
Sigma: 24.587787896916794
Initial point 7. Random seed: 5473
Solving with ultrametric constraint
Optimal point found for initial point 7
Negative llh: 130.56275975181902
Dropout rate: 1e-10
Silencing rate: 1e-10
Sigma: 24.591125370590067
Initial point 8. Random seed: 7904
Solving with ultrametric constraint
Optimal point found for initial point 8
Negative llh: 130.56275987016917
Dropout rate: 1.324030015899389e-10
Silencing rate: 1.779609546708631e-10
Sigma: 24.59055811831172
Initial point 9. Random seed: 7890
Solving with ultrametric constraint
Optimal point found for initial point 9
Negative llh: 130.56275988623128
Dropout rate: 1e-10
Silencing rate: 1.0000000000000002e-10
Sigma: 24.595933759430487
Initial point 10. Random seed: 909
Solving with ultrametric constraint
Optimal point found for initial point 10
Negative llh: 130.5627599714077
Dropout rate: 1.9805823581210456e-09
Silencing rate: 1e-10
Sigma: 24.59201108072136
Runtime (s): 7.891352953854948
