Launching Problin version 0.5b
Problin was called as follow: /u/gh2161/Spatial-Division/problin/run_problin.py -c real_location_data/s3c3/k10_r4_character_matrix.csv -t real_location_data/s3c3/true_tree.nwk -S real_location_data/s3c3/leaf_locations.txt --delimiter comma -p real_location_data/s3c3/k10_priors.csv -o real_location_data/s3c3/k10_r4_spalin.txt --nInitials 10 --ultrametric --randomreps 3
Optimization by Spalin: Scipy-SLSQP using spatial information
Optimizing branch lengths, phi, and nu without topology search
Initial point 1. Random seed: 3133
Solving with ultrametric constraint
Optimal point found for initial point 1
Negative llh: 92.67852662718158
Dropout rate: 1e-10
Silencing rate: 1e-10
Sigma: 30.99889080821532
Initial point 2. Random seed: 1161
Solving with ultrametric constraint
Optimal point found for initial point 2
Negative llh: 92.67852665215511
Dropout rate: 5.068611748467814e-10
Silencing rate: 1e-10
Sigma: 30.995508589641638
Initial point 3. Random seed: 7726
Solving with ultrametric constraint
Optimal point found for initial point 3
Negative llh: 92.6785266051897
Dropout rate: 2.60083298743855e-10
Silencing rate: 1.82530268947607e-10
Sigma: 30.99586432416968
Initial point 4. Random seed: 6815
Solving with ultrametric constraint
Optimal point found for initial point 4
Negative llh: 92.6785274047399
Dropout rate: 1e-10
Silencing rate: 1e-10
Sigma: 30.99918098805793
Initial point 5. Random seed: 9009
Solving with ultrametric constraint
Optimal point found for initial point 5
Negative llh: 92.67852665160783
Dropout rate: 1.0000000000000002e-10
Silencing rate: 1e-10
Sigma: 30.997164102285844
Initial point 6. Random seed: 7009
Solving with ultrametric constraint
Optimal point found for initial point 6
Negative llh: 92.67852695203999
Dropout rate: 1.3674484538307738e-10
Silencing rate: 2.357432812164603e-10
Sigma: 30.99789110971317
Initial point 7. Random seed: 3884
Solving with ultrametric constraint
Optimal point found for initial point 7
Negative llh: 92.6785267717207
Dropout rate: 9.999999999999996e-11
Silencing rate: 9.999999999999996e-11
Sigma: 30.992814756663265
Initial point 8. Random seed: 9485
Solving with ultrametric constraint
Optimal point found for initial point 8
Negative llh: 92.67852665064353
Dropout rate: 1.0000000000000002e-10
Silencing rate: 9.999999999999996e-11
Sigma: 30.996001215349715
Initial point 9. Random seed: 433
Solving with ultrametric constraint
Optimal point found for initial point 9
Negative llh: 92.67852660885347
Dropout rate: 1e-10
Silencing rate: 1e-10
Sigma: 30.997483673043604
Initial point 10. Random seed: 2340
Solving with ultrametric constraint
Optimal point found for initial point 10
Negative llh: 92.6785268992189
Dropout rate: 1.5976697537892392e-10
Silencing rate: 1.2394313841383534e-10
Sigma: 30.99579934587788
Traceback (most recent call last):
  File "/u/gh2161/Spatial-Division/problin/run_problin.py", line 223, in <module>
    main()
  File "/u/gh2161/Spatial-Division/problin/run_problin.py", line 214, in main
    for cell in mySolver.params.displacement_amounts:
AttributeError: 'Params' object has no attribute 'displacement_amounts'
