Launching Problin version 0.5b
Problin was called as follow: /u/gh2161/problin/run_problin.py -c simulated_data/s3c3/k10_r2_character_matrix.csv -t simulated_data/s3c3/true_tree.nwk -S simulated_data/s3c3/leaf_locations.txt --delimiter comma -p simulated_data/s3c3/k10_priors.csv -o simulated_data/s3c3/k10_r2_spalin_leaves_newfelsen.txt --nInitials 10 --ultrametric --randomreps 3
Optimization by Spalin: Scipy-SLSQP using spatial information
Optimizing branch lengths, phi, and nu without topology search
Initial point 1. Random seed: 7337
Solving with ultrametric constraint
Optimal point found for initial point 1
Negative llh: 97.03467861803689
Dropout rate: 1.0000000000000002e-10
Silencing rate: 1e-10
Sigma: 4.427982726874866
Initial point 2. Random seed: 2924
Solving with ultrametric constraint
Optimal point found for initial point 2
Negative llh: 97.03467628451237
Dropout rate: 1e-10
Silencing rate: 1e-10
Sigma: 4.430812500206599
Initial point 3. Random seed: 7966
Solving with ultrametric constraint
Optimal point found for initial point 3
Negative llh: 97.03467592941242
Dropout rate: 1.0000000000000007e-10
Silencing rate: 1.0000000000000007e-10
Sigma: 4.4301716521531045
Initial point 4. Random seed: 9206
Solving with ultrametric constraint
Optimal point found for initial point 4
Negative llh: 97.03467637281872
Dropout rate: 5.164721207483094e-10
Silencing rate: 2.6689670797044454e-10
Sigma: 4.431084939226813
Initial point 5. Random seed: 8017
Solving with ultrametric constraint
Optimal point found for initial point 5
Negative llh: 97.03467793079825
Dropout rate: 4.429500212580293e-09
Silencing rate: 4.268599597382138e-08
Sigma: 4.430413956848309
Initial point 6. Random seed: 9821
Solving with ultrametric constraint
Optimal point found for initial point 6
Negative llh: 97.0346763622172
Dropout rate: 1.0000000000000002e-10
Silencing rate: 1.0000000000000007e-10
Sigma: 4.430497793438057
Initial point 7. Random seed: 7391
Solving with ultrametric constraint
Optimal point found for initial point 7
Negative llh: 97.03467621633345
Dropout rate: 2.2894599105492318e-10
Silencing rate: 1.4721819710186266e-10
Sigma: 4.430725991254381
Initial point 8. Random seed: 8195
Solving with ultrametric constraint
Optimal point found for initial point 8
Negative llh: 97.03467638282547
Dropout rate: 1.5671213875092705e-10
Silencing rate: 1.6774445397031536e-10
Sigma: 4.42984754885803
Initial point 9. Random seed: 8108
Solving with ultrametric constraint
Optimal point found for initial point 9
Negative llh: 97.03467608293926
Dropout rate: 1.8715254741850285e-10
Silencing rate: 1.326036079008593e-10
Sigma: 4.430572205404969
Initial point 10. Random seed: 8050
Solving with ultrametric constraint
Optimal point found for initial point 10
Negative llh: 97.03467656519855
Dropout rate: 9.999999999999996e-11
Silencing rate: 1.0000000000000002e-10
Sigma: 4.429053189411073
Runtime (s): 39.89935917779803
