Launching Problin version 0.5b
Problin was called as follow: /u/gh2161/Spatial-Division/problin/run_problin.py -c real_location_data/s3c3/k10_r4_character_matrix.csv -t real_location_data/s3c3/true_tree.nwk -S real_location_data/s3c3/leaf_locations.txt --delimiter comma -p real_location_data/s3c3/k10_priors.csv -o real_location_data/s3c3/k10_r4_spalin-divide-beta1.txt --nInitials 10 --ultrametric --randomreps 3 --divide --given_beta 1 --incl_beta_bound
Optimization by Spalin-Divide: Scipy-SLSQP using spatial information
Optimizing branch lengths, phi, and nu without topology search
Initial point 1. Random seed: 5449
Solving with ultrametric constraint
Optimal point found for initial point 1
Negative llh: 107.49369134447221
Dropout rate: 5.291543484974412e-10
Silencing rate: 3.4890241003008785e-10
Sigma: 5.32150840580754
Initial point 2. Random seed: 9813
Solving with ultrametric constraint
Optimal point found for initial point 2
Negative llh: 107.4936912530367
Dropout rate: 3.193659016078717e-10
Silencing rate: 1.2834968442422376e-10
Sigma: 5.321499057790278
Initial point 3. Random seed: 9673
Solving with ultrametric constraint
Optimal point found for initial point 3
Negative llh: 107.49370703721874
Dropout rate: 3.2378274828287246e-10
Silencing rate: 2.859571712658378e-10
Sigma: 5.324438937707667
Initial point 4. Random seed: 3549
Solving with ultrametric constraint
Optimal point found for initial point 4
Negative llh: 107.49369250775135
Dropout rate: 5.168209383887376e-10
Silencing rate: 4.3480576543843155e-10
Sigma: 5.32223865707882
Initial point 5. Random seed: 5028
Solving with ultrametric constraint
Optimal point found for initial point 5
Negative llh: 107.4936911875134
Dropout rate: 1.989472794052973e-10
Silencing rate: 1.8070604645720492e-10
Sigma: 5.321492271972715
Initial point 6. Random seed: 6318
Solving with ultrametric constraint
Optimal point found for initial point 6
Negative llh: 107.49369116550598
Dropout rate: 1.0000000000000002e-10
Silencing rate: 1e-10
Sigma: 5.321520193398948
Initial point 7. Random seed: 6327
Solving with ultrametric constraint
Optimal point found for initial point 7
Negative llh: 107.49369627077309
Dropout rate: 1.0911095763172145e-10
Silencing rate: 1.2069033150331618e-10
Sigma: 5.32068311456719
Initial point 8. Random seed: 6770
Solving with ultrametric constraint
Optimal point found for initial point 8
Negative llh: 107.49374600849288
Dropout rate: 1e-10
Silencing rate: 1e-10
Sigma: 5.321145441948351
Initial point 9. Random seed: 5019
Solving with ultrametric constraint
Optimal point found for initial point 9
Negative llh: 107.49369120934105
Dropout rate: 3.6797193373948574e-10
Silencing rate: 2.253335394389406e-10
Sigma: 5.321487399584443
Initial point 10. Random seed: 6979
Solving with ultrametric constraint
Optimal point found for initial point 10
Negative llh: 107.49369122433015
Dropout rate: 3.082553588891982e-10
Silencing rate: 2.9134076034194093e-10
Sigma: 5.321487704453301
Runtime (s): 342.3875216290471
