Launching Problin version 0.5b
Problin was called as follow: /u/gh2161/Spatial-Division/problin/run_problin.py -c real_location_data/s3c3/k10_r3_character_matrix.csv -t real_location_data/s3c3/true_tree.nwk -S real_location_data/s3c3/leaf_locations.txt --delimiter comma -p real_location_data/s3c3/k10_priors.csv -o real_location_data/s3c3/k10_r3_spalin.txt --nInitials 10 --ultrametric --randomreps 3
Optimization by Spalin: Scipy-SLSQP using spatial information
Optimizing branch lengths, phi, and nu without topology search
Initial point 1. Random seed: 6310
Solving with ultrametric constraint
Optimal point found for initial point 1
Negative llh: 121.59561422786392
Dropout rate: 1e-10
Silencing rate: 1e-10
Sigma: 23.307867109191555
Initial point 2. Random seed: 7647
Solving with ultrametric constraint
Optimal point found for initial point 2
Negative llh: 121.59561434785914
Dropout rate: 9.808354013949548e-10
Silencing rate: 1.94610609925187e-09
Sigma: 23.30767960351202
Initial point 3. Random seed: 1230
Solving with ultrametric constraint
Optimal point found for initial point 3
Negative llh: 121.59561464659733
Dropout rate: 9.999999999999996e-11
Silencing rate: 9.999999999999996e-11
Sigma: 23.307413538111103
Initial point 4. Random seed: 2445
Solving with ultrametric constraint
Optimal point found for initial point 4
Negative llh: 121.59561459768116
Dropout rate: 1e-10
Silencing rate: 1e-10
Sigma: 23.30416200025753
Initial point 5. Random seed: 4999
Solving with ultrametric constraint
Optimal point found for initial point 5
Negative llh: 121.59561493787797
Dropout rate: 1e-10
Silencing rate: 1e-10
Sigma: 23.30569910550937
Initial point 6. Random seed: 1024
Solving with ultrametric constraint
Optimal point found for initial point 6
Negative llh: 121.59561441151327
Dropout rate: 1.0000000000000002e-10
Silencing rate: 1.0000000000000002e-10
Sigma: 23.307558924912357
Initial point 7. Random seed: 2464
Solving with ultrametric constraint
Optimal point found for initial point 7
Negative llh: 121.59561442844597
Dropout rate: 1e-10
Silencing rate: 1e-10
Sigma: 23.310002575551124
Initial point 8. Random seed: 7014
Solving with ultrametric constraint
Optimal point found for initial point 8
Negative llh: 121.5956141815696
Dropout rate: 1.1969569412282654e-10
Silencing rate: 1.0950916385865118e-10
Sigma: 23.307049216445684
Initial point 9. Random seed: 3457
Solving with ultrametric constraint
Optimal point found for initial point 9
Negative llh: 121.59562552754562
Dropout rate: 5.62874981641974e-08
Silencing rate: 9.425766924767703e-08
Sigma: 23.306052894715442
Initial point 10. Random seed: 7033
Solving with ultrametric constraint
Optimal point found for initial point 10
Negative llh: 121.59561417287892
Dropout rate: 1e-10
Silencing rate: 1e-10
Sigma: 23.306391069215962
Traceback (most recent call last):
  File "/u/gh2161/Spatial-Division/problin/run_problin.py", line 223, in <module>
    main()
  File "/u/gh2161/Spatial-Division/problin/run_problin.py", line 214, in main
    for cell in mySolver.params.displacement_amounts:
AttributeError: 'Params' object has no attribute 'displacement_amounts'
