Launching Problin version 0.5b
Problin was called as follow: /u/gh2161/Spatial-Division/problin/run_problin.py -c real_location_data/s3c3/k10_r2_character_matrix.csv -t real_location_data/s3c3/true_tree.nwk -S real_location_data/s3c3/leaf_locations.txt --delimiter comma -p real_location_data/s3c3/k10_priors.csv -o real_location_data/s3c3/k10_r2_spalin.txt --nInitials 10 --ultrametric --randomreps 3
Optimization by Spalin: Scipy-SLSQP using spatial information
Optimizing branch lengths, phi, and nu without topology search
Initial point 1. Random seed: 2462
Solving with ultrametric constraint
Optimal point found for initial point 1
Negative llh: 97.03467617535964
Dropout rate: 1.0000000000000002e-10
Silencing rate: 1e-10
Sigma: 27.17004881370826
Initial point 2. Random seed: 8129
Solving with ultrametric constraint
Optimal point found for initial point 2
Negative llh: 97.03467628734819
Dropout rate: 1e-10
Silencing rate: 1.0000000000000002e-10
Sigma: 27.171189227737273
Initial point 3. Random seed: 9439
Solving with ultrametric constraint
Optimal point found for initial point 3
Negative llh: 97.0346759426264
Dropout rate: 1e-10
Silencing rate: 1e-10
Sigma: 27.17299483270995
Initial point 4. Random seed: 2279
Solving with ultrametric constraint
Optimal point found for initial point 4
Negative llh: 97.03467596320374
Dropout rate: 1.0762435953761402e-10
Silencing rate: 1.2797662409446183e-10
Sigma: 27.172622880999857
Initial point 5. Random seed: 8427
Solving with ultrametric constraint
Optimal point found for initial point 5
Negative llh: 97.03467643500457
Dropout rate: 1.8090255943842196e-10
Silencing rate: 4.5204713661670674e-10
Sigma: 27.175622440301378
Initial point 6. Random seed: 1305
Solving with ultrametric constraint
Optimal point found for initial point 6
Negative llh: 97.03467609919635
Dropout rate: 1e-10
Silencing rate: 1e-10
Sigma: 27.174031301292356
Initial point 7. Random seed: 9476
Solving with ultrametric constraint
Optimal point found for initial point 7
Negative llh: 97.03467688958533
Dropout rate: 2.4443207675901714e-10
Silencing rate: 4.787278250940248e-10
Sigma: 27.1748614774468
Initial point 8. Random seed: 8593
Solving with ultrametric constraint
Optimal point found for initial point 8
Negative llh: 97.0346760362042
Dropout rate: 1.3963077406092894e-10
Silencing rate: 4.046308025978914e-10
Sigma: 27.17239613313165
Initial point 9. Random seed: 6423
Solving with ultrametric constraint
Optimal point found for initial point 9
Negative llh: 97.03467595550177
Dropout rate: 2.3848409836117705e-10
Silencing rate: 5.21187104802444e-10
Sigma: 27.17373099180604
Initial point 10. Random seed: 4963
Solving with ultrametric constraint
Optimal point found for initial point 10
Negative llh: 97.03467599436729
Dropout rate: 1.401967959142703e-10
Silencing rate: 1.1762989964197638e-10
Sigma: 27.1732177831653
Traceback (most recent call last):
  File "/u/gh2161/Spatial-Division/problin/run_problin.py", line 223, in <module>
    main()
  File "/u/gh2161/Spatial-Division/problin/run_problin.py", line 214, in main
    for cell in mySolver.params.displacement_amounts:
AttributeError: 'Params' object has no attribute 'displacement_amounts'
