Launching Problin version 0.5b
Problin was called as follow: /u/gh2161/Spatial-Division/problin/run_problin.py -c real_location_data/s3c3/k10_r1_character_matrix.csv -t real_location_data/s3c3/true_tree.nwk -S real_location_data/s3c3/leaf_locations.txt --delimiter comma -p real_location_data/s3c3/k10_priors.csv -o real_location_data/s3c3/k10_r1_spalin-divide-ignore-beta.txt --nInitials 10 --ultrametric --randomreps 3 --divide
Optimization by Spalin-Divide: Scipy-SLSQP using spatial information
Optimizing branch lengths, phi, and nu without topology search
Initial point 1. Random seed: 9648
Solving with ultrametric constraint
Optimal point found for initial point 1
Negative llh: 116.53921718527707
Dropout rate: 4.3794070380831623e-10
Silencing rate: 2.289153046686755e-10
Sigma: 4.968736278246224
Initial point 2. Random seed: 994
Solving with ultrametric constraint
Optimal point found for initial point 2
Negative llh: 116.53923447677334
Dropout rate: 1e-10
Silencing rate: 1e-10
Sigma: 4.968355370307733
Initial point 3. Random seed: 654
Solving with ultrametric constraint
Optimal point found for initial point 3
Negative llh: 116.53921761216013
Dropout rate: 3.090543060398575e-10
Silencing rate: 2.0188694002926253e-10
Sigma: 4.969051419601746
Initial point 4. Random seed: 6731
Solving with ultrametric constraint
Optimal point found for initial point 4
Negative llh: 116.5392166426144
Dropout rate: 4.024064337849054e-10
Silencing rate: 2.1667918042585172e-10
Sigma: 4.968696299005294
Initial point 5. Random seed: 4567
Solving with ultrametric constraint
Optimal point found for initial point 5
Negative llh: 116.53924569094914
Dropout rate: 2.1542404206674894e-10
Silencing rate: 2.0509164152994636e-10
Sigma: 4.96780233518175
Initial point 6. Random seed: 888
Solving with ultrametric constraint
Optimal point found for initial point 6
Negative llh: 116.53922140807259
Dropout rate: 6.199232638871586e-10
Silencing rate: 3.0561009448260975e-10
Sigma: 4.9688059936496805
Initial point 7. Random seed: 9209
Solving with ultrametric constraint
Optimal point found for initial point 7
Negative llh: 116.53922536783108
Dropout rate: 1.7441277297687295e-09
Silencing rate: 5.102831534672661e-10
Sigma: 4.968387283895888
Initial point 8. Random seed: 7216
Solving with ultrametric constraint
Optimal point found for initial point 8
Negative llh: 116.53921682355926
Dropout rate: 1e-10
Silencing rate: 3.006993385297723e-09
Sigma: 4.968599173785939
Initial point 9. Random seed: 8136
Solving with ultrametric constraint
Optimal point found for initial point 9
Negative llh: 116.53921743656187
Dropout rate: 1.109090644962941e-09
Silencing rate: 8.924643193433587e-10
Sigma: 4.968628988935178
Initial point 10. Random seed: 5246
Solving with ultrametric constraint
Optimal point found for initial point 10
Negative llh: 116.53921667068622
Dropout rate: 1.0000000000000002e-10
Silencing rate: 1e-10
Sigma: 4.968748204954405
Runtime (s): 215.6830882821232
