Launching Problin version 0.5b
Problin was called as follow: /u/gh2161/Spatial-Division/problin/run_problin.py -c real_location_data/s9c5/k10_r3_character_matrix.csv -t real_location_data/s9c5/true_tree.nwk -S real_location_data/s9c5/leaf_locations.txt --delimiter comma -p real_location_data/s9c5/k10_priors.csv -o real_location_data/s9c5/k10_r3_spalin.txt --nInitials 10 --ultrametric --randomreps 3
Optimization by Spalin: Scipy-SLSQP using spatial information
Optimizing branch lengths, phi, and nu without topology search
Initial point 1. Random seed: 1572
Solving with ultrametric constraint
Optimal point found for initial point 1
Negative llh: 180.76735231165173
Dropout rate: 1.2275214787102343e-10
Silencing rate: 1.402931384204561e-10
Sigma: 45.592666757129415
Initial point 2. Random seed: 7023
Solving with ultrametric constraint
Optimal point found for initial point 2
Negative llh: 180.76735211434482
Dropout rate: 1e-10
Silencing rate: 1e-10
Sigma: 45.59449668626238
Initial point 3. Random seed: 175
Solving with ultrametric constraint
Optimal point found for initial point 3
Negative llh: 180.76735204466365
Dropout rate: 1e-10
Silencing rate: 1e-10
Sigma: 45.592387079417215
Initial point 4. Random seed: 1366
Solving with ultrametric constraint
Optimal point found for initial point 4
Negative llh: 180.76735208061945
Dropout rate: 5.885208175836784e-10
Silencing rate: 2.1328488171492585e-10
Sigma: 45.59408062001983
Initial point 5. Random seed: 570
Solving with ultrametric constraint
Optimal point found for initial point 5
Negative llh: 180.76735235271985
Dropout rate: 1e-10
Silencing rate: 1e-10
Sigma: 45.59347471682635
Initial point 6. Random seed: 7877
Solving with ultrametric constraint
Optimal point found for initial point 6
Negative llh: 180.76735230662365
Dropout rate: 9.999999999999996e-11
Silencing rate: 1.1091833863865524e-10
Sigma: 45.58907081414555
Initial point 7. Random seed: 5062
Solving with ultrametric constraint
Optimal point found for initial point 7
Negative llh: 180.76735206792387
Dropout rate: 9.999999999999924e-11
Silencing rate: 9.999999999999924e-11
Sigma: 45.594569867745875
Initial point 8. Random seed: 3738
Solving with ultrametric constraint
Optimal point found for initial point 8
Negative llh: 180.76735204019508
Dropout rate: 1e-10
Silencing rate: 1e-10
Sigma: 45.594429595622415
Initial point 9. Random seed: 8848
Solving with ultrametric constraint
Optimal point found for initial point 9
Negative llh: 180.76735198250032
Dropout rate: 1e-10
Silencing rate: 1e-10
Sigma: 45.592861366023484
Initial point 10. Random seed: 6561
Solving with ultrametric constraint
Optimal point found for initial point 10
Negative llh: 180.7673521334673
Dropout rate: 1e-10
Silencing rate: 1e-10
Sigma: 45.598122489265855
Traceback (most recent call last):
  File "/u/gh2161/Spatial-Division/problin/run_problin.py", line 223, in <module>
    main()
  File "/u/gh2161/Spatial-Division/problin/run_problin.py", line 214, in main
    for cell in mySolver.params.displacement_amounts:
AttributeError: 'Params' object has no attribute 'displacement_amounts'
