Launching Problin version 0.5b
Problin was called as follow: /u/gh2161/Spatial-Division/problin/run_problin.py -c real_location_data/s9c5/k10_r2_character_matrix.csv -t real_location_data/s9c5/true_tree.nwk -S real_location_data/s9c5/leaf_locations.txt --delimiter comma -p real_location_data/s9c5/k10_priors.csv -o real_location_data/s9c5/k10_r2_spalin-divide-beta3.txt --nInitials 10 --ultrametric --randomreps 3 --divide --given_beta 3 --incl_beta_bound
Optimization by Spalin-Divide: Scipy-SLSQP using spatial information
Optimizing branch lengths, phi, and nu without topology search
Initial point 1. Random seed: 4015
Solving with ultrametric constraint
Optimal point found for initial point 1
Negative llh: 218.50466132999986
Dropout rate: 1.0831594811200724e-10
Silencing rate: 1.0411679520845853e-10
Sigma: 6.032474420127376
Initial point 2. Random seed: 4680
Solving with ultrametric constraint
Optimal point found for initial point 2
Negative llh: 218.50466085271688
Dropout rate: 1e-10
Silencing rate: 1e-10
Sigma: 6.032500498814294
Initial point 3. Random seed: 1755
Solving with ultrametric constraint
Optimal point found for initial point 3
Negative llh: 218.50466181598728
Dropout rate: 1e-10
Silencing rate: 1e-10
Sigma: 6.032227046310822
Initial point 4. Random seed: 3517
Solving with ultrametric constraint
Optimal point found for initial point 4
Negative llh: 218.5046610419386
Dropout rate: 1.394261914438624e-10
Silencing rate: 1.1952043382840404e-10
Sigma: 6.032461612060056
Initial point 5. Random seed: 4207
Solving with ultrametric constraint
Optimal point found for initial point 5
Negative llh: 218.5046627361189
Dropout rate: 1.4930667303839704e-10
Silencing rate: 1.2441010391561276e-10
Sigma: 6.032485579913527
Initial point 6. Random seed: 9756
Solving with ultrametric constraint
Optimal point found for initial point 6
Negative llh: 218.50466140268804
Dropout rate: 1.7280284723041112e-10
Silencing rate: 1.360506354928065e-10
Sigma: 6.032514438674105
Initial point 7. Random seed: 6532
Solving with ultrametric constraint
Optimal point found for initial point 7
Negative llh: 218.50466454965306
Dropout rate: 1.0000000000000002e-10
Silencing rate: 1.0000000000000002e-10
Sigma: 6.032960761320022
Initial point 8. Random seed: 627
Solving with ultrametric constraint
Optimal point found for initial point 8
Negative llh: 218.5046611212934
Dropout rate: 1.367182842798742e-10
Silencing rate: 1.1818308692278277e-10
Sigma: 6.03253550459869
Initial point 9. Random seed: 8899
Solving with ultrametric constraint
Optimal point found for initial point 9
Negative llh: 218.50466119852803
Dropout rate: 3.922294445302149e-10
Silencing rate: 2.521547386166557e-10
Sigma: 6.032544479107215
Initial point 10. Random seed: 3096
Solving with ultrametric constraint
Optimal point found for initial point 10
Negative llh: 218.50466521372994
Dropout rate: 1.0000000000000007e-10
Silencing rate: 9.999999999999996e-11
Sigma: 6.0322851251910246
Runtime (s): 830.0186184048653
