Launching Problin version 0.5b
Problin was called as follow: /u/gh2161/Spatial-Division/problin/run_problin.py -c real_location_data/s9c5/k10_r1_character_matrix.csv -t real_location_data/s9c5/true_tree.nwk -S real_location_data/s9c5/leaf_locations.txt --delimiter comma -p real_location_data/s9c5/k10_priors.csv -o real_location_data/s9c5/k10_r1_spalin.txt --nInitials 10 --ultrametric --randomreps 3
Optimization by Spalin: Scipy-SLSQP using spatial information
Optimizing branch lengths, phi, and nu without topology search
Initial point 1. Random seed: 3277
Solving with ultrametric constraint
Optimal point found for initial point 1
Negative llh: 189.62555949962137
Dropout rate: 2.3319360661673085e-10
Silencing rate: 1e-10
Sigma: 41.447327554232544
Initial point 2. Random seed: 1920
Solving with ultrametric constraint
Optimal point found for initial point 2
Negative llh: 189.6255596653377
Dropout rate: 9.999999999999996e-11
Silencing rate: 1.0000000000000002e-10
Sigma: 41.44673453387613
Initial point 3. Random seed: 8373
Solving with ultrametric constraint
Optimal point found for initial point 3
Negative llh: 189.62556074086848
Dropout rate: 1.0000000000000007e-10
Silencing rate: 9.999999999999996e-11
Sigma: 41.44578064042784
Initial point 4. Random seed: 927
Solving with ultrametric constraint
Optimal point found for initial point 4
Negative llh: 189.6255597659167
Dropout rate: 1e-10
Silencing rate: 1e-10
Sigma: 41.44858253848545
Initial point 5. Random seed: 7860
Solving with ultrametric constraint
Optimal point found for initial point 5
Negative llh: 189.62555972534568
Dropout rate: 1.0000000000000002e-10
Silencing rate: 1e-10
Sigma: 41.443636760946475
Initial point 6. Random seed: 8927
Solving with ultrametric constraint
Optimal point found for initial point 6
Negative llh: 189.62555979097175
Dropout rate: 1.0000000000000002e-10
Silencing rate: 1.0000000000000002e-10
Sigma: 41.44710899944088
Initial point 7. Random seed: 663
Solving with ultrametric constraint
Optimal point found for initial point 7
Negative llh: 189.62555961390396
Dropout rate: 1.0000000000000002e-10
Silencing rate: 1e-10
Sigma: 41.448078207285626
Initial point 8. Random seed: 6707
Solving with ultrametric constraint
Optimal point found for initial point 8
Negative llh: 189.62555958302906
Dropout rate: 1e-10
Silencing rate: 1e-10
Sigma: 41.44736104904845
Initial point 9. Random seed: 5708
Solving with ultrametric constraint
Optimal point found for initial point 9
Negative llh: 189.62555957064916
Dropout rate: 1.901527240934953e-10
Silencing rate: 1.3289417666647565e-10
Sigma: 41.44637467856371
Initial point 10. Random seed: 6708
Solving with ultrametric constraint
Optimal point found for initial point 10
Negative llh: 189.62555957167734
Dropout rate: 1.315560986323394e-10
Silencing rate: 1.064357388880943e-10
Sigma: 41.44976420465351
Traceback (most recent call last):
  File "/u/gh2161/Spatial-Division/problin/run_problin.py", line 223, in <module>
    main()
  File "/u/gh2161/Spatial-Division/problin/run_problin.py", line 214, in main
    for cell in mySolver.params.displacement_amounts:
AttributeError: 'Params' object has no attribute 'displacement_amounts'
