Launching Problin version 0.5b
Problin was called as follow: /u/gh2161/problin/run_problin.py -c simulated_data/s9c5/k10_r1_character_matrix.csv -t simulated_data/s9c5/true_tree.nwk -S simulated_data/s9c5/leaf_locations.txt --delimiter comma -p simulated_data/s9c5/k10_priors.csv -o simulated_data/s9c5/k10_r1_spalin_leaves_newfelsen.txt --nInitials 10 --ultrametric --randomreps 3
Optimization by Spalin: Scipy-SLSQP using spatial information
Optimizing branch lengths, phi, and nu without topology search
Initial point 1. Random seed: 9062
Solving with ultrametric constraint
Optimal point found for initial point 1
Negative llh: 189.62555962479905
Dropout rate: 1e-10
Silencing rate: 1e-10
Sigma: 10.308235247318004
Initial point 2. Random seed: 3260
Solving with ultrametric constraint
Optimal point found for initial point 2
Negative llh: 189.6255599702585
Dropout rate: 1e-10
Silencing rate: 1e-10
Sigma: 10.307131555009562
Initial point 3. Random seed: 2171
Solving with ultrametric constraint
Optimal point found for initial point 3
Negative llh: 189.62555980633866
Dropout rate: 1.0000000000000002e-10
Silencing rate: 1.0000000000000002e-10
Sigma: 10.307605770060238
Initial point 4. Random seed: 6973
Solving with ultrametric constraint
Optimal point found for initial point 4
Negative llh: 189.62556007462155
Dropout rate: 1e-10
Silencing rate: 1e-10
Sigma: 10.306678262030045
Initial point 5. Random seed: 1296
Solving with ultrametric constraint
Optimal point found for initial point 5
Negative llh: 189.62556046288051
Dropout rate: 1.5519948964334083e-10
Silencing rate: 1.207374514055575e-10
Sigma: 10.304857395858757
Initial point 6. Random seed: 1779
Solving with ultrametric constraint
Optimal point found for initial point 6
Negative llh: 189.62555992812386
Dropout rate: 1.0000000000000002e-10
Silencing rate: 9.999999999999996e-11
Sigma: 10.307011186751854
Initial point 7. Random seed: 9515
Solving with ultrametric constraint
Optimal point found for initial point 7
Negative llh: 189.6255605818095
Dropout rate: 1.1404520869849121e-10
Silencing rate: 1.05276454932744e-10
Sigma: 10.3026186328691
Initial point 8. Random seed: 3036
Solving with ultrametric constraint
Optimal point found for initial point 8
Negative llh: 189.62555963347293
Dropout rate: 4.1865783606054047e-10
Silencing rate: 7.437852356991392e-10
Sigma: 10.307450253786572
Initial point 9. Random seed: 6467
Solving with ultrametric constraint
Optimal point found for initial point 9
Negative llh: 189.6255596239737
Dropout rate: 1e-10
Silencing rate: 1e-10
Sigma: 10.30750162123494
Initial point 10. Random seed: 8089
Solving with ultrametric constraint
Optimal point found for initial point 10
Negative llh: 189.62556009117088
Dropout rate: 1e-10
Silencing rate: 1e-10
Sigma: 10.306467526603933
Runtime (s): 128.78317022882402
