Launching Problin version 0.5b
Problin was called as follow: /u/gh2161/Spatial-Division/problin/run_problin.py -c real_location_data/s9c5/k10_r4_character_matrix.csv -t real_location_data/s9c5/true_tree.nwk -S real_location_data/s9c5/leaf_locations.txt --delimiter comma -p real_location_data/s9c5/k10_priors.csv -o real_location_data/s9c5/k10_r4_spalin-divide-beta05.txt --nInitials 10 --ultrametric --randomreps 3 --divide --given_beta 0.5 --incl_beta_bound
Optimization by Spalin-Divide: Scipy-SLSQP using spatial information
Optimizing branch lengths, phi, and nu without topology search
Initial point 1. Random seed: 7907
Solving with ultrametric constraint
Optimal point found for initial point 1
Negative llh: 211.8141371049809
Dropout rate: 9.999999999999996e-11
Silencing rate: 1.0000000000000002e-10
Sigma: 6.051588419828238
Initial point 2. Random seed: 7968
Solving with ultrametric constraint
Optimal point found for initial point 2
Negative llh: 211.8141369747375
Dropout rate: 1.843333880046079e-10
Silencing rate: 1.4271242996816392e-10
Sigma: 6.051593409019635
Initial point 3. Random seed: 1381
Solving with ultrametric constraint
Optimal point found for initial point 3
Negative llh: 211.81413727419863
Dropout rate: 2.7767665100022714e-10
Silencing rate: 4.446338216077166e-10
Sigma: 6.051551988013589
Initial point 4. Random seed: 6435
Solving with ultrametric constraint
Optimal point found for initial point 4
Negative llh: 211.81413715341404
Dropout rate: 1.1649043479884193e-10
Silencing rate: 1.1025494039241411e-10
Sigma: 6.051541504100907
Initial point 5. Random seed: 7421
Solving with ultrametric constraint
Optimal point found for initial point 5
Negative llh: 211.81413741109378
Dropout rate: 9.999999999999996e-11
Silencing rate: 1.0000000000000002e-10
Sigma: 6.0514171641077255
Initial point 6. Random seed: 1420
Solving with ultrametric constraint
Optimal point found for initial point 6
Negative llh: 211.8141373452691
Dropout rate: 1e-10
Silencing rate: 1e-10
Sigma: 6.051612751870609
Initial point 7. Random seed: 2064
Solving with ultrametric constraint
Optimal point found for initial point 7
Negative llh: 211.81413739775587
Dropout rate: 7.010492653071689e-10
Silencing rate: 4.657285911301171e-10
Sigma: 6.051597491608701
Initial point 8. Random seed: 7597
Solving with ultrametric constraint
Optimal point found for initial point 8
Negative llh: 211.81413732149807
Dropout rate: 3.7396270761218506e-10
Silencing rate: 3.044614656296959e-10
Sigma: 6.051581634533058
Initial point 9. Random seed: 3248
Solving with ultrametric constraint
Optimal point found for initial point 9
Negative llh: 211.81413726014722
Dropout rate: 4.293481536483563e-10
Silencing rate: 3.2121841620987704e-10
Sigma: 6.051581743803769
Initial point 10. Random seed: 7309
Solving with ultrametric constraint
Optimal point found for initial point 10
Negative llh: 211.81413758880345
Dropout rate: 1.0000000000000002e-10
Silencing rate: 1e-10
Sigma: 6.051674814009738
Runtime (s): 860.9627871029079
