Launching Problin version 0.5b
Problin was called as follow: /u/gh2161/Spatial-Division/problin/run_problin.py -c real_location_data/s9c5/k10_r4_character_matrix.csv -t real_location_data/s9c5/true_tree.nwk -S real_location_data/s9c5/leaf_locations.txt --delimiter comma -p real_location_data/s9c5/k10_priors.csv -o real_location_data/s9c5/k10_r4_spalin-divide-ignore-beta.txt --nInitials 10 --ultrametric --randomreps 3 --divide
Optimization by Spalin-Divide: Scipy-SLSQP using spatial information
Optimizing branch lengths, phi, and nu without topology search
Initial point 1. Random seed: 798
Solving with ultrametric constraint
Optimal point found for initial point 1
Negative llh: 210.44327969816027
Dropout rate: 1e-10
Silencing rate: 1e-10
Sigma: 5.943552503528763
Initial point 2. Random seed: 935
Solving with ultrametric constraint
Optimal point found for initial point 2
Negative llh: 210.4432506115332
Dropout rate: 1.5880719187748127e-09
Silencing rate: 1.0426868385037325e-09
Sigma: 5.943543309518674
Initial point 3. Random seed: 1194
Solving with ultrametric constraint
Optimal point found for initial point 3
Negative llh: 210.44334131851608
Dropout rate: 8.021106155732125e-10
Silencing rate: 4.4237763289984595e-10
Sigma: 5.944473890048092
Initial point 4. Random seed: 751
Solving with ultrametric constraint
Optimal point found for initial point 4
Negative llh: 210.44326043697055
Dropout rate: 2.1847866656185276e-10
Silencing rate: 1.750212988170554e-10
Sigma: 5.943332582246195
Initial point 5. Random seed: 8275
Solving with ultrametric constraint
Optimal point found for initial point 5
Negative llh: 210.44334069019902
Dropout rate: 2.8212091474943856e-10
Silencing rate: 3.8156842047085643e-10
Sigma: 5.942865406351843
Initial point 6. Random seed: 1374
Solving with ultrametric constraint
Optimal point found for initial point 6
Negative llh: 210.44327122461465
Dropout rate: 4.3883751471406967e-10
Silencing rate: 4.98662182207124e-10
Sigma: 5.943956567214789
Initial point 7. Random seed: 9246
Solving with ultrametric constraint
Optimal point found for initial point 7
Negative llh: 210.44332129220453
Dropout rate: 1e-10
Silencing rate: 1e-10
Sigma: 5.945313311176139
Initial point 8. Random seed: 1842
Solving with ultrametric constraint
Optimal point found for initial point 8
Negative llh: 210.4433633919108
Dropout rate: 1.3865535342927485e-10
Silencing rate: 1.211060176948182e-10
Sigma: 5.944235551471946
Initial point 9. Random seed: 9385
Solving with ultrametric constraint
Optimal point found for initial point 9
Negative llh: 210.4432653218414
Dropout rate: 1.660333870847429e-09
Silencing rate: 9.733347793015103e-10
Sigma: 5.944038633957642
Initial point 10. Random seed: 3116
Solving with ultrametric constraint
Optimal point found for initial point 10
Negative llh: 210.4432846415164
Dropout rate: 3.521262791609873e-10
Silencing rate: 2.5220643278155603e-10
Sigma: 5.942544731953338
Runtime (s): 538.2918762331828
