Launching Problin version 0.5b
Problin was called as follow: /u/gh2161/Spatial-Division/problin/run_problin.py -c real_location_data/s9c5/k10_r3_character_matrix.csv -t real_location_data/s9c5/true_tree.nwk -S real_location_data/s9c5/leaf_locations.txt --delimiter comma -p real_location_data/s9c5/k10_priors.csv -o real_location_data/s9c5/k10_r3_spalin-divide-beta3.txt --nInitials 10 --ultrametric --randomreps 3 --divide --given_beta 3 --incl_beta_bound
Optimization by Spalin-Divide: Scipy-SLSQP using spatial information
Optimizing branch lengths, phi, and nu without topology search
Initial point 1. Random seed: 7867
Solving with ultrametric constraint
Optimal point found for initial point 1
Negative llh: 202.4191008958275
Dropout rate: 2.996344268179542e-10
Silencing rate: 3.044999558916782e-10
Sigma: 6.197704187490053
Initial point 2. Random seed: 2589
Solving with ultrametric constraint
Optimal point found for initial point 2
Negative llh: 202.41909955130663
Dropout rate: 3.3426712793430803e-10
Silencing rate: 1.7763746281769038e-10
Sigma: 6.197942570832817
Initial point 3. Random seed: 5135
Solving with ultrametric constraint
Optimal point found for initial point 3
Negative llh: 202.41910021077348
Dropout rate: 1.0000000000000002e-10
Silencing rate: 1.0000000000000002e-10
Sigma: 6.1979430433823515
Initial point 4. Random seed: 864
Solving with ultrametric constraint
Optimal point found for initial point 4
Negative llh: 202.41909983610984
Dropout rate: 1.0000000000000007e-10
Silencing rate: 1.0000000000000007e-10
Sigma: 6.197926013072785
Initial point 5. Random seed: 146
Solving with ultrametric constraint
Optimal point found for initial point 5
Negative llh: 202.41909982122354
Dropout rate: 1e-10
Silencing rate: 1e-10
Sigma: 6.197894137420196
Initial point 6. Random seed: 1775
Solving with ultrametric constraint
Optimal point found for initial point 6
Negative llh: 202.41910019576898
Dropout rate: 2.1114496947890653e-10
Silencing rate: 1.368284798531841e-10
Sigma: 6.19800938033454
Initial point 7. Random seed: 4766
Solving with ultrametric constraint
Optimal point found for initial point 7
Negative llh: 202.4190997170752
Dropout rate: 2.3227746867984197e-10
Silencing rate: 1.4383340668249814e-10
Sigma: 6.197926672770243
Initial point 8. Random seed: 1666
Solving with ultrametric constraint
Optimal point found for initial point 8
Negative llh: 202.41909958737136
Dropout rate: 1e-10
Silencing rate: 1e-10
Sigma: 6.197915976011939
Initial point 9. Random seed: 9520
Solving with ultrametric constraint
Optimal point found for initial point 9
Negative llh: 202.41909943862663
Dropout rate: 1e-10
Silencing rate: 1e-10
Sigma: 6.197928597347662
Initial point 10. Random seed: 3252
Solving with ultrametric constraint
Optimal point found for initial point 10
Negative llh: 202.4191003474313
Dropout rate: 2.606233736472476e-10
Silencing rate: 1.532288416730168e-10
Sigma: 6.1978975796992595
Runtime (s): 674.4953927677125
