Launching Problin version 0.5b
Problin was called as follow: /u/gh2161/problin/run_problin.py -c simulated_data/s9c5/k10_r5_character_matrix.csv -t simulated_data/s9c5/true_tree.nwk -S simulated_data/s9c5/true_locations.txt --delimiter comma -p simulated_data/s9c5/k10_priors.csv -o simulated_data/s9c5/k10_r5_spalin_all.txt --nInitials 10 --ultrametric --randomreps 3
Optimization by Spalin: Scipy-SLSQP using spatial information
Optimizing branch lengths, phi, and nu without topology search
Initial point 1. Random seed: 8212
Solving with ultrametric constraint
Optimal point found for initial point 1
Negative llh: 250.76928512439855
Dropout rate: 1e-10
Silencing rate: 1e-10
Sigma: 34.042816686773236
Initial point 2. Random seed: 9849
Solving with ultrametric constraint
Optimal point found for initial point 2
Negative llh: 250.76928513831223
Dropout rate: 1.0000000000000007e-10
Silencing rate: 9.999999999999996e-11
Sigma: 34.04406501313268
Initial point 3. Random seed: 812
Solving with ultrametric constraint
Optimal point found for initial point 3
Negative llh: 250.76928546495287
Dropout rate: 1.146475095931381e-09
Silencing rate: 4.5143020591062783e-10
Sigma: 34.04620697815027
Initial point 4. Random seed: 8961
Solving with ultrametric constraint
Optimal point found for initial point 4
Negative llh: 250.7692853951982
Dropout rate: 1e-10
Silencing rate: 1e-10
Sigma: 34.04531871959502
Initial point 5. Random seed: 3470
Solving with ultrametric constraint
Optimal point found for initial point 5
Negative llh: 250.76929149846274
Dropout rate: 1.000000000000009e-10
Silencing rate: 9.999999999999428e-11
Sigma: 34.04420959532759
Initial point 6. Random seed: 4935
Solving with ultrametric constraint
Optimal point found for initial point 6
Negative llh: 250.76928522489402
Dropout rate: 1.0000000000000007e-10
Silencing rate: 1.9267299220463907e-10
Sigma: 34.04363787019016
Initial point 7. Random seed: 9004
Solving with ultrametric constraint
Optimal point found for initial point 7
Negative llh: 250.76928578024976
Dropout rate: 1.0184201098818449e-10
Silencing rate: 1.007985079264472e-10
Sigma: 34.042964649153824
Initial point 8. Random seed: 8024
Solving with ultrametric constraint
Optimal point found for initial point 8
Negative llh: 250.76928808552015
Dropout rate: 1.8502288073850273e-09
Silencing rate: 3.5567150976119997e-09
Sigma: 34.04313016925856
Initial point 9. Random seed: 6179
Solving with ultrametric constraint
Optimal point found for initial point 9
Negative llh: 250.76928506856632
Dropout rate: 1e-10
Silencing rate: 1e-10
Sigma: 34.045004542065755
Initial point 10. Random seed: 4727
Solving with ultrametric constraint
Optimal point found for initial point 10
Negative llh: 250.769285519067
Dropout rate: 1.0137950647564677e-09
Silencing rate: 1.878261502143619e-09
Sigma: 34.04486910707952
Runtime (s): 34.42629108624533
