Launching Problin version 0.5b
Problin was called as follow: /u/gh2161/problin/run_problin.py -c simulated_data/s16c8/k10_r1_character_matrix.csv -t simulated_data/s16c8/true_tree.nwk -S simulated_data/s16c8/leaf_locations.txt --delimiter comma -p simulated_data/s16c8/k10_priors.csv -o simulated_data/s16c8/k10_r1_spalin_leaves_newfelsen.txt --nInitials 10 --ultrametric --randomreps 3
Optimization by Spalin: Scipy-SLSQP using spatial information
Optimizing branch lengths, phi, and nu without topology search
Initial point 1. Random seed: 8622
Solving with ultrametric constraint
Optimal point found for initial point 1
Negative llh: 124.23286252953872
Dropout rate: 1.0000000000000002e-10
Silencing rate: 1e-10
Sigma: 19.4581639168754
Initial point 2. Random seed: 4418
Solving with ultrametric constraint
Optimal point found for initial point 2
Negative llh: 124.23286213013425
Dropout rate: 1.303579292435194e-10
Silencing rate: 1.408007692261769e-10
Sigma: 19.45950933658225
Initial point 3. Random seed: 3305
Solving with ultrametric constraint
Optimal point found for initial point 3
Negative llh: 124.23286207407779
Dropout rate: 1e-10
Silencing rate: 1e-10
Sigma: 19.463685905965416
Initial point 4. Random seed: 8003
Solving with ultrametric constraint
Optimal point found for initial point 4
Negative llh: 124.23286197827372
Dropout rate: 1.000000000000009e-10
Silencing rate: 1.0000000000000007e-10
Sigma: 19.46228852140553
Initial point 5. Random seed: 6936
Solving with ultrametric constraint
Optimal point found for initial point 5
Negative llh: 124.23286217715086
Dropout rate: 1.463789604312125e-10
Silencing rate: 1.5512646035250753e-10
Sigma: 19.46119254066952
Initial point 6. Random seed: 7623
Solving with ultrametric constraint
Optimal point found for initial point 6
Negative llh: 124.23286201222223
Dropout rate: 1e-10
Silencing rate: 1e-10
Sigma: 19.462416916659002
Initial point 7. Random seed: 8178
Solving with ultrametric constraint
Optimal point found for initial point 7
Negative llh: 124.23286246585661
Dropout rate: 1e-10
Silencing rate: 1e-10
Sigma: 19.456549573369387
Initial point 8. Random seed: 7790
Solving with ultrametric constraint
Optimal point found for initial point 8
Negative llh: 124.2328623748549
Dropout rate: 1e-10
Silencing rate: 1e-10
Sigma: 19.461598274589406
Initial point 9. Random seed: 5287
Solving with ultrametric constraint
Optimal point found for initial point 9
Negative llh: 124.23286210907875
Dropout rate: 1.3957501513290703e-10
Silencing rate: 1.8139846953089685e-10
Sigma: 19.461311291462643
Initial point 10. Random seed: 6646
Solving with ultrametric constraint
Optimal point found for initial point 10
Negative llh: 124.23286271666724
Dropout rate: 5.350918440138398e-09
Silencing rate: 1.640041783043057e-09
Sigma: 19.45749812023261
Runtime (s): 48.36216386035085
