Launching Problin version 0.5b
Problin was called as follow: /u/gh2161/problin/run_problin.py -c simulated_data/s16c8/k10_r2_character_matrix.csv -t simulated_data/s16c8/true_tree.nwk --delimiter comma -p simulated_data/s16c8/k10_priors.csv -o simulated_data/s16c8/k10_r2_problin.txt --nInitials 10 --ultrametric --randomreps 3
Optimization by EM algorithm
Optimizing branch lengths, phi, and nu without topology search
Initial point 1. Random seed: 4721
Solving with ultrametric constraint
Initial phi: 0.570762622172879. Initial nu: 0.8130821961387824. Initial nllh: 9783.280567224081
EM finished after 9 iterations.
Optimal point found for initial point 1
Negative llh: 49.184838193404424
Dropout rate: 0
Silencing rate: 1.0083269399213297e-06
Initial point 2. Random seed: 815
Solving with ultrametric constraint
Initial phi: 0.25612379794151857. Initial nu: 0.47741139085712947. Initial nllh: 98.40532235814284
EM finished after 8 iterations.
Optimal point found for initial point 2
Negative llh: 49.18483796512664
Dropout rate: 0
Silencing rate: 1.0020609133313725e-06
Initial point 3. Random seed: 2944
Solving with ultrametric constraint
Initial phi: 0.4061041458307372. Initial nu: 0.9396578260152425. Initial nllh: 139.31793292316468
EM finished after 9 iterations.
Optimal point found for initial point 3
Negative llh: 49.184837765929274
Dropout rate: 0
Silencing rate: 1.0015247006956015e-06
Initial point 4. Random seed: 9938
Solving with ultrametric constraint
Initial phi: 0.7052040956464776. Initial nu: 0.7704610107975808. Initial nllh: 210.45526707054347
EM finished after 8 iterations.
Optimal point found for initial point 4
Negative llh: 49.1848380899033
Dropout rate: 0
Silencing rate: 1.008987552677294e-06
Initial point 5. Random seed: 3231
Solving with ultrametric constraint
Initial phi: 0.2158132196919581. Initial nu: 0.5905676393882691. Initial nllh: 96.55212700414305
EM finished after 8 iterations.
Optimal point found for initial point 5
Negative llh: 49.18483793419551
Dropout rate: 0
Silencing rate: 1.001161300031238e-06
Initial point 6. Random seed: 4228
Solving with ultrametric constraint
Initial phi: 0.8603716510725037. Initial nu: 0.47572969437543244. Initial nllh: 282.36439822319244
EM finished after 9 iterations.
Optimal point found for initial point 6
Negative llh: 49.18483804456019
Dropout rate: 0
Silencing rate: 1.0062005059341166e-06
Initial point 7. Random seed: 3336
Solving with ultrametric constraint
Initial phi: 0.277857124040537. Initial nu: 0.01995295747561194. Initial nllh: 85.69021625758428
EM finished after 6 iterations.
Optimal point found for initial point 7
Negative llh: 49.18483793475308
Dropout rate: 0
Silencing rate: 1.0030826667468408e-06
Initial point 8. Random seed: 2498
Solving with ultrametric constraint
Initial phi: 0.22763786892320814. Initial nu: 0.6254884373120471. Initial nllh: 99.44327980556247
EM finished after 8 iterations.
Optimal point found for initial point 8
Negative llh: 49.18483798836294
Dropout rate: 0
Silencing rate: 1.0028056586166344e-06
Initial point 9. Random seed: 1369
Solving with ultrametric constraint
Initial phi: 0.7068561566782925. Initial nu: 0.41509883541473874. Initial nllh: 198.66215994830932
EM finished after 8 iterations.
Optimal point found for initial point 9
Negative llh: 49.184838385680074
Dropout rate: 0
Silencing rate: 1.0144652960048475e-06
Initial point 10. Random seed: 7613
Solving with ultrametric constraint
Initial phi: 0.5380352768903396. Initial nu: 0.22569542506749687. Initial nllh: 142.01654959168823
EM finished after 8 iterations.
Optimal point found for initial point 10
Negative llh: 49.184837732320226
Dropout rate: 0
Silencing rate: 1.0039196392497828e-06
Traceback (most recent call last):
  File "/u/gh2161/problin/run_problin.py", line 193, in <module>
    main()
  File "/u/gh2161/problin/run_problin.py", line 172, in main
    fout.write("Sigma: " + str(opt_params['sigma']) + "\n")
KeyError: 'sigma'
