Launching Problin version 0.5b
Problin was called as follow: /u/gh2161/Spatial-Division/problin/run_problin.py -c real_location_data/s16c8/k10_r1_character_matrix.csv -t real_location_data/s16c8/true_tree.nwk -S real_location_data/s16c8/leaf_locations.txt --delimiter comma -p real_location_data/s16c8/k10_priors.csv -o real_location_data/s16c8/k10_r1_spalin.txt --nInitials 10 --ultrametric --randomreps 3
Optimization by Spalin: Scipy-SLSQP using spatial information
Optimizing branch lengths, phi, and nu without topology search
Initial point 1. Random seed: 3438
Solving with ultrametric constraint
Optimal point found for initial point 1
Negative llh: 124.23286203242425
Dropout rate: 5.160604416406977e-10
Silencing rate: 2.9535046107454903e-10
Sigma: 56.951220157784725
Initial point 2. Random seed: 4321
Solving with ultrametric constraint
Optimal point found for initial point 2
Negative llh: 124.23286274906467
Dropout rate: 1e-10
Silencing rate: 1e-10
Sigma: 56.95121019331062
Initial point 3. Random seed: 5092
Solving with ultrametric constraint
Optimal point found for initial point 3
Negative llh: 124.23286204935283
Dropout rate: 1.8256738780556356e-10
Silencing rate: 1e-10
Sigma: 56.953910038136556
Initial point 4. Random seed: 8067
Solving with ultrametric constraint
Optimal point found for initial point 4
Negative llh: 124.23286226372218
Dropout rate: 1e-10
Silencing rate: 1e-10
Sigma: 56.9602726434218
Initial point 5. Random seed: 4621
Solving with ultrametric constraint
Optimal point found for initial point 5
Negative llh: 124.23286208979891
Dropout rate: 9.999999999999996e-11
Silencing rate: 1.0000000000000002e-10
Sigma: 56.95250038179463
Initial point 6. Random seed: 899
Solving with ultrametric constraint
Optimal point found for initial point 6
Negative llh: 124.23286204229373
Dropout rate: 1.0000000000000002e-10
Silencing rate: 1e-10
Sigma: 56.95583348724329
Initial point 7. Random seed: 8218
Solving with ultrametric constraint
Optimal point found for initial point 7
Negative llh: 124.23286210471946
Dropout rate: 1.0000000000000002e-10
Silencing rate: 1e-10
Sigma: 56.9533744116152
Initial point 8. Random seed: 3062
Solving with ultrametric constraint
Optimal point found for initial point 8
Negative llh: 124.23286201778305
Dropout rate: 1.0127394262072303e-10
Silencing rate: 1e-10
Sigma: 56.95111397670383
Initial point 9. Random seed: 5176
Solving with ultrametric constraint
Optimal point found for initial point 9
Negative llh: 124.23286206327826
Dropout rate: 1e-10
Silencing rate: 1.7227507243502328e-10
Sigma: 56.95633637267414
Initial point 10. Random seed: 3917
Solving with ultrametric constraint
Optimal point found for initial point 10
Negative llh: 124.23286235483135
Dropout rate: 1.0000000000000002e-10
Silencing rate: 1.0000000000000002e-10
Sigma: 56.962996122108656
Traceback (most recent call last):
  File "/u/gh2161/Spatial-Division/problin/run_problin.py", line 223, in <module>
    main()
  File "/u/gh2161/Spatial-Division/problin/run_problin.py", line 214, in main
    for cell in mySolver.params.displacement_amounts:
AttributeError: 'Params' object has no attribute 'displacement_amounts'
