Launching Problin version 0.5b
Problin was called as follow: /u/gh2161/Spatial-Division/problin/run_problin.py -c real_location_data/s16c8/k10_r3_character_matrix.csv -t real_location_data/s16c8/true_tree.nwk -S real_location_data/s16c8/leaf_locations.txt --delimiter comma -p real_location_data/s16c8/k10_priors.csv -o real_location_data/s16c8/k10_r3_spalin.txt --nInitials 10 --ultrametric --randomreps 3
Optimization by Spalin: Scipy-SLSQP using spatial information
Optimizing branch lengths, phi, and nu without topology search
Initial point 1. Random seed: 6572
Solving with ultrametric constraint
Optimal point found for initial point 1
Negative llh: 129.5110952692965
Dropout rate: 3.8694554553736186e-10
Silencing rate: 1.2853416090333977e-10
Sigma: 52.23748411357111
Initial point 2. Random seed: 8602
Solving with ultrametric constraint
Optimal point found for initial point 2
Negative llh: 129.51109534624533
Dropout rate: 1e-10
Silencing rate: 1e-10
Sigma: 52.23970068791877
Initial point 3. Random seed: 5532
Solving with ultrametric constraint
Optimal point found for initial point 3
Negative llh: 129.51109538943655
Dropout rate: 2.8066116341837655e-10
Silencing rate: 2.1600352327554087e-10
Sigma: 52.23994454129433
Initial point 4. Random seed: 1994
Solving with ultrametric constraint
Optimal point found for initial point 4
Negative llh: 129.51109563624863
Dropout rate: 1.673594461966246e-10
Silencing rate: 1.4983178562533883e-10
Sigma: 52.2433583921028
Initial point 5. Random seed: 9171
Solving with ultrametric constraint
Optimal point found for initial point 5
Negative llh: 129.51109524469814
Dropout rate: 1e-10
Silencing rate: 1e-10
Sigma: 52.23775461486673
Initial point 6. Random seed: 8715
Solving with ultrametric constraint
Optimal point found for initial point 6
Negative llh: 129.51109551547265
Dropout rate: 1e-10
Silencing rate: 1e-10
Sigma: 52.243765876304295
Initial point 7. Random seed: 4870
Solving with ultrametric constraint
Optimal point found for initial point 7
Negative llh: 129.51109555112726
Dropout rate: 1.0000000000000002e-10
Silencing rate: 1e-10
Sigma: 52.23697726423434
Initial point 8. Random seed: 7598
Solving with ultrametric constraint
Optimal point found for initial point 8
Negative llh: 129.5110954484666
Dropout rate: 1e-10
Silencing rate: 1e-10
Sigma: 52.236442408245146
Initial point 9. Random seed: 2842
Solving with ultrametric constraint
Optimal point found for initial point 9
Negative llh: 129.51109529757167
Dropout rate: 1.0000000000000002e-10
Silencing rate: 1.0000000000000002e-10
Sigma: 52.23513644277101
Initial point 10. Random seed: 810
Solving with ultrametric constraint
Optimal point found for initial point 10
Negative llh: 129.51109531776174
Dropout rate: 1e-10
Silencing rate: 1e-10
Sigma: 52.23659775365267
Traceback (most recent call last):
  File "/u/gh2161/Spatial-Division/problin/run_problin.py", line 223, in <module>
    main()
  File "/u/gh2161/Spatial-Division/problin/run_problin.py", line 214, in main
    for cell in mySolver.params.displacement_amounts:
AttributeError: 'Params' object has no attribute 'displacement_amounts'
