Launching Problin version 0.5b
Problin was called as follow: /u/gh2161/Spatial-Division/problin/run_problin.py -c real_location_data/s16c8/k10_r1_character_matrix.csv -t real_location_data/s16c8/true_tree.nwk -S real_location_data/s16c8/leaf_locations.txt --delimiter comma -p real_location_data/s16c8/k10_priors.csv -o real_location_data/s16c8/k10_r1_spalin-divide-beta05.txt --nInitials 10 --ultrametric --randomreps 3 --divide --given_beta 0.5 --incl_beta_bound
Optimization by Spalin-Divide: Scipy-SLSQP using spatial information
Optimizing branch lengths, phi, and nu without topology search
Initial point 1. Random seed: 5196
Solving with ultrametric constraint
Optimal point found for initial point 1
Negative llh: 141.9403448260918
Dropout rate: 4.687318229923926e-10
Silencing rate: 2.0849964965988282e-10
Sigma: 7.448171316760304
Initial point 2. Random seed: 3771
Solving with ultrametric constraint
Optimal point found for initial point 2
Negative llh: 141.94034496020592
Dropout rate: 1.9515411508503905e-10
Silencing rate: 1.2931841380959238e-10
Sigma: 7.4482882174498535
Initial point 3. Random seed: 296
Solving with ultrametric constraint
Optimal point found for initial point 3
Negative llh: 141.94034470931746
Dropout rate: 1e-10
Silencing rate: 1e-10
Sigma: 7.448147628659821
Initial point 4. Random seed: 9211
Solving with ultrametric constraint
Optimal point found for initial point 4
Negative llh: 141.94034507042193
Dropout rate: 1e-10
Silencing rate: 1e-10
Sigma: 7.448133427552132
Initial point 5. Random seed: 8490
Solving with ultrametric constraint
Optimal point found for initial point 5
Negative llh: 141.94034482966543
Dropout rate: 4.121750922373154e-10
Silencing rate: 2.3090926564672885e-10
Sigma: 7.448134951826135
Initial point 6. Random seed: 982
Solving with ultrametric constraint
Optimal point found for initial point 6
Negative llh: 141.9403458677523
Dropout rate: 1e-10
Silencing rate: 1e-10
Sigma: 7.448420961231867
Initial point 7. Random seed: 5365
Solving with ultrametric constraint
Optimal point found for initial point 7
Negative llh: 141.9403458621855
Dropout rate: 1e-10
Silencing rate: 1e-10
Sigma: 7.448256460436313
Initial point 8. Random seed: 5095
Solving with ultrametric constraint
Optimal point found for initial point 8
Negative llh: 141.9403448976322
Dropout rate: 1e-10
Silencing rate: 1e-10
Sigma: 7.448053954219486
Initial point 9. Random seed: 4420
Solving with ultrametric constraint
Optimal point found for initial point 9
Negative llh: 141.9403449473002
Dropout rate: 1e-10
Silencing rate: 1e-10
Sigma: 7.448167942604724
Initial point 10. Random seed: 850
Solving with ultrametric constraint
Optimal point found for initial point 10
Negative llh: 141.94034502564688
Dropout rate: 7.661036492220805e-10
Silencing rate: 3.520142114548322e-10
Sigma: 7.448220310211851
Runtime (s): 341.7378949308768
