Launching Problin version 0.5b
Problin was called as follow: /u/gh2161/Spatial-Division/problin/run_problin.py -c real_location_data/s16c8/k10_r4_character_matrix.csv -t real_location_data/s16c8/true_tree.nwk -S real_location_data/s16c8/leaf_locations.txt --delimiter comma -p real_location_data/s16c8/k10_priors.csv -o real_location_data/s16c8/k10_r4_spalin-divide-beta1.txt --nInitials 10 --ultrametric --randomreps 3 --divide --given_beta 1 --incl_beta_bound
Optimization by Spalin-Divide: Scipy-SLSQP using spatial information
Optimizing branch lengths, phi, and nu without topology search
Initial point 1. Random seed: 3157
Solving with ultrametric constraint
Optimal point found for initial point 1
Negative llh: 137.57265911075285
Dropout rate: 4.829818751031621e-10
Silencing rate: 2.72051860857863e-10
Sigma: 6.481805573538608
Initial point 2. Random seed: 5317
Solving with ultrametric constraint
Optimal point found for initial point 2
Negative llh: 137.5726767692886
Dropout rate: 1e-10
Silencing rate: 1e-10
Sigma: 6.480714791827477
Initial point 3. Random seed: 9335
Solving with ultrametric constraint
Optimal point found for initial point 3
Negative llh: 137.57265958840688
Dropout rate: 2.0952421496760303e-10
Silencing rate: 1.5352631481238725e-10
Sigma: 6.481723122993155
Initial point 4. Random seed: 8645
Solving with ultrametric constraint
Optimal point found for initial point 4
Negative llh: 137.57265930077344
Dropout rate: 2.4105567179029185e-10
Silencing rate: 1.9348996139038855e-10
Sigma: 6.481875475176553
Initial point 5. Random seed: 475
Solving with ultrametric constraint
Optimal point found for initial point 5
Negative llh: 137.57265930455486
Dropout rate: 1.0000000000000002e-10
Silencing rate: 1.0000000000000002e-10
Sigma: 6.48215960946194
Initial point 6. Random seed: 8601
Solving with ultrametric constraint
Optimal point found for initial point 6
Negative llh: 137.57265973487756
Dropout rate: 2.7485160963153914e-10
Silencing rate: 2.0606947849743174e-10
Sigma: 6.4816522170206206
Initial point 7. Random seed: 9733
Solving with ultrametric constraint
Optimal point found for initial point 7
Negative llh: 137.5726611646619
Dropout rate: 9.999999999999996e-11
Silencing rate: 1.0000000000000002e-10
Sigma: 6.481471005827396
Initial point 8. Random seed: 6744
Solving with ultrametric constraint
Optimal point found for initial point 8
Negative llh: 137.57265889065206
Dropout rate: 1.0000000000000002e-10
Silencing rate: 1.0000000000000002e-10
Sigma: 6.481888396074878
Initial point 9. Random seed: 8408
Solving with ultrametric constraint
Optimal point found for initial point 9
Negative llh: 137.57265920599562
Dropout rate: 1.8359987896965127e-10
Silencing rate: 1.3708673182703802e-10
Sigma: 6.481950663184436
Initial point 10. Random seed: 2191
Solving with ultrametric constraint
Optimal point found for initial point 10
Negative llh: 137.5726588814135
Dropout rate: 1.0000000000000002e-10
Silencing rate: 1.0000000000000002e-10
Sigma: 6.48186281338447
Runtime (s): 359.96205219626427
