Launching Problin version 0.5b
Problin was called as follow: /u/gh2161/Spatial-Division/problin/run_problin.py -c real_location_data/s16c8/k10_r3_character_matrix.csv -t real_location_data/s16c8/true_tree.nwk -S real_location_data/s16c8/leaf_locations.txt --delimiter comma -p real_location_data/s16c8/k10_priors.csv -o real_location_data/s16c8/k10_r3_spalin-divide-ignore-beta.txt --nInitials 10 --ultrametric --randomreps 3 --divide
Optimization by Spalin-Divide: Scipy-SLSQP using spatial information
Optimizing branch lengths, phi, and nu without topology search
Initial point 1. Random seed: 4632
Solving with ultrametric constraint
Optimal point found for initial point 1
Negative llh: 146.39913653596003
Dropout rate: 1.0900780906432087e-10
Silencing rate: 1.0325185822264563e-10
Sigma: 6.989377135620745
Initial point 2. Random seed: 9254
Solving with ultrametric constraint
Optimal point found for initial point 2
Negative llh: 146.3991400227811
Dropout rate: 1e-10
Silencing rate: 1e-10
Sigma: 6.989598366753143
Initial point 3. Random seed: 5277
Solving with ultrametric constraint
Optimal point found for initial point 3
Negative llh: 146.39914310502803
Dropout rate: 1.0000000000000002e-10
Silencing rate: 1.0000000000000002e-10
Sigma: 6.989252975856364
Initial point 4. Random seed: 2725
Solving with ultrametric constraint
Optimal point found for initial point 4
Negative llh: 146.39915350285233
Dropout rate: 9.999999999999996e-11
Silencing rate: 1.0000000000000002e-10
Sigma: 6.989580851435652
Initial point 5. Random seed: 8384
Solving with ultrametric constraint
Optimal point found for initial point 5
Negative llh: 146.3991525162083
Dropout rate: 1.0000000000000002e-10
Silencing rate: 1.0000000000000002e-10
Sigma: 6.989508246550172
Initial point 6. Random seed: 1565
Solving with ultrametric constraint
Optimal point found for initial point 6
Negative llh: 146.39915176361075
Dropout rate: 3.7020466453620756e-10
Silencing rate: 2.675443241591151e-10
Sigma: 6.989633280461785
Initial point 7. Random seed: 5188
Solving with ultrametric constraint
Optimal point found for initial point 7
Negative llh: 146.39913705413275
Dropout rate: 1e-10
Silencing rate: 1e-10
Sigma: 6.989817936356583
Initial point 8. Random seed: 409
Solving with ultrametric constraint
Optimal point found for initial point 8
Negative llh: 146.3991377413704
Dropout rate: 1e-10
Silencing rate: 1e-10
Sigma: 6.98948665081269
Initial point 9. Random seed: 3742
Solving with ultrametric constraint
Optimal point found for initial point 9
Negative llh: 146.39916528755722
Dropout rate: 7.958449531467126e-10
Silencing rate: 2.7185930576601013e-10
Sigma: 6.98934033425145
Initial point 10. Random seed: 1161
Solving with ultrametric constraint
Optimal point found for initial point 10
Negative llh: 146.39915628543295
Dropout rate: 5.134830276105626e-10
Silencing rate: 2.422235583432545e-10
Sigma: 6.989590381581322
Runtime (s): 142.79251657892019
