Launching Problin version 0.5b
Problin was called as follow: /u/gh2161/Spatial-Division/problin/run_problin.py -c real_location_data/s16c8/k10_r5_character_matrix.csv -t real_location_data/s16c8/true_tree.nwk -S real_location_data/s16c8/leaf_locations.txt --delimiter comma -p real_location_data/s16c8/k10_priors.csv -o real_location_data/s16c8/k10_r5_spalin-divide-ignore-beta.txt --nInitials 10 --ultrametric --randomreps 3 --divide
Optimization by Spalin-Divide: Scipy-SLSQP using spatial information
Optimizing branch lengths, phi, and nu without topology search
Initial point 1. Random seed: 1673
Solving with ultrametric constraint
Optimal point found for initial point 1
Negative llh: 136.30411481403002
Dropout rate: 2.7615280391608254e-10
Silencing rate: 1.88776560705336e-10
Sigma: 6.253554035770125
Initial point 2. Random seed: 6415
Solving with ultrametric constraint
Optimal point found for initial point 2
Negative llh: 136.30411449445987
Dropout rate: 1e-10
Silencing rate: 1e-10
Sigma: 6.253561367938413
Initial point 3. Random seed: 143
Solving with ultrametric constraint
Optimal point found for initial point 3
Negative llh: 136.30411424566228
Dropout rate: 3.3869572883375995e-10
Silencing rate: 2.2434422226635324e-10
Sigma: 6.253542960843543
Initial point 4. Random seed: 5385
Solving with ultrametric constraint
Optimal point found for initial point 4
Negative llh: 136.30411406332286
Dropout rate: 1.0000000000000002e-10
Silencing rate: 1.0000000000000002e-10
Sigma: 6.253550815078275
Initial point 5. Random seed: 1887
Solving with ultrametric constraint
Optimal point found for initial point 5
Negative llh: 136.3041172901987
Dropout rate: 1e-10
Silencing rate: 1e-10
Sigma: 6.253626496445666
Initial point 6. Random seed: 8086
Solving with ultrametric constraint
Optimal point found for initial point 6
Negative llh: 136.30411743881186
Dropout rate: 1e-10
Silencing rate: 1e-10
Sigma: 6.253885702015709
Initial point 7. Random seed: 4186
Solving with ultrametric constraint
Optimal point found for initial point 7
Negative llh: 136.30415466951305
Dropout rate: 2.9745999147793945e-10
Silencing rate: 2.3819085273383233e-10
Sigma: 6.25398977780383
Initial point 8. Random seed: 4160
Solving with ultrametric constraint
Optimal point found for initial point 8
Negative llh: 136.3041166235617
Dropout rate: 1e-10
Silencing rate: 1e-10
Sigma: 6.253735851901797
Initial point 9. Random seed: 9710
Solving with ultrametric constraint
Optimal point found for initial point 9
Negative llh: 136.30412228544037
Dropout rate: 6.1768501528214e-10
Silencing rate: 5.2226185778478e-10
Sigma: 6.2533028002639846
Initial point 10. Random seed: 4992
Solving with ultrametric constraint
Optimal point found for initial point 10
Negative llh: 136.3041297666682
Dropout rate: 1e-10
Silencing rate: 1e-10
Sigma: 6.254839564678386
Runtime (s): 177.64926082547754
