Launching Problin version 0.5b
Problin was called as follow: /u/gh2161/problin/run_problin.py -c simulated_data/s16c8/k10_r5_character_matrix.csv -t simulated_data/s16c8/true_tree.nwk --delimiter comma -p simulated_data/s16c8/k10_priors.csv -o simulated_data/s16c8/k10_r5_problin.txt --nInitials 10 --ultrametric --randomreps 3
Optimization by EM algorithm
Optimizing branch lengths, phi, and nu without topology search
Initial point 1. Random seed: 1687
Solving with ultrametric constraint
Initial phi: 0.36045142265101326. Initial nu: 0.9418381358911939. Initial nllh: 9296.707585753278
EM finished after 41 iterations.
Optimal point found for initial point 1
Negative llh: 43.033038483507354
Dropout rate: 0
Silencing rate: 6.961723117526609e-07
Initial point 2. Random seed: 4482
Solving with ultrametric constraint
Initial phi: 0.8312163738138693. Initial nu: 0.08895740280781222. Initial nllh: 243.69020178032687
EM finished after 17 iterations.
Optimal point found for initial point 2
Negative llh: 43.03304009489666
Dropout rate: 0
Silencing rate: 6.996361224654695e-07
Initial point 3. Random seed: 4617
Solving with ultrametric constraint
Initial phi: 0.1010783121827898. Initial nu: 0.8499375390088294. Initial nllh: 102.0675155370487
EM finished after 39 iterations.
Optimal point found for initial point 3
Negative llh: 43.033038726605106
Dropout rate: 0
Silencing rate: 7.056826707899229e-07
Initial point 4. Random seed: 617
Solving with ultrametric constraint
Initial phi: 0.20019526488224387. Initial nu: 0.010031036056756728. Initial nllh: 68.16405287404415
EM finished after 9 iterations.
Optimal point found for initial point 4
Negative llh: 43.03303421570126
Dropout rate: 0
Silencing rate: 6.250137603397015e-07
Initial point 5. Random seed: 9311
Solving with ultrametric constraint
Initial phi: 0.6409524876775138. Initial nu: 0.9481131044591331. Initial nllh: 208.48562538633573
EM finished after 24 iterations.
Optimal point found for initial point 5
Negative llh: 43.0330501635324
Dropout rate: 0
Silencing rate: 6.91241896787786e-07
Initial point 6. Random seed: 7794
Solving with ultrametric constraint
Initial phi: 0.07954969175937218. Initial nu: 0.8012235859241712. Initial nllh: 96.7489838049209
EM finished after 24 iterations.
Optimal point found for initial point 6
Negative llh: 43.033048720258
Dropout rate: 0
Silencing rate: 6.947621402968016e-07
Initial point 7. Random seed: 9158
Solving with ultrametric constraint
Initial phi: 0.7117263078392663. Initial nu: 0.968299414781016. Initial nllh: 233.75404501760093
EM finished after 28 iterations.
Optimal point found for initial point 7
Negative llh: 43.033043805742324
Dropout rate: 0
Silencing rate: 7.160363781109808e-07
Initial point 8. Random seed: 2702
Solving with ultrametric constraint
Initial phi: 0.1943935219478299. Initial nu: 0.6655221467316874. Initial nllh: 103.8567674010978
EM finished after 30 iterations.
Optimal point found for initial point 8
Negative llh: 43.03304001475076
Dropout rate: 0
Silencing rate: 7.001363467598043e-07
Initial point 9. Random seed: 9627
Solving with ultrametric constraint
Initial phi: 0.7425256576343316. Initial nu: 0.18320908471997618. Initial nllh: 202.48347782423983
EM finished after 22 iterations.
Optimal point found for initial point 9
Negative llh: 43.03304017460433
Dropout rate: 0
Silencing rate: 7.005621367410652e-07
Initial point 10. Random seed: 7261
Solving with ultrametric constraint
Initial phi: 0.11195732337017349. Initial nu: 0.038322761849884084. Initial nllh: 58.2271914761686
EM finished after 12 iterations.
Optimal point found for initial point 10
Negative llh: 43.03304050761485
Dropout rate: 0
Silencing rate: 7.07620229328584e-07
Traceback (most recent call last):
  File "/u/gh2161/problin/run_problin.py", line 193, in <module>
    main()
  File "/u/gh2161/problin/run_problin.py", line 172, in main
    fout.write("Sigma: " + str(opt_params['sigma']) + "\n")
KeyError: 'sigma'
