Launching Problin version 0.5b
Problin was called as follow: /u/gh2161/Spatial-Division/problin/run_problin.py -c real_location_data/s16c8/k10_r1_character_matrix.csv -t real_location_data/s16c8/true_tree.nwk -S real_location_data/s16c8/leaf_locations.txt --delimiter comma -p real_location_data/s16c8/k10_priors.csv -o real_location_data/s16c8/k10_r1_spalin-divide-beta3.txt --nInitials 10 --ultrametric --randomreps 3 --divide --given_beta 3 --incl_beta_bound
Optimization by Spalin-Divide: Scipy-SLSQP using spatial information
Optimizing branch lengths, phi, and nu without topology search
Initial point 1. Random seed: 9599
Solving with ultrametric constraint
Optimal point found for initial point 1
Negative llh: 138.1147713924259
Dropout rate: 1.3519219417462149e-10
Silencing rate: 1.1024392114634512e-10
Sigma: 6.94115415008065
Initial point 2. Random seed: 35
Solving with ultrametric constraint
Optimal point found for initial point 2
Negative llh: 138.114768567655
Dropout rate: 1e-10
Silencing rate: 1e-10
Sigma: 6.941702704358197
Initial point 3. Random seed: 5320
Solving with ultrametric constraint
Optimal point found for initial point 3
Negative llh: 138.11476870046772
Dropout rate: 3.632736037905288e-10
Silencing rate: 2.066207988430349e-10
Sigma: 6.941636548984165
Initial point 4. Random seed: 4186
Solving with ultrametric constraint
Optimal point found for initial point 4
Negative llh: 138.11477030812262
Dropout rate: 3.916648327300936e-10
Silencing rate: 2.5998217656200365e-10
Sigma: 6.941879172473688
Initial point 5. Random seed: 6997
Solving with ultrametric constraint
Optimal point found for initial point 5
Negative llh: 138.1147766292969
Dropout rate: 1.1052564142557687e-10
Silencing rate: 1.0653768797923431e-10
Sigma: 6.943273000690118
Initial point 6. Random seed: 9410
Solving with ultrametric constraint
Optimal point found for initial point 6
Negative llh: 138.11476887253627
Dropout rate: 3.7189751503291307e-10
Silencing rate: 2.4096411509818747e-10
Sigma: 6.941736936255926
Initial point 7. Random seed: 1730
Solving with ultrametric constraint
Optimal point found for initial point 7
Negative llh: 138.11477391093248
Dropout rate: 1e-10
Silencing rate: 1e-10
Sigma: 6.941127556915963
Initial point 8. Random seed: 5855
Solving with ultrametric constraint
Optimal point found for initial point 8
Negative llh: 138.11477031897564
Dropout rate: 1e-10
Silencing rate: 1e-10
Sigma: 6.942007414177462
Initial point 9. Random seed: 6851
Solving with ultrametric constraint
Optimal point found for initial point 9
Negative llh: 138.11477241361206
Dropout rate: 1e-10
Silencing rate: 1e-10
Sigma: 6.941708660911794
Initial point 10. Random seed: 4931
Solving with ultrametric constraint
Optimal point found for initial point 10
Negative llh: 138.11476931195628
Dropout rate: 3.7093464306795754e-10
Silencing rate: 1.942266511966287e-10
Sigma: 6.941784805071806
Runtime (s): 468.5164704278577
