Launching Problin version 0.5b
Problin was called as follow: /u/gh2161/problin/run_problin.py -c simulated_data/s16c8/k10_r5_character_matrix.csv -t simulated_data/s16c8/true_tree.nwk -S simulated_data/s16c8/true_locations.txt --delimiter comma -p simulated_data/s16c8/k10_priors.csv -o simulated_data/s16c8/k10_r5_spalin_all.txt --nInitials 10 --ultrametric --randomreps 3
Optimization by Spalin: Scipy-SLSQP using spatial information
Optimizing branch lengths, phi, and nu without topology search
Initial point 1. Random seed: 3695
Solving with ultrametric constraint
Optimal point found for initial point 1
Negative llh: 175.42850974936513
Dropout rate: 1e-10
Silencing rate: 1e-10
Sigma: 39.75450815637158
Initial point 2. Random seed: 8550
Solving with ultrametric constraint
Optimal point found for initial point 2
Negative llh: 175.4285101062459
Dropout rate: 1.0000000000000002e-10
Silencing rate: 1e-10
Sigma: 39.75541073837339
Initial point 3. Random seed: 5267
Solving with ultrametric constraint
Optimal point found for initial point 3
Negative llh: 175.42850985666394
Dropout rate: 1.6858590830371759e-10
Silencing rate: 2.185740465878262e-10
Sigma: 39.75473783148765
Initial point 4. Random seed: 1141
Solving with ultrametric constraint
Optimal point found for initial point 4
Negative llh: 175.42850978748672
Dropout rate: 1.5588008890877048e-10
Silencing rate: 2.10547855374323e-10
Sigma: 39.753248684301724
Initial point 5. Random seed: 7723
Solving with ultrametric constraint
Optimal point found for initial point 5
Negative llh: 175.42851016410435
Dropout rate: 1e-10
Silencing rate: 1e-10
Sigma: 39.75992702929641
Initial point 6. Random seed: 2561
Solving with ultrametric constraint
Optimal point found for initial point 6
Negative llh: 175.42850996627354
Dropout rate: 1.6538614978007521e-10
Silencing rate: 1.7246766510106644e-10
Sigma: 39.75582597829501
Initial point 7. Random seed: 2132
Solving with ultrametric constraint
Optimal point found for initial point 7
Negative llh: 175.42851013970304
Dropout rate: 1e-10
Silencing rate: 1e-10
Sigma: 39.751844315768366
Initial point 8. Random seed: 3707
Solving with ultrametric constraint
Optimal point found for initial point 8
Negative llh: 175.42851047096337
Dropout rate: 6.098252047888535e-10
Silencing rate: 4.229368930785246e-10
Sigma: 39.7550845170046
Initial point 9. Random seed: 3870
Solving with ultrametric constraint
Optimal point found for initial point 9
Negative llh: 175.4285103677592
Dropout rate: 1e-10
Silencing rate: 1e-10
Sigma: 39.76140089696702
Initial point 10. Random seed: 4471
Solving with ultrametric constraint
Optimal point found for initial point 10
Negative llh: 175.4285096992266
Dropout rate: 1e-10
Silencing rate: 1e-10
Sigma: 39.7535757379248
Runtime (s): 8.9675512178801
