Launching Problin version 0.5b
Problin was called as follow: /u/gh2161/Spatial-Division/problin/run_problin.py -c real_location_data/s16c8/k10_r4_character_matrix.csv -t real_location_data/s16c8/true_tree.nwk -S real_location_data/s16c8/leaf_locations.txt --delimiter comma -p real_location_data/s16c8/k10_priors.csv -o real_location_data/s16c8/k10_r4_spalin-divide-beta05.txt --nInitials 10 --ultrametric --randomreps 3 --divide --given_beta 0.5 --incl_beta_bound
Optimization by Spalin-Divide: Scipy-SLSQP using spatial information
Optimizing branch lengths, phi, and nu without topology search
Initial point 1. Random seed: 2679
Solving with ultrametric constraint
Optimal point found for initial point 1
Negative llh: 138.26659760634786
Dropout rate: 6.082991871538843e-10
Silencing rate: 3.1963817399728585e-10
Sigma: 6.565796096660722
Initial point 2. Random seed: 9418
Solving with ultrametric constraint
Optimal point found for initial point 2
Negative llh: 138.26659700622804
Dropout rate: 1e-10
Silencing rate: 1e-10
Sigma: 6.566020258460321
Initial point 3. Random seed: 3679
Solving with ultrametric constraint
Optimal point found for initial point 3
Negative llh: 138.2665969012362
Dropout rate: 1e-10
Silencing rate: 1e-10
Sigma: 6.565928312441951
Initial point 4. Random seed: 6278
Solving with ultrametric constraint
Optimal point found for initial point 4
Negative llh: 138.26659693899708
Dropout rate: 1e-10
Silencing rate: 1e-10
Sigma: 6.565912544511644
Initial point 5. Random seed: 332
Solving with ultrametric constraint
Optimal point found for initial point 5
Negative llh: 138.26659690018778
Dropout rate: 2.7565181690327284e-10
Silencing rate: 2.0747969644256078e-10
Sigma: 6.566034685260724
Initial point 6. Random seed: 8338
Solving with ultrametric constraint
Optimal point found for initial point 6
Negative llh: 138.2665969040417
Dropout rate: 1e-10
Silencing rate: 1e-10
Sigma: 6.5660463405763885
Initial point 7. Random seed: 2401
Solving with ultrametric constraint
Optimal point found for initial point 7
Negative llh: 138.26659688579764
Dropout rate: 1.0000000000000002e-10
Silencing rate: 1e-10
Sigma: 6.565962524417082
Initial point 8. Random seed: 5606
Solving with ultrametric constraint
Optimal point found for initial point 8
Negative llh: 138.26659772276565
Dropout rate: 3.6215910267151833e-10
Silencing rate: 2.267789522567552e-10
Sigma: 6.56595388955441
Initial point 9. Random seed: 2691
Solving with ultrametric constraint
Optimal point found for initial point 9
Negative llh: 138.26659700241436
Dropout rate: 1e-10
Silencing rate: 1e-10
Sigma: 6.566017962228898
Initial point 10. Random seed: 9034
Solving with ultrametric constraint
Optimal point found for initial point 10
Negative llh: 138.26659700188608
Dropout rate: 1e-10
Silencing rate: 1e-10
Sigma: 6.565963950625783
Runtime (s): 332.5565751455724
