Launching Problin version 0.5b
Problin was called as follow: /u/gh2161/Spatial-Division/problin/run_problin.py -c real_location_data/s16c8/k10_r5_character_matrix.csv -t real_location_data/s16c8/true_tree.nwk -S real_location_data/s16c8/leaf_locations.txt --delimiter comma -p real_location_data/s16c8/k10_priors.csv -o real_location_data/s16c8/k10_r5_spalin-divide-beta05.txt --nInitials 10 --ultrametric --randomreps 3 --divide --given_beta 0.5 --incl_beta_bound
Optimization by Spalin-Divide: Scipy-SLSQP using spatial information
Optimizing branch lengths, phi, and nu without topology search
Initial point 1. Random seed: 8321
Solving with ultrametric constraint
Optimal point found for initial point 1
Negative llh: 137.33306982566333
Dropout rate: 1e-10
Silencing rate: 1e-10
Sigma: 6.368440977031247
Initial point 2. Random seed: 4052
Solving with ultrametric constraint
Optimal point found for initial point 2
Negative llh: 137.3330697362436
Dropout rate: 6.722704824773615e-10
Silencing rate: 3.813643811940995e-10
Sigma: 6.368496777577678
Initial point 3. Random seed: 6528
Solving with ultrametric constraint
Optimal point found for initial point 3
Negative llh: 137.33307167362173
Dropout rate: 1.0000000000000002e-10
Silencing rate: 1.0000000000000002e-10
Sigma: 6.368908339096209
Initial point 4. Random seed: 4988
Solving with ultrametric constraint
Optimal point found for initial point 4
Negative llh: 137.33307603469416
Dropout rate: 1.5291712014762552e-10
Silencing rate: 1.351643454754599e-10
Sigma: 6.36788832218975
Initial point 5. Random seed: 2360
Solving with ultrametric constraint
Optimal point found for initial point 5
Negative llh: 137.3330696710869
Dropout rate: 1e-10
Silencing rate: 1e-10
Sigma: 6.368567336541453
Initial point 6. Random seed: 3301
Solving with ultrametric constraint
Optimal point found for initial point 6
Negative llh: 137.3330716246141
Dropout rate: 4.659389968138581e-10
Silencing rate: 2.8615689549811973e-10
Sigma: 6.368853370438764
Initial point 7. Random seed: 6725
Solving with ultrametric constraint
Optimal point found for initial point 7
Negative llh: 137.33307005086678
Dropout rate: 1.2448578600812003e-10
Silencing rate: 1.0629624739155833e-10
Sigma: 6.368508804195493
Initial point 8. Random seed: 7813
Solving with ultrametric constraint
Optimal point found for initial point 8
Negative llh: 137.33306974626316
Dropout rate: 5.834931298068096e-10
Silencing rate: 4.344027337941228e-10
Sigma: 6.368502663317841
Initial point 9. Random seed: 8926
Solving with ultrametric constraint
Optimal point found for initial point 9
Negative llh: 137.33307002705817
Dropout rate: 1e-10
Silencing rate: 1e-10
Sigma: 6.368806717527235
Initial point 10. Random seed: 863
Solving with ultrametric constraint
Optimal point found for initial point 10
Negative llh: 137.33307302745598
Dropout rate: 1.0123984143382015e-09
Silencing rate: 6.103839133866058e-10
Sigma: 6.368976187851819
Runtime (s): 190.5198710206896
