Launching Problin version 0.5b
Problin was called as follow: /u/gh2161/problin/run_problin.py -c simulated_data/s16c8/k10_r2_character_matrix.csv -t simulated_data/s16c8/true_tree.nwk -S simulated_data/s16c8/true_locations.txt --delimiter comma -p simulated_data/s16c8/k10_priors.csv -o simulated_data/s16c8/k10_r2_spalin_all.txt --nInitials 10 --ultrametric --randomreps 3
Optimization by Spalin: Scipy-SLSQP using spatial information
Optimizing branch lengths, phi, and nu without topology search
Initial point 1. Random seed: 7502
Solving with ultrametric constraint
Optimal point found for initial point 1
Negative llh: 183.55216415835898
Dropout rate: 4.812075110932425e-10
Silencing rate: 5.434200917504854e-10
Sigma: 47.29197259064505
Initial point 2. Random seed: 6583
Solving with ultrametric constraint
Optimal point found for initial point 2
Negative llh: 183.55216416910207
Dropout rate: 1.0014671937752018e-10
Silencing rate: 1e-10
Sigma: 47.293666745329176
Initial point 3. Random seed: 8010
Solving with ultrametric constraint
Optimal point found for initial point 3
Negative llh: 183.55216403512077
Dropout rate: 1e-10
Silencing rate: 1e-10
Sigma: 47.29614022055217
Initial point 4. Random seed: 7116
Solving with ultrametric constraint
Optimal point found for initial point 4
Negative llh: 183.55216396566033
Dropout rate: 1.26929517195955e-10
Silencing rate: 1e-10
Sigma: 47.292377761347716
Initial point 5. Random seed: 4651
Solving with ultrametric constraint
Optimal point found for initial point 5
Negative llh: 183.5521640519308
Dropout rate: 1e-10
Silencing rate: 1e-10
Sigma: 47.29262769756453
Initial point 6. Random seed: 2349
Solving with ultrametric constraint
Optimal point found for initial point 6
Negative llh: 183.55216399369792
Dropout rate: 1.0020563750255537e-10
Silencing rate: 1.0889152465764282e-10
Sigma: 47.292032099412104
Initial point 7. Random seed: 3254
Solving with ultrametric constraint
Optimal point found for initial point 7
Negative llh: 183.55216403855275
Dropout rate: 1.1396855856720527e-10
Silencing rate: 1.0489503473525847e-10
Sigma: 47.29589856321041
Initial point 8. Random seed: 4162
Solving with ultrametric constraint
Optimal point found for initial point 8
Negative llh: 183.55216398693943
Dropout rate: 1e-10
Silencing rate: 1e-10
Sigma: 47.29478789975579
Initial point 9. Random seed: 6114
Solving with ultrametric constraint
Optimal point found for initial point 9
Negative llh: 183.55216510800886
Dropout rate: 1e-10
Silencing rate: 1e-10
Sigma: 47.29169382443901
Initial point 10. Random seed: 6388
Solving with ultrametric constraint
Optimal point found for initial point 10
Negative llh: 183.5521657064861
Dropout rate: 1e-10
Silencing rate: 1e-10
Sigma: 47.29970680244691
Runtime (s): 10.782982398755848
