Launching Problin version 0.5b
Problin was called as follow: /u/gh2161/problin/run_problin.py -c simulated_data/s5c12/k10_r3_character_matrix.csv -t simulated_data/s5c12/true_tree.nwk -S simulated_data/s5c12/true_locations.txt --delimiter comma -p simulated_data/s5c12/k10_priors.csv -o simulated_data/s5c12/k10_r3_spalin_all.txt --nInitials 10 --ultrametric --randomreps 3
Optimization by Spalin: Scipy-SLSQP using spatial information
Optimizing branch lengths, phi, and nu without topology search
Initial point 1. Random seed: 7478
Solving with ultrametric constraint
Optimal point found for initial point 1
Negative llh: 407.57069357054445
Dropout rate: 1.0000000000000007e-10
Silencing rate: 1.0000000000000007e-10
Sigma: 30.928429652741826
Initial point 2. Random seed: 1087
Solving with ultrametric constraint
Optimal point found for initial point 2
Negative llh: 407.57069442132854
Dropout rate: 8.826759630361453e-10
Silencing rate: 1.4537782900055731e-10
Sigma: 30.9293148951537
Initial point 3. Random seed: 6923
Solving with ultrametric constraint
Optimal point found for initial point 3
Negative llh: 407.57069346903404
Dropout rate: 5.319753600751535e-10
Silencing rate: 4.256636077488044e-10
Sigma: 30.928989711741718
Initial point 4. Random seed: 5777
Solving with ultrametric constraint
Optimal point found for initial point 4
Negative llh: 407.5707435905217
Dropout rate: 1.0642445842886641e-08
Silencing rate: 1.0142175338169181e-10
Sigma: 30.93546375855414
Initial point 5. Random seed: 645
Solving with ultrametric constraint
Optimal point found for initial point 5
Negative llh: 407.57069197535526
Dropout rate: 3.462258660972949e-10
Silencing rate: 1.916280475783185e-10
Sigma: 30.9282520076117
Initial point 6. Random seed: 2649
Solving with ultrametric constraint
Optimal point found for initial point 6
Negative llh: 407.5706998225415
Dropout rate: 1e-10
Silencing rate: 4.9756995565134905e-08
Sigma: 30.92447337127021
Initial point 7. Random seed: 6786
Solving with ultrametric constraint
Optimal point found for initial point 7
Negative llh: 407.57072400143534
Dropout rate: 6.55713878461717e-09
Silencing rate: 2.5008424980011166e-09
Sigma: 30.955832725143146
Initial point 8. Random seed: 7918
Solving with ultrametric constraint
Optimal point found for initial point 8
Negative llh: 406.38163064955006
Dropout rate: 9.999999999999924e-11
Silencing rate: 1.0000000000000007e-10
Sigma: 30.375388255371924
Initial point 9. Random seed: 3771
Solving with ultrametric constraint
Optimal point found for initial point 9
Negative llh: 406.3816333019189
Dropout rate: 9.999999999999924e-11
Silencing rate: 1.503773047286031e-09
Sigma: 30.37723324962401
Initial point 10. Random seed: 3830
Solving with ultrametric constraint
Optimal point found for initial point 10
Negative llh: 406.3816307369973
Dropout rate: 1e-10
Silencing rate: 1e-10
Sigma: 30.37603469189965
Runtime (s): 111.74116164678708
