Launching Problin version 0.5b
Problin was called as follow: /u/gh2161/Spatial-Division/problin/run_problin.py -c real_location_data/s5c12/k10_r1_character_matrix.csv -t real_location_data/s5c12/true_tree.nwk -S real_location_data/s5c12/leaf_locations.txt --delimiter comma -p real_location_data/s5c12/k10_priors.csv -o real_location_data/s5c12/k10_r1_spalin-divide-beta05.txt --nInitials 10 --ultrametric --randomreps 3 --divide --given_beta 0.5 --incl_beta_bound
Optimization by Spalin-Divide: Scipy-SLSQP using spatial information
Optimizing branch lengths, phi, and nu without topology search
Initial point 1. Random seed: 789
Solving with ultrametric constraint
Optimal point found for initial point 1
Negative llh: 313.4569312606923
Dropout rate: 1.0000000000000007e-10
Silencing rate: 1.0000000000000002e-10
Sigma: 5.951843426236682
Initial point 2. Random seed: 4974
Solving with ultrametric constraint
Optimal point found for initial point 2
Negative llh: 313.45693101179177
Dropout rate: 3.0945605818494256e-10
Silencing rate: 1.7977556163857404e-10
Sigma: 5.951784039817556
Initial point 3. Random seed: 7954
Solving with ultrametric constraint
Optimal point found for initial point 3
Negative llh: 313.45693112212376
Dropout rate: 4.15002046784131e-10
Silencing rate: 2.1996581421825012e-10
Sigma: 5.9518690029518435
Initial point 4. Random seed: 8241
Solving with ultrametric constraint
Optimal point found for initial point 4
Negative llh: 313.45693165958096
Dropout rate: 5.34944474885871e-10
Silencing rate: 2.656277944383957e-10
Sigma: 5.951714579544689
Initial point 5. Random seed: 1457
Solving with ultrametric constraint
Optimal point found for initial point 5
Negative llh: 313.45693204641475
Dropout rate: 3.0122061855198176e-10
Silencing rate: 1.7663539124001778e-10
Sigma: 5.951755992204009
Initial point 6. Random seed: 2600
Solving with ultrametric constraint
Fatal: failed to optimize using initial point 6
Initial point 7. Random seed: 6807
Solving with ultrametric constraint
Optimal point found for initial point 7
Negative llh: 313.45693136174
Dropout rate: 4.3403194326398253e-10
Silencing rate: 2.2721280573720566e-10
Sigma: 5.9516649400708985
Initial point 8. Random seed: 93
Solving with ultrametric constraint
Optimal point found for initial point 8
Negative llh: 313.45693102332916
Dropout rate: 3.731890940151039e-10
Silencing rate: 2.040458735432204e-10
Sigma: 5.951787384887713
Initial point 9. Random seed: 5129
Solving with ultrametric constraint
Optimal point found for initial point 9
Negative llh: 313.45693094596515
Dropout rate: 1.0000000000000002e-10
Silencing rate: 1e-10
Sigma: 5.951798703154214
Initial point 10. Random seed: 8282
Solving with ultrametric constraint
Optimal point found for initial point 10
Negative llh: 313.4569307359503
Dropout rate: 1.1482956516661214e-09
Silencing rate: 4.991722341583863e-10
Sigma: 5.951707965750328
Runtime (s): 4637.542595343955
