Launching Problin version 0.5b
Problin was called as follow: /u/gh2161/problin/run_problin.py -c simulated_data/s5c12/k10_r3_character_matrix.csv -t simulated_data/s5c12/true_tree.nwk -S simulated_data/s5c12/leaf_locations.txt --delimiter comma -p simulated_data/s5c12/k10_priors.csv -o simulated_data/s5c12/k10_r3_spalin_leaves_newfelsen.txt --nInitials 10 --ultrametric --randomreps 3
Optimization by Spalin: Scipy-SLSQP using spatial information
Optimizing branch lengths, phi, and nu without topology search
Initial point 1. Random seed: 5481
Solving with ultrametric constraint
Optimal point found for initial point 1
Negative llh: 283.6549348447978
Dropout rate: 1.0000000000000007e-10
Silencing rate: 1.0000000000000007e-10
Sigma: 8.15763113996602
Initial point 2. Random seed: 5839
Solving with ultrametric constraint
Optimal point found for initial point 2
Negative llh: 283.654934539332
Dropout rate: 1e-10
Silencing rate: 1e-10
Sigma: 8.157568280249622
Initial point 3. Random seed: 1005
Solving with ultrametric constraint
Optimal point found for initial point 3
Negative llh: 283.6549351594721
Dropout rate: 1.0000000000000007e-10
Silencing rate: 1.0000000000000007e-10
Sigma: 8.158257935723995
Initial point 4. Random seed: 7549
Solving with ultrametric constraint
Optimal point found for initial point 4
Negative llh: 283.654934890549
Dropout rate: 1.0000000000000007e-10
Silencing rate: 1.0000000000000007e-10
Sigma: 8.158079502009628
Initial point 5. Random seed: 107
Solving with ultrametric constraint
Optimal point found for initial point 5
Negative llh: 283.6549374958886
Dropout rate: 6.8959076483132725e-09
Silencing rate: 7.32813216662068e-09
Sigma: 8.15786636598538
Initial point 6. Random seed: 4031
Solving with ultrametric constraint
Optimal point found for initial point 6
Negative llh: 283.65493487714593
Dropout rate: 1e-10
Silencing rate: 1e-10
Sigma: 8.1573795541807
Initial point 7. Random seed: 3729
Solving with ultrametric constraint
Optimal point found for initial point 7
Negative llh: 283.6549345759094
Dropout rate: 1.243561463453385e-10
Silencing rate: 2.3484997174100647e-10
Sigma: 8.157224032683901
Initial point 8. Random seed: 8422
Solving with ultrametric constraint
Optimal point found for initial point 8
Negative llh: 283.6549352642486
Dropout rate: 1.5315569142188632e-09
Silencing rate: 2.3040564242104856e-09
Sigma: 8.157820452071848
Initial point 9. Random seed: 969
Solving with ultrametric constraint
Optimal point found for initial point 9
Negative llh: 283.6549368908657
Dropout rate: 2.3824671260068197e-09
Silencing rate: 4.455671493195906e-09
Sigma: 8.159108975394044
Initial point 10. Random seed: 2279
Solving with ultrametric constraint
Optimal point found for initial point 10
Negative llh: 283.6549350510023
Dropout rate: 1e-10
Silencing rate: 1e-10
Sigma: 8.158362598911493
Runtime (s): 587.7553788386285
