Launching Problin version 0.5b
Problin was called as follow: /u/gh2161/Spatial-Division/problin/run_problin.py -c real_location_data/s5c12/k10_r3_character_matrix.csv -t real_location_data/s5c12/true_tree.nwk -S real_location_data/s5c12/leaf_locations.txt --delimiter comma -p real_location_data/s5c12/k10_priors.csv -o real_location_data/s5c12/k10_r3_spalin-divide-ignore-beta.txt --nInitials 10 --ultrametric --randomreps 3 --divide
Optimization by Spalin-Divide: Scipy-SLSQP using spatial information
Optimizing branch lengths, phi, and nu without topology search
Initial point 1. Random seed: 3342
Solving with ultrametric constraint
Optimal point found for initial point 1
Negative llh: 326.4032078701112
Dropout rate: 6.2488065293492174e-09
Silencing rate: 1.414992478695716e-09
Sigma: 5.828767766100111
Initial point 2. Random seed: 7940
Solving with ultrametric constraint
Optimal point found for initial point 2
Negative llh: 326.4032174748522
Dropout rate: 1e-10
Silencing rate: 1.0000000000000002e-10
Sigma: 5.828941684610433
Initial point 3. Random seed: 5227
Solving with ultrametric constraint
Optimal point found for initial point 3
Negative llh: 326.40325729436364
Dropout rate: 6.143460817554102e-09
Silencing rate: 2.3788488146132704e-09
Sigma: 5.8274831025258
Initial point 4. Random seed: 2414
Solving with ultrametric constraint
Optimal point found for initial point 4
Negative llh: 326.403214989448
Dropout rate: 1e-10
Silencing rate: 1e-10
Sigma: 5.8284698342745624
Initial point 5. Random seed: 4687
Solving with ultrametric constraint
Optimal point found for initial point 5
Negative llh: 326.40323400685804
Dropout rate: 5.171384450570642e-09
Silencing rate: 1.9416527163793857e-09
Sigma: 5.829082163497568
Initial point 6. Random seed: 4114
Solving with ultrametric constraint
Optimal point found for initial point 6
Negative llh: 326.4032274715578
Dropout rate: 1e-10
Silencing rate: 1e-10
Sigma: 5.828724311562366
Initial point 7. Random seed: 6466
Solving with ultrametric constraint
Optimal point found for initial point 7
Negative llh: 326.4032223738648
Dropout rate: 1.2020539027099157e-08
Silencing rate: 6.18282218794314e-09
Sigma: 5.828323409963779
Initial point 8. Random seed: 5813
Solving with ultrametric constraint
Optimal point found for initial point 8
Negative llh: 326.40321878652435
Dropout rate: 1e-10
Silencing rate: 1e-10
Sigma: 5.828183524154344
Initial point 9. Random seed: 495
Solving with ultrametric constraint
Optimal point found for initial point 9
Negative llh: 326.4032400392525
Dropout rate: 1e-10
Silencing rate: 1e-10
Sigma: 5.828530942540305
Initial point 10. Random seed: 5427
Solving with ultrametric constraint
Optimal point found for initial point 10
Negative llh: 326.4032141718645
Dropout rate: 1.0000000000000002e-10
Silencing rate: 1e-10
Sigma: 5.828563606332483
Runtime (s): 1697.2163181193173
