Launching Problin version 0.5b
Problin was called as follow: /u/gh2161/Spatial-Division/problin/run_problin.py -c real_location_data/s5c12/k10_r1_character_matrix.csv -t real_location_data/s5c12/true_tree.nwk -S real_location_data/s5c12/leaf_locations.txt --delimiter comma -p real_location_data/s5c12/k10_priors.csv -o real_location_data/s5c12/k10_r1_spalin-divide-beta3.txt --nInitials 10 --ultrametric --randomreps 3 --divide --given_beta 3 --incl_beta_bound
Optimization by Spalin-Divide: Scipy-SLSQP using spatial information
Optimizing branch lengths, phi, and nu without topology search
Initial point 1. Random seed: 8503
Solving with ultrametric constraint
Fatal: failed to optimize using initial point 1
Initial point 2. Random seed: 2374
Solving with ultrametric constraint
Optimal point found for initial point 2
Negative llh: 300.0700375786393
Dropout rate: 1.0000000000000002e-10
Silencing rate: 1.0000000000000002e-10
Sigma: 5.43369417812187
Initial point 3. Random seed: 8870
Solving with ultrametric constraint
Optimal point found for initial point 3
Negative llh: 300.0700389035887
Dropout rate: 1.2157430240512167e-09
Silencing rate: 5.244609502948274e-10
Sigma: 5.433737667530726
Initial point 4. Random seed: 2313
Solving with ultrametric constraint
Fatal: failed to optimize using initial point 4
Initial point 5. Random seed: 3877
Solving with ultrametric constraint
Optimal point found for initial point 5
Negative llh: 300.0700391716825
Dropout rate: 1.3696595535921996e-09
Silencing rate: 1.7631387347939125e-09
Sigma: 5.433558627890518
Initial point 6. Random seed: 1316
Solving with ultrametric constraint
Optimal point found for initial point 6
Negative llh: 300.07004209909064
Dropout rate: 4.851297968443831e-10
Silencing rate: 2.464899475475458e-10
Sigma: 5.433823314314116
Initial point 7. Random seed: 9540
Solving with ultrametric constraint
Optimal point found for initial point 7
Negative llh: 300.07003760897254
Dropout rate: 3.2201531353519415e-10
Silencing rate: 1.844684424584623e-10
Sigma: 5.43371368146488
Initial point 8. Random seed: 5537
Solving with ultrametric constraint
Optimal point found for initial point 8
Negative llh: 300.0700380040971
Dropout rate: 1.1630611246285752e-10
Silencing rate: 1.0620305126165707e-10
Sigma: 5.433802169795154
Initial point 9. Random seed: 8095
Solving with ultrametric constraint
Optimal point found for initial point 9
Negative llh: 300.0700373408562
Dropout rate: 5.488388343516762e-10
Silencing rate: 2.7074020518817327e-10
Sigma: 5.433747784702535
Initial point 10. Random seed: 5500
Solving with ultrametric constraint
Optimal point found for initial point 10
Negative llh: 300.07003815350936
Dropout rate: 2.540311478047903e-10
Silencing rate: 3.3571622546309576e-10
Sigma: 5.433574969085791
Runtime (s): 4786.53909853287
