Launching Problin version 0.5b
Problin was called as follow: /u/gh2161/Spatial-Division/problin/run_problin.py -c real_location_data/s5c12/k10_r5_character_matrix.csv -t real_location_data/s5c12/true_tree.nwk -S real_location_data/s5c12/leaf_locations.txt --delimiter comma -p real_location_data/s5c12/k10_priors.csv -o real_location_data/s5c12/k10_r5_spalin.txt --nInitials 10 --ultrametric --randomreps 3
Optimization by Spalin: Scipy-SLSQP using spatial information
Optimizing branch lengths, phi, and nu without topology search
Initial point 1. Random seed: 9446
Solving with ultrametric constraint
Optimal point found for initial point 1
Negative llh: 286.75955992446205
Dropout rate: 1e-10
Silencing rate: 1e-10
Sigma: 42.020456398985736
Initial point 2. Random seed: 944
Solving with ultrametric constraint
Optimal point found for initial point 2
Negative llh: 286.7595604908177
Dropout rate: 6.14934316647309e-10
Silencing rate: 4.497740254934018e-10
Sigma: 42.0214318750572
Initial point 3. Random seed: 2496
Solving with ultrametric constraint
Optimal point found for initial point 3
Negative llh: 286.75956038806606
Dropout rate: 3.356712759306507e-10
Silencing rate: 2.650819230479438e-10
Sigma: 42.02028659207237
Initial point 4. Random seed: 974
Solving with ultrametric constraint
Optimal point found for initial point 4
Negative llh: 286.759560031275
Dropout rate: 3.578034470167388e-10
Silencing rate: 2.624549101161804e-10
Sigma: 42.02110175765893
Initial point 5. Random seed: 8957
Solving with ultrametric constraint
Optimal point found for initial point 5
Negative llh: 286.75956034203904
Dropout rate: 1.0000000000000007e-10
Silencing rate: 2.807018491972622e-10
Sigma: 42.02147738284036
Initial point 6. Random seed: 4850
Solving with ultrametric constraint
Optimal point found for initial point 6
Negative llh: 286.7595599677097
Dropout rate: 1e-10
Silencing rate: 1e-10
Sigma: 42.021948961355015
Initial point 7. Random seed: 2474
Solving with ultrametric constraint
Optimal point found for initial point 7
Negative llh: 286.759560309757
Dropout rate: 7.215782129407938e-10
Silencing rate: 1e-10
Sigma: 42.0213423269956
Initial point 8. Random seed: 1430
Solving with ultrametric constraint
Optimal point found for initial point 8
Negative llh: 286.75956029583506
Dropout rate: 5.387810824510163e-10
Silencing rate: 3.661334049141149e-10
Sigma: 42.02072931319596
Initial point 9. Random seed: 7153
Solving with ultrametric constraint
Optimal point found for initial point 9
Negative llh: 286.759560703247
Dropout rate: 2.903687974136235e-10
Silencing rate: 3.099677268728786e-10
Sigma: 42.021563445780515
Initial point 10. Random seed: 1182
Solving with ultrametric constraint
Optimal point found for initial point 10
Negative llh: 286.7595605029136
Dropout rate: 1.0000000000000007e-10
Silencing rate: 1.0000000000000007e-10
Sigma: 42.02153957492223
Traceback (most recent call last):
  File "/u/gh2161/Spatial-Division/problin/run_problin.py", line 223, in <module>
    main()
  File "/u/gh2161/Spatial-Division/problin/run_problin.py", line 214, in main
    for cell in mySolver.params.displacement_amounts:
AttributeError: 'Params' object has no attribute 'displacement_amounts'
