Launching Problin version 0.5b
Problin was called as follow: /u/gh2161/problin/run_problin.py -c simulated_data/s5c12/k10_r5_character_matrix.csv -t simulated_data/s5c12/true_tree.nwk -S simulated_data/s5c12/leaf_locations.txt --delimiter comma -p simulated_data/s5c12/k10_priors.csv -o simulated_data/s5c12/k10_r5_spalin_leaves_newfelsen.txt --nInitials 10 --ultrametric --randomreps 3
Optimization by Spalin: Scipy-SLSQP using spatial information
Optimizing branch lengths, phi, and nu without topology search
Initial point 1. Random seed: 8221
Solving with ultrametric constraint
Optimal point found for initial point 1
Negative llh: 286.7595604111802
Dropout rate: 1.5832253397414062e-09
Silencing rate: 1.49101424702824e-10
Sigma: 10.595280990078155
Initial point 2. Random seed: 4942
Solving with ultrametric constraint
Optimal point found for initial point 2
Negative llh: 286.7595623002536
Dropout rate: 1.0000000000000007e-10
Silencing rate: 9.999999999999924e-11
Sigma: 10.59511619932457
Initial point 3. Random seed: 503
Solving with ultrametric constraint
Optimal point found for initial point 3
Negative llh: 286.75956202432377
Dropout rate: 5.3688818994135574e-09
Silencing rate: 1.8610769751737712e-09
Sigma: 10.594909405470773
Initial point 4. Random seed: 2665
Solving with ultrametric constraint
Optimal point found for initial point 4
Negative llh: 286.75956040791516
Dropout rate: 9.999999999999996e-11
Silencing rate: 9.999999999999996e-11
Sigma: 10.594852018870924
Initial point 5. Random seed: 3623
Solving with ultrametric constraint
Optimal point found for initial point 5
Negative llh: 286.75956018056763
Dropout rate: 9.999999999999924e-11
Silencing rate: 1.000000000000009e-10
Sigma: 10.594997753621566
Initial point 6. Random seed: 1072
Solving with ultrametric constraint
Optimal point found for initial point 6
Negative llh: 286.759561631667
Dropout rate: 1e-10
Silencing rate: 1e-10
Sigma: 10.595479586520206
Initial point 7. Random seed: 4099
Solving with ultrametric constraint
Optimal point found for initial point 7
Negative llh: 286.7595605383683
Dropout rate: 1e-10
Silencing rate: 1e-10
Sigma: 10.59512866327444
Initial point 8. Random seed: 8579
Solving with ultrametric constraint
Optimal point found for initial point 8
Negative llh: 286.75956020864965
Dropout rate: 1.0501643171446631e-10
Silencing rate: 1.0152155621435668e-10
Sigma: 10.59562121127386
Initial point 9. Random seed: 8842
Solving with ultrametric constraint
Optimal point found for initial point 9
Negative llh: 286.75956005567343
Dropout rate: 1e-10
Silencing rate: 1e-10
Sigma: 10.595879530879948
Initial point 10. Random seed: 3056
Solving with ultrametric constraint
Optimal point found for initial point 10
Negative llh: 286.75956006173885
Dropout rate: 1e-10
Silencing rate: 1e-10
Sigma: 10.594806284065845
Runtime (s): 554.6090362928808
