Launching Problin version 0.5b
Problin was called as follow: /u/gh2161/Spatial-Division/problin/run_problin.py -c real_location_data/s4c10/k10_r2_character_matrix.csv -t real_location_data/s4c10/true_tree.nwk -S real_location_data/s4c10/leaf_locations.txt --delimiter comma -p real_location_data/s4c10/k10_priors.csv -o real_location_data/s4c10/k10_r2_spalin-divide-beta05.txt --nInitials 10 --ultrametric --randomreps 3 --divide --given_beta 0.5 --incl_beta_bound
Optimization by Spalin-Divide: Scipy-SLSQP using spatial information
Optimizing branch lengths, phi, and nu without topology search
Initial point 1. Random seed: 7578
Solving with ultrametric constraint
Optimal point found for initial point 1
Negative llh: 138.95049605738825
Dropout rate: 1e-10
Silencing rate: 1e-10
Sigma: 7.10989088356834
Initial point 2. Random seed: 4813
Solving with ultrametric constraint
Optimal point found for initial point 2
Negative llh: 138.95049644667682
Dropout rate: 1.313597994853707e-09
Silencing rate: 4.789226998551017e-10
Sigma: 7.1101434031601425
Initial point 3. Random seed: 8979
Solving with ultrametric constraint
Optimal point found for initial point 3
Negative llh: 138.9504960672668
Dropout rate: 2.1935561364624796e-10
Silencing rate: 1.819054490706265e-10
Sigma: 7.1099558998098695
Initial point 4. Random seed: 3759
Solving with ultrametric constraint
Optimal point found for initial point 4
Negative llh: 138.9504962429387
Dropout rate: 1.2504473280619302e-09
Silencing rate: 7.382828695930538e-10
Sigma: 7.109872668908225
Initial point 5. Random seed: 3233
Solving with ultrametric constraint
Optimal point found for initial point 5
Negative llh: 138.9504960727586
Dropout rate: 9.999999999999996e-11
Silencing rate: 9.999999999999996e-11
Sigma: 7.109795076979064
Initial point 6. Random seed: 8994
Solving with ultrametric constraint
Optimal point found for initial point 6
Negative llh: 138.9504961436017
Dropout rate: 9.999999999999996e-11
Silencing rate: 1.0000000000000002e-10
Sigma: 7.109948831365083
Initial point 7. Random seed: 1968
Solving with ultrametric constraint
Optimal point found for initial point 7
Negative llh: 138.95049603736607
Dropout rate: 9.999999999999996e-11
Silencing rate: 9.999999999999996e-11
Sigma: 7.109888535320072
Initial point 8. Random seed: 9151
Solving with ultrametric constraint
Optimal point found for initial point 8
Negative llh: 138.95049617973484
Dropout rate: 1e-10
Silencing rate: 1e-10
Sigma: 7.109869897962243
Initial point 9. Random seed: 1492
Solving with ultrametric constraint
Optimal point found for initial point 9
Negative llh: 138.95049964122325
Dropout rate: 1.3186725483625425e-10
Silencing rate: 1.1511015612291404e-10
Sigma: 7.109311781128976
Initial point 10. Random seed: 7594
Solving with ultrametric constraint
Optimal point found for initial point 10
Negative llh: 138.95049621778332
Dropout rate: 7.469530947255115e-10
Silencing rate: 2.7454287554836093e-10
Sigma: 7.110045684785804
Runtime (s): 327.8233646042645
