Launching Problin version 0.5b
Problin was called as follow: /u/gh2161/Spatial-Division/problin/run_problin.py -c real_location_data/s4c10/k10_r3_character_matrix.csv -t real_location_data/s4c10/true_tree.nwk -S real_location_data/s4c10/leaf_locations.txt --delimiter comma -p real_location_data/s4c10/k10_priors.csv -o real_location_data/s4c10/k10_r3_spalin-divide-ignore-beta.txt --nInitials 10 --ultrametric --randomreps 3 --divide
Optimization by Spalin-Divide: Scipy-SLSQP using spatial information
Optimizing branch lengths, phi, and nu without topology search
Initial point 1. Random seed: 2008
Solving with ultrametric constraint
Optimal point found for initial point 1
Negative llh: 149.61142572582483
Dropout rate: 1.7150564499202184e-10
Silencing rate: 1.7033651032696484e-10
Sigma: 6.220619148618702
Initial point 2. Random seed: 7731
Solving with ultrametric constraint
Optimal point found for initial point 2
Negative llh: 149.61144474782068
Dropout rate: 1e-10
Silencing rate: 1e-10
Sigma: 6.2214856946190285
Initial point 3. Random seed: 2141
Solving with ultrametric constraint
Optimal point found for initial point 3
Negative llh: 149.61142367872867
Dropout rate: 1.754308172789356e-09
Silencing rate: 9.264506849535864e-10
Sigma: 6.220098616482724
Initial point 4. Random seed: 188
Solving with ultrametric constraint
Optimal point found for initial point 4
Negative llh: 149.61142510946772
Dropout rate: 1e-10
Silencing rate: 1e-10
Sigma: 6.2213479086178625
Initial point 5. Random seed: 2665
Solving with ultrametric constraint
Optimal point found for initial point 5
Negative llh: 149.61142793389826
Dropout rate: 4.4821049507836495e-10
Silencing rate: 2.659935571679077e-10
Sigma: 6.220078797458177
Initial point 6. Random seed: 8897
Solving with ultrametric constraint
Optimal point found for initial point 6
Negative llh: 149.61148703138207
Dropout rate: 1e-10
Silencing rate: 1e-10
Sigma: 6.220678409446932
Initial point 7. Random seed: 8238
Solving with ultrametric constraint
Optimal point found for initial point 7
Negative llh: 149.61141692764696
Dropout rate: 1.6208060897210184e-10
Silencing rate: 1.3028013666080845e-10
Sigma: 6.220549608125595
Initial point 8. Random seed: 3683
Solving with ultrametric constraint
Optimal point found for initial point 8
Negative llh: 149.61143278677775
Dropout rate: 1e-10
Silencing rate: 1e-10
Sigma: 6.221800889313318
Initial point 9. Random seed: 8169
Solving with ultrametric constraint
Optimal point found for initial point 9
Negative llh: 149.61145430468443
Dropout rate: 9.999999999999996e-11
Silencing rate: 1.0000000000000002e-10
Sigma: 6.221868719589851
Initial point 10. Random seed: 8494
Solving with ultrametric constraint
Optimal point found for initial point 10
Negative llh: 149.61144030862178
Dropout rate: 4.6539050227796394e-10
Silencing rate: 3.0526660836958495e-10
Sigma: 6.218497041033787
Runtime (s): 344.68915254436433
