Launching Problin version 0.5b
Problin was called as follow: /u/gh2161/Spatial-Division/problin/run_problin.py -c real_location_data/s4c10/k10_r2_character_matrix.csv -t real_location_data/s4c10/true_tree.nwk -S real_location_data/s4c10/leaf_locations.txt --delimiter comma -p real_location_data/s4c10/k10_priors.csv -o real_location_data/s4c10/k10_r2_spalin-divide-ignore-beta.txt --nInitials 10 --ultrametric --randomreps 3 --divide
Optimization by Spalin-Divide: Scipy-SLSQP using spatial information
Optimizing branch lengths, phi, and nu without topology search
Initial point 1. Random seed: 7018
Solving with ultrametric constraint
Optimal point found for initial point 1
Negative llh: 137.71057844551876
Dropout rate: 1e-10
Silencing rate: 1e-10
Sigma: 6.955850057408272
Initial point 2. Random seed: 6512
Solving with ultrametric constraint
Optimal point found for initial point 2
Negative llh: 137.71057253701872
Dropout rate: 1e-10
Silencing rate: 1e-10
Sigma: 6.955044638276908
Initial point 3. Random seed: 1407
Solving with ultrametric constraint
Optimal point found for initial point 3
Negative llh: 137.7105724580732
Dropout rate: 1e-10
Silencing rate: 1e-10
Sigma: 6.955097171024809
Initial point 4. Random seed: 98
Solving with ultrametric constraint
Optimal point found for initial point 4
Negative llh: 137.71057266432015
Dropout rate: 1e-10
Silencing rate: 1e-10
Sigma: 6.955272202824093
Initial point 5. Random seed: 3324
Solving with ultrametric constraint
Optimal point found for initial point 5
Negative llh: 137.71057266764566
Dropout rate: 1.0000000000000007e-10
Silencing rate: 9.999999999999996e-11
Sigma: 6.955216031334269
Initial point 6. Random seed: 8360
Solving with ultrametric constraint
Optimal point found for initial point 6
Negative llh: 137.71057285355403
Dropout rate: 9.999999999999996e-11
Silencing rate: 1.0000000000000002e-10
Sigma: 6.95521601030786
Initial point 7. Random seed: 4717
Solving with ultrametric constraint
Optimal point found for initial point 7
Negative llh: 137.71057291325383
Dropout rate: 2.1261287540869766e-09
Silencing rate: 1.9762520429159317e-09
Sigma: 6.955014256333065
Initial point 8. Random seed: 1910
Solving with ultrametric constraint
Optimal point found for initial point 8
Negative llh: 137.7105724445329
Dropout rate: 1e-10
Silencing rate: 1e-10
Sigma: 6.9550722348360114
Initial point 9. Random seed: 5761
Solving with ultrametric constraint
Optimal point found for initial point 9
Negative llh: 137.71057316123736
Dropout rate: 1.9315201842143387e-09
Silencing rate: 1.1756780470995849e-09
Sigma: 6.955401771068743
Initial point 10. Random seed: 2690
Solving with ultrametric constraint
Optimal point found for initial point 10
Negative llh: 137.71057258554367
Dropout rate: 7.590028027137066e-10
Silencing rate: 3.976579314375175e-10
Sigma: 6.955083842137287
Runtime (s): 226.2961013391614
