Launching Problin version 0.5b
Problin was called as follow: /u/gh2161/Spatial-Division/problin/run_problin.py -c real_location_data/s4c10/k10_r2_character_matrix.csv -t real_location_data/s4c10/true_tree.nwk -S real_location_data/s4c10/leaf_locations.txt --delimiter comma -p real_location_data/s4c10/k10_priors.csv -o real_location_data/s4c10/k10_r2_spalin-divide-beta3.txt --nInitials 10 --ultrametric --randomreps 3 --divide --given_beta 3 --incl_beta_bound
Optimization by Spalin-Divide: Scipy-SLSQP using spatial information
Optimizing branch lengths, phi, and nu without topology search
Initial point 1. Random seed: 1352
Solving with ultrametric constraint
Optimal point found for initial point 1
Negative llh: 133.6994217889722
Dropout rate: 1.0038662628070439e-10
Silencing rate: 1.0009528557604618e-10
Sigma: 6.532917395718655
Initial point 2. Random seed: 8427
Solving with ultrametric constraint
Optimal point found for initial point 2
Negative llh: 133.69942176637235
Dropout rate: 1e-10
Silencing rate: 1e-10
Sigma: 6.532905830264329
Initial point 3. Random seed: 7438
Solving with ultrametric constraint
Optimal point found for initial point 3
Negative llh: 133.69942474932188
Dropout rate: 3.054428095253254e-10
Silencing rate: 1.8690066174575782e-10
Sigma: 6.532641333813262
Initial point 4. Random seed: 4790
Solving with ultrametric constraint
Optimal point found for initial point 4
Negative llh: 133.69942181051448
Dropout rate: 1.0000000000000002e-10
Silencing rate: 1.0000000000000002e-10
Sigma: 6.532830510194153
Initial point 5. Random seed: 369
Solving with ultrametric constraint
Optimal point found for initial point 5
Negative llh: 133.69942265990073
Dropout rate: 1.8535521489361693e-10
Silencing rate: 1.6049455262029672e-10
Sigma: 6.532865807869128
Initial point 6. Random seed: 7441
Solving with ultrametric constraint
Optimal point found for initial point 6
Negative llh: 133.69942183289226
Dropout rate: 1e-10
Silencing rate: 1e-10
Sigma: 6.532911701712457
Initial point 7. Random seed: 5171
Solving with ultrametric constraint
Optimal point found for initial point 7
Negative llh: 133.69942188516558
Dropout rate: 2.309724840048738e-10
Silencing rate: 1.898853863224908e-10
Sigma: 6.533119441581779
Initial point 8. Random seed: 2660
Solving with ultrametric constraint
Optimal point found for initial point 8
Negative llh: 133.69942179864103
Dropout rate: 2.807185398442497e-10
Silencing rate: 3.0396700293231434e-10
Sigma: 6.532919990917478
Initial point 9. Random seed: 7863
Solving with ultrametric constraint
Optimal point found for initial point 9
Negative llh: 133.69942176735984
Dropout rate: 1e-10
Silencing rate: 1e-10
Sigma: 6.532916923859872
Initial point 10. Random seed: 4150
Solving with ultrametric constraint
Optimal point found for initial point 10
Negative llh: 133.69942180808576
Dropout rate: 9.999999999999996e-11
Silencing rate: 9.999999999999996e-11
Sigma: 6.532918888068065
Runtime (s): 309.84003429301083
