Launching Problin version 0.5b
Problin was called as follow: /u/gh2161/Spatial-Division/problin/run_problin.py -c real_location_data/s4c10/k10_r5_character_matrix.csv -t real_location_data/s4c10/true_tree.nwk -S real_location_data/s4c10/leaf_locations.txt --delimiter comma -p real_location_data/s4c10/k10_priors.csv -o real_location_data/s4c10/k10_r5_spalin.txt --nInitials 10 --ultrametric --randomreps 3
Optimization by Spalin: Scipy-SLSQP using spatial information
Optimizing branch lengths, phi, and nu without topology search
Initial point 1. Random seed: 4596
Solving with ultrametric constraint
Optimal point found for initial point 1
Negative llh: 119.46410557841614
Dropout rate: 3.109818196565857e-10
Silencing rate: 3.030873083490105e-10
Sigma: 29.91241553446888
Initial point 2. Random seed: 4924
Solving with ultrametric constraint
Optimal point found for initial point 2
Negative llh: 119.46410551344755
Dropout rate: 1.4809757527009085e-10
Silencing rate: 2.181629528884855e-10
Sigma: 29.913258526667054
Initial point 3. Random seed: 3929
Solving with ultrametric constraint
Optimal point found for initial point 3
Negative llh: 119.4641056000113
Dropout rate: 1e-10
Silencing rate: 1e-10
Sigma: 29.91293799824631
Initial point 4. Random seed: 6620
Solving with ultrametric constraint
Optimal point found for initial point 4
Negative llh: 119.46410557002102
Dropout rate: 2.749075926349626e-10
Silencing rate: 6.273080724140959e-10
Sigma: 29.91337885980464
Initial point 5. Random seed: 4395
Solving with ultrametric constraint
Optimal point found for initial point 5
Negative llh: 119.4641062005611
Dropout rate: 1e-10
Silencing rate: 1e-10
Sigma: 29.911437862116372
Initial point 6. Random seed: 3044
Solving with ultrametric constraint
Optimal point found for initial point 6
Negative llh: 119.464105552251
Dropout rate: 9.999999999999996e-11
Silencing rate: 1.0000000000000002e-10
Sigma: 29.913294008573626
Initial point 7. Random seed: 3859
Solving with ultrametric constraint
Optimal point found for initial point 7
Negative llh: 119.46410557350383
Dropout rate: 2.1225516693331395e-10
Silencing rate: 2.9695136422751937e-10
Sigma: 29.911910691928593
Initial point 8. Random seed: 2825
Solving with ultrametric constraint
Optimal point found for initial point 8
Negative llh: 119.4641058954418
Dropout rate: 1.1785229876321985e-09
Silencing rate: 1.2285227839055486e-09
Sigma: 29.913009654490896
Initial point 9. Random seed: 8401
Solving with ultrametric constraint
Optimal point found for initial point 9
Negative llh: 119.4641056125453
Dropout rate: 2.9181704291051985e-10
Silencing rate: 6.47951379542521e-10
Sigma: 29.91332805945358
Initial point 10. Random seed: 2653
Solving with ultrametric constraint
Optimal point found for initial point 10
Negative llh: 119.46410578247554
Dropout rate: 1.0000000000000002e-10
Silencing rate: 1.0000000000000002e-10
Sigma: 29.911771892333622
Traceback (most recent call last):
  File "/u/gh2161/Spatial-Division/problin/run_problin.py", line 223, in <module>
    main()
  File "/u/gh2161/Spatial-Division/problin/run_problin.py", line 214, in main
    for cell in mySolver.params.displacement_amounts:
AttributeError: 'Params' object has no attribute 'displacement_amounts'
