Launching Problin version 0.5b
Problin was called as follow: /u/gh2161/problin/run_problin.py -c simulated_data/s4c10/k10_r4_character_matrix.csv -t simulated_data/s4c10/true_tree.nwk -S simulated_data/s4c10/true_locations.txt --delimiter comma -p simulated_data/s4c10/k10_priors.csv -o simulated_data/s4c10/k10_r4_spalin_all.txt --nInitials 10 --ultrametric --randomreps 3
Optimization by Spalin: Scipy-SLSQP using spatial information
Optimizing branch lengths, phi, and nu without topology search
Initial point 1. Random seed: 318
Solving with ultrametric constraint
Optimal point found for initial point 1
Negative llh: 174.66080026215613
Dropout rate: 1.0000000000000002e-10
Silencing rate: 1e-10
Sigma: 31.110409560326687
Initial point 2. Random seed: 9942
Solving with ultrametric constraint
Optimal point found for initial point 2
Negative llh: 174.66080026313335
Dropout rate: 1e-10
Silencing rate: 1e-10
Sigma: 31.11048708412032
Initial point 3. Random seed: 1652
Solving with ultrametric constraint
Optimal point found for initial point 3
Negative llh: 174.6608003164712
Dropout rate: 1e-10
Silencing rate: 1e-10
Sigma: 31.10945965634652
Initial point 4. Random seed: 2055
Solving with ultrametric constraint
Optimal point found for initial point 4
Negative llh: 174.66080039986605
Dropout rate: 3.8862761122149356e-10
Silencing rate: 1.0329699997404028e-09
Sigma: 31.11102289002421
Initial point 5. Random seed: 6939
Solving with ultrametric constraint
Optimal point found for initial point 5
Negative llh: 174.6608003070333
Dropout rate: 2.5230106388849785e-10
Silencing rate: 2.3387681237497815e-10
Sigma: 31.109264727101277
Initial point 6. Random seed: 6183
Solving with ultrametric constraint
Optimal point found for initial point 6
Negative llh: 174.66080140343698
Dropout rate: 1e-10
Silencing rate: 9.999999999999996e-11
Sigma: 31.109626083511504
Initial point 7. Random seed: 1644
Solving with ultrametric constraint
Optimal point found for initial point 7
Negative llh: 174.66080040552853
Dropout rate: 1.0007814561295247e-10
Silencing rate: 1.0062786660841405e-10
Sigma: 31.109864730596684
Initial point 8. Random seed: 2263
Solving with ultrametric constraint
Optimal point found for initial point 8
Negative llh: 174.6608006022251
Dropout rate: 1e-10
Silencing rate: 1e-10
Sigma: 31.112645892630745
Initial point 9. Random seed: 2658
Solving with ultrametric constraint
Optimal point found for initial point 9
Negative llh: 174.6608003851183
Dropout rate: 1e-10
Silencing rate: 1e-10
Sigma: 31.111101333453245
Initial point 10. Random seed: 2383
Solving with ultrametric constraint
Optimal point found for initial point 10
Negative llh: 174.66080047014637
Dropout rate: 1.2231909310975933e-10
Silencing rate: 1.6401487993246495e-10
Sigma: 31.11272894699337
Runtime (s): 10.194613669067621
