Launching Problin version 0.5b
Problin was called as follow: /u/gh2161/problin/run_problin.py -c simulated_data/s4c10/k10_r3_character_matrix.csv -t simulated_data/s4c10/true_tree.nwk -S simulated_data/s4c10/leaf_locations.txt --delimiter comma -p simulated_data/s4c10/k10_priors.csv -o simulated_data/s4c10/k10_r3_spalin_leaves_newfelsen.txt --nInitials 10 --ultrametric --randomreps 3
Optimization by Spalin: Scipy-SLSQP using spatial information
Optimizing branch lengths, phi, and nu without topology search
Initial point 1. Random seed: 7625
Solving with ultrametric constraint
Optimal point found for initial point 1
Negative llh: 131.52877073138166
Dropout rate: 1e-10
Silencing rate: 1e-10
Sigma: 10.422912176662393
Initial point 2. Random seed: 9962
Solving with ultrametric constraint
Optimal point found for initial point 2
Negative llh: 131.528771209677
Dropout rate: 1e-10
Silencing rate: 1e-10
Sigma: 10.425372812472489
Initial point 3. Random seed: 3407
Solving with ultrametric constraint
Optimal point found for initial point 3
Negative llh: 131.52877093518467
Dropout rate: 1e-10
Silencing rate: 1e-10
Sigma: 10.422508588064217
Initial point 4. Random seed: 8395
Solving with ultrametric constraint
Optimal point found for initial point 4
Negative llh: 131.52877076248427
Dropout rate: 1.0000000000000002e-10
Silencing rate: 1.0000000000000002e-10
Sigma: 10.42290334410266
Initial point 5. Random seed: 8925
Solving with ultrametric constraint
Optimal point found for initial point 5
Negative llh: 131.5287708021002
Dropout rate: 1.0000000000000002e-10
Silencing rate: 1.0000000000000002e-10
Sigma: 10.4235839623245
Initial point 6. Random seed: 2074
Solving with ultrametric constraint
Optimal point found for initial point 6
Negative llh: 131.52877115682148
Dropout rate: 1.7935808837464084e-09
Silencing rate: 1.939741470818174e-09
Sigma: 10.423433968788817
Initial point 7. Random seed: 3660
Solving with ultrametric constraint
Optimal point found for initial point 7
Negative llh: 131.52877149801043
Dropout rate: 1.0000000000000002e-10
Silencing rate: 1.0000000000000002e-10
Sigma: 10.422007846451525
Initial point 8. Random seed: 6761
Solving with ultrametric constraint
Optimal point found for initial point 8
Negative llh: 131.52877111133878
Dropout rate: 1e-10
Silencing rate: 1e-10
Sigma: 10.422984704693837
Initial point 9. Random seed: 8372
Solving with ultrametric constraint
Optimal point found for initial point 9
Negative llh: 131.52877096099667
Dropout rate: 1.0009199771133515e-10
Silencing rate: 1.0029530134384621e-10
Sigma: 10.421510852530481
Initial point 10. Random seed: 1995
Solving with ultrametric constraint
Optimal point found for initial point 10
Negative llh: 131.52877120980804
Dropout rate: 1e-10
Silencing rate: 1e-10
Sigma: 10.422222911978032
Runtime (s): 62.48550433292985
