Launching Problin version 0.5b
Problin was called as follow: /u/gh2161/Spatial-Division/problin/run_problin.py -c real_location_data/s4c10/k10_r5_character_matrix.csv -t real_location_data/s4c10/true_tree.nwk -S real_location_data/s4c10/leaf_locations.txt --delimiter comma -p real_location_data/s4c10/k10_priors.csv -o real_location_data/s4c10/k10_r5_spalin-divide-ignore-beta.txt --nInitials 10 --ultrametric --randomreps 3 --divide
Optimization by Spalin-Divide: Scipy-SLSQP using spatial information
Optimizing branch lengths, phi, and nu without topology search
Initial point 1. Random seed: 1739
Solving with ultrametric constraint
Optimal point found for initial point 1
Negative llh: 137.43176862516424
Dropout rate: 4.376274489588667e-10
Silencing rate: 3.285845801963994e-10
Sigma: 5.27835439355663
Initial point 2. Random seed: 5031
Solving with ultrametric constraint
Optimal point found for initial point 2
Negative llh: 137.43183624097864
Dropout rate: 9.842398874150304e-10
Silencing rate: 7.573549449649293e-10
Sigma: 5.2807047789847585
Initial point 3. Random seed: 7920
Solving with ultrametric constraint
Optimal point found for initial point 3
Negative llh: 137.43176906506076
Dropout rate: 1e-10
Silencing rate: 1e-10
Sigma: 5.2779587495751725
Initial point 4. Random seed: 4990
Solving with ultrametric constraint
Optimal point found for initial point 4
Negative llh: 137.43177621285508
Dropout rate: 6.624065077084735e-10
Silencing rate: 6.377382116613193e-10
Sigma: 5.278241900904535
Initial point 5. Random seed: 2094
Solving with ultrametric constraint
Optimal point found for initial point 5
Negative llh: 137.43177708606981
Dropout rate: 1e-10
Silencing rate: 1e-10
Sigma: 5.277562186342225
Initial point 6. Random seed: 5842
Solving with ultrametric constraint
Optimal point found for initial point 6
Negative llh: 137.43177209594035
Dropout rate: 1.0000000000000002e-10
Silencing rate: 1.0000000000000002e-10
Sigma: 5.278446358341664
Initial point 7. Random seed: 4454
Solving with ultrametric constraint
Optimal point found for initial point 7
Negative llh: 137.43185649441722
Dropout rate: 1.5638459507125016e-09
Silencing rate: 1.2288028171626858e-09
Sigma: 5.281218834961427
Initial point 8. Random seed: 8622
Solving with ultrametric constraint
Optimal point found for initial point 8
Negative llh: 137.43176845680023
Dropout rate: 1.159153297906621e-09
Silencing rate: 9.204889763261812e-10
Sigma: 5.278221411539188
Initial point 9. Random seed: 6068
Solving with ultrametric constraint
Optimal point found for initial point 9
Negative llh: 137.4317686927858
Dropout rate: 1e-10
Silencing rate: 1e-10
Sigma: 5.2783422591441145
Initial point 10. Random seed: 9343
Solving with ultrametric constraint
Optimal point found for initial point 10
Negative llh: 137.43176842491687
Dropout rate: 1.0000000000000002e-10
Silencing rate: 1.0000000000000002e-10
Sigma: 5.2781826106173755
Runtime (s): 425.8532737996429
