Launching Problin version 0.5b
Problin was called as follow: /u/gh2161/Spatial-Division/problin/run_problin.py -c real_location_data/s4c10/k10_r1_character_matrix.csv -t real_location_data/s4c10/true_tree.nwk -S real_location_data/s4c10/leaf_locations.txt --delimiter comma -p real_location_data/s4c10/k10_priors.csv -o real_location_data/s4c10/k10_r1_spalin-divide-beta1.txt --nInitials 10 --ultrametric --randomreps 3 --divide --given_beta 1 --incl_beta_bound
Optimization by Spalin-Divide: Scipy-SLSQP using spatial information
Optimizing branch lengths, phi, and nu without topology search
Initial point 1. Random seed: 6274
Solving with ultrametric constraint
Optimal point found for initial point 1
Negative llh: 144.63933670748472
Dropout rate: 7.231233937647063e-10
Silencing rate: 4.709518595543143e-10
Sigma: 5.333421695456482
Initial point 2. Random seed: 672
Solving with ultrametric constraint
Optimal point found for initial point 2
Negative llh: 144.6393363869343
Dropout rate: 1.0000000000000007e-10
Silencing rate: 9.999999999999996e-11
Sigma: 5.333473286838783
Initial point 3. Random seed: 340
Solving with ultrametric constraint
Optimal point found for initial point 3
Negative llh: 144.6393739220478
Dropout rate: 9.999999999999996e-11
Silencing rate: 9.999999999999996e-11
Sigma: 5.335478072208805
Initial point 4. Random seed: 7592
Solving with ultrametric constraint
Optimal point found for initial point 4
Negative llh: 144.6393691867068
Dropout rate: 1.11372340756455e-09
Silencing rate: 8.320364771983816e-10
Sigma: 5.332546620061571
Initial point 5. Random seed: 7898
Solving with ultrametric constraint
Optimal point found for initial point 5
Negative llh: 144.6393666203182
Dropout rate: 6.424428333304741e-10
Silencing rate: 4.491894920176006e-10
Sigma: 5.333130657731632
Initial point 6. Random seed: 8110
Solving with ultrametric constraint
Optimal point found for initial point 6
Negative llh: 144.63933931924146
Dropout rate: 1e-10
Silencing rate: 1e-10
Sigma: 5.333379347255287
Initial point 7. Random seed: 923
Solving with ultrametric constraint
Optimal point found for initial point 7
Negative llh: 144.63933705406052
Dropout rate: 1.0000000000000002e-10
Silencing rate: 1.0000000000000002e-10
Sigma: 5.333392170458385
Initial point 8. Random seed: 7972
Solving with ultrametric constraint
Optimal point found for initial point 8
Negative llh: 144.63933663934858
Dropout rate: 9.999999999999996e-11
Silencing rate: 9.999999999999996e-11
Sigma: 5.333409912179022
Initial point 9. Random seed: 6703
Solving with ultrametric constraint
Optimal point found for initial point 9
Negative llh: 144.6393366060963
Dropout rate: 1.7134739130069047e-10
Silencing rate: 1.4558202220148496e-10
Sigma: 5.333454581047753
Initial point 10. Random seed: 9199
Solving with ultrametric constraint
Optimal point found for initial point 10
Negative llh: 144.6393366164024
Dropout rate: 1.4429072244739812e-10
Silencing rate: 1.8335080748853323e-10
Sigma: 5.333416302940403
Runtime (s): 310.66382065601647
