Launching Problin version 0.5b
Problin was called as follow: /u/gh2161/Spatial-Division/problin/run_problin.py -c real_location_data/s4c10/k10_r4_character_matrix.csv -t real_location_data/s4c10/true_tree.nwk -S real_location_data/s4c10/leaf_locations.txt --delimiter comma -p real_location_data/s4c10/k10_priors.csv -o real_location_data/s4c10/k10_r4_spalin.txt --nInitials 10 --ultrametric --randomreps 3
Optimization by Spalin: Scipy-SLSQP using spatial information
Optimizing branch lengths, phi, and nu without topology search
Initial point 1. Random seed: 7827
Solving with ultrametric constraint
Optimal point found for initial point 1
Negative llh: 120.26708575346008
Dropout rate: 1.0000000000000002e-10
Silencing rate: 1e-10
Sigma: 39.19116730885621
Initial point 2. Random seed: 3669
Solving with ultrametric constraint
Optimal point found for initial point 2
Negative llh: 120.2670854029812
Dropout rate: 1e-10
Silencing rate: 1e-10
Sigma: 39.19096284475424
Initial point 3. Random seed: 6735
Solving with ultrametric constraint
Optimal point found for initial point 3
Negative llh: 120.26708555848501
Dropout rate: 6.467234898018047e-10
Silencing rate: 6.794750990242427e-10
Sigma: 39.19323994300983
Initial point 4. Random seed: 508
Solving with ultrametric constraint
Optimal point found for initial point 4
Negative llh: 120.26708545599058
Dropout rate: 2.3863078890485597e-10
Silencing rate: 2.2271166942649306e-10
Sigma: 39.193266263129765
Initial point 5. Random seed: 5672
Solving with ultrametric constraint
Optimal point found for initial point 5
Negative llh: 120.26708549112278
Dropout rate: 1e-10
Silencing rate: 1.0000000000000002e-10
Sigma: 39.19060316436006
Initial point 6. Random seed: 8913
Solving with ultrametric constraint
Optimal point found for initial point 6
Negative llh: 120.2670859091059
Dropout rate: 5.361390250815757e-10
Silencing rate: 4.768314690824601e-10
Sigma: 39.189015216610045
Initial point 7. Random seed: 9607
Solving with ultrametric constraint
Optimal point found for initial point 7
Negative llh: 120.26708549379285
Dropout rate: 1e-10
Silencing rate: 1e-10
Sigma: 39.19242299201163
Initial point 8. Random seed: 6907
Solving with ultrametric constraint
Optimal point found for initial point 8
Negative llh: 120.26708554982874
Dropout rate: 9.999999999999996e-11
Silencing rate: 9.999999999999996e-11
Sigma: 39.19289574312154
Initial point 9. Random seed: 3959
Solving with ultrametric constraint
Optimal point found for initial point 9
Negative llh: 120.26708536818617
Dropout rate: 1e-10
Silencing rate: 1e-10
Sigma: 39.19241436116379
Initial point 10. Random seed: 3351
Solving with ultrametric constraint
Optimal point found for initial point 10
Negative llh: 120.26708551576968
Dropout rate: 1e-10
Silencing rate: 1e-10
Sigma: 39.19113540230973
Traceback (most recent call last):
  File "/u/gh2161/Spatial-Division/problin/run_problin.py", line 223, in <module>
    main()
  File "/u/gh2161/Spatial-Division/problin/run_problin.py", line 214, in main
    for cell in mySolver.params.displacement_amounts:
AttributeError: 'Params' object has no attribute 'displacement_amounts'
