Launching Problin version 0.5b
Problin was called as follow: /u/gh2161/Spatial-Division/problin/run_problin.py -c real_location_data/s9c2/k10_r5_character_matrix.csv -t real_location_data/s9c2/true_tree.nwk -S real_location_data/s9c2/leaf_locations.txt --delimiter comma -p real_location_data/s9c2/k10_priors.csv -o real_location_data/s9c2/k10_r5_spalin.txt --nInitials 10 --ultrametric --randomreps 3
Optimization by Spalin: Scipy-SLSQP using spatial information
Optimizing branch lengths, phi, and nu without topology search
Initial point 1. Random seed: 3377
Solving with ultrametric constraint
Optimal point found for initial point 1
Negative llh: 169.41001316991535
Dropout rate: 7.064773988239895e-10
Silencing rate: 1e-10
Sigma: 39.27496139070893
Initial point 2. Random seed: 3890
Solving with ultrametric constraint
Optimal point found for initial point 2
Negative llh: 169.41001341394585
Dropout rate: 1.053941584752434e-10
Silencing rate: 1e-10
Sigma: 39.279061812521974
Initial point 3. Random seed: 646
Solving with ultrametric constraint
Optimal point found for initial point 3
Negative llh: 169.41001287519128
Dropout rate: 1e-10
Silencing rate: 1e-10
Sigma: 39.27887001479337
Initial point 4. Random seed: 8069
Solving with ultrametric constraint
Optimal point found for initial point 4
Negative llh: 169.41001298144624
Dropout rate: 1e-10
Silencing rate: 1e-10
Sigma: 39.27754401371756
Initial point 5. Random seed: 699
Solving with ultrametric constraint
Optimal point found for initial point 5
Negative llh: 169.41001295330017
Dropout rate: 3.4659760507321195e-10
Silencing rate: 4.483955437301654e-10
Sigma: 39.276866427909006
Initial point 6. Random seed: 3656
Solving with ultrametric constraint
Optimal point found for initial point 6
Negative llh: 169.41001301192657
Dropout rate: 1e-10
Silencing rate: 1e-10
Sigma: 39.27717031725287
Initial point 7. Random seed: 80
Solving with ultrametric constraint
Optimal point found for initial point 7
Negative llh: 169.410013140102
Dropout rate: 1e-10
Silencing rate: 1e-10
Sigma: 39.282113720820455
Initial point 8. Random seed: 7006
Solving with ultrametric constraint
Optimal point found for initial point 8
Negative llh: 169.41001294760844
Dropout rate: 1.0644688251962134e-10
Silencing rate: 1.1722449350620464e-10
Sigma: 39.27814885699347
Initial point 9. Random seed: 6442
Solving with ultrametric constraint
Optimal point found for initial point 9
Negative llh: 169.41001294774537
Dropout rate: 5.388036031990896e-10
Silencing rate: 5.194273793150013e-10
Sigma: 39.27695094599056
Initial point 10. Random seed: 2505
Solving with ultrametric constraint
Optimal point found for initial point 10
Negative llh: 169.41001296976734
Dropout rate: 1.1643095962537982e-10
Silencing rate: 1.4681462034445738e-10
Sigma: 39.278517617407616
Traceback (most recent call last):
  File "/u/gh2161/Spatial-Division/problin/run_problin.py", line 223, in <module>
    main()
  File "/u/gh2161/Spatial-Division/problin/run_problin.py", line 214, in main
    for cell in mySolver.params.displacement_amounts:
AttributeError: 'Params' object has no attribute 'displacement_amounts'
