Launching Problin version 0.5b
Problin was called as follow: /u/gh2161/Spatial-Division/problin/run_problin.py -c real_location_data/s9c2/k10_r5_character_matrix.csv -t real_location_data/s9c2/true_tree.nwk -S real_location_data/s9c2/leaf_locations.txt --delimiter comma -p real_location_data/s9c2/k10_priors.csv -o real_location_data/s9c2/k10_r5_spalin-divide-beta05.txt --nInitials 10 --ultrametric --randomreps 3 --divide --given_beta 0.5 --incl_beta_bound
Optimization by Spalin-Divide: Scipy-SLSQP using spatial information
Optimizing branch lengths, phi, and nu without topology search
Initial point 1. Random seed: 804
Solving with ultrametric constraint
Optimal point found for initial point 1
Negative llh: 194.07197932419538
Dropout rate: 1.0000000000000007e-10
Silencing rate: 1.0000000000000002e-10
Sigma: 6.1754099860271285
Initial point 2. Random seed: 5578
Solving with ultrametric constraint
Optimal point found for initial point 2
Negative llh: 194.07196501173223
Dropout rate: 1.0000000000000002e-10
Silencing rate: 1e-10
Sigma: 6.175264199433576
Initial point 3. Random seed: 5973
Solving with ultrametric constraint
Optimal point found for initial point 3
Negative llh: 194.07197854955945
Dropout rate: 1.8877576838308754e-09
Silencing rate: 1.0851882860969155e-09
Sigma: 6.175427399404685
Initial point 4. Random seed: 2332
Solving with ultrametric constraint
Optimal point found for initial point 4
Negative llh: 194.0719646777857
Dropout rate: 1.3993746126440214e-10
Silencing rate: 1.1724430627467278e-10
Sigma: 6.175299649997103
Initial point 5. Random seed: 7687
Solving with ultrametric constraint
Optimal point found for initial point 5
Negative llh: 194.07196473802043
Dropout rate: 3.915792302384292e-10
Silencing rate: 2.7249639392583464e-10
Sigma: 6.175247182799212
Initial point 6. Random seed: 9653
Solving with ultrametric constraint
Optimal point found for initial point 6
Negative llh: 194.0719647092772
Dropout rate: 1.0000000000000007e-10
Silencing rate: 1.0000000000000007e-10
Sigma: 6.1752375566433795
Initial point 7. Random seed: 579
Solving with ultrametric constraint
Optimal point found for initial point 7
Negative llh: 194.07196496665156
Dropout rate: 1.0000000000000002e-10
Silencing rate: 1.0000000000000002e-10
Sigma: 6.175276010045276
Initial point 8. Random seed: 2581
Solving with ultrametric constraint
Optimal point found for initial point 8
Negative llh: 194.07196464859953
Dropout rate: 1.021181099476102e-10
Silencing rate: 1.1377908971182788e-10
Sigma: 6.175300951826877
Initial point 9. Random seed: 937
Solving with ultrametric constraint
Optimal point found for initial point 9
Negative llh: 194.07196973259948
Dropout rate: 1e-10
Silencing rate: 1e-10
Sigma: 6.175287628942485
Initial point 10. Random seed: 3411
Solving with ultrametric constraint
Optimal point found for initial point 10
Negative llh: 194.07197585640807
Dropout rate: 1.0000000000000002e-10
Silencing rate: 1.0000000000000002e-10
Sigma: 6.174639372567074
Runtime (s): 411.64742269180715
