Launching Problin version 0.5b
Problin was called as follow: /u/gh2161/Spatial-Division/problin/run_problin.py -c real_location_data/s9c2/k10_r2_character_matrix.csv -t real_location_data/s9c2/true_tree.nwk -S real_location_data/s9c2/leaf_locations.txt --delimiter comma -p real_location_data/s9c2/k10_priors.csv -o real_location_data/s9c2/k10_r2_spalin-divide-beta1.txt --nInitials 10 --ultrametric --randomreps 3 --divide --given_beta 1 --incl_beta_bound
Optimization by Spalin-Divide: Scipy-SLSQP using spatial information
Optimizing branch lengths, phi, and nu without topology search
Initial point 1. Random seed: 2416
Solving with ultrametric constraint
Optimal point found for initial point 1
Negative llh: 224.98409591624963
Dropout rate: 5.985854047094866e-10
Silencing rate: 3.8692059158135916e-10
Sigma: 5.30173172680226
Initial point 2. Random seed: 2895
Solving with ultrametric constraint
Optimal point found for initial point 2
Negative llh: 224.9840964326649
Dropout rate: 4.805904180409274e-10
Silencing rate: 3.3799864530236174e-10
Sigma: 5.301770243216038
Initial point 3. Random seed: 7838
Solving with ultrametric constraint
Optimal point found for initial point 3
Negative llh: 224.9840967971345
Dropout rate: 2.2335437659560453e-10
Silencing rate: 1.9401790314935742e-10
Sigma: 5.301715629498275
Initial point 4. Random seed: 8432
Solving with ultrametric constraint
Optimal point found for initial point 4
Negative llh: 224.98409493394394
Dropout rate: 1e-10
Silencing rate: 1e-10
Sigma: 5.301715618379703
Initial point 5. Random seed: 8190
Solving with ultrametric constraint
Optimal point found for initial point 5
Negative llh: 224.98409525039898
Dropout rate: 1e-10
Silencing rate: 1e-10
Sigma: 5.3016864116233045
Initial point 6. Random seed: 2921
Solving with ultrametric constraint
Optimal point found for initial point 6
Negative llh: 224.98410329295513
Dropout rate: 1.0000000000000007e-10
Silencing rate: 9.999999999999996e-11
Sigma: 5.301671149356966
Initial point 7. Random seed: 8476
Solving with ultrametric constraint
Optimal point found for initial point 7
Negative llh: 224.98409590619218
Dropout rate: 5.324384773759535e-10
Silencing rate: 4.4428906870948473e-10
Sigma: 5.3016972442748695
Initial point 8. Random seed: 186
Solving with ultrametric constraint
Optimal point found for initial point 8
Negative llh: 224.984095237178
Dropout rate: 1e-10
Silencing rate: 1e-10
Sigma: 5.3017914064988565
Initial point 9. Random seed: 4364
Solving with ultrametric constraint
Optimal point found for initial point 9
Negative llh: 224.9841000378851
Dropout rate: 8.579683430353463e-10
Silencing rate: 5.897666216322685e-10
Sigma: 5.301736090219052
Initial point 10. Random seed: 3387
Solving with ultrametric constraint
Optimal point found for initial point 10
Negative llh: 224.9840951174325
Dropout rate: 9.999999999999996e-11
Silencing rate: 9.999999999999996e-11
Sigma: 5.301746769947581
Runtime (s): 727.873831386969
