Launching Problin version 0.5b
Problin was called as follow: /u/gh2161/problin/run_problin.py -c simulated_data/s9c2/k10_r3_character_matrix.csv -t simulated_data/s9c2/true_tree.nwk -S simulated_data/s9c2/leaf_locations.txt --delimiter comma -p simulated_data/s9c2/k10_priors.csv -o simulated_data/s9c2/k10_r3_spalin_leaves_newfelsen.txt --nInitials 10 --ultrametric --randomreps 3
Optimization by Spalin: Scipy-SLSQP using spatial information
Optimizing branch lengths, phi, and nu without topology search
Initial point 1. Random seed: 8329
Solving with ultrametric constraint
Optimal point found for initial point 1
Negative llh: 184.62530632089045
Dropout rate: 9.999999999999996e-11
Silencing rate: 1.0000000000000002e-10
Sigma: 6.3004142234445455
Initial point 2. Random seed: 6397
Solving with ultrametric constraint
Optimal point found for initial point 2
Negative llh: 184.62530623055213
Dropout rate: 1.4155767729363048e-10
Silencing rate: 1.569781870169014e-10
Sigma: 6.300683217613507
Initial point 3. Random seed: 222
Solving with ultrametric constraint
Optimal point found for initial point 3
Negative llh: 184.6253068707719
Dropout rate: 1.883878222824194e-09
Silencing rate: 1.3710030673545024e-09
Sigma: 6.3003444708262375
Initial point 4. Random seed: 9796
Solving with ultrametric constraint
Optimal point found for initial point 4
Negative llh: 184.6253067607194
Dropout rate: 1.0000000000000007e-10
Silencing rate: 9.999999999999996e-11
Sigma: 6.3002897302935095
Initial point 5. Random seed: 9575
Solving with ultrametric constraint
Optimal point found for initial point 5
Negative llh: 184.62530639177157
Dropout rate: 1.0000000000000002e-10
Silencing rate: 1.0000000000000002e-10
Sigma: 6.300067266051139
Initial point 6. Random seed: 4384
Solving with ultrametric constraint
Optimal point found for initial point 6
Negative llh: 184.62530624946254
Dropout rate: 1.0000000000000007e-10
Silencing rate: 1.0000000000000007e-10
Sigma: 6.300144711067005
Initial point 7. Random seed: 7893
Solving with ultrametric constraint
Optimal point found for initial point 7
Negative llh: 184.62530665176573
Dropout rate: 1e-10
Silencing rate: 1e-10
Sigma: 6.3006330591989474
Initial point 8. Random seed: 9543
Solving with ultrametric constraint
Optimal point found for initial point 8
Negative llh: 184.625306379534
Dropout rate: 1e-10
Silencing rate: 1e-10
Sigma: 6.30045942150298
Initial point 9. Random seed: 6874
Solving with ultrametric constraint
Optimal point found for initial point 9
Negative llh: 184.62530772401692
Dropout rate: 1.0000000000000002e-10
Silencing rate: 1.0000000000000002e-10
Sigma: 6.300772859697636
Initial point 10. Random seed: 2359
Solving with ultrametric constraint
Optimal point found for initial point 10
Negative llh: 184.62530651184883
Dropout rate: 1.659713841474945e-09
Silencing rate: 7.441931864326507e-10
Sigma: 6.30095099346812
Runtime (s): 148.10297035612166
