Launching Problin version 0.5b
Problin was called as follow: /u/gh2161/problin/run_problin.py -c simulated_data/s9c2/k10_r3_character_matrix.csv -t simulated_data/s9c2/true_tree.nwk -S simulated_data/s9c2/true_locations.txt --delimiter comma -p simulated_data/s9c2/k10_priors.csv -o simulated_data/s9c2/k10_r3_spalin_all.txt --nInitials 10 --ultrametric --randomreps 3
Optimization by Spalin: Scipy-SLSQP using spatial information
Optimizing branch lengths, phi, and nu without topology search
Initial point 1. Random seed: 3210
Solving with ultrametric constraint
Optimal point found for initial point 1
Negative llh: 256.2221123060648
Dropout rate: 1.0000000000000002e-10
Silencing rate: 1.0000000000000002e-10
Sigma: 29.090101280304683
Initial point 2. Random seed: 7651
Solving with ultrametric constraint
Optimal point found for initial point 2
Negative llh: 256.22211363098614
Dropout rate: 3.9699035358156615e-09
Silencing rate: 8.02444125527597e-09
Sigma: 29.08991149386704
Initial point 3. Random seed: 2445
Solving with ultrametric constraint
Optimal point found for initial point 3
Negative llh: 256.22211239447495
Dropout rate: 2.6984477682221364e-10
Silencing rate: 4.3962194174543783e-10
Sigma: 29.09076777528423
Initial point 4. Random seed: 5686
Solving with ultrametric constraint
Optimal point found for initial point 4
Negative llh: 256.22211274605064
Dropout rate: 1e-10
Silencing rate: 1e-10
Sigma: 29.089107309403293
Initial point 5. Random seed: 5435
Solving with ultrametric constraint
Optimal point found for initial point 5
Negative llh: 256.222112401001
Dropout rate: 1.0018507440468181e-10
Silencing rate: 1e-10
Sigma: 29.089372368483957
Initial point 6. Random seed: 8297
Solving with ultrametric constraint
Optimal point found for initial point 6
Negative llh: 256.2221123574079
Dropout rate: 1e-10
Silencing rate: 1e-10
Sigma: 29.08951260260368
Initial point 7. Random seed: 861
Solving with ultrametric constraint
Optimal point found for initial point 7
Negative llh: 256.2221124771293
Dropout rate: 2.7043942986036524e-10
Silencing rate: 6.377613415899735e-10
Sigma: 29.088073689369956
Initial point 8. Random seed: 2500
Solving with ultrametric constraint
Optimal point found for initial point 8
Negative llh: 256.2221127939306
Dropout rate: 1.9186136121987513e-10
Silencing rate: 7.806829663123091e-10
Sigma: 29.089058550849643
Initial point 9. Random seed: 2260
Solving with ultrametric constraint
Optimal point found for initial point 9
Negative llh: 256.22211236513135
Dropout rate: 2.7006758240457863e-10
Silencing rate: 5.866007715292021e-10
Sigma: 29.08991735288389
Initial point 10. Random seed: 8574
Solving with ultrametric constraint
Optimal point found for initial point 10
Negative llh: 256.22211235685177
Dropout rate: 1e-10
Silencing rate: 1e-10
Sigma: 29.089321692240837
Runtime (s): 15.882909776177257
