Launching Problin version 0.5b
Problin was called as follow: /u/gh2161/problin/run_problin.py -c simulated_data/s9c2/k10_r2_character_matrix.csv -t simulated_data/s9c2/true_tree.nwk -S simulated_data/s9c2/true_locations.txt --delimiter comma -p simulated_data/s9c2/k10_priors.csv -o simulated_data/s9c2/k10_r2_spalin_all.txt --nInitials 10 --ultrametric --randomreps 3
Optimization by Spalin: Scipy-SLSQP using spatial information
Optimizing branch lengths, phi, and nu without topology search
Initial point 1. Random seed: 3854
Solving with ultrametric constraint
Optimal point found for initial point 1
Negative llh: 271.4734832268706
Dropout rate: 4.5155033856486306e-10
Silencing rate: 7.056709116541859e-10
Sigma: 26.498505081672125
Initial point 2. Random seed: 288
Solving with ultrametric constraint
Optimal point found for initial point 2
Negative llh: 271.4734834003976
Dropout rate: 8.850639129206974e-10
Silencing rate: 1.4351964265413345e-09
Sigma: 26.4983262839664
Initial point 3. Random seed: 6951
Solving with ultrametric constraint
Optimal point found for initial point 3
Negative llh: 271.4734833471971
Dropout rate: 9.999999999999996e-11
Silencing rate: 1.0000000000000007e-10
Sigma: 26.498693287082634
Initial point 4. Random seed: 4272
Solving with ultrametric constraint
Optimal point found for initial point 4
Negative llh: 271.4734831016996
Dropout rate: 1.0000000000000002e-10
Silencing rate: 1.0000000000000002e-10
Sigma: 26.498258485197237
Initial point 5. Random seed: 6311
Solving with ultrametric constraint
Optimal point found for initial point 5
Negative llh: 271.47348308988364
Dropout rate: 1.0000000000000007e-10
Silencing rate: 1.0000000000000007e-10
Sigma: 26.498074435217617
Initial point 6. Random seed: 5347
Solving with ultrametric constraint
Optimal point found for initial point 6
Negative llh: 271.47348314619836
Dropout rate: 1.0001696776053085e-10
Silencing rate: 1.0001006128513264e-10
Sigma: 26.49778133509153
Initial point 7. Random seed: 9453
Solving with ultrametric constraint
Optimal point found for initial point 7
Negative llh: 271.47348317601455
Dropout rate: 1.0000000000000007e-10
Silencing rate: 1.0000000000000007e-10
Sigma: 26.497559426926458
Initial point 8. Random seed: 1377
Solving with ultrametric constraint
Optimal point found for initial point 8
Negative llh: 271.4734832536095
Dropout rate: 5.735389480259107e-10
Silencing rate: 6.675701656372211e-10
Sigma: 26.498084457260692
Initial point 9. Random seed: 2240
Solving with ultrametric constraint
Optimal point found for initial point 9
Negative llh: 271.47348410819814
Dropout rate: 1.8163678129290746e-09
Silencing rate: 5.083132603540852e-09
Sigma: 26.49762919309268
Initial point 10. Random seed: 2421
Solving with ultrametric constraint
Optimal point found for initial point 10
Negative llh: 271.47348353934365
Dropout rate: 4.009685114367872e-10
Silencing rate: 1.3902705371237325e-09
Sigma: 26.497527343553973
Runtime (s): 12.897161430679262
