Launching Problin version 0.5b
Problin was called as follow: /u/gh2161/Spatial-Division/problin/run_problin.py -c real_location_data/s9c2/k10_r3_character_matrix.csv -t real_location_data/s9c2/true_tree.nwk -S real_location_data/s9c2/leaf_locations.txt --delimiter comma -p real_location_data/s9c2/k10_priors.csv -o real_location_data/s9c2/k10_r3_spalin.txt --nInitials 10 --ultrametric --randomreps 3
Optimization by Spalin: Scipy-SLSQP using spatial information
Optimizing branch lengths, phi, and nu without topology search
Initial point 1. Random seed: 6424
Solving with ultrametric constraint
Optimal point found for initial point 1
Negative llh: 184.62530627675307
Dropout rate: 6.490755667807544e-10
Silencing rate: 3.1871996391303407e-10
Sigma: 32.4049473766264
Initial point 2. Random seed: 6694
Solving with ultrametric constraint
Optimal point found for initial point 2
Negative llh: 184.6253067040822
Dropout rate: 1.0895334677848706e-10
Silencing rate: 1.3630045550169962e-10
Sigma: 32.40853896413908
Initial point 3. Random seed: 4542
Solving with ultrametric constraint
Optimal point found for initial point 3
Negative llh: 184.62530625886058
Dropout rate: 2.8011647536962284e-10
Silencing rate: 2.8567076966870137e-10
Sigma: 32.405828896896175
Initial point 4. Random seed: 6188
Solving with ultrametric constraint
Optimal point found for initial point 4
Negative llh: 184.62530634429615
Dropout rate: 3.365699944569393e-10
Silencing rate: 8.226838859457451e-10
Sigma: 32.403719948721445
Initial point 5. Random seed: 5886
Solving with ultrametric constraint
Optimal point found for initial point 5
Negative llh: 184.6253067686098
Dropout rate: 1.2124310358887943e-09
Silencing rate: 1.5897262332898218e-09
Sigma: 32.40414083641679
Initial point 6. Random seed: 5720
Solving with ultrametric constraint
Optimal point found for initial point 6
Negative llh: 184.6253063157583
Dropout rate: 1.144803298023197e-10
Silencing rate: 5.357007819035655e-10
Sigma: 32.40507330567707
Initial point 7. Random seed: 8938
Solving with ultrametric constraint
Optimal point found for initial point 7
Negative llh: 184.62530662724984
Dropout rate: 6.063079701685216e-10
Silencing rate: 5.042678701183995e-10
Sigma: 32.406373206666885
Initial point 8. Random seed: 3693
Solving with ultrametric constraint
Optimal point found for initial point 8
Negative llh: 184.62530653343043
Dropout rate: 1e-10
Silencing rate: 1e-10
Sigma: 32.403620661561014
Initial point 9. Random seed: 9023
Solving with ultrametric constraint
Optimal point found for initial point 9
Negative llh: 184.62530622086473
Dropout rate: 2.2592765771277941e-10
Silencing rate: 1.7489383700730231e-10
Sigma: 32.405004195787946
Initial point 10. Random seed: 909
Solving with ultrametric constraint
Optimal point found for initial point 10
Negative llh: 184.62530615355834
Dropout rate: 1.0000000000000002e-10
Silencing rate: 9.999999999999996e-11
Sigma: 32.40530060675161
Traceback (most recent call last):
  File "/u/gh2161/Spatial-Division/problin/run_problin.py", line 223, in <module>
    main()
  File "/u/gh2161/Spatial-Division/problin/run_problin.py", line 214, in main
    for cell in mySolver.params.displacement_amounts:
AttributeError: 'Params' object has no attribute 'displacement_amounts'
