Launching Problin version 0.5b
Problin was called as follow: /u/gh2161/Spatial-Division/problin/run_problin.py -c real_location_data/s20c4/k10_r5_character_matrix.csv -t real_location_data/s20c4/true_tree.nwk -S real_location_data/s20c4/leaf_locations.txt --delimiter comma -p real_location_data/s20c4/k10_priors.csv -o real_location_data/s20c4/k10_r5_spalin-divide-beta3.txt --nInitials 10 --ultrametric --randomreps 3 --divide --given_beta 3 --incl_beta_bound
Optimization by Spalin-Divide: Scipy-SLSQP using spatial information
Optimizing branch lengths, phi, and nu without topology search
Initial point 1. Random seed: 4842
Solving with ultrametric constraint
Optimal point found for initial point 1
Negative llh: 128.49013892225284
Dropout rate: 1e-10
Silencing rate: 1e-10
Sigma: 7.624328190267111
Initial point 2. Random seed: 1745
Solving with ultrametric constraint
Optimal point found for initial point 2
Negative llh: 128.49013763364124
Dropout rate: 9.999999999999996e-11
Silencing rate: 9.999999999999996e-11
Sigma: 7.624527284057792
Initial point 3. Random seed: 8815
Solving with ultrametric constraint
Optimal point found for initial point 3
Negative llh: 128.4901376502996
Dropout rate: 1e-10
Silencing rate: 1e-10
Sigma: 7.624542837108547
Initial point 4. Random seed: 6509
Solving with ultrametric constraint
Optimal point found for initial point 4
Negative llh: 128.49013766558312
Dropout rate: 9.999999999999999e-11
Silencing rate: 1e-10
Sigma: 7.624530720681063
Initial point 5. Random seed: 5462
Solving with ultrametric constraint
Optimal point found for initial point 5
Negative llh: 128.49014526574166
Dropout rate: 1.2212263200959249e-10
Silencing rate: 1.092710018842161e-10
Sigma: 7.6254492419747395
Initial point 6. Random seed: 1388
Solving with ultrametric constraint
Optimal point found for initial point 6
Negative llh: 128.49013976816101
Dropout rate: 1.0000000000000002e-10
Silencing rate: 1e-10
Sigma: 7.624559072118681
Initial point 7. Random seed: 6604
Solving with ultrametric constraint
Optimal point found for initial point 7
Negative llh: 128.49013785175185
Dropout rate: 2.596835096249646e-10
Silencing rate: 1.36788626623076e-10
Sigma: 7.624506214426002
Initial point 8. Random seed: 3704
Solving with ultrametric constraint
Optimal point found for initial point 8
Negative llh: 128.49013803591518
Dropout rate: 1.8014669663334006e-10
Silencing rate: 1.707698709623762e-10
Sigma: 7.62454296834771
Initial point 9. Random seed: 1120
Solving with ultrametric constraint
Optimal point found for initial point 9
Negative llh: 128.49013778282244
Dropout rate: 1e-10
Silencing rate: 1e-10
Sigma: 7.624495011639277
Initial point 10. Random seed: 7760
Solving with ultrametric constraint
Optimal point found for initial point 10
Negative llh: 128.49013783751923
Dropout rate: 4.708424353704579e-10
Silencing rate: 2.3106505243961917e-10
Sigma: 7.624610827602385
Runtime (s): 305.8162800470018
