Launching Problin version 0.5b
Problin was called as follow: /u/gh2161/Spatial-Division/problin/run_problin.py -c real_location_data/s20c4/k10_r1_character_matrix.csv -t real_location_data/s20c4/true_tree.nwk -S real_location_data/s20c4/leaf_locations.txt --delimiter comma -p real_location_data/s20c4/k10_priors.csv -o real_location_data/s20c4/k10_r1_spalin-divide-beta05.txt --nInitials 10 --ultrametric --randomreps 3 --divide --given_beta 0.5 --incl_beta_bound
Optimization by Spalin-Divide: Scipy-SLSQP using spatial information
Optimizing branch lengths, phi, and nu without topology search
Initial point 1. Random seed: 3078
Solving with ultrametric constraint
Optimal point found for initial point 1
Negative llh: 146.77434445223616
Dropout rate: 2.77049154467249e-10
Silencing rate: 1.807673369939239e-10
Sigma: 7.423057837312396
Initial point 2. Random seed: 8239
Solving with ultrametric constraint
Optimal point found for initial point 2
Negative llh: 146.77434543349918
Dropout rate: 1.2784092964961622e-10
Silencing rate: 1.398262865304268e-10
Sigma: 7.422988632645197
Initial point 3. Random seed: 456
Solving with ultrametric constraint
Optimal point found for initial point 3
Negative llh: 146.77434473281082
Dropout rate: 1e-10
Silencing rate: 1e-10
Sigma: 7.422892573217529
Initial point 4. Random seed: 2976
Solving with ultrametric constraint
Optimal point found for initial point 4
Negative llh: 146.7743444370269
Dropout rate: 1.0000000000000002e-10
Silencing rate: 1.0000000000000002e-10
Sigma: 7.42306067388195
Initial point 5. Random seed: 2230
Solving with ultrametric constraint
Optimal point found for initial point 5
Negative llh: 146.7743444077651
Dropout rate: 1.0000000000000002e-10
Silencing rate: 1.0000000000000002e-10
Sigma: 7.423072685257398
Initial point 6. Random seed: 2033
Solving with ultrametric constraint
Optimal point found for initial point 6
Negative llh: 146.77434486133106
Dropout rate: 1e-10
Silencing rate: 1e-10
Sigma: 7.422973232928417
Initial point 7. Random seed: 2471
Solving with ultrametric constraint
Optimal point found for initial point 7
Negative llh: 146.77434538938925
Dropout rate: 2.1701576350680587e-10
Silencing rate: 1.64315861771853e-10
Sigma: 7.423029833354598
Initial point 8. Random seed: 2234
Solving with ultrametric constraint
Optimal point found for initial point 8
Negative llh: 146.77434536746807
Dropout rate: 1.0000000000000002e-10
Silencing rate: 1.0000000000000007e-10
Sigma: 7.422835356889393
Initial point 9. Random seed: 898
Solving with ultrametric constraint
Optimal point found for initial point 9
Negative llh: 146.77434459674734
Dropout rate: 1e-10
Silencing rate: 1e-10
Sigma: 7.423001989810539
Initial point 10. Random seed: 2299
Solving with ultrametric constraint
Optimal point found for initial point 10
Negative llh: 146.77434490537297
Dropout rate: 2.1981926366793047e-10
Silencing rate: 1.4389817883588117e-10
Sigma: 7.423005661723384
Runtime (s): 202.18931503599742
