Launching Problin version 0.5b
Problin was called as follow: /u/gh2161/Spatial-Division/problin/run_problin.py -c real_location_data/s20c4/k10_r3_character_matrix.csv -t real_location_data/s20c4/true_tree.nwk -S real_location_data/s20c4/leaf_locations.txt --delimiter comma -p real_location_data/s20c4/k10_priors.csv -o real_location_data/s20c4/k10_r3_spalin-divide-beta05.txt --nInitials 10 --ultrametric --randomreps 3 --divide --given_beta 0.5 --incl_beta_bound
Optimization by Spalin-Divide: Scipy-SLSQP using spatial information
Optimizing branch lengths, phi, and nu without topology search
Initial point 1. Random seed: 6792
Solving with ultrametric constraint
Optimal point found for initial point 1
Negative llh: 148.49208658304264
Dropout rate: 1e-10
Silencing rate: 1e-10
Sigma: 7.633851337220324
Initial point 2. Random seed: 8973
Solving with ultrametric constraint
Optimal point found for initial point 2
Negative llh: 148.49208528304987
Dropout rate: 1e-10
Silencing rate: 1e-10
Sigma: 7.6340000073436105
Initial point 3. Random seed: 3908
Solving with ultrametric constraint
Optimal point found for initial point 3
Negative llh: 148.4920847954761
Dropout rate: 5.333617545281099e-10
Silencing rate: 2.3047600999331558e-10
Sigma: 7.6337636143098075
Initial point 4. Random seed: 5908
Solving with ultrametric constraint
Optimal point found for initial point 4
Negative llh: 148.4920849818342
Dropout rate: 1e-10
Silencing rate: 1e-10
Sigma: 7.6336566273660305
Initial point 5. Random seed: 2013
Solving with ultrametric constraint
Optimal point found for initial point 5
Negative llh: 148.49208515795388
Dropout rate: 1e-10
Silencing rate: 1e-10
Sigma: 7.633644843149076
Initial point 6. Random seed: 9540
Solving with ultrametric constraint
Optimal point found for initial point 6
Negative llh: 148.4920848692777
Dropout rate: 2.646912266037565e-10
Silencing rate: 1.725235678828938e-10
Sigma: 7.633759608975516
Initial point 7. Random seed: 9908
Solving with ultrametric constraint
Optimal point found for initial point 7
Negative llh: 148.49208500057253
Dropout rate: 1e-10
Silencing rate: 1e-10
Sigma: 7.633790882088331
Initial point 8. Random seed: 6846
Solving with ultrametric constraint
Optimal point found for initial point 8
Negative llh: 148.49208521595048
Dropout rate: 1e-10
Silencing rate: 1e-10
Sigma: 7.633928836837892
Initial point 9. Random seed: 2997
Solving with ultrametric constraint
Optimal point found for initial point 9
Negative llh: 148.49208530003105
Dropout rate: 1.8071148894807117e-10
Silencing rate: 1.3181346336568217e-10
Sigma: 7.6336639317488615
Initial point 10. Random seed: 8560
Solving with ultrametric constraint
Optimal point found for initial point 10
Negative llh: 148.49208487874006
Dropout rate: 3.1050481303812183e-10
Silencing rate: 2.3763131968480616e-10
Sigma: 7.633854614322742
Runtime (s): 130.9946359358728
