Launching Problin version 0.5b
Problin was called as follow: /u/gh2161/Spatial-Division/problin/run_problin.py -c real_location_data/s20c4/k10_r1_character_matrix.csv -t real_location_data/s20c4/true_tree.nwk -S real_location_data/s20c4/leaf_locations.txt --delimiter comma -p real_location_data/s20c4/k10_priors.csv -o real_location_data/s20c4/k10_r1_spalin.txt --nInitials 10 --ultrametric --randomreps 3
Optimization by Spalin: Scipy-SLSQP using spatial information
Optimizing branch lengths, phi, and nu without topology search
Initial point 1. Random seed: 1658
Solving with ultrametric constraint
Optimal point found for initial point 1
Negative llh: 130.69030570420267
Dropout rate: 1e-10
Silencing rate: 1e-10
Sigma: 56.294401561400676
Initial point 2. Random seed: 7495
Solving with ultrametric constraint
Optimal point found for initial point 2
Negative llh: 130.6903056708479
Dropout rate: 2.6035280893899207e-10
Silencing rate: 1.820189280166536e-10
Sigma: 56.29527411762601
Initial point 3. Random seed: 3305
Solving with ultrametric constraint
Optimal point found for initial point 3
Negative llh: 130.6903061960765
Dropout rate: 3.9868832849304536e-10
Silencing rate: 3.4734446773836115e-10
Sigma: 56.292568446046054
Initial point 4. Random seed: 2334
Solving with ultrametric constraint
Optimal point found for initial point 4
Negative llh: 130.69030591306918
Dropout rate: 1e-10
Silencing rate: 1e-10
Sigma: 56.291901824182425
Initial point 5. Random seed: 4293
Solving with ultrametric constraint
Optimal point found for initial point 5
Negative llh: 130.69030581507863
Dropout rate: 1.7548399302414496e-10
Silencing rate: 1.5679740680239495e-10
Sigma: 56.29331986425733
Initial point 6. Random seed: 9087
Solving with ultrametric constraint
Optimal point found for initial point 6
Negative llh: 130.6903058669068
Dropout rate: 1.0454759821913143e-10
Silencing rate: 1.2017423913282738e-10
Sigma: 56.292448857030074
Initial point 7. Random seed: 6793
Solving with ultrametric constraint
Optimal point found for initial point 7
Negative llh: 130.6903056342163
Dropout rate: 1e-10
Silencing rate: 1e-10
Sigma: 56.294308395410944
Initial point 8. Random seed: 8768
Solving with ultrametric constraint
Optimal point found for initial point 8
Negative llh: 130.69030572341563
Dropout rate: 1.0000000000000002e-10
Silencing rate: 1e-10
Sigma: 56.29356996986928
Initial point 9. Random seed: 9769
Solving with ultrametric constraint
Optimal point found for initial point 9
Negative llh: 130.6903058651973
Dropout rate: 3.347209367804119e-10
Silencing rate: 2.757222635006127e-10
Sigma: 56.29482833786632
Initial point 10. Random seed: 3620
Solving with ultrametric constraint
Optimal point found for initial point 10
Negative llh: 130.69030574458733
Dropout rate: 1.0000000000000002e-10
Silencing rate: 1.0000000000000002e-10
Sigma: 56.296237071085926
Traceback (most recent call last):
  File "/u/gh2161/Spatial-Division/problin/run_problin.py", line 223, in <module>
    main()
  File "/u/gh2161/Spatial-Division/problin/run_problin.py", line 214, in main
    for cell in mySolver.params.displacement_amounts:
AttributeError: 'Params' object has no attribute 'displacement_amounts'
