Launching Problin version 0.5b
Problin was called as follow: /u/gh2161/Spatial-Division/problin/run_problin.py -c real_location_data/s20c4/k10_r1_character_matrix.csv -t real_location_data/s20c4/true_tree.nwk -S real_location_data/s20c4/leaf_locations.txt --delimiter comma -p real_location_data/s20c4/k10_priors.csv -o real_location_data/s20c4/k10_r1_spalin-divide-ignore-beta.txt --nInitials 10 --ultrametric --randomreps 3 --divide
Optimization by Spalin-Divide: Scipy-SLSQP using spatial information
Optimizing branch lengths, phi, and nu without topology search
Initial point 1. Random seed: 8057
Solving with ultrametric constraint
Optimal point found for initial point 1
Negative llh: 146.0595428889021
Dropout rate: 5.43467078894081e-10
Silencing rate: 3.059386430155154e-10
Sigma: 7.3094151114248005
Initial point 2. Random seed: 3352
Solving with ultrametric constraint
Optimal point found for initial point 2
Negative llh: 146.05954270448078
Dropout rate: 1e-10
Silencing rate: 1e-10
Sigma: 7.3083054657196485
Initial point 3. Random seed: 8089
Solving with ultrametric constraint
Optimal point found for initial point 3
Negative llh: 146.0595426983958
Dropout rate: 2.024552744179378e-10
Silencing rate: 1.6107016917234733e-10
Sigma: 7.308489125286844
Initial point 4. Random seed: 298
Solving with ultrametric constraint
Optimal point found for initial point 4
Negative llh: 146.05954291964036
Dropout rate: 6.080700611981129e-10
Silencing rate: 1.3022607929292376e-09
Sigma: 7.308937152946
Initial point 5. Random seed: 8965
Solving with ultrametric constraint
Optimal point found for initial point 5
Negative llh: 146.05954234514215
Dropout rate: 2.207232567017222e-10
Silencing rate: 1.578186396129059e-10
Sigma: 7.308950231796538
Initial point 6. Random seed: 2796
Solving with ultrametric constraint
Optimal point found for initial point 6
Negative llh: 146.0595424170786
Dropout rate: 2.1305487619626866e-10
Silencing rate: 1.759818083010819e-10
Sigma: 7.309190229807747
Initial point 7. Random seed: 2597
Solving with ultrametric constraint
Optimal point found for initial point 7
Negative llh: 146.05954256556478
Dropout rate: 1.0000000000000007e-10
Silencing rate: 1.0000000000000007e-10
Sigma: 7.308890343888408
Initial point 8. Random seed: 6390
Solving with ultrametric constraint
Optimal point found for initial point 8
Negative llh: 146.05954239979138
Dropout rate: 3.4526126283062993e-10
Silencing rate: 2.7963625277131047e-10
Sigma: 7.309208994097985
Initial point 9. Random seed: 4686
Solving with ultrametric constraint
Optimal point found for initial point 9
Negative llh: 146.05954224328158
Dropout rate: 1e-10
Silencing rate: 1e-10
Sigma: 7.308698132441186
Initial point 10. Random seed: 9664
Solving with ultrametric constraint
Optimal point found for initial point 10
Negative llh: 146.0595425860511
Dropout rate: 1.0000000000000002e-10
Silencing rate: 1e-10
Sigma: 7.309056389278786
Runtime (s): 195.1595180835575
