Launching Problin version 0.5b
Problin was called as follow: /u/gh2161/Spatial-Division/problin/run_problin.py -c real_location_data/s20c4/k10_r2_character_matrix.csv -t real_location_data/s20c4/true_tree.nwk -S real_location_data/s20c4/leaf_locations.txt --delimiter comma -p real_location_data/s20c4/k10_priors.csv -o real_location_data/s20c4/k10_r2_spalin-divide-ignore-beta.txt --nInitials 10 --ultrametric --randomreps 3 --divide
Optimization by Spalin-Divide: Scipy-SLSQP using spatial information
Optimizing branch lengths, phi, and nu without topology search
Initial point 1. Random seed: 2116
Solving with ultrametric constraint
Optimal point found for initial point 1
Negative llh: 120.29384644374291
Dropout rate: 1e-10
Silencing rate: 1e-10
Sigma: 7.661061680125583
Initial point 2. Random seed: 2019
Solving with ultrametric constraint
Optimal point found for initial point 2
Negative llh: 120.29384499355251
Dropout rate: 1e-10
Silencing rate: 1e-10
Sigma: 7.662666909408455
Initial point 3. Random seed: 2194
Solving with ultrametric constraint
Optimal point found for initial point 3
Negative llh: 120.29384885092186
Dropout rate: 1.3337834979199217e-10
Silencing rate: 1.937016235463823e-10
Sigma: 7.66068673961657
Initial point 4. Random seed: 812
Solving with ultrametric constraint
Optimal point found for initial point 4
Negative llh: 120.29385025622992
Dropout rate: 7.070054629235426e-10
Silencing rate: 5.9222401573532e-10
Sigma: 7.66357728642843
Initial point 5. Random seed: 8246
Solving with ultrametric constraint
Optimal point found for initial point 5
Negative llh: 120.29385020419105
Dropout rate: 4.924203419531514e-10
Silencing rate: 2.4810358987693674e-10
Sigma: 7.661944761871985
Initial point 6. Random seed: 1705
Solving with ultrametric constraint
Optimal point found for initial point 6
Negative llh: 120.29386008415005
Dropout rate: 1.8001210391771433e-10
Silencing rate: 1.5531569958543513e-10
Sigma: 7.662981105815739
Initial point 7. Random seed: 5967
Solving with ultrametric constraint
Optimal point found for initial point 7
Negative llh: 120.29385085432274
Dropout rate: 1e-10
Silencing rate: 1e-10
Sigma: 7.663060477519995
Initial point 8. Random seed: 4737
Solving with ultrametric constraint
Optimal point found for initial point 8
Negative llh: 120.29384512505409
Dropout rate: 1e-10
Silencing rate: 1e-10
Sigma: 7.6630601336938
Initial point 9. Random seed: 3789
Solving with ultrametric constraint
Optimal point found for initial point 9
Negative llh: 120.2938451535247
Dropout rate: 4.28825158849502e-10
Silencing rate: 3.3255332761458896e-10
Sigma: 7.662523674520038
Initial point 10. Random seed: 6080
Solving with ultrametric constraint
Optimal point found for initial point 10
Negative llh: 120.29384513891954
Dropout rate: 3.5978018856617303e-10
Silencing rate: 2.782005738572573e-10
Sigma: 7.662671496043804
Runtime (s): 249.6111516530509
