Launching Problin version 0.5b
Problin was called as follow: /u/gh2161/problin/run_problin.py -c simulated_data/s20c4/k10_r1_character_matrix.csv -t simulated_data/s20c4/true_tree.nwk -S simulated_data/s20c4/true_locations.txt --delimiter comma -p simulated_data/s20c4/k10_priors.csv -o simulated_data/s20c4/k10_r1_spalin_all.txt --nInitials 10 --ultrametric --randomreps 3
Optimization by Spalin: Scipy-SLSQP using spatial information
Optimizing branch lengths, phi, and nu without topology search
Initial point 1. Random seed: 899
Solving with ultrametric constraint
Optimal point found for initial point 1
Negative llh: 180.99248337209062
Dropout rate: 4.241581896319143e-09
Silencing rate: 2.3056838131700134e-09
Sigma: 46.75228478385167
Initial point 2. Random seed: 7007
Solving with ultrametric constraint
Optimal point found for initial point 2
Negative llh: 180.992480791412
Dropout rate: 1e-10
Silencing rate: 1e-10
Sigma: 46.74688465111151
Initial point 3. Random seed: 4849
Solving with ultrametric constraint
Optimal point found for initial point 3
Negative llh: 180.99248049209123
Dropout rate: 1e-10
Silencing rate: 1.0000000000000002e-10
Sigma: 46.747683414381285
Initial point 4. Random seed: 3636
Solving with ultrametric constraint
Optimal point found for initial point 4
Negative llh: 180.99248048808516
Dropout rate: 1e-10
Silencing rate: 1e-10
Sigma: 46.74542219922713
Initial point 5. Random seed: 5352
Solving with ultrametric constraint
Optimal point found for initial point 5
Negative llh: 180.9924807010363
Dropout rate: 1.0000000000000007e-10
Silencing rate: 1.0000000000000002e-10
Sigma: 46.74351147142171
Initial point 6. Random seed: 9327
Solving with ultrametric constraint
Optimal point found for initial point 6
Negative llh: 180.99248068365816
Dropout rate: 1e-10
Silencing rate: 1e-10
Sigma: 46.74420855557233
Initial point 7. Random seed: 2849
Solving with ultrametric constraint
Optimal point found for initial point 7
Negative llh: 180.992480707969
Dropout rate: 1e-10
Silencing rate: 1e-10
Sigma: 46.747347130936596
Initial point 8. Random seed: 8957
Solving with ultrametric constraint
Optimal point found for initial point 8
Negative llh: 180.99248056344874
Dropout rate: 1e-10
Silencing rate: 1.0000000000000002e-10
Sigma: 46.74516812956236
Initial point 9. Random seed: 7876
Solving with ultrametric constraint
Optimal point found for initial point 9
Negative llh: 180.9924805566873
Dropout rate: 2.3587254849266684e-10
Silencing rate: 2.8629564018151553e-10
Sigma: 46.747063899579324
Initial point 10. Random seed: 2884
Solving with ultrametric constraint
Optimal point found for initial point 10
Negative llh: 180.9924808043307
Dropout rate: 9.999999999999996e-11
Silencing rate: 1.0000000000000002e-10
Sigma: 46.749045840666284
Runtime (s): 6.401494004763663
