Launching Problin version 0.5b
Problin was called as follow: /u/gh2161/problin/run_problin.py -c simulated_data/s20c4/k10_r3_character_matrix.csv -t simulated_data/s20c4/true_tree.nwk -S simulated_data/s20c4/leaf_locations.txt --delimiter comma -p simulated_data/s20c4/k10_priors.csv -o simulated_data/s20c4/k10_r3_spalin_leaves_newfelsen.txt --nInitials 10 --ultrametric --randomreps 3
Optimization by Spalin: Scipy-SLSQP using spatial information
Optimizing branch lengths, phi, and nu without topology search
Initial point 1. Random seed: 3249
Solving with ultrametric constraint
Optimal point found for initial point 1
Negative llh: 132.33412880131627
Dropout rate: 1.7500963608079197e-10
Silencing rate: 1.3510962601536994e-10
Sigma: 21.24378649556084
Initial point 2. Random seed: 4315
Solving with ultrametric constraint
Optimal point found for initial point 2
Negative llh: 132.3341288481244
Dropout rate: 1e-10
Silencing rate: 1e-10
Sigma: 21.23509803355521
Initial point 3. Random seed: 8240
Solving with ultrametric constraint
Optimal point found for initial point 3
Negative llh: 132.33412880055016
Dropout rate: 1e-10
Silencing rate: 1e-10
Sigma: 21.241958785533868
Initial point 4. Random seed: 5397
Solving with ultrametric constraint
Optimal point found for initial point 4
Negative llh: 132.3341290183833
Dropout rate: 1e-10
Silencing rate: 1e-10
Sigma: 21.237152962233672
Initial point 5. Random seed: 6066
Solving with ultrametric constraint
Optimal point found for initial point 5
Negative llh: 132.33412873594642
Dropout rate: 2.863870539876765e-10
Silencing rate: 7.11259144873095e-10
Sigma: 21.240932716331127
Initial point 6. Random seed: 995
Solving with ultrametric constraint
Optimal point found for initial point 6
Negative llh: 132.33412895093812
Dropout rate: 1e-10
Silencing rate: 1e-10
Sigma: 21.237805092929857
Initial point 7. Random seed: 9495
Solving with ultrametric constraint
Optimal point found for initial point 7
Negative llh: 132.33412871321613
Dropout rate: 1e-10
Silencing rate: 1e-10
Sigma: 21.238775771692627
Initial point 8. Random seed: 9446
Solving with ultrametric constraint
Optimal point found for initial point 8
Negative llh: 132.33412883677414
Dropout rate: 1.0575991858207125e-10
Silencing rate: 1.3165802044101143e-10
Sigma: 21.236418375009208
Initial point 9. Random seed: 8738
Solving with ultrametric constraint
Optimal point found for initial point 9
Negative llh: 132.3341288962913
Dropout rate: 1.0000000000000002e-10
Silencing rate: 1.0000000000000002e-10
Sigma: 21.24227637482269
Initial point 10. Random seed: 6538
Solving with ultrametric constraint
Optimal point found for initial point 10
Negative llh: 132.3341289389491
Dropout rate: 1e-10
Silencing rate: 1e-10
Sigma: 21.241547742240037
Runtime (s): 34.382919466122985
