Launching Problin version 0.5b
Problin was called as follow: /u/gh2161/problin/run_problin.py -c simulated_data/s20c4/k10_r4_character_matrix.csv -t simulated_data/s20c4/true_tree.nwk --delimiter comma -p simulated_data/s20c4/k10_priors.csv -o simulated_data/s20c4/k10_r4_problin.txt --nInitials 10 --ultrametric --randomreps 3
Optimization by EM algorithm
Optimizing branch lengths, phi, and nu without topology search
Initial point 1. Random seed: 545
Solving with ultrametric constraint
Initial phi: 0.861175119442321. Initial nu: 0.4018109765328279. Initial nllh: 5334.019232754874
EM finished after 8 iterations.
Optimal point found for initial point 1
Negative llh: 42.518484029566174
Dropout rate: 0
Silencing rate: 7.400050264435016e-07
Initial point 2. Random seed: 6073
Solving with ultrametric constraint
Initial phi: 0.5606272160167339. Initial nu: 0.4964046915747327. Initial nllh: 149.14822704473704
EM finished after 9 iterations.
Optimal point found for initial point 2
Negative llh: 42.51848351216698
Dropout rate: 0
Silencing rate: 7.317051114949936e-07
Initial point 3. Random seed: 7705
Solving with ultrametric constraint
Initial phi: 0.3374521911518381. Initial nu: 0.3364045831171271. Initial nllh: 100.21303734468634
EM finished after 8 iterations.
Optimal point found for initial point 3
Negative llh: 42.51848365988855
Dropout rate: 0
Silencing rate: 7.338888937277561e-07
Initial point 4. Random seed: 7095
Solving with ultrametric constraint
Initial phi: 0.2827069709345355. Initial nu: 0.8581853691398362. Initial nllh: 117.90990424294854
EM finished after 9 iterations.
Optimal point found for initial point 4
Negative llh: 42.51848354684641
Dropout rate: 0
Silencing rate: 7.324387229939074e-07
Initial point 5. Random seed: 248
Solving with ultrametric constraint
Initial phi: 0.5718930071540812. Initial nu: 0.27511422756516385. Initial nllh: 140.87355297587933
EM finished after 8 iterations.
Optimal point found for initial point 5
Negative llh: 42.51848391880168
Dropout rate: 0
Silencing rate: 7.394403587899163e-07
Initial point 6. Random seed: 665
Solving with ultrametric constraint
Initial phi: 0.6580537999695453. Initial nu: 0.5916096307597428. Initial nllh: 178.8955962587598
EM finished after 8 iterations.
Optimal point found for initial point 6
Negative llh: 42.518483687823135
Dropout rate: 0
Silencing rate: 7.338214702614868e-07
Initial point 7. Random seed: 9965
Solving with ultrametric constraint
Initial phi: 0.732467750338651. Initial nu: 0.14982183967785148. Initial nllh: 181.73094148180957
EM finished after 8 iterations.
Optimal point found for initial point 7
Negative llh: 42.518483572705655
Dropout rate: 0
Silencing rate: 7.329935052842948e-07
Initial point 8. Random seed: 433
Solving with ultrametric constraint
Initial phi: 0.5542228266903693. Initial nu: 0.9250430012795406. Initial nllh: 168.76116328135384
EM finished after 9 iterations.
Optimal point found for initial point 8
Negative llh: 42.51848360724364
Dropout rate: 0
Silencing rate: 7.336419825576112e-07
Initial point 9. Random seed: 3209
Solving with ultrametric constraint
Initial phi: 0.6390422701630887. Initial nu: 0.6831544888354959. Initial nllh: 177.98257624690376
EM finished after 8 iterations.
Optimal point found for initial point 9
Negative llh: 42.51848385157383
Dropout rate: 0
Silencing rate: 7.369135968224936e-07
Initial point 10. Random seed: 4394
Solving with ultrametric constraint
Initial phi: 0.26198822477978856. Initial nu: 0.26351554143543005. Initial nllh: 85.84490896129643
EM finished after 8 iterations.
Optimal point found for initial point 10
Negative llh: 42.518483591241655
Dropout rate: 0
Silencing rate: 7.329204481969281e-07
Traceback (most recent call last):
  File "/u/gh2161/problin/run_problin.py", line 193, in <module>
    main()
  File "/u/gh2161/problin/run_problin.py", line 172, in main
    fout.write("Sigma: " + str(opt_params['sigma']) + "\n")
KeyError: 'sigma'
