Launching Problin version 0.5b
Problin was called as follow: /u/gh2161/problin/run_problin.py -c simulated_data/s8c1/k10_r1_character_matrix.csv -t simulated_data/s8c1/true_tree.nwk -S simulated_data/s8c1/leaf_locations.txt --delimiter comma -p simulated_data/s8c1/k10_priors.csv -o simulated_data/s8c1/k10_r1_spalin_leaves_newfelsen.txt --nInitials 10 --ultrametric --randomreps 3
Optimization by Spalin: Scipy-SLSQP using spatial information
Optimizing branch lengths, phi, and nu without topology search
Initial point 1. Random seed: 9048
Solving with ultrametric constraint
Optimal point found for initial point 1
Negative llh: 147.72302624655936
Dropout rate: 1e-10
Silencing rate: 1e-10
Sigma: 4.522790463640107
Initial point 2. Random seed: 233
Solving with ultrametric constraint
Optimal point found for initial point 2
Negative llh: 147.72302651111818
Dropout rate: 1e-10
Silencing rate: 1e-10
Sigma: 4.522497033705876
Initial point 3. Random seed: 340
Solving with ultrametric constraint
Optimal point found for initial point 3
Negative llh: 147.72302715667615
Dropout rate: 1.0357084949404385e-10
Silencing rate: 1.1406210314978859e-10
Sigma: 4.522458592569972
Initial point 4. Random seed: 2539
Solving with ultrametric constraint
Optimal point found for initial point 4
Negative llh: 147.7230266606391
Dropout rate: 1e-10
Silencing rate: 1e-10
Sigma: 4.523181637402458
Initial point 5. Random seed: 9107
Solving with ultrametric constraint
Optimal point found for initial point 5
Negative llh: 147.72302686048982
Dropout rate: 1e-10
Silencing rate: 1.0000000000000002e-10
Sigma: 4.522808597978053
Initial point 6. Random seed: 4233
Solving with ultrametric constraint
Optimal point found for initial point 6
Negative llh: 147.7230274377339
Dropout rate: 1.0000000000000002e-10
Silencing rate: 1.0000000000000002e-10
Sigma: 4.52252140394131
Initial point 7. Random seed: 3670
Solving with ultrametric constraint
Optimal point found for initial point 7
Negative llh: 147.72302629152512
Dropout rate: 1.2584855949949675e-10
Silencing rate: 2.0923878568492233e-10
Sigma: 4.522371944973482
Initial point 8. Random seed: 2924
Solving with ultrametric constraint
Optimal point found for initial point 8
Negative llh: 147.72302647647308
Dropout rate: 5.831721679614901e-10
Silencing rate: 3.471046548670334e-10
Sigma: 4.522758828890993
Initial point 9. Random seed: 7548
Solving with ultrametric constraint
Optimal point found for initial point 9
Negative llh: 147.72302665268677
Dropout rate: 1e-10
Silencing rate: 1e-10
Sigma: 4.522336157264384
Initial point 10. Random seed: 1464
Solving with ultrametric constraint
Optimal point found for initial point 10
Negative llh: 147.72302631790785
Dropout rate: 2.7905640505798327e-10
Silencing rate: 2.8576090345062377e-10
Sigma: 4.522797192905461
Runtime (s): 59.61024860851467
