Launching Problin version 0.5b
Problin was called as follow: /u/gh2161/problin/run_problin.py -c simulated_data/s8c1/k10_r5_character_matrix.csv -t simulated_data/s8c1/true_tree.nwk --delimiter comma -p simulated_data/s8c1/k10_priors.csv -o simulated_data/s8c1/k10_r5_problin.txt --nInitials 10 --ultrametric --randomreps 3
Optimization by EM algorithm
Optimizing branch lengths, phi, and nu without topology search
Initial point 1. Random seed: 8687
Solving with ultrametric constraint
Initial phi: 0.804623650584214. Initial nu: 0.1497085051912933. Initial nllh: 3420.916432383865
EM finished after 11 iterations.
Optimal point found for initial point 1
Negative llh: 48.88725144395653
Dropout rate: 0
Silencing rate: 4.271163023104059e-07
Initial point 2. Random seed: 3280
Solving with ultrametric constraint
Initial phi: 0.849333532507385. Initial nu: 0.9720261130849996. Initial nllh: 369.755886809457
EM finished after 16 iterations.
Optimal point found for initial point 2
Negative llh: 48.88725108527609
Dropout rate: 0
Silencing rate: 4.2588927555562966e-07
Initial point 3. Random seed: 903
Solving with ultrametric constraint
Initial phi: 0.9302341232276164. Initial nu: 0.7554282249220486. Initial nllh: 441.2577057831629
EM finished after 12 iterations.
Optimal point found for initial point 3
Negative llh: 48.887251242257605
Dropout rate: 0
Silencing rate: 4.2702184289448673e-07
Initial point 4. Random seed: 6725
Solving with ultrametric constraint
Initial phi: 0.13619744849845422. Initial nu: 0.44429486169381466. Initial nllh: 109.30638509384767
EM finished after 9 iterations.
Optimal point found for initial point 4
Negative llh: 48.887252211909356
Dropout rate: 0
Silencing rate: 4.3187545900499037e-07
Initial point 5. Random seed: 3310
Solving with ultrametric constraint
Initial phi: 0.10354964586722334. Initial nu: 0.4710555684273887. Initial nllh: 107.43430025436926
EM finished after 10 iterations.
Optimal point found for initial point 5
Negative llh: 48.88725138269987
Dropout rate: 0
Silencing rate: 4.2659672167555027e-07
Initial point 6. Random seed: 3045
Solving with ultrametric constraint
Initial phi: 0.09892693899175502. Initial nu: 0.8156193510632156. Initial nllh: 140.04872356749354
EM finished after 8 iterations.
Optimal point found for initial point 6
Negative llh: 48.88725623153111
Dropout rate: 0
Silencing rate: 4.626275017497187e-07
Initial point 7. Random seed: 5707
Solving with ultrametric constraint
Initial phi: 0.9242246732571846. Initial nu: 0.8218909310358574. Initial nllh: 437.7473660132582
EM finished after 10 iterations.
Optimal point found for initial point 7
Negative llh: 48.88725137255519
Dropout rate: 0
Silencing rate: 4.2659278984255745e-07
Initial point 8. Random seed: 8501
Solving with ultrametric constraint
Initial phi: 0.26540892579256975. Initial nu: 0.2720009023028655. Initial nllh: 112.13289491867995
EM finished after 10 iterations.
Optimal point found for initial point 8
Negative llh: 48.887251572863484
Dropout rate: 0
Silencing rate: 4.257086605014773e-07
Initial point 9. Random seed: 9924
Solving with ultrametric constraint
Initial phi: 0.8715945723093433. Initial nu: 0.08287730427330106. Initial nllh: 303.1877272238602
EM finished after 12 iterations.
Optimal point found for initial point 9
Negative llh: 48.88725114467465
Dropout rate: 0
Silencing rate: 4.263613406519326e-07
Initial point 10. Random seed: 9468
Solving with ultrametric constraint
Initial phi: 0.10261570443772959. Initial nu: 0.24954720262313898. Initial nllh: 85.94726700901317
EM finished after 11 iterations.
Optimal point found for initial point 10
Negative llh: 48.88725111428085
Dropout rate: 0
Silencing rate: 4.2532470164176315e-07
Traceback (most recent call last):
  File "/u/gh2161/problin/run_problin.py", line 193, in <module>
    main()
  File "/u/gh2161/problin/run_problin.py", line 172, in main
    fout.write("Sigma: " + str(opt_params['sigma']) + "\n")
KeyError: 'sigma'
