Launching Problin version 0.5b
Problin was called as follow: /u/gh2161/Spatial-Division/problin/run_problin.py -c real_location_data/s8c1/k10_r1_character_matrix.csv -t real_location_data/s8c1/true_tree.nwk -S real_location_data/s8c1/leaf_locations.txt --delimiter comma -p real_location_data/s8c1/k10_priors.csv -o real_location_data/s8c1/k10_r1_spalin-divide-beta3.txt --nInitials 10 --ultrametric --randomreps 3 --divide --given_beta 3 --incl_beta_bound
Optimization by Spalin-Divide: Scipy-SLSQP using spatial information
Optimizing branch lengths, phi, and nu without topology search
Initial point 1. Random seed: 5419
Solving with ultrametric constraint
Optimal point found for initial point 1
Negative llh: 162.37387087220267
Dropout rate: 1.242399207221321e-10
Silencing rate: 1.2964317153803154e-10
Sigma: 4.676952180714804
Initial point 2. Random seed: 8098
Solving with ultrametric constraint
Optimal point found for initial point 2
Negative llh: 162.37387100988218
Dropout rate: 7.198055035158956e-10
Silencing rate: 5.115463853493469e-10
Sigma: 4.676966844458213
Initial point 3. Random seed: 9294
Solving with ultrametric constraint
Optimal point found for initial point 3
Negative llh: 162.37387918966695
Dropout rate: 1.0398560759999139e-09
Silencing rate: 7.194216535657874e-10
Sigma: 4.67714076804463
Initial point 4. Random seed: 1172
Solving with ultrametric constraint
Optimal point found for initial point 4
Negative llh: 162.37387237704624
Dropout rate: 2.0199205373109837e-10
Silencing rate: 2.4929160021675727e-10
Sigma: 4.676879986207789
Initial point 5. Random seed: 7079
Solving with ultrametric constraint
Optimal point found for initial point 5
Negative llh: 162.37387111173467
Dropout rate: 1e-10
Silencing rate: 1e-10
Sigma: 4.676915009507348
Initial point 6. Random seed: 6988
Solving with ultrametric constraint
Optimal point found for initial point 6
Negative llh: 162.3738736930384
Dropout rate: 1.0000000000000002e-10
Silencing rate: 1.0000000000000002e-10
Sigma: 4.6770873857000925
Initial point 7. Random seed: 950
Solving with ultrametric constraint
Optimal point found for initial point 7
Negative llh: 162.3738734464941
Dropout rate: 1.0000000000000002e-10
Silencing rate: 1.0000000000000002e-10
Sigma: 4.676899068756374
Initial point 8. Random seed: 5080
Solving with ultrametric constraint
Optimal point found for initial point 8
Negative llh: 162.37387161210432
Dropout rate: 1.430267907767012e-10
Silencing rate: 1.2477731330508197e-10
Sigma: 4.676890474950022
Initial point 9. Random seed: 3666
Solving with ultrametric constraint
Optimal point found for initial point 9
Negative llh: 162.37387085767713
Dropout rate: 1e-10
Silencing rate: 1e-10
Sigma: 4.676938202425573
Initial point 10. Random seed: 33
Solving with ultrametric constraint
Optimal point found for initial point 10
Negative llh: 162.37387302579924
Dropout rate: 1.0033584312070559e-10
Silencing rate: 1.0063505747474967e-10
Sigma: 4.676931032223549
Runtime (s): 338.4931301372126
