Launching Problin version 0.5b
Problin was called as follow: /u/gh2161/Spatial-Division/problin/run_problin.py -c real_location_data/s8c1/k10_r3_character_matrix.csv -t real_location_data/s8c1/true_tree.nwk -S real_location_data/s8c1/leaf_locations.txt --delimiter comma -p real_location_data/s8c1/k10_priors.csv -o real_location_data/s8c1/k10_r3_spalin-divide-beta1.txt --nInitials 10 --ultrametric --randomreps 3 --divide --given_beta 1 --incl_beta_bound
Optimization by Spalin-Divide: Scipy-SLSQP using spatial information
Optimizing branch lengths, phi, and nu without topology search
Initial point 1. Random seed: 9593
Solving with ultrametric constraint
Optimal point found for initial point 1
Negative llh: 152.34568008439464
Dropout rate: 4.146198967168801e-10
Silencing rate: 2.5632043029716397e-10
Sigma: 5.079049185875193
Initial point 2. Random seed: 7395
Solving with ultrametric constraint
Optimal point found for initial point 2
Negative llh: 152.34567935850225
Dropout rate: 2.4736471673706163e-10
Silencing rate: 2.0334119676496886e-10
Sigma: 5.079161528204745
Initial point 3. Random seed: 2802
Solving with ultrametric constraint
Optimal point found for initial point 3
Negative llh: 152.3456682860193
Dropout rate: 1e-10
Silencing rate: 1e-10
Sigma: 5.079017933858307
Initial point 4. Random seed: 1096
Solving with ultrametric constraint
Optimal point found for initial point 4
Negative llh: 152.3456682949581
Dropout rate: 1.0000000000000002e-10
Silencing rate: 1e-10
Sigma: 5.079023204645994
Initial point 5. Random seed: 8241
Solving with ultrametric constraint
Optimal point found for initial point 5
Negative llh: 152.34566828660957
Dropout rate: 1e-10
Silencing rate: 1e-10
Sigma: 5.079016294751332
Initial point 6. Random seed: 4844
Solving with ultrametric constraint
Optimal point found for initial point 6
Negative llh: 152.34566837680646
Dropout rate: 6.320317450182916e-10
Silencing rate: 4.1732260701641113e-10
Sigma: 5.079016652175823
Initial point 7. Random seed: 6428
Solving with ultrametric constraint
Fatal: failed to optimize using initial point 7
Initial point 8. Random seed: 8972
Solving with ultrametric constraint
Optimal point found for initial point 8
Negative llh: 152.34566833292448
Dropout rate: 1.0000000000000002e-10
Silencing rate: 1.0000000000000002e-10
Sigma: 5.079014983301477
Initial point 9. Random seed: 9514
Solving with ultrametric constraint
Optimal point found for initial point 9
Negative llh: 152.345668443433
Dropout rate: 3.7944560551097736e-10
Silencing rate: 3.916070646430889e-10
Sigma: 5.078966133563966
Initial point 10. Random seed: 8682
Solving with ultrametric constraint
Optimal point found for initial point 10
Negative llh: 152.3456682870596
Dropout rate: 1e-10
Silencing rate: 1e-10
Sigma: 5.079021016043623
Runtime (s): 291.4639869239181
