Launching Problin version 0.5b
Problin was called as follow: /u/gh2161/Spatial-Division/problin/run_problin.py -c real_location_data/s10c1/k10_r1_character_matrix.csv -t real_location_data/s10c1/true_tree.nwk -S real_location_data/s10c1/leaf_locations.txt --delimiter comma -p real_location_data/s10c1/k10_priors.csv -o real_location_data/s10c1/k10_r1_spalin-divide-beta3.txt --nInitials 10 --ultrametric --randomreps 3 --divide --given_beta 3 --incl_beta_bound
Optimization by Spalin-Divide: Scipy-SLSQP using spatial information
Optimizing branch lengths, phi, and nu without topology search
Initial point 1. Random seed: 7418
Solving with ultrametric constraint
Optimal point found for initial point 1
Negative llh: 162.97925390837048
Dropout rate: 1.7532075988492635e-10
Silencing rate: 1.2282141143067946e-10
Sigma: 6.446335682800305
Initial point 2. Random seed: 7105
Solving with ultrametric constraint
Optimal point found for initial point 2
Negative llh: 162.97925416780436
Dropout rate: 3.9306251105398707e-10
Silencing rate: 2.1651250660041907e-10
Sigma: 6.446398581102395
Initial point 3. Random seed: 3031
Solving with ultrametric constraint
Optimal point found for initial point 3
Negative llh: 162.9792542063313
Dropout rate: 1e-10
Silencing rate: 1e-10
Sigma: 6.446439983244778
Initial point 4. Random seed: 1153
Solving with ultrametric constraint
Optimal point found for initial point 4
Negative llh: 162.97925389553998
Dropout rate: 1e-10
Silencing rate: 1e-10
Sigma: 6.446289983621911
Initial point 5. Random seed: 7481
Solving with ultrametric constraint
Optimal point found for initial point 5
Negative llh: 162.97925674707946
Dropout rate: 5.197828642169282e-10
Silencing rate: 3.1453995044611145e-10
Sigma: 6.4457857913396595
Initial point 6. Random seed: 4482
Solving with ultrametric constraint
Optimal point found for initial point 6
Negative llh: 162.9792552071914
Dropout rate: 1.5427447758174862e-10
Silencing rate: 1.1758463437978506e-10
Sigma: 6.446759323300298
Initial point 7. Random seed: 7867
Solving with ultrametric constraint
Optimal point found for initial point 7
Negative llh: 162.9792539699663
Dropout rate: 4.717178532152552e-10
Silencing rate: 2.1028134405413625e-10
Sigma: 6.446311544221272
Initial point 8. Random seed: 7376
Solving with ultrametric constraint
Optimal point found for initial point 8
Negative llh: 162.97925479707172
Dropout rate: 1e-10
Silencing rate: 1e-10
Sigma: 6.446549355436487
Initial point 9. Random seed: 8433
Solving with ultrametric constraint
Optimal point found for initial point 9
Negative llh: 162.97925395761138
Dropout rate: 1e-10
Silencing rate: 1e-10
Sigma: 6.446262126973886
Initial point 10. Random seed: 1459
Solving with ultrametric constraint
Optimal point found for initial point 10
Negative llh: 162.97925417104324
Dropout rate: 1e-10
Silencing rate: 1e-10
Sigma: 6.4463504579261155
Runtime (s): 569.8408321118914
