Launching Problin version 0.5b
Problin was called as follow: /u/gh2161/Spatial-Division/problin/run_problin.py -c real_location_data/s10c1/k10_r2_character_matrix.csv -t real_location_data/s10c1/true_tree.nwk -S real_location_data/s10c1/leaf_locations.txt --delimiter comma -p real_location_data/s10c1/k10_priors.csv -o real_location_data/s10c1/k10_r2_spalin-divide-beta1.txt --nInitials 10 --ultrametric --randomreps 3 --divide --given_beta 1 --incl_beta_bound
Optimization by Spalin-Divide: Scipy-SLSQP using spatial information
Optimizing branch lengths, phi, and nu without topology search
Initial point 1. Random seed: 2854
Solving with ultrametric constraint
Optimal point found for initial point 1
Negative llh: 163.70606030934084
Dropout rate: 1.0000000000000007e-10
Silencing rate: 9.999999999999996e-11
Sigma: 6.2693447712190915
Initial point 2. Random seed: 5544
Solving with ultrametric constraint
Optimal point found for initial point 2
Negative llh: 163.70606034341486
Dropout rate: 1e-10
Silencing rate: 1e-10
Sigma: 6.2692941981216475
Initial point 3. Random seed: 4349
Solving with ultrametric constraint
Optimal point found for initial point 3
Negative llh: 163.70606069275644
Dropout rate: 1.9635663867276085e-10
Silencing rate: 1.5642767871769335e-10
Sigma: 6.269236482383503
Initial point 4. Random seed: 8201
Solving with ultrametric constraint
Optimal point found for initial point 4
Negative llh: 163.7060602723928
Dropout rate: 1.5741030575963862e-10
Silencing rate: 1.5049924076373997e-10
Sigma: 6.269279757621753
Initial point 5. Random seed: 3197
Solving with ultrametric constraint
Optimal point found for initial point 5
Negative llh: 163.70606046430592
Dropout rate: 3.926165526288695e-10
Silencing rate: 2.766098905606439e-10
Sigma: 6.269283110101709
Initial point 6. Random seed: 3932
Solving with ultrametric constraint
Optimal point found for initial point 6
Negative llh: 163.70606124875738
Dropout rate: 1e-10
Silencing rate: 1e-10
Sigma: 6.269387652478322
Initial point 7. Random seed: 7608
Solving with ultrametric constraint
Optimal point found for initial point 7
Negative llh: 163.70606558776078
Dropout rate: 9.999999999999996e-11
Silencing rate: 1.0000000000000002e-10
Sigma: 6.268616011811142
Initial point 8. Random seed: 194
Solving with ultrametric constraint
Optimal point found for initial point 8
Negative llh: 163.70606029828735
Dropout rate: 1e-10
Silencing rate: 1e-10
Sigma: 6.269300015148958
Initial point 9. Random seed: 9178
Solving with ultrametric constraint
Optimal point found for initial point 9
Negative llh: 163.70606494803093
Dropout rate: 4.5812135888570435e-10
Silencing rate: 3.7156352455590415e-10
Sigma: 6.269891881887659
Initial point 10. Random seed: 3413
Solving with ultrametric constraint
Optimal point found for initial point 10
Negative llh: 163.70606026650336
Dropout rate: 1.462298581417913e-10
Silencing rate: 1.2746216770574195e-10
Sigma: 6.269281541017119
Runtime (s): 305.3707198500633
