Launching Problin version 0.5b
Problin was called as follow: /u/gh2161/Spatial-Division/problin/run_problin.py -c real_location_data/s10c1/k10_r3_character_matrix.csv -t real_location_data/s10c1/true_tree.nwk -S real_location_data/s10c1/leaf_locations.txt --delimiter comma -p real_location_data/s10c1/k10_priors.csv -o real_location_data/s10c1/k10_r3_spalin.txt --nInitials 10 --ultrametric --randomreps 3
Optimization by Spalin: Scipy-SLSQP using spatial information
Optimizing branch lengths, phi, and nu without topology search
Initial point 1. Random seed: 980
Solving with ultrametric constraint
Optimal point found for initial point 1
Negative llh: 149.9077281323365
Dropout rate: 4.1893072227989084e-10
Silencing rate: 3.109530287269776e-10
Sigma: 35.007834750224504
Initial point 2. Random seed: 5006
Solving with ultrametric constraint
Optimal point found for initial point 2
Negative llh: 149.90772828149747
Dropout rate: 1e-10
Silencing rate: 1e-10
Sigma: 35.00839244179302
Initial point 3. Random seed: 3420
Solving with ultrametric constraint
Optimal point found for initial point 3
Negative llh: 149.90772838019808
Dropout rate: 2.8551773089786773e-10
Silencing rate: 6.143969593833548e-10
Sigma: 35.01153315204545
Initial point 4. Random seed: 6043
Solving with ultrametric constraint
Optimal point found for initial point 4
Negative llh: 149.90772805944206
Dropout rate: 1.8451861802493108e-10
Silencing rate: 5.682184451189729e-10
Sigma: 35.007636076342564
Initial point 5. Random seed: 7531
Solving with ultrametric constraint
Optimal point found for initial point 5
Negative llh: 149.90772843255263
Dropout rate: 1e-10
Silencing rate: 1.0000000000000002e-10
Sigma: 35.010214585450385
Initial point 6. Random seed: 882
Solving with ultrametric constraint
Optimal point found for initial point 6
Negative llh: 149.90772822860035
Dropout rate: 3.295425032684757e-10
Silencing rate: 1.2939315137355615e-09
Sigma: 35.00871578489157
Initial point 7. Random seed: 9208
Solving with ultrametric constraint
Optimal point found for initial point 7
Negative llh: 149.9077285188098
Dropout rate: 1.0000000000000002e-10
Silencing rate: 1.0000000000000002e-10
Sigma: 35.008913785322186
Initial point 8. Random seed: 4354
Solving with ultrametric constraint
Optimal point found for initial point 8
Negative llh: 149.90772818191806
Dropout rate: 1e-10
Silencing rate: 1e-10
Sigma: 35.006410517888526
Initial point 9. Random seed: 329
Solving with ultrametric constraint
Optimal point found for initial point 9
Negative llh: 149.90772820014524
Dropout rate: 1e-10
Silencing rate: 1e-10
Sigma: 35.00934766420724
Initial point 10. Random seed: 329
Solving with ultrametric constraint
Optimal point found for initial point 10
Negative llh: 149.9077283147796
Dropout rate: 3.571774067958659e-10
Silencing rate: 3.701089821499975e-10
Sigma: 35.00952369711556
Traceback (most recent call last):
  File "/u/gh2161/Spatial-Division/problin/run_problin.py", line 223, in <module>
    main()
  File "/u/gh2161/Spatial-Division/problin/run_problin.py", line 214, in main
    for cell in mySolver.params.displacement_amounts:
AttributeError: 'Params' object has no attribute 'displacement_amounts'
