Launching Problin version 0.5b
Problin was called as follow: /u/gh2161/problin/run_problin.py -c simulated_data/s10c1/k10_r4_character_matrix.csv -t simulated_data/s10c1/true_tree.nwk --delimiter comma -p simulated_data/s10c1/k10_priors.csv -o simulated_data/s10c1/k10_r4_problin.txt --nInitials 10 --ultrametric --randomreps 3
Optimization by EM algorithm
Optimizing branch lengths, phi, and nu without topology search
Initial point 1. Random seed: 6601
Solving with ultrametric constraint
Initial phi: 0.8208289200333676. Initial nu: 0.07625702656293716. Initial nllh: 3782.754996067366
EM finished after 31 iterations.
Optimal point found for initial point 1
Negative llh: 63.30488492305789
Dropout rate: 0
Silencing rate: 5.726223187841885e-07
Initial point 2. Random seed: 3846
Solving with ultrametric constraint
Initial phi: 0.008135505204203577. Initial nu: 0.023246669216252284. Initial nllh: 66.0206506632599
EM finished after 11 iterations.
Optimal point found for initial point 2
Negative llh: 63.30488331267688
Dropout rate: 0
Silencing rate: 5.721519512366647e-07
Initial point 3. Random seed: 2067
Solving with ultrametric constraint
Initial phi: 0.03517907464965969. Initial nu: 0.9171449167764111. Initial nllh: 136.07511233736358
EM finished after 28 iterations.
Optimal point found for initial point 3
Negative llh: 63.30488373786042
Dropout rate: 0
Silencing rate: 5.705270396928507e-07
Initial point 4. Random seed: 3068
Solving with ultrametric constraint
Initial phi: 0.7696998337776016. Initial nu: 0.6529960638213698. Initial nllh: 288.2611947710266
EM finished after 25 iterations.
Optimal point found for initial point 4
Negative llh: 63.30488463775549
Dropout rate: 0
Silencing rate: 5.719742715621958e-07
Initial point 5. Random seed: 6317
Solving with ultrametric constraint
Initial phi: 0.410157231389015. Initial nu: 0.4271930779747004. Initial nllh: 158.5462802211903
EM finished after 22 iterations.
Optimal point found for initial point 5
Negative llh: 63.30488526412822
Dropout rate: 0
Silencing rate: 5.727995052632838e-07
Initial point 6. Random seed: 2113
Solving with ultrametric constraint
Initial phi: 0.023658174931504995. Initial nu: 0.009817470924431604. Initial nllh: 66.91089735662337
EM finished after 6 iterations.
Optimal point found for initial point 6
Negative llh: 63.30488507067258
Dropout rate: 0
Silencing rate: 5.836601663431427e-07
Initial point 7. Random seed: 8574
Solving with ultrametric constraint
Initial phi: 0.894687214272714. Initial nu: 0.5193816683144867. Initial nllh: 372.17850747923524
EM finished after 26 iterations.
Optimal point found for initial point 7
Negative llh: 63.30488368381275
Dropout rate: 0
Silencing rate: 5.716991532788399e-07
Initial point 8. Random seed: 6385
Solving with ultrametric constraint
Initial phi: 0.7800171157136583. Initial nu: 0.6517740284359486. Initial nllh: 293.670125271401
EM finished after 25 iterations.
Optimal point found for initial point 8
Negative llh: 63.30488458026375
Dropout rate: 0
Silencing rate: 5.724301760522133e-07
Initial point 9. Random seed: 461
Solving with ultrametric constraint
Initial phi: 0.681138498549871. Initial nu: 0.9022640687965466. Initial nllh: 267.8260966234317
EM finished after 26 iterations.
Optimal point found for initial point 9
Negative llh: 63.304884781718265
Dropout rate: 0
Silencing rate: 5.721591548005145e-07
Initial point 10. Random seed: 9474
Solving with ultrametric constraint
Initial phi: 0.683891250619915. Initial nu: 0.8569368307171683. Initial nllh: 265.4824035829322
EM finished after 27 iterations.
Optimal point found for initial point 10
Negative llh: 63.30488418284756
Dropout rate: 0
Silencing rate: 5.716006325120402e-07
Traceback (most recent call last):
  File "/u/gh2161/problin/run_problin.py", line 193, in <module>
    main()
  File "/u/gh2161/problin/run_problin.py", line 172, in main
    fout.write("Sigma: " + str(opt_params['sigma']) + "\n")
KeyError: 'sigma'
