Launching Problin version 0.5b
Problin was called as follow: /u/gh2161/Spatial-Division/problin/run_problin.py -c real_location_data/s10c1/k10_r3_character_matrix.csv -t real_location_data/s10c1/true_tree.nwk -S real_location_data/s10c1/leaf_locations.txt --delimiter comma -p real_location_data/s10c1/k10_priors.csv -o real_location_data/s10c1/k10_r3_spalin-divide-beta05.txt --nInitials 10 --ultrametric --randomreps 3 --divide --given_beta 0.5 --incl_beta_bound
Optimization by Spalin-Divide: Scipy-SLSQP using spatial information
Optimizing branch lengths, phi, and nu without topology search
Initial point 1. Random seed: 6964
Solving with ultrametric constraint
Optimal point found for initial point 1
Negative llh: 169.5020593556286
Dropout rate: 9.904861763312473e-10
Silencing rate: 6.657156288878167e-10
Sigma: 5.846143248725573
Initial point 2. Random seed: 987
Solving with ultrametric constraint
Optimal point found for initial point 2
Negative llh: 169.50205912860366
Dropout rate: 1e-10
Silencing rate: 1e-10
Sigma: 5.846187915471319
Initial point 3. Random seed: 6387
Solving with ultrametric constraint
Optimal point found for initial point 3
Negative llh: 169.50205905568376
Dropout rate: 1.0000000000000002e-10
Silencing rate: 1.0000000000000002e-10
Sigma: 5.846157377618545
Initial point 4. Random seed: 5925
Solving with ultrametric constraint
Optimal point found for initial point 4
Negative llh: 169.50205904093605
Dropout rate: 9.999999999999996e-11
Silencing rate: 1.0000000000000002e-10
Sigma: 5.846150279668078
Initial point 5. Random seed: 2773
Solving with ultrametric constraint
Optimal point found for initial point 5
Negative llh: 169.50205905276857
Dropout rate: 1.9343278801347966e-10
Silencing rate: 1.6549713962357414e-10
Sigma: 5.846144920929955
Initial point 6. Random seed: 9011
Solving with ultrametric constraint
Optimal point found for initial point 6
Negative llh: 169.50205910464916
Dropout rate: 1e-10
Silencing rate: 1e-10
Sigma: 5.846146135233286
Initial point 7. Random seed: 3489
Solving with ultrametric constraint
Optimal point found for initial point 7
Negative llh: 169.5020686671828
Dropout rate: 1e-10
Silencing rate: 1.0000000000000002e-10
Sigma: 5.845834964707459
Initial point 8. Random seed: 4746
Solving with ultrametric constraint
Optimal point found for initial point 8
Negative llh: 169.5020602916955
Dropout rate: 9.340678613540045e-10
Silencing rate: 6.651911302135893e-10
Sigma: 5.846363566995176
Initial point 9. Random seed: 5291
Solving with ultrametric constraint
Optimal point found for initial point 9
Negative llh: 169.50205907583694
Dropout rate: 9.999999999999996e-11
Silencing rate: 1.0000000000000002e-10
Sigma: 5.846159417607449
Initial point 10. Random seed: 6000
Solving with ultrametric constraint
Optimal point found for initial point 10
Negative llh: 169.50205918405206
Dropout rate: 2.4375965018451844e-10
Silencing rate: 2.1163584132338577e-10
Sigma: 5.846208827460343
Runtime (s): 256.4739140830934
