Launching Problin version 0.5b
Problin was called as follow: /u/gh2161/Spatial-Division/problin/run_problin.py -c real_location_data/s10c1/k10_r1_character_matrix.csv -t real_location_data/s10c1/true_tree.nwk -S real_location_data/s10c1/leaf_locations.txt --delimiter comma -p real_location_data/s10c1/k10_priors.csv -o real_location_data/s10c1/k10_r1_spalin.txt --nInitials 10 --ultrametric --randomreps 3
Optimization by Spalin: Scipy-SLSQP using spatial information
Optimizing branch lengths, phi, and nu without topology search
Initial point 1. Random seed: 3605
Solving with ultrametric constraint
Optimal point found for initial point 1
Negative llh: 146.65545962614567
Dropout rate: 2.909028414312247e-10
Silencing rate: 1.348450191425839e-10
Sigma: 48.620451693792624
Initial point 2. Random seed: 4880
Solving with ultrametric constraint
Optimal point found for initial point 2
Negative llh: 146.65545940589772
Dropout rate: 1.2250992384135767e-10
Silencing rate: 1.3276774884603575e-10
Sigma: 48.62188296752231
Initial point 3. Random seed: 7764
Solving with ultrametric constraint
Optimal point found for initial point 3
Negative llh: 146.65545942161881
Dropout rate: 1e-10
Silencing rate: 1e-10
Sigma: 48.62159476512289
Initial point 4. Random seed: 2157
Solving with ultrametric constraint
Optimal point found for initial point 4
Negative llh: 146.65545941548115
Dropout rate: 1e-10
Silencing rate: 1e-10
Sigma: 48.621797157725084
Initial point 5. Random seed: 2162
Solving with ultrametric constraint
Optimal point found for initial point 5
Negative llh: 146.6554595525833
Dropout rate: 1.510971134480553e-10
Silencing rate: 1.987600221130275e-10
Sigma: 48.6222552415688
Initial point 6. Random seed: 8326
Solving with ultrametric constraint
Optimal point found for initial point 6
Negative llh: 146.65545940725298
Dropout rate: 1.7011263614959765e-10
Silencing rate: 1.633576945474232e-10
Sigma: 48.622101788740764
Initial point 7. Random seed: 6021
Solving with ultrametric constraint
Optimal point found for initial point 7
Negative llh: 146.65545949277487
Dropout rate: 1.6625183989921386e-10
Silencing rate: 1e-10
Sigma: 48.61959235720893
Initial point 8. Random seed: 7031
Solving with ultrametric constraint
Optimal point found for initial point 8
Negative llh: 146.65545949902503
Dropout rate: 1e-10
Silencing rate: 1e-10
Sigma: 48.620193487524254
Initial point 9. Random seed: 4490
Solving with ultrametric constraint
Optimal point found for initial point 9
Negative llh: 146.65545959752131
Dropout rate: 1e-10
Silencing rate: 1e-10
Sigma: 48.62152535786286
Initial point 10. Random seed: 9375
Solving with ultrametric constraint
Optimal point found for initial point 10
Negative llh: 146.65545941321184
Dropout rate: 1.7364347220136556e-10
Silencing rate: 1.4465384714703398e-10
Sigma: 48.62171241184014
Traceback (most recent call last):
  File "/u/gh2161/Spatial-Division/problin/run_problin.py", line 223, in <module>
    main()
  File "/u/gh2161/Spatial-Division/problin/run_problin.py", line 214, in main
    for cell in mySolver.params.displacement_amounts:
AttributeError: 'Params' object has no attribute 'displacement_amounts'
