Launching Problin version 0.5b
Problin was called as follow: /u/gh2161/Spatial-Division/problin/run_problin.py -c real_location_data/s10c1/k10_r2_character_matrix.csv -t real_location_data/s10c1/true_tree.nwk -S real_location_data/s10c1/leaf_locations.txt --delimiter comma -p real_location_data/s10c1/k10_priors.csv -o real_location_data/s10c1/k10_r2_spalin-divide-beta05.txt --nInitials 10 --ultrametric --randomreps 3 --divide --given_beta 0.5 --incl_beta_bound
Optimization by Spalin-Divide: Scipy-SLSQP using spatial information
Optimizing branch lengths, phi, and nu without topology search
Initial point 1. Random seed: 7939
Solving with ultrametric constraint
Optimal point found for initial point 1
Negative llh: 164.37606421953038
Dropout rate: 1e-10
Silencing rate: 1e-10
Sigma: 6.348221848654299
Initial point 2. Random seed: 9980
Solving with ultrametric constraint
Optimal point found for initial point 2
Negative llh: 164.3760642693515
Dropout rate: 1e-10
Silencing rate: 1e-10
Sigma: 6.34826003863697
Initial point 3. Random seed: 4860
Solving with ultrametric constraint
Optimal point found for initial point 3
Negative llh: 164.3760642514065
Dropout rate: 1e-10
Silencing rate: 1e-10
Sigma: 6.348211787946525
Initial point 4. Random seed: 6699
Solving with ultrametric constraint
Optimal point found for initial point 4
Negative llh: 164.37607192879364
Dropout rate: 4.565124838039685e-10
Silencing rate: 3.127250504343201e-10
Sigma: 6.347760823382891
Initial point 5. Random seed: 3235
Solving with ultrametric constraint
Optimal point found for initial point 5
Negative llh: 164.37606426262306
Dropout rate: 1e-10
Silencing rate: 1e-10
Sigma: 6.348195802167374
Initial point 6. Random seed: 173
Solving with ultrametric constraint
Optimal point found for initial point 6
Negative llh: 164.37606423527745
Dropout rate: 1e-10
Silencing rate: 1e-10
Sigma: 6.348192320059051
Initial point 7. Random seed: 3367
Solving with ultrametric constraint
Optimal point found for initial point 7
Negative llh: 164.37606422291165
Dropout rate: 1.2049672883057466e-10
Silencing rate: 1.121859557095818e-10
Sigma: 6.348207360390173
Initial point 8. Random seed: 6102
Solving with ultrametric constraint
Fatal: failed to optimize using initial point 8
Initial point 9. Random seed: 9261
Solving with ultrametric constraint
Optimal point found for initial point 9
Negative llh: 164.37609208208764
Dropout rate: 2.8729961544645054e-10
Silencing rate: 2.2421109623122666e-10
Sigma: 6.346365862297357
Initial point 10. Random seed: 265
Solving with ultrametric constraint
Optimal point found for initial point 10
Negative llh: 164.37606495982646
Dropout rate: 4.611632494285112e-10
Silencing rate: 3.483020927898745e-10
Sigma: 6.3484028263420536
Runtime (s): 434.5172906870139
