Launching Problin version 0.5b
Problin was called as follow: /u/gh2161/problin/run_problin.py -c simulated_data/s10c1/k10_r1_character_matrix.csv -t simulated_data/s10c1/true_tree.nwk --delimiter comma -p simulated_data/s10c1/k10_priors.csv -o simulated_data/s10c1/k10_r1_problin.txt --nInitials 10 --ultrametric --randomreps 3
Optimization by EM algorithm
Optimizing branch lengths, phi, and nu without topology search
Initial point 1. Random seed: 1520
Solving with ultrametric constraint
Initial phi: 0.4408738561506092. Initial nu: 0.5369581646976969. Initial nllh: 9422.25547151472
EM finished after 11 iterations.
Optimal point found for initial point 1
Negative llh: 61.41822499175065
Dropout rate: 0
Silencing rate: 1.1620170303418144e-06
Initial point 2. Random seed: 3395
Solving with ultrametric constraint
Initial phi: 0.29230152554562355. Initial nu: 0.09785759399162683. Initial nllh: 106.74924381361252
EM finished after 8 iterations.
Optimal point found for initial point 2
Negative llh: 61.41822512628902
Dropout rate: 0
Silencing rate: 1.1649488122840642e-06
Initial point 3. Random seed: 5696
Solving with ultrametric constraint
Initial phi: 0.696683052131841. Initial nu: 0.9368634234249521. Initial nllh: 241.36346326663377
EM finished after 10 iterations.
Optimal point found for initial point 3
Negative llh: 61.41822514370483
Dropout rate: 0
Silencing rate: 1.1642315982455638e-06
Initial point 4. Random seed: 2159
Solving with ultrametric constraint
Initial phi: 0.2584565272731461. Initial nu: 0.21687127495863412. Initial nllh: 105.81667003583644
EM finished after 9 iterations.
Optimal point found for initial point 4
Negative llh: 61.41822499134003
Dropout rate: 0
Silencing rate: 1.1615951828682555e-06
Initial point 5. Random seed: 1012
Solving with ultrametric constraint
Initial phi: 0.22330764827823765. Initial nu: 0.5373964039466288. Initial nllh: 112.84556129945092
EM finished after 10 iterations.
Optimal point found for initial point 5
Negative llh: 61.41822502539031
Dropout rate: 0
Silencing rate: 1.1625973027012404e-06
Initial point 6. Random seed: 3543
Solving with ultrametric constraint
Initial phi: 0.9878705928431791. Initial nu: 0.4357833641484517. Initial nllh: 607.984905225507
EM finished after 9 iterations.
Optimal point found for initial point 6
Negative llh: 61.41822517768846
Dropout rate: 0
Silencing rate: 1.1631427669955666e-06
Initial point 7. Random seed: 3724
Solving with ultrametric constraint
Initial phi: 0.5752401142383826. Initial nu: 0.3190762148702184. Initial nllh: 176.69508332488476
EM finished after 9 iterations.
Optimal point found for initial point 7
Negative llh: 61.418225182316654
Dropout rate: 0
Silencing rate: 1.1649984002954743e-06
Initial point 8. Random seed: 5180
Solving with ultrametric constraint
Initial phi: 0.8049900335274073. Initial nu: 0.7681480267213588. Initial nllh: 287.7456763406196
EM finished after 10 iterations.
Optimal point found for initial point 8
Negative llh: 61.41822516153649
Dropout rate: 0
Silencing rate: 1.165235957220952e-06
Initial point 9. Random seed: 1910
Solving with ultrametric constraint
Initial phi: 0.10064888097686672. Initial nu: 0.9139404355358912. Initial nllh: 110.03583059892553
EM finished after 10 iterations.
Optimal point found for initial point 9
Negative llh: 61.41822512244889
Dropout rate: 0
Silencing rate: 1.163775825034497e-06
Initial point 10. Random seed: 5763
Solving with ultrametric constraint
Initial phi: 0.7269270468704717. Initial nu: 0.35720538659171525. Initial nllh: 231.2065659437897
EM finished after 9 iterations.
Optimal point found for initial point 10
Negative llh: 61.4182251268694
Dropout rate: 0
Silencing rate: 1.1630631432632057e-06
Traceback (most recent call last):
  File "/u/gh2161/problin/run_problin.py", line 193, in <module>
    main()
  File "/u/gh2161/problin/run_problin.py", line 172, in main
    fout.write("Sigma: " + str(opt_params['sigma']) + "\n")
KeyError: 'sigma'
