Launching Problin version 0.5b
Problin was called as follow: /u/gh2161/problin/run_problin.py -c simulated_data/s10c1/k10_r4_character_matrix.csv -t simulated_data/s10c1/true_tree.nwk -S simulated_data/s10c1/leaf_locations.txt --delimiter comma -p simulated_data/s10c1/k10_priors.csv -o simulated_data/s10c1/k10_r4_spalin_leaves_newfelsen.txt --nInitials 10 --ultrametric --randomreps 3
Optimization by Spalin: Scipy-SLSQP using spatial information
Optimizing branch lengths, phi, and nu without topology search
Initial point 1. Random seed: 4984
Solving with ultrametric constraint
Optimal point found for initial point 1
Negative llh: 149.30552563331443
Dropout rate: 4.653346214754771e-10
Silencing rate: 3.4105007230798717e-10
Sigma: 7.767347337360967
Initial point 2. Random seed: 6333
Solving with ultrametric constraint
Optimal point found for initial point 2
Negative llh: 149.30552694515194
Dropout rate: 1.7800988488551789e-10
Silencing rate: 2.8188443630431547e-10
Sigma: 7.768141689327317
Initial point 3. Random seed: 7397
Solving with ultrametric constraint
Optimal point found for initial point 3
Negative llh: 149.30552602732905
Dropout rate: 1e-10
Silencing rate: 1e-10
Sigma: 7.767602901306509
Initial point 4. Random seed: 390
Solving with ultrametric constraint
Optimal point found for initial point 4
Negative llh: 149.30552573960125
Dropout rate: 4.105479691001772e-10
Silencing rate: 1.1774078494201473e-09
Sigma: 7.76639994064254
Initial point 5. Random seed: 6699
Solving with ultrametric constraint
Optimal point found for initial point 5
Negative llh: 149.30552562529493
Dropout rate: 1.0000000000000002e-10
Silencing rate: 9.999999999999996e-11
Sigma: 7.766694040060389
Initial point 6. Random seed: 9893
Solving with ultrametric constraint
Optimal point found for initial point 6
Negative llh: 149.30552580125246
Dropout rate: 2.20617770068793e-10
Silencing rate: 2.445449793647235e-10
Sigma: 7.7670847264612695
Initial point 7. Random seed: 5093
Solving with ultrametric constraint
Optimal point found for initial point 7
Negative llh: 149.3055260943363
Dropout rate: 2.3308089417975136e-10
Silencing rate: 3.3269254475993226e-10
Sigma: 7.7686402042706275
Initial point 8. Random seed: 8045
Solving with ultrametric constraint
Optimal point found for initial point 8
Negative llh: 149.30552622990837
Dropout rate: 1.3181669769673818e-10
Silencing rate: 1.8040713035078893e-10
Sigma: 7.766929102128684
Initial point 9. Random seed: 876
Solving with ultrametric constraint
Optimal point found for initial point 9
Negative llh: 149.305526284829
Dropout rate: 1.0000000000000007e-10
Silencing rate: 1.0000000000000007e-10
Sigma: 7.768219284918688
Initial point 10. Random seed: 9456
Solving with ultrametric constraint
Optimal point found for initial point 10
Negative llh: 149.3055261211456
Dropout rate: 1e-10
Silencing rate: 1e-10
Sigma: 7.766588375630788
Runtime (s): 68.44250045157969
