Launching Problin version 0.5b
Problin was called as follow: /u/gh2161/problin/run_problin.py -c simulated_data/s12c4/k10_r5_character_matrix.csv -t simulated_data/s12c4/true_tree.nwk --delimiter comma -p simulated_data/s12c4/k10_priors.csv -o simulated_data/s12c4/k10_r5_problin.txt --nInitials 10 --ultrametric --randomreps 3
Optimization by EM algorithm
Optimizing branch lengths, phi, and nu without topology search
Initial point 1. Random seed: 719
Solving with ultrametric constraint
Initial phi: 0.8876506209413878. Initial nu: 0.49441093715634143. Initial nllh: 12301.289436572359
EM finished after 13 iterations.
Optimal point found for initial point 1
Negative llh: 85.34140913408598
Dropout rate: 0
Silencing rate: 8.206935744688293e-07
Initial point 2. Random seed: 5815
Solving with ultrametric constraint
Initial phi: 0.016152524839505675. Initial nu: 0.057753163189236865. Initial nllh: 94.16662186530121
EM finished after 9 iterations.
Optimal point found for initial point 2
Negative llh: 85.34140924007103
Dropout rate: 0
Silencing rate: 8.210354515520311e-07
Initial point 3. Random seed: 5962
Solving with ultrametric constraint
Initial phi: 0.639985114662648. Initial nu: 0.20651259261201224. Initial nllh: 309.5746227864574
EM finished after 11 iterations.
Optimal point found for initial point 3
Negative llh: 85.34140936409602
Dropout rate: 0
Silencing rate: 8.229207703458312e-07
Initial point 4. Random seed: 5535
Solving with ultrametric constraint
Initial phi: 0.9002212162484223. Initial nu: 0.8007376140329346. Initial nllh: 623.50608977922
EM finished after 12 iterations.
Optimal point found for initial point 4
Negative llh: 85.34140917888485
Dropout rate: 0
Silencing rate: 8.220808987852895e-07
Initial point 5. Random seed: 410
Solving with ultrametric constraint
Initial phi: 0.07973970586752106. Initial nu: 0.389152685308522. Initial nllh: 139.48186382694894
EM finished after 12 iterations.
Optimal point found for initial point 5
Negative llh: 85.34140907724976
Dropout rate: 0
Silencing rate: 8.209332017112058e-07
Initial point 6. Random seed: 306
Solving with ultrametric constraint
Initial phi: 0.5416212400729422. Initial nu: 0.7953263262486591. Initial nllh: 318.0364996793422
EM finished after 12 iterations.
Optimal point found for initial point 6
Negative llh: 85.34140934853276
Dropout rate: 0
Silencing rate: 8.210955625404977e-07
Initial point 7. Random seed: 1356
Solving with ultrametric constraint
Initial phi: 0.8316129399363407. Initial nu: 0.8632968334252549. Initial nllh: 524.8757145086137
EM finished after 12 iterations.
Optimal point found for initial point 7
Negative llh: 85.34140937742984
Dropout rate: 0
Silencing rate: 8.211580545864007e-07
Initial point 8. Random seed: 1854
Solving with ultrametric constraint
Initial phi: 0.4527975963919849. Initial nu: 0.07433247033218096. Initial nllh: 213.09553367011898
EM finished after 11 iterations.
Optimal point found for initial point 8
Negative llh: 85.34140894988552
Dropout rate: 0
Silencing rate: 8.205632308330553e-07
Initial point 9. Random seed: 5366
Solving with ultrametric constraint
Initial phi: 0.23688507811933124. Initial nu: 0.2442360820710389. Initial nllh: 162.9594577779561
EM finished after 11 iterations.
Optimal point found for initial point 9
Negative llh: 85.34140926108567
Dropout rate: 0
Silencing rate: 8.21143798394875e-07
Initial point 10. Random seed: 3718
Solving with ultrametric constraint
Initial phi: 0.4623260750615699. Initial nu: 0.25852178186676755. Initial nllh: 234.36779434441658
EM finished after 11 iterations.
Optimal point found for initial point 10
Negative llh: 85.34140932964493
Dropout rate: 0
Silencing rate: 8.20864908161397e-07
Traceback (most recent call last):
  File "/u/gh2161/problin/run_problin.py", line 193, in <module>
    main()
  File "/u/gh2161/problin/run_problin.py", line 172, in main
    fout.write("Sigma: " + str(opt_params['sigma']) + "\n")
KeyError: 'sigma'
