Launching Problin version 0.5b
Problin was called as follow: /u/gh2161/Spatial-Division/problin/run_problin.py -c real_location_data/s12c4/k10_r1_character_matrix.csv -t real_location_data/s12c4/true_tree.nwk -S real_location_data/s12c4/leaf_locations.txt --delimiter comma -p real_location_data/s12c4/k10_priors.csv -o real_location_data/s12c4/k10_r1_spalin-divide-beta05.txt --nInitials 10 --ultrametric --randomreps 3 --divide --given_beta 0.5 --incl_beta_bound
Optimization by Spalin-Divide: Scipy-SLSQP using spatial information
Optimizing branch lengths, phi, and nu without topology search
Initial point 1. Random seed: 9635
Solving with ultrametric constraint
Optimal point found for initial point 1
Negative llh: 275.77527785491634
Dropout rate: 4.621785047242849e-10
Silencing rate: 2.456840016528304e-10
Sigma: 5.686206681844158
Initial point 2. Random seed: 3776
Solving with ultrametric constraint
Optimal point found for initial point 2
Negative llh: 275.7752781785528
Dropout rate: 1e-10
Silencing rate: 1e-10
Sigma: 5.686112146935287
Initial point 3. Random seed: 1913
Solving with ultrametric constraint
Optimal point found for initial point 3
Negative llh: 275.7752777316648
Dropout rate: 1e-10
Silencing rate: 1e-10
Sigma: 5.686221465738166
Initial point 4. Random seed: 3025
Solving with ultrametric constraint
Optimal point found for initial point 4
Negative llh: 275.77527782664606
Dropout rate: 1.0000000000000002e-10
Silencing rate: 1.0000000000000002e-10
Sigma: 5.686201629482643
Initial point 5. Random seed: 7702
Solving with ultrametric constraint
Optimal point found for initial point 5
Negative llh: 275.7752781008412
Dropout rate: 1.5173188777380108e-10
Silencing rate: 1.2300029816942796e-10
Sigma: 5.686213286938159
Initial point 6. Random seed: 1433
Solving with ultrametric constraint
Optimal point found for initial point 6
Negative llh: 275.77527795352165
Dropout rate: 1.0619332158423235e-10
Silencing rate: 1.0275387575464792e-10
Sigma: 5.6862243529712995
Initial point 7. Random seed: 6479
Solving with ultrametric constraint
Optimal point found for initial point 7
Negative llh: 275.77527790555814
Dropout rate: 3.823506893125471e-10
Silencing rate: 2.243099782601807e-10
Sigma: 5.686226774964874
Initial point 8. Random seed: 7632
Solving with ultrametric constraint
Optimal point found for initial point 8
Negative llh: 275.7752776964643
Dropout rate: 9.999999999999996e-11
Silencing rate: 1.0000000000000002e-10
Sigma: 5.686223791560049
Initial point 9. Random seed: 9289
Solving with ultrametric constraint
Optimal point found for initial point 9
Negative llh: 275.77527830079623
Dropout rate: 4.815828566526417e-10
Silencing rate: 1.3697211882958542e-10
Sigma: 5.686204425382294
Initial point 10. Random seed: 7510
Solving with ultrametric constraint
Optimal point found for initial point 10
Negative llh: 275.77527774073
Dropout rate: 1e-10
Silencing rate: 1e-10
Sigma: 5.686228464157592
Runtime (s): 759.3319427631795
