Launching Problin version 0.5b
Problin was called as follow: /u/gh2161/Spatial-Division/problin/run_problin.py -c real_location_data/s12c4/k10_r4_character_matrix.csv -t real_location_data/s12c4/true_tree.nwk -S real_location_data/s12c4/leaf_locations.txt --delimiter comma -p real_location_data/s12c4/k10_priors.csv -o real_location_data/s12c4/k10_r4_spalin.txt --nInitials 10 --ultrametric --randomreps 3
Optimization by Spalin: Scipy-SLSQP using spatial information
Optimizing branch lengths, phi, and nu without topology search
Initial point 1. Random seed: 5497
Solving with ultrametric constraint
Optimal point found for initial point 1
Negative llh: 219.20313980223054
Dropout rate: 1.0000000000000002e-10
Silencing rate: 1e-10
Sigma: 33.33501838966674
Initial point 2. Random seed: 3440
Solving with ultrametric constraint
Optimal point found for initial point 2
Negative llh: 219.20313980701548
Dropout rate: 1.6664673440805063e-10
Silencing rate: 3.5980336785694425e-10
Sigma: 33.33445764481477
Initial point 3. Random seed: 1954
Solving with ultrametric constraint
Optimal point found for initial point 3
Negative llh: 219.20313981909783
Dropout rate: 1e-10
Silencing rate: 1e-10
Sigma: 33.334206061441556
Initial point 4. Random seed: 822
Solving with ultrametric constraint
Optimal point found for initial point 4
Negative llh: 219.20314015181788
Dropout rate: 9.123777368365076e-10
Silencing rate: 2.626188781190236e-10
Sigma: 33.3336319198076
Initial point 5. Random seed: 7377
Solving with ultrametric constraint
Optimal point found for initial point 5
Negative llh: 219.2031403806344
Dropout rate: 1e-10
Silencing rate: 1e-10
Sigma: 33.33589121031054
Initial point 6. Random seed: 7052
Solving with ultrametric constraint
Optimal point found for initial point 6
Negative llh: 219.20313983155575
Dropout rate: 1.522605550342403e-10
Silencing rate: 3.375512887749541e-10
Sigma: 33.334539539663155
Initial point 7. Random seed: 6729
Solving with ultrametric constraint
Optimal point found for initial point 7
Negative llh: 219.20314139401472
Dropout rate: 1.0000000000000087e-10
Silencing rate: 1.0000000000000087e-10
Sigma: 33.334486099736544
Initial point 8. Random seed: 436
Solving with ultrametric constraint
Optimal point found for initial point 8
Negative llh: 219.20314024224598
Dropout rate: 8.822983492426117e-10
Silencing rate: 9.169368278080527e-10
Sigma: 33.33191148778204
Initial point 9. Random seed: 6059
Solving with ultrametric constraint
Optimal point found for initial point 9
Negative llh: 219.20314037203627
Dropout rate: 1.5247710314142983e-10
Silencing rate: 8.95851071913426e-10
Sigma: 33.3391472983087
Initial point 10. Random seed: 3923
Solving with ultrametric constraint
Optimal point found for initial point 10
Negative llh: 219.20313981195832
Dropout rate: 1.0000000000000007e-10
Silencing rate: 1.0000000000000007e-10
Sigma: 33.334433325083786
Traceback (most recent call last):
  File "/u/gh2161/Spatial-Division/problin/run_problin.py", line 223, in <module>
    main()
  File "/u/gh2161/Spatial-Division/problin/run_problin.py", line 214, in main
    for cell in mySolver.params.displacement_amounts:
AttributeError: 'Params' object has no attribute 'displacement_amounts'
