Launching Problin version 0.5b
Problin was called as follow: /u/gh2161/problin/run_problin.py -c simulated_data/s12c4/k10_r4_character_matrix.csv -t simulated_data/s12c4/true_tree.nwk --delimiter comma -p simulated_data/s12c4/k10_priors.csv -o simulated_data/s12c4/k10_r4_problin.txt --nInitials 10 --ultrametric --randomreps 3
Optimization by EM algorithm
Optimizing branch lengths, phi, and nu without topology search
Initial point 1. Random seed: 2249
Solving with ultrametric constraint
Initial phi: 0.2788393219382285. Initial nu: 0.17169053557790426. Initial nllh: 6993.1628192729
EM finished after 34 iterations.
Optimal point found for initial point 1
Negative llh: 81.92849294136452
Dropout rate: 0
Silencing rate: 8.19300642275148e-07
Initial point 2. Random seed: 9395
Solving with ultrametric constraint
Initial phi: 0.919515884584441. Initial nu: 0.6806202857971848. Initial nllh: 646.1493859047603
EM finished after 30 iterations.
Optimal point found for initial point 2
Negative llh: 81.92849241458862
Dropout rate: 0
Silencing rate: 8.256367323728749e-07
Initial point 3. Random seed: 8692
Solving with ultrametric constraint
Initial phi: 0.181594480108865. Initial nu: 0.91438064358273. Initial nllh: 202.99414368595964
EM finished after 31 iterations.
Optimal point found for initial point 3
Negative llh: 81.92849213678448
Dropout rate: 0
Silencing rate: 8.19350369725201e-07
Initial point 4. Random seed: 8267
Solving with ultrametric constraint
Initial phi: 0.9368172715765297. Initial nu: 0.2752151624364181. Initial nllh: 658.6489236618502
EM finished after 23 iterations.
Optimal point found for initial point 4
Negative llh: 81.928493046991
Dropout rate: 0
Silencing rate: 8.239791963574825e-07
Initial point 5. Random seed: 8160
Solving with ultrametric constraint
Initial phi: 0.26315909681203764. Initial nu: 0.877309313550597. Initial nllh: 220.70748101326114
EM finished after 29 iterations.
Optimal point found for initial point 5
Negative llh: 81.92849465040852
Dropout rate: 0
Silencing rate: 8.29746448546282e-07
Initial point 6. Random seed: 3071
Solving with ultrametric constraint
Initial phi: 0.6672077967146454. Initial nu: 0.6462565856769391. Initial nllh: 359.21395741473236
EM finished after 24 iterations.
Optimal point found for initial point 6
Negative llh: 81.92850182440961
Dropout rate: 0
Silencing rate: 8.496844356711727e-07
Initial point 7. Random seed: 4437
Solving with ultrametric constraint
Initial phi: 0.3364178708177385. Initial nu: 0.10634571208403684. Initial nllh: 173.36767290087283
EM finished after 11 iterations.
Optimal point found for initial point 7
Negative llh: 81.92851051765692
Dropout rate: 0
Silencing rate: 8.73619150004042e-07
Initial point 8. Random seed: 7732
Solving with ultrametric constraint
Initial phi: 0.0073899026550508. Initial nu: 0.5408580083632338. Initial nllh: 131.31128894317152
EM finished after 27 iterations.
Optimal point found for initial point 8
Negative llh: 81.92849397042663
Dropout rate: 0
Silencing rate: 8.245001119607818e-07
Initial point 9. Random seed: 1562
Solving with ultrametric constraint
Initial phi: 0.22137995879168995. Initial nu: 0.50961896728769. Initial nllh: 177.11118710182527
EM finished after 27 iterations.
Optimal point found for initial point 9
Negative llh: 81.92849297416416
Dropout rate: 0
Silencing rate: 8.207840796447177e-07
Initial point 10. Random seed: 2786
Solving with ultrametric constraint
Initial phi: 0.9173913759485564. Initial nu: 0.5279089211086573. Initial nllh: 627.413061955213
EM finished after 28 iterations.
Optimal point found for initial point 10
Negative llh: 81.92849267987987
Dropout rate: 0
Silencing rate: 8.236019029614264e-07
Traceback (most recent call last):
  File "/u/gh2161/problin/run_problin.py", line 193, in <module>
    main()
  File "/u/gh2161/problin/run_problin.py", line 172, in main
    fout.write("Sigma: " + str(opt_params['sigma']) + "\n")
KeyError: 'sigma'
