Launching Problin version 0.5b
Problin was called as follow: /u/gh2161/Spatial-Division/problin/run_problin.py -c real_location_data/s12c4/k10_r2_character_matrix.csv -t real_location_data/s12c4/true_tree.nwk -S real_location_data/s12c4/leaf_locations.txt --delimiter comma -p real_location_data/s12c4/k10_priors.csv -o real_location_data/s12c4/k10_r2_spalin.txt --nInitials 10 --ultrametric --randomreps 3
Optimization by Spalin: Scipy-SLSQP using spatial information
Optimizing branch lengths, phi, and nu without topology search
Initial point 1. Random seed: 6381
Solving with ultrametric constraint
Optimal point found for initial point 1
Negative llh: 220.4769296256452
Dropout rate: 4.076398210832997e-10
Silencing rate: 2.378221370507268e-10
Sigma: 30.062076154550084
Initial point 2. Random seed: 7450
Solving with ultrametric constraint
Optimal point found for initial point 2
Negative llh: 220.47693200825498
Dropout rate: 7.162785417158486e-09
Silencing rate: 9.462973209804725e-09
Sigma: 30.062403167259284
Initial point 3. Random seed: 5318
Solving with ultrametric constraint
Optimal point found for initial point 3
Negative llh: 220.47692911786356
Dropout rate: 1e-10
Silencing rate: 1e-10
Sigma: 30.062355444090407
Initial point 4. Random seed: 6704
Solving with ultrametric constraint
Optimal point found for initial point 4
Negative llh: 220.47692935127338
Dropout rate: 1e-10
Silencing rate: 1e-10
Sigma: 30.0630423477795
Initial point 5. Random seed: 2004
Solving with ultrametric constraint
Optimal point found for initial point 5
Negative llh: 220.47692956801546
Dropout rate: 1.000000000000009e-10
Silencing rate: 1.000000000000009e-10
Sigma: 30.063659228667373
Initial point 6. Random seed: 388
Solving with ultrametric constraint
Optimal point found for initial point 6
Negative llh: 220.47692916086214
Dropout rate: 1.0000000000000007e-10
Silencing rate: 1.0000000000000007e-10
Sigma: 30.062957699493296
Initial point 7. Random seed: 9126
Solving with ultrametric constraint
Optimal point found for initial point 7
Negative llh: 220.47692937070272
Dropout rate: 9.999999999999996e-11
Silencing rate: 1.0000000000000007e-10
Sigma: 30.06379268280237
Initial point 8. Random seed: 9161
Solving with ultrametric constraint
Optimal point found for initial point 8
Negative llh: 220.47692991140354
Dropout rate: 2.5438706905766406e-09
Silencing rate: 1.4623233647892232e-09
Sigma: 30.062236276159176
Initial point 9. Random seed: 6394
Solving with ultrametric constraint
Optimal point found for initial point 9
Negative llh: 220.47692918237718
Dropout rate: 1.0000000000000007e-10
Silencing rate: 1.0000000000000007e-10
Sigma: 30.06255323659973
Initial point 10. Random seed: 2649
Solving with ultrametric constraint
Optimal point found for initial point 10
Negative llh: 220.47694381194836
Dropout rate: 2.5428057867187182e-08
Silencing rate: 3.698833381707784e-08
Sigma: 30.058833506165982
Traceback (most recent call last):
  File "/u/gh2161/Spatial-Division/problin/run_problin.py", line 223, in <module>
    main()
  File "/u/gh2161/Spatial-Division/problin/run_problin.py", line 214, in main
    for cell in mySolver.params.displacement_amounts:
AttributeError: 'Params' object has no attribute 'displacement_amounts'
