Launching Problin version 0.5b
Problin was called as follow: /u/gh2161/problin/run_problin.py -c simulated_data/s12c4/k10_r1_character_matrix.csv -t simulated_data/s12c4/true_tree.nwk -S simulated_data/s12c4/true_locations.txt --delimiter comma -p simulated_data/s12c4/k10_priors.csv -o simulated_data/s12c4/k10_r1_spalin_all.txt --nInitials 10 --ultrametric --randomreps 3
Optimization by Spalin: Scipy-SLSQP using spatial information
Optimizing branch lengths, phi, and nu without topology search
Initial point 1. Random seed: 8914
Solving with ultrametric constraint
Optimal point found for initial point 1
Negative llh: 332.02880443828036
Dropout rate: 1.0790792593252117e-09
Silencing rate: 1e-10
Sigma: 25.83865598663516
Initial point 2. Random seed: 6332
Solving with ultrametric constraint
Optimal point found for initial point 2
Negative llh: 332.02880372525533
Dropout rate: 1.1134648562668705e-10
Silencing rate: 1.0536492149982618e-10
Sigma: 25.839851372871237
Initial point 3. Random seed: 982
Solving with ultrametric constraint
Optimal point found for initial point 3
Negative llh: 332.02880884043566
Dropout rate: 1.088532454617116e-09
Silencing rate: 1.281548180864905e-10
Sigma: 25.837066827593972
Initial point 4. Random seed: 3831
Solving with ultrametric constraint
Optimal point found for initial point 4
Negative llh: 332.02880458745983
Dropout rate: 2.045474090688217e-09
Silencing rate: 1.0441819507488698e-09
Sigma: 25.84028746626723
Initial point 5. Random seed: 3496
Solving with ultrametric constraint
Optimal point found for initial point 5
Negative llh: 332.0291777899471
Dropout rate: 1.8986139474110308e-10
Silencing rate: 6.12451427789172e-10
Sigma: 26.951020608609834
Initial point 6. Random seed: 6561
Solving with ultrametric constraint
Optimal point found for initial point 6
Negative llh: 332.0291818040452
Dropout rate: 1.0812879395952938e-09
Silencing rate: 5.6023261538773e-09
Sigma: 26.949913696886618
Initial point 7. Random seed: 7674
Solving with ultrametric constraint
Optimal point found for initial point 7
Negative llh: 332.0291776478325
Dropout rate: 1.0000000000000007e-10
Silencing rate: 3.9001177795628605e-10
Sigma: 26.949876719718368
Initial point 8. Random seed: 5094
Solving with ultrametric constraint
Optimal point found for initial point 8
Negative llh: 332.0291853471584
Dropout rate: 1.785871084244435e-09
Silencing rate: 1.8638210528621002e-08
Sigma: 26.949457975483096
Initial point 9. Random seed: 68
Solving with ultrametric constraint
Optimal point found for initial point 9
Negative llh: 332.02917751082435
Dropout rate: 1e-10
Silencing rate: 1e-10
Sigma: 26.95182572371682
Initial point 10. Random seed: 9517
Solving with ultrametric constraint
Optimal point found for initial point 10
Negative llh: 332.0288037891979
Dropout rate: 9.999999999999996e-11
Silencing rate: 1.0000000000000007e-10
Sigma: 25.83891309948028
Runtime (s): 58.84369427384809
