Launching Problin version 0.5b
Problin was called as follow: /u/gh2161/Spatial-Division/problin/run_problin.py -c real_location_data/s12c4/k10_r1_character_matrix.csv -t real_location_data/s12c4/true_tree.nwk -S real_location_data/s12c4/leaf_locations.txt --delimiter comma -p real_location_data/s12c4/k10_priors.csv -o real_location_data/s12c4/k10_r1_spalin-divide-beta3.txt --nInitials 10 --ultrametric --randomreps 3 --divide --given_beta 3 --incl_beta_bound
Optimization by Spalin-Divide: Scipy-SLSQP using spatial information
Optimizing branch lengths, phi, and nu without topology search
Initial point 1. Random seed: 3273
Solving with ultrametric constraint
Optimal point found for initial point 1
Negative llh: 267.7211516544488
Dropout rate: 3.5718243719231606e-10
Silencing rate: 2.1402269677601402e-10
Sigma: 5.185503157502114
Initial point 2. Random seed: 3678
Solving with ultrametric constraint
Optimal point found for initial point 2
Negative llh: 267.7211518893264
Dropout rate: 1.5196038730013264e-10
Silencing rate: 1.2303628865994896e-10
Sigma: 5.185501145386562
Initial point 3. Random seed: 5292
Solving with ultrametric constraint
Optimal point found for initial point 3
Negative llh: 267.72115125885784
Dropout rate: 1.0574708296228435e-10
Silencing rate: 1.0254795012639922e-10
Sigma: 5.18547902755843
Initial point 4. Random seed: 336
Solving with ultrametric constraint
Optimal point found for initial point 4
Negative llh: 267.72115206703654
Dropout rate: 2.433487057078165e-10
Silencing rate: 1.6869421307462483e-10
Sigma: 5.185421907895628
Initial point 5. Random seed: 2390
Solving with ultrametric constraint
Optimal point found for initial point 5
Negative llh: 267.7211549330859
Dropout rate: 1e-10
Silencing rate: 1e-10
Sigma: 5.185315641704392
Initial point 6. Random seed: 5014
Solving with ultrametric constraint
Fatal: failed to optimize using initial point 6
Initial point 7. Random seed: 9404
Solving with ultrametric constraint
Optimal point found for initial point 7
Negative llh: 267.7211544367414
Dropout rate: 1.0000000000000007e-10
Silencing rate: 9.999999999999996e-11
Sigma: 5.185292383335986
Initial point 8. Random seed: 4497
Solving with ultrametric constraint
Optimal point found for initial point 8
Negative llh: 267.7211511933084
Dropout rate: 1e-10
Silencing rate: 1e-10
Sigma: 5.185483282499972
Initial point 9. Random seed: 4920
Solving with ultrametric constraint
Optimal point found for initial point 9
Negative llh: 267.72115152155015
Dropout rate: 1e-10
Silencing rate: 1e-10
Sigma: 5.185524176160054
Initial point 10. Random seed: 9199
Solving with ultrametric constraint
Optimal point found for initial point 10
Negative llh: 267.7211515292976
Dropout rate: 1.861594094577302e-10
Silencing rate: 1.3822639797862728e-10
Sigma: 5.18549241561872
Runtime (s): 1024.2700475174934
