Launching Problin version 0.5b
Problin was called as follow: /u/gh2161/Spatial-Division/problin/run_problin.py -c real_location_data/s12c4/k10_r3_character_matrix.csv -t real_location_data/s12c4/true_tree.nwk -S real_location_data/s12c4/leaf_locations.txt --delimiter comma -p real_location_data/s12c4/k10_priors.csv -o real_location_data/s12c4/k10_r3_spalin-divide-beta05.txt --nInitials 10 --ultrametric --randomreps 3 --divide --given_beta 0.5 --incl_beta_bound
Optimization by Spalin-Divide: Scipy-SLSQP using spatial information
Optimizing branch lengths, phi, and nu without topology search
Initial point 1. Random seed: 4235
Solving with ultrametric constraint
Optimal point found for initial point 1
Negative llh: 255.91871755628065
Dropout rate: 1e-10
Silencing rate: 1e-10
Sigma: 6.05148667035744
Initial point 2. Random seed: 2197
Solving with ultrametric constraint
Optimal point found for initial point 2
Negative llh: 255.9187168527548
Dropout rate: 1e-10
Silencing rate: 1e-10
Sigma: 6.051480795260034
Initial point 3. Random seed: 4611
Solving with ultrametric constraint
Optimal point found for initial point 3
Negative llh: 255.91871689531922
Dropout rate: 1e-10
Silencing rate: 1e-10
Sigma: 6.051439935632696
Initial point 4. Random seed: 79
Solving with ultrametric constraint
Optimal point found for initial point 4
Negative llh: 255.91871666472798
Dropout rate: 1.116594346816136e-10
Silencing rate: 1.0470709446685172e-10
Sigma: 6.051468561752212
Initial point 5. Random seed: 2658
Solving with ultrametric constraint
Optimal point found for initial point 5
Negative llh: 255.9187170041014
Dropout rate: 4.5858173978101084e-10
Silencing rate: 2.447305461710651e-10
Sigma: 6.051482943554882
Initial point 6. Random seed: 6783
Solving with ultrametric constraint
Optimal point found for initial point 6
Negative llh: 255.91871793789255
Dropout rate: 1e-10
Silencing rate: 1e-10
Sigma: 6.051566403669629
Initial point 7. Random seed: 2152
Solving with ultrametric constraint
Optimal point found for initial point 7
Negative llh: 255.9187173719032
Dropout rate: 1e-10
Silencing rate: 1e-10
Sigma: 6.051526389455096
Initial point 8. Random seed: 7895
Solving with ultrametric constraint
Optimal point found for initial point 8
Negative llh: 255.91871699852217
Dropout rate: 1e-10
Silencing rate: 1e-10
Sigma: 6.05145341848767
Initial point 9. Random seed: 8917
Solving with ultrametric constraint
Optimal point found for initial point 9
Negative llh: 255.9187171115267
Dropout rate: 8.923785266392135e-10
Silencing rate: 4.8426787177029e-10
Sigma: 6.051514613140015
Initial point 10. Random seed: 1998
Solving with ultrametric constraint
Optimal point found for initial point 10
Negative llh: 255.91871718114103
Dropout rate: 9.250632341484475e-10
Silencing rate: 4.4596961476130303e-10
Sigma: 6.051486045515367
Runtime (s): 1420.404571177438
