Launching Problin version 0.5b
Problin was called as follow: /u/gh2161/problin/run_problin.py -c simulated_data/s12c4/k10_r3_character_matrix.csv -t simulated_data/s12c4/true_tree.nwk -S simulated_data/s12c4/leaf_locations.txt --delimiter comma -p simulated_data/s12c4/k10_priors.csv -o simulated_data/s12c4/k10_r3_spalin_leaves_newfelsen.txt --nInitials 10 --ultrametric --randomreps 3
Optimization by Spalin: Scipy-SLSQP using spatial information
Optimizing branch lengths, phi, and nu without topology search
Initial point 1. Random seed: 6004
Solving with ultrametric constraint
Optimal point found for initial point 1
Negative llh: 222.47593814567546
Dropout rate: 8.351122050515136e-10
Silencing rate: 3.946666771244966e-10
Sigma: 8.570284087664374
Initial point 2. Random seed: 8590
Solving with ultrametric constraint
Optimal point found for initial point 2
Negative llh: 222.47593895360012
Dropout rate: 1e-10
Silencing rate: 1e-10
Sigma: 8.56973514868733
Initial point 3. Random seed: 6318
Solving with ultrametric constraint
Optimal point found for initial point 3
Negative llh: 222.47593875428498
Dropout rate: 1.0000000000000007e-10
Silencing rate: 9.999999999999924e-11
Sigma: 8.570063583492152
Initial point 4. Random seed: 9329
Solving with ultrametric constraint
Optimal point found for initial point 4
Negative llh: 222.47593855627963
Dropout rate: 7.251054122111571e-10
Silencing rate: 4.884399118807922e-10
Sigma: 8.570297582069374
Initial point 5. Random seed: 5557
Solving with ultrametric constraint
Optimal point found for initial point 5
Negative llh: 222.47593867838998
Dropout rate: 1e-10
Silencing rate: 1e-10
Sigma: 8.570692734172496
Initial point 6. Random seed: 3536
Solving with ultrametric constraint
Optimal point found for initial point 6
Negative llh: 222.47593867765124
Dropout rate: 1.0000000000000007e-10
Silencing rate: 1.0000000000000007e-10
Sigma: 8.571139305896033
Initial point 7. Random seed: 6476
Solving with ultrametric constraint
Optimal point found for initial point 7
Negative llh: 222.4759388685501
Dropout rate: 1.715636703542087e-09
Silencing rate: 3.16480399653037e-09
Sigma: 8.570460272072406
Initial point 8. Random seed: 1461
Solving with ultrametric constraint
Optimal point found for initial point 8
Negative llh: 222.4759384576485
Dropout rate: 1.0000000000000007e-10
Silencing rate: 1.0000000000000007e-10
Sigma: 8.570462377694911
Initial point 9. Random seed: 9978
Solving with ultrametric constraint
Optimal point found for initial point 9
Negative llh: 222.47593863651872
Dropout rate: 1.0000000000000007e-10
Silencing rate: 1.0000000000000007e-10
Sigma: 8.570107216571154
Initial point 10. Random seed: 285
Solving with ultrametric constraint
Optimal point found for initial point 10
Negative llh: 222.4759389680355
Dropout rate: 2.1965074938758243e-09
Silencing rate: 1.5947256132583658e-09
Sigma: 8.57119849837979
Runtime (s): 246.35855484381318
