Launching Problin version 0.5b
Problin was called as follow: /u/gh2161/Spatial-Division/problin/run_problin.py -c real_location_data/s12c4/k10_r2_character_matrix.csv -t real_location_data/s12c4/true_tree.nwk -S real_location_data/s12c4/leaf_locations.txt --delimiter comma -p real_location_data/s12c4/k10_priors.csv -o real_location_data/s12c4/k10_r2_spalin-divide-ignore-beta.txt --nInitials 10 --ultrametric --randomreps 3 --divide
Optimization by Spalin-Divide: Scipy-SLSQP using spatial information
Optimizing branch lengths, phi, and nu without topology search
Initial point 1. Random seed: 5350
Solving with ultrametric constraint
Optimal point found for initial point 1
Negative llh: 251.8937686535619
Dropout rate: 1e-10
Silencing rate: 1e-10
Sigma: 5.26395060322136
Initial point 2. Random seed: 7937
Solving with ultrametric constraint
Optimal point found for initial point 2
Negative llh: 251.89377202358637
Dropout rate: 1.0000000000000007e-10
Silencing rate: 1.0000000000000007e-10
Sigma: 5.264668806860256
Initial point 3. Random seed: 121
Solving with ultrametric constraint
Optimal point found for initial point 3
Negative llh: 251.89376809489437
Dropout rate: 1.0000000000000007e-10
Silencing rate: 1.0000000000000007e-10
Sigma: 5.264207826297683
Initial point 4. Random seed: 4377
Solving with ultrametric constraint
Optimal point found for initial point 4
Negative llh: 251.89377798725377
Dropout rate: 1.0000000000000007e-10
Silencing rate: 1.0000000000000007e-10
Sigma: 5.264337826464573
Initial point 5. Random seed: 3557
Solving with ultrametric constraint
Optimal point found for initial point 5
Negative llh: 251.89383744506492
Dropout rate: 1.5786968076540405e-09
Silencing rate: 1.034019656998334e-09
Sigma: 5.263459687081757
Initial point 6. Random seed: 8069
Solving with ultrametric constraint
Optimal point found for initial point 6
Negative llh: 251.8937696345474
Dropout rate: 1.9296445058031647e-09
Silencing rate: 1.1667881548220923e-09
Sigma: 5.264235100129505
Initial point 7. Random seed: 305
Solving with ultrametric constraint
Optimal point found for initial point 7
Negative llh: 251.8937683397372
Dropout rate: 1e-10
Silencing rate: 1e-10
Sigma: 5.264196882951208
Initial point 8. Random seed: 6637
Solving with ultrametric constraint
Optimal point found for initial point 8
Negative llh: 251.89377062729653
Dropout rate: 1.0000000000000007e-10
Silencing rate: 1.0000000000000007e-10
Sigma: 5.26414503795148
Initial point 9. Random seed: 5267
Solving with ultrametric constraint
Optimal point found for initial point 9
Negative llh: 251.89383513861145
Dropout rate: 1.0000000000000007e-10
Silencing rate: 1.0000000000000007e-10
Sigma: 5.262935541690021
Initial point 10. Random seed: 9285
Solving with ultrametric constraint
Optimal point found for initial point 10
Negative llh: 251.89381584437757
Dropout rate: 1e-10
Silencing rate: 1e-10
Sigma: 5.264862874931341
Runtime (s): 839.0057330615819
