Launching Problin version 0.5b
Problin was called as follow: /u/gh2161/Spatial-Division/problin/run_problin.py -c real_location_data/s12c4/k10_r3_character_matrix.csv -t real_location_data/s12c4/true_tree.nwk -S real_location_data/s12c4/leaf_locations.txt --delimiter comma -p real_location_data/s12c4/k10_priors.csv -o real_location_data/s12c4/k10_r3_spalin.txt --nInitials 10 --ultrametric --randomreps 3
Optimization by Spalin: Scipy-SLSQP using spatial information
Optimizing branch lengths, phi, and nu without topology search
Initial point 1. Random seed: 774
Solving with ultrametric constraint
Optimal point found for initial point 1
Negative llh: 222.47593824954882
Dropout rate: 1.4121473361777875e-09
Silencing rate: 3.333212481877347e-10
Sigma: 37.793933820149185
Initial point 2. Random seed: 2497
Solving with ultrametric constraint
Optimal point found for initial point 2
Negative llh: 222.4759381078087
Dropout rate: 1e-10
Silencing rate: 1e-10
Sigma: 37.79492031701983
Initial point 3. Random seed: 2836
Solving with ultrametric constraint
Optimal point found for initial point 3
Negative llh: 222.47593798936936
Dropout rate: 1e-10
Silencing rate: 1e-10
Sigma: 37.794237653874525
Initial point 4. Random seed: 5847
Solving with ultrametric constraint
Optimal point found for initial point 4
Negative llh: 222.47593808282426
Dropout rate: 9.999999999999996e-11
Silencing rate: 1.0000000000000002e-10
Sigma: 37.79293603300154
Initial point 5. Random seed: 6049
Solving with ultrametric constraint
Optimal point found for initial point 5
Negative llh: 222.47593796758503
Dropout rate: 1.0000000000000007e-10
Silencing rate: 1e-10
Sigma: 37.79343394200278
Initial point 6. Random seed: 470
Solving with ultrametric constraint
Optimal point found for initial point 6
Negative llh: 222.47593821663878
Dropout rate: 2.177218525566458e-10
Silencing rate: 5.131716008175092e-10
Sigma: 37.79344230101115
Initial point 7. Random seed: 7865
Solving with ultrametric constraint
Optimal point found for initial point 7
Negative llh: 222.47593815626843
Dropout rate: 1e-10
Silencing rate: 1e-10
Sigma: 37.79309343644387
Initial point 8. Random seed: 6588
Solving with ultrametric constraint
Optimal point found for initial point 8
Negative llh: 222.47593828812998
Dropout rate: 1.0000000000000007e-10
Silencing rate: 9.999999999999996e-11
Sigma: 37.792292420286365
Initial point 9. Random seed: 4206
Solving with ultrametric constraint
Optimal point found for initial point 9
Negative llh: 222.47593822084377
Dropout rate: 4.180618922434802e-10
Silencing rate: 1e-10
Sigma: 37.794142188233074
Initial point 10. Random seed: 9273
Solving with ultrametric constraint
Optimal point found for initial point 10
Negative llh: 222.47593802405297
Dropout rate: 1e-10
Silencing rate: 1e-10
Sigma: 37.79353770593163
Traceback (most recent call last):
  File "/u/gh2161/Spatial-Division/problin/run_problin.py", line 223, in <module>
    main()
  File "/u/gh2161/Spatial-Division/problin/run_problin.py", line 214, in main
    for cell in mySolver.params.displacement_amounts:
AttributeError: 'Params' object has no attribute 'displacement_amounts'
