Launching Problin version 0.5b
Problin was called as follow: /u/gh2161/problin/run_problin.py -c simulated_data/s20c5/k10_r4_character_matrix.csv -t simulated_data/s20c5/true_tree.nwk -S simulated_data/s20c5/true_locations.txt --delimiter comma -p simulated_data/s20c5/k10_priors.csv -o simulated_data/s20c5/k10_r4_spalin_all.txt --nInitials 10 --ultrametric --randomreps 3
Optimization by Spalin: Scipy-SLSQP using spatial information
Optimizing branch lengths, phi, and nu without topology search
Initial point 1. Random seed: 2461
Solving with ultrametric constraint
Optimal point found for initial point 1
Negative llh: 271.7076047287116
Dropout rate: 5.56153686211065e-10
Silencing rate: 4.135373276740992e-10
Sigma: 30.73513975769338
Initial point 2. Random seed: 9812
Solving with ultrametric constraint
Optimal point found for initial point 2
Negative llh: 271.76943829891854
Dropout rate: 3.734346870151385e-08
Silencing rate: 1.2830322522526053e-07
Sigma: 30.663071992599438
Initial point 3. Random seed: 3764
Solving with ultrametric constraint
Optimal point found for initial point 3
Negative llh: 271.7075447243743
Dropout rate: 1.8330160583946672e-10
Silencing rate: 1.4274482222940734e-10
Sigma: 30.7278787096398
Initial point 4. Random seed: 3598
Solving with ultrametric constraint
Optimal point found for initial point 4
Negative llh: 271.7075474353756
Dropout rate: 1.06431233295973e-10
Silencing rate: 1.041650878565192e-10
Sigma: 30.72429068247862
Initial point 5. Random seed: 3994
Solving with ultrametric constraint
Optimal point found for initial point 5
Negative llh: 271.70754480471675
Dropout rate: 1.0000000000000002e-10
Silencing rate: 9.999999999999996e-11
Sigma: 30.727186498426622
Initial point 6. Random seed: 5177
Solving with ultrametric constraint
Optimal point found for initial point 6
Negative llh: 271.7075447249742
Dropout rate: 1e-10
Silencing rate: 1e-10
Sigma: 30.72623093719
Initial point 7. Random seed: 1981
Solving with ultrametric constraint
Optimal point found for initial point 7
Negative llh: 271.70754510758223
Dropout rate: 7.209442606338747e-10
Silencing rate: 5.020188055376275e-10
Sigma: 30.729355027050374
Initial point 8. Random seed: 2257
Solving with ultrametric constraint
Optimal point found for initial point 8
Negative llh: 271.7075450885081
Dropout rate: 4.652953406946777e-10
Silencing rate: 4.745509308539958e-10
Sigma: 30.7260700662505
Initial point 9. Random seed: 8064
Solving with ultrametric constraint
Optimal point found for initial point 9
Negative llh: 271.707545160745
Dropout rate: 1.8847545329240155e-09
Silencing rate: 1.4784021025095645e-09
Sigma: 30.72709200402302
Initial point 10. Random seed: 4404
Solving with ultrametric constraint
Optimal point found for initial point 10
Negative llh: 271.7075456359569
Dropout rate: 5.560231847425941e-10
Silencing rate: 3.120412378009836e-10
Sigma: 30.728409156062202
Runtime (s): 29.193924671038985
