Launching Problin version 0.5b
Problin was called as follow: /u/gh2161/Spatial-Division/problin/run_problin.py -c real_location_data/s20c5/k10_r3_character_matrix.csv -t real_location_data/s20c5/true_tree.nwk -S real_location_data/s20c5/leaf_locations.txt --delimiter comma -p real_location_data/s20c5/k10_priors.csv -o real_location_data/s20c5/k10_r3_spalin-divide-ignore-beta.txt --nInitials 10 --ultrametric --randomreps 3 --divide
Optimization by Spalin-Divide: Scipy-SLSQP using spatial information
Optimizing branch lengths, phi, and nu without topology search
Initial point 1. Random seed: 3720
Solving with ultrametric constraint
Optimal point found for initial point 1
Negative llh: 217.67408233904268
Dropout rate: 1.0000000000000007e-10
Silencing rate: 1.0000000000000007e-10
Sigma: 5.696012255557474
Initial point 2. Random seed: 2556
Solving with ultrametric constraint
Optimal point found for initial point 2
Negative llh: 217.67408241385596
Dropout rate: 1.0000000000000007e-10
Silencing rate: 1.0000000000000007e-10
Sigma: 5.6959902579058275
Initial point 3. Random seed: 9344
Solving with ultrametric constraint
Optimal point found for initial point 3
Negative llh: 217.67408306650645
Dropout rate: 1.5883529428014126e-09
Silencing rate: 1.4141166905773402e-09
Sigma: 5.695923641904464
Initial point 4. Random seed: 634
Solving with ultrametric constraint
Optimal point found for initial point 4
Negative llh: 217.6740823439035
Dropout rate: 1.0000000000000002e-10
Silencing rate: 1.0000000000000002e-10
Sigma: 5.695978145488451
Initial point 5. Random seed: 7994
Solving with ultrametric constraint
Optimal point found for initial point 5
Negative llh: 217.6740825081903
Dropout rate: 1.0734499357273396e-10
Silencing rate: 1.0604929648510948e-10
Sigma: 5.695933727584414
Initial point 6. Random seed: 3161
Solving with ultrametric constraint
Optimal point found for initial point 6
Negative llh: 217.67408339506017
Dropout rate: 2.06384859708895e-09
Silencing rate: 1.4716263477841003e-09
Sigma: 5.695928849311626
Initial point 7. Random seed: 3530
Solving with ultrametric constraint
Optimal point found for initial point 7
Negative llh: 217.6740833856869
Dropout rate: 6.646302957867776e-10
Silencing rate: 5.910444413145757e-10
Sigma: 5.695925423176569
Initial point 8. Random seed: 32
Solving with ultrametric constraint
Optimal point found for initial point 8
Negative llh: 217.67408233139588
Dropout rate: 1.0000000000000007e-10
Silencing rate: 9.999999999999996e-11
Sigma: 5.696016880086545
Initial point 9. Random seed: 4562
Solving with ultrametric constraint
Optimal point found for initial point 9
Negative llh: 217.67408287257047
Dropout rate: 2.1766662000719363e-09
Silencing rate: 1.8601964498364554e-09
Sigma: 5.695973194344421
Initial point 10. Random seed: 7162
Solving with ultrametric constraint
Optimal point found for initial point 10
Negative llh: 217.6740825637295
Dropout rate: 1e-10
Silencing rate: 1e-10
Sigma: 5.696142077250541
Runtime (s): 303.4501474648714
