Launching Problin version 0.5b
Problin was called as follow: /u/gh2161/problin/run_problin.py -c simulated_data/s20c5/k10_r1_character_matrix.csv -t simulated_data/s20c5/true_tree.nwk -S simulated_data/s20c5/leaf_locations.txt --delimiter comma -p simulated_data/s20c5/k10_priors.csv -o simulated_data/s20c5/k10_r1_spalin_leaves_newfelsen.txt --nInitials 10 --ultrametric --randomreps 3
Optimization by Spalin: Scipy-SLSQP using spatial information
Optimizing branch lengths, phi, and nu without topology search
Initial point 1. Random seed: 6113
Solving with ultrametric constraint
Optimal point found for initial point 1
Negative llh: 183.14790906209964
Dropout rate: 1e-10
Silencing rate: 1e-10
Sigma: 12.40123720264588
Initial point 2. Random seed: 4950
Solving with ultrametric constraint
Optimal point found for initial point 2
Negative llh: 183.14790922611616
Dropout rate: 2.1210476683041504e-10
Silencing rate: 4.780315359729111e-10
Sigma: 12.401491568642513
Initial point 3. Random seed: 7249
Solving with ultrametric constraint
Optimal point found for initial point 3
Negative llh: 183.14790938048532
Dropout rate: 1e-10
Silencing rate: 1e-10
Sigma: 12.40239663528145
Initial point 4. Random seed: 5204
Solving with ultrametric constraint
Optimal point found for initial point 4
Negative llh: 183.1479093592533
Dropout rate: 1.0487602754469198e-09
Silencing rate: 2.1369740781034087e-09
Sigma: 12.401336351147027
Initial point 5. Random seed: 997
Solving with ultrametric constraint
Optimal point found for initial point 5
Negative llh: 183.14790956412395
Dropout rate: 3.34910732765134e-09
Silencing rate: 1.5821764843503495e-09
Sigma: 12.401954203175308
Initial point 6. Random seed: 2290
Solving with ultrametric constraint
Optimal point found for initial point 6
Negative llh: 183.14790923103627
Dropout rate: 1e-10
Silencing rate: 1e-10
Sigma: 12.401126574043422
Initial point 7. Random seed: 6071
Solving with ultrametric constraint
Optimal point found for initial point 7
Negative llh: 183.14790938747421
Dropout rate: 1.003879938757802e-10
Silencing rate: 1.0019099674732078e-10
Sigma: 12.401232629650565
Initial point 8. Random seed: 7690
Solving with ultrametric constraint
Optimal point found for initial point 8
Negative llh: 183.14790901642246
Dropout rate: 1e-10
Silencing rate: 1e-10
Sigma: 12.401252035734217
Initial point 9. Random seed: 963
Solving with ultrametric constraint
Optimal point found for initial point 9
Negative llh: 183.14790949223217
Dropout rate: 1e-10
Silencing rate: 1e-10
Sigma: 12.402490196975739
Initial point 10. Random seed: 5499
Solving with ultrametric constraint
Optimal point found for initial point 10
Negative llh: 183.14790943480227
Dropout rate: 1.0000000000000002e-10
Silencing rate: 1.0000000000000007e-10
Sigma: 12.401414924223074
Runtime (s): 85.18937020748854
