Launching Problin version 0.5b
Problin was called as follow: /u/gh2161/Spatial-Division/problin/run_problin.py -c real_location_data/s20c5/k10_r5_character_matrix.csv -t real_location_data/s20c5/true_tree.nwk -S real_location_data/s20c5/leaf_locations.txt --delimiter comma -p real_location_data/s20c5/k10_priors.csv -o real_location_data/s20c5/k10_r5_spalin-divide-ignore-beta.txt --nInitials 10 --ultrametric --randomreps 3 --divide
Optimization by Spalin-Divide: Scipy-SLSQP using spatial information
Optimizing branch lengths, phi, and nu without topology search
Initial point 1. Random seed: 5671
Solving with ultrametric constraint
Optimal point found for initial point 1
Negative llh: 213.938134262642
Dropout rate: 1.0000000000000002e-10
Silencing rate: 1e-10
Sigma: 6.217996126219207
Initial point 2. Random seed: 4012
Solving with ultrametric constraint
Optimal point found for initial point 2
Negative llh: 213.93813434526882
Dropout rate: 2.391263094395147e-10
Silencing rate: 1.870464832234016e-10
Sigma: 6.218006771404
Initial point 3. Random seed: 6944
Solving with ultrametric constraint
Optimal point found for initial point 3
Negative llh: 213.93813635212496
Dropout rate: 2.424806433777094e-10
Silencing rate: 1.8937384073416057e-10
Sigma: 6.218049768238636
Initial point 4. Random seed: 9871
Solving with ultrametric constraint
Optimal point found for initial point 4
Negative llh: 213.9381343643273
Dropout rate: 9.999999999999996e-11
Silencing rate: 9.999999999999996e-11
Sigma: 6.218083843460347
Initial point 5. Random seed: 815
Solving with ultrametric constraint
Optimal point found for initial point 5
Negative llh: 213.93813449941527
Dropout rate: 1e-10
Silencing rate: 1e-10
Sigma: 6.218049443330205
Initial point 6. Random seed: 4603
Solving with ultrametric constraint
Optimal point found for initial point 6
Negative llh: 213.93813463308214
Dropout rate: 1.0000000000000007e-10
Silencing rate: 2.1097177253675834e-10
Sigma: 6.218119776973677
Initial point 7. Random seed: 1707
Solving with ultrametric constraint
Optimal point found for initial point 7
Negative llh: 213.93813493151237
Dropout rate: 1.0000000000000002e-10
Silencing rate: 1.0000000000000002e-10
Sigma: 6.218062291221327
Initial point 8. Random seed: 5140
Solving with ultrametric constraint
Optimal point found for initial point 8
Negative llh: 213.93813454816308
Dropout rate: 1.2871760205296706e-09
Silencing rate: 9.431573345067428e-10
Sigma: 6.218037599546145
Initial point 9. Random seed: 7140
Solving with ultrametric constraint
Optimal point found for initial point 9
Negative llh: 213.93813467199425
Dropout rate: 2.5192629277329867e-10
Silencing rate: 1.7207350047601058e-10
Sigma: 6.218000269550689
Initial point 10. Random seed: 941
Solving with ultrametric constraint
Optimal point found for initial point 10
Negative llh: 213.9381448058407
Dropout rate: 1e-10
Silencing rate: 1e-10
Sigma: 6.217345641454592
Runtime (s): 334.5739701613784
