Launching Problin version 0.5b
Problin was called as follow: /u/gh2161/problin/run_problin.py -c simulated_data/s20c5/k10_r3_character_matrix.csv -t simulated_data/s20c5/true_tree.nwk --delimiter comma -p simulated_data/s20c5/k10_priors.csv -o simulated_data/s20c5/k10_r3_problin.txt --nInitials 10 --ultrametric --randomreps 3
Optimization by EM algorithm
Optimizing branch lengths, phi, and nu without topology search
Initial point 1. Random seed: 7479
Solving with ultrametric constraint
Initial phi: 0.9483321642444176. Initial nu: 0.22171101585490902. Initial nllh: 8602.08879824163
EM finished after 15 iterations.
Optimal point found for initial point 1
Negative llh: 91.0593511467047
Dropout rate: 0
Silencing rate: 5.03001219913707e-07
Initial point 2. Random seed: 174
Solving with ultrametric constraint
Initial phi: 0.03669408419383221. Initial nu: 0.8087665880107265. Initial nllh: 181.70310925475997
EM finished after 13 iterations.
Optimal point found for initial point 2
Negative llh: 91.05935136299486
Dropout rate: 0
Silencing rate: 5.018082958817403e-07
Initial point 3. Random seed: 2080
Solving with ultrametric constraint
Initial phi: 0.47015682374746853. Initial nu: 0.41504805372853615. Initial nllh: 223.81451069277267
EM finished after 12 iterations.
Optimal point found for initial point 3
Negative llh: 91.05935196504963
Dropout rate: 0
Silencing rate: 5.065948438089199e-07
Initial point 4. Random seed: 1266
Solving with ultrametric constraint
Initial phi: 0.3817698564688629. Initial nu: 0.5705644691000082. Initial nllh: 218.63839454105766
EM finished after 13 iterations.
Optimal point found for initial point 4
Negative llh: 91.05935121997463
Dropout rate: 0
Silencing rate: 5.016607454684649e-07
Initial point 5. Random seed: 2092
Solving with ultrametric constraint
Initial phi: 0.10083548198726851. Initial nu: 0.5473995419019306. Initial nllh: 163.74766628966154
EM finished after 13 iterations.
Optimal point found for initial point 5
Negative llh: 91.05935163428701
Dropout rate: 0
Silencing rate: 5.056905389776632e-07
Initial point 6. Random seed: 411
Solving with ultrametric constraint
Initial phi: 0.5168208054331845. Initial nu: 0.6735835612535362. Initial nllh: 264.02426251672784
EM finished after 13 iterations.
Optimal point found for initial point 6
Negative llh: 91.0593519609113
Dropout rate: 0
Silencing rate: 5.080587714422176e-07
Initial point 7. Random seed: 3527
Solving with ultrametric constraint
Initial phi: 0.9445274510950266. Initial nu: 0.9401051315550787. Initial nllh: 595.1998652383447
EM finished after 15 iterations.
Optimal point found for initial point 7
Negative llh: 91.05935103563003
Dropout rate: 0
Silencing rate: 5.019406524329232e-07
Initial point 8. Random seed: 5620
Solving with ultrametric constraint
Initial phi: 0.14244228499779946. Initial nu: 0.2988414717405218. Initial nllh: 144.13189421391834
EM finished after 11 iterations.
Optimal point found for initial point 8
Negative llh: 91.0593523356699
Dropout rate: 0
Silencing rate: 5.068641531470606e-07
Initial point 9. Random seed: 5314
Solving with ultrametric constraint
Initial phi: 0.968899000424185. Initial nu: 0.5289103425797085. Initial nllh: 632.7860937261182
EM finished after 12 iterations.
Optimal point found for initial point 9
Negative llh: 91.05935171340542
Dropout rate: 0
Silencing rate: 5.025781312879738e-07
Initial point 10. Random seed: 9560
Solving with ultrametric constraint
Initial phi: 0.3838874947517565. Initial nu: 0.6358581013668768. Initial nllh: 226.01382371205463
EM finished after 12 iterations.
Optimal point found for initial point 10
Negative llh: 91.05935215686173
Dropout rate: 0
Silencing rate: 5.052803689097126e-07
Traceback (most recent call last):
  File "/u/gh2161/problin/run_problin.py", line 193, in <module>
    main()
  File "/u/gh2161/problin/run_problin.py", line 172, in main
    fout.write("Sigma: " + str(opt_params['sigma']) + "\n")
KeyError: 'sigma'
