Launching Problin version 0.5b
Problin was called as follow: /u/gh2161/Spatial-Division/problin/run_problin.py -c real_location_data/s20c5/k10_r2_character_matrix.csv -t real_location_data/s20c5/true_tree.nwk -S real_location_data/s20c5/leaf_locations.txt --delimiter comma -p real_location_data/s20c5/k10_priors.csv -o real_location_data/s20c5/k10_r2_spalin.txt --nInitials 10 --ultrametric --randomreps 3
Optimization by Spalin: Scipy-SLSQP using spatial information
Optimizing branch lengths, phi, and nu without topology search
Initial point 1. Random seed: 210
Solving with ultrametric constraint
Optimal point found for initial point 1
Negative llh: 191.1277865745465
Dropout rate: 1.0716365502076814e-10
Silencing rate: 1e-10
Sigma: 42.813601932517194
Initial point 2. Random seed: 4681
Solving with ultrametric constraint
Optimal point found for initial point 2
Negative llh: 191.12778690790483
Dropout rate: 1.0000000000000002e-10
Silencing rate: 1.0000000000000002e-10
Sigma: 42.82252414409215
Initial point 3. Random seed: 1149
Solving with ultrametric constraint
Optimal point found for initial point 3
Negative llh: 191.1277865512133
Dropout rate: 1.1075136424333247e-10
Silencing rate: 1.0547501599612512e-10
Sigma: 42.81800968311351
Initial point 4. Random seed: 9084
Solving with ultrametric constraint
Optimal point found for initial point 4
Negative llh: 191.12778705035805
Dropout rate: 2.4683330021116994e-10
Silencing rate: 2.6585313019644216e-10
Sigma: 42.81433259462255
Initial point 5. Random seed: 2065
Solving with ultrametric constraint
Optimal point found for initial point 5
Negative llh: 191.12778704017515
Dropout rate: 4.0654534047790606e-10
Silencing rate: 2.3123078956632558e-10
Sigma: 42.81290705580087
Initial point 6. Random seed: 6921
Solving with ultrametric constraint
Optimal point found for initial point 6
Negative llh: 191.1277867654838
Dropout rate: 1.0751614020772018e-09
Silencing rate: 1.957816451907148e-09
Sigma: 42.816836107335604
Initial point 7. Random seed: 6763
Solving with ultrametric constraint
Optimal point found for initial point 7
Negative llh: 191.12778662623654
Dropout rate: 4.903660310457903e-10
Silencing rate: 4.023819958598089e-10
Sigma: 42.81645447986388
Initial point 8. Random seed: 7542
Solving with ultrametric constraint
Optimal point found for initial point 8
Negative llh: 191.12778684259555
Dropout rate: 1e-10
Silencing rate: 1e-10
Sigma: 42.81593747319259
Initial point 9. Random seed: 4754
Solving with ultrametric constraint
Optimal point found for initial point 9
Negative llh: 191.12778695879715
Dropout rate: 1e-10
Silencing rate: 1e-10
Sigma: 42.81655237736459
Initial point 10. Random seed: 3022
Solving with ultrametric constraint
Optimal point found for initial point 10
Negative llh: 191.12778762249724
Dropout rate: 5.923013781340562e-10
Silencing rate: 3.597721829537595e-10
Sigma: 42.80684469157929
Traceback (most recent call last):
  File "/u/gh2161/Spatial-Division/problin/run_problin.py", line 223, in <module>
    main()
  File "/u/gh2161/Spatial-Division/problin/run_problin.py", line 214, in main
    for cell in mySolver.params.displacement_amounts:
AttributeError: 'Params' object has no attribute 'displacement_amounts'
