Launching Problin version 0.5b
Problin was called as follow: /u/gh2161/problin/run_problin.py -c simulated_data/s20c5/k10_r5_character_matrix.csv -t simulated_data/s20c5/true_tree.nwk --delimiter comma -p simulated_data/s20c5/k10_priors.csv -o simulated_data/s20c5/k10_r5_problin.txt --nInitials 10 --ultrametric --randomreps 3
Optimization by EM algorithm
Optimizing branch lengths, phi, and nu without topology search
Initial point 1. Random seed: 9314
Solving with ultrametric constraint
Initial phi: 0.40488224470413053. Initial nu: 0.4357807310980741. Initial nllh: 12211.85880285519
EM finished after 13 iterations.
Optimal point found for initial point 1
Negative llh: 85.20684177085305
Dropout rate: 0
Silencing rate: 6.140119258962504e-07
Initial point 2. Random seed: 2237
Solving with ultrametric constraint
Initial phi: 0.5346672439804718. Initial nu: 0.10792978732961092. Initial nllh: 201.2797618374414
EM finished after 8 iterations.
Optimal point found for initial point 2
Negative llh: 85.2068425766749
Dropout rate: 0
Silencing rate: 6.207755751640616e-07
Initial point 3. Random seed: 5529
Solving with ultrametric constraint
Initial phi: 0.2856774344688262. Initial nu: 0.6249479939512562. Initial nllh: 184.25937038170264
EM finished after 12 iterations.
Optimal point found for initial point 3
Negative llh: 85.20684107492815
Dropout rate: 0
Silencing rate: 6.089623379327519e-07
Initial point 4. Random seed: 1666
Solving with ultrametric constraint
Initial phi: 0.2508573571347842. Initial nu: 0.4517339659010347. Initial nllh: 163.19686489333563
EM finished after 12 iterations.
Optimal point found for initial point 4
Negative llh: 85.20684099944688
Dropout rate: 0
Silencing rate: 6.091021914215919e-07
Initial point 5. Random seed: 2387
Solving with ultrametric constraint
Initial phi: 0.6508038568003758. Initial nu: 0.2579169981239991. Initial nllh: 253.94548054466753
EM finished after 11 iterations.
Optimal point found for initial point 5
Negative llh: 85.20684169141192
Dropout rate: 0
Silencing rate: 6.172768844782907e-07
Initial point 6. Random seed: 5923
Solving with ultrametric constraint
Initial phi: 0.7587493243967072. Initial nu: 0.010825284817185121. Initial nllh: 285.1753631592258
EM finished after 5 iterations.
Optimal point found for initial point 6
Negative llh: 85.20684217621705
Dropout rate: 0
Silencing rate: 6.225447646640759e-07
Initial point 7. Random seed: 349
Solving with ultrametric constraint
Initial phi: 0.5720200278814946. Initial nu: 0.48416859563596515. Initial nllh: 244.27215121425894
EM finished after 13 iterations.
Optimal point found for initial point 7
Negative llh: 85.20684149460091
Dropout rate: 0
Silencing rate: 6.166761304883871e-07
Initial point 8. Random seed: 4044
Solving with ultrametric constraint
Initial phi: 0.8962139130138411. Initial nu: 0.5429405836231367. Initial nllh: 447.5030327803593
EM finished after 12 iterations.
Optimal point found for initial point 8
Negative llh: 85.2068416430539
Dropout rate: 0
Silencing rate: 6.15817779103299e-07
Initial point 9. Random seed: 2939
Solving with ultrametric constraint
Initial phi: 0.3294482070294017. Initial nu: 0.6944780530026091. Initial nllh: 198.89312907706594
EM finished after 12 iterations.
Optimal point found for initial point 9
Negative llh: 85.20684125020566
Dropout rate: 0
Silencing rate: 6.097176510387311e-07
Initial point 10. Random seed: 9256
Solving with ultrametric constraint
Initial phi: 0.6399869948573361. Initial nu: 0.2446949412447947. Initial nllh: 248.57533946944076
EM finished after 12 iterations.
Optimal point found for initial point 10
Negative llh: 85.20684172024293
Dropout rate: 0
Silencing rate: 6.194498080193452e-07
Traceback (most recent call last):
  File "/u/gh2161/problin/run_problin.py", line 193, in <module>
    main()
  File "/u/gh2161/problin/run_problin.py", line 172, in main
    fout.write("Sigma: " + str(opt_params['sigma']) + "\n")
KeyError: 'sigma'
