Launching Problin version 0.5b
Problin was called as follow: /u/gh2161/Spatial-Division/problin/run_problin.py -c real_location_data/s20c5/k10_r2_character_matrix.csv -t real_location_data/s20c5/true_tree.nwk -S real_location_data/s20c5/leaf_locations.txt --delimiter comma -p real_location_data/s20c5/k10_priors.csv -o real_location_data/s20c5/k10_r2_spalin-divide-beta05.txt --nInitials 10 --ultrametric --randomreps 3 --divide --given_beta 0.5 --incl_beta_bound
Optimization by Spalin-Divide: Scipy-SLSQP using spatial information
Optimizing branch lengths, phi, and nu without topology search
Initial point 1. Random seed: 3619
Solving with ultrametric constraint
Optimal point found for initial point 1
Negative llh: 214.3951048349426
Dropout rate: 4.2111034522145134e-10
Silencing rate: 2.531746926443841e-10
Sigma: 6.472189450671869
Initial point 2. Random seed: 9928
Solving with ultrametric constraint
Optimal point found for initial point 2
Negative llh: 214.39510471577987
Dropout rate: 2.473083201201443e-10
Silencing rate: 1.7870554172653106e-10
Sigma: 6.472230802523634
Initial point 3. Random seed: 1251
Solving with ultrametric constraint
Optimal point found for initial point 3
Negative llh: 214.39510791733755
Dropout rate: 5.508957222942967e-10
Silencing rate: 4.1638567115098257e-10
Sigma: 6.472117635132534
Initial point 4. Random seed: 6861
Solving with ultrametric constraint
Optimal point found for initial point 4
Negative llh: 214.3951046882006
Dropout rate: 1.3369601611609667e-10
Silencing rate: 1.1716169134200825e-10
Sigma: 6.47219666150823
Initial point 5. Random seed: 7059
Solving with ultrametric constraint
Optimal point found for initial point 5
Negative llh: 214.3951051626947
Dropout rate: 1e-10
Silencing rate: 1e-10
Sigma: 6.4721944354180225
Initial point 6. Random seed: 636
Solving with ultrametric constraint
Optimal point found for initial point 6
Negative llh: 214.39510474897196
Dropout rate: 1e-10
Silencing rate: 1e-10
Sigma: 6.472186652918276
Initial point 7. Random seed: 8887
Solving with ultrametric constraint
Optimal point found for initial point 7
Negative llh: 214.39510894733382
Dropout rate: 1e-10
Silencing rate: 1e-10
Sigma: 6.471699455775273
Initial point 8. Random seed: 7526
Solving with ultrametric constraint
Optimal point found for initial point 8
Negative llh: 214.39510564616631
Dropout rate: 1e-10
Silencing rate: 1e-10
Sigma: 6.472193001124029
Initial point 9. Random seed: 8972
Solving with ultrametric constraint
Optimal point found for initial point 9
Negative llh: 214.39510576525836
Dropout rate: 2.51680334730931e-10
Silencing rate: 1.58565340074658e-10
Sigma: 6.472213806020907
Initial point 10. Random seed: 6845
Solving with ultrametric constraint
Optimal point found for initial point 10
Negative llh: 214.39510934174893
Dropout rate: 1e-10
Silencing rate: 1e-10
Sigma: 6.471688137393643
Runtime (s): 485.36491986364126
