Launching Problin version 0.5b
Problin was called as follow: /u/gh2161/Spatial-Division/problin/run_problin.py -c real_location_data/s20c5/k10_r1_character_matrix.csv -t real_location_data/s20c5/true_tree.nwk -S real_location_data/s20c5/leaf_locations.txt --delimiter comma -p real_location_data/s20c5/k10_priors.csv -o real_location_data/s20c5/k10_r1_spalin-divide-beta1.txt --nInitials 10 --ultrametric --randomreps 3 --divide --given_beta 1 --incl_beta_bound
Optimization by Spalin-Divide: Scipy-SLSQP using spatial information
Optimizing branch lengths, phi, and nu without topology search
Initial point 1. Random seed: 9222
Solving with ultrametric constraint
Optimal point found for initial point 1
Negative llh: 205.66595447024605
Dropout rate: 1e-10
Silencing rate: 1e-10
Sigma: 6.593384092162925
Initial point 2. Random seed: 6582
Solving with ultrametric constraint
Optimal point found for initial point 2
Negative llh: 205.66595427844885
Dropout rate: 1e-10
Silencing rate: 1e-10
Sigma: 6.593363383905696
Initial point 3. Random seed: 5553
Solving with ultrametric constraint
Optimal point found for initial point 3
Negative llh: 205.66595439034205
Dropout rate: 9.999999999999996e-11
Silencing rate: 1.0000000000000002e-10
Sigma: 6.593382766213173
Initial point 4. Random seed: 2228
Solving with ultrametric constraint
Optimal point found for initial point 4
Negative llh: 205.66595436299986
Dropout rate: 9.999999999999996e-11
Silencing rate: 1.0000000000000002e-10
Sigma: 6.5933450465201675
Initial point 5. Random seed: 4275
Solving with ultrametric constraint
Optimal point found for initial point 5
Negative llh: 205.66595453752572
Dropout rate: 1.0000000000000002e-10
Silencing rate: 1.0000000000000002e-10
Sigma: 6.5933655641325215
Initial point 6. Random seed: 429
Solving with ultrametric constraint
Optimal point found for initial point 6
Negative llh: 205.66595850621798
Dropout rate: 1e-10
Silencing rate: 1e-10
Sigma: 6.593263102851815
Initial point 7. Random seed: 5976
Solving with ultrametric constraint
Optimal point found for initial point 7
Negative llh: 205.66595424171476
Dropout rate: 2.7070326540844697e-10
Silencing rate: 2.4627435001759244e-10
Sigma: 6.593401627230609
Initial point 8. Random seed: 9009
Solving with ultrametric constraint
Optimal point found for initial point 8
Negative llh: 205.66595453783663
Dropout rate: 1.0000000000000002e-10
Silencing rate: 1.0000000000000002e-10
Sigma: 6.593254567904469
Initial point 9. Random seed: 7639
Solving with ultrametric constraint
Optimal point found for initial point 9
Negative llh: 205.66595430963116
Dropout rate: 3.8884785128067204e-10
Silencing rate: 3.2890849874474524e-10
Sigma: 6.59336504911736
Initial point 10. Random seed: 4063
Solving with ultrametric constraint
Optimal point found for initial point 10
Negative llh: 205.66595415495232
Dropout rate: 1e-10
Silencing rate: 1e-10
Sigma: 6.593393044430186
Runtime (s): 481.4374728500261
