Launching Problin version 0.5b
Problin was called as follow: /u/gh2161/problin/run_problin.py -c simulated_data/s20c5/k10_r5_character_matrix.csv -t simulated_data/s20c5/true_tree.nwk -S simulated_data/s20c5/leaf_locations.txt --delimiter comma -p simulated_data/s20c5/k10_priors.csv -o simulated_data/s20c5/k10_r5_spalin_leaves_newfelsen.txt --nInitials 10 --ultrametric --randomreps 3
Optimization by Spalin: Scipy-SLSQP using spatial information
Optimizing branch lengths, phi, and nu without topology search
Initial point 1. Random seed: 6562
Solving with ultrametric constraint
Optimal point found for initial point 1
Negative llh: 191.51980472402693
Dropout rate: 1e-10
Silencing rate: 1e-10
Sigma: 9.934968986257779
Initial point 2. Random seed: 698
Solving with ultrametric constraint
Optimal point found for initial point 2
Negative llh: 191.5198046093791
Dropout rate: 1e-10
Silencing rate: 1e-10
Sigma: 9.934275891165603
Initial point 3. Random seed: 6890
Solving with ultrametric constraint
Optimal point found for initial point 3
Negative llh: 191.51980547433402
Dropout rate: 1e-10
Silencing rate: 1e-10
Sigma: 9.935709553422436
Initial point 4. Random seed: 2332
Solving with ultrametric constraint
Optimal point found for initial point 4
Negative llh: 191.51980472814225
Dropout rate: 1e-10
Silencing rate: 1e-10
Sigma: 9.934290653129427
Initial point 5. Random seed: 480
Solving with ultrametric constraint
Optimal point found for initial point 5
Negative llh: 191.51980518285825
Dropout rate: 9.999999999999996e-11
Silencing rate: 9.999999999999996e-11
Sigma: 9.936106695104339
Initial point 6. Random seed: 6584
Solving with ultrametric constraint
Optimal point found for initial point 6
Negative llh: 191.51980503434237
Dropout rate: 1.6157583920441914e-10
Silencing rate: 4.906400908669388e-10
Sigma: 9.934568779168766
Initial point 7. Random seed: 5102
Solving with ultrametric constraint
Optimal point found for initial point 7
Negative llh: 191.5198046019529
Dropout rate: 9.999999999999996e-11
Silencing rate: 1.0000000000000007e-10
Sigma: 9.934215948901567
Initial point 8. Random seed: 398
Solving with ultrametric constraint
Optimal point found for initial point 8
Negative llh: 191.5198045457368
Dropout rate: 1.000000000000009e-10
Silencing rate: 1.000000000000009e-10
Sigma: 9.934269571258119
Initial point 9. Random seed: 862
Solving with ultrametric constraint
Optimal point found for initial point 9
Negative llh: 191.5198048784297
Dropout rate: 1.0000000000000007e-10
Silencing rate: 1.0000000000000007e-10
Sigma: 9.933804386370177
Initial point 10. Random seed: 6460
Solving with ultrametric constraint
Optimal point found for initial point 10
Negative llh: 191.51980511505468
Dropout rate: 1.000000000000009e-10
Silencing rate: 1.000000000000009e-10
Sigma: 9.933612839762137
Runtime (s): 83.31516845524311
