Launching Problin version 0.5b
Problin was called as follow: /u/gh2161/problin/run_problin.py -c simulated_data/s14c2/k10_r4_character_matrix.csv -t simulated_data/s14c2/true_tree.nwk -S simulated_data/s14c2/leaf_locations.txt --delimiter comma -p simulated_data/s14c2/k10_priors.csv -o simulated_data/s14c2/k10_r4_spalin_leaves_newfelsen.txt --nInitials 10 --ultrametric --randomreps 3
Optimization by Spalin: Scipy-SLSQP using spatial information
Optimizing branch lengths, phi, and nu without topology search
Initial point 1. Random seed: 4495
Solving with ultrametric constraint
Optimal point found for initial point 1
Negative llh: 136.69977737913192
Dropout rate: 9.999999999999996e-11
Silencing rate: 1.0000000000000002e-10
Sigma: 6.578356693295697
Initial point 2. Random seed: 6190
Solving with ultrametric constraint
Optimal point found for initial point 2
Negative llh: 136.69977806852862
Dropout rate: 1e-10
Silencing rate: 1e-10
Sigma: 6.578784138489823
Initial point 3. Random seed: 8950
Solving with ultrametric constraint
Optimal point found for initial point 3
Negative llh: 136.69977767975615
Dropout rate: 5.607240830947735e-10
Silencing rate: 2.469268370508424e-10
Sigma: 6.57945900812649
Initial point 4. Random seed: 1556
Solving with ultrametric constraint
Optimal point found for initial point 4
Negative llh: 136.69978172522372
Dropout rate: 1e-10
Silencing rate: 1e-10
Sigma: 6.580053384859901
Initial point 5. Random seed: 5903
Solving with ultrametric constraint
Optimal point found for initial point 5
Negative llh: 136.69977756449975
Dropout rate: 1.0000000000000007e-10
Silencing rate: 9.999999999999996e-11
Sigma: 6.579635329757375
Initial point 6. Random seed: 589
Solving with ultrametric constraint
Optimal point found for initial point 6
Negative llh: 136.6997781974572
Dropout rate: 5.674025583862314e-10
Silencing rate: 9.161867641560121e-10
Sigma: 6.579627692004571
Initial point 7. Random seed: 5391
Solving with ultrametric constraint
Optimal point found for initial point 7
Negative llh: 136.69977819196058
Dropout rate: 1e-10
Silencing rate: 1e-10
Sigma: 6.577816357602094
Initial point 8. Random seed: 1184
Solving with ultrametric constraint
Optimal point found for initial point 8
Negative llh: 136.69977842395014
Dropout rate: 5.504900747093151e-10
Silencing rate: 3.140634406272915e-10
Sigma: 6.578814017222004
Initial point 9. Random seed: 8814
Solving with ultrametric constraint
Optimal point found for initial point 9
Negative llh: 136.69977876383143
Dropout rate: 1.3682977336180585e-10
Silencing rate: 1.611314617349851e-10
Sigma: 6.576826774646917
Initial point 10. Random seed: 5291
Solving with ultrametric constraint
Optimal point found for initial point 10
Negative llh: 136.69978296942116
Dropout rate: 4.770511616498245e-10
Silencing rate: 3.989536257425806e-10
Sigma: 6.5752981965178865
Runtime (s): 118.33999347686768
