Launching Problin version 0.5b
Problin was called as follow: /u/gh2161/Spatial-Division/problin/run_problin.py -c real_location_data/s14c2/k10_r3_character_matrix.csv -t real_location_data/s14c2/true_tree.nwk -S real_location_data/s14c2/leaf_locations.txt --delimiter comma -p real_location_data/s14c2/k10_priors.csv -o real_location_data/s14c2/k10_r3_spalin.txt --nInitials 10 --ultrametric --randomreps 3
Optimization by Spalin: Scipy-SLSQP using spatial information
Optimizing branch lengths, phi, and nu without topology search
Initial point 1. Random seed: 2128
Solving with ultrametric constraint
Optimal point found for initial point 1
Negative llh: 174.22792440684168
Dropout rate: 1.0000000000000002e-10
Silencing rate: 1e-10
Sigma: 30.17121356204209
Initial point 2. Random seed: 9587
Solving with ultrametric constraint
Optimal point found for initial point 2
Negative llh: 174.2279244532411
Dropout rate: 1e-10
Silencing rate: 1e-10
Sigma: 30.171439074098465
Initial point 3. Random seed: 4830
Solving with ultrametric constraint
Optimal point found for initial point 3
Negative llh: 174.2279249455
Dropout rate: 1e-10
Silencing rate: 1e-10
Sigma: 30.175832412497567
Initial point 4. Random seed: 8167
Solving with ultrametric constraint
Optimal point found for initial point 4
Negative llh: 174.22792450920437
Dropout rate: 1e-10
Silencing rate: 1.0000000000000002e-10
Sigma: 30.17026591484215
Initial point 5. Random seed: 8917
Solving with ultrametric constraint
Optimal point found for initial point 5
Negative llh: 174.22792484245787
Dropout rate: 8.096644343598306e-10
Silencing rate: 8.793095400595338e-10
Sigma: 30.172014252939935
Initial point 6. Random seed: 4366
Solving with ultrametric constraint
Optimal point found for initial point 6
Negative llh: 174.22792450717756
Dropout rate: 2.724907894456211e-10
Silencing rate: 2.4578713408664696e-10
Sigma: 30.171464385183867
Initial point 7. Random seed: 9491
Solving with ultrametric constraint
Optimal point found for initial point 7
Negative llh: 174.22792464333236
Dropout rate: 1.060403552317963e-10
Silencing rate: 1.4273742897784544e-10
Sigma: 30.17000041533079
Initial point 8. Random seed: 7078
Solving with ultrametric constraint
Optimal point found for initial point 8
Negative llh: 174.22792509360835
Dropout rate: 2.9297772478368893e-09
Silencing rate: 1.6076123104711724e-09
Sigma: 30.17200623800716
Initial point 9. Random seed: 965
Solving with ultrametric constraint
Optimal point found for initial point 9
Negative llh: 174.22792460929224
Dropout rate: 1.0357365201594573e-10
Silencing rate: 1.414584287150922e-10
Sigma: 30.170861623300578
Initial point 10. Random seed: 6518
Solving with ultrametric constraint
Optimal point found for initial point 10
Negative llh: 174.22792455492333
Dropout rate: 1e-10
Silencing rate: 1.0000000000000002e-10
Sigma: 30.17042373233055
Traceback (most recent call last):
  File "/u/gh2161/Spatial-Division/problin/run_problin.py", line 223, in <module>
    main()
  File "/u/gh2161/Spatial-Division/problin/run_problin.py", line 214, in main
    for cell in mySolver.params.displacement_amounts:
AttributeError: 'Params' object has no attribute 'displacement_amounts'
