Launching Problin version 0.5b
Problin was called as follow: /u/gh2161/problin/run_problin.py -c simulated_data/s14c2/k10_r5_character_matrix.csv -t simulated_data/s14c2/true_tree.nwk -S simulated_data/s14c2/true_locations.txt --delimiter comma -p simulated_data/s14c2/k10_priors.csv -o simulated_data/s14c2/k10_r5_spalin_all.txt --nInitials 10 --ultrametric --randomreps 3
Optimization by Spalin: Scipy-SLSQP using spatial information
Optimizing branch lengths, phi, and nu without topology search
Initial point 1. Random seed: 6611
Solving with ultrametric constraint
Optimal point found for initial point 1
Negative llh: 200.43071905755244
Dropout rate: 1.1201550590246766e-09
Silencing rate: 2.5001831094833626e-10
Sigma: 31.011415702780347
Initial point 2. Random seed: 3618
Solving with ultrametric constraint
Optimal point found for initial point 2
Negative llh: 200.43071877536886
Dropout rate: 1.0052162514266982e-10
Silencing rate: 1.3479360897380202e-10
Sigma: 31.01056076407857
Initial point 3. Random seed: 6261
Solving with ultrametric constraint
Optimal point found for initial point 3
Negative llh: 200.4307190095081
Dropout rate: 1e-10
Silencing rate: 1e-10
Sigma: 31.011146891246636
Initial point 4. Random seed: 5924
Solving with ultrametric constraint
Optimal point found for initial point 4
Negative llh: 200.43071870916953
Dropout rate: 1e-10
Silencing rate: 1.2439157994234872e-10
Sigma: 31.011024752385833
Initial point 5. Random seed: 747
Solving with ultrametric constraint
Optimal point found for initial point 5
Negative llh: 200.4307188297715
Dropout rate: 1.5306186672635807e-10
Silencing rate: 1.0973042374425e-10
Sigma: 31.012654908647
Initial point 6. Random seed: 9250
Solving with ultrametric constraint
Optimal point found for initial point 6
Negative llh: 200.43071875576092
Dropout rate: 1.0125021154887643e-10
Silencing rate: 1.788920694101192e-10
Sigma: 31.01232995798403
Initial point 7. Random seed: 8878
Solving with ultrametric constraint
Optimal point found for initial point 7
Negative llh: 200.43071915338854
Dropout rate: 8.878089936337834e-10
Silencing rate: 3.812038749380484e-10
Sigma: 31.00914692557283
Initial point 8. Random seed: 1916
Solving with ultrametric constraint
Optimal point found for initial point 8
Negative llh: 200.43071882488914
Dropout rate: 1.0987733982789508e-10
Silencing rate: 2.1990481024440572e-10
Sigma: 31.01150194813499
Initial point 9. Random seed: 5949
Solving with ultrametric constraint
Optimal point found for initial point 9
Negative llh: 200.43071872590275
Dropout rate: 1e-10
Silencing rate: 1.1852451226264912e-10
Sigma: 31.01106335488615
Initial point 10. Random seed: 1044
Solving with ultrametric constraint
Optimal point found for initial point 10
Negative llh: 200.43071883310154
Dropout rate: 1e-10
Silencing rate: 1e-10
Sigma: 31.011333752878464
Runtime (s): 16.366910106968135
