Launching Problin version 0.5b
Problin was called as follow: /u/gh2161/Spatial-Division/problin/run_problin.py -c real_location_data/s14c2/k10_r5_character_matrix.csv -t real_location_data/s14c2/true_tree.nwk -S real_location_data/s14c2/leaf_locations.txt --delimiter comma -p real_location_data/s14c2/k10_priors.csv -o real_location_data/s14c2/k10_r5_spalin-divide-beta1.txt --nInitials 10 --ultrametric --randomreps 3 --divide --given_beta 1 --incl_beta_bound
Optimization by Spalin-Divide: Scipy-SLSQP using spatial information
Optimizing branch lengths, phi, and nu without topology search
Initial point 1. Random seed: 6851
Solving with ultrametric constraint
Optimal point found for initial point 1
Negative llh: 159.46786264794048
Dropout rate: 4.714771742901966e-10
Silencing rate: 1.728556191384167e-10
Sigma: 5.884430790724308
Initial point 2. Random seed: 9005
Solving with ultrametric constraint
Optimal point found for initial point 2
Negative llh: 159.46786929803199
Dropout rate: 4.1781543728731274e-10
Silencing rate: 3.316007496325625e-10
Sigma: 5.884738034082297
Initial point 3. Random seed: 4800
Solving with ultrametric constraint
Optimal point found for initial point 3
Negative llh: 159.4678600667096
Dropout rate: 5.827871596023231e-10
Silencing rate: 2.8948823200095024e-10
Sigma: 5.884129552657225
Initial point 4. Random seed: 93
Solving with ultrametric constraint
Optimal point found for initial point 4
Negative llh: 159.46786102514892
Dropout rate: 1e-10
Silencing rate: 1e-10
Sigma: 5.88384901981907
Initial point 5. Random seed: 5379
Solving with ultrametric constraint
Optimal point found for initial point 5
Negative llh: 159.46786038117529
Dropout rate: 9.999999999999996e-11
Silencing rate: 1.0000000000000002e-10
Sigma: 5.884133570440523
Initial point 6. Random seed: 5964
Solving with ultrametric constraint
Optimal point found for initial point 6
Negative llh: 159.46786023446094
Dropout rate: 1e-10
Silencing rate: 1e-10
Sigma: 5.884218701842183
Initial point 7. Random seed: 7777
Solving with ultrametric constraint
Optimal point found for initial point 7
Negative llh: 159.46785944465287
Dropout rate: 1.2415608780906294e-10
Silencing rate: 1.079040488369122e-10
Sigma: 5.884079009632041
Initial point 8. Random seed: 2472
Solving with ultrametric constraint
Optimal point found for initial point 8
Negative llh: 159.4678599765633
Dropout rate: 1.3801401877112951e-10
Silencing rate: 1.2691362046964123e-10
Sigma: 5.883932383201378
Initial point 9. Random seed: 5727
Solving with ultrametric constraint
Optimal point found for initial point 9
Negative llh: 159.4678772563564
Dropout rate: 1e-10
Silencing rate: 1e-10
Sigma: 5.885561292460898
Initial point 10. Random seed: 5010
Solving with ultrametric constraint
Optimal point found for initial point 10
Negative llh: 159.46786160045139
Dropout rate: 1.4910007821908516e-09
Silencing rate: 5.808067073385165e-10
Sigma: 5.884246353217882
Runtime (s): 584.1254781130701
