Launching Problin version 0.5b
Problin was called as follow: /u/gh2161/Spatial-Division/problin/run_problin.py -c real_location_data/s14c2/k10_r1_character_matrix.csv -t real_location_data/s14c2/true_tree.nwk -S real_location_data/s14c2/leaf_locations.txt --delimiter comma -p real_location_data/s14c2/k10_priors.csv -o real_location_data/s14c2/k10_r1_spalin.txt --nInitials 10 --ultrametric --randomreps 3
Optimization by Spalin: Scipy-SLSQP using spatial information
Optimizing branch lengths, phi, and nu without topology search
Initial point 1. Random seed: 1004
Solving with ultrametric constraint
Optimal point found for initial point 1
Negative llh: 146.8532399551079
Dropout rate: 1.0000000000000002e-10
Silencing rate: 1.0000000000000002e-10
Sigma: 36.19043658610986
Initial point 2. Random seed: 7919
Solving with ultrametric constraint
Optimal point found for initial point 2
Negative llh: 146.85324089038758
Dropout rate: 1.1829179260128176e-10
Silencing rate: 1.5241724078866526e-10
Sigma: 36.19380225691474
Initial point 3. Random seed: 2532
Solving with ultrametric constraint
Optimal point found for initial point 3
Negative llh: 146.85323977762505
Dropout rate: 1.037626936440712e-10
Silencing rate: 1.0688246087598119e-10
Sigma: 36.194952255651145
Initial point 4. Random seed: 7156
Solving with ultrametric constraint
Optimal point found for initial point 4
Negative llh: 146.8532428229608
Dropout rate: 1.0000000000000007e-10
Silencing rate: 1.0000000000000007e-10
Sigma: 36.197861172900566
Initial point 5. Random seed: 6774
Solving with ultrametric constraint
Optimal point found for initial point 5
Negative llh: 146.85323996259268
Dropout rate: 1.5835553647224792e-10
Silencing rate: 2.989145390494901e-10
Sigma: 36.19519719821988
Initial point 6. Random seed: 1421
Solving with ultrametric constraint
Optimal point found for initial point 6
Negative llh: 146.85323979291832
Dropout rate: 1e-10
Silencing rate: 1e-10
Sigma: 36.19467732416791
Initial point 7. Random seed: 8365
Solving with ultrametric constraint
Optimal point found for initial point 7
Negative llh: 146.85323960867714
Dropout rate: 1e-10
Silencing rate: 1e-10
Sigma: 36.195605338060645
Initial point 8. Random seed: 6299
Solving with ultrametric constraint
Optimal point found for initial point 8
Negative llh: 146.85323996160645
Dropout rate: 1e-10
Silencing rate: 1e-10
Sigma: 36.19515766140451
Initial point 9. Random seed: 1216
Solving with ultrametric constraint
Optimal point found for initial point 9
Negative llh: 146.85324006472558
Dropout rate: 1e-10
Silencing rate: 1e-10
Sigma: 36.195977129393476
Initial point 10. Random seed: 614
Solving with ultrametric constraint
Optimal point found for initial point 10
Negative llh: 146.85323964227683
Dropout rate: 1.0000000000000002e-10
Silencing rate: 1e-10
Sigma: 36.19596126847763
Traceback (most recent call last):
  File "/u/gh2161/Spatial-Division/problin/run_problin.py", line 223, in <module>
    main()
  File "/u/gh2161/Spatial-Division/problin/run_problin.py", line 214, in main
    for cell in mySolver.params.displacement_amounts:
AttributeError: 'Params' object has no attribute 'displacement_amounts'
