Launching Problin version 0.5b
Problin was called as follow: /u/gh2161/Spatial-Division/problin/run_problin.py -c real_location_data/s14c2/k10_r3_character_matrix.csv -t real_location_data/s14c2/true_tree.nwk -S real_location_data/s14c2/leaf_locations.txt --delimiter comma -p real_location_data/s14c2/k10_priors.csv -o real_location_data/s14c2/k10_r3_spalin-divide-beta3.txt --nInitials 10 --ultrametric --randomreps 3 --divide --given_beta 3 --incl_beta_bound
Optimization by Spalin-Divide: Scipy-SLSQP using spatial information
Optimizing branch lengths, phi, and nu without topology search
Initial point 1. Random seed: 9232
Solving with ultrametric constraint
Optimal point found for initial point 1
Negative llh: 192.62100338467798
Dropout rate: 1.1579669482195815e-10
Silencing rate: 1.110555517674284e-10
Sigma: 4.839947683512227
Initial point 2. Random seed: 1867
Solving with ultrametric constraint
Optimal point found for initial point 2
Negative llh: 192.6210015962211
Dropout rate: 1e-10
Silencing rate: 1e-10
Sigma: 4.839834910603323
Initial point 3. Random seed: 6916
Solving with ultrametric constraint
Optimal point found for initial point 3
Negative llh: 192.62100604052085
Dropout rate: 1e-10
Silencing rate: 1e-10
Sigma: 4.839918065177382
Initial point 4. Random seed: 5344
Solving with ultrametric constraint
Optimal point found for initial point 4
Negative llh: 192.6210028225198
Dropout rate: 1.2798979851855111e-10
Silencing rate: 1.4721518545263232e-10
Sigma: 4.839953629482131
Initial point 5. Random seed: 3398
Solving with ultrametric constraint
Optimal point found for initial point 5
Negative llh: 192.62100405159723
Dropout rate: 1e-10
Silencing rate: 1e-10
Sigma: 4.839807552541932
Initial point 6. Random seed: 6097
Solving with ultrametric constraint
Optimal point found for initial point 6
Negative llh: 192.6210035362086
Dropout rate: 1.1480039660015138e-09
Silencing rate: 4.799268483375668e-10
Sigma: 4.83997405900152
Initial point 7. Random seed: 2970
Solving with ultrametric constraint
Optimal point found for initial point 7
Negative llh: 192.62100677394716
Dropout rate: 1e-10
Silencing rate: 1e-10
Sigma: 4.839904065675356
Initial point 8. Random seed: 5655
Solving with ultrametric constraint
Optimal point found for initial point 8
Negative llh: 192.62100164099093
Dropout rate: 1.0000000000000002e-10
Silencing rate: 1e-10
Sigma: 4.839931603689044
Initial point 9. Random seed: 696
Solving with ultrametric constraint
Optimal point found for initial point 9
Negative llh: 192.6210036356622
Dropout rate: 1e-10
Silencing rate: 1e-10
Sigma: 4.839935465978688
Initial point 10. Random seed: 8393
Solving with ultrametric constraint
Optimal point found for initial point 10
Negative llh: 192.6210020861006
Dropout rate: 1.0000000000000007e-10
Silencing rate: 9.999999999999996e-11
Sigma: 4.839949294687251
Runtime (s): 620.9469809364527
