Launching Problin version 0.5b
Problin was called as follow: /u/gh2161/Spatial-Division/problin/run_problin.py -c real_location_data/s14c2/k10_r1_character_matrix.csv -t real_location_data/s14c2/true_tree.nwk -S real_location_data/s14c2/leaf_locations.txt --delimiter comma -p real_location_data/s14c2/k10_priors.csv -o real_location_data/s14c2/k10_r1_spalin-divide-beta1.txt --nInitials 10 --ultrametric --randomreps 3 --divide --given_beta 1 --incl_beta_bound
Optimization by Spalin-Divide: Scipy-SLSQP using spatial information
Optimizing branch lengths, phi, and nu without topology search
Initial point 1. Random seed: 1933
Solving with ultrametric constraint
Optimal point found for initial point 1
Negative llh: 170.11429630365006
Dropout rate: 1e-10
Silencing rate: 1e-10
Sigma: 5.7810941507321765
Initial point 2. Random seed: 8666
Solving with ultrametric constraint
Optimal point found for initial point 2
Negative llh: 170.11429587313222
Dropout rate: 1e-10
Silencing rate: 1e-10
Sigma: 5.781291450261075
Initial point 3. Random seed: 7793
Solving with ultrametric constraint
Optimal point found for initial point 3
Negative llh: 170.11429661739774
Dropout rate: 2.6052652045865866e-10
Silencing rate: 1.9230283128104773e-10
Sigma: 5.781342995662381
Initial point 4. Random seed: 7833
Solving with ultrametric constraint
Optimal point found for initial point 4
Negative llh: 170.11429517802986
Dropout rate: 2.730722064235045e-10
Silencing rate: 1.8864132406521156e-10
Sigma: 5.781252894283605
Initial point 5. Random seed: 9933
Solving with ultrametric constraint
Optimal point found for initial point 5
Negative llh: 170.11429574316838
Dropout rate: 1e-10
Silencing rate: 1e-10
Sigma: 5.781165211970809
Initial point 6. Random seed: 1994
Solving with ultrametric constraint
Optimal point found for initial point 6
Negative llh: 170.1142952388877
Dropout rate: 1.0000000000000007e-10
Silencing rate: 9.999999999999996e-11
Sigma: 5.781250445438772
Initial point 7. Random seed: 7861
Solving with ultrametric constraint
Optimal point found for initial point 7
Negative llh: 170.11429510094376
Dropout rate: 1.0000000000000002e-10
Silencing rate: 1.0000000000000002e-10
Sigma: 5.781261788607136
Initial point 8. Random seed: 3649
Solving with ultrametric constraint
Optimal point found for initial point 8
Negative llh: 170.11430083096582
Dropout rate: 1e-10
Silencing rate: 1e-10
Sigma: 5.781183216957493
Initial point 9. Random seed: 4416
Solving with ultrametric constraint
Optimal point found for initial point 9
Negative llh: 170.11429541752494
Dropout rate: 1e-10
Silencing rate: 1e-10
Sigma: 5.781265614757583
Initial point 10. Random seed: 7179
Solving with ultrametric constraint
Optimal point found for initial point 10
Negative llh: 170.11429544043096
Dropout rate: 1.0000000000000002e-10
Silencing rate: 1e-10
Sigma: 5.7813101158189735
Runtime (s): 975.0269010514021
