Launching Problin version 0.5b
Problin was called as follow: /u/gh2161/Spatial-Division/problin/run_problin.py -c real_location_data/s14c2/k10_r5_character_matrix.csv -t real_location_data/s14c2/true_tree.nwk -S real_location_data/s14c2/leaf_locations.txt --delimiter comma -p real_location_data/s14c2/k10_priors.csv -o real_location_data/s14c2/k10_r5_spalin-divide-beta05.txt --nInitials 10 --ultrametric --randomreps 3 --divide --given_beta 0.5 --incl_beta_bound
Optimization by Spalin-Divide: Scipy-SLSQP using spatial information
Optimizing branch lengths, phi, and nu without topology search
Initial point 1. Random seed: 2239
Solving with ultrametric constraint
Optimal point found for initial point 1
Negative llh: 160.73174302268148
Dropout rate: 1.2982696217180593e-10
Silencing rate: 1.0965158096203373e-10
Sigma: 6.0010332959278045
Initial point 2. Random seed: 9616
Solving with ultrametric constraint
Optimal point found for initial point 2
Negative llh: 160.73174318039673
Dropout rate: 4.2668244296715154e-10
Silencing rate: 2.898833596929105e-10
Sigma: 6.001077742818061
Initial point 3. Random seed: 3495
Solving with ultrametric constraint
Optimal point found for initial point 3
Negative llh: 160.73174338419935
Dropout rate: 1e-10
Silencing rate: 1e-10
Sigma: 6.001031772726758
Initial point 4. Random seed: 3176
Solving with ultrametric constraint
Optimal point found for initial point 4
Negative llh: 160.7317437399587
Dropout rate: 4.17739750019788e-10
Silencing rate: 2.612924120878718e-10
Sigma: 6.001068877572992
Initial point 5. Random seed: 9756
Solving with ultrametric constraint
Optimal point found for initial point 5
Negative llh: 160.73174328404207
Dropout rate: 1.0000000000000007e-10
Silencing rate: 9.999999999999996e-11
Sigma: 6.001078290155339
Initial point 6. Random seed: 7169
Solving with ultrametric constraint
Optimal point found for initial point 6
Negative llh: 160.7317433934816
Dropout rate: 1.1396712278569441e-09
Silencing rate: 4.753314127556918e-10
Sigma: 6.001115813010083
Initial point 7. Random seed: 7950
Solving with ultrametric constraint
Optimal point found for initial point 7
Negative llh: 160.73174328775846
Dropout rate: 2.258772355368496e-10
Silencing rate: 1.8041222677088423e-10
Sigma: 6.001092036749449
Initial point 8. Random seed: 3883
Solving with ultrametric constraint
Optimal point found for initial point 8
Negative llh: 160.73177262252062
Dropout rate: 1e-10
Silencing rate: 1e-10
Sigma: 6.002357175645868
Initial point 9. Random seed: 1331
Solving with ultrametric constraint
Optimal point found for initial point 9
Negative llh: 160.73175038512215
Dropout rate: 1.0000000000000002e-10
Silencing rate: 1e-10
Sigma: 6.001742199919575
Initial point 10. Random seed: 6748
Solving with ultrametric constraint
Optimal point found for initial point 10
Negative llh: 160.73174315002194
Dropout rate: 1e-10
Silencing rate: 1e-10
Sigma: 6.001065888577909
Runtime (s): 564.5351344803348
