Launching Problin version 0.5b
Problin was called as follow: /u/gh2161/Spatial-Division/problin/run_problin.py -c real_location_data/s14c2/k10_r2_character_matrix.csv -t real_location_data/s14c2/true_tree.nwk -S real_location_data/s14c2/leaf_locations.txt --delimiter comma -p real_location_data/s14c2/k10_priors.csv -o real_location_data/s14c2/k10_r2_spalin-divide-beta1.txt --nInitials 10 --ultrametric --randomreps 3 --divide --given_beta 1 --incl_beta_bound
Optimization by Spalin-Divide: Scipy-SLSQP using spatial information
Optimizing branch lengths, phi, and nu without topology search
Initial point 1. Random seed: 7789
Solving with ultrametric constraint
Optimal point found for initial point 1
Negative llh: 179.8131982470038
Dropout rate: 1e-10
Silencing rate: 1e-10
Sigma: 5.5911953928848765
Initial point 2. Random seed: 2551
Solving with ultrametric constraint
Optimal point found for initial point 2
Negative llh: 179.81319789459724
Dropout rate: 1e-10
Silencing rate: 1e-10
Sigma: 5.591104891316105
Initial point 3. Random seed: 3248
Solving with ultrametric constraint
Optimal point found for initial point 3
Negative llh: 179.81319767967804
Dropout rate: 1e-10
Silencing rate: 1e-10
Sigma: 5.591177559600781
Initial point 4. Random seed: 2161
Solving with ultrametric constraint
Optimal point found for initial point 4
Negative llh: 179.81319776984574
Dropout rate: 1e-10
Silencing rate: 1e-10
Sigma: 5.59120614693355
Initial point 5. Random seed: 4068
Solving with ultrametric constraint
Optimal point found for initial point 5
Negative llh: 179.81319794848264
Dropout rate: 1.8068915052426233e-10
Silencing rate: 1.2982963372595076e-10
Sigma: 5.591177936829042
Initial point 6. Random seed: 9687
Solving with ultrametric constraint
Optimal point found for initial point 6
Negative llh: 179.81319813415809
Dropout rate: 1.1076387235202069e-09
Silencing rate: 6.046330152627253e-10
Sigma: 5.591139007567651
Initial point 7. Random seed: 6176
Solving with ultrametric constraint
Optimal point found for initial point 7
Negative llh: 179.81319798190827
Dropout rate: 1.0000000000000002e-10
Silencing rate: 1e-10
Sigma: 5.591077058341089
Initial point 8. Random seed: 9095
Solving with ultrametric constraint
Optimal point found for initial point 8
Negative llh: 179.81319895176696
Dropout rate: 1.7636408193707908e-10
Silencing rate: 1.506413063404002e-10
Sigma: 5.5913095710389955
Initial point 9. Random seed: 6361
Solving with ultrametric constraint
Optimal point found for initial point 9
Negative llh: 179.81319773041554
Dropout rate: 1.6110243121843995e-10
Silencing rate: 1.2260969789297526e-10
Sigma: 5.591181695847491
Initial point 10. Random seed: 9031
Solving with ultrametric constraint
Optimal point found for initial point 10
Negative llh: 179.81319774435673
Dropout rate: 4.4093783211745186e-10
Silencing rate: 2.7051079741508905e-10
Sigma: 5.591176901499852
Runtime (s): 519.9117211848497
