Launching Problin version 0.5b
Problin was called as follow: /u/gh2161/Spatial-Division/problin/run_problin.py -c real_location_data/s14c2/k10_r5_character_matrix.csv -t real_location_data/s14c2/true_tree.nwk -S real_location_data/s14c2/leaf_locations.txt --delimiter comma -p real_location_data/s14c2/k10_priors.csv -o real_location_data/s14c2/k10_r5_spalin.txt --nInitials 10 --ultrametric --randomreps 3
Optimization by Spalin: Scipy-SLSQP using spatial information
Optimizing branch lengths, phi, and nu without topology search
Initial point 1. Random seed: 3158
Solving with ultrametric constraint
Optimal point found for initial point 1
Negative llh: 136.21133815275118
Dropout rate: 4.911545554537189e-10
Silencing rate: 2.330339380678299e-10
Sigma: 37.40851411393125
Initial point 2. Random seed: 4738
Solving with ultrametric constraint
Optimal point found for initial point 2
Negative llh: 136.21133859328708
Dropout rate: 1.5345750151455647e-09
Silencing rate: 3.1366369843916436e-09
Sigma: 37.40649820391282
Initial point 3. Random seed: 6978
Solving with ultrametric constraint
Optimal point found for initial point 3
Negative llh: 136.2113382747303
Dropout rate: 1.1501954292066498e-09
Silencing rate: 5.190967535791495e-10
Sigma: 37.4080757767488
Initial point 4. Random seed: 6201
Solving with ultrametric constraint
Optimal point found for initial point 4
Negative llh: 136.21133829169466
Dropout rate: 7.672372620075367e-10
Silencing rate: 1.5968452756937536e-09
Sigma: 37.40851057840688
Initial point 5. Random seed: 5830
Solving with ultrametric constraint
Optimal point found for initial point 5
Negative llh: 136.2113381640633
Dropout rate: 1.0000000000000007e-10
Silencing rate: 1.0000000000000007e-10
Sigma: 37.40932053290582
Initial point 6. Random seed: 9517
Solving with ultrametric constraint
Optimal point found for initial point 6
Negative llh: 136.21133840584332
Dropout rate: 1.8575623426922467e-09
Silencing rate: 7.87568435562272e-10
Sigma: 37.4089215325101
Initial point 7. Random seed: 3654
Solving with ultrametric constraint
Optimal point found for initial point 7
Negative llh: 136.21133911342713
Dropout rate: 1e-10
Silencing rate: 1e-10
Sigma: 37.40708793065554
Initial point 8. Random seed: 7908
Solving with ultrametric constraint
Optimal point found for initial point 8
Negative llh: 136.21133846048932
Dropout rate: 1.0000000000000002e-10
Silencing rate: 1e-10
Sigma: 37.40923895306212
Initial point 9. Random seed: 9182
Solving with ultrametric constraint
Optimal point found for initial point 9
Negative llh: 136.21133825163562
Dropout rate: 1e-10
Silencing rate: 1.1026187643115846e-10
Sigma: 37.412913964131754
Initial point 10. Random seed: 9930
Solving with ultrametric constraint
Optimal point found for initial point 10
Negative llh: 136.21133819720507
Dropout rate: 1.3548859132539893e-10
Silencing rate: 1.3648276125008559e-10
Sigma: 37.409534659831024
Traceback (most recent call last):
  File "/u/gh2161/Spatial-Division/problin/run_problin.py", line 223, in <module>
    main()
  File "/u/gh2161/Spatial-Division/problin/run_problin.py", line 214, in main
    for cell in mySolver.params.displacement_amounts:
AttributeError: 'Params' object has no attribute 'displacement_amounts'
