Launching Problin version 0.5b
Problin was called as follow: /u/gh2161/problin/run_problin.py -c simulated_data/s13c4/k10_r5_character_matrix.csv -t simulated_data/s13c4/true_tree.nwk -S simulated_data/s13c4/true_locations.txt --delimiter comma -p simulated_data/s13c4/k10_priors.csv -o simulated_data/s13c4/k10_r5_spalin_all.txt --nInitials 10 --ultrametric --randomreps 3
Optimization by Spalin: Scipy-SLSQP using spatial information
Optimizing branch lengths, phi, and nu without topology search
Initial point 1. Random seed: 6600
Solving with ultrametric constraint
Optimal point found for initial point 1
Negative llh: 320.50836814606384
Dropout rate: 1.9878168782074823e-09
Silencing rate: 8.883851594995938e-10
Sigma: 41.24634566988226
Initial point 2. Random seed: 6834
Solving with ultrametric constraint
Optimal point found for initial point 2
Negative llh: 320.5083669857616
Dropout rate: 1.3966820522191184e-09
Silencing rate: 6.402448380673671e-10
Sigma: 41.25140598492936
Initial point 3. Random seed: 7735
Solving with ultrametric constraint
Optimal point found for initial point 3
Negative llh: 320.5083878419772
Dropout rate: 1.7418808111393584e-08
Silencing rate: 3.601116410909064e-08
Sigma: 41.252176251522165
Initial point 4. Random seed: 6403
Solving with ultrametric constraint
Optimal point found for initial point 4
Negative llh: 320.50836690091285
Dropout rate: 9.999999999999996e-11
Silencing rate: 1.0000000000000002e-10
Sigma: 41.253490488964104
Initial point 5. Random seed: 5218
Solving with ultrametric constraint
Optimal point found for initial point 5
Negative llh: 320.50836790084935
Dropout rate: 1.73290987791292e-09
Silencing rate: 7.833197217851111e-10
Sigma: 41.254211338661584
Initial point 6. Random seed: 6483
Solving with ultrametric constraint
Optimal point found for initial point 6
Negative llh: 321.90943305278375
Dropout rate: 9.999999999999996e-11
Silencing rate: 1.0000000000000002e-10
Sigma: 41.91690019018275
Initial point 7. Random seed: 654
Solving with ultrametric constraint
Optimal point found for initial point 7
Negative llh: 320.5083678788949
Dropout rate: 1.0000000000000007e-10
Silencing rate: 1.0000000000000007e-10
Sigma: 41.25019551723425
Initial point 8. Random seed: 4260
Solving with ultrametric constraint
Optimal point found for initial point 8
Negative llh: 321.9168860592722
Dropout rate: 1.0000000000000007e-10
Silencing rate: 1.0000000000000002e-10
Sigma: 41.94400017122181
Initial point 9. Random seed: 8779
Solving with ultrametric constraint
Optimal point found for initial point 9
Negative llh: 320.50836805194075
Dropout rate: 1e-10
Silencing rate: 1e-10
Sigma: 41.26271046349108
Initial point 10. Random seed: 4063
Solving with ultrametric constraint
Optimal point found for initial point 10
Negative llh: 320.50837029824453
Dropout rate: 1.4582923094913887e-10
Silencing rate: 1.1917043646037898e-10
Sigma: 41.25038513061534
Runtime (s): 45.917443104088306
