Launching Problin version 0.5b
Problin was called as follow: /u/gh2161/Spatial-Division/problin/run_problin.py -c real_location_data/s13c4/k10_r2_character_matrix.csv -t real_location_data/s13c4/true_tree.nwk -S real_location_data/s13c4/leaf_locations.txt --delimiter comma -p real_location_data/s13c4/k10_priors.csv -o real_location_data/s13c4/k10_r2_spalin-divide-beta1.txt --nInitials 10 --ultrametric --randomreps 3 --divide --given_beta 1 --incl_beta_bound
Optimization by Spalin-Divide: Scipy-SLSQP using spatial information
Optimizing branch lengths, phi, and nu without topology search
Initial point 1. Random seed: 5766
Solving with ultrametric constraint
Optimal point found for initial point 1
Negative llh: 278.16697067843467
Dropout rate: 1.565908308157364e-09
Silencing rate: 6.586091702077343e-10
Sigma: 6.419937287635668
Initial point 2. Random seed: 9250
Solving with ultrametric constraint
Optimal point found for initial point 2
Negative llh: 278.1669687903918
Dropout rate: 1e-10
Silencing rate: 1e-10
Sigma: 6.419949693620878
Initial point 3. Random seed: 3571
Solving with ultrametric constraint
Optimal point found for initial point 3
Negative llh: 278.1669688850777
Dropout rate: 1.6392926773131903e-10
Silencing rate: 1.243589478690566e-10
Sigma: 6.419921970145585
Initial point 4. Random seed: 8909
Solving with ultrametric constraint
Optimal point found for initial point 4
Negative llh: 278.1669690892069
Dropout rate: 9.42928454959032e-10
Silencing rate: 5.660733417476183e-10
Sigma: 6.419896601367856
Initial point 5. Random seed: 7417
Solving with ultrametric constraint
Optimal point found for initial point 5
Negative llh: 278.1669687693117
Dropout rate: 1e-10
Silencing rate: 3.210070706370399e-10
Sigma: 6.419882041348678
Initial point 6. Random seed: 8802
Solving with ultrametric constraint
Optimal point found for initial point 6
Negative llh: 278.16696895723703
Dropout rate: 1.1473679778810034e-10
Silencing rate: 1.0561459110019767e-10
Sigma: 6.419851018556238
Initial point 7. Random seed: 2010
Solving with ultrametric constraint
Optimal point found for initial point 7
Negative llh: 278.1669689412784
Dropout rate: 2.9103684834450067e-10
Silencing rate: 1.9084813641497762e-10
Sigma: 6.419903907922317
Initial point 8. Random seed: 6815
Solving with ultrametric constraint
Optimal point found for initial point 8
Negative llh: 278.1669689077758
Dropout rate: 2.986947608899632e-10
Silencing rate: 1.9325025282859938e-10
Sigma: 6.419892769797181
Initial point 9. Random seed: 9383
Solving with ultrametric constraint
Optimal point found for initial point 9
Negative llh: 278.1669689526257
Dropout rate: 1.3156284476415232e-10
Silencing rate: 1.1202610660069724e-10
Sigma: 6.4198686851631095
Initial point 10. Random seed: 4473
Solving with ultrametric constraint
Optimal point found for initial point 10
Negative llh: 278.16696908084543
Dropout rate: 1.1133488646534279e-10
Silencing rate: 1.0431889627479422e-10
Sigma: 6.419890046159723
Runtime (s): 1128.36457885243
