Launching Problin version 0.5b
Problin was called as follow: /u/gh2161/Spatial-Division/problin/run_problin.py -c real_location_data/s13c4/k10_r4_character_matrix.csv -t real_location_data/s13c4/true_tree.nwk -S real_location_data/s13c4/leaf_locations.txt --delimiter comma -p real_location_data/s13c4/k10_priors.csv -o real_location_data/s13c4/k10_r4_spalin-divide-beta3.txt --nInitials 10 --ultrametric --randomreps 3 --divide --given_beta 3 --incl_beta_bound
Optimization by Spalin-Divide: Scipy-SLSQP using spatial information
Optimizing branch lengths, phi, and nu without topology search
Initial point 1. Random seed: 8810
Solving with ultrametric constraint
Optimal point found for initial point 1
Negative llh: 247.01337400339426
Dropout rate: 2.6607012853379093e-10
Silencing rate: 2.136650406616802e-10
Sigma: 5.527270757780334
Initial point 2. Random seed: 1699
Solving with ultrametric constraint
Optimal point found for initial point 2
Negative llh: 247.01337478242408
Dropout rate: 1.657812756991186e-09
Silencing rate: 1.4434243033866454e-09
Sigma: 5.526984382806104
Initial point 3. Random seed: 4290
Solving with ultrametric constraint
Optimal point found for initial point 3
Negative llh: 247.01337330724297
Dropout rate: 1.922848907629507e-10
Silencing rate: 3.12875873502485e-10
Sigma: 5.527097315646109
Initial point 4. Random seed: 1510
Solving with ultrametric constraint
Optimal point found for initial point 4
Negative llh: 247.01337385052807
Dropout rate: 1.0000000000000002e-10
Silencing rate: 1.0000000000000002e-10
Sigma: 5.527144449505821
Initial point 5. Random seed: 403
Solving with ultrametric constraint
Fatal: failed to optimize using initial point 5
Initial point 6. Random seed: 8623
Solving with ultrametric constraint
Optimal point found for initial point 6
Negative llh: 247.01337016768804
Dropout rate: 2.0710261060375358e-10
Silencing rate: 1.6243007488152527e-10
Sigma: 5.5271224303726845
Initial point 7. Random seed: 8334
Solving with ultrametric constraint
Fatal: failed to optimize using initial point 7
Initial point 8. Random seed: 1823
Solving with ultrametric constraint
Optimal point found for initial point 8
Negative llh: 247.0133705541735
Dropout rate: 3.182729655704443e-10
Silencing rate: 2.330455731990172e-10
Sigma: 5.5271172170717
Initial point 9. Random seed: 8507
Solving with ultrametric constraint
Fatal: failed to optimize using initial point 9
Initial point 10. Random seed: 7199
Solving with ultrametric constraint
Optimal point found for initial point 10
Negative llh: 247.01337091192624
Dropout rate: 1.0000000000000002e-10
Silencing rate: 1.0000000000000002e-10
Sigma: 5.527045520416158
Runtime (s): 2460.4848026300024
