Launching Problin version 0.5b
Problin was called as follow: /u/gh2161/Spatial-Division/problin/run_problin.py -c real_location_data/s13c4/k10_r4_character_matrix.csv -t real_location_data/s13c4/true_tree.nwk -S real_location_data/s13c4/leaf_locations.txt --delimiter comma -p real_location_data/s13c4/k10_priors.csv -o real_location_data/s13c4/k10_r4_spalin-divide-beta1.txt --nInitials 10 --ultrametric --randomreps 3 --divide --given_beta 1 --incl_beta_bound
Optimization by Spalin-Divide: Scipy-SLSQP using spatial information
Optimizing branch lengths, phi, and nu without topology search
Initial point 1. Random seed: 5091
Solving with ultrametric constraint
Optimal point found for initial point 1
Negative llh: 251.6096086737316
Dropout rate: 1.3697646254578846e-10
Silencing rate: 1.2168110853091456e-10
Sigma: 5.85585042275923
Initial point 2. Random seed: 4160
Solving with ultrametric constraint
Optimal point found for initial point 2
Negative llh: 251.6096103567346
Dropout rate: 1.0000000000000002e-10
Silencing rate: 1.0000000000000002e-10
Sigma: 5.855856568537351
Initial point 3. Random seed: 5087
Solving with ultrametric constraint
Optimal point found for initial point 3
Negative llh: 251.6096127727991
Dropout rate: 1e-10
Silencing rate: 1e-10
Sigma: 5.855967050923084
Initial point 4. Random seed: 9709
Solving with ultrametric constraint
Optimal point found for initial point 4
Negative llh: 251.60960890698095
Dropout rate: 9.405522354546538e-10
Silencing rate: 6.084506412961833e-10
Sigma: 5.85585093901142
Initial point 5. Random seed: 3826
Solving with ultrametric constraint
Optimal point found for initial point 5
Negative llh: 251.6096143389781
Dropout rate: 9.999999999999996e-11
Silencing rate: 9.999999999999996e-11
Sigma: 5.855923312897955
Initial point 6. Random seed: 4525
Solving with ultrametric constraint
Optimal point found for initial point 6
Negative llh: 251.60960869087674
Dropout rate: 3.2203885532126855e-10
Silencing rate: 2.3529736752552164e-10
Sigma: 5.855895424146044
Initial point 7. Random seed: 8949
Solving with ultrametric constraint
Optimal point found for initial point 7
Negative llh: 251.60961094911227
Dropout rate: 6.614927112177751e-10
Silencing rate: 6.220363296456239e-10
Sigma: 5.856024863610378
Initial point 8. Random seed: 6933
Solving with ultrametric constraint
Optimal point found for initial point 8
Negative llh: 251.6096087879078
Dropout rate: 1e-10
Silencing rate: 1e-10
Sigma: 5.855868867774901
Initial point 9. Random seed: 6862
Solving with ultrametric constraint
Optimal point found for initial point 9
Negative llh: 251.6096084320656
Dropout rate: 1.2260914560178588e-10
Silencing rate: 1.1325821382844075e-10
Sigma: 5.855852073294926
Initial point 10. Random seed: 365
Solving with ultrametric constraint
Optimal point found for initial point 10
Negative llh: 251.60961820868602
Dropout rate: 4.962222155229889e-10
Silencing rate: 3.667963231778126e-10
Sigma: 5.855583527676891
Runtime (s): 1002.7189545314759
