Launching Problin version 0.5b
Problin was called as follow: /u/gh2161/Spatial-Division/problin/run_problin.py -c real_location_data/s13c4/k10_r4_character_matrix.csv -t real_location_data/s13c4/true_tree.nwk -S real_location_data/s13c4/leaf_locations.txt --delimiter comma -p real_location_data/s13c4/k10_priors.csv -o real_location_data/s13c4/k10_r4_spalin-divide-ignore-beta.txt --nInitials 10 --ultrametric --randomreps 3 --divide
Optimization by Spalin-Divide: Scipy-SLSQP using spatial information
Optimizing branch lengths, phi, and nu without topology search
Initial point 1. Random seed: 1818
Solving with ultrametric constraint
Optimal point found for initial point 1
Negative llh: 251.32429639390017
Dropout rate: 1.0000000000000007e-10
Silencing rate: 1.0000000000000007e-10
Sigma: 5.832729426923684
Initial point 2. Random seed: 8926
Solving with ultrametric constraint
Optimal point found for initial point 2
Negative llh: 251.32430569112893
Dropout rate: 1.0000000000000007e-10
Silencing rate: 1.0000000000000007e-10
Sigma: 5.832903875538959
Initial point 3. Random seed: 6878
Solving with ultrametric constraint
Optimal point found for initial point 3
Negative llh: 251.32431618177193
Dropout rate: 1.0000000000000002e-10
Silencing rate: 9.999999999999996e-11
Sigma: 5.832980589841186
Initial point 4. Random seed: 8674
Solving with ultrametric constraint
Optimal point found for initial point 4
Negative llh: 251.32429206155368
Dropout rate: 2.180885876868008e-09
Silencing rate: 1.4164435204735248e-09
Sigma: 5.83292112485194
Initial point 5. Random seed: 473
Solving with ultrametric constraint
Optimal point found for initial point 5
Negative llh: 251.32428974215313
Dropout rate: 2.245366185703775e-10
Silencing rate: 1.7876882691021476e-10
Sigma: 5.832978873200203
Initial point 6. Random seed: 2140
Solving with ultrametric constraint
Optimal point found for initial point 6
Negative llh: 251.3242936220562
Dropout rate: 4.678420667016593e-10
Silencing rate: 3.4200752924682884e-10
Sigma: 5.832923442131794
Initial point 7. Random seed: 1514
Solving with ultrametric constraint
Optimal point found for initial point 7
Negative llh: 251.32431500376697
Dropout rate: 5.068175011983206e-10
Silencing rate: 4.307006248870042e-10
Sigma: 5.832789155100052
Initial point 8. Random seed: 450
Solving with ultrametric constraint
Optimal point found for initial point 8
Negative llh: 251.32430502728397
Dropout rate: 1e-10
Silencing rate: 1e-10
Sigma: 5.833109738126878
Initial point 9. Random seed: 9293
Solving with ultrametric constraint
Optimal point found for initial point 9
Negative llh: 251.32436253982098
Dropout rate: 3.097163876152195e-09
Silencing rate: 2.028635255799688e-09
Sigma: 5.832833825102167
Initial point 10. Random seed: 5906
Solving with ultrametric constraint
Optimal point found for initial point 10
Negative llh: 251.32429287588985
Dropout rate: 1e-10
Silencing rate: 1e-10
Sigma: 5.832827798379143
Runtime (s): 1481.688236670976
