Launching Problin version 0.5b
Problin was called as follow: /u/gh2161/Spatial-Division/problin/run_problin.py -c real_location_data/s13c4/k10_r1_character_matrix.csv -t real_location_data/s13c4/true_tree.nwk -S real_location_data/s13c4/leaf_locations.txt --delimiter comma -p real_location_data/s13c4/k10_priors.csv -o real_location_data/s13c4/k10_r1_spalin-divide-beta1.txt --nInitials 10 --ultrametric --randomreps 3 --divide --given_beta 1 --incl_beta_bound
Optimization by Spalin-Divide: Scipy-SLSQP using spatial information
Optimizing branch lengths, phi, and nu without topology search
Initial point 1. Random seed: 8591
Solving with ultrametric constraint
Optimal point found for initial point 1
Negative llh: 272.22771792846135
Dropout rate: 7.27993534765309e-10
Silencing rate: 3.8848434774916036e-10
Sigma: 6.059470500369575
Initial point 2. Random seed: 3136
Solving with ultrametric constraint
Optimal point found for initial point 2
Negative llh: 272.2277181460642
Dropout rate: 1e-10
Silencing rate: 1e-10
Sigma: 6.05944868235631
Initial point 3. Random seed: 4415
Solving with ultrametric constraint
Optimal point found for initial point 3
Negative llh: 272.2277177605852
Dropout rate: 5.539953715471418e-10
Silencing rate: 3.518499537302351e-10
Sigma: 6.059438507455251
Initial point 4. Random seed: 8917
Solving with ultrametric constraint
Optimal point found for initial point 4
Negative llh: 272.22772335390545
Dropout rate: 1.4340549709045196e-09
Silencing rate: 9.661848647607702e-10
Sigma: 6.0596630155449835
Initial point 5. Random seed: 9941
Solving with ultrametric constraint
Optimal point found for initial point 5
Negative llh: 272.2277191388607
Dropout rate: 1e-10
Silencing rate: 1e-10
Sigma: 6.059479891239466
Initial point 6. Random seed: 9118
Solving with ultrametric constraint
Optimal point found for initial point 6
Negative llh: 272.2277183981508
Dropout rate: 1e-10
Silencing rate: 1e-10
Sigma: 6.059486343621653
Initial point 7. Random seed: 2669
Solving with ultrametric constraint
Optimal point found for initial point 7
Negative llh: 272.2277175882489
Dropout rate: 1.9989096852257568e-10
Silencing rate: 1.4557936276102305e-10
Sigma: 6.059449763429847
Initial point 8. Random seed: 3768
Solving with ultrametric constraint
Optimal point found for initial point 8
Negative llh: 272.2277180068718
Dropout rate: 1e-10
Silencing rate: 1.0000000000000002e-10
Sigma: 6.059567410671358
Initial point 9. Random seed: 6190
Solving with ultrametric constraint
Optimal point found for initial point 9
Negative llh: 272.22772557318046
Dropout rate: 1.4076766188117527e-09
Silencing rate: 7.232438371273093e-10
Sigma: 6.0598934932369515
Initial point 10. Random seed: 4554
Solving with ultrametric constraint
Optimal point found for initial point 10
Negative llh: 272.2277176893789
Dropout rate: 1e-10
Silencing rate: 1e-10
Sigma: 6.059445787769785
Runtime (s): 1180.8621456910041
