Launching Problin version 0.5b
Problin was called as follow: /u/gh2161/Spatial-Division/problin/run_problin.py -c real_location_data/s13c4/k10_r4_character_matrix.csv -t real_location_data/s13c4/true_tree.nwk -S real_location_data/s13c4/leaf_locations.txt --delimiter comma -p real_location_data/s13c4/k10_priors.csv -o real_location_data/s13c4/k10_r4_spalin-divide-beta05.txt --nInitials 10 --ultrametric --randomreps 3 --divide --given_beta 0.5 --incl_beta_bound
Optimization by Spalin-Divide: Scipy-SLSQP using spatial information
Optimizing branch lengths, phi, and nu without topology search
Initial point 1. Random seed: 4984
Solving with ultrametric constraint
Optimal point found for initial point 1
Negative llh: 252.67342123966745
Dropout rate: 5.348657672924751e-10
Silencing rate: 3.165769181100877e-10
Sigma: 5.935715611539536
Initial point 2. Random seed: 5557
Solving with ultrametric constraint
Optimal point found for initial point 2
Negative llh: 252.67342121875944
Dropout rate: 1e-10
Silencing rate: 1e-10
Sigma: 5.935742578465202
Initial point 3. Random seed: 9999
Solving with ultrametric constraint
Optimal point found for initial point 3
Negative llh: 252.67342124697976
Dropout rate: 9.999999999999996e-11
Silencing rate: 1.0000000000000002e-10
Sigma: 5.935671474309135
Initial point 4. Random seed: 5232
Solving with ultrametric constraint
Optimal point found for initial point 4
Negative llh: 252.6734213333071
Dropout rate: 2.1656858222995983e-10
Silencing rate: 1.684440984091748e-10
Sigma: 5.935709451492094
Initial point 5. Random seed: 5474
Solving with ultrametric constraint
Optimal point found for initial point 5
Negative llh: 252.6734212343031
Dropout rate: 1e-10
Silencing rate: 1e-10
Sigma: 5.93570045961317
Initial point 6. Random seed: 3301
Solving with ultrametric constraint
Optimal point found for initial point 6
Negative llh: 252.67342119567897
Dropout rate: 9.999999999999996e-11
Silencing rate: 1.0000000000000002e-10
Sigma: 5.935718080599687
Initial point 7. Random seed: 656
Solving with ultrametric constraint
Optimal point found for initial point 7
Negative llh: 252.67342143458802
Dropout rate: 2.2393957659043262e-10
Silencing rate: 1.7275320918443127e-10
Sigma: 5.935614879357606
Initial point 8. Random seed: 1359
Solving with ultrametric constraint
Optimal point found for initial point 8
Negative llh: 252.6734211984549
Dropout rate: 1.0000000000000002e-10
Silencing rate: 1.0000000000000002e-10
Sigma: 5.935682523123325
Initial point 9. Random seed: 5545
Solving with ultrametric constraint
Optimal point found for initial point 9
Negative llh: 252.67342127813185
Dropout rate: 1.0000000000000007e-10
Silencing rate: 9.999999999999996e-11
Sigma: 5.935735503791455
Initial point 10. Random seed: 5436
Solving with ultrametric constraint
Optimal point found for initial point 10
Negative llh: 252.67342243485282
Dropout rate: 9.999999999999996e-11
Silencing rate: 1.0000000000000002e-10
Sigma: 5.935733077250795
Runtime (s): 871.4346850309521
