Launching Problin version 0.5b
Problin was called as follow: /u/gh2161/problin/run_problin.py -c simulated_data/s13c4/k10_r3_character_matrix.csv -t simulated_data/s13c4/true_tree.nwk -S simulated_data/s13c4/leaf_locations.txt --delimiter comma -p simulated_data/s13c4/k10_priors.csv -o simulated_data/s13c4/k10_r3_spalin_leaves_newfelsen.txt --nInitials 10 --ultrametric --randomreps 3
Optimization by Spalin: Scipy-SLSQP using spatial information
Optimizing branch lengths, phi, and nu without topology search
Initial point 1. Random seed: 5337
Solving with ultrametric constraint
Optimal point found for initial point 1
Negative llh: 219.4399424755062
Dropout rate: 6.18334786820464e-10
Silencing rate: 2.9888580106710765e-10
Sigma: 14.273438622375942
Initial point 2. Random seed: 2815
Solving with ultrametric constraint
Optimal point found for initial point 2
Negative llh: 219.4399429565472
Dropout rate: 3.963941702028306e-10
Silencing rate: 8.789066924648181e-10
Sigma: 14.274307248666885
Initial point 3. Random seed: 5824
Solving with ultrametric constraint
Optimal point found for initial point 3
Negative llh: 219.43994313159862
Dropout rate: 1e-10
Silencing rate: 1e-10
Sigma: 14.273261004992065
Initial point 4. Random seed: 9701
Solving with ultrametric constraint
Optimal point found for initial point 4
Negative llh: 219.43994253229317
Dropout rate: 1.51555794778697e-10
Silencing rate: 2.1406597774304452e-10
Sigma: 14.271521553387695
Initial point 5. Random seed: 9686
Solving with ultrametric constraint
Optimal point found for initial point 5
Negative llh: 219.43994485148204
Dropout rate: 5.982015149930503e-09
Silencing rate: 1.566526420290186e-08
Sigma: 14.273257473964916
Initial point 6. Random seed: 2543
Solving with ultrametric constraint
Optimal point found for initial point 6
Negative llh: 219.43994266934754
Dropout rate: 3.996928442977187e-10
Silencing rate: 5.710786576396267e-10
Sigma: 14.273028438187117
Initial point 7. Random seed: 3501
Solving with ultrametric constraint
Optimal point found for initial point 7
Negative llh: 219.43994245881413
Dropout rate: 1.0000000000000002e-10
Silencing rate: 1.0000000000000002e-10
Sigma: 14.272977496762572
Initial point 8. Random seed: 4131
Solving with ultrametric constraint
Optimal point found for initial point 8
Negative llh: 219.43994366319413
Dropout rate: 2.9367311728651027e-09
Silencing rate: 7.381635970697517e-09
Sigma: 14.273511896583905
Initial point 9. Random seed: 3196
Solving with ultrametric constraint
Optimal point found for initial point 9
Negative llh: 219.4399424881051
Dropout rate: 1e-10
Silencing rate: 1e-10
Sigma: 14.272947567756818
Initial point 10. Random seed: 5546
Solving with ultrametric constraint
Optimal point found for initial point 10
Negative llh: 219.4399428871917
Dropout rate: 6.825876680505156e-10
Silencing rate: 1.1666721000828913e-09
Sigma: 14.273466785567864
Runtime (s): 216.6251668781042
