Launching Problin version 0.5b
Problin was called as follow: /u/gh2161/Spatial-Division/problin/run_problin.py -c real_location_data/s19c1/k10_r2_character_matrix.csv -t real_location_data/s19c1/true_tree.nwk -S real_location_data/s19c1/leaf_locations.txt --delimiter comma -p real_location_data/s19c1/k10_priors.csv -o real_location_data/s19c1/k10_r2_spalin-divide-beta1.txt --nInitials 10 --ultrametric --randomreps 3 --divide --given_beta 1 --incl_beta_bound
Optimization by Spalin-Divide: Scipy-SLSQP using spatial information
Optimizing branch lengths, phi, and nu without topology search
Initial point 1. Random seed: 2378
Solving with ultrametric constraint
Optimal point found for initial point 1
Negative llh: 156.4929266166979
Dropout rate: 1e-10
Silencing rate: 1e-10
Sigma: 5.673044822312759
Initial point 2. Random seed: 2657
Solving with ultrametric constraint
Optimal point found for initial point 2
Negative llh: 156.49294832256817
Dropout rate: 1.0000000000000002e-10
Silencing rate: 1.0000000000000002e-10
Sigma: 5.6734601176098
Initial point 3. Random seed: 1074
Solving with ultrametric constraint
Optimal point found for initial point 3
Negative llh: 156.49292513971076
Dropout rate: 1e-10
Silencing rate: 1e-10
Sigma: 5.673358889971763
Initial point 4. Random seed: 4368
Solving with ultrametric constraint
Optimal point found for initial point 4
Negative llh: 156.4929243231339
Dropout rate: 1e-10
Silencing rate: 1e-10
Sigma: 5.673364258692218
Initial point 5. Random seed: 4390
Solving with ultrametric constraint
Optimal point found for initial point 5
Negative llh: 156.49293507226636
Dropout rate: 1.0000000000000002e-10
Silencing rate: 1e-10
Sigma: 5.673315360748177
Initial point 6. Random seed: 7150
Solving with ultrametric constraint
Optimal point found for initial point 6
Negative llh: 156.49292518418767
Dropout rate: 1e-10
Silencing rate: 1e-10
Sigma: 5.673049137230392
Initial point 7. Random seed: 9344
Solving with ultrametric constraint
Optimal point found for initial point 7
Negative llh: 156.49293112961556
Dropout rate: 2.1102771825353012e-10
Silencing rate: 1.5516394890651138e-10
Sigma: 5.6737366885051035
Initial point 8. Random seed: 1477
Solving with ultrametric constraint
Optimal point found for initial point 8
Negative llh: 156.4929300002685
Dropout rate: 6.640519315815016e-10
Silencing rate: 3.742693272973917e-10
Sigma: 5.67350829246458
Initial point 9. Random seed: 9173
Solving with ultrametric constraint
Optimal point found for initial point 9
Negative llh: 156.49299559477492
Dropout rate: 1.1555475439765422e-09
Silencing rate: 8.579857238780859e-10
Sigma: 5.674269573651839
Initial point 10. Random seed: 6169
Solving with ultrametric constraint
Optimal point found for initial point 10
Negative llh: 156.49293280356767
Dropout rate: 1e-10
Silencing rate: 1e-10
Sigma: 5.6734604328825045
Runtime (s): 366.1324967071414
