Launching Problin version 0.5b
Problin was called as follow: /u/gh2161/Spatial-Division/problin/run_problin.py -c real_location_data/s19c1/k10_r3_character_matrix.csv -t real_location_data/s19c1/true_tree.nwk -S real_location_data/s19c1/leaf_locations.txt --delimiter comma -p real_location_data/s19c1/k10_priors.csv -o real_location_data/s19c1/k10_r3_spalin-divide-beta3.txt --nInitials 10 --ultrametric --randomreps 3 --divide --given_beta 3 --incl_beta_bound
Optimization by Spalin-Divide: Scipy-SLSQP using spatial information
Optimizing branch lengths, phi, and nu without topology search
Initial point 1. Random seed: 4369
Solving with ultrametric constraint
Optimal point found for initial point 1
Negative llh: 165.3489400610854
Dropout rate: 1e-10
Silencing rate: 1e-10
Sigma: 4.952733940112599
Initial point 2. Random seed: 6859
Solving with ultrametric constraint
Optimal point found for initial point 2
Negative llh: 165.34894037680232
Dropout rate: 2.1237137325700093e-10
Silencing rate: 2.870762437176053e-10
Sigma: 4.952850302501254
Initial point 3. Random seed: 4354
Solving with ultrametric constraint
Optimal point found for initial point 3
Negative llh: 165.3489401500278
Dropout rate: 1e-10
Silencing rate: 1e-10
Sigma: 4.952634658823255
Initial point 4. Random seed: 8541
Solving with ultrametric constraint
Optimal point found for initial point 4
Negative llh: 165.34893987491984
Dropout rate: 1e-10
Silencing rate: 1e-10
Sigma: 4.952701238872944
Initial point 5. Random seed: 7212
Solving with ultrametric constraint
Optimal point found for initial point 5
Negative llh: 165.34893986613238
Dropout rate: 1e-10
Silencing rate: 1e-10
Sigma: 4.952694190304707
Initial point 6. Random seed: 7006
Solving with ultrametric constraint
Optimal point found for initial point 6
Negative llh: 165.34894073278488
Dropout rate: 1e-10
Silencing rate: 1e-10
Sigma: 4.952693318292982
Initial point 7. Random seed: 6898
Solving with ultrametric constraint
Optimal point found for initial point 7
Negative llh: 165.34894250773363
Dropout rate: 2.3299585056311793e-10
Silencing rate: 1.9316717216333825e-10
Sigma: 4.9527176710832865
Initial point 8. Random seed: 7353
Solving with ultrametric constraint
Optimal point found for initial point 8
Negative llh: 165.34894044634234
Dropout rate: 4.119317580195177e-10
Silencing rate: 3.026411606647507e-10
Sigma: 4.952629522430011
Initial point 9. Random seed: 4957
Solving with ultrametric constraint
Optimal point found for initial point 9
Negative llh: 165.34894163391442
Dropout rate: 1.1716008624805104e-10
Silencing rate: 1.1114255678863463e-10
Sigma: 4.952614774945792
Initial point 10. Random seed: 2904
Solving with ultrametric constraint
Optimal point found for initial point 10
Negative llh: 165.34894042220657
Dropout rate: 2.205577708452435e-10
Silencing rate: 2.31673141689533e-10
Sigma: 4.9527055479847215
Runtime (s): 336.3582387790084
