Launching Problin version 0.5b
Problin was called as follow: /u/gh2161/Spatial-Division/problin/run_problin.py -c real_location_data/s19c1/k10_r2_character_matrix.csv -t real_location_data/s19c1/true_tree.nwk -S real_location_data/s19c1/leaf_locations.txt --delimiter comma -p real_location_data/s19c1/k10_priors.csv -o real_location_data/s19c1/k10_r2_spalin-divide-ignore-beta.txt --nInitials 10 --ultrametric --randomreps 3 --divide
Optimization by Spalin-Divide: Scipy-SLSQP using spatial information
Optimizing branch lengths, phi, and nu without topology search
Initial point 1. Random seed: 9017
Solving with ultrametric constraint
Optimal point found for initial point 1
Negative llh: 156.1466259135063
Dropout rate: 1e-10
Silencing rate: 1e-10
Sigma: 5.638556170315254
Initial point 2. Random seed: 7214
Solving with ultrametric constraint
Optimal point found for initial point 2
Negative llh: 156.14662166784237
Dropout rate: 2.1577034011206732e-10
Silencing rate: 1.5498535969495113e-10
Sigma: 5.638765060963385
Initial point 3. Random seed: 8735
Solving with ultrametric constraint
Optimal point found for initial point 3
Negative llh: 156.14664521458877
Dropout rate: 4.840803364137406e-10
Silencing rate: 3.4681893494078897e-10
Sigma: 5.63903888872051
Initial point 4. Random seed: 1930
Solving with ultrametric constraint
Optimal point found for initial point 4
Negative llh: 156.146641150356
Dropout rate: 2.3233056779878266e-10
Silencing rate: 1.6734950949711548e-10
Sigma: 5.639090603152036
Initial point 5. Random seed: 9594
Solving with ultrametric constraint
Optimal point found for initial point 5
Negative llh: 156.14663029678042
Dropout rate: 2.9188035970375046e-10
Silencing rate: 1.7725868697249546e-10
Sigma: 5.637990593541511
Initial point 6. Random seed: 2131
Solving with ultrametric constraint
Optimal point found for initial point 6
Negative llh: 156.1466457250027
Dropout rate: 2.2863658955711065e-10
Silencing rate: 1.5895734718674102e-10
Sigma: 5.638483550950588
Initial point 7. Random seed: 6605
Solving with ultrametric constraint
Optimal point found for initial point 7
Negative llh: 156.1466352421169
Dropout rate: 7.22801682300146e-10
Silencing rate: 5.973753934214821e-10
Sigma: 5.638084043682857
Initial point 8. Random seed: 596
Solving with ultrametric constraint
Optimal point found for initial point 8
Negative llh: 156.1466429744185
Dropout rate: 3.7478976196251524e-10
Silencing rate: 3.205750578048084e-10
Sigma: 5.638065306739673
Initial point 9. Random seed: 1111
Solving with ultrametric constraint
Optimal point found for initial point 9
Negative llh: 156.14664695469952
Dropout rate: 1.0000000000000002e-10
Silencing rate: 1.0000000000000002e-10
Sigma: 5.637523649921346
Initial point 10. Random seed: 8827
Solving with ultrametric constraint
Optimal point found for initial point 10
Negative llh: 156.1466199413705
Dropout rate: 1.0000000000000002e-10
Silencing rate: 1.0000000000000002e-10
Sigma: 5.638739114094263
Runtime (s): 213.6320510134101
