Launching Problin version 0.5b
Problin was called as follow: /u/gh2161/problin/run_problin.py -c simulated_data/s19c1/k10_r5_character_matrix.csv -t simulated_data/s19c1/true_tree.nwk -S simulated_data/s19c1/leaf_locations.txt --delimiter comma -p simulated_data/s19c1/k10_priors.csv -o simulated_data/s19c1/k10_r5_spalin_leaves_newfelsen.txt --nInitials 10 --ultrametric --randomreps 3
Optimization by Spalin: Scipy-SLSQP using spatial information
Optimizing branch lengths, phi, and nu without topology search
Initial point 1. Random seed: 1627
Solving with ultrametric constraint
Optimal point found for initial point 1
Negative llh: 133.0919243504115
Dropout rate: 1.0000000000000002e-10
Silencing rate: 1e-10
Sigma: 7.801377260576766
Initial point 2. Random seed: 5132
Solving with ultrametric constraint
Optimal point found for initial point 2
Negative llh: 133.0919241980541
Dropout rate: 1.0000000000000007e-10
Silencing rate: 1.0000000000000007e-10
Sigma: 7.800147569486414
Initial point 3. Random seed: 7027
Solving with ultrametric constraint
Optimal point found for initial point 3
Negative llh: 133.0919248405903
Dropout rate: 2.2781081241003518e-10
Silencing rate: 2.395477655954131e-10
Sigma: 7.799900814564539
Initial point 4. Random seed: 9212
Solving with ultrametric constraint
Optimal point found for initial point 4
Negative llh: 133.09192400686092
Dropout rate: 1.0000000000000007e-10
Silencing rate: 1.0000000000000007e-10
Sigma: 7.800924928336088
Initial point 5. Random seed: 8134
Solving with ultrametric constraint
Optimal point found for initial point 5
Negative llh: 133.09192426705565
Dropout rate: 1.0000000000000002e-10
Silencing rate: 1.0000000000000002e-10
Sigma: 7.801386657024511
Initial point 6. Random seed: 7171
Solving with ultrametric constraint
Optimal point found for initial point 6
Negative llh: 133.09192430208105
Dropout rate: 1e-10
Silencing rate: 1e-10
Sigma: 7.8008224426768376
Initial point 7. Random seed: 9058
Solving with ultrametric constraint
Optimal point found for initial point 7
Negative llh: 133.0919241503905
Dropout rate: 1e-10
Silencing rate: 1e-10
Sigma: 7.800846249129549
Initial point 8. Random seed: 8746
Solving with ultrametric constraint
Optimal point found for initial point 8
Negative llh: 133.0919247667786
Dropout rate: 9.999999999999996e-11
Silencing rate: 1.0000000000000002e-10
Sigma: 7.801876926971864
Initial point 9. Random seed: 1064
Solving with ultrametric constraint
Optimal point found for initial point 9
Negative llh: 133.0919241739493
Dropout rate: 1e-10
Silencing rate: 1e-10
Sigma: 7.800722226079985
Initial point 10. Random seed: 9350
Solving with ultrametric constraint
Optimal point found for initial point 10
Negative llh: 133.09192430001264
Dropout rate: 1e-10
Silencing rate: 1e-10
Sigma: 7.80048391741275
Runtime (s): 67.05465304292738
