Launching Problin version 0.5b
Problin was called as follow: /u/gh2161/Spatial-Division/problin/run_problin.py -c real_location_data/s19c1/k10_r1_character_matrix.csv -t real_location_data/s19c1/true_tree.nwk -S real_location_data/s19c1/leaf_locations.txt --delimiter comma -p real_location_data/s19c1/k10_priors.csv -o real_location_data/s19c1/k10_r1_spalin-divide-beta3.txt --nInitials 10 --ultrametric --randomreps 3 --divide --given_beta 3 --incl_beta_bound
Optimization by Spalin-Divide: Scipy-SLSQP using spatial information
Optimizing branch lengths, phi, and nu without topology search
Initial point 1. Random seed: 4974
Solving with ultrametric constraint
Optimal point found for initial point 1
Negative llh: 152.98089444540153
Dropout rate: 1e-10
Silencing rate: 1e-10
Sigma: 4.8302808868904155
Initial point 2. Random seed: 8142
Solving with ultrametric constraint
Optimal point found for initial point 2
Negative llh: 152.98089448023802
Dropout rate: 1.0459202576453047e-10
Silencing rate: 1.0278897724911132e-10
Sigma: 4.830250351856684
Initial point 3. Random seed: 1361
Solving with ultrametric constraint
Optimal point found for initial point 3
Negative llh: 152.98089467739467
Dropout rate: 1e-10
Silencing rate: 1.0000000000000002e-10
Sigma: 4.830264106225389
Initial point 4. Random seed: 7830
Solving with ultrametric constraint
Optimal point found for initial point 4
Negative llh: 152.98089477492323
Dropout rate: 9.999999999999996e-11
Silencing rate: 9.999999999999996e-11
Sigma: 4.8302690148881675
Initial point 5. Random seed: 8261
Solving with ultrametric constraint
Optimal point found for initial point 5
Negative llh: 152.98089490735725
Dropout rate: 1.0000000000000007e-10
Silencing rate: 9.999999999999996e-11
Sigma: 4.830338094386291
Initial point 6. Random seed: 5762
Solving with ultrametric constraint
Optimal point found for initial point 6
Negative llh: 152.98089583977372
Dropout rate: 8.296787412386766e-10
Silencing rate: 5.627239583397058e-10
Sigma: 4.830256219786694
Initial point 7. Random seed: 6847
Solving with ultrametric constraint
Optimal point found for initial point 7
Negative llh: 152.9808945022622
Dropout rate: 2.3058850536206635e-10
Silencing rate: 1.7931748197085795e-10
Sigma: 4.830277667074339
Initial point 8. Random seed: 1502
Solving with ultrametric constraint
Optimal point found for initial point 8
Negative llh: 152.98089447467999
Dropout rate: 1.9523830968285286e-10
Silencing rate: 1.7032031093724593e-10
Sigma: 4.830281019070092
Initial point 9. Random seed: 2933
Solving with ultrametric constraint
Optimal point found for initial point 9
Negative llh: 152.98089451443315
Dropout rate: 1.0000000000000002e-10
Silencing rate: 1e-10
Sigma: 4.830277271647171
Initial point 10. Random seed: 1707
Solving with ultrametric constraint
Optimal point found for initial point 10
Negative llh: 152.98089493058288
Dropout rate: 3.592875230258307e-10
Silencing rate: 2.9511683848666976e-10
Sigma: 4.83026390549895
Runtime (s): 599.4796016520122
