Launching Problin version 0.5b
Problin was called as follow: /u/gh2161/Spatial-Division/problin/run_problin.py -c real_location_data/s19c1/k10_r1_character_matrix.csv -t real_location_data/s19c1/true_tree.nwk -S real_location_data/s19c1/leaf_locations.txt --delimiter comma -p real_location_data/s19c1/k10_priors.csv -o real_location_data/s19c1/k10_r1_spalin-divide-ignore-beta.txt --nInitials 10 --ultrametric --randomreps 3 --divide
Optimization by Spalin-Divide: Scipy-SLSQP using spatial information
Optimizing branch lengths, phi, and nu without topology search
Initial point 1. Random seed: 79
Solving with ultrametric constraint
Optimal point found for initial point 1
Negative llh: 156.21466377863263
Dropout rate: 1e-10
Silencing rate: 1e-10
Sigma: 5.163874516530536
Initial point 2. Random seed: 6009
Solving with ultrametric constraint
Optimal point found for initial point 2
Negative llh: 156.21466649633805
Dropout rate: 1e-10
Silencing rate: 1e-10
Sigma: 5.163860140046399
Initial point 3. Random seed: 9085
Solving with ultrametric constraint
Optimal point found for initial point 3
Negative llh: 156.2146626491869
Dropout rate: 1.0000000000000007e-10
Silencing rate: 9.999999999999996e-11
Sigma: 5.1640213080331865
Initial point 4. Random seed: 3270
Solving with ultrametric constraint
Optimal point found for initial point 4
Negative llh: 156.21466265112494
Dropout rate: 1e-10
Silencing rate: 1e-10
Sigma: 5.1639959643350375
Initial point 5. Random seed: 9095
Solving with ultrametric constraint
Optimal point found for initial point 5
Negative llh: 156.21466304344662
Dropout rate: 2.580574198638907e-10
Silencing rate: 2.129287347864957e-10
Sigma: 5.163976317865171
Initial point 6. Random seed: 1850
Solving with ultrametric constraint
Optimal point found for initial point 6
Negative llh: 156.21466325397023
Dropout rate: 3.3707582149717016e-10
Silencing rate: 3.050356897382523e-10
Sigma: 5.163967145048638
Initial point 7. Random seed: 8332
Solving with ultrametric constraint
Optimal point found for initial point 7
Negative llh: 156.2146632193955
Dropout rate: 1e-10
Silencing rate: 1e-10
Sigma: 5.163740134593681
Initial point 8. Random seed: 8934
Solving with ultrametric constraint
Optimal point found for initial point 8
Negative llh: 156.2146629518819
Dropout rate: 8.948339447700964e-10
Silencing rate: 7.648635370353593e-10
Sigma: 5.163918267114704
Initial point 9. Random seed: 6559
Solving with ultrametric constraint
Optimal point found for initial point 9
Negative llh: 156.21467606086816
Dropout rate: 8.917099764489472e-10
Silencing rate: 7.7593637201868e-10
Sigma: 5.165565821032476
Initial point 10. Random seed: 5266
Solving with ultrametric constraint
Optimal point found for initial point 10
Negative llh: 156.21466269437386
Dropout rate: 1e-10
Silencing rate: 1e-10
Sigma: 5.163962508160081
Runtime (s): 267.6945324772969
