Launching Problin version 0.5b
Problin was called as follow: /u/gh2161/problin/run_problin.py -c simulated_data/s19c1/k10_r5_character_matrix.csv -t simulated_data/s19c1/true_tree.nwk --delimiter comma -p simulated_data/s19c1/k10_priors.csv -o simulated_data/s19c1/k10_r5_problin.txt --nInitials 10 --ultrametric --randomreps 3
Optimization by EM algorithm
Optimizing branch lengths, phi, and nu without topology search
Initial point 1. Random seed: 66
Solving with ultrametric constraint
Initial phi: 0.7028795706786791. Initial nu: 0.8716094707651338. Initial nllh: 11716.538797101915
EM finished after 21 iterations.
Optimal point found for initial point 1
Negative llh: 52.33183735997702
Dropout rate: 0
Silencing rate: 9.95901091049878e-07
Initial point 2. Random seed: 841
Solving with ultrametric constraint
Initial phi: 0.25929997890557577. Initial nu: 0.41099078114956134. Initial nllh: 107.0238000077818
EM finished after 18 iterations.
Optimal point found for initial point 2
Negative llh: 52.331836813246575
Dropout rate: 0
Silencing rate: 9.893298949254485e-07
Initial point 3. Random seed: 7114
Solving with ultrametric constraint
Initial phi: 0.37269223575231314. Initial nu: 0.5209900690785818. Initial nllh: 131.96067051473673
EM finished after 18 iterations.
Optimal point found for initial point 3
Negative llh: 52.33183705302968
Dropout rate: 0
Silencing rate: 9.90639913235796e-07
Initial point 4. Random seed: 9628
Solving with ultrametric constraint
Initial phi: 0.9561127550840963. Initial nu: 0.2228509322824508. Initial nllh: 437.59255612571263
EM finished after 16 iterations.
Optimal point found for initial point 4
Negative llh: 52.33183703555473
Dropout rate: 0
Silencing rate: 9.92051639261079e-07
Initial point 5. Random seed: 6317
Solving with ultrametric constraint
Initial phi: 0.410157231389015. Initial nu: 0.4271930779747004. Initial nllh: 135.08881554782516
EM finished after 19 iterations.
Optimal point found for initial point 5
Negative llh: 52.33183663368269
Dropout rate: 0
Silencing rate: 9.903991915069848e-07
Initial point 6. Random seed: 3149
Solving with ultrametric constraint
Initial phi: 0.7300244300863639. Initial nu: 0.2864197805563997. Initial nllh: 222.47599779108188
EM finished after 17 iterations.
Optimal point found for initial point 6
Negative llh: 52.331836936843374
Dropout rate: 0
Silencing rate: 9.906030075416772e-07
Initial point 7. Random seed: 611
Solving with ultrametric constraint
Initial phi: 0.9509387417732725. Initial nu: 0.7290315008450966. Initial nllh: 447.2169590754097
EM finished after 19 iterations.
Optimal point found for initial point 7
Negative llh: 52.33183719405699
Dropout rate: 0
Silencing rate: 9.955814249302048e-07
Initial point 8. Random seed: 3460
Solving with ultrametric constraint
Initial phi: 0.7989257698067113. Initial nu: 0.04704291256441375. Initial nllh: 246.9588760460936
EM finished after 12 iterations.
Optimal point found for initial point 8
Negative llh: 52.331836733014114
Dropout rate: 0
Silencing rate: 9.89165497252297e-07
Initial point 9. Random seed: 5665
Solving with ultrametric constraint
Initial phi: 0.7186307719571863. Initial nu: 0.10788292275600173. Initial nllh: 209.4038809553465
EM finished after 15 iterations.
Optimal point found for initial point 9
Negative llh: 52.33183659280591
Dropout rate: 0
Silencing rate: 9.8917615550095e-07
Initial point 10. Random seed: 5434
Solving with ultrametric constraint
Initial phi: 0.16399562194623385. Initial nu: 0.8312715782773796. Initial nllh: 111.59476135023037
EM finished after 20 iterations.
Optimal point found for initial point 10
Negative llh: 52.3318369945281
Dropout rate: 0
Silencing rate: 9.961934322429178e-07
Traceback (most recent call last):
  File "/u/gh2161/problin/run_problin.py", line 193, in <module>
    main()
  File "/u/gh2161/problin/run_problin.py", line 172, in main
    fout.write("Sigma: " + str(opt_params['sigma']) + "\n")
KeyError: 'sigma'
