Launching Problin version 0.5b
Problin was called as follow: /u/gh2161/Spatial-Division/problin/run_problin.py -c real_location_data/s19c1/k10_r4_character_matrix.csv -t real_location_data/s19c1/true_tree.nwk -S real_location_data/s19c1/leaf_locations.txt --delimiter comma -p real_location_data/s19c1/k10_priors.csv -o real_location_data/s19c1/k10_r4_spalin-divide-beta05.txt --nInitials 10 --ultrametric --randomreps 3 --divide --given_beta 0.5 --incl_beta_bound
Optimization by Spalin-Divide: Scipy-SLSQP using spatial information
Optimizing branch lengths, phi, and nu without topology search
Initial point 1. Random seed: 9895
Solving with ultrametric constraint
Optimal point found for initial point 1
Negative llh: 158.6409493024027
Dropout rate: 3.6658983393007927e-10
Silencing rate: 2.7255050648429137e-10
Sigma: 5.016550832473818
Initial point 2. Random seed: 6638
Solving with ultrametric constraint
Optimal point found for initial point 2
Negative llh: 158.64092951923183
Dropout rate: 1e-10
Silencing rate: 1e-10
Sigma: 5.017171241822813
Initial point 3. Random seed: 7647
Solving with ultrametric constraint
Optimal point found for initial point 3
Negative llh: 158.64092843090154
Dropout rate: 9.999999999999996e-11
Silencing rate: 9.999999999999996e-11
Sigma: 5.0171190445319125
Initial point 4. Random seed: 2656
Solving with ultrametric constraint
Optimal point found for initial point 4
Negative llh: 158.64092833839848
Dropout rate: 1e-10
Silencing rate: 1e-10
Sigma: 5.017100685674745
Initial point 5. Random seed: 5393
Solving with ultrametric constraint
Optimal point found for initial point 5
Negative llh: 158.6409282501203
Dropout rate: 1.0940681664556478e-10
Silencing rate: 1.0657920728585402e-10
Sigma: 5.017113024904968
Initial point 6. Random seed: 8197
Solving with ultrametric constraint
Optimal point found for initial point 6
Negative llh: 158.64092841621115
Dropout rate: 1.4799199333579821e-10
Silencing rate: 2.618550057982075e-10
Sigma: 5.01712406123561
Initial point 7. Random seed: 8511
Solving with ultrametric constraint
Optimal point found for initial point 7
Negative llh: 158.64092834743707
Dropout rate: 1e-10
Silencing rate: 1e-10
Sigma: 5.017054986510006
Initial point 8. Random seed: 5938
Solving with ultrametric constraint
Optimal point found for initial point 8
Negative llh: 158.64094275225207
Dropout rate: 2.8162518725306726e-10
Silencing rate: 2.415005707095219e-10
Sigma: 5.017432946407796
Initial point 9. Random seed: 1427
Solving with ultrametric constraint
Optimal point found for initial point 9
Negative llh: 158.64092884344782
Dropout rate: 1.0000000000000002e-10
Silencing rate: 1.0000000000000002e-10
Sigma: 5.017139480808258
Initial point 10. Random seed: 8944
Solving with ultrametric constraint
Optimal point found for initial point 10
Negative llh: 158.6409288731484
Dropout rate: 1e-10
Silencing rate: 1e-10
Sigma: 5.017068430387272
Runtime (s): 443.21437331900233
