Launching Problin version 0.5b
Problin was called as follow: /u/gh2161/Spatial-Division/problin/run_problin.py -c real_location_data/s19c1/k10_r1_character_matrix.csv -t real_location_data/s19c1/true_tree.nwk -S real_location_data/s19c1/leaf_locations.txt --delimiter comma -p real_location_data/s19c1/k10_priors.csv -o real_location_data/s19c1/k10_r1_spalin.txt --nInitials 10 --ultrametric --randomreps 3
Optimization by Spalin: Scipy-SLSQP using spatial information
Optimizing branch lengths, phi, and nu without topology search
Initial point 1. Random seed: 7898
Solving with ultrametric constraint
Optimal point found for initial point 1
Negative llh: 137.9468768871775
Dropout rate: 3.5491562681838835e-10
Silencing rate: 2.65521957525904e-10
Sigma: 28.93458477358097
Initial point 2. Random seed: 9420
Solving with ultrametric constraint
Optimal point found for initial point 2
Negative llh: 137.94687719974962
Dropout rate: 1e-10
Silencing rate: 1e-10
Sigma: 28.93560844950015
Initial point 3. Random seed: 8556
Solving with ultrametric constraint
Optimal point found for initial point 3
Negative llh: 137.94687812769095
Dropout rate: 4.739778318293325e-09
Silencing rate: 7.762143918531739e-09
Sigma: 28.934329633858017
Initial point 4. Random seed: 3995
Solving with ultrametric constraint
Optimal point found for initial point 4
Negative llh: 137.9468769395428
Dropout rate: 1e-10
Silencing rate: 1e-10
Sigma: 28.93502072811377
Initial point 5. Random seed: 416
Solving with ultrametric constraint
Optimal point found for initial point 5
Negative llh: 137.94687697816343
Dropout rate: 1.268245509448551e-10
Silencing rate: 1.6279633866846465e-10
Sigma: 28.937339014305522
Initial point 6. Random seed: 4765
Solving with ultrametric constraint
Optimal point found for initial point 6
Negative llh: 137.9468768874622
Dropout rate: 1e-10
Silencing rate: 1.0000000000000002e-10
Sigma: 28.936246902341313
Initial point 7. Random seed: 550
Solving with ultrametric constraint
Optimal point found for initial point 7
Negative llh: 137.9468768355875
Dropout rate: 2.9798839999256626e-10
Silencing rate: 2.378802646657567e-10
Sigma: 28.9353953843074
Initial point 8. Random seed: 1312
Solving with ultrametric constraint
Optimal point found for initial point 8
Negative llh: 137.94687684410349
Dropout rate: 9.999999999999996e-11
Silencing rate: 1.0000000000000007e-10
Sigma: 28.935420262560292
Initial point 9. Random seed: 1422
Solving with ultrametric constraint
Optimal point found for initial point 9
Negative llh: 137.94687737260932
Dropout rate: 1e-10
Silencing rate: 1e-10
Sigma: 28.932714032479602
Initial point 10. Random seed: 3008
Solving with ultrametric constraint
Optimal point found for initial point 10
Negative llh: 137.94687703550272
Dropout rate: 1e-10
Silencing rate: 1e-10
Sigma: 28.933379650224655
Traceback (most recent call last):
  File "/u/gh2161/Spatial-Division/problin/run_problin.py", line 223, in <module>
    main()
  File "/u/gh2161/Spatial-Division/problin/run_problin.py", line 214, in main
    for cell in mySolver.params.displacement_amounts:
AttributeError: 'Params' object has no attribute 'displacement_amounts'
