Launching Problin version 0.5b
Problin was called as follow: /u/gh2161/problin/run_problin.py -c simulated_data/s19c1/k10_r2_character_matrix.csv -t simulated_data/s19c1/true_tree.nwk -S simulated_data/s19c1/true_locations.txt --delimiter comma -p simulated_data/s19c1/k10_priors.csv -o simulated_data/s19c1/k10_r2_spalin_all.txt --nInitials 10 --ultrametric --randomreps 3
Optimization by Spalin: Scipy-SLSQP using spatial information
Optimizing branch lengths, phi, and nu without topology search
Initial point 1. Random seed: 9433
Solving with ultrametric constraint
Optimal point found for initial point 1
Negative llh: 192.04366951161205
Dropout rate: 9.999999999999996e-11
Silencing rate: 1.0000000000000002e-10
Sigma: 30.128802209561705
Initial point 2. Random seed: 7051
Solving with ultrametric constraint
Optimal point found for initial point 2
Negative llh: 192.04366947506523
Dropout rate: 2.0049395557981574e-09
Silencing rate: 2.652975677675706e-09
Sigma: 30.12563816863111
Initial point 3. Random seed: 2250
Solving with ultrametric constraint
Optimal point found for initial point 3
Negative llh: 192.0436690954317
Dropout rate: 3.760142209584394e-10
Silencing rate: 4.5597004907853945e-10
Sigma: 30.12743528922002
Initial point 4. Random seed: 6549
Solving with ultrametric constraint
Optimal point found for initial point 4
Negative llh: 192.0436690538126
Dropout rate: 1.0104071485897059e-10
Silencing rate: 1.0050409914892751e-10
Sigma: 30.127360068605586
Initial point 5. Random seed: 8549
Solving with ultrametric constraint
Optimal point found for initial point 5
Negative llh: 192.04367062220246
Dropout rate: 1.8091364773120425e-09
Silencing rate: 1.1090605993392645e-08
Sigma: 30.12458890661485
Initial point 6. Random seed: 843
Solving with ultrametric constraint
Optimal point found for initial point 6
Negative llh: 192.0436693455756
Dropout rate: 6.14462355484093e-10
Silencing rate: 2.2622675917230658e-10
Sigma: 30.124972182771852
Initial point 7. Random seed: 3982
Solving with ultrametric constraint
Optimal point found for initial point 7
Negative llh: 192.04366912312588
Dropout rate: 2.8580791298078004e-10
Silencing rate: 1.3805358372396081e-10
Sigma: 30.125605155980637
Initial point 8. Random seed: 7641
Solving with ultrametric constraint
Optimal point found for initial point 8
Negative llh: 192.04366954114803
Dropout rate: 6.342731211741862e-10
Silencing rate: 9.284735480526861e-10
Sigma: 30.12736025910557
Initial point 9. Random seed: 5465
Solving with ultrametric constraint
Optimal point found for initial point 9
Negative llh: 192.04366895058342
Dropout rate: 9.999999999999996e-11
Silencing rate: 9.999999999999996e-11
Sigma: 30.126156089440908
Initial point 10. Random seed: 3369
Solving with ultrametric constraint
Optimal point found for initial point 10
Negative llh: 192.0436695328986
Dropout rate: 1.1262089942467401e-09
Silencing rate: 2.2429901601535808e-09
Sigma: 30.12573069693934
Runtime (s): 9.388806215953082
