Launching Problin version 0.5b
Problin was called as follow: /u/gh2161/problin/run_problin.py -c simulated_data/s19c1/k10_r3_character_matrix.csv -t simulated_data/s19c1/true_tree.nwk -S simulated_data/s19c1/leaf_locations.txt --delimiter comma -p simulated_data/s19c1/k10_priors.csv -o simulated_data/s19c1/k10_r3_spalin_leaves_newfelsen.txt --nInitials 10 --ultrametric --randomreps 3
Optimization by Spalin: Scipy-SLSQP using spatial information
Optimizing branch lengths, phi, and nu without topology search
Initial point 1. Random seed: 8252
Solving with ultrametric constraint
Optimal point found for initial point 1
Negative llh: 149.9966627400236
Dropout rate: 2.5654621110747483e-10
Silencing rate: 1.9247406421447e-10
Sigma: 5.461849906571588
Initial point 2. Random seed: 3652
Solving with ultrametric constraint
Optimal point found for initial point 2
Negative llh: 149.9966623317375
Dropout rate: 1e-10
Silencing rate: 1e-10
Sigma: 5.461171026460743
Initial point 3. Random seed: 2579
Solving with ultrametric constraint
Optimal point found for initial point 3
Negative llh: 149.9966626784274
Dropout rate: 1e-10
Silencing rate: 1e-10
Sigma: 5.461689749032382
Initial point 4. Random seed: 2674
Solving with ultrametric constraint
Optimal point found for initial point 4
Negative llh: 149.99666229968497
Dropout rate: 1.0000000000000002e-10
Silencing rate: 1.0000000000000002e-10
Sigma: 5.461063160220968
Initial point 5. Random seed: 1105
Solving with ultrametric constraint
Optimal point found for initial point 5
Negative llh: 149.9966625414528
Dropout rate: 7.224913306895524e-10
Silencing rate: 4.891275477032447e-10
Sigma: 5.4613536307091275
Initial point 6. Random seed: 723
Solving with ultrametric constraint
Optimal point found for initial point 6
Negative llh: 149.99666244945328
Dropout rate: 1.860606139475498e-10
Silencing rate: 3.4729479796146257e-10
Sigma: 5.461142133749764
Initial point 7. Random seed: 6084
Solving with ultrametric constraint
Optimal point found for initial point 7
Negative llh: 149.99666225502568
Dropout rate: 1.0000000000000007e-10
Silencing rate: 1.0000000000000007e-10
Sigma: 5.461416779855366
Initial point 8. Random seed: 8486
Solving with ultrametric constraint
Optimal point found for initial point 8
Negative llh: 149.9966629105619
Dropout rate: 9.999999999999924e-11
Silencing rate: 9.999999999999924e-11
Sigma: 5.462130482647189
Initial point 9. Random seed: 7861
Solving with ultrametric constraint
Optimal point found for initial point 9
Negative llh: 149.99666274440364
Dropout rate: 2.227980158617799e-09
Silencing rate: 2.3200734427249222e-09
Sigma: 5.461331635831584
Initial point 10. Random seed: 8843
Solving with ultrametric constraint
Optimal point found for initial point 10
Negative llh: 149.99666241795308
Dropout rate: 1e-10
Silencing rate: 1e-10
Sigma: 5.461492488448308
Runtime (s): 61.30041501484811
