Launching Problin version 0.5b
Problin was called as follow: /u/gh2161/problin/run_problin.py -c simulated_data/s5c5/k10_r4_character_matrix.csv -t simulated_data/s5c5/true_tree.nwk --delimiter comma -p simulated_data/s5c5/k10_priors.csv -o simulated_data/s5c5/k10_r4_problin.txt --nInitials 10 --ultrametric --randomreps 3
Optimization by EM algorithm
Optimizing branch lengths, phi, and nu without topology search
Initial point 1. Random seed: 4359
Solving with ultrametric constraint
Initial phi: 0.5999366692976194. Initial nu: 0.5902416993550171. Initial nllh: 10960.124157948314
EM finished after 10 iterations.
Optimal point found for initial point 1
Negative llh: 70.48287970865974
Dropout rate: 0
Silencing rate: 9.522795025927184e-07
Initial point 2. Random seed: 5812
Solving with ultrametric constraint
Initial phi: 0.6235299067592276. Initial nu: 0.41111682993301285. Initial nllh: 230.2047353809311
EM finished after 10 iterations.
Optimal point found for initial point 2
Negative llh: 70.48287952563682
Dropout rate: 0
Silencing rate: 9.507071736988404e-07
Initial point 3. Random seed: 9850
Solving with ultrametric constraint
Initial phi: 0.23243505208111076. Initial nu: 0.8715174047438512. Initial nllh: 156.17632410942687
EM finished after 10 iterations.
Optimal point found for initial point 3
Negative llh: 70.4828804885842
Dropout rate: 0
Silencing rate: 9.667225603361506e-07
Initial point 4. Random seed: 1394
Solving with ultrametric constraint
Initial phi: 0.5886486582681069. Initial nu: 0.0319611169599946. Initial nllh: 196.63035244997272
EM finished after 6 iterations.
Optimal point found for initial point 4
Negative llh: 70.48288062380857
Dropout rate: 0
Silencing rate: 9.671288667558546e-07
Initial point 5. Random seed: 4004
Solving with ultrametric constraint
Initial phi: 0.7065351530016328. Initial nu: 0.46179742281575237. Initial nllh: 267.9053406537667
EM finished after 9 iterations.
Optimal point found for initial point 5
Negative llh: 70.4828807493118
Dropout rate: 0
Silencing rate: 9.678017161869787e-07
Initial point 6. Random seed: 9778
Solving with ultrametric constraint
Initial phi: 0.8038088030345769. Initial nu: 0.8858196605208364. Initial nllh: 347.9530765482495
EM finished after 10 iterations.
Optimal point found for initial point 6
Negative llh: 70.48288047214893
Dropout rate: 0
Silencing rate: 9.661694901555604e-07
Initial point 7. Random seed: 9310
Solving with ultrametric constraint
Initial phi: 0.989256952285372. Initial nu: 0.19242907354238656. Initial nllh: 715.9160921909655
EM finished after 9 iterations.
Optimal point found for initial point 7
Negative llh: 70.48287958566084
Dropout rate: 0
Silencing rate: 9.509028986772298e-07
Initial point 8. Random seed: 6886
Solving with ultrametric constraint
Initial phi: 0.4808931948483293. Initial nu: 0.31948509056586466. Initial nllh: 180.11083180361285
EM finished after 10 iterations.
Optimal point found for initial point 8
Negative llh: 70.48287938779677
Dropout rate: 0
Silencing rate: 9.484648943928149e-07
Initial point 9. Random seed: 1062
Solving with ultrametric constraint
Initial phi: 0.4550622483054475. Initial nu: 0.27831965915344825. Initial nllh: 171.01385117436448
EM finished after 9 iterations.
Optimal point found for initial point 9
Negative llh: 70.48287980276085
Dropout rate: 0
Silencing rate: 9.533282774805282e-07
Initial point 10. Random seed: 6011
Solving with ultrametric constraint
Initial phi: 0.462404151220477. Initial nu: 0.8703586468173489. Initial nllh: 205.96761971698402
EM finished after 11 iterations.
Optimal point found for initial point 10
Negative llh: 70.4828803928038
Dropout rate: 0
Silencing rate: 9.670005036427485e-07
Traceback (most recent call last):
  File "/u/gh2161/problin/run_problin.py", line 193, in <module>
    main()
  File "/u/gh2161/problin/run_problin.py", line 172, in main
    fout.write("Sigma: " + str(opt_params['sigma']) + "\n")
KeyError: 'sigma'
