Launching Problin version 0.5b
Problin was called as follow: /u/gh2161/Spatial-Division/problin/run_problin.py -c real_location_data/s5c5/k10_r5_character_matrix.csv -t real_location_data/s5c5/true_tree.nwk -S real_location_data/s5c5/leaf_locations.txt --delimiter comma -p real_location_data/s5c5/k10_priors.csv -o real_location_data/s5c5/k10_r5_spalin-divide-beta3.txt --nInitials 10 --ultrametric --randomreps 3 --divide --given_beta 3 --incl_beta_bound
Optimization by Spalin-Divide: Scipy-SLSQP using spatial information
Optimizing branch lengths, phi, and nu without topology search
Initial point 1. Random seed: 3932
Solving with ultrametric constraint
Optimal point found for initial point 1
Negative llh: 177.2927634981267
Dropout rate: 5.828467282655938e-10
Silencing rate: 3.3331574529099026e-10
Sigma: 4.765602756531423
Initial point 2. Random seed: 6626
Solving with ultrametric constraint
Optimal point found for initial point 2
Negative llh: 177.29276067682483
Dropout rate: 1e-10
Silencing rate: 1e-10
Sigma: 4.765577138463247
Initial point 3. Random seed: 8754
Solving with ultrametric constraint
Optimal point found for initial point 3
Negative llh: 177.29276014978507
Dropout rate: 7.121671878569853e-10
Silencing rate: 4.750400481606927e-10
Sigma: 4.765550023710594
Initial point 4. Random seed: 51
Solving with ultrametric constraint
Optimal point found for initial point 4
Negative llh: 177.29276006288683
Dropout rate: 1.0000000000000002e-10
Silencing rate: 1.0000000000000002e-10
Sigma: 4.7655415567096995
Initial point 5. Random seed: 2011
Solving with ultrametric constraint
Optimal point found for initial point 5
Negative llh: 177.2927600301994
Dropout rate: 1.9798148604626268e-10
Silencing rate: 1.4849829558352677e-10
Sigma: 4.765571994569048
Initial point 6. Random seed: 751
Solving with ultrametric constraint
Optimal point found for initial point 6
Negative llh: 177.29276037232322
Dropout rate: 4.897527432696753e-10
Silencing rate: 2.83745353284927e-10
Sigma: 4.765582693284792
Initial point 7. Random seed: 403
Solving with ultrametric constraint
Optimal point found for initial point 7
Negative llh: 177.29275996896803
Dropout rate: 1.0129529980856461e-10
Silencing rate: 1.1591329058247403e-10
Sigma: 4.765585094772567
Initial point 8. Random seed: 9836
Solving with ultrametric constraint
Optimal point found for initial point 8
Negative llh: 177.29276005063053
Dropout rate: 1.250777292082954e-10
Silencing rate: 1.118231451481328e-10
Sigma: 4.765583598563367
Initial point 9. Random seed: 7041
Solving with ultrametric constraint
Optimal point found for initial point 9
Negative llh: 177.29276003010602
Dropout rate: 1.135670186044718e-10
Silencing rate: 1.0614865303689047e-10
Sigma: 4.765567188908248
Initial point 10. Random seed: 3599
Solving with ultrametric constraint
Optimal point found for initial point 10
Negative llh: 177.29276014720722
Dropout rate: 1e-10
Silencing rate: 1e-10
Sigma: 4.765612947783509
Runtime (s): 587.7246133069857
