Launching Problin version 0.5b
Problin was called as follow: /u/gh2161/problin/run_problin.py -c simulated_data/s5c5/k10_r2_character_matrix.csv -t simulated_data/s5c5/true_tree.nwk --delimiter comma -p simulated_data/s5c5/k10_priors.csv -o simulated_data/s5c5/k10_r2_problin.txt --nInitials 10 --ultrametric --randomreps 3
Optimization by EM algorithm
Optimizing branch lengths, phi, and nu without topology search
Initial point 1. Random seed: 4194
Solving with ultrametric constraint
Initial phi: 0.0500630403043289. Initial nu: 0.21517717681807783. Initial nllh: 7592.9256881750325
EM finished after 9 iterations.
Optimal point found for initial point 1
Negative llh: 85.03391721653446
Dropout rate: 0
Silencing rate: 9.117158768662615e-07
Initial point 2. Random seed: 7730
Solving with ultrametric constraint
Initial phi: 0.4944932304759976. Initial nu: 0.10580996964131151. Initial nllh: 186.77117089662184
EM finished after 7 iterations.
Optimal point found for initial point 2
Negative llh: 85.03391404157803
Dropout rate: 0
Silencing rate: 8.571452441714324e-07
Initial point 3. Random seed: 7342
Solving with ultrametric constraint
Initial phi: 0.558467504938936. Initial nu: 0.3489624912129473. Initial nllh: 220.03120558294185
EM finished after 9 iterations.
Optimal point found for initial point 3
Negative llh: 85.03391396264844
Dropout rate: 0
Silencing rate: 8.567325801543115e-07
Initial point 4. Random seed: 4221
Solving with ultrametric constraint
Initial phi: 0.17204849184358267. Initial nu: 0.5727116901028426. Initial nllh: 145.18778383552362
EM finished after 11 iterations.
Optimal point found for initial point 4
Negative llh: 85.03391386815971
Dropout rate: 0
Silencing rate: 8.554150530508295e-07
Initial point 5. Random seed: 6166
Solving with ultrametric constraint
Initial phi: 0.5577864341506545. Initial nu: 0.8992042956134076. Initial nllh: 252.2150287896695
EM finished after 9 iterations.
Optimal point found for initial point 5
Negative llh: 85.03391396375082
Dropout rate: 0
Silencing rate: 8.560260177781518e-07
Initial point 6. Random seed: 748
Solving with ultrametric constraint
Initial phi: 0.695883602912339. Initial nu: 0.623953420799743. Initial nllh: 288.42095926653633
EM finished after 9 iterations.
Optimal point found for initial point 6
Negative llh: 85.0339139298496
Dropout rate: 0
Silencing rate: 8.559229487494143e-07
Initial point 7. Random seed: 8496
Solving with ultrametric constraint
Initial phi: 0.7123987757326621. Initial nu: 0.7643002553343734. Initial nllh: 304.5016982368027
EM finished after 9 iterations.
Optimal point found for initial point 7
Negative llh: 85.03391402529606
Dropout rate: 0
Silencing rate: 8.573850132714337e-07
Initial point 8. Random seed: 92
Solving with ultrametric constraint
Initial phi: 0.7831202759471797. Initial nu: 0.9415938464793678. Initial nllh: 354.4532809090981
EM finished after 11 iterations.
Optimal point found for initial point 8
Negative llh: 85.03391389499949
Dropout rate: 0
Silencing rate: 8.558550356643998e-07
Initial point 9. Random seed: 1669
Solving with ultrametric constraint
Initial phi: 0.16294687997171187. Initial nu: 0.9199837326576941. Initial nllh: 164.10529871220513
EM finished after 8 iterations.
Optimal point found for initial point 9
Negative llh: 85.03391654340788
Dropout rate: 0
Silencing rate: 8.957004564483345e-07
Initial point 10. Random seed: 3053
Solving with ultrametric constraint
Initial phi: 0.36524636458555926. Initial nu: 0.441258284810625. Initial nllh: 174.6473584296028
EM finished after 9 iterations.
Optimal point found for initial point 10
Negative llh: 85.03391388781696
Dropout rate: 0
Silencing rate: 8.553999193026596e-07
Traceback (most recent call last):
  File "/u/gh2161/problin/run_problin.py", line 193, in <module>
    main()
  File "/u/gh2161/problin/run_problin.py", line 172, in main
    fout.write("Sigma: " + str(opt_params['sigma']) + "\n")
KeyError: 'sigma'
