Launching Problin version 0.5b
Problin was called as follow: /u/gh2161/problin/run_problin.py -c simulated_data/s5c5/k10_r3_character_matrix.csv -t simulated_data/s5c5/true_tree.nwk -S simulated_data/s5c5/leaf_locations.txt --delimiter comma -p simulated_data/s5c5/k10_priors.csv -o simulated_data/s5c5/k10_r3_spalin_leaves_newfelsen.txt --nInitials 10 --ultrametric --randomreps 3
Optimization by Spalin: Scipy-SLSQP using spatial information
Optimizing branch lengths, phi, and nu without topology search
Initial point 1. Random seed: 4928
Solving with ultrametric constraint
Optimal point found for initial point 1
Negative llh: 165.7659172781477
Dropout rate: 8.575816537448813e-10
Silencing rate: 3.9787071295396035e-10
Sigma: 6.0012492833921955
Initial point 2. Random seed: 3115
Solving with ultrametric constraint
Optimal point found for initial point 2
Negative llh: 165.7659169681185
Dropout rate: 1.0000000000000002e-10
Silencing rate: 1.0000000000000002e-10
Sigma: 6.000806050604765
Initial point 3. Random seed: 4404
Solving with ultrametric constraint
Optimal point found for initial point 3
Negative llh: 165.7659169746098
Dropout rate: 1.195937717637469e-10
Silencing rate: 2.0220962425479118e-10
Sigma: 6.000942681500767
Initial point 4. Random seed: 7238
Solving with ultrametric constraint
Optimal point found for initial point 4
Negative llh: 165.76591728189473
Dropout rate: 1e-10
Silencing rate: 1e-10
Sigma: 6.0003230239346275
Initial point 5. Random seed: 8580
Solving with ultrametric constraint
Optimal point found for initial point 5
Negative llh: 165.76591796202655
Dropout rate: 4.5823855039946485e-09
Silencing rate: 1.0626690078646258e-08
Sigma: 6.000542909786459
Initial point 6. Random seed: 1367
Solving with ultrametric constraint
Optimal point found for initial point 6
Negative llh: 165.7659167866068
Dropout rate: 1e-10
Silencing rate: 1e-10
Sigma: 6.000567572560668
Initial point 7. Random seed: 991
Solving with ultrametric constraint
Optimal point found for initial point 7
Negative llh: 165.76591693102108
Dropout rate: 1.0000000000000007e-10
Silencing rate: 9.999999999999996e-11
Sigma: 5.999940705521441
Initial point 8. Random seed: 6933
Solving with ultrametric constraint
Optimal point found for initial point 8
Negative llh: 165.7659173142389
Dropout rate: 1e-10
Silencing rate: 1e-10
Sigma: 6.0022434633828805
Initial point 9. Random seed: 6971
Solving with ultrametric constraint
Optimal point found for initial point 9
Negative llh: 165.76591709090138
Dropout rate: 2.7257450772636613e-10
Silencing rate: 2.146935361892143e-10
Sigma: 6.0012960791056935
Initial point 10. Random seed: 1251
Solving with ultrametric constraint
Optimal point found for initial point 10
Negative llh: 165.76591707440622
Dropout rate: 3.8828410999207596e-10
Silencing rate: 2.4946582534453585e-10
Sigma: 6.001116188701544
Runtime (s): 100.96373791620135
