Launching Problin version 0.5b
Problin was called as follow: /u/gh2161/Spatial-Division/problin/run_problin.py -c real_location_data/s5c5/k10_r1_character_matrix.csv -t real_location_data/s5c5/true_tree.nwk -S real_location_data/s5c5/leaf_locations.txt --delimiter comma -p real_location_data/s5c5/k10_priors.csv -o real_location_data/s5c5/k10_r1_spalin.txt --nInitials 10 --ultrametric --randomreps 3
Optimization by Spalin: Scipy-SLSQP using spatial information
Optimizing branch lengths, phi, and nu without topology search
Initial point 1. Random seed: 5659
Solving with ultrametric constraint
Optimal point found for initial point 1
Negative llh: 166.27054091901897
Dropout rate: 1.0133502140128398e-09
Silencing rate: 5.505847618123235e-10
Sigma: 30.090637593014804
Initial point 2. Random seed: 4475
Solving with ultrametric constraint
Optimal point found for initial point 2
Negative llh: 166.27054080633735
Dropout rate: 1e-10
Silencing rate: 1e-10
Sigma: 30.08943232564701
Initial point 3. Random seed: 7197
Solving with ultrametric constraint
Optimal point found for initial point 3
Negative llh: 166.27054082928993
Dropout rate: 1e-10
Silencing rate: 1e-10
Sigma: 30.09007369795491
Initial point 4. Random seed: 8572
Solving with ultrametric constraint
Optimal point found for initial point 4
Negative llh: 166.2705407967473
Dropout rate: 2.485432672625175e-10
Silencing rate: 1.8644658648135363e-10
Sigma: 30.090170190327232
Initial point 5. Random seed: 330
Solving with ultrametric constraint
Optimal point found for initial point 5
Negative llh: 166.2705408456308
Dropout rate: 1.0675183368115313e-10
Silencing rate: 2.645354195437525e-10
Sigma: 30.090656973661655
Initial point 6. Random seed: 3141
Solving with ultrametric constraint
Optimal point found for initial point 6
Negative llh: 166.27054102170143
Dropout rate: 1e-10
Silencing rate: 1e-10
Sigma: 30.09039544629418
Initial point 7. Random seed: 9792
Solving with ultrametric constraint
Optimal point found for initial point 7
Negative llh: 166.2705407928586
Dropout rate: 1.0000000000000002e-10
Silencing rate: 1.0000000000000007e-10
Sigma: 30.089717411107124
Initial point 8. Random seed: 5428
Solving with ultrametric constraint
Optimal point found for initial point 8
Negative llh: 166.27054114422566
Dropout rate: 1e-10
Silencing rate: 1.0000000000000002e-10
Sigma: 30.0919940004646
Initial point 9. Random seed: 8737
Solving with ultrametric constraint
Optimal point found for initial point 9
Negative llh: 166.2705410235942
Dropout rate: 2.176683119388975e-10
Silencing rate: 2.1208340528199228e-10
Sigma: 30.088967199079793
Initial point 10. Random seed: 6875
Solving with ultrametric constraint
Optimal point found for initial point 10
Negative llh: 166.2705411706645
Dropout rate: 5.763306695255326e-10
Silencing rate: 4.367564059287724e-10
Sigma: 30.089678257027046
Traceback (most recent call last):
  File "/u/gh2161/Spatial-Division/problin/run_problin.py", line 223, in <module>
    main()
  File "/u/gh2161/Spatial-Division/problin/run_problin.py", line 214, in main
    for cell in mySolver.params.displacement_amounts:
AttributeError: 'Params' object has no attribute 'displacement_amounts'
