Launching Problin version 0.5b
Problin was called as follow: /u/gh2161/problin/run_problin.py -c simulated_data/s5c5/k10_r4_character_matrix.csv -t simulated_data/s5c5/true_tree.nwk -S simulated_data/s5c5/leaf_locations.txt --delimiter comma -p simulated_data/s5c5/k10_priors.csv -o simulated_data/s5c5/k10_r4_spalin_leaves_newfelsen.txt --nInitials 10 --ultrametric --randomreps 3
Optimization by Spalin: Scipy-SLSQP using spatial information
Optimizing branch lengths, phi, and nu without topology search
Initial point 1. Random seed: 1891
Solving with ultrametric constraint
Optimal point found for initial point 1
Negative llh: 162.2707297616089
Dropout rate: 2.3758913809842334e-10
Silencing rate: 1.5421307685313885e-10
Sigma: 6.003261010590894
Initial point 2. Random seed: 7272
Solving with ultrametric constraint
Optimal point found for initial point 2
Negative llh: 162.27072994790285
Dropout rate: 1e-10
Silencing rate: 1e-10
Sigma: 6.003452492042628
Initial point 3. Random seed: 9023
Solving with ultrametric constraint
Optimal point found for initial point 3
Negative llh: 162.27073011575123
Dropout rate: 1e-10
Silencing rate: 1e-10
Sigma: 6.0031979292277535
Initial point 4. Random seed: 5709
Solving with ultrametric constraint
Optimal point found for initial point 4
Negative llh: 162.27072980301807
Dropout rate: 1.0000000000000007e-10
Silencing rate: 1.0000000000000007e-10
Sigma: 6.003370793722168
Initial point 5. Random seed: 3033
Solving with ultrametric constraint
Optimal point found for initial point 5
Negative llh: 162.27073018184973
Dropout rate: 1e-10
Silencing rate: 1e-10
Sigma: 6.002971587935273
Initial point 6. Random seed: 9725
Solving with ultrametric constraint
Optimal point found for initial point 6
Negative llh: 162.2707301265678
Dropout rate: 1.1837046368533608e-10
Silencing rate: 1.1255394244532556e-10
Sigma: 6.003669682688785
Initial point 7. Random seed: 6044
Solving with ultrametric constraint
Optimal point found for initial point 7
Negative llh: 162.27072987738813
Dropout rate: 1.0000000000000002e-10
Silencing rate: 1.0000000000000002e-10
Sigma: 6.003966193559698
Initial point 8. Random seed: 4291
Solving with ultrametric constraint
Optimal point found for initial point 8
Negative llh: 162.27073027747153
Dropout rate: 1e-10
Silencing rate: 1e-10
Sigma: 6.0026280263336815
Initial point 9. Random seed: 3318
Solving with ultrametric constraint
Optimal point found for initial point 9
Negative llh: 162.2707298866627
Dropout rate: 1e-10
Silencing rate: 1e-10
Sigma: 6.00349831984176
Initial point 10. Random seed: 7685
Solving with ultrametric constraint
Optimal point found for initial point 10
Negative llh: 162.27073068451904
Dropout rate: 1e-10
Silencing rate: 1e-10
Sigma: 6.004324723398318
Runtime (s): 104.86223392002285
