Launching Problin version 0.5b
Problin was called as follow: /u/gh2161/problin/run_problin.py -c simulated_data/s5c5/k10_r3_character_matrix.csv -t simulated_data/s5c5/true_tree.nwk --delimiter comma -p simulated_data/s5c5/k10_priors.csv -o simulated_data/s5c5/k10_r3_problin.txt --nInitials 10 --ultrametric --randomreps 3
Optimization by EM algorithm
Optimizing branch lengths, phi, and nu without topology search
Initial point 1. Random seed: 4165
Solving with ultrametric constraint
Initial phi: 0.26548955195169116. Initial nu: 0.6657179322323059. Initial nllh: 11833.04017621398
EM finished after 20 iterations.
Optimal point found for initial point 1
Negative llh: 75.13942675069943
Dropout rate: 0
Silencing rate: 9.412717918072466e-07
Initial point 2. Random seed: 2571
Solving with ultrametric constraint
Initial phi: 0.24850173616888468. Initial nu: 0.2775662468436999. Initial nllh: 130.45864871312952
EM finished after 16 iterations.
Optimal point found for initial point 2
Negative llh: 75.13942667413953
Dropout rate: 0
Silencing rate: 9.420753457112533e-07
Initial point 3. Random seed: 15
Solving with ultrametric constraint
Initial phi: 0.5639195520580079. Initial nu: 0.35636480402133924. Initial nllh: 211.00279277778398
EM finished after 16 iterations.
Optimal point found for initial point 3
Negative llh: 75.13942722261531
Dropout rate: 0
Silencing rate: 9.476074053540378e-07
Initial point 4. Random seed: 3452
Solving with ultrametric constraint
Initial phi: 0.4626561516091525. Initial nu: 0.40004290216090205. Initial nllh: 184.18027537813649
EM finished after 16 iterations.
Optimal point found for initial point 4
Negative llh: 75.13942761280694
Dropout rate: 0
Silencing rate: 9.520634414881272e-07
Initial point 5. Random seed: 4110
Solving with ultrametric constraint
Initial phi: 0.3714888152909338. Initial nu: 0.5916471795680577. Initial nllh: 172.81750659152297
EM finished after 17 iterations.
Optimal point found for initial point 5
Negative llh: 75.13942705303648
Dropout rate: 0
Silencing rate: 9.439116060515588e-07
Initial point 6. Random seed: 6996
Solving with ultrametric constraint
Initial phi: 0.9256767649790882. Initial nu: 0.27873308424087234. Initial nllh: 454.433311345859
EM finished after 15 iterations.
Optimal point found for initial point 6
Negative llh: 75.13942777346091
Dropout rate: 0
Silencing rate: 9.528915820828557e-07
Initial point 7. Random seed: 4759
Solving with ultrametric constraint
Initial phi: 0.7038025513643439. Initial nu: 0.10520275808862649. Initial nllh: 251.2891297989277
EM finished after 13 iterations.
Optimal point found for initial point 7
Negative llh: 75.13942706389071
Dropout rate: 0
Silencing rate: 9.450019197585388e-07
Initial point 8. Random seed: 2947
Solving with ultrametric constraint
Initial phi: 0.630010805208333. Initial nu: 0.27488228365180273. Initial nllh: 229.51372201826337
EM finished after 16 iterations.
Optimal point found for initial point 8
Negative llh: 75.13942676510192
Dropout rate: 0
Silencing rate: 9.438381436071444e-07
Initial point 9. Random seed: 2012
Solving with ultrametric constraint
Initial phi: 0.41036665105206216. Initial nu: 0.3506782022414883. Initial nllh: 168.4544732729935
EM finished after 17 iterations.
Optimal point found for initial point 9
Negative llh: 75.13942655916487
Dropout rate: 0
Silencing rate: 9.426062169997629e-07
Initial point 10. Random seed: 3887
Solving with ultrametric constraint
Initial phi: 0.26615665255256804. Initial nu: 0.12146292311633691. Initial nllh: 125.1692293224277
EM finished after 14 iterations.
Optimal point found for initial point 10
Negative llh: 75.13942662376772
Dropout rate: 0
Silencing rate: 9.418051550362211e-07
Traceback (most recent call last):
  File "/u/gh2161/problin/run_problin.py", line 193, in <module>
    main()
  File "/u/gh2161/problin/run_problin.py", line 172, in main
    fout.write("Sigma: " + str(opt_params['sigma']) + "\n")
KeyError: 'sigma'
