Launching Problin version 0.5b
Problin was called as follow: /u/gh2161/problin/run_problin.py -c simulated_data/s7c5/k10_r1_character_matrix.csv -t simulated_data/s7c5/true_tree.nwk -S simulated_data/s7c5/true_locations.txt --delimiter comma -p simulated_data/s7c5/k10_priors.csv -o simulated_data/s7c5/k10_r1_spalin_all.txt --nInitials 10 --ultrametric --randomreps 3
Optimization by Spalin: Scipy-SLSQP using spatial information
Optimizing branch lengths, phi, and nu without topology search
Initial point 1. Random seed: 7751
Solving with ultrametric constraint
Optimal point found for initial point 1
Negative llh: 203.83559470756865
Dropout rate: 4.426351250484564e-10
Silencing rate: 1.0313251860555953e-10
Sigma: 33.90036932714656
Initial point 2. Random seed: 2444
Solving with ultrametric constraint
Optimal point found for initial point 2
Negative llh: 203.83559470221485
Dropout rate: 2.75799886193974e-10
Silencing rate: 1.6972769417249432e-10
Sigma: 33.90235488888398
Initial point 3. Random seed: 9276
Solving with ultrametric constraint
Optimal point found for initial point 3
Negative llh: 203.83559443214165
Dropout rate: 1e-10
Silencing rate: 1e-10
Sigma: 33.90159601354132
Initial point 4. Random seed: 7894
Solving with ultrametric constraint
Optimal point found for initial point 4
Negative llh: 203.83559438520635
Dropout rate: 1.4437918938648524e-10
Silencing rate: 5.575326304868156e-10
Sigma: 33.901698702718264
Initial point 5. Random seed: 5642
Solving with ultrametric constraint
Optimal point found for initial point 5
Negative llh: 203.83559446837086
Dropout rate: 1.852246722434603e-10
Silencing rate: 1.7157507912554456e-10
Sigma: 33.90226133053022
Initial point 6. Random seed: 2972
Solving with ultrametric constraint
Optimal point found for initial point 6
Negative llh: 203.83559447141664
Dropout rate: 1e-10
Silencing rate: 1e-10
Sigma: 33.902197388372656
Initial point 7. Random seed: 5947
Solving with ultrametric constraint
Optimal point found for initial point 7
Negative llh: 203.8355950311067
Dropout rate: 1.0087900859029059e-10
Silencing rate: 1.0163566543259843e-10
Sigma: 33.900457729368824
Initial point 8. Random seed: 9806
Solving with ultrametric constraint
Optimal point found for initial point 8
Negative llh: 203.83559447982273
Dropout rate: 1.4697558232585505e-10
Silencing rate: 1.3467148349019307e-10
Sigma: 33.89895641989178
Initial point 9. Random seed: 8131
Solving with ultrametric constraint
Optimal point found for initial point 9
Negative llh: 203.83559446485123
Dropout rate: 1e-10
Silencing rate: 1e-10
Sigma: 33.900361441280744
Initial point 10. Random seed: 8433
Solving with ultrametric constraint
Optimal point found for initial point 10
Negative llh: 203.8355949495507
Dropout rate: 1e-10
Silencing rate: 1e-10
Sigma: 33.90077692084167
Runtime (s): 19.93520055990666
