Launching Problin version 0.5b
Problin was called as follow: /u/gh2161/Spatial-Division/problin/run_problin.py -c real_location_data/s7c5/k10_r2_character_matrix.csv -t real_location_data/s7c5/true_tree.nwk -S real_location_data/s7c5/leaf_locations.txt --delimiter comma -p real_location_data/s7c5/k10_priors.csv -o real_location_data/s7c5/k10_r2_spalin-divide-beta05.txt --nInitials 10 --ultrametric --randomreps 3 --divide --given_beta 0.5 --incl_beta_bound
Optimization by Spalin-Divide: Scipy-SLSQP using spatial information
Optimizing branch lengths, phi, and nu without topology search
Initial point 1. Random seed: 358
Solving with ultrametric constraint
Optimal point found for initial point 1
Negative llh: 166.1501469095041
Dropout rate: 1e-10
Silencing rate: 1e-10
Sigma: 6.95433472271942
Initial point 2. Random seed: 9870
Solving with ultrametric constraint
Optimal point found for initial point 2
Negative llh: 166.15023755548455
Dropout rate: 1e-10
Silencing rate: 1e-10
Sigma: 6.9539717487381765
Initial point 3. Random seed: 7858
Solving with ultrametric constraint
Optimal point found for initial point 3
Negative llh: 166.15014664239078
Dropout rate: 1.0000000000000002e-10
Silencing rate: 1e-10
Sigma: 6.954224494564219
Initial point 4. Random seed: 7462
Solving with ultrametric constraint
Optimal point found for initial point 4
Negative llh: 166.1502710068085
Dropout rate: 1.5438761383120726e-09
Silencing rate: 6.473353708379477e-10
Sigma: 6.954277822341785
Initial point 5. Random seed: 9059
Solving with ultrametric constraint
Optimal point found for initial point 5
Negative llh: 166.15014652966738
Dropout rate: 1.035082117788185e-10
Silencing rate: 1.0124994873931753e-10
Sigma: 6.954185999656261
Initial point 6. Random seed: 8465
Solving with ultrametric constraint
Optimal point found for initial point 6
Negative llh: 166.1501807679257
Dropout rate: 9.999999999999996e-11
Silencing rate: 1.0000000000000002e-10
Sigma: 6.953970410075296
Initial point 7. Random seed: 5113
Solving with ultrametric constraint
Optimal point found for initial point 7
Negative llh: 166.1501477625178
Dropout rate: 1.4251367193989106e-09
Silencing rate: 7.753700089933703e-10
Sigma: 6.95397921656943
Initial point 8. Random seed: 3058
Solving with ultrametric constraint
Optimal point found for initial point 8
Negative llh: 166.15014692536573
Dropout rate: 1.5526086073439999e-09
Silencing rate: 1.0367779036656891e-09
Sigma: 6.954157898426826
Initial point 9. Random seed: 597
Solving with ultrametric constraint
Optimal point found for initial point 9
Negative llh: 166.15014662901444
Dropout rate: 7.588562051573201e-10
Silencing rate: 4.555928410599641e-10
Sigma: 6.954193362498576
Initial point 10. Random seed: 9203
Solving with ultrametric constraint
Optimal point found for initial point 10
Negative llh: 166.15014664272186
Dropout rate: 3.6143592703662464e-10
Silencing rate: 1.6275406146403193e-10
Sigma: 6.954241248972272
Runtime (s): 290.1191250439733
