Launching Problin version 0.5b
Problin was called as follow: /u/gh2161/Spatial-Division/problin/run_problin.py -c real_location_data/s7c5/k10_r1_character_matrix.csv -t real_location_data/s7c5/true_tree.nwk -S real_location_data/s7c5/leaf_locations.txt --delimiter comma -p real_location_data/s7c5/k10_priors.csv -o real_location_data/s7c5/k10_r1_spalin-divide-ignore-beta.txt --nInitials 10 --ultrametric --randomreps 3 --divide
Optimization by Spalin-Divide: Scipy-SLSQP using spatial information
Optimizing branch lengths, phi, and nu without topology search
Initial point 1. Random seed: 5312
Solving with ultrametric constraint
Optimal point found for initial point 1
Negative llh: 162.52694034123618
Dropout rate: 1e-10
Silencing rate: 1e-10
Sigma: 6.3666379852325345
Initial point 2. Random seed: 1693
Solving with ultrametric constraint
Optimal point found for initial point 2
Negative llh: 162.52682105294713
Dropout rate: 1.0000000000000002e-10
Silencing rate: 1.0000000000000002e-10
Sigma: 6.367429832397216
Initial point 3. Random seed: 3555
Solving with ultrametric constraint
Optimal point found for initial point 3
Negative llh: 162.52682797000284
Dropout rate: 1.0000000000000002e-10
Silencing rate: 1.0000000000000002e-10
Sigma: 6.3670166150708285
Initial point 4. Random seed: 1476
Solving with ultrametric constraint
Optimal point found for initial point 4
Negative llh: 162.52682523197143
Dropout rate: 8.569513048706718e-10
Silencing rate: 5.187888092743971e-10
Sigma: 6.366727772066305
Initial point 5. Random seed: 5664
Solving with ultrametric constraint
Optimal point found for initial point 5
Negative llh: 162.5268334428785
Dropout rate: 1.0000000000000002e-10
Silencing rate: 1.0000000000000002e-10
Sigma: 6.367308628413277
Initial point 6. Random seed: 2339
Solving with ultrametric constraint
Optimal point found for initial point 6
Negative llh: 162.52682610294588
Dropout rate: 6.984342847980788e-10
Silencing rate: 4.347522572081232e-10
Sigma: 6.3667340098675815
Initial point 7. Random seed: 3684
Solving with ultrametric constraint
Optimal point found for initial point 7
Negative llh: 162.52682600096162
Dropout rate: 1.1987677671687117e-09
Silencing rate: 7.782530806764848e-10
Sigma: 6.366533044211747
Initial point 8. Random seed: 7371
Solving with ultrametric constraint
Optimal point found for initial point 8
Negative llh: 162.52682258518752
Dropout rate: 9.999999999999996e-11
Silencing rate: 9.999999999999996e-11
Sigma: 6.366777341473379
Initial point 9. Random seed: 9495
Solving with ultrametric constraint
Optimal point found for initial point 9
Negative llh: 162.52682860793365
Dropout rate: 1e-10
Silencing rate: 1e-10
Sigma: 6.3671180035559285
Initial point 10. Random seed: 7438
Solving with ultrametric constraint
Optimal point found for initial point 10
Negative llh: 162.5268265806485
Dropout rate: 1.0000000000000007e-10
Silencing rate: 9.999999999999996e-11
Sigma: 6.3665662969646695
Runtime (s): 543.5087738633156
