Launching Problin version 0.5b
Problin was called as follow: /u/gh2161/problin/run_problin.py -c simulated_data/s7c5/k10_r2_character_matrix.csv -t simulated_data/s7c5/true_tree.nwk -S simulated_data/s7c5/true_locations.txt --delimiter comma -p simulated_data/s7c5/k10_priors.csv -o simulated_data/s7c5/k10_r2_spalin_all.txt --nInitials 10 --ultrametric --randomreps 3
Optimization by Spalin: Scipy-SLSQP using spatial information
Optimizing branch lengths, phi, and nu without topology search
Initial point 1. Random seed: 4864
Solving with ultrametric constraint
Optimal point found for initial point 1
Negative llh: 206.11411565016502
Dropout rate: 2.0050974241483297e-10
Silencing rate: 1.2482152526642426e-10
Sigma: 38.784194438156476
Initial point 2. Random seed: 6221
Solving with ultrametric constraint
Optimal point found for initial point 2
Negative llh: 206.11411537790173
Dropout rate: 1e-10
Silencing rate: 1e-10
Sigma: 38.78483686765986
Initial point 3. Random seed: 1110
Solving with ultrametric constraint
Optimal point found for initial point 3
Negative llh: 206.1141155391179
Dropout rate: 1e-10
Silencing rate: 1e-10
Sigma: 38.7831084158007
Initial point 4. Random seed: 8714
Solving with ultrametric constraint
Optimal point found for initial point 4
Negative llh: 206.1141153109155
Dropout rate: 1e-10
Silencing rate: 1e-10
Sigma: 38.78420003801337
Initial point 5. Random seed: 9646
Solving with ultrametric constraint
Optimal point found for initial point 5
Negative llh: 206.11411535518002
Dropout rate: 1.2325972916428418e-10
Silencing rate: 1.314306642879496e-10
Sigma: 38.783535797564404
Initial point 6. Random seed: 7694
Solving with ultrametric constraint
Optimal point found for initial point 6
Negative llh: 204.48376514521283
Dropout rate: 1.0000000000000002e-10
Silencing rate: 1e-10
Sigma: 37.53457609475495
Initial point 7. Random seed: 1816
Solving with ultrametric constraint
Optimal point found for initial point 7
Negative llh: 204.4837650106112
Dropout rate: 1e-10
Silencing rate: 1e-10
Sigma: 37.53331267050861
Initial point 8. Random seed: 4321
Solving with ultrametric constraint
Optimal point found for initial point 8
Negative llh: 204.48376530812666
Dropout rate: 1e-10
Silencing rate: 1e-10
Sigma: 37.53417082169242
Initial point 9. Random seed: 2299
Solving with ultrametric constraint
Optimal point found for initial point 9
Negative llh: 204.48376586366965
Dropout rate: 1.009267562033171e-10
Silencing rate: 1.003837606636007e-10
Sigma: 37.52695029986161
Initial point 10. Random seed: 5699
Solving with ultrametric constraint
Optimal point found for initial point 10
Negative llh: 204.48376518847923
Dropout rate: 1e-10
Silencing rate: 1e-10
Sigma: 37.53534853539492
Runtime (s): 21.362285835202783
