Launching Problin version 0.5b
Problin was called as follow: /u/gh2161/Spatial-Division/problin/run_problin.py -c real_location_data/s7c5/k10_r5_character_matrix.csv -t real_location_data/s7c5/true_tree.nwk -S real_location_data/s7c5/leaf_locations.txt --delimiter comma -p real_location_data/s7c5/k10_priors.csv -o real_location_data/s7c5/k10_r5_spalin-divide-beta1.txt --nInitials 10 --ultrametric --randomreps 3 --divide --given_beta 1 --incl_beta_bound
Optimization by Spalin-Divide: Scipy-SLSQP using spatial information
Optimizing branch lengths, phi, and nu without topology search
Initial point 1. Random seed: 7596
Solving with ultrametric constraint
Optimal point found for initial point 1
Negative llh: 155.14966874539618
Dropout rate: 1e-10
Silencing rate: 1e-10
Sigma: 8.054278217223594
Initial point 2. Random seed: 2743
Solving with ultrametric constraint
Optimal point found for initial point 2
Negative llh: 155.14967469527633
Dropout rate: 3.9303737605153527e-10
Silencing rate: 2.5797921148908627e-10
Sigma: 8.054620628560993
Initial point 3. Random seed: 2275
Solving with ultrametric constraint
Optimal point found for initial point 3
Negative llh: 155.14966427583508
Dropout rate: 1e-10
Silencing rate: 1e-10
Sigma: 8.054353084782285
Initial point 4. Random seed: 933
Solving with ultrametric constraint
Optimal point found for initial point 4
Negative llh: 155.14967263961032
Dropout rate: 1e-10
Silencing rate: 1e-10
Sigma: 8.054499039426657
Initial point 5. Random seed: 2690
Solving with ultrametric constraint
Optimal point found for initial point 5
Negative llh: 155.149669528456
Dropout rate: 1e-10
Silencing rate: 1e-10
Sigma: 8.054412136810239
Initial point 6. Random seed: 414
Solving with ultrametric constraint
Optimal point found for initial point 6
Negative llh: 155.1496639803631
Dropout rate: 9.999999999999996e-11
Silencing rate: 1.0000000000000002e-10
Sigma: 8.054529754247874
Initial point 7. Random seed: 7464
Solving with ultrametric constraint
Optimal point found for initial point 7
Negative llh: 155.14966248477663
Dropout rate: 2.0467457436117479e-10
Silencing rate: 1.2650791479961625e-10
Sigma: 8.054547885132102
Initial point 8. Random seed: 2641
Solving with ultrametric constraint
Optimal point found for initial point 8
Negative llh: 155.14966837376468
Dropout rate: 8.34792324479044e-10
Silencing rate: 4.667952897902179e-10
Sigma: 8.054606399636514
Initial point 9. Random seed: 7687
Solving with ultrametric constraint
Optimal point found for initial point 9
Negative llh: 155.1496640905903
Dropout rate: 1.3450507115138037e-10
Silencing rate: 1.5180940189167555e-10
Sigma: 8.054460998415397
Initial point 10. Random seed: 3397
Solving with ultrametric constraint
Optimal point found for initial point 10
Negative llh: 155.14966628607937
Dropout rate: 1e-10
Silencing rate: 1e-10
Sigma: 8.05460234684773
Runtime (s): 348.9203348495066
