Launching Problin version 0.5b
Problin was called as follow: /u/gh2161/Spatial-Division/problin/run_problin.py -c real_location_data/s7c5/k10_r4_character_matrix.csv -t real_location_data/s7c5/true_tree.nwk -S real_location_data/s7c5/leaf_locations.txt --delimiter comma -p real_location_data/s7c5/k10_priors.csv -o real_location_data/s7c5/k10_r4_spalin-divide-beta1.txt --nInitials 10 --ultrametric --randomreps 3 --divide --given_beta 1 --incl_beta_bound
Optimization by Spalin-Divide: Scipy-SLSQP using spatial information
Optimizing branch lengths, phi, and nu without topology search
Initial point 1. Random seed: 167
Solving with ultrametric constraint
Optimal point found for initial point 1
Negative llh: 157.65752684945136
Dropout rate: 1e-10
Silencing rate: 1e-10
Sigma: 6.788421512629331
Initial point 2. Random seed: 2282
Solving with ultrametric constraint
Optimal point found for initial point 2
Negative llh: 157.65752684106036
Dropout rate: 1.0000000000000002e-10
Silencing rate: 1.0000000000000002e-10
Sigma: 6.788467201524651
Initial point 3. Random seed: 8297
Solving with ultrametric constraint
Optimal point found for initial point 3
Negative llh: 157.65752756130928
Dropout rate: 1.9443562271149033e-10
Silencing rate: 2.014656008386039e-10
Sigma: 6.788188212848358
Initial point 4. Random seed: 4862
Solving with ultrametric constraint
Optimal point found for initial point 4
Negative llh: 157.65752763244177
Dropout rate: 3.265386218540098e-10
Silencing rate: 2.851109383305477e-10
Sigma: 6.78918279413892
Initial point 5. Random seed: 9992
Solving with ultrametric constraint
Optimal point found for initial point 5
Negative llh: 157.65752679903198
Dropout rate: 2.1635779387640438e-10
Silencing rate: 1.5727167911694766e-10
Sigma: 6.788477904359411
Initial point 6. Random seed: 1410
Solving with ultrametric constraint
Optimal point found for initial point 6
Negative llh: 157.65752673732857
Dropout rate: 1.2875009460738521e-10
Silencing rate: 1.1446357131422235e-10
Sigma: 6.788464507267401
Initial point 7. Random seed: 4999
Solving with ultrametric constraint
Optimal point found for initial point 7
Negative llh: 157.65752677337093
Dropout rate: 1e-10
Silencing rate: 1e-10
Sigma: 6.78847108596721
Initial point 8. Random seed: 4491
Solving with ultrametric constraint
Optimal point found for initial point 8
Negative llh: 157.65752878271127
Dropout rate: 3.688276419680986e-10
Silencing rate: 2.4047832760358853e-10
Sigma: 6.788011000869317
Initial point 9. Random seed: 3430
Solving with ultrametric constraint
Optimal point found for initial point 9
Negative llh: 157.65752793709683
Dropout rate: 9.642007919857507e-10
Silencing rate: 6.743975942506499e-10
Sigma: 6.788078360308339
Initial point 10. Random seed: 9293
Solving with ultrametric constraint
Optimal point found for initial point 10
Negative llh: 157.65752797116133
Dropout rate: 1.0000000000000002e-10
Silencing rate: 1e-10
Sigma: 6.789183606470197
Runtime (s): 430.5018966589123
