Launching Problin version 0.5b
Problin was called as follow: /u/gh2161/Spatial-Division/problin/run_problin.py -c real_location_data/s7c5/k10_r4_character_matrix.csv -t real_location_data/s7c5/true_tree.nwk -S real_location_data/s7c5/leaf_locations.txt --delimiter comma -p real_location_data/s7c5/k10_priors.csv -o real_location_data/s7c5/k10_r4_spalin-divide-beta05.txt --nInitials 10 --ultrametric --randomreps 3 --divide --given_beta 0.5 --incl_beta_bound
Optimization by Spalin-Divide: Scipy-SLSQP using spatial information
Optimizing branch lengths, phi, and nu without topology search
Initial point 1. Random seed: 4333
Solving with ultrametric constraint
Optimal point found for initial point 1
Negative llh: 158.50344064667826
Dropout rate: 2.422322590659051e-10
Silencing rate: 1.5258797230493634e-10
Sigma: 6.879236179769234
Initial point 2. Random seed: 5250
Solving with ultrametric constraint
Optimal point found for initial point 2
Negative llh: 158.50344093128712
Dropout rate: 1.0000000000000007e-10
Silencing rate: 9.999999999999996e-11
Sigma: 6.879008089026865
Initial point 3. Random seed: 1275
Solving with ultrametric constraint
Optimal point found for initial point 3
Negative llh: 158.5034405411636
Dropout rate: 1e-10
Silencing rate: 1e-10
Sigma: 6.879164472445047
Initial point 4. Random seed: 9569
Solving with ultrametric constraint
Optimal point found for initial point 4
Negative llh: 158.5034410871012
Dropout rate: 9.225927076358559e-10
Silencing rate: 5.844608151030184e-10
Sigma: 6.879356166111963
Initial point 5. Random seed: 7301
Solving with ultrametric constraint
Optimal point found for initial point 5
Negative llh: 158.50344058901985
Dropout rate: 1e-10
Silencing rate: 1e-10
Sigma: 6.879170389499073
Initial point 6. Random seed: 1971
Solving with ultrametric constraint
Optimal point found for initial point 6
Negative llh: 158.50344099132528
Dropout rate: 1.3467172578734484e-09
Silencing rate: 7.886525808776536e-10
Sigma: 6.879179839007189
Initial point 7. Random seed: 6596
Solving with ultrametric constraint
Optimal point found for initial point 7
Negative llh: 158.5034405702393
Dropout rate: 1e-10
Silencing rate: 1e-10
Sigma: 6.879145357276291
Initial point 8. Random seed: 3413
Solving with ultrametric constraint
Optimal point found for initial point 8
Negative llh: 158.50344109925055
Dropout rate: 1.0040895989943505e-09
Silencing rate: 5.996370302831564e-10
Sigma: 6.879253044042688
Initial point 9. Random seed: 1249
Solving with ultrametric constraint
Optimal point found for initial point 9
Negative llh: 158.5034408137385
Dropout rate: 1e-10
Silencing rate: 1e-10
Sigma: 6.879067104345031
Initial point 10. Random seed: 8214
Solving with ultrametric constraint
Optimal point found for initial point 10
Negative llh: 158.5034407999037
Dropout rate: 6.637856506445718e-10
Silencing rate: 3.7522181382724855e-10
Sigma: 6.879035589403843
Runtime (s): 362.2582070361823
