Launching Problin version 0.5b
Problin was called as follow: /u/gh2161/problin/run_problin.py -c simulated_data/s16c1/k10_r1_character_matrix.csv -t simulated_data/s16c1/true_tree.nwk -S simulated_data/s16c1/leaf_locations.txt --delimiter comma -p simulated_data/s16c1/k10_priors.csv -o simulated_data/s16c1/k10_r1_spalin_leaves_newfelsen.txt --nInitials 10 --ultrametric --randomreps 3
Optimization by Spalin: Scipy-SLSQP using spatial information
Optimizing branch lengths, phi, and nu without topology search
Initial point 1. Random seed: 5093
Solving with ultrametric constraint
Optimal point found for initial point 1
Negative llh: 249.91049819174188
Dropout rate: 8.411704087415778e-10
Silencing rate: 4.164122536619639e-10
Sigma: 8.857205133883195
Initial point 2. Random seed: 9384
Solving with ultrametric constraint
Optimal point found for initial point 2
Negative llh: 249.91049808796043
Dropout rate: 1.4389733005807093e-10
Silencing rate: 2.2494625582100276e-10
Sigma: 8.856590496831295
Initial point 3. Random seed: 5355
Solving with ultrametric constraint
Optimal point found for initial point 3
Negative llh: 249.91049798879305
Dropout rate: 2.660617050872335e-10
Silencing rate: 2.036752175556245e-10
Sigma: 8.856311007279585
Initial point 4. Random seed: 888
Solving with ultrametric constraint
Optimal point found for initial point 4
Negative llh: 249.91049998000352
Dropout rate: 1.9705101677951883e-09
Silencing rate: 5.075127074872011e-09
Sigma: 8.857358457461359
Initial point 5. Random seed: 4322
Solving with ultrametric constraint
Optimal point found for initial point 5
Negative llh: 249.91049856488794
Dropout rate: 1e-10
Silencing rate: 1e-10
Sigma: 8.857775156901315
Initial point 6. Random seed: 5904
Solving with ultrametric constraint
Optimal point found for initial point 6
Negative llh: 249.910499015846
Dropout rate: 1.000000000000009e-10
Silencing rate: 9.999999999999924e-11
Sigma: 8.85610049634366
Initial point 7. Random seed: 3695
Solving with ultrametric constraint
Optimal point found for initial point 7
Negative llh: 249.91049786342865
Dropout rate: 1.0000000000000002e-10
Silencing rate: 1.0000000000000002e-10
Sigma: 8.856516716783226
Initial point 8. Random seed: 189
Solving with ultrametric constraint
Optimal point found for initial point 8
Negative llh: 249.9104981485262
Dropout rate: 1e-10
Silencing rate: 1e-10
Sigma: 8.856402603341872
Initial point 9. Random seed: 6612
Solving with ultrametric constraint
Optimal point found for initial point 9
Negative llh: 249.91049875101618
Dropout rate: 1.0000000000000007e-10
Silencing rate: 1.000000000000009e-10
Sigma: 8.85705076711503
Initial point 10. Random seed: 5213
Solving with ultrametric constraint
Optimal point found for initial point 10
Negative llh: 249.9104986796711
Dropout rate: 9.890730646390944e-10
Silencing rate: 1.1315521122455455e-09
Sigma: 8.856946614067356
Runtime (s): 258.0685291495174
