Launching Problin version 0.5b
Problin was called as follow: /u/gh2161/Spatial-Division/problin/run_problin.py -c real_location_data/s16c1/k10_r3_character_matrix.csv -t real_location_data/s16c1/true_tree.nwk -S real_location_data/s16c1/leaf_locations.txt --delimiter comma -p real_location_data/s16c1/k10_priors.csv -o real_location_data/s16c1/k10_r3_spalin-divide-beta3.txt --nInitials 10 --ultrametric --randomreps 3 --divide --given_beta 3 --incl_beta_bound
Optimization by Spalin-Divide: Scipy-SLSQP using spatial information
Optimizing branch lengths, phi, and nu without topology search
Initial point 1. Random seed: 9894
Solving with ultrametric constraint
Optimal point found for initial point 1
Negative llh: 287.7124670765161
Dropout rate: 1.9637934824089522e-10
Silencing rate: 1.4916098685093043e-10
Sigma: 5.084149975316196
Initial point 2. Random seed: 5502
Solving with ultrametric constraint
Optimal point found for initial point 2
Negative llh: 287.7124685692994
Dropout rate: 2.631528312478904e-10
Silencing rate: 1.8321084184135254e-10
Sigma: 5.084141811838469
Initial point 3. Random seed: 4674
Solving with ultrametric constraint
Optimal point found for initial point 3
Negative llh: 287.7124670780482
Dropout rate: 1.891191601193312e-10
Silencing rate: 1.4545993126310847e-10
Sigma: 5.084153405063402
Initial point 4. Random seed: 9661
Solving with ultrametric constraint
Optimal point found for initial point 4
Negative llh: 287.7124674293822
Dropout rate: 4.2317692622558076e-10
Silencing rate: 2.648554820008903e-10
Sigma: 5.0841625191363535
Initial point 5. Random seed: 1938
Solving with ultrametric constraint
Optimal point found for initial point 5
Negative llh: 287.7124671228558
Dropout rate: 1.1132981602351699e-10
Silencing rate: 1.0578088596431835e-10
Sigma: 5.084149896206614
Initial point 6. Random seed: 4893
Solving with ultrametric constraint
Optimal point found for initial point 6
Negative llh: 287.7124667949307
Dropout rate: 1.1434006997081632e-10
Silencing rate: 1.0731490609501293e-10
Sigma: 5.084155703941087
Initial point 7. Random seed: 99
Solving with ultrametric constraint
Optimal point found for initial point 7
Negative llh: 287.7124672233283
Dropout rate: 1.0456662174546127e-10
Silencing rate: 2.7565551664206067e-10
Sigma: 5.084132166343378
Initial point 8. Random seed: 3353
Solving with ultrametric constraint
Optimal point found for initial point 8
Negative llh: 287.71246707590944
Dropout rate: 9.999999999999996e-11
Silencing rate: 1.0000000000000002e-10
Sigma: 5.084149689331378
Initial point 9. Random seed: 498
Solving with ultrametric constraint
Fatal: failed to optimize using initial point 9
Initial point 10. Random seed: 8036
Solving with ultrametric constraint
Optimal point found for initial point 10
Negative llh: 287.71246696955444
Dropout rate: 1e-10
Silencing rate: 1e-10
Sigma: 5.084131176981324
Runtime (s): 2446.0076573250117
