Launching Problin version 0.5b
Problin was called as follow: /u/gh2161/problin/run_problin.py -c simulated_data/s16c1/k10_r1_character_matrix.csv -t simulated_data/s16c1/true_tree.nwk -S simulated_data/s16c1/true_locations.txt --delimiter comma -p simulated_data/s16c1/k10_priors.csv -o simulated_data/s16c1/k10_r1_spalin_all.txt --nInitials 10 --ultrametric --randomreps 3
Optimization by Spalin: Scipy-SLSQP using spatial information
Optimizing branch lengths, phi, and nu without topology search
Initial point 1. Random seed: 9878
Solving with ultrametric constraint
Optimal point found for initial point 1
Negative llh: 341.59000282318334
Dropout rate: 4.966331255352267e-10
Silencing rate: 7.048723380873905e-10
Sigma: 32.100689207552925
Initial point 2. Random seed: 9885
Solving with ultrametric constraint
Optimal point found for initial point 2
Negative llh: 341.5900031377765
Dropout rate: 2.582744988913405e-10
Silencing rate: 4.6318374693013164e-10
Sigma: 32.09994500134903
Initial point 3. Random seed: 9096
Solving with ultrametric constraint
Optimal point found for initial point 3
Negative llh: 341.5900032271031
Dropout rate: 1.236217253994059e-10
Silencing rate: 1.4230822839495365e-10
Sigma: 32.09931869005269
Initial point 4. Random seed: 7578
Solving with ultrametric constraint
Optimal point found for initial point 4
Negative llh: 341.5900029838617
Dropout rate: 1.9929863685685268e-10
Silencing rate: 3.9455359931626875e-10
Sigma: 32.09945299186186
Initial point 5. Random seed: 3155
Solving with ultrametric constraint
Optimal point found for initial point 5
Negative llh: 341.5900034876189
Dropout rate: 2.898929267973127e-10
Silencing rate: 9.072012277648151e-10
Sigma: 32.10171913800412
Initial point 6. Random seed: 9442
Solving with ultrametric constraint
Optimal point found for initial point 6
Negative llh: 341.59000260381646
Dropout rate: 1.0000000000000007e-10
Silencing rate: 1.0000000000000007e-10
Sigma: 32.10145213015
Initial point 7. Random seed: 7952
Solving with ultrametric constraint
Optimal point found for initial point 7
Negative llh: 341.5900027618225
Dropout rate: 1.0000000000000007e-10
Silencing rate: 1.0000000000000007e-10
Sigma: 32.101566643459044
Initial point 8. Random seed: 5851
Solving with ultrametric constraint
Optimal point found for initial point 8
Negative llh: 341.59000275183024
Dropout rate: 1e-10
Silencing rate: 1e-10
Sigma: 32.10325730946241
Initial point 9. Random seed: 4890
Solving with ultrametric constraint
Optimal point found for initial point 9
Negative llh: 341.5900026826579
Dropout rate: 1e-10
Silencing rate: 1e-10
Sigma: 32.10181825125067
Initial point 10. Random seed: 2525
Solving with ultrametric constraint
Optimal point found for initial point 10
Negative llh: 341.5900033059428
Dropout rate: 3.0531426594681422e-09
Silencing rate: 1.6180620166430707e-09
Sigma: 32.101262136790844
Runtime (s): 30.895099070854485
