Launching Problin version 0.5b
Problin was called as follow: /u/gh2161/Spatial-Division/problin/run_problin.py -c real_location_data/s16c1/k10_r3_character_matrix.csv -t real_location_data/s16c1/true_tree.nwk -S real_location_data/s16c1/leaf_locations.txt --delimiter comma -p real_location_data/s16c1/k10_priors.csv -o real_location_data/s16c1/k10_r3_spalin-divide-beta05.txt --nInitials 10 --ultrametric --randomreps 3 --divide --given_beta 0.5 --incl_beta_bound
Optimization by Spalin-Divide: Scipy-SLSQP using spatial information
Optimizing branch lengths, phi, and nu without topology search
Initial point 1. Random seed: 4535
Solving with ultrametric constraint
Optimal point found for initial point 1
Negative llh: 296.138548901294
Dropout rate: 1.0000000000000007e-10
Silencing rate: 9.999999999999996e-11
Sigma: 5.464351377710017
Initial point 2. Random seed: 3493
Solving with ultrametric constraint
Optimal point found for initial point 2
Negative llh: 296.1385494558393
Dropout rate: 1.0000000000000007e-10
Silencing rate: 1.0000000000000007e-10
Sigma: 5.464347327610725
Initial point 3. Random seed: 5597
Solving with ultrametric constraint
Optimal point found for initial point 3
Negative llh: 296.13854834291
Dropout rate: 1.0000000000000002e-10
Silencing rate: 9.999999999999996e-11
Sigma: 5.4644139869418975
Initial point 4. Random seed: 5753
Solving with ultrametric constraint
Optimal point found for initial point 4
Negative llh: 296.13854832169926
Dropout rate: 2.321445669628919e-10
Silencing rate: 1.6912649316966826e-10
Sigma: 5.464405848912278
Initial point 5. Random seed: 586
Solving with ultrametric constraint
Optimal point found for initial point 5
Negative llh: 296.13854961695483
Dropout rate: 1.0000000000000007e-10
Silencing rate: 9.999999999999996e-11
Sigma: 5.464098427831227
Initial point 6. Random seed: 492
Solving with ultrametric constraint
Optimal point found for initial point 6
Negative llh: 296.1385489945879
Dropout rate: 4.4381162609670226e-10
Silencing rate: 2.7989588322072753e-10
Sigma: 5.464401308734834
Initial point 7. Random seed: 2259
Solving with ultrametric constraint
Optimal point found for initial point 7
Negative llh: 296.1385515061351
Dropout rate: 3.897138279612425e-10
Silencing rate: 2.735713950330519e-10
Sigma: 5.464387637876197
Initial point 8. Random seed: 838
Solving with ultrametric constraint
Optimal point found for initial point 8
Negative llh: 296.13855812433934
Dropout rate: 1.0000000000000007e-10
Silencing rate: 1.0000000000000007e-10
Sigma: 5.4644875163475035
Initial point 9. Random seed: 9325
Solving with ultrametric constraint
Optimal point found for initial point 9
Negative llh: 296.1385531682876
Dropout rate: 1e-10
Silencing rate: 1e-10
Sigma: 5.464422755657693
Initial point 10. Random seed: 796
Solving with ultrametric constraint
Optimal point found for initial point 10
Negative llh: 296.1385487499445
Dropout rate: 2.8288186523136215e-10
Silencing rate: 1.9569141479877159e-10
Sigma: 5.464398207834801
Runtime (s): 1014.125416982919
