Launching Problin version 0.5b
Problin was called as follow: /u/gh2161/problin/run_problin.py -c simulated_data/s16c1/k10_r5_character_matrix.csv -t simulated_data/s16c1/true_tree.nwk -S simulated_data/s16c1/true_locations.txt --delimiter comma -p simulated_data/s16c1/k10_priors.csv -o simulated_data/s16c1/k10_r5_spalin_all.txt --nInitials 10 --ultrametric --randomreps 3
Optimization by Spalin: Scipy-SLSQP using spatial information
Optimizing branch lengths, phi, and nu without topology search
Initial point 1. Random seed: 7104
Solving with ultrametric constraint
Optimal point found for initial point 1
Negative llh: 342.0747239863973
Dropout rate: 1.0000000000000007e-10
Silencing rate: 1.0000000000000002e-10
Sigma: 34.20819963105499
Initial point 2. Random seed: 2038
Solving with ultrametric constraint
Optimal point found for initial point 2
Negative llh: 342.0747241129776
Dropout rate: 1e-10
Silencing rate: 1e-10
Sigma: 34.20887316412205
Initial point 3. Random seed: 3028
Solving with ultrametric constraint
Optimal point found for initial point 3
Negative llh: 342.0747243483698
Dropout rate: 8.720575830521854e-10
Silencing rate: 1.3977082691307772e-09
Sigma: 34.20835772597591
Initial point 4. Random seed: 1182
Solving with ultrametric constraint
Optimal point found for initial point 4
Negative llh: 342.07472431207117
Dropout rate: 1.0000000000000007e-10
Silencing rate: 1.0000000000000007e-10
Sigma: 34.20844155684731
Initial point 5. Random seed: 8188
Solving with ultrametric constraint
Optimal point found for initial point 5
Negative llh: 342.0747240420264
Dropout rate: 1.0000000000000002e-10
Silencing rate: 9.999999999999996e-11
Sigma: 34.20844722770975
Initial point 6. Random seed: 4719
Solving with ultrametric constraint
Optimal point found for initial point 6
Negative llh: 342.07472461542085
Dropout rate: 1.6448446468983993e-09
Silencing rate: 1.0460193335792498e-09
Sigma: 34.20775923501528
Initial point 7. Random seed: 8571
Solving with ultrametric constraint
Optimal point found for initial point 7
Negative llh: 342.0747269936101
Dropout rate: 1.000000000000009e-10
Silencing rate: 9.999999999999429e-11
Sigma: 34.21639639527506
Initial point 8. Random seed: 1860
Solving with ultrametric constraint
Optimal point found for initial point 8
Negative llh: 342.0747296806864
Dropout rate: 1.0541793938589794e-10
Silencing rate: 1.0194800021749303e-10
Sigma: 34.20595081620407
Initial point 9. Random seed: 1391
Solving with ultrametric constraint
Optimal point found for initial point 9
Negative llh: 342.0747239973579
Dropout rate: 1.0000000000000002e-10
Silencing rate: 1e-10
Sigma: 34.208635841687965
Initial point 10. Random seed: 7398
Solving with ultrametric constraint
Optimal point found for initial point 10
Negative llh: 342.07472432721664
Dropout rate: 4.265559020400637e-10
Silencing rate: 1.4351478663623301e-09
Sigma: 34.20809025751792
Runtime (s): 27.74603081913665
