Launching Problin version 0.5b
Problin was called as follow: /u/gh2161/Spatial-Division/problin/run_problin.py -c real_location_data/s16c1/k10_r2_character_matrix.csv -t real_location_data/s16c1/true_tree.nwk -S real_location_data/s16c1/leaf_locations.txt --delimiter comma -p real_location_data/s16c1/k10_priors.csv -o real_location_data/s16c1/k10_r2_spalin-divide-beta3.txt --nInitials 10 --ultrametric --randomreps 3 --divide --given_beta 3 --incl_beta_bound
Optimization by Spalin-Divide: Scipy-SLSQP using spatial information
Optimizing branch lengths, phi, and nu without topology search
Initial point 1. Random seed: 1446
Solving with ultrametric constraint
Optimal point found for initial point 1
Negative llh: 248.50970569960663
Dropout rate: 2.676349767255903e-10
Silencing rate: 1.9650156286051832e-10
Sigma: 5.194236769276671
Initial point 2. Random seed: 2692
Solving with ultrametric constraint
Optimal point found for initial point 2
Negative llh: 248.50971156647304
Dropout rate: 7.22672854977536e-10
Silencing rate: 4.5019544852353457e-10
Sigma: 5.194269243494912
Initial point 3. Random seed: 2561
Solving with ultrametric constraint
Fatal: failed to optimize using initial point 3
Initial point 4. Random seed: 6387
Solving with ultrametric constraint
Optimal point found for initial point 4
Negative llh: 248.5097027224923
Dropout rate: 5.47169106773859e-10
Silencing rate: 3.5137632276509855e-10
Sigma: 5.194112637585054
Initial point 5. Random seed: 3507
Solving with ultrametric constraint
Optimal point found for initial point 5
Negative llh: 248.50969675537416
Dropout rate: 1.0008403997341116e-10
Silencing rate: 1.0004731991344824e-10
Sigma: 5.194165666352563
Initial point 6. Random seed: 6751
Solving with ultrametric constraint
Optimal point found for initial point 6
Negative llh: 248.5096971630611
Dropout rate: 4.5567572765904896e-10
Silencing rate: 2.999954533539668e-10
Sigma: 5.194181572556447
Initial point 7. Random seed: 410
Solving with ultrametric constraint
Optimal point found for initial point 7
Negative llh: 248.509696934264
Dropout rate: 2.2218808924214168e-10
Silencing rate: 2.2015141668923258e-10
Sigma: 5.194156010470807
Initial point 8. Random seed: 9773
Solving with ultrametric constraint
Optimal point found for initial point 8
Negative llh: 248.50970561807995
Dropout rate: 1.4460833485186434e-10
Silencing rate: 1.250837753346374e-10
Sigma: 5.194192581082519
Initial point 9. Random seed: 8611
Solving with ultrametric constraint
Optimal point found for initial point 9
Negative llh: 248.50969652534067
Dropout rate: 1.0175363365071186e-10
Silencing rate: 1.0098623782669988e-10
Sigma: 5.194156383096859
Initial point 10. Random seed: 1600
Solving with ultrametric constraint
Optimal point found for initial point 10
Negative llh: 248.50971728022517
Dropout rate: 1.0819133896806961e-09
Silencing rate: 1.4075991052443155e-09
Sigma: 5.1943331886304245
Runtime (s): 2716.687196765095
