Launching Problin version 0.5b
Problin was called as follow: /u/gh2161/problin/run_problin.py -c simulated_data/s16c1/k10_r3_character_matrix.csv -t simulated_data/s16c1/true_tree.nwk --delimiter comma -p simulated_data/s16c1/k10_priors.csv -o simulated_data/s16c1/k10_r3_problin.txt --nInitials 10 --ultrametric --randomreps 3
Optimization by EM algorithm
Optimizing branch lengths, phi, and nu without topology search
Initial point 1. Random seed: 2617
Solving with ultrametric constraint
Initial phi: 0.5262622013908216. Initial nu: 0.24443686426683878. Initial nllh: 9684.908148585093
EM finished after 40 iterations.
Optimal point found for initial point 1
Negative llh: 115.91195296084143
Dropout rate: 0
Silencing rate: 7.2640569990418e-07
Initial point 2. Random seed: 7070
Solving with ultrametric constraint
Initial phi: 0.31807041410703085. Initial nu: 0.00030586474027654464. Initial nllh: 196.34054952828615
EM finished after 3 iterations.
Optimal point found for initial point 2
Negative llh: 115.91194999705642
Dropout rate: 0
Silencing rate: 7.206846981621931e-07
Initial point 3. Random seed: 5789
Solving with ultrametric constraint
Initial phi: 0.7999689955154824. Initial nu: 0.034817896621398246. Initial nllh: 457.80172871162296
EM finished after 9 iterations.
Optimal point found for initial point 3
Negative llh: 115.91195723284466
Dropout rate: 0
Silencing rate: 7.255132331856942e-07
Initial point 4. Random seed: 9071
Solving with ultrametric constraint
Initial phi: 0.1054483358105304. Initial nu: 0.21947977526563. Initial nllh: 164.15086799700995
EM finished after 24 iterations.
Optimal point found for initial point 4
Negative llh: 115.9119553937246
Dropout rate: 0
Silencing rate: 7.250657074993556e-07
Initial point 5. Random seed: 8470
Solving with ultrametric constraint
Initial phi: 0.5099466207852268. Initial nu: 0.5953934107080426. Initial nllh: 333.0735245879873
EM finished after 33 iterations.
Optimal point found for initial point 5
Negative llh: 115.91195128537908
Dropout rate: 0
Silencing rate: 7.21271063783937e-07
Initial point 6. Random seed: 2223
Solving with ultrametric constraint
Initial phi: 0.4042847067234686. Initial nu: 0.6698127391342119. Initial nllh: 300.4950392617984
EM finished after 32 iterations.
Optimal point found for initial point 6
Negative llh: 115.91195387678808
Dropout rate: 0
Silencing rate: 7.264313581496388e-07
Initial point 7. Random seed: 6526
Solving with ultrametric constraint
Initial phi: 0.33279349956188686. Initial nu: 0.8762451923549216. Initial nllh: 300.05570290606005
EM finished after 32 iterations.
Optimal point found for initial point 7
Negative llh: 115.91195636142068
Dropout rate: 0
Silencing rate: 7.269868835395978e-07
Initial point 8. Random seed: 8815
Solving with ultrametric constraint
Initial phi: 0.16883797993324537. Initial nu: 0.8223361707871932. Initial nllh: 247.81127714778887
EM finished after 31 iterations.
Optimal point found for initial point 8
Negative llh: 115.91195816341286
Dropout rate: 0
Silencing rate: 7.257443625069004e-07
Initial point 9. Random seed: 9987
Solving with ultrametric constraint
Initial phi: 0.8803353805059557. Initial nu: 0.523479918716976. Initial nllh: 620.9968657693848
EM finished after 31 iterations.
Optimal point found for initial point 9
Negative llh: 115.91195338946376
Dropout rate: 0
Silencing rate: 7.260877242345784e-07
Initial point 10. Random seed: 6774
Solving with ultrametric constraint
Initial phi: 0.11476146126244234. Initial nu: 0.19183177510742536. Initial nllh: 163.22045550324617
EM finished after 19 iterations.
Optimal point found for initial point 10
Negative llh: 115.91196694150018
Dropout rate: 0
Silencing rate: 7.258347274231849e-07
Traceback (most recent call last):
  File "/u/gh2161/problin/run_problin.py", line 193, in <module>
    main()
  File "/u/gh2161/problin/run_problin.py", line 172, in main
    fout.write("Sigma: " + str(opt_params['sigma']) + "\n")
KeyError: 'sigma'
