Launching Problin version 0.5b
Problin was called as follow: /u/gh2161/Spatial-Division/problin/run_problin.py -c real_location_data/s2c10/k10_r3_character_matrix.csv -t real_location_data/s2c10/true_tree.nwk -S real_location_data/s2c10/leaf_locations.txt --delimiter comma -p real_location_data/s2c10/k10_priors.csv -o real_location_data/s2c10/k10_r3_spalin-divide-ignore-beta.txt --nInitials 10 --ultrametric --randomreps 3 --divide
Optimization by Spalin-Divide: Scipy-SLSQP using spatial information
Optimizing branch lengths, phi, and nu without topology search
Initial point 1. Random seed: 6473
Solving with ultrametric constraint
Optimal point found for initial point 1
Negative llh: 168.11651174289796
Dropout rate: 1.0000000000000002e-10
Silencing rate: 1.0000000000000002e-10
Sigma: 6.1711887115540485
Initial point 2. Random seed: 2660
Solving with ultrametric constraint
Optimal point found for initial point 2
Negative llh: 168.1165135161126
Dropout rate: 1.0000000000000007e-10
Silencing rate: 1.0000000000000007e-10
Sigma: 6.171294551507891
Initial point 3. Random seed: 910
Solving with ultrametric constraint
Optimal point found for initial point 3
Negative llh: 168.11651300231551
Dropout rate: 1.821977123801741e-10
Silencing rate: 1.5256750310237535e-10
Sigma: 6.171707857234795
Initial point 4. Random seed: 2408
Solving with ultrametric constraint
Optimal point found for initial point 4
Negative llh: 168.11651252463554
Dropout rate: 1.0000000000000002e-10
Silencing rate: 1.0000000000000002e-10
Sigma: 6.1718084409579
Initial point 5. Random seed: 6979
Solving with ultrametric constraint
Optimal point found for initial point 5
Negative llh: 168.11652776376872
Dropout rate: 1e-10
Silencing rate: 1e-10
Sigma: 6.169929135241211
Initial point 6. Random seed: 5772
Solving with ultrametric constraint
Optimal point found for initial point 6
Negative llh: 168.11651211448128
Dropout rate: 1.5633843891084356e-10
Silencing rate: 1.1839129429779097e-10
Sigma: 6.17179263262524
Initial point 7. Random seed: 3903
Solving with ultrametric constraint
Optimal point found for initial point 7
Negative llh: 168.1165116194889
Dropout rate: 1.0000000000000002e-10
Silencing rate: 1.0000000000000002e-10
Sigma: 6.171443729050809
Initial point 8. Random seed: 8461
Solving with ultrametric constraint
Optimal point found for initial point 8
Negative llh: 168.1165121844745
Dropout rate: 1.7703843194640594e-09
Silencing rate: 1.3354656000939017e-09
Sigma: 6.1717985164843405
Initial point 9. Random seed: 3568
Solving with ultrametric constraint
Optimal point found for initial point 9
Negative llh: 168.11651143979583
Dropout rate: 1e-10
Silencing rate: 1e-10
Sigma: 6.1715369191919836
Initial point 10. Random seed: 8383
Solving with ultrametric constraint
Optimal point found for initial point 10
Negative llh: 168.11651158362628
Dropout rate: 1e-10
Silencing rate: 1e-10
Sigma: 6.171350799422177
Runtime (s): 250.59291624836624
