Launching Problin version 0.5b
Problin was called as follow: /u/gh2161/Spatial-Division/problin/run_problin.py -c real_location_data/s2c10/k10_r3_character_matrix.csv -t real_location_data/s2c10/true_tree.nwk -S real_location_data/s2c10/leaf_locations.txt --delimiter comma -p real_location_data/s2c10/k10_priors.csv -o real_location_data/s2c10/k10_r3_spalin-divide-beta1.txt --nInitials 10 --ultrametric --randomreps 3 --divide --given_beta 1 --incl_beta_bound
Optimization by Spalin-Divide: Scipy-SLSQP using spatial information
Optimizing branch lengths, phi, and nu without topology search
Initial point 1. Random seed: 6204
Solving with ultrametric constraint
Optimal point found for initial point 1
Negative llh: 168.40135963125675
Dropout rate: 1.0000000000000002e-10
Silencing rate: 1.0000000000000002e-10
Sigma: 6.203743022403939
Initial point 2. Random seed: 2200
Solving with ultrametric constraint
Optimal point found for initial point 2
Negative llh: 168.40135716156675
Dropout rate: 1e-10
Silencing rate: 1e-10
Sigma: 6.20313846338596
Initial point 3. Random seed: 8551
Solving with ultrametric constraint
Optimal point found for initial point 3
Negative llh: 168.40135663935865
Dropout rate: 1e-10
Silencing rate: 1e-10
Sigma: 6.2032558144061305
Initial point 4. Random seed: 7317
Solving with ultrametric constraint
Optimal point found for initial point 4
Negative llh: 168.4013579946615
Dropout rate: 1.036167050246921e-09
Silencing rate: 7.659564266624633e-10
Sigma: 6.202782736446384
Initial point 5. Random seed: 9965
Solving with ultrametric constraint
Optimal point found for initial point 5
Negative llh: 168.401356453566
Dropout rate: 1.737894176680932e-10
Silencing rate: 1.328303747343125e-10
Sigma: 6.203170836899864
Initial point 6. Random seed: 1957
Solving with ultrametric constraint
Optimal point found for initial point 6
Negative llh: 168.40135636441363
Dropout rate: 1e-10
Silencing rate: 1e-10
Sigma: 6.203276793898026
Initial point 7. Random seed: 2907
Solving with ultrametric constraint
Optimal point found for initial point 7
Negative llh: 168.40135655383415
Dropout rate: 7.600950101641364e-10
Silencing rate: 3.215663467967719e-10
Sigma: 6.203149942564896
Initial point 8. Random seed: 1459
Solving with ultrametric constraint
Optimal point found for initial point 8
Negative llh: 168.4013573158339
Dropout rate: 1e-10
Silencing rate: 1e-10
Sigma: 6.2032395358954195
Initial point 9. Random seed: 5465
Solving with ultrametric constraint
Optimal point found for initial point 9
Negative llh: 168.40135644855718
Dropout rate: 1.4774221493959818e-10
Silencing rate: 1.7348018090810393e-10
Sigma: 6.203309359648642
Initial point 10. Random seed: 9916
Solving with ultrametric constraint
Optimal point found for initial point 10
Negative llh: 168.401356916534
Dropout rate: 6.525237185928061e-10
Silencing rate: 4.602425523722045e-10
Sigma: 6.2033718281190735
Runtime (s): 542.6474272720225
