Launching Problin version 0.5b
Problin was called as follow: /u/gh2161/problin/run_problin.py -c simulated_data/s2c10/k10_r2_character_matrix.csv -t simulated_data/s2c10/true_tree.nwk -S simulated_data/s2c10/leaf_locations.txt --delimiter comma -p simulated_data/s2c10/k10_priors.csv -o simulated_data/s2c10/k10_r2_spalin_leaves_newfelsen.txt --nInitials 10 --ultrametric --randomreps 3
Optimization by Spalin: Scipy-SLSQP using spatial information
Optimizing branch lengths, phi, and nu without topology search
Initial point 1. Random seed: 8866
Solving with ultrametric constraint
Optimal point found for initial point 1
Negative llh: 141.68398324498662
Dropout rate: 4.1142319259730706e-10
Silencing rate: 2.3775319955734243e-10
Sigma: 12.59415294890919
Initial point 2. Random seed: 3166
Solving with ultrametric constraint
Optimal point found for initial point 2
Negative llh: 141.68398352737984
Dropout rate: 1.8150423453679067e-09
Silencing rate: 3.500391799115098e-10
Sigma: 12.590665934624898
Initial point 3. Random seed: 4057
Solving with ultrametric constraint
Optimal point found for initial point 3
Negative llh: 141.68398365886708
Dropout rate: 1.2385362382782156e-09
Silencing rate: 2.5785696527874327e-10
Sigma: 12.593851610735262
Initial point 4. Random seed: 8352
Solving with ultrametric constraint
Optimal point found for initial point 4
Negative llh: 141.6839833060203
Dropout rate: 1.0833142223096476e-10
Silencing rate: 1.187676833712709e-10
Sigma: 12.594883785070287
Initial point 5. Random seed: 8248
Solving with ultrametric constraint
Optimal point found for initial point 5
Negative llh: 141.68398309517713
Dropout rate: 1e-10
Silencing rate: 1e-10
Sigma: 12.593620271750538
Initial point 6. Random seed: 6259
Solving with ultrametric constraint
Optimal point found for initial point 6
Negative llh: 141.68398318972612
Dropout rate: 1.8475467623598803e-10
Silencing rate: 5.10537061003265e-10
Sigma: 12.593419776391142
Initial point 7. Random seed: 297
Solving with ultrametric constraint
Optimal point found for initial point 7
Negative llh: 141.6839831193251
Dropout rate: 1e-10
Silencing rate: 1e-10
Sigma: 12.594781236298907
Initial point 8. Random seed: 4352
Solving with ultrametric constraint
Optimal point found for initial point 8
Negative llh: 141.6839831027454
Dropout rate: 1e-10
Silencing rate: 1e-10
Sigma: 12.59308830867522
Initial point 9. Random seed: 9946
Solving with ultrametric constraint
Optimal point found for initial point 9
Negative llh: 141.6839841276615
Dropout rate: 8.178430042662148e-09
Silencing rate: 2.4238224942336044e-09
Sigma: 12.593905643059237
Initial point 10. Random seed: 6991
Solving with ultrametric constraint
Optimal point found for initial point 10
Negative llh: 141.68398326128897
Dropout rate: 1.0000000000000002e-10
Silencing rate: 1.0000000000000007e-10
Sigma: 12.592817300369445
Runtime (s): 63.03165076486766
