Launching Problin version 0.5b
Problin was called as follow: /u/gh2161/Spatial-Division/problin/run_problin.py -c real_location_data/s2c10/k10_r5_character_matrix.csv -t real_location_data/s2c10/true_tree.nwk -S real_location_data/s2c10/leaf_locations.txt --delimiter comma -p real_location_data/s2c10/k10_priors.csv -o real_location_data/s2c10/k10_r5_spalin-divide-ignore-beta.txt --nInitials 10 --ultrametric --randomreps 3 --divide
Optimization by Spalin-Divide: Scipy-SLSQP using spatial information
Optimizing branch lengths, phi, and nu without topology search
Initial point 1. Random seed: 5200
Solving with ultrametric constraint
Optimal point found for initial point 1
Negative llh: 166.6874682842327
Dropout rate: 9.999999999999996e-11
Silencing rate: 1.0000000000000002e-10
Sigma: 5.921006163674593
Initial point 2. Random seed: 3305
Solving with ultrametric constraint
Optimal point found for initial point 2
Negative llh: 166.6874657875812
Dropout rate: 1e-10
Silencing rate: 1e-10
Sigma: 5.920774513963544
Initial point 3. Random seed: 8525
Solving with ultrametric constraint
Optimal point found for initial point 3
Negative llh: 166.6874734621257
Dropout rate: 1e-10
Silencing rate: 1e-10
Sigma: 5.921479955822413
Initial point 4. Random seed: 8011
Solving with ultrametric constraint
Optimal point found for initial point 4
Negative llh: 166.68746697210656
Dropout rate: 8.921464696029933e-10
Silencing rate: 5.688436178649233e-10
Sigma: 5.921168117550551
Initial point 5. Random seed: 8584
Solving with ultrametric constraint
Optimal point found for initial point 5
Negative llh: 166.68747776453273
Dropout rate: 1e-10
Silencing rate: 1e-10
Sigma: 5.921399587090925
Initial point 6. Random seed: 9390
Solving with ultrametric constraint
Optimal point found for initial point 6
Negative llh: 166.68746639655274
Dropout rate: 1e-10
Silencing rate: 1e-10
Sigma: 5.920790459326103
Initial point 7. Random seed: 4893
Solving with ultrametric constraint
Optimal point found for initial point 7
Negative llh: 166.68746712972793
Dropout rate: 4.0833380922421475e-10
Silencing rate: 2.7757762129285986e-10
Sigma: 5.920202102308798
Initial point 8. Random seed: 3325
Solving with ultrametric constraint
Optimal point found for initial point 8
Negative llh: 166.6874669991788
Dropout rate: 1e-10
Silencing rate: 1e-10
Sigma: 5.920987927384182
Initial point 9. Random seed: 9010
Solving with ultrametric constraint
Optimal point found for initial point 9
Negative llh: 166.68746621457768
Dropout rate: 1e-10
Silencing rate: 1e-10
Sigma: 5.9207741320079625
Initial point 10. Random seed: 5537
Solving with ultrametric constraint
Optimal point found for initial point 10
Negative llh: 166.68746740341243
Dropout rate: 5.16674900511302e-10
Silencing rate: 3.796915120023992e-10
Sigma: 5.9206000347632335
Runtime (s): 210.21579689905047
