Launching Problin version 0.5b
Problin was called as follow: /u/gh2161/Spatial-Division/problin/run_problin.py -c real_location_data/s2c10/k10_r5_character_matrix.csv -t real_location_data/s2c10/true_tree.nwk -S real_location_data/s2c10/leaf_locations.txt --delimiter comma -p real_location_data/s2c10/k10_priors.csv -o real_location_data/s2c10/k10_r5_spalin-divide-beta3.txt --nInitials 10 --ultrametric --randomreps 3 --divide --given_beta 3 --incl_beta_bound
Optimization by Spalin-Divide: Scipy-SLSQP using spatial information
Optimizing branch lengths, phi, and nu without topology search
Initial point 1. Random seed: 3699
Solving with ultrametric constraint
Optimal point found for initial point 1
Negative llh: 163.56824049730295
Dropout rate: 1.601945971946049e-10
Silencing rate: 1.3183224522242214e-10
Sigma: 5.637124277154903
Initial point 2. Random seed: 3583
Solving with ultrametric constraint
Optimal point found for initial point 2
Negative llh: 163.56824106642233
Dropout rate: 1.2511800201398613e-10
Silencing rate: 1.1345390507078057e-10
Sigma: 5.637157974901701
Initial point 3. Random seed: 9403
Solving with ultrametric constraint
Optimal point found for initial point 3
Negative llh: 163.5682405948452
Dropout rate: 1e-10
Silencing rate: 1e-10
Sigma: 5.637128331395904
Initial point 4. Random seed: 1558
Solving with ultrametric constraint
Optimal point found for initial point 4
Negative llh: 163.56824050453014
Dropout rate: 1e-10
Silencing rate: 1e-10
Sigma: 5.6371299267009976
Initial point 5. Random seed: 4718
Solving with ultrametric constraint
Optimal point found for initial point 5
Negative llh: 163.56824287876793
Dropout rate: 1.0000000000000002e-10
Silencing rate: 1.0000000000000002e-10
Sigma: 5.637187384582563
Initial point 6. Random seed: 4447
Solving with ultrametric constraint
Optimal point found for initial point 6
Negative llh: 163.56824103597626
Dropout rate: 5.958030061552355e-10
Silencing rate: 3.654636730585294e-10
Sigma: 5.637095100716675
Initial point 7. Random seed: 9266
Solving with ultrametric constraint
Optimal point found for initial point 7
Negative llh: 163.56824100410552
Dropout rate: 1e-10
Silencing rate: 1e-10
Sigma: 5.6372085759540935
Initial point 8. Random seed: 4398
Solving with ultrametric constraint
Optimal point found for initial point 8
Negative llh: 163.5682403350121
Dropout rate: 1.0873069617205665e-10
Silencing rate: 1.0467281578107023e-10
Sigma: 5.637124292430261
Initial point 9. Random seed: 5445
Solving with ultrametric constraint
Optimal point found for initial point 9
Negative llh: 163.5682411808403
Dropout rate: 3.0774095956111436e-10
Silencing rate: 3.493543979624769e-10
Sigma: 5.637042495548572
Initial point 10. Random seed: 6665
Solving with ultrametric constraint
Optimal point found for initial point 10
Negative llh: 163.56824031853742
Dropout rate: 1e-10
Silencing rate: 1e-10
Sigma: 5.6371265489650355
Runtime (s): 386.9117175322026
