Launching Problin version 0.5b
Problin was called as follow: /u/gh2161/problin/run_problin.py -c simulated_data/s2c10/k10_r1_character_matrix.csv -t simulated_data/s2c10/true_tree.nwk -S simulated_data/s2c10/leaf_locations.txt --delimiter comma -p simulated_data/s2c10/k10_priors.csv -o simulated_data/s2c10/k10_r1_spalin_leaves_newfelsen.txt --nInitials 10 --ultrametric --randomreps 3
Optimization by Spalin: Scipy-SLSQP using spatial information
Optimizing branch lengths, phi, and nu without topology search
Initial point 1. Random seed: 9911
Solving with ultrametric constraint
Optimal point found for initial point 1
Negative llh: 144.0558137986667
Dropout rate: 1e-10
Silencing rate: 1e-10
Sigma: 11.173498311920012
Initial point 2. Random seed: 2779
Solving with ultrametric constraint
Optimal point found for initial point 2
Negative llh: 144.05581407224187
Dropout rate: 9.999999999999924e-11
Silencing rate: 9.999999999999924e-11
Sigma: 11.173838353921125
Initial point 3. Random seed: 2994
Solving with ultrametric constraint
Optimal point found for initial point 3
Negative llh: 144.0558142358996
Dropout rate: 6.592392737171974e-10
Silencing rate: 1.6101556791525582e-09
Sigma: 11.17209689118187
Initial point 4. Random seed: 4467
Solving with ultrametric constraint
Optimal point found for initial point 4
Negative llh: 144.05581375758942
Dropout rate: 1.0000000000000007e-10
Silencing rate: 1.0000000000000007e-10
Sigma: 11.173529579632127
Initial point 5. Random seed: 9364
Solving with ultrametric constraint
Optimal point found for initial point 5
Negative llh: 144.05581437910746
Dropout rate: 1.773473847805798e-10
Silencing rate: 2.5655532249419515e-10
Sigma: 11.174071713738446
Initial point 6. Random seed: 5591
Solving with ultrametric constraint
Optimal point found for initial point 6
Negative llh: 144.0558142487771
Dropout rate: 2.69288170045738e-09
Silencing rate: 1.0171230328125948e-09
Sigma: 11.173555456407758
Initial point 7. Random seed: 6811
Solving with ultrametric constraint
Optimal point found for initial point 7
Negative llh: 144.0558138376743
Dropout rate: 2.6478378083363063e-10
Silencing rate: 3.8045488599129925e-10
Sigma: 11.173846605880104
Initial point 8. Random seed: 4408
Solving with ultrametric constraint
Optimal point found for initial point 8
Negative llh: 144.05583010373593
Dropout rate: 1.0000000000000002e-10
Silencing rate: 9.999999999999996e-11
Sigma: 11.172043865800305
Initial point 9. Random seed: 2859
Solving with ultrametric constraint
Optimal point found for initial point 9
Negative llh: 144.05581425331536
Dropout rate: 1.0000000000000007e-10
Silencing rate: 1.0000000000000007e-10
Sigma: 11.171884401442352
Initial point 10. Random seed: 565
Solving with ultrametric constraint
Optimal point found for initial point 10
Negative llh: 144.0558137795501
Dropout rate: 1.0000000000000007e-10
Silencing rate: 1.0000000000000007e-10
Sigma: 11.173563370457094
Runtime (s): 66.20079146139324
