Launching Problin version 0.5b
Problin was called as follow: /u/gh2161/Spatial-Division/problin/run_problin.py -c real_location_data/s2c10/k10_r2_character_matrix.csv -t real_location_data/s2c10/true_tree.nwk -S real_location_data/s2c10/leaf_locations.txt --delimiter comma -p real_location_data/s2c10/k10_priors.csv -o real_location_data/s2c10/k10_r2_spalin-divide-beta3.txt --nInitials 10 --ultrametric --randomreps 3 --divide --given_beta 3 --incl_beta_bound
Optimization by Spalin-Divide: Scipy-SLSQP using spatial information
Optimizing branch lengths, phi, and nu without topology search
Initial point 1. Random seed: 5554
Solving with ultrametric constraint
Optimal point found for initial point 1
Negative llh: 156.62348473978508
Dropout rate: 1.2071814909703445e-10
Silencing rate: 1.1112535754695016e-10
Sigma: 6.223716413490515
Initial point 2. Random seed: 4418
Solving with ultrametric constraint
Optimal point found for initial point 2
Negative llh: 156.62348361013906
Dropout rate: 1e-10
Silencing rate: 1.0000000000000002e-10
Sigma: 6.224050890082009
Initial point 3. Random seed: 1986
Solving with ultrametric constraint
Optimal point found for initial point 3
Negative llh: 156.6234836249692
Dropout rate: 1.020365043578827e-10
Silencing rate: 1.0090414114715241e-10
Sigma: 6.223989881383986
Initial point 4. Random seed: 5092
Solving with ultrametric constraint
Optimal point found for initial point 4
Negative llh: 156.6234840932833
Dropout rate: 1.0000000000000002e-10
Silencing rate: 1.0000000000000002e-10
Sigma: 6.224122660450712
Initial point 5. Random seed: 26
Solving with ultrametric constraint
Fatal: failed to optimize using initial point 5
Initial point 6. Random seed: 9728
Solving with ultrametric constraint
Optimal point found for initial point 6
Negative llh: 156.62348394037477
Dropout rate: 1e-10
Silencing rate: 1e-10
Sigma: 6.22399659512735
Initial point 7. Random seed: 8320
Solving with ultrametric constraint
Optimal point found for initial point 7
Negative llh: 156.62348386330797
Dropout rate: 1e-10
Silencing rate: 1e-10
Sigma: 6.223969353888247
Initial point 8. Random seed: 8366
Solving with ultrametric constraint
Optimal point found for initial point 8
Negative llh: 156.62348365576744
Dropout rate: 9.999999999999999e-11
Silencing rate: 1e-10
Sigma: 6.223959290391948
Initial point 9. Random seed: 9289
Solving with ultrametric constraint
Optimal point found for initial point 9
Negative llh: 156.6234837560923
Dropout rate: 1.918619641730108e-10
Silencing rate: 1.8358184234058254e-10
Sigma: 6.224013260369605
Initial point 10. Random seed: 4447
Solving with ultrametric constraint
Optimal point found for initial point 10
Negative llh: 156.62348368903548
Dropout rate: 1.0863224796020745e-10
Silencing rate: 1.0383731430913032e-10
Sigma: 6.223942437831599
Runtime (s): 603.3529675339814
