Launching Problin version 0.5b
Problin was called as follow: /u/gh2161/Spatial-Division/problin/run_problin.py -c real_location_data/s2c10/k10_r3_character_matrix.csv -t real_location_data/s2c10/true_tree.nwk -S real_location_data/s2c10/leaf_locations.txt --delimiter comma -p real_location_data/s2c10/k10_priors.csv -o real_location_data/s2c10/k10_r3_spalin-divide-beta05.txt --nInitials 10 --ultrametric --randomreps 3 --divide --given_beta 0.5 --incl_beta_bound
Optimization by Spalin-Divide: Scipy-SLSQP using spatial information
Optimizing branch lengths, phi, and nu without topology search
Initial point 1. Random seed: 2832
Solving with ultrametric constraint
Optimal point found for initial point 1
Negative llh: 169.19931722374855
Dropout rate: 1.4882374218987787e-10
Silencing rate: 1.214804027443935e-10
Sigma: 6.282815941683132
Initial point 2. Random seed: 6863
Solving with ultrametric constraint
Optimal point found for initial point 2
Negative llh: 169.19931679668855
Dropout rate: 2.416108534264817e-10
Silencing rate: 1.8717146147275587e-10
Sigma: 6.282859911247025
Initial point 3. Random seed: 7905
Solving with ultrametric constraint
Optimal point found for initial point 3
Negative llh: 169.19931680020073
Dropout rate: 1e-10
Silencing rate: 1e-10
Sigma: 6.28287825764081
Initial point 4. Random seed: 8009
Solving with ultrametric constraint
Optimal point found for initial point 4
Negative llh: 169.19931710539623
Dropout rate: 8.278829035438305e-10
Silencing rate: 4.551808762556035e-10
Sigma: 6.28288214007554
Initial point 5. Random seed: 4214
Solving with ultrametric constraint
Optimal point found for initial point 5
Negative llh: 169.1993167833401
Dropout rate: 1.2233456880840075e-10
Silencing rate: 1.1093708862761066e-10
Sigma: 6.282829659218314
Initial point 6. Random seed: 3340
Solving with ultrametric constraint
Optimal point found for initial point 6
Negative llh: 169.19931674157277
Dropout rate: 1e-10
Silencing rate: 1e-10
Sigma: 6.282835601496699
Initial point 7. Random seed: 4502
Solving with ultrametric constraint
Optimal point found for initial point 7
Negative llh: 169.19931762201554
Dropout rate: 2.1337738223412132e-10
Silencing rate: 1.7073720452625433e-10
Sigma: 6.282897911221067
Initial point 8. Random seed: 4312
Solving with ultrametric constraint
Optimal point found for initial point 8
Negative llh: 169.19931672186948
Dropout rate: 1.0937395367961971e-10
Silencing rate: 1.0595901960004907e-10
Sigma: 6.282821878550047
Initial point 9. Random seed: 7099
Solving with ultrametric constraint
Optimal point found for initial point 9
Negative llh: 169.19931761597928
Dropout rate: 4.390584182941981e-10
Silencing rate: 2.630221066434228e-10
Sigma: 6.282777943904118
Initial point 10. Random seed: 4681
Solving with ultrametric constraint
Optimal point found for initial point 10
Negative llh: 169.199316747497
Dropout rate: 2.068144012765774e-10
Silencing rate: 1.523265427689179e-10
Sigma: 6.282858346057465
Runtime (s): 272.3140912875533
