Launching Problin version 0.5b
Problin was called as follow: /u/gh2161/Spatial-Division/problin/run_problin.py -c real_location_data/s2c10/k10_r2_character_matrix.csv -t real_location_data/s2c10/true_tree.nwk -S real_location_data/s2c10/leaf_locations.txt --delimiter comma -p real_location_data/s2c10/k10_priors.csv -o real_location_data/s2c10/k10_r2_spalin-divide-ignore-beta.txt --nInitials 10 --ultrametric --randomreps 3 --divide
Optimization by Spalin-Divide: Scipy-SLSQP using spatial information
Optimizing branch lengths, phi, and nu without topology search
Initial point 1. Random seed: 7539
Solving with ultrametric constraint
Optimal point found for initial point 1
Negative llh: 160.00178228706088
Dropout rate: 3.102296484007896e-10
Silencing rate: 1.936557349815838e-10
Sigma: 6.5537751667185
Initial point 2. Random seed: 4162
Solving with ultrametric constraint
Optimal point found for initial point 2
Negative llh: 160.00178311639726
Dropout rate: 1e-10
Silencing rate: 1e-10
Sigma: 6.554130287700306
Initial point 3. Random seed: 2015
Solving with ultrametric constraint
Optimal point found for initial point 3
Negative llh: 160.00178641387038
Dropout rate: 2.2873681840868243e-10
Silencing rate: 2.1488310439982467e-10
Sigma: 6.553608948849064
Initial point 4. Random seed: 2890
Solving with ultrametric constraint
Optimal point found for initial point 4
Negative llh: 160.00178334875932
Dropout rate: 2.200823892301469e-10
Silencing rate: 1.6466149801655108e-10
Sigma: 6.554308608212244
Initial point 5. Random seed: 7444
Solving with ultrametric constraint
Optimal point found for initial point 5
Negative llh: 160.00178260216768
Dropout rate: 9.999999999999996e-11
Silencing rate: 1.0000000000000002e-10
Sigma: 6.553853064362443
Initial point 6. Random seed: 4799
Solving with ultrametric constraint
Optimal point found for initial point 6
Negative llh: 160.0017841380892
Dropout rate: 1e-10
Silencing rate: 1e-10
Sigma: 6.5537124359615175
Initial point 7. Random seed: 6244
Solving with ultrametric constraint
Optimal point found for initial point 7
Negative llh: 160.00178223424552
Dropout rate: 1.0000000000000002e-10
Silencing rate: 1e-10
Sigma: 6.553739964174031
Initial point 8. Random seed: 8384
Solving with ultrametric constraint
Optimal point found for initial point 8
Negative llh: 160.00178256306953
Dropout rate: 1.0237460152602895e-10
Silencing rate: 1.0179811792622311e-10
Sigma: 6.554023952281698
Initial point 9. Random seed: 2985
Solving with ultrametric constraint
Optimal point found for initial point 9
Negative llh: 160.00178246401322
Dropout rate: 3.4431843817585425e-10
Silencing rate: 2.8318432517009783e-10
Sigma: 6.55375203729558
Initial point 10. Random seed: 3056
Solving with ultrametric constraint
Optimal point found for initial point 10
Negative llh: 160.00179370782126
Dropout rate: 1.485425909047772e-08
Silencing rate: 3.864344898326955e-09
Sigma: 6.556027541871939
Runtime (s): 236.89983622636646
