Launching Problin version 0.5b
Problin was called as follow: /u/gh2161/Spatial-Division/problin/run_problin.py -c real_location_data/s9c3/k10_r2_character_matrix.csv -t real_location_data/s9c3/true_tree.nwk -S real_location_data/s9c3/leaf_locations.txt --delimiter comma -p real_location_data/s9c3/k10_priors.csv -o real_location_data/s9c3/k10_r2_spalin-divide-beta1.txt --nInitials 10 --ultrametric --randomreps 3 --divide --given_beta 1 --incl_beta_bound
Optimization by Spalin-Divide: Scipy-SLSQP using spatial information
Optimizing branch lengths, phi, and nu without topology search
Initial point 1. Random seed: 9316
Solving with ultrametric constraint
Optimal point found for initial point 1
Negative llh: 349.49799383686764
Dropout rate: 4.814381853108197e-10
Silencing rate: 2.4914400532085156e-10
Sigma: 6.89309911622321
Initial point 2. Random seed: 9250
Solving with ultrametric constraint
Optimal point found for initial point 2
Negative llh: 349.49798242227536
Dropout rate: 1e-10
Silencing rate: 1e-10
Sigma: 6.893070822677728
Initial point 3. Random seed: 5110
Solving with ultrametric constraint
Fatal: failed to optimize using initial point 3
Initial point 4. Random seed: 3528
Solving with ultrametric constraint
Optimal point found for initial point 4
Negative llh: 349.49798180049396
Dropout rate: 1e-10
Silencing rate: 1e-10
Sigma: 6.893069531188993
Initial point 5. Random seed: 6259
Solving with ultrametric constraint
Optimal point found for initial point 5
Negative llh: 349.497988528838
Dropout rate: 1.0932686472315236e-09
Silencing rate: 5.090291168179766e-10
Sigma: 6.893270700307988
Initial point 6. Random seed: 4103
Solving with ultrametric constraint
Optimal point found for initial point 6
Negative llh: 349.4979821262778
Dropout rate: 7.566888879320013e-10
Silencing rate: 3.975833632970627e-10
Sigma: 6.893103304918262
Initial point 7. Random seed: 7793
Solving with ultrametric constraint
Optimal point found for initial point 7
Negative llh: 349.4979918876444
Dropout rate: 1.5137511808642014e-10
Silencing rate: 1.2096443868087667e-10
Sigma: 6.893009001618306
Initial point 8. Random seed: 3658
Solving with ultrametric constraint
Optimal point found for initial point 8
Negative llh: 349.49798683390526
Dropout rate: 1e-10
Silencing rate: 1e-10
Sigma: 6.893197630376378
Initial point 9. Random seed: 8881
Solving with ultrametric constraint
Optimal point found for initial point 9
Negative llh: 349.4980099445867
Dropout rate: 1.9267498981375146e-10
Silencing rate: 1.3781817276188794e-10
Sigma: 6.893077938869021
Initial point 10. Random seed: 9130
Solving with ultrametric constraint
Optimal point found for initial point 10
Negative llh: 349.49798150348255
Dropout rate: 1.466676537437128e-10
Silencing rate: 1.1904230115707163e-10
Sigma: 6.893149263372128
Runtime (s): 3732.8332643249887
