Launching Problin version 0.5b
Problin was called as follow: /u/gh2161/Spatial-Division/problin/run_problin.py -c real_location_data/s9c3/k10_r3_character_matrix.csv -t real_location_data/s9c3/true_tree.nwk -S real_location_data/s9c3/leaf_locations.txt --delimiter comma -p real_location_data/s9c3/k10_priors.csv -o real_location_data/s9c3/k10_r3_spalin-divide-beta1.txt --nInitials 10 --ultrametric --randomreps 3 --divide --given_beta 1 --incl_beta_bound
Optimization by Spalin-Divide: Scipy-SLSQP using spatial information
Optimizing branch lengths, phi, and nu without topology search
Initial point 1. Random seed: 6465
Solving with ultrametric constraint
Optimal point found for initial point 1
Negative llh: 367.01253853250216
Dropout rate: 3.032029290199784e-10
Silencing rate: 1.879200883599297e-10
Sigma: 6.51743161543274
Initial point 2. Random seed: 3741
Solving with ultrametric constraint
Optimal point found for initial point 2
Negative llh: 367.01253709905257
Dropout rate: 1e-10
Silencing rate: 1e-10
Sigma: 6.517415508577285
Initial point 3. Random seed: 8315
Solving with ultrametric constraint
Optimal point found for initial point 3
Negative llh: 367.0125386334873
Dropout rate: 9.075186637126986e-10
Silencing rate: 4.4934822522704056e-10
Sigma: 6.51744965248437
Initial point 4. Random seed: 5224
Solving with ultrametric constraint
Fatal: failed to optimize using initial point 4
Initial point 5. Random seed: 9393
Solving with ultrametric constraint
Optimal point found for initial point 5
Negative llh: 367.01253712249036
Dropout rate: 1.0000000000000007e-10
Silencing rate: 1.0000000000000007e-10
Sigma: 6.51743429922645
Initial point 6. Random seed: 4151
Solving with ultrametric constraint
Optimal point found for initial point 6
Negative llh: 367.01253824281935
Dropout rate: 1.6709075868710086e-10
Silencing rate: 1.2902940852364502e-10
Sigma: 6.517420705679103
Initial point 7. Random seed: 8417
Solving with ultrametric constraint
Fatal: failed to optimize using initial point 7
Initial point 8. Random seed: 5682
Solving with ultrametric constraint
Fatal: failed to optimize using initial point 8
Initial point 9. Random seed: 3706
Solving with ultrametric constraint
Optimal point found for initial point 9
Negative llh: 367.0125374494259
Dropout rate: 3.6400955993957174e-10
Silencing rate: 2.2203094249339457e-10
Sigma: 6.517452364641755
Initial point 10. Random seed: 9273
Solving with ultrametric constraint
Optimal point found for initial point 10
Negative llh: 367.0125370472393
Dropout rate: 8.972291028953921e-10
Silencing rate: 4.448727433785862e-10
Sigma: 6.517464091453107
Runtime (s): 3669.656706738053
