Launching Problin version 0.5b
Problin was called as follow: /u/gh2161/problin/run_problin.py -c simulated_data/s9c3/k10_r3_character_matrix.csv -t simulated_data/s9c3/true_tree.nwk -S simulated_data/s9c3/leaf_locations.txt --delimiter comma -p simulated_data/s9c3/k10_priors.csv -o simulated_data/s9c3/k10_r3_spalin_leaves_newfelsen.txt --nInitials 10 --ultrametric --randomreps 3
Optimization by Spalin: Scipy-SLSQP using spatial information
Optimizing branch lengths, phi, and nu without topology search
Initial point 1. Random seed: 1553
Solving with ultrametric constraint
Optimal point found for initial point 1
Negative llh: 323.68436480368416
Dropout rate: 1.0000000000000007e-10
Silencing rate: 1.0000000000000007e-10
Sigma: 11.932852438454193
Initial point 2. Random seed: 2305
Solving with ultrametric constraint
Optimal point found for initial point 2
Negative llh: 323.68436518457617
Dropout rate: 5.462074495324561e-10
Silencing rate: 1.919681883167371e-09
Sigma: 11.932820738430072
Initial point 3. Random seed: 548
Solving with ultrametric constraint
Optimal point found for initial point 3
Negative llh: 323.68436526017416
Dropout rate: 1.0000000000000007e-10
Silencing rate: 1.0000000000000007e-10
Sigma: 11.93275726045175
Initial point 4. Random seed: 403
Solving with ultrametric constraint
Optimal point found for initial point 4
Negative llh: 323.6843653479193
Dropout rate: 1e-10
Silencing rate: 1e-10
Sigma: 11.9330067914579
Initial point 5. Random seed: 1923
Solving with ultrametric constraint
Optimal point found for initial point 5
Negative llh: 323.68436507585443
Dropout rate: 1.0000000000000007e-10
Silencing rate: 1.0000000000000007e-10
Sigma: 11.93312502805297
Initial point 6. Random seed: 301
Solving with ultrametric constraint
Optimal point found for initial point 6
Negative llh: 323.6843651356098
Dropout rate: 2.1817214478219494e-10
Silencing rate: 7.128755379080923e-10
Sigma: 11.932316973613007
Initial point 7. Random seed: 7920
Solving with ultrametric constraint
Optimal point found for initial point 7
Negative llh: 323.6843650890545
Dropout rate: 1e-10
Silencing rate: 1e-10
Sigma: 11.93309064381317
Initial point 8. Random seed: 4922
Solving with ultrametric constraint
Optimal point found for initial point 8
Negative llh: 323.6843650554026
Dropout rate: 2.2328321875620196e-10
Silencing rate: 5.927265067207182e-10
Sigma: 11.93237300632305
Initial point 9. Random seed: 9904
Solving with ultrametric constraint
Optimal point found for initial point 9
Negative llh: 323.68436606833336
Dropout rate: 1.1503239798915798e-10
Silencing rate: 1.0650527373077166e-10
Sigma: 11.933430492553104
Initial point 10. Random seed: 5979
Solving with ultrametric constraint
Optimal point found for initial point 10
Negative llh: 323.68436529531346
Dropout rate: 3.643758388937692e-10
Silencing rate: 1.1799882649650123e-09
Sigma: 11.93196376064385
Runtime (s): 428.9578715916723
