Launching Problin version 0.5b
Problin was called as follow: /u/gh2161/problin/run_problin.py -c simulated_data/s9c3/k10_r3_character_matrix.csv -t simulated_data/s9c3/true_tree.nwk -S simulated_data/s9c3/true_locations.txt --delimiter comma -p simulated_data/s9c3/k10_priors.csv -o simulated_data/s9c3/k10_r3_spalin_all.txt --nInitials 10 --ultrametric --randomreps 3
Optimization by Spalin: Scipy-SLSQP using spatial information
Optimizing branch lengths, phi, and nu without topology search
Initial point 1. Random seed: 5142
Solving with ultrametric constraint
Optimal point found for initial point 1
Negative llh: 450.98226038370774
Dropout rate: 1.2606401830943486e-10
Silencing rate: 1.1189024188603325e-10
Sigma: 36.38862159165206
Initial point 2. Random seed: 7203
Solving with ultrametric constraint
Optimal point found for initial point 2
Negative llh: 450.98248634585013
Dropout rate: 2.2323978871858803e-10
Silencing rate: 1.5621648858965732e-10
Sigma: 36.394596307085884
Initial point 3. Random seed: 8897
Solving with ultrametric constraint
Optimal point found for initial point 3
Negative llh: 450.9822640901773
Dropout rate: 2.224436431027507e-09
Silencing rate: 1.0691532211755536e-09
Sigma: 36.39299178260623
Initial point 4. Random seed: 9757
Solving with ultrametric constraint
Optimal point found for initial point 4
Negative llh: 450.98349385821246
Dropout rate: 1.3320978861045669e-10
Silencing rate: 1.151519297182261e-10
Sigma: 36.39361102500191
Initial point 5. Random seed: 9578
Solving with ultrametric constraint
Optimal point found for initial point 5
Negative llh: 450.98253447439197
Dropout rate: 2.96504496625722e-10
Silencing rate: 1.8967158408372566e-10
Sigma: 36.37950943384316
Initial point 6. Random seed: 9502
Solving with ultrametric constraint
Optimal point found for initial point 6
Negative llh: 450.9822608545825
Dropout rate: 1e-10
Silencing rate: 1e-10
Sigma: 36.38855829888393
Initial point 7. Random seed: 471
Solving with ultrametric constraint
Optimal point found for initial point 7
Negative llh: 450.9822605952239
Dropout rate: 1.0794026497561011e-10
Silencing rate: 1.0362157771234954e-10
Sigma: 36.387698672341315
Initial point 8. Random seed: 4916
Solving with ultrametric constraint
Optimal point found for initial point 8
Negative llh: 450.9827939815091
Dropout rate: 1.3183387135554217e-10
Silencing rate: 1.1451821105852218e-10
Sigma: 36.40301116319711
Initial point 9. Random seed: 3568
Solving with ultrametric constraint
Optimal point found for initial point 9
Negative llh: 450.9822604171059
Dropout rate: 1.0000000000000007e-10
Silencing rate: 1.0000000000000007e-10
Sigma: 36.38874057094296
Initial point 10. Random seed: 7644
Solving with ultrametric constraint
Optimal point found for initial point 10
Negative llh: 450.9822611415485
Dropout rate: 1e-10
Silencing rate: 1e-10
Sigma: 36.38810284398698
Runtime (s): 80.37086276896298
