Launching Problin version 0.5b
Problin was called as follow: /u/gh2161/problin/run_problin.py -c simulated_data/s9c3/k10_r1_character_matrix.csv -t simulated_data/s9c3/true_tree.nwk --delimiter comma -p simulated_data/s9c3/k10_priors.csv -o simulated_data/s9c3/k10_r1_problin.txt --nInitials 10 --ultrametric --randomreps 3
Optimization by EM algorithm
Optimizing branch lengths, phi, and nu without topology search
Initial point 1. Random seed: 2723
Solving with ultrametric constraint
Initial phi: 0.10077804025157765. Initial nu: 0.7375022401615574. Initial nllh: 23260.43215028476
EM finished after 15 iterations.
Optimal point found for initial point 1
Negative llh: 148.20573963619591
Dropout rate: 0
Silencing rate: 8.100911172077517e-07
Initial point 2. Random seed: 8805
Solving with ultrametric constraint
Initial phi: 0.9581091614304286. Initial nu: 0.909905226405332. Initial nllh: 1087.0594361239232
EM finished after 15 iterations.
Optimal point found for initial point 2
Negative llh: 148.2057355340003
Dropout rate: 0
Silencing rate: 7.896290063550906e-07
Initial point 3. Random seed: 8336
Solving with ultrametric constraint
Initial phi: 0.9724544926635428. Initial nu: 0.6551337413516609. Initial nllh: 1164.1524444627505
EM finished after 14 iterations.
Optimal point found for initial point 3
Negative llh: 148.20573607905692
Dropout rate: 0
Silencing rate: 7.901306389599287e-07
Initial point 4. Random seed: 9707
Solving with ultrametric constraint
Initial phi: 0.6498195920315907. Initial nu: 0.3957238042065485. Initial nllh: 470.5854342358018
EM finished after 13 iterations.
Optimal point found for initial point 4
Negative llh: 148.20573873696293
Dropout rate: 0
Silencing rate: 8.09793852330266e-07
Initial point 5. Random seed: 8802
Solving with ultrametric constraint
Initial phi: 0.398455549452111. Initial nu: 0.5257721837596292. Initial nllh: 346.1988980651179
EM finished after 16 iterations.
Optimal point found for initial point 5
Negative llh: 148.205737444469
Dropout rate: 0
Silencing rate: 8.108671230214126e-07
Initial point 6. Random seed: 8961
Solving with ultrametric constraint
Initial phi: 0.05893452134586358. Initial nu: 0.8167075610653423. Initial nllh: 266.28392340551534
EM finished after 15 iterations.
Optimal point found for initial point 6
Negative llh: 148.20573497613512
Dropout rate: 0
Silencing rate: 7.858162089908045e-07
Initial point 7. Random seed: 1939
Solving with ultrametric constraint
Initial phi: 0.5502303212896842. Initial nu: 0.842433995812584. Initial nllh: 461.45696329866746
EM finished after 15 iterations.
Optimal point found for initial point 7
Negative llh: 148.20573498870925
Dropout rate: 0
Silencing rate: 7.871017744197207e-07
Initial point 8. Random seed: 2595
Solving with ultrametric constraint
Initial phi: 0.6699322486968344. Initial nu: 0.29072247095906567. Initial nllh: 472.8146021580801
EM finished after 17 iterations.
Optimal point found for initial point 8
Negative llh: 148.20573420059415
Dropout rate: 0
Silencing rate: 7.866219230727458e-07
Initial point 9. Random seed: 2365
Solving with ultrametric constraint
Initial phi: 0.6522381288464766. Initial nu: 0.4021062886015074. Initial nllh: 473.1877824071007
EM finished after 16 iterations.
Optimal point found for initial point 9
Negative llh: 148.20573480578682
Dropout rate: 0
Silencing rate: 7.904440359192834e-07
Initial point 10. Random seed: 9045
Solving with ultrametric constraint
Initial phi: 0.09915833496357124. Initial nu: 0.1455598348664309. Initial nllh: 193.58640592402833
EM finished after 13 iterations.
Optimal point found for initial point 10
Negative llh: 148.20573751308766
Dropout rate: 0
Silencing rate: 8.106949459746758e-07
Traceback (most recent call last):
  File "/u/gh2161/problin/run_problin.py", line 193, in <module>
    main()
  File "/u/gh2161/problin/run_problin.py", line 172, in main
    fout.write("Sigma: " + str(opt_params['sigma']) + "\n")
KeyError: 'sigma'
