Launching Problin version 0.5b
Problin was called as follow: /u/gh2161/Spatial-Division/problin/run_problin.py -c real_location_data/s9c3/k10_r1_character_matrix.csv -t real_location_data/s9c3/true_tree.nwk -S real_location_data/s9c3/leaf_locations.txt --delimiter comma -p real_location_data/s9c3/k10_priors.csv -o real_location_data/s9c3/k10_r1_spalin-divide-beta3.txt --nInitials 10 --ultrametric --randomreps 3 --divide --given_beta 3 --incl_beta_bound
Optimization by Spalin-Divide: Scipy-SLSQP using spatial information
Optimizing branch lengths, phi, and nu without topology search
Initial point 1. Random seed: 4226
Solving with ultrametric constraint
Optimal point found for initial point 1
Negative llh: 383.10449036066075
Dropout rate: 3.68980273200738e-10
Silencing rate: 2.2911679973636818e-10
Sigma: 5.920777208825238
Initial point 2. Random seed: 6570
Solving with ultrametric constraint
Optimal point found for initial point 2
Negative llh: 383.10447566937194
Dropout rate: 1.2020584588519417e-10
Silencing rate: 1.0969929914214044e-10
Sigma: 5.920758255358332
Initial point 3. Random seed: 7984
Solving with ultrametric constraint
Fatal: failed to optimize using initial point 3
Initial point 4. Random seed: 7003
Solving with ultrametric constraint
Optimal point found for initial point 4
Negative llh: 383.1044760458798
Dropout rate: 1.0000000000000007e-10
Silencing rate: 1.0000000000000002e-10
Sigma: 5.920719999282324
Initial point 5. Random seed: 8748
Solving with ultrametric constraint
Optimal point found for initial point 5
Negative llh: 383.1044840534712
Dropout rate: 1.8366557370704968e-09
Silencing rate: 9.33658223032048e-10
Sigma: 5.9207552755772594
Initial point 6. Random seed: 9838
Solving with ultrametric constraint
Fatal: failed to optimize using initial point 6
Initial point 7. Random seed: 9945
Solving with ultrametric constraint
Optimal point found for initial point 7
Negative llh: 383.1044749850204
Dropout rate: 1.0299168507626585e-10
Silencing rate: 1.014361057690549e-10
Sigma: 5.92073477544595
Initial point 8. Random seed: 5472
Solving with ultrametric constraint
Optimal point found for initial point 8
Negative llh: 383.10447748299043
Dropout rate: 1.707854836672783e-10
Silencing rate: 1.339779792713172e-10
Sigma: 5.920715030551089
Initial point 9. Random seed: 8505
Solving with ultrametric constraint
Fatal: failed to optimize using initial point 9
Initial point 10. Random seed: 6056
Solving with ultrametric constraint
Optimal point found for initial point 10
Negative llh: 383.1044842904469
Dropout rate: 1.3360613119534394e-09
Silencing rate: 7.85719125184256e-10
Sigma: 5.920890139072872
Runtime (s): 3822.191656837007
