Launching Problin version 0.5b
Problin was called as follow: /u/gh2161/problin/run_problin.py -c simulated_data/s9c3/k10_r4_character_matrix.csv -t simulated_data/s9c3/true_tree.nwk -S simulated_data/s9c3/true_locations.txt --delimiter comma -p simulated_data/s9c3/k10_priors.csv -o simulated_data/s9c3/k10_r4_spalin_all.txt --nInitials 10 --ultrametric --randomreps 3
Optimization by Spalin: Scipy-SLSQP using spatial information
Optimizing branch lengths, phi, and nu without topology search
Initial point 1. Random seed: 1977
Solving with ultrametric constraint
Optimal point found for initial point 1
Negative llh: 421.939645546826
Dropout rate: 1.4037309300446192e-09
Silencing rate: 6.564141950473085e-10
Sigma: 37.378383665458756
Initial point 2. Random seed: 1136
Solving with ultrametric constraint
Optimal point found for initial point 2
Negative llh: 421.93977788154893
Dropout rate: 7.1253271549566045e-09
Silencing rate: 9.64052274573491e-08
Sigma: 37.38772809238609
Initial point 3. Random seed: 5954
Solving with ultrametric constraint
Optimal point found for initial point 3
Negative llh: 421.93964467838094
Dropout rate: 9.999999999999924e-11
Silencing rate: 1.0000000000000007e-10
Sigma: 37.37856247465974
Initial point 4. Random seed: 2720
Solving with ultrametric constraint
Optimal point found for initial point 4
Negative llh: 421.93964449872016
Dropout rate: 1e-10
Silencing rate: 1e-10
Sigma: 37.37857305797899
Initial point 5. Random seed: 1384
Solving with ultrametric constraint
Optimal point found for initial point 5
Negative llh: 421.9396486449138
Dropout rate: 3.226484520295594e-09
Silencing rate: 3.2091692677305344e-10
Sigma: 37.378414067498824
Initial point 6. Random seed: 751
Solving with ultrametric constraint
Optimal point found for initial point 6
Negative llh: 421.93964841841796
Dropout rate: 1.176312296398878e-10
Silencing rate: 1.0773931047072001e-10
Sigma: 37.37127775789866
Initial point 7. Random seed: 8055
Solving with ultrametric constraint
Optimal point found for initial point 7
Negative llh: 421.93964580019735
Dropout rate: 1.3664002558127286e-10
Silencing rate: 1.1608204461556561e-10
Sigma: 37.37403377730485
Initial point 8. Random seed: 4875
Solving with ultrametric constraint
Optimal point found for initial point 8
Negative llh: 421.93964553143076
Dropout rate: 1.5195421992953836e-09
Silencing rate: 9.426531568421601e-10
Sigma: 37.37805952736901
Initial point 9. Random seed: 1017
Solving with ultrametric constraint
Optimal point found for initial point 9
Negative llh: 421.93964705833616
Dropout rate: 2.3358656629396814e-09
Silencing rate: 1.0813370033500294e-09
Sigma: 37.37413101209595
Initial point 10. Random seed: 771
Solving with ultrametric constraint
Optimal point found for initial point 10
Negative llh: 423.124208040339
Dropout rate: 4.9042762630243475e-09
Silencing rate: 3.992479980021391e-09
Sigma: 38.42168539781811
Runtime (s): 103.95341900596395
