Launching Problin version 0.5b
Problin was called as follow: /u/gh2161/Spatial-Division/problin/run_problin.py -c real_location_data/s9c3/k10_r5_character_matrix.csv -t real_location_data/s9c3/true_tree.nwk -S real_location_data/s9c3/leaf_locations.txt --delimiter comma -p real_location_data/s9c3/k10_priors.csv -o real_location_data/s9c3/k10_r5_spalin.txt --nInitials 10 --ultrametric --randomreps 3
Optimization by Spalin: Scipy-SLSQP using spatial information
Optimizing branch lengths, phi, and nu without topology search
Initial point 1. Random seed: 1784
Solving with ultrametric constraint
Optimal point found for initial point 1
Negative llh: 329.7575174720369
Dropout rate: 9.63067049872777e-10
Silencing rate: 1e-10
Sigma: 43.768111677920814
Initial point 2. Random seed: 9391
Solving with ultrametric constraint
Optimal point found for initial point 2
Negative llh: 329.7575172989656
Dropout rate: 1e-10
Silencing rate: 1e-10
Sigma: 43.76891330749077
Initial point 3. Random seed: 9438
Solving with ultrametric constraint
Optimal point found for initial point 3
Negative llh: 329.7575177308619
Dropout rate: 6.72711923359012e-10
Silencing rate: 6.931570590795609e-10
Sigma: 43.76886603749063
Initial point 4. Random seed: 5835
Solving with ultrametric constraint
Optimal point found for initial point 4
Negative llh: 329.75751777187446
Dropout rate: 1e-10
Silencing rate: 1.0000000000000002e-10
Sigma: 43.76866362923682
Initial point 5. Random seed: 5448
Solving with ultrametric constraint
Optimal point found for initial point 5
Negative llh: 329.75751728894977
Dropout rate: 1.0000000000000007e-10
Silencing rate: 1.0000000000000007e-10
Sigma: 43.76869054699887
Initial point 6. Random seed: 5132
Solving with ultrametric constraint
Optimal point found for initial point 6
Negative llh: 329.7575177938153
Dropout rate: 1.0633294140596947e-09
Silencing rate: 1.8443501155981878e-09
Sigma: 43.76900960235901
Initial point 7. Random seed: 6867
Solving with ultrametric constraint
Optimal point found for initial point 7
Negative llh: 329.75751736533357
Dropout rate: 1.0000000000000002e-10
Silencing rate: 9.999999999999996e-11
Sigma: 43.769236142905584
Initial point 8. Random seed: 8148
Solving with ultrametric constraint
Optimal point found for initial point 8
Negative llh: 329.7575203109851
Dropout rate: 7.942651199134317e-09
Silencing rate: 6.31725891147152e-09
Sigma: 43.769689592299336
Initial point 9. Random seed: 9362
Solving with ultrametric constraint
Optimal point found for initial point 9
Negative llh: 329.75751752312345
Dropout rate: 1.0000000000000002e-10
Silencing rate: 9.999999999999996e-11
Sigma: 43.767666450950294
Initial point 10. Random seed: 4338
Solving with ultrametric constraint
Optimal point found for initial point 10
Negative llh: 329.7575191052604
Dropout rate: 8.610506363153735e-10
Silencing rate: 8.341041014166332e-10
Sigma: 43.78020860773627
Traceback (most recent call last):
  File "/u/gh2161/Spatial-Division/problin/run_problin.py", line 223, in <module>
    main()
  File "/u/gh2161/Spatial-Division/problin/run_problin.py", line 214, in main
    for cell in mySolver.params.displacement_amounts:
AttributeError: 'Params' object has no attribute 'displacement_amounts'
