Launching Problin version 0.5b
Problin was called as follow: /u/gh2161/Spatial-Division/problin/run_problin.py -c real_location_data/s2c6/k10_r2_character_matrix.csv -t real_location_data/s2c6/true_tree.nwk -S real_location_data/s2c6/leaf_locations.txt --delimiter comma -p real_location_data/s2c6/k10_priors.csv -o real_location_data/s2c6/k10_r2_spalin-divide-beta05.txt --nInitials 10 --ultrametric --randomreps 3 --divide --given_beta 0.5 --incl_beta_bound
Optimization by Spalin-Divide: Scipy-SLSQP using spatial information
Optimizing branch lengths, phi, and nu without topology search
Initial point 1. Random seed: 7166
Solving with ultrametric constraint
Fatal: failed to optimize using initial point 1
Initial point 2. Random seed: 9851
Solving with ultrametric constraint
Optimal point found for initial point 2
Negative llh: 350.0534166958313
Dropout rate: 2.526496142232363e-10
Silencing rate: 1.8139869198599072e-10
Sigma: 5.712972467077494
Initial point 3. Random seed: 2469
Solving with ultrametric constraint
Optimal point found for initial point 3
Negative llh: 350.05341529238126
Dropout rate: 1.068092740803102e-09
Silencing rate: 6.52092175874643e-10
Sigma: 5.71296869869038
Initial point 4. Random seed: 6910
Solving with ultrametric constraint
Optimal point found for initial point 4
Negative llh: 350.0534203781891
Dropout rate: 8.236617555403857e-10
Silencing rate: 4.857288118694793e-10
Sigma: 5.712993688914504
Initial point 5. Random seed: 3484
Solving with ultrametric constraint
Optimal point found for initial point 5
Negative llh: 350.0534157180903
Dropout rate: 9.086822711446067e-10
Silencing rate: 5.311683200881653e-10
Sigma: 5.712954618033402
Initial point 6. Random seed: 3196
Solving with ultrametric constraint
Optimal point found for initial point 6
Negative llh: 350.0534159783305
Dropout rate: 6.104976415488318e-10
Silencing rate: 1.4256831658304735e-09
Sigma: 5.712990950941892
Initial point 7. Random seed: 9828
Solving with ultrametric constraint
Optimal point found for initial point 7
Negative llh: 350.05342086671914
Dropout rate: 3.529159289054377e-10
Silencing rate: 2.348511484646683e-10
Sigma: 5.7130188312561465
Initial point 8. Random seed: 1364
Solving with ultrametric constraint
Optimal point found for initial point 8
Negative llh: 350.0534154729183
Dropout rate: 2.82150599712948e-10
Silencing rate: 1.9711791351014525e-10
Sigma: 5.7130426867547515
Initial point 9. Random seed: 5738
Solving with ultrametric constraint
Optimal point found for initial point 9
Negative llh: 350.05341503556747
Dropout rate: 1.0000000000000002e-10
Silencing rate: 1e-10
Sigma: 5.713030393786943
Initial point 10. Random seed: 566
Solving with ultrametric constraint
Optimal point found for initial point 10
Negative llh: 350.05343104876033
Dropout rate: 1.0000000000000002e-10
Silencing rate: 1e-10
Sigma: 5.712956251070056
Runtime (s): 4011.4467450473458
