Launching Problin version 0.5b
Problin was called as follow: /u/gh2161/problin/run_problin.py -c simulated_data/s2c6/k10_r3_character_matrix.csv -t simulated_data/s2c6/true_tree.nwk --delimiter comma -p simulated_data/s2c6/k10_priors.csv -o simulated_data/s2c6/k10_r3_problin.txt --nInitials 10 --ultrametric --randomreps 3
Optimization by EM algorithm
Optimizing branch lengths, phi, and nu without topology search
Initial point 1. Random seed: 4681
Solving with ultrametric constraint
Initial phi: 0.34954459020080575. Initial nu: 0.9166551976128067. Initial nllh: 24122.893683426842
EM finished after 68 iterations.
Optimal point found for initial point 1
Negative llh: 124.62651510128008
Dropout rate: 0
Silencing rate: 6.860896491206235e-07
Initial point 2. Random seed: 8406
Solving with ultrametric constraint
Initial phi: 0.09207503921537252. Initial nu: 0.03214821985066235. Initial nllh: 154.56793394449645
EM finished after 10 iterations.
Optimal point found for initial point 2
Negative llh: 124.62651564179681
Dropout rate: 0
Silencing rate: 6.850208412894843e-07
Initial point 3. Random seed: 3732
Solving with ultrametric constraint
Initial phi: 0.43199438281058944. Initial nu: 0.719313145589313. Initial nllh: 379.69480918777344
EM finished after 42 iterations.
Optimal point found for initial point 3
Negative llh: 124.62652771692738
Dropout rate: 0
Silencing rate: 6.838441843601306e-07
Initial point 4. Random seed: 2874
Solving with ultrametric constraint
Initial phi: 0.6738779646588271. Initial nu: 0.03749532953202416. Initial nllh: 421.5821007651253
EM finished after 10 iterations.
Optimal point found for initial point 4
Negative llh: 124.62652584637631
Dropout rate: 0
Silencing rate: 6.842166544010504e-07
Initial point 5. Random seed: 9681
Solving with ultrametric constraint
Initial phi: 0.017966905484173623. Initial nu: 0.22670429360777303. Initial nllh: 163.37951613450014
EM finished after 22 iterations.
Optimal point found for initial point 5
Negative llh: 124.62654527279636
Dropout rate: 0
Silencing rate: 6.844523169428909e-07
Initial point 6. Random seed: 4805
Solving with ultrametric constraint
Initial phi: 0.08914796676704309. Initial nu: 0.8000643940791545. Initial nllh: 269.02891834205445
EM finished after 47 iterations.
Optimal point found for initial point 6
Negative llh: 124.6265223400939
Dropout rate: 0
Silencing rate: 6.844060079898934e-07
Initial point 7. Random seed: 3178
Solving with ultrametric constraint
Initial phi: 0.3772135059463916. Initial nu: 0.7813732516415469. Initial nllh: 365.0745018699661
EM finished after 51 iterations.
Optimal point found for initial point 7
Negative llh: 124.62651435241314
Dropout rate: 0
Silencing rate: 6.847432658969591e-07
Initial point 8. Random seed: 7595
Solving with ultrametric constraint
Initial phi: 0.9249732395404371. Initial nu: 0.29429232293467195. Initial nllh: 842.1924697273073
EM finished after 33 iterations.
Optimal point found for initial point 8
Negative llh: 124.62652076692476
Dropout rate: 0
Silencing rate: 6.848819590275929e-07
Initial point 9. Random seed: 1334
Solving with ultrametric constraint
Initial phi: 0.6310815113172265. Initial nu: 0.39902198046872883. Initial nllh: 443.80705941362106
EM finished after 43 iterations.
Optimal point found for initial point 9
Negative llh: 124.6265132819233
Dropout rate: 0
Silencing rate: 6.837283983859894e-07
Initial point 10. Random seed: 1417
Solving with ultrametric constraint
Initial phi: 0.14120435811577076. Initial nu: 0.8818079018108561. Initial nllh: 296.6125069834017
EM finished after 41 iterations.
Optimal point found for initial point 10
Negative llh: 124.62653752605603
Dropout rate: 0
Silencing rate: 6.845895632776196e-07
Traceback (most recent call last):
  File "/u/gh2161/problin/run_problin.py", line 193, in <module>
    main()
  File "/u/gh2161/problin/run_problin.py", line 172, in main
    fout.write("Sigma: " + str(opt_params['sigma']) + "\n")
KeyError: 'sigma'
