Launching Problin version 0.5b
Problin was called as follow: /u/gh2161/Spatial-Division/problin/run_problin.py -c real_location_data/s2c6/k10_r1_character_matrix.csv -t real_location_data/s2c6/true_tree.nwk -S real_location_data/s2c6/leaf_locations.txt --delimiter comma -p real_location_data/s2c6/k10_priors.csv -o real_location_data/s2c6/k10_r1_spalin-divide-ignore-beta.txt --nInitials 10 --ultrametric --randomreps 3 --divide
Optimization by Spalin-Divide: Scipy-SLSQP using spatial information
Optimizing branch lengths, phi, and nu without topology search
Initial point 1. Random seed: 6570
Solving with ultrametric constraint
Optimal point found for initial point 1
Negative llh: 332.7831678928194
Dropout rate: 1.0000000000000007e-10
Silencing rate: 1.0000000000000007e-10
Sigma: 5.8260214964289485
Initial point 2. Random seed: 9448
Solving with ultrametric constraint
Optimal point found for initial point 2
Negative llh: 332.78312208896483
Dropout rate: 1e-10
Silencing rate: 1e-10
Sigma: 5.8266041500814625
Initial point 3. Random seed: 313
Solving with ultrametric constraint
Optimal point found for initial point 3
Negative llh: 332.78311542931135
Dropout rate: 1.6421956300055216e-10
Silencing rate: 1.2560941680942261e-10
Sigma: 5.826505366673339
Initial point 4. Random seed: 7761
Solving with ultrametric constraint
Optimal point found for initial point 4
Negative llh: 332.7831118152622
Dropout rate: 4.340677167549054e-09
Silencing rate: 2.0018502600257274e-09
Sigma: 5.826581659242825
Initial point 5. Random seed: 1374
Solving with ultrametric constraint
Optimal point found for initial point 5
Negative llh: 332.7830543032353
Dropout rate: 7.586329899786615e-10
Silencing rate: 1.0803338063778447e-09
Sigma: 5.826721269245352
Initial point 6. Random seed: 1606
Solving with ultrametric constraint
Optimal point found for initial point 6
Negative llh: 332.78304508470376
Dropout rate: 1e-10
Silencing rate: 1e-10
Sigma: 5.826411927250232
Initial point 7. Random seed: 568
Solving with ultrametric constraint
Optimal point found for initial point 7
Negative llh: 332.7830638489286
Dropout rate: 4.630948617614523e-09
Silencing rate: 2.319292540705804e-09
Sigma: 5.826198062162411
Initial point 8. Random seed: 1229
Solving with ultrametric constraint
Optimal point found for initial point 8
Negative llh: 332.7830156940732
Dropout rate: 1.0000000000000007e-10
Silencing rate: 1.0000000000000007e-10
Sigma: 5.826468858813888
Initial point 9. Random seed: 8138
Solving with ultrametric constraint
Optimal point found for initial point 9
Negative llh: 332.78309469020894
Dropout rate: 1.0000000000000002e-10
Silencing rate: 9.999999999999999e-11
Sigma: 5.82673019487766
Initial point 10. Random seed: 5660
Solving with ultrametric constraint
Optimal point found for initial point 10
Negative llh: 332.7831296327869
Dropout rate: 2.1408334794239477e-10
Silencing rate: 1.4549480628890436e-10
Sigma: 5.826509220970165
Runtime (s): 1647.0926416032016
