Launching Problin version 0.5b
Problin was called as follow: /u/gh2161/Spatial-Division/problin/run_problin.py -c real_location_data/s2c6/k10_r1_character_matrix.csv -t real_location_data/s2c6/true_tree.nwk -S real_location_data/s2c6/leaf_locations.txt --delimiter comma -p real_location_data/s2c6/k10_priors.csv -o real_location_data/s2c6/k10_r1_spalin-divide-beta1.txt --nInitials 10 --ultrametric --randomreps 3 --divide --given_beta 1 --incl_beta_bound
Optimization by Spalin-Divide: Scipy-SLSQP using spatial information
Optimizing branch lengths, phi, and nu without topology search
Initial point 1. Random seed: 2534
Solving with ultrametric constraint
Optimal point found for initial point 1
Negative llh: 333.5560091812804
Dropout rate: 2.778034895817268e-10
Silencing rate: 2.0865299639285955e-10
Sigma: 5.862069225329021
Initial point 2. Random seed: 3280
Solving with ultrametric constraint
Optimal point found for initial point 2
Negative llh: 333.55602221613833
Dropout rate: 3.4287354635859463e-10
Silencing rate: 1.9685492275037719e-10
Sigma: 5.86209785198491
Initial point 3. Random seed: 1568
Solving with ultrametric constraint
Fatal: failed to optimize using initial point 3
Initial point 4. Random seed: 4658
Solving with ultrametric constraint
Optimal point found for initial point 4
Negative llh: 333.55601151814255
Dropout rate: 1.0000000000000002e-10
Silencing rate: 1.0000000000000002e-10
Sigma: 5.862078084656524
Initial point 5. Random seed: 4257
Solving with ultrametric constraint
Optimal point found for initial point 5
Negative llh: 333.55601056734804
Dropout rate: 5.550632181948717e-10
Silencing rate: 2.814754225598646e-10
Sigma: 5.862076125060029
Initial point 6. Random seed: 9891
Solving with ultrametric constraint
Fatal: failed to optimize using initial point 6
Initial point 7. Random seed: 2908
Solving with ultrametric constraint
Optimal point found for initial point 7
Negative llh: 333.5560241786642
Dropout rate: 9.999999999999996e-11
Silencing rate: 1.0000000000000002e-10
Sigma: 5.862078884738421
Initial point 8. Random seed: 1063
Solving with ultrametric constraint
Fatal: failed to optimize using initial point 8
Initial point 9. Random seed: 1795
Solving with ultrametric constraint
Optimal point found for initial point 9
Negative llh: 333.55601181691486
Dropout rate: 1e-10
Silencing rate: 1e-10
Sigma: 5.8620978367037475
Initial point 10. Random seed: 7687
Solving with ultrametric constraint
Optimal point found for initial point 10
Negative llh: 333.55604263052174
Dropout rate: 1.0019928582046687e-09
Silencing rate: 4.67341132312906e-10
Sigma: 5.8619741666835905
Runtime (s): 3974.079190818593
