Launching Problin version 0.5b
Problin was called as follow: /u/gh2161/Spatial-Division/problin/run_problin.py -c real_location_data/s2c6/k10_r4_character_matrix.csv -t real_location_data/s2c6/true_tree.nwk -S real_location_data/s2c6/leaf_locations.txt --delimiter comma -p real_location_data/s2c6/k10_priors.csv -o real_location_data/s2c6/k10_r4_spalin-divide-ignore-beta.txt --nInitials 10 --ultrametric --randomreps 3 --divide
Optimization by Spalin-Divide: Scipy-SLSQP using spatial information
Optimizing branch lengths, phi, and nu without topology search
Initial point 1. Random seed: 7769
Solving with ultrametric constraint
Optimal point found for initial point 1
Negative llh: 365.27249039009035
Dropout rate: 5.3293105015234035e-09
Silencing rate: 3.0106847140136556e-09
Sigma: 5.485031101788589
Initial point 2. Random seed: 1566
Solving with ultrametric constraint
Optimal point found for initial point 2
Negative llh: 365.2724595710929
Dropout rate: 1.5937678793335388e-10
Silencing rate: 1.296580537944565e-10
Sigma: 5.484978901297529
Initial point 3. Random seed: 1639
Solving with ultrametric constraint
Optimal point found for initial point 3
Negative llh: 365.27245516911927
Dropout rate: 1e-10
Silencing rate: 1e-10
Sigma: 5.485034277646812
Initial point 4. Random seed: 835
Solving with ultrametric constraint
Optimal point found for initial point 4
Negative llh: 365.272524830606
Dropout rate: 3.6192843833127632e-09
Silencing rate: 2.8908757154229597e-09
Sigma: 5.484932997892302
Initial point 5. Random seed: 7271
Solving with ultrametric constraint
Optimal point found for initial point 5
Negative llh: 365.27245666117074
Dropout rate: 1e-10
Silencing rate: 1e-10
Sigma: 5.484935108372743
Initial point 6. Random seed: 7248
Solving with ultrametric constraint
Optimal point found for initial point 6
Negative llh: 365.2724702273149
Dropout rate: 1e-10
Silencing rate: 1e-10
Sigma: 5.485111774200165
Initial point 7. Random seed: 232
Solving with ultrametric constraint
Optimal point found for initial point 7
Negative llh: 365.27245508273745
Dropout rate: 1.0000000000000007e-10
Silencing rate: 1.0000000000000007e-10
Sigma: 5.484932738335632
Initial point 8. Random seed: 4243
Solving with ultrametric constraint
Optimal point found for initial point 8
Negative llh: 365.2724593369006
Dropout rate: 1.5877952415692066e-10
Silencing rate: 1.2935763477859561e-10
Sigma: 5.484902132335657
Initial point 9. Random seed: 3284
Solving with ultrametric constraint
Optimal point found for initial point 9
Negative llh: 365.27245460118894
Dropout rate: 9.999999999999924e-11
Silencing rate: 1.0000000000000007e-10
Sigma: 5.484933967169081
Initial point 10. Random seed: 9721
Solving with ultrametric constraint
Optimal point found for initial point 10
Negative llh: 365.2724980972554
Dropout rate: 3.8595608609667805e-09
Silencing rate: 2.0756215775622023e-09
Sigma: 5.484944029262941
Runtime (s): 1502.697190258652
