Launching Problin version 0.5b
Problin was called as follow: /u/gh2161/Spatial-Division/problin/run_problin.py -c real_location_data/s2c6/k10_r5_character_matrix.csv -t real_location_data/s2c6/true_tree.nwk -S real_location_data/s2c6/leaf_locations.txt --delimiter comma -p real_location_data/s2c6/k10_priors.csv -o real_location_data/s2c6/k10_r5_spalin-divide-beta3.txt --nInitials 10 --ultrametric --randomreps 3 --divide --given_beta 3 --incl_beta_bound
Optimization by Spalin-Divide: Scipy-SLSQP using spatial information
Optimizing branch lengths, phi, and nu without topology search
Initial point 1. Random seed: 300
Solving with ultrametric constraint
Optimal point found for initial point 1
Negative llh: 361.3529245173195
Dropout rate: 1.2083289798527964e-10
Silencing rate: 1.0925267538608538e-10
Sigma: 5.229225847657985
Initial point 2. Random seed: 7681
Solving with ultrametric constraint
Fatal: failed to optimize using initial point 2
Initial point 3. Random seed: 7576
Solving with ultrametric constraint
Optimal point found for initial point 3
Negative llh: 361.3529263358679
Dropout rate: 2.8002487072528283e-10
Silencing rate: 1.7993871070284585e-10
Sigma: 5.229201223163319
Initial point 4. Random seed: 5367
Solving with ultrametric constraint
Optimal point found for initial point 4
Negative llh: 361.3529245322575
Dropout rate: 4.818535529156262e-10
Silencing rate: 1.0812556325642684e-09
Sigma: 5.229198872570297
Initial point 5. Random seed: 6614
Solving with ultrametric constraint
Fatal: failed to optimize using initial point 5
Initial point 6. Random seed: 7312
Solving with ultrametric constraint
Optimal point found for initial point 6
Negative llh: 361.35292525433306
Dropout rate: 1.9603817468081175e-10
Silencing rate: 1.4265132979855027e-10
Sigma: 5.229195149925308
Initial point 7. Random seed: 1112
Solving with ultrametric constraint
Fatal: failed to optimize using initial point 7
Initial point 8. Random seed: 946
Solving with ultrametric constraint
Optimal point found for initial point 8
Negative llh: 361.3529242201222
Dropout rate: 1.042657225358846e-10
Silencing rate: 1.0189436920965844e-10
Sigma: 5.2292269887536875
Initial point 9. Random seed: 2660
Solving with ultrametric constraint
Optimal point found for initial point 9
Negative llh: 361.35292586874436
Dropout rate: 4.0570143036921327e-10
Silencing rate: 2.357569807618366e-10
Sigma: 5.229249486655895
Initial point 10. Random seed: 8654
Solving with ultrametric constraint
Optimal point found for initial point 10
Negative llh: 361.3529252643454
Dropout rate: 1.2921116541255745e-10
Silencing rate: 1.1297324085600492e-10
Sigma: 5.229202189886712
Runtime (s): 4743.609754231002
