Launching Problin version 0.5b
Problin was called as follow: /u/gh2161/problin/run_problin.py -c simulated_data/s2c6/k10_r1_character_matrix.csv -t simulated_data/s2c6/true_tree.nwk --delimiter comma -p simulated_data/s2c6/k10_priors.csv -o simulated_data/s2c6/k10_r1_problin.txt --nInitials 10 --ultrametric --randomreps 3
Optimization by EM algorithm
Optimizing branch lengths, phi, and nu without topology search
Initial point 1. Random seed: 1850
Solving with ultrametric constraint
Initial phi: 0.0998495450944427. Initial nu: 0.15970606998240602. Initial nllh: 9463.793170105455
EM finished after 22 iterations.
Optimal point found for initial point 1
Negative llh: 106.74291521075719
Dropout rate: 0
Silencing rate: 1.006761587850768e-06
Initial point 2. Random seed: 7398
Solving with ultrametric constraint
Initial phi: 0.3334479343747097. Initial nu: 0.36727194469966. Initial nllh: 249.74856056980929
EM finished after 18 iterations.
Optimal point found for initial point 2
Negative llh: 106.74291479819442
Dropout rate: 0
Silencing rate: 1.0037469835818882e-06
Initial point 3. Random seed: 8762
Solving with ultrametric constraint
Initial phi: 0.9220814967973701. Initial nu: 0.1992140342881867. Initial nllh: 790.6490833678498
EM finished after 16 iterations.
Optimal point found for initial point 3
Negative llh: 106.74291489097756
Dropout rate: 0
Silencing rate: 1.0056816193708519e-06
Initial point 4. Random seed: 9133
Solving with ultrametric constraint
Initial phi: 0.41123168529638704. Initial nu: 0.6645024907128719. Initial nllh: 312.391933772855
EM finished after 18 iterations.
Optimal point found for initial point 4
Negative llh: 106.7429165547153
Dropout rate: 0
Silencing rate: 1.006076510996528e-06
Initial point 5. Random seed: 8350
Solving with ultrametric constraint
Initial phi: 0.7034649232086807. Initial nu: 0.16196609652146704. Initial nllh: 439.35115629021027
EM finished after 14 iterations.
Optimal point found for initial point 5
Negative llh: 106.74291595369161
Dropout rate: 0
Silencing rate: 1.007055462601398e-06
Initial point 6. Random seed: 5661
Solving with ultrametric constraint
Initial phi: 0.37636949584019475. Initial nu: 0.289706549005056. Initial nllh: 259.1258486699866
EM finished after 16 iterations.
Optimal point found for initial point 6
Negative llh: 106.74291595309393
Dropout rate: 0
Silencing rate: 1.0062329835782693e-06
Initial point 7. Random seed: 4543
Solving with ultrametric constraint
Initial phi: 0.807478129795296. Initial nu: 0.8249918559723393. Initial nllh: 619.4295702325064
EM finished after 20 iterations.
Optimal point found for initial point 7
Negative llh: 106.7429152301227
Dropout rate: 0
Silencing rate: 1.0058978339250056e-06
Initial point 8. Random seed: 3568
Solving with ultrametric constraint
Initial phi: 0.6991173974950418. Initial nu: 0.4589974176198242. Initial nllh: 465.92768265569157
EM finished after 17 iterations.
Optimal point found for initial point 8
Negative llh: 106.74291660970903
Dropout rate: 0
Silencing rate: 1.0070214295167508e-06
Initial point 9. Random seed: 7928
Solving with ultrametric constraint
Initial phi: 0.6191112604246864. Initial nu: 0.1444055507826866. Initial nllh: 372.4673645818418
EM finished after 14 iterations.
Optimal point found for initial point 9
Negative llh: 106.74291553840987
Dropout rate: 0
Silencing rate: 1.0063692577618492e-06
Initial point 10. Random seed: 4164
Solving with ultrametric constraint
Initial phi: 0.3020565760675926. Initial nu: 0.05518190143692742. Initial nllh: 205.88360587925112
EM finished after 12 iterations.
Optimal point found for initial point 10
Negative llh: 106.7429145503557
Dropout rate: 0
Silencing rate: 1.0062127795256317e-06
Traceback (most recent call last):
  File "/u/gh2161/problin/run_problin.py", line 193, in <module>
    main()
  File "/u/gh2161/problin/run_problin.py", line 172, in main
    fout.write("Sigma: " + str(opt_params['sigma']) + "\n")
KeyError: 'sigma'
