Launching Problin version 0.5b
Problin was called as follow: /u/gh2161/Spatial-Division/problin/run_problin.py -c real_location_data/s20c2/k10_r3_character_matrix.csv -t real_location_data/s20c2/true_tree.nwk -S real_location_data/s20c2/leaf_locations.txt --delimiter comma -p real_location_data/s20c2/k10_priors.csv -o real_location_data/s20c2/k10_r3_spalin-divide-beta1.txt --nInitials 10 --ultrametric --randomreps 3 --divide --given_beta 1 --incl_beta_bound
Optimization by Spalin-Divide: Scipy-SLSQP using spatial information
Optimizing branch lengths, phi, and nu without topology search
Initial point 1. Random seed: 7173
Solving with ultrametric constraint
Optimal point found for initial point 1
Negative llh: 244.56987496830396
Dropout rate: 1.0000000000000007e-10
Silencing rate: 9.999999999999996e-11
Sigma: 5.553542964372182
Initial point 2. Random seed: 3326
Solving with ultrametric constraint
Optimal point found for initial point 2
Negative llh: 244.5698745497667
Dropout rate: 1e-10
Silencing rate: 1e-10
Sigma: 5.553521410042063
Initial point 3. Random seed: 5817
Solving with ultrametric constraint
Optimal point found for initial point 3
Negative llh: 244.5698772416268
Dropout rate: 7.055664286665657e-10
Silencing rate: 5.22062055496555e-10
Sigma: 5.553321997280336
Initial point 4. Random seed: 9715
Solving with ultrametric constraint
Optimal point found for initial point 4
Negative llh: 244.5698745408341
Dropout rate: 1e-10
Silencing rate: 1e-10
Sigma: 5.5535535820613
Initial point 5. Random seed: 6414
Solving with ultrametric constraint
Optimal point found for initial point 5
Negative llh: 244.56987444331975
Dropout rate: 1e-10
Silencing rate: 1e-10
Sigma: 5.5535442087499085
Initial point 6. Random seed: 1857
Solving with ultrametric constraint
Optimal point found for initial point 6
Negative llh: 244.56987537274927
Dropout rate: 1e-10
Silencing rate: 1e-10
Sigma: 5.553501108653288
Initial point 7. Random seed: 2170
Solving with ultrametric constraint
Optimal point found for initial point 7
Negative llh: 244.56987940990868
Dropout rate: 1e-10
Silencing rate: 1e-10
Sigma: 5.553211982048694
Initial point 8. Random seed: 8943
Solving with ultrametric constraint
Optimal point found for initial point 8
Negative llh: 244.56987448622277
Dropout rate: 3.7611402657645435e-10
Silencing rate: 2.4561801456333846e-10
Sigma: 5.553510367231187
Initial point 9. Random seed: 4821
Solving with ultrametric constraint
Optimal point found for initial point 9
Negative llh: 244.5698756116146
Dropout rate: 1.3354115044065621e-10
Silencing rate: 2.0383657619029727e-10
Sigma: 5.55350214298106
Initial point 10. Random seed: 1338
Solving with ultrametric constraint
Optimal point found for initial point 10
Negative llh: 244.56987673579067
Dropout rate: 3.914076413973453e-10
Silencing rate: 2.9630746244934946e-10
Sigma: 5.55339603320178
Runtime (s): 1566.6673037614673
