Launching Problin version 0.5b
Problin was called as follow: /u/gh2161/Spatial-Division/problin/run_problin.py -c real_location_data/s20c2/k10_r4_character_matrix.csv -t real_location_data/s20c2/true_tree.nwk -S real_location_data/s20c2/leaf_locations.txt --delimiter comma -p real_location_data/s20c2/k10_priors.csv -o real_location_data/s20c2/k10_r4_spalin-divide-beta3.txt --nInitials 10 --ultrametric --randomreps 3 --divide --given_beta 3 --incl_beta_bound
Optimization by Spalin-Divide: Scipy-SLSQP using spatial information
Optimizing branch lengths, phi, and nu without topology search
Initial point 1. Random seed: 1142
Solving with ultrametric constraint
Optimal point found for initial point 1
Negative llh: 262.968083017091
Dropout rate: 1.0000000000000002e-10
Silencing rate: 1e-10
Sigma: 5.530603518855451
Initial point 2. Random seed: 9610
Solving with ultrametric constraint
Optimal point found for initial point 2
Negative llh: 262.9680831060607
Dropout rate: 1e-10
Silencing rate: 1e-10
Sigma: 5.530600672265839
Initial point 3. Random seed: 3842
Solving with ultrametric constraint
Optimal point found for initial point 3
Negative llh: 262.9680842525467
Dropout rate: 1.0000000000000007e-10
Silencing rate: 9.999999999999996e-11
Sigma: 5.530878213589337
Initial point 4. Random seed: 1014
Solving with ultrametric constraint
Optimal point found for initial point 4
Negative llh: 262.96808254948604
Dropout rate: 1.6599251160987189e-10
Silencing rate: 1.2767088666751913e-10
Sigma: 5.530596144867517
Initial point 5. Random seed: 9580
Solving with ultrametric constraint
Optimal point found for initial point 5
Negative llh: 262.9680831800066
Dropout rate: 4.0571664443784425e-10
Silencing rate: 2.370851708488203e-10
Sigma: 5.5305915054730805
Initial point 6. Random seed: 8857
Solving with ultrametric constraint
Optimal point found for initial point 6
Negative llh: 262.96808296113136
Dropout rate: 9.999999999999996e-11
Silencing rate: 1.0000000000000002e-10
Sigma: 5.530611280758585
Initial point 7. Random seed: 804
Solving with ultrametric constraint
Fatal: failed to optimize using initial point 7
Initial point 8. Random seed: 6954
Solving with ultrametric constraint
Optimal point found for initial point 8
Negative llh: 262.96808275028263
Dropout rate: 1e-10
Silencing rate: 1e-10
Sigma: 5.530660046122628
Initial point 9. Random seed: 2560
Solving with ultrametric constraint
Optimal point found for initial point 9
Negative llh: 262.9680833284136
Dropout rate: 6.279814867258235e-10
Silencing rate: 2.542763367584469e-10
Sigma: 5.530588498823128
Initial point 10. Random seed: 3287
Solving with ultrametric constraint
Fatal: failed to optimize using initial point 10
Runtime (s): 1471.8148463880061
