Launching Problin version 0.5b
Problin was called as follow: /u/gh2161/Spatial-Division/problin/run_problin.py -c real_location_data/s20c2/k10_r2_character_matrix.csv -t real_location_data/s20c2/true_tree.nwk -S real_location_data/s20c2/leaf_locations.txt --delimiter comma -p real_location_data/s20c2/k10_priors.csv -o real_location_data/s20c2/k10_r2_spalin.txt --nInitials 10 --ultrametric --randomreps 3
Optimization by Spalin: Scipy-SLSQP using spatial information
Optimizing branch lengths, phi, and nu without topology search
Initial point 1. Random seed: 2726
Solving with ultrametric constraint
Optimal point found for initial point 1
Negative llh: 242.7575099038241
Dropout rate: 1e-10
Silencing rate: 1e-10
Sigma: 37.39901604503495
Initial point 2. Random seed: 364
Solving with ultrametric constraint
Optimal point found for initial point 2
Negative llh: 242.75750985681765
Dropout rate: 2.450582474404314e-10
Silencing rate: 1.6432511759544794e-10
Sigma: 37.399480997795486
Initial point 3. Random seed: 9728
Solving with ultrametric constraint
Optimal point found for initial point 3
Negative llh: 242.7575099928145
Dropout rate: 1e-10
Silencing rate: 1.0000000000000002e-10
Sigma: 37.39931931843255
Initial point 4. Random seed: 2897
Solving with ultrametric constraint
Optimal point found for initial point 4
Negative llh: 242.7575100462389
Dropout rate: 1.4252136051263223e-10
Silencing rate: 1.873485245334275e-10
Sigma: 37.39993010758314
Initial point 5. Random seed: 1459
Solving with ultrametric constraint
Optimal point found for initial point 5
Negative llh: 242.75751003301633
Dropout rate: 4.86180974047907e-10
Silencing rate: 3.7216699353675174e-10
Sigma: 37.39859276376416
Initial point 6. Random seed: 7577
Solving with ultrametric constraint
Optimal point found for initial point 6
Negative llh: 242.7575103088329
Dropout rate: 1.2671869944944063e-09
Silencing rate: 1.1276164139797026e-09
Sigma: 37.39908888454259
Initial point 7. Random seed: 5778
Solving with ultrametric constraint
Optimal point found for initial point 7
Negative llh: 242.75750987134847
Dropout rate: 1.0000000000000007e-10
Silencing rate: 1.0000000000000002e-10
Sigma: 37.39947301237544
Initial point 8. Random seed: 4634
Solving with ultrametric constraint
Optimal point found for initial point 8
Negative llh: 242.75751000680566
Dropout rate: 1e-10
Silencing rate: 1e-10
Sigma: 37.400192329792276
Initial point 9. Random seed: 2651
Solving with ultrametric constraint
Optimal point found for initial point 9
Negative llh: 242.75750989343388
Dropout rate: 1.0213152093188246e-10
Silencing rate: 1.1918052137343475e-10
Sigma: 37.39908483538633
Initial point 10. Random seed: 5665
Solving with ultrametric constraint
Optimal point found for initial point 10
Negative llh: 242.75750996548143
Dropout rate: 6.2679452900571e-10
Silencing rate: 4.2907333742602754e-10
Sigma: 37.39972446828003
Traceback (most recent call last):
  File "/u/gh2161/Spatial-Division/problin/run_problin.py", line 223, in <module>
    main()
  File "/u/gh2161/Spatial-Division/problin/run_problin.py", line 214, in main
    for cell in mySolver.params.displacement_amounts:
AttributeError: 'Params' object has no attribute 'displacement_amounts'
