Launching Problin version 0.5b
Problin was called as follow: /u/gh2161/Spatial-Division/problin/run_problin.py -c real_location_data/s20c2/k10_r1_character_matrix.csv -t real_location_data/s20c2/true_tree.nwk -S real_location_data/s20c2/leaf_locations.txt --delimiter comma -p real_location_data/s20c2/k10_priors.csv -o real_location_data/s20c2/k10_r1_spalin-divide-beta1.txt --nInitials 10 --ultrametric --randomreps 3 --divide --given_beta 1 --incl_beta_bound
Optimization by Spalin-Divide: Scipy-SLSQP using spatial information
Optimizing branch lengths, phi, and nu without topology search
Initial point 1. Random seed: 1458
Solving with ultrametric constraint
Optimal point found for initial point 1
Negative llh: 276.41447445650954
Dropout rate: 1.626632407188189e-10
Silencing rate: 1.2190955179258503e-10
Sigma: 5.911210674883697
Initial point 2. Random seed: 9615
Solving with ultrametric constraint
Optimal point found for initial point 2
Negative llh: 276.41447466794966
Dropout rate: 1e-10
Silencing rate: 1e-10
Sigma: 5.911307989680659
Initial point 3. Random seed: 1890
Solving with ultrametric constraint
Optimal point found for initial point 3
Negative llh: 276.41447451806107
Dropout rate: 1.3328677439873114e-10
Silencing rate: 2.3077409559893477e-10
Sigma: 5.91128964025069
Initial point 4. Random seed: 8316
Solving with ultrametric constraint
Optimal point found for initial point 4
Negative llh: 276.414474626016
Dropout rate: 1e-10
Silencing rate: 1e-10
Sigma: 5.911317765919266
Initial point 5. Random seed: 8065
Solving with ultrametric constraint
Optimal point found for initial point 5
Negative llh: 276.41447439477463
Dropout rate: 1e-10
Silencing rate: 1e-10
Sigma: 5.9112809436601825
Initial point 6. Random seed: 7794
Solving with ultrametric constraint
Optimal point found for initial point 6
Negative llh: 276.4144749549414
Dropout rate: 1e-10
Silencing rate: 1e-10
Sigma: 5.911217169154774
Initial point 7. Random seed: 9838
Solving with ultrametric constraint
Optimal point found for initial point 7
Negative llh: 276.41447471860124
Dropout rate: 9.09947307737753e-10
Silencing rate: 6.207559872891556e-10
Sigma: 5.911412188050971
Initial point 8. Random seed: 1704
Solving with ultrametric constraint
Optimal point found for initial point 8
Negative llh: 276.4144754435813
Dropout rate: 4.1219972762430887e-10
Silencing rate: 3.4786758869436755e-10
Sigma: 5.911274661124358
Initial point 9. Random seed: 3786
Solving with ultrametric constraint
Optimal point found for initial point 9
Negative llh: 276.41447431643127
Dropout rate: 3.5409583068448315e-10
Silencing rate: 2.3602564478173547e-10
Sigma: 5.911294565387812
Initial point 10. Random seed: 2230
Solving with ultrametric constraint
Optimal point found for initial point 10
Negative llh: 276.4144740265762
Dropout rate: 1e-10
Silencing rate: 1e-10
Sigma: 5.911290346648603
Runtime (s): 1032.1701532129955
