Launching Problin version 0.5b
Problin was called as follow: /u/gh2161/problin/run_problin.py -c simulated_data/s20c2/k10_r4_character_matrix.csv -t simulated_data/s20c2/true_tree.nwk -S simulated_data/s20c2/leaf_locations.txt --delimiter comma -p simulated_data/s20c2/k10_priors.csv -o simulated_data/s20c2/k10_r4_spalin_leaves_newfelsen.txt --nInitials 10 --ultrametric --randomreps 3
Optimization by Spalin: Scipy-SLSQP using spatial information
Optimizing branch lengths, phi, and nu without topology search
Initial point 1. Random seed: 4743
Solving with ultrametric constraint
Optimal point found for initial point 1
Negative llh: 238.65194495702477
Dropout rate: 9.498120670093984e-10
Silencing rate: 4.6237464867611186e-10
Sigma: 8.138324720779373
Initial point 2. Random seed: 8653
Solving with ultrametric constraint
Optimal point found for initial point 2
Negative llh: 238.65194488591086
Dropout rate: 1e-10
Silencing rate: 1e-10
Sigma: 8.138803405546405
Initial point 3. Random seed: 3329
Solving with ultrametric constraint
Optimal point found for initial point 3
Negative llh: 238.65194497665476
Dropout rate: 1.0000000000000007e-10
Silencing rate: 1.0000000000000007e-10
Sigma: 8.13910910292219
Initial point 4. Random seed: 9412
Solving with ultrametric constraint
Optimal point found for initial point 4
Negative llh: 238.65194512760615
Dropout rate: 6.78755700194651e-10
Silencing rate: 6.77549209516802e-10
Sigma: 8.138401180737734
Initial point 5. Random seed: 2898
Solving with ultrametric constraint
Optimal point found for initial point 5
Negative llh: 238.65194636065124
Dropout rate: 1.0000000000000007e-10
Silencing rate: 1.0000000000000007e-10
Sigma: 8.140510470576128
Initial point 6. Random seed: 7880
Solving with ultrametric constraint
Optimal point found for initial point 6
Negative llh: 238.65194513752934
Dropout rate: 1e-10
Silencing rate: 1e-10
Sigma: 8.137907774835531
Initial point 7. Random seed: 8414
Solving with ultrametric constraint
Optimal point found for initial point 7
Negative llh: 238.65194711865098
Dropout rate: 8.62166459882929e-09
Silencing rate: 8.35130181005753e-09
Sigma: 8.13877266081595
Initial point 8. Random seed: 5862
Solving with ultrametric constraint
Optimal point found for initial point 8
Negative llh: 238.65194502288534
Dropout rate: 1e-10
Silencing rate: 1e-10
Sigma: 8.1390240000101
Initial point 9. Random seed: 7421
Solving with ultrametric constraint
Optimal point found for initial point 9
Negative llh: 238.65195383314057
Dropout rate: 2.5615443841627058e-08
Silencing rate: 2.919252545580562e-08
Sigma: 8.137251023686233
Initial point 10. Random seed: 1615
Solving with ultrametric constraint
Optimal point found for initial point 10
Negative llh: 238.65194508879557
Dropout rate: 1.127107677364545e-09
Silencing rate: 1.639583802392903e-09
Sigma: 8.138800020859875
Runtime (s): 191.26909569650888
