Launching Problin version 0.5b
Problin was called as follow: /u/gh2161/problin/run_problin.py -c simulated_data/s20c2/k10_r2_character_matrix.csv -t simulated_data/s20c2/true_tree.nwk -S simulated_data/s20c2/leaf_locations.txt --delimiter comma -p simulated_data/s20c2/k10_priors.csv -o simulated_data/s20c2/k10_r2_spalin_leaves_newfelsen.txt --nInitials 10 --ultrametric --randomreps 3
Optimization by Spalin: Scipy-SLSQP using spatial information
Optimizing branch lengths, phi, and nu without topology search
Initial point 1. Random seed: 9552
Solving with ultrametric constraint
Optimal point found for initial point 1
Negative llh: 242.75750988071434
Dropout rate: 1.0000000000000007e-10
Silencing rate: 9.999999999999996e-11
Sigma: 8.392413472839431
Initial point 2. Random seed: 910
Solving with ultrametric constraint
Optimal point found for initial point 2
Negative llh: 242.75750994106977
Dropout rate: 1.0000000000000007e-10
Silencing rate: 1.0000000000000007e-10
Sigma: 8.392258075204492
Initial point 3. Random seed: 4381
Solving with ultrametric constraint
Optimal point found for initial point 3
Negative llh: 242.75751047536582
Dropout rate: 1.0000000000000007e-10
Silencing rate: 9.999999999999996e-11
Sigma: 8.392665942595489
Initial point 4. Random seed: 8844
Solving with ultrametric constraint
Optimal point found for initial point 4
Negative llh: 242.75751073360283
Dropout rate: 1.5356551075830624e-09
Silencing rate: 2.4032291098515386e-09
Sigma: 8.392755264636104
Initial point 5. Random seed: 2499
Solving with ultrametric constraint
Optimal point found for initial point 5
Negative llh: 242.75751001796215
Dropout rate: 1e-10
Silencing rate: 1e-10
Sigma: 8.392150002660438
Initial point 6. Random seed: 4230
Solving with ultrametric constraint
Optimal point found for initial point 6
Negative llh: 242.75751073884112
Dropout rate: 1.106420815611851e-09
Silencing rate: 5.913855646012416e-10
Sigma: 8.392572649712458
Initial point 7. Random seed: 5630
Solving with ultrametric constraint
Optimal point found for initial point 7
Negative llh: 242.75751023614626
Dropout rate: 3.926694775893552e-10
Silencing rate: 4.4304845488634433e-10
Sigma: 8.392010274040356
Initial point 8. Random seed: 7785
Solving with ultrametric constraint
Optimal point found for initial point 8
Negative llh: 242.75750994374215
Dropout rate: 1.000000000000009e-10
Silencing rate: 1.000000000000009e-10
Sigma: 8.392247082157558
Initial point 9. Random seed: 5805
Solving with ultrametric constraint
Optimal point found for initial point 9
Negative llh: 242.75751076392123
Dropout rate: 1e-10
Silencing rate: 1e-10
Sigma: 8.393878154890237
Initial point 10. Random seed: 8818
Solving with ultrametric constraint
Optimal point found for initial point 10
Negative llh: 242.75751072959724
Dropout rate: 1e-10
Silencing rate: 1e-10
Sigma: 8.391682228068793
Runtime (s): 194.41999342665076
