Launching Problin version 0.5b
Problin was called as follow: /u/gh2161/Spatial-Division/problin/run_problin.py -c real_location_data/s20c2/k10_r1_character_matrix.csv -t real_location_data/s20c2/true_tree.nwk -S real_location_data/s20c2/leaf_locations.txt --delimiter comma -p real_location_data/s20c2/k10_priors.csv -o real_location_data/s20c2/k10_r1_spalin.txt --nInitials 10 --ultrametric --randomreps 3
Optimization by Spalin: Scipy-SLSQP using spatial information
Optimizing branch lengths, phi, and nu without topology search
Initial point 1. Random seed: 4517
Solving with ultrametric constraint
Optimal point found for initial point 1
Negative llh: 245.885211677553
Dropout rate: 1.1602378935343116e-09
Silencing rate: 1.8944011734461128e-10
Sigma: 37.11312945714641
Initial point 2. Random seed: 6117
Solving with ultrametric constraint
Optimal point found for initial point 2
Negative llh: 245.88521120306982
Dropout rate: 1.0000000000000007e-10
Silencing rate: 1.0000000000000007e-10
Sigma: 37.11811799401298
Initial point 3. Random seed: 7622
Solving with ultrametric constraint
Optimal point found for initial point 3
Negative llh: 245.88521181631705
Dropout rate: 1.288286831546249e-09
Silencing rate: 1.2357551435038756e-09
Sigma: 37.11940216902968
Initial point 4. Random seed: 4898
Solving with ultrametric constraint
Optimal point found for initial point 4
Negative llh: 245.88521167486746
Dropout rate: 1.0000000000000002e-10
Silencing rate: 1.0000000000000002e-10
Sigma: 37.11638492481262
Initial point 5. Random seed: 665
Solving with ultrametric constraint
Optimal point found for initial point 5
Negative llh: 245.88521129660896
Dropout rate: 1e-10
Silencing rate: 1e-10
Sigma: 37.11756744074803
Initial point 6. Random seed: 9154
Solving with ultrametric constraint
Optimal point found for initial point 6
Negative llh: 245.88521139845193
Dropout rate: 4.008080433475603e-10
Silencing rate: 1.4440493082563084e-10
Sigma: 37.11797584647024
Initial point 7. Random seed: 8071
Solving with ultrametric constraint
Optimal point found for initial point 7
Negative llh: 245.88521157357337
Dropout rate: 2.1527479578462504e-09
Silencing rate: 1.1055147515650612e-09
Sigma: 37.11872483379775
Initial point 8. Random seed: 3418
Solving with ultrametric constraint
Optimal point found for initial point 8
Negative llh: 245.88521136974168
Dropout rate: 1.3955450916530851e-09
Silencing rate: 6.072473114266704e-10
Sigma: 37.11734071619359
Initial point 9. Random seed: 4334
Solving with ultrametric constraint
Optimal point found for initial point 9
Negative llh: 245.8852114301006
Dropout rate: 1e-10
Silencing rate: 1e-10
Sigma: 37.11857193824294
Initial point 10. Random seed: 7232
Solving with ultrametric constraint
Optimal point found for initial point 10
Negative llh: 245.8852110848333
Dropout rate: 1e-10
Silencing rate: 1e-10
Sigma: 37.11763066177789
Traceback (most recent call last):
  File "/u/gh2161/Spatial-Division/problin/run_problin.py", line 223, in <module>
    main()
  File "/u/gh2161/Spatial-Division/problin/run_problin.py", line 214, in main
    for cell in mySolver.params.displacement_amounts:
AttributeError: 'Params' object has no attribute 'displacement_amounts'
