Launching Problin version 0.5b
Problin was called as follow: /u/gh2161/Spatial-Division/problin/run_problin.py -c real_location_data/s20c2/k10_r5_character_matrix.csv -t real_location_data/s20c2/true_tree.nwk -S real_location_data/s20c2/leaf_locations.txt --delimiter comma -p real_location_data/s20c2/k10_priors.csv -o real_location_data/s20c2/k10_r5_spalin-divide-beta05.txt --nInitials 10 --ultrametric --randomreps 3 --divide --given_beta 0.5 --incl_beta_bound
Optimization by Spalin-Divide: Scipy-SLSQP using spatial information
Optimizing branch lengths, phi, and nu without topology search
Initial point 1. Random seed: 5132
Solving with ultrametric constraint
Optimal point found for initial point 1
Negative llh: 260.21665593150016
Dropout rate: 8.746754817347506e-10
Silencing rate: 3.2498758112148145e-10
Sigma: 6.296634342414499
Initial point 2. Random seed: 6567
Solving with ultrametric constraint
Optimal point found for initial point 2
Negative llh: 260.2166557595617
Dropout rate: 3.38265007846055e-10
Silencing rate: 1.968662687215494e-10
Sigma: 6.2966378707150445
Initial point 3. Random seed: 5816
Solving with ultrametric constraint
Optimal point found for initial point 3
Negative llh: 260.2166564033322
Dropout rate: 1.1088589799634078e-09
Silencing rate: 4.224164192654482e-10
Sigma: 6.296593221664116
Initial point 4. Random seed: 8380
Solving with ultrametric constraint
Optimal point found for initial point 4
Negative llh: 260.2166585672487
Dropout rate: 1e-10
Silencing rate: 1e-10
Sigma: 6.296507203889581
Initial point 5. Random seed: 212
Solving with ultrametric constraint
Optimal point found for initial point 5
Negative llh: 260.21665688194
Dropout rate: 1.0000000000000002e-10
Silencing rate: 1.0000000000000002e-10
Sigma: 6.296461821237342
Initial point 6. Random seed: 410
Solving with ultrametric constraint
Optimal point found for initial point 6
Negative llh: 260.2166557001211
Dropout rate: 1e-10
Silencing rate: 2.8436589635519656e-10
Sigma: 6.296624276886033
Initial point 7. Random seed: 5791
Solving with ultrametric constraint
Optimal point found for initial point 7
Negative llh: 260.2166567665204
Dropout rate: 1e-10
Silencing rate: 1e-10
Sigma: 6.296738471925382
Initial point 8. Random seed: 4194
Solving with ultrametric constraint
Optimal point found for initial point 8
Negative llh: 260.21665694168394
Dropout rate: 1e-10
Silencing rate: 1e-10
Sigma: 6.296756131732975
Initial point 9. Random seed: 8116
Solving with ultrametric constraint
Optimal point found for initial point 9
Negative llh: 260.21665876234994
Dropout rate: 7.512058108480436e-10
Silencing rate: 5.489639576654864e-10
Sigma: 6.29675012822863
Initial point 10. Random seed: 3934
Solving with ultrametric constraint
Optimal point found for initial point 10
Negative llh: 260.2166564680923
Dropout rate: 1e-10
Silencing rate: 1e-10
Sigma: 6.296692132015171
Runtime (s): 1049.0157224517316
