Launching Problin version 0.5b
Problin was called as follow: /u/gh2161/Spatial-Division/problin/run_problin.py -c real_location_data/s20c2/k10_r5_character_matrix.csv -t real_location_data/s20c2/true_tree.nwk -S real_location_data/s20c2/leaf_locations.txt --delimiter comma -p real_location_data/s20c2/k10_priors.csv -o real_location_data/s20c2/k10_r5_spalin-divide-beta3.txt --nInitials 10 --ultrametric --randomreps 3 --divide --given_beta 3 --incl_beta_bound
Optimization by Spalin-Divide: Scipy-SLSQP using spatial information
Optimizing branch lengths, phi, and nu without topology search
Initial point 1. Random seed: 561
Solving with ultrametric constraint
Optimal point found for initial point 1
Negative llh: 252.61149126686666
Dropout rate: 1.213600175270715e-10
Silencing rate: 1.0738861913099042e-10
Sigma: 5.813181631448461
Initial point 2. Random seed: 5277
Solving with ultrametric constraint
Optimal point found for initial point 2
Negative llh: 252.6114911474047
Dropout rate: 1.005590415153988e-10
Silencing rate: 1.0019335959404354e-10
Sigma: 5.813024792939362
Initial point 3. Random seed: 7487
Solving with ultrametric constraint
Optimal point found for initial point 3
Negative llh: 252.6114914690847
Dropout rate: 1.2515339806982016e-10
Silencing rate: 1.0870053089198996e-10
Sigma: 5.813147292719333
Initial point 4. Random seed: 7186
Solving with ultrametric constraint
Optimal point found for initial point 4
Negative llh: 252.61149124600428
Dropout rate: 1.6769363056564317e-10
Silencing rate: 1.2341417660003128e-10
Sigma: 5.813187659759594
Initial point 5. Random seed: 2189
Solving with ultrametric constraint
Optimal point found for initial point 5
Negative llh: 252.61149122360615
Dropout rate: 2.3389973781268994e-10
Silencing rate: 1.4631756497267481e-10
Sigma: 5.813206873486809
Initial point 6. Random seed: 5627
Solving with ultrametric constraint
Optimal point found for initial point 6
Negative llh: 252.6114924100607
Dropout rate: 8.928379365215613e-10
Silencing rate: 4.4889280271928435e-10
Sigma: 5.812935975378649
Initial point 7. Random seed: 3398
Solving with ultrametric constraint
Optimal point found for initial point 7
Negative llh: 252.61149104172597
Dropout rate: 1.7362417091754408e-10
Silencing rate: 1.254666976074861e-10
Sigma: 5.813185021952263
Initial point 8. Random seed: 4451
Solving with ultrametric constraint
Optimal point found for initial point 8
Negative llh: 252.61149259311006
Dropout rate: 2.5100815130953597e-10
Silencing rate: 2.0607259126716708e-10
Sigma: 5.813447614961204
Initial point 9. Random seed: 2865
Solving with ultrametric constraint
Optimal point found for initial point 9
Negative llh: 252.6114938430313
Dropout rate: 3.1306991109783792e-09
Silencing rate: 1.7998602409938338e-09
Sigma: 5.813219452849645
Initial point 10. Random seed: 285
Solving with ultrametric constraint
Optimal point found for initial point 10
Negative llh: 252.61149118931576
Dropout rate: 1e-10
Silencing rate: 1e-10
Sigma: 5.813205123716007
Runtime (s): 1601.7543881079764
