Launching Problin version 0.5b
Problin was called as follow: /u/gh2161/Spatial-Division/problin/run_problin.py -c real_location_data/s20c2/k10_r3_character_matrix.csv -t real_location_data/s20c2/true_tree.nwk -S real_location_data/s20c2/leaf_locations.txt --delimiter comma -p real_location_data/s20c2/k10_priors.csv -o real_location_data/s20c2/k10_r3_spalin.txt --nInitials 10 --ultrametric --randomreps 3
Optimization by Spalin: Scipy-SLSQP using spatial information
Optimizing branch lengths, phi, and nu without topology search
Initial point 1. Random seed: 9860
Solving with ultrametric constraint
Optimal point found for initial point 1
Negative llh: 214.22007130662752
Dropout rate: 1.5603803570628282e-09
Silencing rate: 1e-10
Sigma: 32.798846209042836
Initial point 2. Random seed: 3093
Solving with ultrametric constraint
Optimal point found for initial point 2
Negative llh: 214.22007070000257
Dropout rate: 1.0000000000000007e-10
Silencing rate: 1.0000000000000007e-10
Sigma: 32.79794156947678
Initial point 3. Random seed: 1287
Solving with ultrametric constraint
Optimal point found for initial point 3
Negative llh: 214.2200709860344
Dropout rate: 1.0000000000000002e-10
Silencing rate: 1.0000000000000002e-10
Sigma: 32.79792823510112
Initial point 4. Random seed: 3894
Solving with ultrametric constraint
Optimal point found for initial point 4
Negative llh: 214.22007085267205
Dropout rate: 1e-10
Silencing rate: 1e-10
Sigma: 32.79994139705096
Initial point 5. Random seed: 3545
Solving with ultrametric constraint
Optimal point found for initial point 5
Negative llh: 214.2200706216018
Dropout rate: 1.7844320683264932e-10
Silencing rate: 2.621709555892836e-10
Sigma: 32.798774738145944
Initial point 6. Random seed: 9613
Solving with ultrametric constraint
Optimal point found for initial point 6
Negative llh: 214.22007054356297
Dropout rate: 1e-10
Silencing rate: 1.0000000000000002e-10
Sigma: 32.79889621922588
Initial point 7. Random seed: 773
Solving with ultrametric constraint
Optimal point found for initial point 7
Negative llh: 214.22007050772226
Dropout rate: 1e-10
Silencing rate: 1e-10
Sigma: 32.79871659627254
Initial point 8. Random seed: 2260
Solving with ultrametric constraint
Optimal point found for initial point 8
Negative llh: 214.2200705600369
Dropout rate: 1e-10
Silencing rate: 1e-10
Sigma: 32.79884077803164
Initial point 9. Random seed: 8579
Solving with ultrametric constraint
Optimal point found for initial point 9
Negative llh: 214.2200708035038
Dropout rate: 6.859003506619637e-10
Silencing rate: 5.515550381262676e-10
Sigma: 32.79788427685093
Initial point 10. Random seed: 5037
Solving with ultrametric constraint
Optimal point found for initial point 10
Negative llh: 214.22007099258317
Dropout rate: 1e-10
Silencing rate: 1e-10
Sigma: 32.8027248594404
Traceback (most recent call last):
  File "/u/gh2161/Spatial-Division/problin/run_problin.py", line 223, in <module>
    main()
  File "/u/gh2161/Spatial-Division/problin/run_problin.py", line 214, in main
    for cell in mySolver.params.displacement_amounts:
AttributeError: 'Params' object has no attribute 'displacement_amounts'
