Launching Problin version 0.5b
Problin was called as follow: /u/gh2161/problin/run_problin.py -c simulated_data/s20c2/k10_r3_character_matrix.csv -t simulated_data/s20c2/true_tree.nwk -S simulated_data/s20c2/true_locations.txt --delimiter comma -p simulated_data/s20c2/k10_priors.csv -o simulated_data/s20c2/k10_r3_spalin_all.txt --nInitials 10 --ultrametric --randomreps 3
Optimization by Spalin: Scipy-SLSQP using spatial information
Optimizing branch lengths, phi, and nu without topology search
Initial point 1. Random seed: 1761
Solving with ultrametric constraint
Optimal point found for initial point 1
Negative llh: 299.9479533021636
Dropout rate: 9.527683017045976e-10
Silencing rate: 6.749822278156928e-10
Sigma: 28.212072265225316
Initial point 2. Random seed: 6336
Solving with ultrametric constraint
Optimal point found for initial point 2
Negative llh: 299.9479531219468
Dropout rate: 1e-10
Silencing rate: 1e-10
Sigma: 28.21277375830341
Initial point 3. Random seed: 7225
Solving with ultrametric constraint
Optimal point found for initial point 3
Negative llh: 299.94795210272804
Dropout rate: 1e-10
Silencing rate: 1e-10
Sigma: 28.211213460438216
Initial point 4. Random seed: 1988
Solving with ultrametric constraint
Optimal point found for initial point 4
Negative llh: 299.9479522030572
Dropout rate: 1e-10
Silencing rate: 1e-10
Sigma: 28.20991594391455
Initial point 5. Random seed: 8075
Solving with ultrametric constraint
Optimal point found for initial point 5
Negative llh: 299.94795214626737
Dropout rate: 2.983131843628483e-10
Silencing rate: 5.994113899204955e-10
Sigma: 28.210063772381517
Initial point 6. Random seed: 5447
Solving with ultrametric constraint
Optimal point found for initial point 6
Negative llh: 299.94795298311806
Dropout rate: 9.533936409003305e-10
Silencing rate: 2.412042666781137e-09
Sigma: 28.208444666456174
Initial point 7. Random seed: 2080
Solving with ultrametric constraint
Optimal point found for initial point 7
Negative llh: 299.9479522035951
Dropout rate: 1e-10
Silencing rate: 1e-10
Sigma: 28.21132506852119
Initial point 8. Random seed: 5035
Solving with ultrametric constraint
Optimal point found for initial point 8
Negative llh: 299.94795220500407
Dropout rate: 9.999999999999996e-11
Silencing rate: 1.0000000000000007e-10
Sigma: 28.21000139947817
Initial point 9. Random seed: 8357
Solving with ultrametric constraint
Optimal point found for initial point 9
Negative llh: 299.9479521054064
Dropout rate: 1.0000000000000002e-10
Silencing rate: 9.999999999999996e-11
Sigma: 28.21000592336711
Initial point 10. Random seed: 2513
Solving with ultrametric constraint
Optimal point found for initial point 10
Negative llh: 299.9479527538894
Dropout rate: 5.580769158658973e-10
Silencing rate: 6.914104273271476e-10
Sigma: 28.209347459570946
Runtime (s): 28.33251702133566
