Launching Problin version 0.5b
Problin was called as follow: /u/gh2161/Spatial-Division/problin/run_problin.py -c real_location_data/s20c2/k10_r2_character_matrix.csv -t real_location_data/s20c2/true_tree.nwk -S real_location_data/s20c2/leaf_locations.txt --delimiter comma -p real_location_data/s20c2/k10_priors.csv -o real_location_data/s20c2/k10_r2_spalin-divide-beta05.txt --nInitials 10 --ultrametric --randomreps 3 --divide --given_beta 0.5 --incl_beta_bound
Optimization by Spalin-Divide: Scipy-SLSQP using spatial information
Optimizing branch lengths, phi, and nu without topology search
Initial point 1. Random seed: 3308
Solving with ultrametric constraint
Optimal point found for initial point 1
Negative llh: 274.6076326021729
Dropout rate: 1e-10
Silencing rate: 1e-10
Sigma: 6.02514456562216
Initial point 2. Random seed: 4778
Solving with ultrametric constraint
Optimal point found for initial point 2
Negative llh: 274.60763242253074
Dropout rate: 1.0000000000000007e-10
Silencing rate: 9.999999999999996e-11
Sigma: 6.025248488670329
Initial point 3. Random seed: 2192
Solving with ultrametric constraint
Optimal point found for initial point 3
Negative llh: 274.60763272425464
Dropout rate: 1.7222284950156202e-09
Silencing rate: 1.0443796550520068e-09
Sigma: 6.025282073892552
Initial point 4. Random seed: 7295
Solving with ultrametric constraint
Optimal point found for initial point 4
Negative llh: 274.60763235826636
Dropout rate: 4.425865813378908e-10
Silencing rate: 2.34911388535193e-10
Sigma: 6.025147090015518
Initial point 5. Random seed: 7337
Solving with ultrametric constraint
Optimal point found for initial point 5
Negative llh: 274.6076324819463
Dropout rate: 5.282324846901174e-10
Silencing rate: 2.974193784759956e-10
Sigma: 6.025174797316393
Initial point 6. Random seed: 5896
Solving with ultrametric constraint
Optimal point found for initial point 6
Negative llh: 274.6076326931644
Dropout rate: 5.089929691454346e-10
Silencing rate: 3.170152432255201e-10
Sigma: 6.025229581513182
Initial point 7. Random seed: 4867
Solving with ultrametric constraint
Optimal point found for initial point 7
Negative llh: 274.60763232685616
Dropout rate: 1.0000000000000007e-10
Silencing rate: 9.999999999999996e-11
Sigma: 6.025137043140905
Initial point 8. Random seed: 101
Solving with ultrametric constraint
Optimal point found for initial point 8
Negative llh: 274.6076324015412
Dropout rate: 1e-10
Silencing rate: 1e-10
Sigma: 6.0252128768637245
Initial point 9. Random seed: 6717
Solving with ultrametric constraint
Optimal point found for initial point 9
Negative llh: 274.6076346962286
Dropout rate: 1e-10
Silencing rate: 1e-10
Sigma: 6.025466612901547
Initial point 10. Random seed: 7629
Solving with ultrametric constraint
Optimal point found for initial point 10
Negative llh: 274.6076328451743
Dropout rate: 1e-10
Silencing rate: 1e-10
Sigma: 6.0251585013993525
Runtime (s): 802.726201897487
