Launching Problin version 0.5b
Problin was called as follow: /u/gh2161/problin/run_problin.py -c simulated_data/s20c2/k10_r3_character_matrix.csv -t simulated_data/s20c2/true_tree.nwk --delimiter comma -p simulated_data/s20c2/k10_priors.csv -o simulated_data/s20c2/k10_r3_problin.txt --nInitials 10 --ultrametric --randomreps 3
Optimization by EM algorithm
Optimizing branch lengths, phi, and nu without topology search
Initial point 1. Random seed: 6912
Solving with ultrametric constraint
Initial phi: 0.7751344755494685. Initial nu: 0.7431166502432495. Initial nllh: 15353.66596552636
EM finished after 35 iterations.
Optimal point found for initial point 1
Negative llh: 80.4133071134295
Dropout rate: 0
Silencing rate: 7.581567878438295e-07
Initial point 2. Random seed: 6010
Solving with ultrametric constraint
Initial phi: 0.7248940947743124. Initial nu: 0.09381917061225731. Initial nllh: 334.7640414086064
EM finished after 20 iterations.
Optimal point found for initial point 2
Negative llh: 80.41330711976794
Dropout rate: 0
Silencing rate: 7.57633077549459e-07
Initial point 3. Random seed: 7720
Solving with ultrametric constraint
Initial phi: 0.4132154405998535. Initial nu: 0.6823880933080584. Initial nllh: 248.15891817214222
EM finished after 23 iterations.
Optimal point found for initial point 3
Negative llh: 80.41332262643901
Dropout rate: 0
Silencing rate: 7.691720235245401e-07
Initial point 4. Random seed: 2082
Solving with ultrametric constraint
Initial phi: 0.5238092794514683. Initial nu: 0.10025127820104057. Initial nllh: 231.1437797618622
EM finished after 13 iterations.
Optimal point found for initial point 4
Negative llh: 80.4133260575597
Dropout rate: 0
Silencing rate: 7.66577104059254e-07
Initial point 5. Random seed: 8858
Solving with ultrametric constraint
Initial phi: 0.4927207629967035. Initial nu: 0.475101285210825. Initial nllh: 255.6297635974757
EM finished after 23 iterations.
Optimal point found for initial point 5
Negative llh: 80.41331677719934
Dropout rate: 0
Silencing rate: 7.574464610601093e-07
Initial point 6. Random seed: 1720
Solving with ultrametric constraint
Initial phi: 0.7004001796752775. Initial nu: 0.6329119260084931. Initial nllh: 371.05636221445184
EM finished after 21 iterations.
Optimal point found for initial point 6
Negative llh: 80.41333277616137
Dropout rate: 0
Silencing rate: 7.670403966636161e-07
Initial point 7. Random seed: 2908
Solving with ultrametric constraint
Initial phi: 0.47248487314630905. Initial nu: 0.23742502925826525. Initial nllh: 225.05274646938105
EM finished after 18 iterations.
Optimal point found for initial point 7
Negative llh: 80.4133256154095
Dropout rate: 0
Silencing rate: 7.708199080344171e-07
Initial point 8. Random seed: 2586
Solving with ultrametric constraint
Initial phi: 0.6161697393353037. Initial nu: 0.06660486525632121. Initial nllh: 268.834612989646
EM finished after 18 iterations.
Optimal point found for initial point 8
Negative llh: 80.41330788989433
Dropout rate: 0
Silencing rate: 7.579930633130904e-07
Initial point 9. Random seed: 5242
Solving with ultrametric constraint
Initial phi: 0.1946196724913325. Initial nu: 0.9198517458263831. Initial nllh: 211.11978668259562
EM finished after 24 iterations.
Optimal point found for initial point 9
Negative llh: 80.41332154352975
Dropout rate: 0
Silencing rate: 7.58101005969728e-07
Initial point 10. Random seed: 4121
Solving with ultrametric constraint
Initial phi: 0.6581887169213985. Initial nu: 0.4848431559471281. Initial nllh: 331.59193893002515
EM finished after 23 iterations.
Optimal point found for initial point 10
Negative llh: 80.41331693788518
Dropout rate: 0
Silencing rate: 7.572749173941664e-07
Traceback (most recent call last):
  File "/u/gh2161/problin/run_problin.py", line 193, in <module>
    main()
  File "/u/gh2161/problin/run_problin.py", line 172, in main
    fout.write("Sigma: " + str(opt_params['sigma']) + "\n")
KeyError: 'sigma'
