Launching Problin version 0.5b
Problin was called as follow: /u/gh2161/Spatial-Division/problin/run_problin.py -c real_location_data/s10c4/k10_r1_character_matrix.csv -t real_location_data/s10c4/true_tree.nwk -S real_location_data/s10c4/leaf_locations.txt --delimiter comma -p real_location_data/s10c4/k10_priors.csv -o real_location_data/s10c4/k10_r1_spalin-divide-ignore-beta.txt --nInitials 10 --ultrametric --randomreps 3 --divide
Optimization by Spalin-Divide: Scipy-SLSQP using spatial information
Optimizing branch lengths, phi, and nu without topology search
Initial point 1. Random seed: 5041
Solving with ultrametric constraint
Optimal point found for initial point 1
Negative llh: 132.0020630233598
Dropout rate: 1.447400170748632e-10
Silencing rate: 1.1561863390435988e-10
Sigma: 6.15539018978085
Initial point 2. Random seed: 8124
Solving with ultrametric constraint
Optimal point found for initial point 2
Negative llh: 132.002064563251
Dropout rate: 1e-10
Silencing rate: 1e-10
Sigma: 6.155306354751057
Initial point 3. Random seed: 6768
Solving with ultrametric constraint
Optimal point found for initial point 3
Negative llh: 132.00206326931612
Dropout rate: 4.493544298432982e-10
Silencing rate: 3.07092155054136e-10
Sigma: 6.155405205224786
Initial point 4. Random seed: 5749
Solving with ultrametric constraint
Optimal point found for initial point 4
Negative llh: 132.0020629874725
Dropout rate: 4.5223886822871784e-10
Silencing rate: 3.873754461290913e-10
Sigma: 6.155371649240053
Initial point 5. Random seed: 6327
Solving with ultrametric constraint
Optimal point found for initial point 5
Negative llh: 132.00206312804477
Dropout rate: 1.0535876744181255e-10
Silencing rate: 1.0415624361863548e-10
Sigma: 6.155377222518097
Initial point 6. Random seed: 3863
Solving with ultrametric constraint
Optimal point found for initial point 6
Negative llh: 132.00206936192976
Dropout rate: 1.0273555034750915e-10
Silencing rate: 1.0234502896037022e-10
Sigma: 6.1553553533132535
Initial point 7. Random seed: 1764
Solving with ultrametric constraint
Optimal point found for initial point 7
Negative llh: 132.00206323683645
Dropout rate: 1.6950539611908218e-10
Silencing rate: 1.6031243592578466e-10
Sigma: 6.155331127168093
Initial point 8. Random seed: 2607
Solving with ultrametric constraint
Optimal point found for initial point 8
Negative llh: 132.0020636338479
Dropout rate: 1.3684731584174254e-10
Silencing rate: 1.101478410498068e-10
Sigma: 6.15533038091743
Initial point 9. Random seed: 6142
Solving with ultrametric constraint
Optimal point found for initial point 9
Negative llh: 132.00206735902484
Dropout rate: 1.250535358536326e-10
Silencing rate: 1.2687325645003373e-10
Sigma: 6.1551554115917195
Initial point 10. Random seed: 1310
Solving with ultrametric constraint
Optimal point found for initial point 10
Negative llh: 132.00206304290694
Dropout rate: 1.0000000000000002e-10
Silencing rate: 1.0000000000000002e-10
Sigma: 6.155439897761646
Runtime (s): 243.37882669601822
