Launching Problin version 0.5b
Problin was called as follow: /u/gh2161/Spatial-Division/problin/run_problin.py -c real_location_data/s10c4/k10_r5_character_matrix.csv -t real_location_data/s10c4/true_tree.nwk -S real_location_data/s10c4/leaf_locations.txt --delimiter comma -p real_location_data/s10c4/k10_priors.csv -o real_location_data/s10c4/k10_r5_spalin-divide-beta1.txt --nInitials 10 --ultrametric --randomreps 3 --divide --given_beta 1 --incl_beta_bound
Optimization by Spalin-Divide: Scipy-SLSQP using spatial information
Optimizing branch lengths, phi, and nu without topology search
Initial point 1. Random seed: 5922
Solving with ultrametric constraint
Optimal point found for initial point 1
Negative llh: 115.37301697717922
Dropout rate: 1.2413948075456378e-10
Silencing rate: 1.1403630874279736e-10
Sigma: 5.738650035982731
Initial point 2. Random seed: 5076
Solving with ultrametric constraint
Optimal point found for initial point 2
Negative llh: 115.37301697400139
Dropout rate: 1.0276310363476007e-10
Silencing rate: 1.0160643243237135e-10
Sigma: 5.738644278389928
Initial point 3. Random seed: 6314
Solving with ultrametric constraint
Optimal point found for initial point 3
Negative llh: 115.37302649714474
Dropout rate: 1.8735566641670185e-10
Silencing rate: 2.82985365466479e-10
Sigma: 5.739985967128252
Initial point 4. Random seed: 6027
Solving with ultrametric constraint
Optimal point found for initial point 4
Negative llh: 115.37301697879886
Dropout rate: 1e-10
Silencing rate: 1e-10
Sigma: 5.738627213569448
Initial point 5. Random seed: 1828
Solving with ultrametric constraint
Optimal point found for initial point 5
Negative llh: 115.37301699383387
Dropout rate: 2.287153574959688e-10
Silencing rate: 1.969609118180964e-10
Sigma: 5.738616568695303
Initial point 6. Random seed: 173
Solving with ultrametric constraint
Optimal point found for initial point 6
Negative llh: 115.3730203733549
Dropout rate: 1.0008956286921849e-10
Silencing rate: 1.2019039498379706e-10
Sigma: 5.739060601181622
Initial point 7. Random seed: 4660
Solving with ultrametric constraint
Optimal point found for initial point 7
Negative llh: 115.37301697432147
Dropout rate: 1.5129444205196508e-10
Silencing rate: 1.2985837151551956e-10
Sigma: 5.73862606595654
Initial point 8. Random seed: 3043
Solving with ultrametric constraint
Optimal point found for initial point 8
Negative llh: 115.37301948836719
Dropout rate: 1.650100578090039e-10
Silencing rate: 1.7783744753177767e-10
Sigma: 5.738826213377621
Initial point 9. Random seed: 3067
Solving with ultrametric constraint
Optimal point found for initial point 9
Negative llh: 115.37302574283429
Dropout rate: 1e-10
Silencing rate: 1e-10
Sigma: 5.738921430603432
Initial point 10. Random seed: 8865
Solving with ultrametric constraint
Optimal point found for initial point 10
Negative llh: 115.37301697900764
Dropout rate: 1e-10
Silencing rate: 1e-10
Sigma: 5.738612188300299
Runtime (s): 228.87511987239122
