Launching Problin version 0.5b
Problin was called as follow: /u/gh2161/Spatial-Division/problin/run_problin.py -c real_location_data/s10c4/k10_r4_character_matrix.csv -t real_location_data/s10c4/true_tree.nwk -S real_location_data/s10c4/leaf_locations.txt --delimiter comma -p real_location_data/s10c4/k10_priors.csv -o real_location_data/s10c4/k10_r4_spalin.txt --nInitials 10 --ultrametric --randomreps 3
Optimization by Spalin: Scipy-SLSQP using spatial information
Optimizing branch lengths, phi, and nu without topology search
Initial point 1. Random seed: 2045
Solving with ultrametric constraint
Optimal point found for initial point 1
Negative llh: 118.49962620983399
Dropout rate: 1e-10
Silencing rate: 1e-10
Sigma: 47.371049993939366
Initial point 2. Random seed: 8500
Solving with ultrametric constraint
Optimal point found for initial point 2
Negative llh: 118.49962610893104
Dropout rate: 3.7721928877186034e-10
Silencing rate: 2.3278981061737955e-10
Sigma: 47.372988807475274
Initial point 3. Random seed: 9633
Solving with ultrametric constraint
Optimal point found for initial point 3
Negative llh: 118.4996261023886
Dropout rate: 1.358724665896378e-10
Silencing rate: 1.371001437069442e-10
Sigma: 47.372290525273954
Initial point 4. Random seed: 421
Solving with ultrametric constraint
Optimal point found for initial point 4
Negative llh: 118.49962615063434
Dropout rate: 1e-10
Silencing rate: 1e-10
Sigma: 47.37238396623497
Initial point 5. Random seed: 2083
Solving with ultrametric constraint
Optimal point found for initial point 5
Negative llh: 118.49962625849787
Dropout rate: 1.0951818392258888e-10
Silencing rate: 1.199573022229595e-10
Sigma: 47.366319109010455
Initial point 6. Random seed: 5887
Solving with ultrametric constraint
Optimal point found for initial point 6
Negative llh: 118.49962599777476
Dropout rate: 9.999999999999996e-11
Silencing rate: 9.999999999999996e-11
Sigma: 47.37059421662268
Initial point 7. Random seed: 1211
Solving with ultrametric constraint
Optimal point found for initial point 7
Negative llh: 118.4996262640284
Dropout rate: 1e-10
Silencing rate: 1e-10
Sigma: 47.36663571787421
Initial point 8. Random seed: 1451
Solving with ultrametric constraint
Optimal point found for initial point 8
Negative llh: 118.49962594132563
Dropout rate: 1e-10
Silencing rate: 1e-10
Sigma: 47.371055206568634
Initial point 9. Random seed: 7433
Solving with ultrametric constraint
Optimal point found for initial point 9
Negative llh: 118.49962633214929
Dropout rate: 1.0000000000000002e-10
Silencing rate: 1.0000000000000002e-10
Sigma: 47.37541440232101
Initial point 10. Random seed: 343
Solving with ultrametric constraint
Optimal point found for initial point 10
Negative llh: 118.49962596417741
Dropout rate: 2.841414331518388e-10
Silencing rate: 3.1020674608291486e-10
Sigma: 47.37077914846216
Traceback (most recent call last):
  File "/u/gh2161/Spatial-Division/problin/run_problin.py", line 223, in <module>
    main()
  File "/u/gh2161/Spatial-Division/problin/run_problin.py", line 214, in main
    for cell in mySolver.params.displacement_amounts:
AttributeError: 'Params' object has no attribute 'displacement_amounts'
