Launching Problin version 0.5b
Problin was called as follow: /u/gh2161/Spatial-Division/problin/run_problin.py -c real_location_data/s10c4/k10_r5_character_matrix.csv -t real_location_data/s10c4/true_tree.nwk -S real_location_data/s10c4/leaf_locations.txt --delimiter comma -p real_location_data/s10c4/k10_priors.csv -o real_location_data/s10c4/k10_r5_spalin-divide-beta3.txt --nInitials 10 --ultrametric --randomreps 3 --divide --given_beta 3 --incl_beta_bound
Optimization by Spalin-Divide: Scipy-SLSQP using spatial information
Optimizing branch lengths, phi, and nu without topology search
Initial point 1. Random seed: 5940
Solving with ultrametric constraint
Optimal point found for initial point 1
Negative llh: 112.68364806222847
Dropout rate: 1e-10
Silencing rate: 1e-10
Sigma: 5.35217961927628
Initial point 2. Random seed: 7115
Solving with ultrametric constraint
Optimal point found for initial point 2
Negative llh: 112.68364720788067
Dropout rate: 1e-10
Silencing rate: 1e-10
Sigma: 5.351957426402537
Initial point 3. Random seed: 4640
Solving with ultrametric constraint
Optimal point found for initial point 3
Negative llh: 112.68364720948912
Dropout rate: 1e-10
Silencing rate: 1e-10
Sigma: 5.351957818055373
Initial point 4. Random seed: 5169
Solving with ultrametric constraint
Optimal point found for initial point 4
Negative llh: 112.68364770319758
Dropout rate: 1.1613057702269731e-10
Silencing rate: 1.56738201972106e-10
Sigma: 5.351749341605991
Initial point 5. Random seed: 4321
Solving with ultrametric constraint
Optimal point found for initial point 5
Negative llh: 112.6836472074415
Dropout rate: 1e-10
Silencing rate: 1e-10
Sigma: 5.351955022501238
Initial point 6. Random seed: 1780
Solving with ultrametric constraint
Optimal point found for initial point 6
Negative llh: 112.68364722848946
Dropout rate: 1e-10
Silencing rate: 1e-10
Sigma: 5.351951529117952
Initial point 7. Random seed: 6055
Solving with ultrametric constraint
Optimal point found for initial point 7
Negative llh: 112.68364732115214
Dropout rate: 1e-10
Silencing rate: 1e-10
Sigma: 5.351974448658625
Initial point 8. Random seed: 4710
Solving with ultrametric constraint
Optimal point found for initial point 8
Negative llh: 112.68364720779195
Dropout rate: 1e-10
Silencing rate: 1e-10
Sigma: 5.351956380852859
Initial point 9. Random seed: 8631
Solving with ultrametric constraint
Optimal point found for initial point 9
Negative llh: 112.68364770600766
Dropout rate: 1.5207160479931584e-10
Silencing rate: 1.3504468431889443e-10
Sigma: 5.351872065407244
Initial point 10. Random seed: 1776
Solving with ultrametric constraint
Optimal point found for initial point 10
Negative llh: 112.68364720759021
Dropout rate: 1e-10
Silencing rate: 1e-10
Sigma: 5.3519549838972855
Runtime (s): 271.60575316660106
