Launching Problin version 0.5b
Problin was called as follow: /u/gh2161/Spatial-Division/problin/run_problin.py -c real_location_data/s10c4/k10_r4_character_matrix.csv -t real_location_data/s10c4/true_tree.nwk -S real_location_data/s10c4/leaf_locations.txt --delimiter comma -p real_location_data/s10c4/k10_priors.csv -o real_location_data/s10c4/k10_r4_spalin-divide-beta3.txt --nInitials 10 --ultrametric --randomreps 3 --divide --given_beta 3 --incl_beta_bound
Optimization by Spalin-Divide: Scipy-SLSQP using spatial information
Optimizing branch lengths, phi, and nu without topology search
Initial point 1. Random seed: 5280
Solving with ultrametric constraint
Optimal point found for initial point 1
Negative llh: 131.3405057109901
Dropout rate: 1e-10
Silencing rate: 1e-10
Sigma: 6.227435231786621
Initial point 2. Random seed: 7139
Solving with ultrametric constraint
Optimal point found for initial point 2
Negative llh: 131.34050654315865
Dropout rate: 3.587789383982663e-10
Silencing rate: 4.1878577996029815e-10
Sigma: 6.227496451501485
Initial point 3. Random seed: 3833
Solving with ultrametric constraint
Optimal point found for initial point 3
Negative llh: 131.34050627121633
Dropout rate: 1.0000000000000002e-10
Silencing rate: 1e-10
Sigma: 6.227314315602854
Initial point 4. Random seed: 1503
Solving with ultrametric constraint
Optimal point found for initial point 4
Negative llh: 131.340505996302
Dropout rate: 1e-10
Silencing rate: 1e-10
Sigma: 6.227258696686485
Initial point 5. Random seed: 4627
Solving with ultrametric constraint
Optimal point found for initial point 5
Negative llh: 131.34050655517441
Dropout rate: 2.0646449507744643e-10
Silencing rate: 1.788257955605533e-10
Sigma: 6.227265499605534
Initial point 6. Random seed: 7532
Solving with ultrametric constraint
Optimal point found for initial point 6
Negative llh: 131.34050653587695
Dropout rate: 4.60853455001961e-10
Silencing rate: 1.936501185297158e-10
Sigma: 6.227331524150216
Initial point 7. Random seed: 5621
Solving with ultrametric constraint
Optimal point found for initial point 7
Negative llh: 131.34051214938637
Dropout rate: 2.8018583826242887e-10
Silencing rate: 1.7638342210425664e-10
Sigma: 6.2279087871377845
Initial point 8. Random seed: 4276
Solving with ultrametric constraint
Optimal point found for initial point 8
Negative llh: 131.34050573515677
Dropout rate: 1e-10
Silencing rate: 1e-10
Sigma: 6.2274395590316045
Initial point 9. Random seed: 5170
Solving with ultrametric constraint
Optimal point found for initial point 9
Negative llh: 131.3405206114229
Dropout rate: 1e-10
Silencing rate: 1e-10
Sigma: 6.226274397222328
Initial point 10. Random seed: 3574
Solving with ultrametric constraint
Optimal point found for initial point 10
Negative llh: 131.34050589343758
Dropout rate: 3.0861151768888465e-10
Silencing rate: 1.5848313336188854e-10
Sigma: 6.227338635515148
Runtime (s): 284.4616628990043
