Launching Problin version 0.5b
Problin was called as follow: /u/gh2161/Spatial-Division/problin/run_problin.py -c real_location_data/s10c4/k10_r2_character_matrix.csv -t real_location_data/s10c4/true_tree.nwk -S real_location_data/s10c4/leaf_locations.txt --delimiter comma -p real_location_data/s10c4/k10_priors.csv -o real_location_data/s10c4/k10_r2_spalin.txt --nInitials 10 --ultrametric --randomreps 3
Optimization by Spalin: Scipy-SLSQP using spatial information
Optimizing branch lengths, phi, and nu without topology search
Initial point 1. Random seed: 7871
Solving with ultrametric constraint
Optimal point found for initial point 1
Negative llh: 104.22910029176515
Dropout rate: 1e-10
Silencing rate: 1e-10
Sigma: 38.34810032449525
Initial point 2. Random seed: 3907
Solving with ultrametric constraint
Optimal point found for initial point 2
Negative llh: 104.22910009860502
Dropout rate: 1.5522093960501475e-10
Silencing rate: 1.4575529338338727e-10
Sigma: 38.34591175011991
Initial point 3. Random seed: 9086
Solving with ultrametric constraint
Optimal point found for initial point 3
Negative llh: 104.22910126901353
Dropout rate: 3.589551430678345e-09
Silencing rate: 5.107638304563367e-09
Sigma: 38.34681902698369
Initial point 4. Random seed: 2425
Solving with ultrametric constraint
Optimal point found for initial point 4
Negative llh: 104.22910012673051
Dropout rate: 9.999999999999925e-11
Silencing rate: 9.999999999999925e-11
Sigma: 38.34693905119507
Initial point 5. Random seed: 4829
Solving with ultrametric constraint
Optimal point found for initial point 5
Negative llh: 104.22910015817246
Dropout rate: 1.069365994271054e-10
Silencing rate: 1.0306887465058061e-10
Sigma: 38.34805835810163
Initial point 6. Random seed: 9650
Solving with ultrametric constraint
Optimal point found for initial point 6
Negative llh: 104.22910059325234
Dropout rate: 1e-10
Silencing rate: 1e-10
Sigma: 38.34888043959064
Initial point 7. Random seed: 3041
Solving with ultrametric constraint
Optimal point found for initial point 7
Negative llh: 104.22910010351976
Dropout rate: 1.0000000000000007e-10
Silencing rate: 1.0000000000000007e-10
Sigma: 38.34501037736467
Initial point 8. Random seed: 8865
Solving with ultrametric constraint
Optimal point found for initial point 8
Negative llh: 104.22910014075669
Dropout rate: 1.0000000000000007e-10
Silencing rate: 9.999999999999924e-11
Sigma: 38.34845055607907
Initial point 9. Random seed: 8817
Solving with ultrametric constraint
Optimal point found for initial point 9
Negative llh: 104.22910019076116
Dropout rate: 1e-10
Silencing rate: 1e-10
Sigma: 38.34748542564829
Initial point 10. Random seed: 7332
Solving with ultrametric constraint
Optimal point found for initial point 10
Negative llh: 104.22910040936044
Dropout rate: 1e-10
Silencing rate: 1e-10
Sigma: 38.34197190450533
Traceback (most recent call last):
  File "/u/gh2161/Spatial-Division/problin/run_problin.py", line 223, in <module>
    main()
  File "/u/gh2161/Spatial-Division/problin/run_problin.py", line 214, in main
    for cell in mySolver.params.displacement_amounts:
AttributeError: 'Params' object has no attribute 'displacement_amounts'
