Launching Problin version 0.5b
Problin was called as follow: /u/gh2161/problin/run_problin.py -c simulated_data/s10c4/k10_r5_character_matrix.csv -t simulated_data/s10c4/true_tree.nwk -S simulated_data/s10c4/true_locations.txt --delimiter comma -p simulated_data/s10c4/k10_priors.csv -o simulated_data/s10c4/k10_r5_spalin_all.txt --nInitials 10 --ultrametric --randomreps 3
Optimization by Spalin: Scipy-SLSQP using spatial information
Optimizing branch lengths, phi, and nu without topology search
Initial point 1. Random seed: 9519
Solving with ultrametric constraint
Optimal point found for initial point 1
Negative llh: 147.00233661428177
Dropout rate: 1.0277530757481603e-10
Silencing rate: 1.029899025967421e-10
Sigma: 28.69616928991775
Initial point 2. Random seed: 3637
Solving with ultrametric constraint
Optimal point found for initial point 2
Negative llh: 147.0023369366516
Dropout rate: 1e-10
Silencing rate: 1e-10
Sigma: 28.697596951376593
Initial point 3. Random seed: 9243
Solving with ultrametric constraint
Optimal point found for initial point 3
Negative llh: 147.00233685091212
Dropout rate: 1.8655503179668107e-10
Silencing rate: 1.5873219027012287e-10
Sigma: 28.69450126716797
Initial point 4. Random seed: 9106
Solving with ultrametric constraint
Optimal point found for initial point 4
Negative llh: 147.00235838613204
Dropout rate: 1e-10
Silencing rate: 1e-10
Sigma: 28.724379278668962
Initial point 5. Random seed: 8601
Solving with ultrametric constraint
Optimal point found for initial point 5
Negative llh: 147.0023369204748
Dropout rate: 1.07856767503088e-10
Silencing rate: 1.1722164122251062e-10
Sigma: 28.695754299725678
Initial point 6. Random seed: 543
Solving with ultrametric constraint
Optimal point found for initial point 6
Negative llh: 147.00233695518278
Dropout rate: 1.9190182084170792e-10
Silencing rate: 3.847340942209051e-10
Sigma: 28.695234224085407
Initial point 7. Random seed: 7350
Solving with ultrametric constraint
Optimal point found for initial point 7
Negative llh: 147.00233704949167
Dropout rate: 1e-10
Silencing rate: 1.2226155945814618e-10
Sigma: 28.70117480145261
Initial point 8. Random seed: 7749
Solving with ultrametric constraint
Optimal point found for initial point 8
Negative llh: 147.00233663926278
Dropout rate: 1e-10
Silencing rate: 1e-10
Sigma: 28.696142659348595
Initial point 9. Random seed: 681
Solving with ultrametric constraint
Optimal point found for initial point 9
Negative llh: 147.00233725980405
Dropout rate: 2.8812678892096048e-09
Silencing rate: 6.243294828446657e-09
Sigma: 28.696896437586165
Initial point 10. Random seed: 2789
Solving with ultrametric constraint
Optimal point found for initial point 10
Negative llh: 147.00233658587103
Dropout rate: 1.9702942420068422e-10
Silencing rate: 3.508138067124621e-10
Sigma: 28.695258136388293
Runtime (s): 7.603149174246937
