Launching Problin version 0.5b
Problin was called as follow: /u/gh2161/Spatial-Division/problin/run_problin.py -c real_location_data/s10c4/k10_r2_character_matrix.csv -t real_location_data/s10c4/true_tree.nwk -S real_location_data/s10c4/leaf_locations.txt --delimiter comma -p real_location_data/s10c4/k10_priors.csv -o real_location_data/s10c4/k10_r2_spalin-divide-beta3.txt --nInitials 10 --ultrametric --randomreps 3 --divide --given_beta 3 --incl_beta_bound
Optimization by Spalin-Divide: Scipy-SLSQP using spatial information
Optimizing branch lengths, phi, and nu without topology search
Initial point 1. Random seed: 1755
Solving with ultrametric constraint
Optimal point found for initial point 1
Negative llh: 116.92984839691351
Dropout rate: 1.33047405370291e-10
Silencing rate: 1.1589730363430283e-10
Sigma: 5.577944346946818
Initial point 2. Random seed: 2643
Solving with ultrametric constraint
Optimal point found for initial point 2
Negative llh: 116.92984970925852
Dropout rate: 1e-10
Silencing rate: 1e-10
Sigma: 5.578027618349915
Initial point 3. Random seed: 1341
Solving with ultrametric constraint
Optimal point found for initial point 3
Negative llh: 116.92984971113538
Dropout rate: 1e-10
Silencing rate: 1e-10
Sigma: 5.578001487566876
Initial point 4. Random seed: 8908
Solving with ultrametric constraint
Optimal point found for initial point 4
Negative llh: 116.92984840682874
Dropout rate: 1e-10
Silencing rate: 1e-10
Sigma: 5.577941380337197
Initial point 5. Random seed: 3982
Solving with ultrametric constraint
Optimal point found for initial point 5
Negative llh: 116.92984839348426
Dropout rate: 1.0000000000000002e-10
Silencing rate: 1.0000000000000002e-10
Sigma: 5.577945909835728
Initial point 6. Random seed: 6453
Solving with ultrametric constraint
Optimal point found for initial point 6
Negative llh: 116.92984840895787
Dropout rate: 1.0000000000000002e-10
Silencing rate: 1e-10
Sigma: 5.577947357578377
Initial point 7. Random seed: 9794
Solving with ultrametric constraint
Optimal point found for initial point 7
Negative llh: 116.92985972640636
Dropout rate: 1e-10
Silencing rate: 1e-10
Sigma: 5.5755533702621936
Initial point 8. Random seed: 5604
Solving with ultrametric constraint
Optimal point found for initial point 8
Negative llh: 116.92984839351541
Dropout rate: 1e-10
Silencing rate: 1e-10
Sigma: 5.577947234815005
Initial point 9. Random seed: 1120
Solving with ultrametric constraint
Optimal point found for initial point 9
Negative llh: 116.92984866753274
Dropout rate: 9.999999999999996e-11
Silencing rate: 9.999999999999996e-11
Sigma: 5.577936371441289
Initial point 10. Random seed: 8478
Solving with ultrametric constraint
Optimal point found for initial point 10
Negative llh: 116.92984876024317
Dropout rate: 1.1452246855900717e-10
Silencing rate: 1.1105342523178398e-10
Sigma: 5.57792736141156
Runtime (s): 236.4818480424583
