Launching Problin version 0.5b
Problin was called as follow: /u/gh2161/Spatial-Division/problin/run_problin.py -c real_location_data/s8c3/k10_r4_character_matrix.csv -t real_location_data/s8c3/true_tree.nwk -S real_location_data/s8c3/leaf_locations.txt --delimiter comma -p real_location_data/s8c3/k10_priors.csv -o real_location_data/s8c3/k10_r4_spalin-divide-beta1.txt --nInitials 10 --ultrametric --randomreps 3 --divide --given_beta 1 --incl_beta_bound
Optimization by Spalin-Divide: Scipy-SLSQP using spatial information
Optimizing branch lengths, phi, and nu without topology search
Initial point 1. Random seed: 3110
Solving with ultrametric constraint
Optimal point found for initial point 1
Negative llh: 219.43713590830816
Dropout rate: 2.6251746546106458e-09
Silencing rate: 2.1136260053761486e-09
Sigma: 15.345642678467843
Initial point 2. Random seed: 2557
Solving with ultrametric constraint
Optimal point found for initial point 2
Negative llh: 183.56037308325028
Dropout rate: 1e-10
Silencing rate: 1e-10
Sigma: 5.581124731645193
Initial point 3. Random seed: 9049
Solving with ultrametric constraint
Optimal point found for initial point 3
Negative llh: 183.56037337403842
Dropout rate: 1.853775668832324e-09
Silencing rate: 9.346260099264975e-10
Sigma: 5.581145503712072
Initial point 4. Random seed: 5966
Solving with ultrametric constraint
Optimal point found for initial point 4
Negative llh: 183.56037795594386
Dropout rate: 1e-10
Silencing rate: 1e-10
Sigma: 5.5802730933547755
Initial point 5. Random seed: 9625
Solving with ultrametric constraint
Optimal point found for initial point 5
Negative llh: 183.56037296915477
Dropout rate: 1.0552279814997906e-10
Silencing rate: 1.0186854691183941e-10
Sigma: 5.581140445825187
Initial point 6. Random seed: 4777
Solving with ultrametric constraint
Optimal point found for initial point 6
Negative llh: 183.56037299603025
Dropout rate: 1e-10
Silencing rate: 1e-10
Sigma: 5.581154023128512
Initial point 7. Random seed: 5846
Solving with ultrametric constraint
Optimal point found for initial point 7
Negative llh: 183.56037303998568
Dropout rate: 1.1760596991388252e-10
Silencing rate: 1.058978781628001e-10
Sigma: 5.581135462718734
Initial point 8. Random seed: 302
Solving with ultrametric constraint
Optimal point found for initial point 8
Negative llh: 183.56037399406313
Dropout rate: 1.0000000000000002e-10
Silencing rate: 1.0000000000000002e-10
Sigma: 5.581161174169743
Initial point 9. Random seed: 6298
Solving with ultrametric constraint
Optimal point found for initial point 9
Negative llh: 183.56037381136025
Dropout rate: 3.4033454907363527e-10
Silencing rate: 2.0987868099458712e-10
Sigma: 5.5811278869832845
Initial point 10. Random seed: 3904
Solving with ultrametric constraint
Optimal point found for initial point 10
Negative llh: 183.56037305303244
Dropout rate: 1.0000000000000002e-10
Silencing rate: 1.0000000000000002e-10
Sigma: 5.5811997339257795
Runtime (s): 948.1016681019973
