Launching Problin version 0.5b
Problin was called as follow: /u/gh2161/Spatial-Division/problin/run_problin.py -c real_location_data/s8c3/k10_r2_character_matrix.csv -t real_location_data/s8c3/true_tree.nwk -S real_location_data/s8c3/leaf_locations.txt --delimiter comma -p real_location_data/s8c3/k10_priors.csv -o real_location_data/s8c3/k10_r2_spalin-divide-beta1.txt --nInitials 10 --ultrametric --randomreps 3 --divide --given_beta 1 --incl_beta_bound
Optimization by Spalin-Divide: Scipy-SLSQP using spatial information
Optimizing branch lengths, phi, and nu without topology search
Initial point 1. Random seed: 9560
Solving with ultrametric constraint
Optimal point found for initial point 1
Negative llh: 192.00895976288618
Dropout rate: 1e-10
Silencing rate: 1e-10
Sigma: 5.4813016197298206
Initial point 2. Random seed: 5557
Solving with ultrametric constraint
Optimal point found for initial point 2
Negative llh: 192.00896002741797
Dropout rate: 7.311623389902688e-10
Silencing rate: 5.336844277592229e-10
Sigma: 5.4813593581374285
Initial point 3. Random seed: 8086
Solving with ultrametric constraint
Optimal point found for initial point 3
Negative llh: 192.0089598594363
Dropout rate: 1.0722349930470236e-10
Silencing rate: 1.0263367106524992e-10
Sigma: 5.481334110924831
Initial point 4. Random seed: 7142
Solving with ultrametric constraint
Optimal point found for initial point 4
Negative llh: 192.00896079696545
Dropout rate: 9.999999999999996e-11
Silencing rate: 1.0000000000000002e-10
Sigma: 5.4814105407643305
Initial point 5. Random seed: 3942
Solving with ultrametric constraint
Optimal point found for initial point 5
Negative llh: 192.00896020108542
Dropout rate: 1.8297945394228438e-10
Silencing rate: 1.6038115134189297e-10
Sigma: 5.481273684510865
Initial point 6. Random seed: 4562
Solving with ultrametric constraint
Optimal point found for initial point 6
Negative llh: 192.00895995663916
Dropout rate: 1e-10
Silencing rate: 1e-10
Sigma: 5.48133403180743
Initial point 7. Random seed: 5369
Solving with ultrametric constraint
Optimal point found for initial point 7
Negative llh: 192.0089597262538
Dropout rate: 1e-10
Silencing rate: 1e-10
Sigma: 5.481375671841761
Initial point 8. Random seed: 5210
Solving with ultrametric constraint
Optimal point found for initial point 8
Negative llh: 192.00896292228055
Dropout rate: 7.220809809027659e-10
Silencing rate: 4.262631456708056e-10
Sigma: 5.481404531161586
Initial point 9. Random seed: 3233
Solving with ultrametric constraint
Optimal point found for initial point 9
Negative llh: 192.00895988481972
Dropout rate: 1e-10
Silencing rate: 1e-10
Sigma: 5.481295531194342
Initial point 10. Random seed: 5874
Solving with ultrametric constraint
Optimal point found for initial point 10
Negative llh: 192.00896082300835
Dropout rate: 1e-10
Silencing rate: 1e-10
Sigma: 5.481424511490453
Runtime (s): 432.96992374770343
