Launching Problin version 0.5b
Problin was called as follow: /u/gh2161/Spatial-Division/problin/run_problin.py -c real_location_data/s8c3/k10_r3_character_matrix.csv -t real_location_data/s8c3/true_tree.nwk -S real_location_data/s8c3/leaf_locations.txt --delimiter comma -p real_location_data/s8c3/k10_priors.csv -o real_location_data/s8c3/k10_r3_spalin-divide-beta05.txt --nInitials 10 --ultrametric --randomreps 3 --divide --given_beta 0.5 --incl_beta_bound
Optimization by Spalin-Divide: Scipy-SLSQP using spatial information
Optimizing branch lengths, phi, and nu without topology search
Initial point 1. Random seed: 3309
Solving with ultrametric constraint
Optimal point found for initial point 1
Negative llh: 182.40254599793448
Dropout rate: 2.477596672775764e-10
Silencing rate: 1.3239846433194303e-10
Sigma: 6.187088833279683
Initial point 2. Random seed: 8686
Solving with ultrametric constraint
Optimal point found for initial point 2
Negative llh: 182.4025486173028
Dropout rate: 9.999999999999996e-11
Silencing rate: 1.0000000000000002e-10
Sigma: 6.186944499139394
Initial point 3. Random seed: 5784
Solving with ultrametric constraint
Optimal point found for initial point 3
Negative llh: 182.40254566771262
Dropout rate: 1e-10
Silencing rate: 1e-10
Sigma: 6.18706348596866
Initial point 4. Random seed: 7890
Solving with ultrametric constraint
Optimal point found for initial point 4
Negative llh: 182.4025456253528
Dropout rate: 1e-10
Silencing rate: 1e-10
Sigma: 6.18709113509887
Initial point 5. Random seed: 7452
Solving with ultrametric constraint
Optimal point found for initial point 5
Negative llh: 182.4025458737927
Dropout rate: 8.76031758295154e-10
Silencing rate: 3.690012849466855e-10
Sigma: 6.187012063768991
Initial point 6. Random seed: 8425
Solving with ultrametric constraint
Optimal point found for initial point 6
Negative llh: 182.40254685690155
Dropout rate: 1.0000000000000007e-10
Silencing rate: 9.999999999999996e-11
Sigma: 6.187070153176486
Initial point 7. Random seed: 5921
Solving with ultrametric constraint
Optimal point found for initial point 7
Negative llh: 182.40254728664377
Dropout rate: 9.999999999999996e-11
Silencing rate: 1.0000000000000002e-10
Sigma: 6.187190544126703
Initial point 8. Random seed: 4003
Solving with ultrametric constraint
Optimal point found for initial point 8
Negative llh: 182.4025471960411
Dropout rate: 1e-10
Silencing rate: 1e-10
Sigma: 6.187078757174631
Initial point 9. Random seed: 8422
Solving with ultrametric constraint
Optimal point found for initial point 9
Negative llh: 182.4025473859869
Dropout rate: 1.0000000000000007e-10
Silencing rate: 9.999999999999996e-11
Sigma: 6.1868109784738605
Initial point 10. Random seed: 13
Solving with ultrametric constraint
Optimal point found for initial point 10
Negative llh: 182.4025462126375
Dropout rate: 8.543244899911555e-10
Silencing rate: 5.569342642848751e-10
Sigma: 6.187140904372881
Runtime (s): 573.4585200212896
