Launching Problin version 0.5b
Problin was called as follow: /u/gh2161/problin/run_problin.py -c simulated_data/s8c3/k10_r5_character_matrix.csv -t simulated_data/s8c3/true_tree.nwk -S simulated_data/s8c3/leaf_locations.txt --delimiter comma -p simulated_data/s8c3/k10_priors.csv -o simulated_data/s8c3/k10_r5_spalin_leaves_newfelsen.txt --nInitials 10 --ultrametric --randomreps 3
Optimization by Spalin: Scipy-SLSQP using spatial information
Optimizing branch lengths, phi, and nu without topology search
Initial point 1. Random seed: 4170
Solving with ultrametric constraint
Optimal point found for initial point 1
Negative llh: 163.52631001445894
Dropout rate: 1.0000000000000002e-10
Silencing rate: 1e-10
Sigma: 8.414864954637016
Initial point 2. Random seed: 5120
Solving with ultrametric constraint
Optimal point found for initial point 2
Negative llh: 163.5263102726687
Dropout rate: 1e-10
Silencing rate: 1e-10
Sigma: 8.415325047984096
Initial point 3. Random seed: 4701
Solving with ultrametric constraint
Optimal point found for initial point 3
Negative llh: 163.52631026949092
Dropout rate: 1e-10
Silencing rate: 1e-10
Sigma: 8.41447380142396
Initial point 4. Random seed: 5457
Solving with ultrametric constraint
Optimal point found for initial point 4
Negative llh: 163.52631040289435
Dropout rate: 1.8099181368405763e-09
Silencing rate: 1.9110641431751047e-09
Sigma: 8.414925555211717
Initial point 5. Random seed: 8879
Solving with ultrametric constraint
Optimal point found for initial point 5
Negative llh: 163.5263106684443
Dropout rate: 1.7306017294478766e-09
Silencing rate: 9.963200571485037e-10
Sigma: 8.414324331078229
Initial point 6. Random seed: 9016
Solving with ultrametric constraint
Optimal point found for initial point 6
Negative llh: 163.5263110474132
Dropout rate: 1.069362125935919e-09
Silencing rate: 9.612257934686083e-10
Sigma: 8.417477386826048
Initial point 7. Random seed: 767
Solving with ultrametric constraint
Optimal point found for initial point 7
Negative llh: 163.5263104718298
Dropout rate: 9.999999999999996e-11
Silencing rate: 1.0000000000000002e-10
Sigma: 8.415633392018004
Initial point 8. Random seed: 3008
Solving with ultrametric constraint
Optimal point found for initial point 8
Negative llh: 163.52631140204667
Dropout rate: 1.0000000000000007e-10
Silencing rate: 1.0000000000000007e-10
Sigma: 8.415507157236828
Initial point 9. Random seed: 3908
Solving with ultrametric constraint
Optimal point found for initial point 9
Negative llh: 163.52631031355872
Dropout rate: 1.0000000000000007e-10
Silencing rate: 1.0000000000000007e-10
Sigma: 8.414894350711377
Initial point 10. Random seed: 4834
Solving with ultrametric constraint
Optimal point found for initial point 10
Negative llh: 163.52631025311723
Dropout rate: 1e-10
Silencing rate: 1e-10
Sigma: 8.415647265057679
Runtime (s): 95.29721110872924
