Launching Problin version 0.5b
Problin was called as follow: /u/gh2161/problin/run_problin.py -c simulated_data/s8c3/k10_r4_character_matrix.csv -t simulated_data/s8c3/true_tree.nwk -S simulated_data/s8c3/leaf_locations.txt --delimiter comma -p simulated_data/s8c3/k10_priors.csv -o simulated_data/s8c3/k10_r4_spalin_leaves_newfelsen.txt --nInitials 10 --ultrametric --randomreps 3
Optimization by Spalin: Scipy-SLSQP using spatial information
Optimizing branch lengths, phi, and nu without topology search
Initial point 1. Random seed: 1519
Solving with ultrametric constraint
Optimal point found for initial point 1
Negative llh: 160.51292600326445
Dropout rate: 4.896438460861215e-10
Silencing rate: 2.337761600983507e-10
Sigma: 6.827778122846452
Initial point 2. Random seed: 2711
Solving with ultrametric constraint
Optimal point found for initial point 2
Negative llh: 160.512925955509
Dropout rate: 2.8309753554765836e-10
Silencing rate: 2.3830915620643035e-10
Sigma: 6.826941139660543
Initial point 3. Random seed: 4464
Solving with ultrametric constraint
Optimal point found for initial point 3
Negative llh: 160.51292693472428
Dropout rate: 1e-10
Silencing rate: 1e-10
Sigma: 6.826690592427033
Initial point 4. Random seed: 9926
Solving with ultrametric constraint
Optimal point found for initial point 4
Negative llh: 160.51292735718863
Dropout rate: 1e-10
Silencing rate: 1e-10
Sigma: 6.826215991334132
Initial point 5. Random seed: 9994
Solving with ultrametric constraint
Optimal point found for initial point 5
Negative llh: 160.51292586394578
Dropout rate: 1e-10
Silencing rate: 1e-10
Sigma: 6.826512414385935
Initial point 6. Random seed: 1223
Solving with ultrametric constraint
Optimal point found for initial point 6
Negative llh: 160.5129265030779
Dropout rate: 1e-10
Silencing rate: 1e-10
Sigma: 6.827479039318732
Initial point 7. Random seed: 7860
Solving with ultrametric constraint
Optimal point found for initial point 7
Negative llh: 160.5129272056406
Dropout rate: 9.999999999999996e-11
Silencing rate: 9.999999999999996e-11
Sigma: 6.826554130441929
Initial point 8. Random seed: 9591
Solving with ultrametric constraint
Optimal point found for initial point 8
Negative llh: 160.5129263753322
Dropout rate: 2.067375470614341e-09
Silencing rate: 1.418965892501193e-09
Sigma: 6.826198911413694
Initial point 9. Random seed: 5093
Solving with ultrametric constraint
Optimal point found for initial point 9
Negative llh: 160.5129263351599
Dropout rate: 3.1568044354988384e-10
Silencing rate: 5.344428038688579e-10
Sigma: 6.82619236698829
Initial point 10. Random seed: 1046
Solving with ultrametric constraint
Optimal point found for initial point 10
Negative llh: 160.51292648899863
Dropout rate: 1.0000000000000007e-10
Silencing rate: 1.0000000000000007e-10
Sigma: 6.8264445150155675
Runtime (s): 105.15064545534551
