Launching Problin version 0.5b
Problin was called as follow: /u/gh2161/Spatial-Division/problin/run_problin.py -c real_location_data/s8c3/k10_r5_character_matrix.csv -t real_location_data/s8c3/true_tree.nwk -S real_location_data/s8c3/leaf_locations.txt --delimiter comma -p real_location_data/s8c3/k10_priors.csv -o real_location_data/s8c3/k10_r5_spalin-divide-beta3.txt --nInitials 10 --ultrametric --randomreps 3 --divide --given_beta 3 --incl_beta_bound
Optimization by Spalin-Divide: Scipy-SLSQP using spatial information
Optimizing branch lengths, phi, and nu without topology search
Initial point 1. Random seed: 8662
Solving with ultrametric constraint
Optimal point found for initial point 1
Negative llh: 180.04474407887142
Dropout rate: 1.038645398989052e-09
Silencing rate: 4.2133752268715576e-10
Sigma: 5.3623806039138175
Initial point 2. Random seed: 629
Solving with ultrametric constraint
Optimal point found for initial point 2
Negative llh: 180.04474512767734
Dropout rate: 9.999999999999996e-11
Silencing rate: 9.999999999999996e-11
Sigma: 5.3623172336589136
Initial point 3. Random seed: 8423
Solving with ultrametric constraint
Optimal point found for initial point 3
Negative llh: 180.04474561433028
Dropout rate: 1.387535734183794e-10
Silencing rate: 1.3191360987987848e-10
Sigma: 5.362415824574266
Initial point 4. Random seed: 5871
Solving with ultrametric constraint
Optimal point found for initial point 4
Negative llh: 180.04474430083528
Dropout rate: 1.0000000000000002e-10
Silencing rate: 1e-10
Sigma: 5.362377546708753
Initial point 5. Random seed: 1164
Solving with ultrametric constraint
Optimal point found for initial point 5
Negative llh: 180.0447440987407
Dropout rate: 1.2655718242002452e-10
Silencing rate: 1.0692772800699771e-10
Sigma: 5.362440948524306
Initial point 6. Random seed: 8195
Solving with ultrametric constraint
Optimal point found for initial point 6
Negative llh: 180.04474384955802
Dropout rate: 1.9712028901985587e-10
Silencing rate: 1.2531506008749452e-10
Sigma: 5.362381222414029
Initial point 7. Random seed: 45
Solving with ultrametric constraint
Optimal point found for initial point 7
Negative llh: 180.04474390917864
Dropout rate: 1e-10
Silencing rate: 1e-10
Sigma: 5.3624314759199
Initial point 8. Random seed: 1896
Solving with ultrametric constraint
Optimal point found for initial point 8
Negative llh: 180.04474472345004
Dropout rate: 4.638393407456165e-10
Silencing rate: 2.6602315640051115e-10
Sigma: 5.36234935565876
Initial point 9. Random seed: 3570
Solving with ultrametric constraint
Optimal point found for initial point 9
Negative llh: 180.0447445013454
Dropout rate: 1.0000000000000002e-10
Silencing rate: 1.0000000000000002e-10
Sigma: 5.362381743548093
Initial point 10. Random seed: 8331
Solving with ultrametric constraint
Optimal point found for initial point 10
Negative llh: 180.04474409967253
Dropout rate: 4.218650254937526e-10
Silencing rate: 1.8609941609552854e-10
Sigma: 5.362393898978345
Runtime (s): 705.7030956610106
