Launching Problin version 0.5b
Problin was called as follow: /u/gh2161/Spatial-Division/problin/run_problin.py -c real_location_data/s8c3/k10_r4_character_matrix.csv -t real_location_data/s8c3/true_tree.nwk -S real_location_data/s8c3/leaf_locations.txt --delimiter comma -p real_location_data/s8c3/k10_priors.csv -o real_location_data/s8c3/k10_r4_spalin-divide-ignore-beta.txt --nInitials 10 --ultrametric --randomreps 3 --divide
Optimization by Spalin-Divide: Scipy-SLSQP using spatial information
Optimizing branch lengths, phi, and nu without topology search
Initial point 1. Random seed: 551
Solving with ultrametric constraint
Optimal point found for initial point 1
Negative llh: 182.8658407998971
Dropout rate: 1e-10
Silencing rate: 1e-10
Sigma: 5.522415172262029
Initial point 2. Random seed: 5207
Solving with ultrametric constraint
Optimal point found for initial point 2
Negative llh: 182.8658403057901
Dropout rate: 1.0000000000000007e-10
Silencing rate: 1.0000000000000007e-10
Sigma: 5.522245451966597
Initial point 3. Random seed: 3099
Solving with ultrametric constraint
Optimal point found for initial point 3
Negative llh: 182.86585937627643
Dropout rate: 1e-10
Silencing rate: 1e-10
Sigma: 5.523989062220144
Initial point 4. Random seed: 8388
Solving with ultrametric constraint
Optimal point found for initial point 4
Negative llh: 182.86584025152405
Dropout rate: 1.0000000000000007e-10
Silencing rate: 1.0000000000000007e-10
Sigma: 5.522213680274202
Initial point 5. Random seed: 1382
Solving with ultrametric constraint
Optimal point found for initial point 5
Negative llh: 182.86587176496172
Dropout rate: 2.1095422080129387e-09
Silencing rate: 1.0616963413580738e-09
Sigma: 5.519975662702419
Initial point 6. Random seed: 7332
Solving with ultrametric constraint
Optimal point found for initial point 6
Negative llh: 182.8658421016202
Dropout rate: 9.999999999999996e-11
Silencing rate: 1.0000000000000002e-10
Sigma: 5.522809346888324
Initial point 7. Random seed: 7913
Solving with ultrametric constraint
Optimal point found for initial point 7
Negative llh: 182.8658496194347
Dropout rate: 1e-10
Silencing rate: 1e-10
Sigma: 5.522705287309959
Initial point 8. Random seed: 3667
Solving with ultrametric constraint
Optimal point found for initial point 8
Negative llh: 182.86584108676507
Dropout rate: 1e-10
Silencing rate: 1e-10
Sigma: 5.522103903241333
Initial point 9. Random seed: 9153
Solving with ultrametric constraint
Optimal point found for initial point 9
Negative llh: 182.86584631234592
Dropout rate: 2.32181868366946e-09
Silencing rate: 1.5006139099149167e-09
Sigma: 5.522359237402768
Initial point 10. Random seed: 88
Solving with ultrametric constraint
Optimal point found for initial point 10
Negative llh: 182.86585102827672
Dropout rate: 6.204331320053614e-10
Silencing rate: 4.2400396314328555e-10
Sigma: 5.52341694702998
Runtime (s): 333.66286870185286
