Launching Problin version 0.5b
Problin was called as follow: /u/gh2161/Spatial-Division/problin/run_problin.py -c real_location_data/s8c3/k10_r2_character_matrix.csv -t real_location_data/s8c3/true_tree.nwk -S real_location_data/s8c3/leaf_locations.txt --delimiter comma -p real_location_data/s8c3/k10_priors.csv -o real_location_data/s8c3/k10_r2_spalin.txt --nInitials 10 --ultrametric --randomreps 3
Optimization by Spalin: Scipy-SLSQP using spatial information
Optimizing branch lengths, phi, and nu without topology search
Initial point 1. Random seed: 3767
Solving with ultrametric constraint
Optimal point found for initial point 1
Negative llh: 168.92330469585755
Dropout rate: 2.572911393479711e-10
Silencing rate: 1.4509682556447562e-10
Sigma: 32.62458144902966
Initial point 2. Random seed: 7249
Solving with ultrametric constraint
Optimal point found for initial point 2
Negative llh: 168.92330440634248
Dropout rate: 2.8662528894291465e-10
Silencing rate: 1.4442951363859637e-10
Sigma: 32.620562736574755
Initial point 3. Random seed: 2891
Solving with ultrametric constraint
Optimal point found for initial point 3
Negative llh: 168.9233042136069
Dropout rate: 1e-10
Silencing rate: 1e-10
Sigma: 32.62118373854538
Initial point 4. Random seed: 4462
Solving with ultrametric constraint
Optimal point found for initial point 4
Negative llh: 168.92330421872913
Dropout rate: 1.0000000000000007e-10
Silencing rate: 1.0000000000000007e-10
Sigma: 32.62138922075787
Initial point 5. Random seed: 546
Solving with ultrametric constraint
Optimal point found for initial point 5
Negative llh: 168.92330453446374
Dropout rate: 1.3994336497692242e-10
Silencing rate: 1.0977732720427295e-10
Sigma: 32.6208777849362
Initial point 6. Random seed: 5563
Solving with ultrametric constraint
Optimal point found for initial point 6
Negative llh: 168.9233043224094
Dropout rate: 1e-10
Silencing rate: 1e-10
Sigma: 32.620900678898266
Initial point 7. Random seed: 3257
Solving with ultrametric constraint
Optimal point found for initial point 7
Negative llh: 168.92330461482425
Dropout rate: 1e-10
Silencing rate: 1e-10
Sigma: 32.62000653560478
Initial point 8. Random seed: 5605
Solving with ultrametric constraint
Optimal point found for initial point 8
Negative llh: 168.92330448504916
Dropout rate: 1.5687308670207779e-09
Silencing rate: 9.09828908043551e-10
Sigma: 32.621741508665444
Initial point 9. Random seed: 8349
Solving with ultrametric constraint
Optimal point found for initial point 9
Negative llh: 168.92330476792858
Dropout rate: 2.46914913216184e-10
Silencing rate: 3.563280071458611e-10
Sigma: 32.6203518757377
Initial point 10. Random seed: 5401
Solving with ultrametric constraint
Optimal point found for initial point 10
Negative llh: 168.9233048469537
Dropout rate: 2.719647308848369e-09
Silencing rate: 1.570255753577166e-09
Sigma: 32.621739314200624
Traceback (most recent call last):
  File "/u/gh2161/Spatial-Division/problin/run_problin.py", line 223, in <module>
    main()
  File "/u/gh2161/Spatial-Division/problin/run_problin.py", line 214, in main
    for cell in mySolver.params.displacement_amounts:
AttributeError: 'Params' object has no attribute 'displacement_amounts'
