Launching Problin version 0.5b
Problin was called as follow: /u/gh2161/Spatial-Division/problin/run_problin.py -c real_location_data/s8c3/k10_r4_character_matrix.csv -t real_location_data/s8c3/true_tree.nwk -S real_location_data/s8c3/leaf_locations.txt --delimiter comma -p real_location_data/s8c3/k10_priors.csv -o real_location_data/s8c3/k10_r4_spalin.txt --nInitials 10 --ultrametric --randomreps 3
Optimization by Spalin: Scipy-SLSQP using spatial information
Optimizing branch lengths, phi, and nu without topology search
Initial point 1. Random seed: 723
Solving with ultrametric constraint
Optimal point found for initial point 1
Negative llh: 160.51292586261866
Dropout rate: 1e-10
Silencing rate: 1e-10
Sigma: 33.73189708956149
Initial point 2. Random seed: 6758
Solving with ultrametric constraint
Optimal point found for initial point 2
Negative llh: 160.51292614435266
Dropout rate: 1e-10
Silencing rate: 1e-10
Sigma: 33.72997722905426
Initial point 3. Random seed: 5419
Solving with ultrametric constraint
Optimal point found for initial point 3
Negative llh: 160.51292584727275
Dropout rate: 1.448141403889362e-10
Silencing rate: 1.7476323050778632e-10
Sigma: 33.731911706395216
Initial point 4. Random seed: 1309
Solving with ultrametric constraint
Optimal point found for initial point 4
Negative llh: 160.5129257577741
Dropout rate: 1e-10
Silencing rate: 1e-10
Sigma: 33.732515620978944
Initial point 5. Random seed: 7418
Solving with ultrametric constraint
Optimal point found for initial point 5
Negative llh: 160.5129259628589
Dropout rate: 7.329809128286874e-10
Silencing rate: 2.565605076104147e-10
Sigma: 33.73316876560725
Initial point 6. Random seed: 9336
Solving with ultrametric constraint
Optimal point found for initial point 6
Negative llh: 160.51292581874185
Dropout rate: 1e-10
Silencing rate: 1e-10
Sigma: 33.73223389977624
Initial point 7. Random seed: 8144
Solving with ultrametric constraint
Optimal point found for initial point 7
Negative llh: 160.51292585435823
Dropout rate: 1.9989269258016853e-10
Silencing rate: 1.6227940540018873e-10
Sigma: 33.733334405928154
Initial point 8. Random seed: 566
Solving with ultrametric constraint
Optimal point found for initial point 8
Negative llh: 160.51292585297634
Dropout rate: 1.0000000000000002e-10
Silencing rate: 1.0000000000000002e-10
Sigma: 33.735044801999535
Initial point 9. Random seed: 869
Solving with ultrametric constraint
Optimal point found for initial point 9
Negative llh: 160.51292631201545
Dropout rate: 3.852203086592183e-10
Silencing rate: 2.35364785140181e-10
Sigma: 33.73040678000885
Initial point 10. Random seed: 9846
Solving with ultrametric constraint
Optimal point found for initial point 10
Negative llh: 160.51292616459813
Dropout rate: 1e-10
Silencing rate: 1e-10
Sigma: 33.731110413730306
Traceback (most recent call last):
  File "/u/gh2161/Spatial-Division/problin/run_problin.py", line 223, in <module>
    main()
  File "/u/gh2161/Spatial-Division/problin/run_problin.py", line 214, in main
    for cell in mySolver.params.displacement_amounts:
AttributeError: 'Params' object has no attribute 'displacement_amounts'
