Launching Problin version 0.5b
Problin was called as follow: /u/gh2161/problin/run_problin.py -c simulated_data/s8c3/k10_r4_character_matrix.csv -t simulated_data/s8c3/true_tree.nwk --delimiter comma -p simulated_data/s8c3/k10_priors.csv -o simulated_data/s8c3/k10_r4_problin.txt --nInitials 10 --ultrametric --randomreps 3
Optimization by EM algorithm
Optimizing branch lengths, phi, and nu without topology search
Initial point 1. Random seed: 8899
Solving with ultrametric constraint
Initial phi: 0.44377140120501923. Initial nu: 0.7559626137989224. Initial nllh: 9793.58370489169
EM finished after 13 iterations.
Optimal point found for initial point 1
Negative llh: 62.81922545508224
Dropout rate: 0
Silencing rate: 1.182958758748869e-06
Initial point 2. Random seed: 7217
Solving with ultrametric constraint
Initial phi: 0.5600257120770635. Initial nu: 0.6520803975071708. Initial nllh: 218.48797575160518
EM finished after 12 iterations.
Optimal point found for initial point 2
Negative llh: 62.81922541245613
Dropout rate: 0
Silencing rate: 1.1819151408581944e-06
Initial point 3. Random seed: 8347
Solving with ultrametric constraint
Initial phi: 0.07063256618951926. Initial nu: 0.5878577862416666. Initial nllh: 103.11753482227202
EM finished after 12 iterations.
Optimal point found for initial point 3
Negative llh: 62.81922541683987
Dropout rate: 0
Silencing rate: 1.1820010898701416e-06
Initial point 4. Random seed: 6693
Solving with ultrametric constraint
Initial phi: 0.31155413868705284. Initial nu: 0.4036240288685046. Initial nllh: 138.9417632898766
EM finished after 12 iterations.
Optimal point found for initial point 4
Negative llh: 62.81922529205343
Dropout rate: 0
Silencing rate: 1.1819060197722937e-06
Initial point 5. Random seed: 7781
Solving with ultrametric constraint
Initial phi: 0.6310417075761542. Initial nu: 0.6617435915798423. Initial nllh: 245.3746499470415
EM finished after 13 iterations.
Optimal point found for initial point 5
Negative llh: 62.81922524046394
Dropout rate: 0
Silencing rate: 1.1820224663651375e-06
Initial point 6. Random seed: 4300
Solving with ultrametric constraint
Initial phi: 0.5564498226461971. Initial nu: 0.5817582036112627. Initial nllh: 213.76764787878
EM finished after 12 iterations.
Optimal point found for initial point 6
Negative llh: 62.81922552692914
Dropout rate: 0
Silencing rate: 1.1842131973770876e-06
Initial point 7. Random seed: 4173
Solving with ultrametric constraint
Initial phi: 0.3998929439026898. Initial nu: 0.48568336226212006. Initial nllh: 163.6325587764215
EM finished after 9 iterations.
Optimal point found for initial point 7
Negative llh: 62.8192287491788
Dropout rate: 0
Silencing rate: 1.1809830804150807e-06
Initial point 8. Random seed: 6755
Solving with ultrametric constraint
Initial phi: 0.03862170982953181. Initial nu: 0.4297267309207563. Initial nllh: 90.15203156349847
EM finished after 11 iterations.
Optimal point found for initial point 8
Negative llh: 62.81922563587959
Dropout rate: 0
Silencing rate: 1.1822117699666782e-06
Initial point 9. Random seed: 3472
Solving with ultrametric constraint
Initial phi: 0.8685660364812776. Initial nu: 0.8968970749343235. Initial nllh: 411.92589432902975
EM finished after 12 iterations.
Optimal point found for initial point 9
Negative llh: 62.819225544321974
Dropout rate: 0
Silencing rate: 1.1827627118415817e-06
Initial point 10. Random seed: 4771
Solving with ultrametric constraint
Initial phi: 0.7038172076067588. Initial nu: 0.8097460808172063. Initial nllh: 285.70995121419367
EM finished after 12 iterations.
Optimal point found for initial point 10
Negative llh: 62.81922546565116
Dropout rate: 0
Silencing rate: 1.1814821832955752e-06
Traceback (most recent call last):
  File "/u/gh2161/problin/run_problin.py", line 193, in <module>
    main()
  File "/u/gh2161/problin/run_problin.py", line 172, in main
    fout.write("Sigma: " + str(opt_params['sigma']) + "\n")
KeyError: 'sigma'
