Launching Problin version 0.5b
Problin was called as follow: /u/gh2161/problin/run_problin.py -c simulated_data/s8c3/k10_r1_character_matrix.csv -t simulated_data/s8c3/true_tree.nwk -S simulated_data/s8c3/leaf_locations.txt --delimiter comma -p simulated_data/s8c3/k10_priors.csv -o simulated_data/s8c3/k10_r1_spalin_leaves_newfelsen.txt --nInitials 10 --ultrametric --randomreps 3
Optimization by Spalin: Scipy-SLSQP using spatial information
Optimizing branch lengths, phi, and nu without topology search
Initial point 1. Random seed: 7551
Solving with ultrametric constraint
Optimal point found for initial point 1
Negative llh: 166.1502742231368
Dropout rate: 7.585382889390834e-10
Silencing rate: 4.5679220253350285e-10
Sigma: 4.270998602969233
Initial point 2. Random seed: 4165
Solving with ultrametric constraint
Optimal point found for initial point 2
Negative llh: 166.15027414279427
Dropout rate: 3.38198079959593e-10
Silencing rate: 2.3230847680647134e-10
Sigma: 4.271361294853154
Initial point 3. Random seed: 4989
Solving with ultrametric constraint
Optimal point found for initial point 3
Negative llh: 166.15027445129627
Dropout rate: 9.652000569816696e-10
Silencing rate: 1.3386985609856593e-09
Sigma: 4.271153321460141
Initial point 4. Random seed: 1871
Solving with ultrametric constraint
Optimal point found for initial point 4
Negative llh: 166.15027407868453
Dropout rate: 1.0000000000000002e-10
Silencing rate: 1.0000000000000002e-10
Sigma: 4.271386802972837
Initial point 5. Random seed: 9529
Solving with ultrametric constraint
Optimal point found for initial point 5
Negative llh: 166.15027422478397
Dropout rate: 8.230053386813563e-10
Silencing rate: 6.251381532174993e-10
Sigma: 4.270720699738483
Initial point 6. Random seed: 8857
Solving with ultrametric constraint
Optimal point found for initial point 6
Negative llh: 166.1502737093246
Dropout rate: 1.0000000000000007e-10
Silencing rate: 9.999999999999996e-11
Sigma: 4.270807560005175
Initial point 7. Random seed: 2040
Solving with ultrametric constraint
Optimal point found for initial point 7
Negative llh: 166.15027428528725
Dropout rate: 8.809475020917347e-10
Silencing rate: 4.985318552395619e-10
Sigma: 4.271720671326614
Initial point 8. Random seed: 2038
Solving with ultrametric constraint
Optimal point found for initial point 8
Negative llh: 166.15027396595076
Dropout rate: 1e-10
Silencing rate: 1e-10
Sigma: 4.27084317822047
Initial point 9. Random seed: 9601
Solving with ultrametric constraint
Optimal point found for initial point 9
Negative llh: 166.15027449851672
Dropout rate: 9.999999999999996e-11
Silencing rate: 1.0000000000000002e-10
Sigma: 4.27079985400038
Initial point 10. Random seed: 5543
Solving with ultrametric constraint
Optimal point found for initial point 10
Negative llh: 166.15028789673102
Dropout rate: 1e-10
Silencing rate: 1e-10
Sigma: 4.269729923838497
Runtime (s): 149.46368307620287
