Launching Problin version 0.5b
Problin was called as follow: /u/gh2161/Spatial-Division/problin/run_problin.py -c real_location_data/s8c3/k10_r5_character_matrix.csv -t real_location_data/s8c3/true_tree.nwk -S real_location_data/s8c3/leaf_locations.txt --delimiter comma -p real_location_data/s8c3/k10_priors.csv -o real_location_data/s8c3/k10_r5_spalin-divide-ignore-beta.txt --nInitials 10 --ultrametric --randomreps 3 --divide
Optimization by Spalin-Divide: Scipy-SLSQP using spatial information
Optimizing branch lengths, phi, and nu without topology search
Initial point 1. Random seed: 9356
Solving with ultrametric constraint
Optimal point found for initial point 1
Negative llh: 185.80387994300008
Dropout rate: 1.0635195394778405e-10
Silencing rate: 1.0405210400171368e-10
Sigma: 5.811919454816678
Initial point 2. Random seed: 9083
Solving with ultrametric constraint
Optimal point found for initial point 2
Negative llh: 185.8038820809987
Dropout rate: 1e-10
Silencing rate: 1e-10
Sigma: 5.8120856932304426
Initial point 3. Random seed: 1271
Solving with ultrametric constraint
Optimal point found for initial point 3
Negative llh: 185.80388135472705
Dropout rate: 1e-10
Silencing rate: 1e-10
Sigma: 5.812207734406533
Initial point 4. Random seed: 4840
Solving with ultrametric constraint
Optimal point found for initial point 4
Negative llh: 185.8038880855471
Dropout rate: 1e-10
Silencing rate: 1e-10
Sigma: 5.812249375783411
Initial point 5. Random seed: 6466
Solving with ultrametric constraint
Optimal point found for initial point 5
Negative llh: 185.80388114291236
Dropout rate: 1e-10
Silencing rate: 1e-10
Sigma: 5.81173557219514
Initial point 6. Random seed: 4656
Solving with ultrametric constraint
Optimal point found for initial point 6
Negative llh: 185.803880789446
Dropout rate: 1e-10
Silencing rate: 1e-10
Sigma: 5.812217277494667
Initial point 7. Random seed: 813
Solving with ultrametric constraint
Optimal point found for initial point 7
Negative llh: 185.8038811361183
Dropout rate: 1e-10
Silencing rate: 1e-10
Sigma: 5.811886614301777
Initial point 8. Random seed: 9503
Solving with ultrametric constraint
Optimal point found for initial point 8
Negative llh: 185.8038853261453
Dropout rate: 1e-10
Silencing rate: 1e-10
Sigma: 5.811919786432712
Initial point 9. Random seed: 1104
Solving with ultrametric constraint
Optimal point found for initial point 9
Negative llh: 185.80388019929825
Dropout rate: 5.912177509026329e-10
Silencing rate: 2.495932599072124e-10
Sigma: 5.8118414973525345
Initial point 10. Random seed: 4534
Solving with ultrametric constraint
Optimal point found for initial point 10
Negative llh: 185.8038802620554
Dropout rate: 1.48236467812543e-09
Silencing rate: 8.899887713621496e-10
Sigma: 5.81189060062352
Runtime (s): 488.5400749593973
