Launching Problin version 0.5b
Problin was called as follow: /u/gh2161/Spatial-Division/problin/run_problin.py -c real_location_data/s8c3/k10_r5_character_matrix.csv -t real_location_data/s8c3/true_tree.nwk -S real_location_data/s8c3/leaf_locations.txt --delimiter comma -p real_location_data/s8c3/k10_priors.csv -o real_location_data/s8c3/k10_r5_spalin.txt --nInitials 10 --ultrametric --randomreps 3
Optimization by Spalin: Scipy-SLSQP using spatial information
Optimizing branch lengths, phi, and nu without topology search
Initial point 1. Random seed: 1433
Solving with ultrametric constraint
Optimal point found for initial point 1
Negative llh: 163.52631009095234
Dropout rate: 1e-10
Silencing rate: 1e-10
Sigma: 37.4477622271424
Initial point 2. Random seed: 5542
Solving with ultrametric constraint
Optimal point found for initial point 2
Negative llh: 163.5263102410835
Dropout rate: 1.3403823892066204e-09
Silencing rate: 1.2843548018515692e-09
Sigma: 37.450105729938926
Initial point 3. Random seed: 1172
Solving with ultrametric constraint
Optimal point found for initial point 3
Negative llh: 163.5263103048497
Dropout rate: 7.271922564215985e-10
Silencing rate: 6.939777214861632e-10
Sigma: 37.449814321205075
Initial point 4. Random seed: 4896
Solving with ultrametric constraint
Optimal point found for initial point 4
Negative llh: 163.52631030188115
Dropout rate: 1.5337854853356355e-10
Silencing rate: 1.5820595591457694e-10
Sigma: 37.450296732653065
Initial point 5. Random seed: 9798
Solving with ultrametric constraint
Optimal point found for initial point 5
Negative llh: 163.5263113039034
Dropout rate: 1.0000000000000007e-10
Silencing rate: 1.0000000000000002e-10
Sigma: 37.44918518335195
Initial point 6. Random seed: 4025
Solving with ultrametric constraint
Optimal point found for initial point 6
Negative llh: 163.52630992291535
Dropout rate: 1.0561611818324555e-10
Silencing rate: 1.2097177828354583e-10
Sigma: 37.45039157902318
Initial point 7. Random seed: 4584
Solving with ultrametric constraint
Optimal point found for initial point 7
Negative llh: 163.5263101619857
Dropout rate: 4.5888648001942545e-10
Silencing rate: 1e-10
Sigma: 37.452460356675125
Initial point 8. Random seed: 617
Solving with ultrametric constraint
Optimal point found for initial point 8
Negative llh: 163.5263099814867
Dropout rate: 9.999999999999996e-11
Silencing rate: 9.999999999999996e-11
Sigma: 37.45060513654412
Initial point 9. Random seed: 8706
Solving with ultrametric constraint
Optimal point found for initial point 9
Negative llh: 163.52631062380715
Dropout rate: 2.468446206141613e-10
Silencing rate: 1e-10
Sigma: 37.443455650498414
Initial point 10. Random seed: 7638
Solving with ultrametric constraint
Optimal point found for initial point 10
Negative llh: 163.52630993367262
Dropout rate: 1e-10
Silencing rate: 1.0065174339487876e-10
Sigma: 37.44878824021404
Traceback (most recent call last):
  File "/u/gh2161/Spatial-Division/problin/run_problin.py", line 223, in <module>
    main()
  File "/u/gh2161/Spatial-Division/problin/run_problin.py", line 214, in main
    for cell in mySolver.params.displacement_amounts:
AttributeError: 'Params' object has no attribute 'displacement_amounts'
