Launching Problin version 0.5b
Problin was called as follow: /u/gh2161/Spatial-Division/problin/run_problin.py -c real_location_data/s19c4/k10_r1_character_matrix.csv -t real_location_data/s19c4/true_tree.nwk -S real_location_data/s19c4/leaf_locations.txt --delimiter comma -p real_location_data/s19c4/k10_priors.csv -o real_location_data/s19c4/k10_r1_spalin.txt --nInitials 10 --ultrametric --randomreps 3
Optimization by Spalin: Scipy-SLSQP using spatial information
Optimizing branch lengths, phi, and nu without topology search
Initial point 1. Random seed: 1805
Solving with ultrametric constraint
Optimal point found for initial point 1
Negative llh: 154.27271174512907
Dropout rate: 7.262817550473697e-10
Silencing rate: 3.06744475218376e-10
Sigma: 41.07455738866913
Initial point 2. Random seed: 715
Solving with ultrametric constraint
Optimal point found for initial point 2
Negative llh: 154.27271165272214
Dropout rate: 1.483996952553854e-10
Silencing rate: 1.3361371481183626e-10
Sigma: 41.07509065388312
Initial point 3. Random seed: 2583
Solving with ultrametric constraint
Optimal point found for initial point 3
Negative llh: 154.27271171022306
Dropout rate: 4.4007153317146434e-10
Silencing rate: 4.252173513936561e-10
Sigma: 41.07444614252954
Initial point 4. Random seed: 4813
Solving with ultrametric constraint
Optimal point found for initial point 4
Negative llh: 154.27271193334838
Dropout rate: 1.4111098817848322e-09
Silencing rate: 1.0048607573012478e-09
Sigma: 41.07358745891262
Initial point 5. Random seed: 4647
Solving with ultrametric constraint
Optimal point found for initial point 5
Negative llh: 154.27271194493102
Dropout rate: 1.1604661792436782e-10
Silencing rate: 1e-10
Sigma: 41.07520342422308
Initial point 6. Random seed: 682
Solving with ultrametric constraint
Optimal point found for initial point 6
Negative llh: 154.27271177204634
Dropout rate: 1.0000000000000002e-10
Silencing rate: 9.999999999999996e-11
Sigma: 41.07666673467372
Initial point 7. Random seed: 7149
Solving with ultrametric constraint
Optimal point found for initial point 7
Negative llh: 154.2727116565444
Dropout rate: 1e-10
Silencing rate: 1e-10
Sigma: 41.074602396875164
Initial point 8. Random seed: 4643
Solving with ultrametric constraint
Optimal point found for initial point 8
Negative llh: 154.27271195680424
Dropout rate: 1.6044628104259863e-10
Silencing rate: 2.668739528631353e-10
Sigma: 41.07352151222874
Initial point 9. Random seed: 6201
Solving with ultrametric constraint
Optimal point found for initial point 9
Negative llh: 154.2727120892541
Dropout rate: 1e-10
Silencing rate: 1e-10
Sigma: 41.07462017266567
Initial point 10. Random seed: 8792
Solving with ultrametric constraint
Optimal point found for initial point 10
Negative llh: 154.27271179681264
Dropout rate: 1.1478284945905916e-10
Silencing rate: 1.1505292225259816e-10
Sigma: 41.074788156052136
Traceback (most recent call last):
  File "/u/gh2161/Spatial-Division/problin/run_problin.py", line 223, in <module>
    main()
  File "/u/gh2161/Spatial-Division/problin/run_problin.py", line 214, in main
    for cell in mySolver.params.displacement_amounts:
AttributeError: 'Params' object has no attribute 'displacement_amounts'
