Launching Problin version 0.5b
Problin was called as follow: /u/gh2161/problin/run_problin.py -c simulated_data/s19c4/k10_r3_character_matrix.csv -t simulated_data/s19c4/true_tree.nwk -S simulated_data/s19c4/leaf_locations.txt --delimiter comma -p simulated_data/s19c4/k10_priors.csv -o simulated_data/s19c4/k10_r3_spalin_leaves_newfelsen.txt --nInitials 10 --ultrametric --randomreps 3
Optimization by Spalin: Scipy-SLSQP using spatial information
Optimizing branch lengths, phi, and nu without topology search
Initial point 1. Random seed: 7645
Solving with ultrametric constraint
Optimal point found for initial point 1
Negative llh: 180.5386638339615
Dropout rate: 7.948888168428709e-10
Silencing rate: 6.786756731303967e-10
Sigma: 10.314415001011485
Initial point 2. Random seed: 744
Solving with ultrametric constraint
Optimal point found for initial point 2
Negative llh: 180.53866333228558
Dropout rate: 1e-10
Silencing rate: 1e-10
Sigma: 10.31467814057866
Initial point 3. Random seed: 1188
Solving with ultrametric constraint
Optimal point found for initial point 3
Negative llh: 180.53866354080628
Dropout rate: 1.4445007759278838e-10
Silencing rate: 2.3061445447941035e-10
Sigma: 10.315616160701083
Initial point 4. Random seed: 3620
Solving with ultrametric constraint
Optimal point found for initial point 4
Negative llh: 180.53866366919357
Dropout rate: 9.999999999999996e-11
Silencing rate: 9.999999999999996e-11
Sigma: 10.315724906853694
Initial point 5. Random seed: 3954
Solving with ultrametric constraint
Optimal point found for initial point 5
Negative llh: 180.53866370151673
Dropout rate: 1.3046186078018256e-09
Silencing rate: 2.200414749660454e-09
Sigma: 10.315356411432736
Initial point 6. Random seed: 3045
Solving with ultrametric constraint
Optimal point found for initial point 6
Negative llh: 180.53866378215722
Dropout rate: 1e-10
Silencing rate: 1e-10
Sigma: 10.314600771944157
Initial point 7. Random seed: 2633
Solving with ultrametric constraint
Optimal point found for initial point 7
Negative llh: 180.53866396959825
Dropout rate: 1e-10
Silencing rate: 1e-10
Sigma: 10.314998259928695
Initial point 8. Random seed: 1173
Solving with ultrametric constraint
Optimal point found for initial point 8
Negative llh: 180.53866337105296
Dropout rate: 1.0000000000000002e-10
Silencing rate: 1.0000000000000002e-10
Sigma: 10.314301978616689
Initial point 9. Random seed: 2993
Solving with ultrametric constraint
Optimal point found for initial point 9
Negative llh: 180.53866351347298
Dropout rate: 1e-10
Silencing rate: 1e-10
Sigma: 10.314930230392726
Initial point 10. Random seed: 3043
Solving with ultrametric constraint
Optimal point found for initial point 10
Negative llh: 180.53866345713678
Dropout rate: 1e-10
Silencing rate: 1e-10
Sigma: 10.31511573984497
Runtime (s): 85.90976226329803
