Launching Problin version 0.5b
Problin was called as follow: /u/gh2161/problin/run_problin.py -c simulated_data/s19c4/k10_r3_character_matrix.csv -t simulated_data/s19c4/true_tree.nwk -S simulated_data/s19c4/true_locations.txt --delimiter comma -p simulated_data/s19c4/k10_priors.csv -o simulated_data/s19c4/k10_r3_spalin_all.txt --nInitials 10 --ultrametric --randomreps 3
Optimization by Spalin: Scipy-SLSQP using spatial information
Optimizing branch lengths, phi, and nu without topology search
Initial point 1. Random seed: 5850
Solving with ultrametric constraint
Optimal point found for initial point 1
Negative llh: 249.62736803974838
Dropout rate: 1.0000000000000002e-10
Silencing rate: 1.0000000000000002e-10
Sigma: 31.420898294637983
Initial point 2. Random seed: 4017
Solving with ultrametric constraint
Optimal point found for initial point 2
Negative llh: 249.62736802970701
Dropout rate: 1e-10
Silencing rate: 1e-10
Sigma: 31.422058382710667
Initial point 3. Random seed: 852
Solving with ultrametric constraint
Optimal point found for initial point 3
Negative llh: 249.62736788885275
Dropout rate: 1e-10
Silencing rate: 1e-10
Sigma: 31.422347957897212
Initial point 4. Random seed: 3831
Solving with ultrametric constraint
Optimal point found for initial point 4
Negative llh: 249.6273680689927
Dropout rate: 1.0050005567275367e-10
Silencing rate: 1.0112105652402003e-10
Sigma: 31.421983097437227
Initial point 5. Random seed: 7900
Solving with ultrametric constraint
Optimal point found for initial point 5
Negative llh: 249.62737033546892
Dropout rate: 1e-10
Silencing rate: 1e-10
Sigma: 31.422862530889507
Initial point 6. Random seed: 9525
Solving with ultrametric constraint
Optimal point found for initial point 6
Negative llh: 249.6273682311449
Dropout rate: 1.1331563525919865e-09
Silencing rate: 1.8871785563136815e-09
Sigma: 31.42383004002348
Initial point 7. Random seed: 7409
Solving with ultrametric constraint
Optimal point found for initial point 7
Negative llh: 249.62736788781692
Dropout rate: 1e-10
Silencing rate: 1e-10
Sigma: 31.42326908695486
Initial point 8. Random seed: 7653
Solving with ultrametric constraint
Optimal point found for initial point 8
Negative llh: 249.62736791481166
Dropout rate: 1e-10
Silencing rate: 1e-10
Sigma: 31.422503240121333
Initial point 9. Random seed: 9849
Solving with ultrametric constraint
Optimal point found for initial point 9
Negative llh: 249.62736810654388
Dropout rate: 1.0363330545483485e-10
Silencing rate: 1.4601018742180724e-10
Sigma: 31.424362803619168
Initial point 10. Random seed: 5209
Solving with ultrametric constraint
Optimal point found for initial point 10
Negative llh: 249.62736834183968
Dropout rate: 3.564683136336685e-10
Silencing rate: 4.091467525115816e-10
Sigma: 31.420843552519752
Runtime (s): 13.47121584881097
