Launching Problin version 0.5b
Problin was called as follow: /u/gh2161/Spatial-Division/problin/run_problin.py -c real_location_data/s19c4/k10_r4_character_matrix.csv -t real_location_data/s19c4/true_tree.nwk -S real_location_data/s19c4/leaf_locations.txt --delimiter comma -p real_location_data/s19c4/k10_priors.csv -o real_location_data/s19c4/k10_r4_spalin-divide-ignore-beta.txt --nInitials 10 --ultrametric --randomreps 3 --divide
Optimization by Spalin-Divide: Scipy-SLSQP using spatial information
Optimizing branch lengths, phi, and nu without topology search
Initial point 1. Random seed: 3577
Solving with ultrametric constraint
Optimal point found for initial point 1
Negative llh: 202.341701928077
Dropout rate: 4.4533969829843353e-10
Silencing rate: 2.797756888500943e-10
Sigma: 6.3320004625638475
Initial point 2. Random seed: 985
Solving with ultrametric constraint
Optimal point found for initial point 2
Negative llh: 202.34169907912406
Dropout rate: 9.999999999999996e-11
Silencing rate: 9.999999999999996e-11
Sigma: 6.332578856575477
Initial point 3. Random seed: 9612
Solving with ultrametric constraint
Optimal point found for initial point 3
Negative llh: 202.3416815397162
Dropout rate: 1.2429044785286777e-09
Silencing rate: 1.0200192429708418e-09
Sigma: 6.332469614564386
Initial point 4. Random seed: 1276
Solving with ultrametric constraint
Optimal point found for initial point 4
Negative llh: 202.3417193147764
Dropout rate: 1e-10
Silencing rate: 1e-10
Sigma: 6.3327289410764545
Initial point 5. Random seed: 5394
Solving with ultrametric constraint
Optimal point found for initial point 5
Negative llh: 202.34168833928263
Dropout rate: 1e-10
Silencing rate: 1e-10
Sigma: 6.332497081146107
Initial point 6. Random seed: 4792
Solving with ultrametric constraint
Optimal point found for initial point 6
Negative llh: 202.3416881224364
Dropout rate: 1.0079216398304332e-10
Silencing rate: 1.004382650364631e-10
Sigma: 6.332456022095148
Initial point 7. Random seed: 6529
Solving with ultrametric constraint
Optimal point found for initial point 7
Negative llh: 202.34167800143783
Dropout rate: 1.0000000000000007e-10
Silencing rate: 1.0000000000000007e-10
Sigma: 6.332526770530542
Initial point 8. Random seed: 7549
Solving with ultrametric constraint
Optimal point found for initial point 8
Negative llh: 202.3416800156686
Dropout rate: 8.185346481910196e-10
Silencing rate: 6.165038661830143e-10
Sigma: 6.332302015251492
Initial point 9. Random seed: 1974
Solving with ultrametric constraint
Optimal point found for initial point 9
Negative llh: 202.34170075379143
Dropout rate: 9.999999999999996e-11
Silencing rate: 1.0000000000000002e-10
Sigma: 6.332209918024501
Initial point 10. Random seed: 2367
Solving with ultrametric constraint
Optimal point found for initial point 10
Negative llh: 202.3417051468459
Dropout rate: 1.0000000000000002e-10
Silencing rate: 1.0000000000000002e-10
Sigma: 6.332674829600258
Runtime (s): 299.4460672605783
