Launching Problin version 0.5b
Problin was called as follow: /u/gh2161/Spatial-Division/problin/run_problin.py -c real_location_data/s19c4/k10_r2_character_matrix.csv -t real_location_data/s19c4/true_tree.nwk -S real_location_data/s19c4/leaf_locations.txt --delimiter comma -p real_location_data/s19c4/k10_priors.csv -o real_location_data/s19c4/k10_r2_spalin-divide-beta3.txt --nInitials 10 --ultrametric --randomreps 3 --divide --given_beta 3 --incl_beta_bound
Optimization by Spalin-Divide: Scipy-SLSQP using spatial information
Optimizing branch lengths, phi, and nu without topology search
Initial point 1. Random seed: 8891
Solving with ultrametric constraint
Optimal point found for initial point 1
Negative llh: 201.8389560261419
Dropout rate: 1e-10
Silencing rate: 1e-10
Sigma: 5.947440501655448
Initial point 2. Random seed: 9327
Solving with ultrametric constraint
Optimal point found for initial point 2
Negative llh: 201.83895590389642
Dropout rate: 1.0000000000000002e-10
Silencing rate: 1.0000000000000002e-10
Sigma: 5.947478712331686
Initial point 3. Random seed: 2423
Solving with ultrametric constraint
Optimal point found for initial point 3
Negative llh: 201.83895878483415
Dropout rate: 2.6614420176055397e-10
Silencing rate: 2.4763880752074734e-10
Sigma: 5.9472523493066545
Initial point 4. Random seed: 3328
Solving with ultrametric constraint
Optimal point found for initial point 4
Negative llh: 201.83895614186912
Dropout rate: 1.7370753563305284e-10
Silencing rate: 1.594842623674277e-10
Sigma: 5.947491613367444
Initial point 5. Random seed: 2435
Solving with ultrametric constraint
Optimal point found for initial point 5
Negative llh: 201.83895691772057
Dropout rate: 2.44591024225971e-10
Silencing rate: 1.810693805341322e-10
Sigma: 5.947504452619478
Initial point 6. Random seed: 8723
Solving with ultrametric constraint
Optimal point found for initial point 6
Negative llh: 201.83895603117
Dropout rate: 1.0000000000000002e-10
Silencing rate: 1.0000000000000002e-10
Sigma: 5.947425655439276
Initial point 7. Random seed: 3551
Solving with ultrametric constraint
Optimal point found for initial point 7
Negative llh: 201.83895694481419
Dropout rate: 1.0000000000000007e-10
Silencing rate: 1.0000000000000007e-10
Sigma: 5.947449748390685
Initial point 8. Random seed: 2306
Solving with ultrametric constraint
Optimal point found for initial point 8
Negative llh: 201.83895651003644
Dropout rate: 3.8398934630199853e-10
Silencing rate: 2.7326492238263104e-10
Sigma: 5.947478579688512
Initial point 9. Random seed: 56
Solving with ultrametric constraint
Optimal point found for initial point 9
Negative llh: 201.8389560847557
Dropout rate: 2.850535633296011e-10
Silencing rate: 2.0777552223971929e-10
Sigma: 5.947537898511517
Initial point 10. Random seed: 9048
Solving with ultrametric constraint
Optimal point found for initial point 10
Negative llh: 201.83895633345267
Dropout rate: 1.377285363560035e-10
Silencing rate: 1.2115499670744591e-10
Sigma: 5.9474872590947285
Runtime (s): 754.3868658179999
