Launching Problin version 0.5b
Problin was called as follow: /u/gh2161/Spatial-Division/problin/run_problin.py -c real_location_data/s19c4/k10_r1_character_matrix.csv -t real_location_data/s19c4/true_tree.nwk -S real_location_data/s19c4/leaf_locations.txt --delimiter comma -p real_location_data/s19c4/k10_priors.csv -o real_location_data/s19c4/k10_r1_spalin-divide-beta05.txt --nInitials 10 --ultrametric --randomreps 3 --divide --given_beta 0.5 --incl_beta_bound
Optimization by Spalin-Divide: Scipy-SLSQP using spatial information
Optimizing branch lengths, phi, and nu without topology search
Initial point 1. Random seed: 1814
Solving with ultrametric constraint
Optimal point found for initial point 1
Negative llh: 177.48352497618524
Dropout rate: 1.4162723780019114e-10
Silencing rate: 2.457677006042892e-10
Sigma: 6.338219095311824
Initial point 2. Random seed: 2731
Solving with ultrametric constraint
Optimal point found for initial point 2
Negative llh: 177.4835252978141
Dropout rate: 1.2952028467197192e-10
Silencing rate: 1.1724042447743204e-10
Sigma: 6.338251144280694
Initial point 3. Random seed: 1684
Solving with ultrametric constraint
Optimal point found for initial point 3
Negative llh: 177.4835250313397
Dropout rate: 1.1610158374821117e-10
Silencing rate: 1.0940252855491236e-10
Sigma: 6.338214738169765
Initial point 4. Random seed: 2597
Solving with ultrametric constraint
Optimal point found for initial point 4
Negative llh: 177.48352515534918
Dropout rate: 2.410988191222338e-10
Silencing rate: 1.9413046224782543e-10
Sigma: 6.338260798768558
Initial point 5. Random seed: 5904
Solving with ultrametric constraint
Optimal point found for initial point 5
Negative llh: 177.4835249405461
Dropout rate: 9.999999999999996e-11
Silencing rate: 1.0000000000000002e-10
Sigma: 6.338233755687827
Initial point 6. Random seed: 7057
Solving with ultrametric constraint
Optimal point found for initial point 6
Negative llh: 177.48352495392402
Dropout rate: 1e-10
Silencing rate: 1e-10
Sigma: 6.3382211354444875
Initial point 7. Random seed: 8803
Solving with ultrametric constraint
Optimal point found for initial point 7
Negative llh: 177.48352624158474
Dropout rate: 6.95185619613783e-10
Silencing rate: 5.547413967523478e-10
Sigma: 6.3384273439607615
Initial point 8. Random seed: 3958
Solving with ultrametric constraint
Optimal point found for initial point 8
Negative llh: 177.48352494013324
Dropout rate: 1e-10
Silencing rate: 1e-10
Sigma: 6.33822560494551
Initial point 9. Random seed: 3506
Solving with ultrametric constraint
Optimal point found for initial point 9
Negative llh: 177.4835249738331
Dropout rate: 1e-10
Silencing rate: 1e-10
Sigma: 6.338228508701232
Initial point 10. Random seed: 5999
Solving with ultrametric constraint
Optimal point found for initial point 10
Negative llh: 177.4835252836119
Dropout rate: 1e-10
Silencing rate: 1e-10
Sigma: 6.338288584370541
Runtime (s): 735.8066279789782
