Launching Problin version 0.5b
Problin was called as follow: /u/gh2161/Spatial-Division/problin/run_problin.py -c real_location_data/s19c4/k10_r4_character_matrix.csv -t real_location_data/s19c4/true_tree.nwk -S real_location_data/s19c4/leaf_locations.txt --delimiter comma -p real_location_data/s19c4/k10_priors.csv -o real_location_data/s19c4/k10_r4_spalin-divide-beta05.txt --nInitials 10 --ultrametric --randomreps 3 --divide --given_beta 0.5 --incl_beta_bound
Optimization by Spalin-Divide: Scipy-SLSQP using spatial information
Optimizing branch lengths, phi, and nu without topology search
Initial point 1. Random seed: 5632
Solving with ultrametric constraint
Optimal point found for initial point 1
Negative llh: 203.2405307949735
Dropout rate: 9.999999999999996e-11
Silencing rate: 1.0000000000000002e-10
Sigma: 6.434926454473825
Initial point 2. Random seed: 359
Solving with ultrametric constraint
Optimal point found for initial point 2
Negative llh: 203.24052988562556
Dropout rate: 8.415554413516368e-10
Silencing rate: 6.470337743365376e-10
Sigma: 6.435205292337659
Initial point 3. Random seed: 5935
Solving with ultrametric constraint
Optimal point found for initial point 3
Negative llh: 203.2405295712439
Dropout rate: 1.0000000000000007e-10
Silencing rate: 9.999999999999996e-11
Sigma: 6.435288369341916
Initial point 4. Random seed: 685
Solving with ultrametric constraint
Optimal point found for initial point 4
Negative llh: 203.24053000167186
Dropout rate: 1.3671951208438315e-09
Silencing rate: 4.226112479303114e-10
Sigma: 6.435222598962175
Initial point 5. Random seed: 1680
Solving with ultrametric constraint
Optimal point found for initial point 5
Negative llh: 203.24052959033696
Dropout rate: 1.0000000000000007e-10
Silencing rate: 1.0000000000000007e-10
Sigma: 6.435256707819292
Initial point 6. Random seed: 2287
Solving with ultrametric constraint
Optimal point found for initial point 6
Negative llh: 203.24052956029186
Dropout rate: 5.841001507136503e-10
Silencing rate: 4.368051339974856e-10
Sigma: 6.4352011087937315
Initial point 7. Random seed: 9066
Solving with ultrametric constraint
Optimal point found for initial point 7
Negative llh: 203.24052955496222
Dropout rate: 1.0000000000000002e-10
Silencing rate: 1e-10
Sigma: 6.435174382015321
Initial point 8. Random seed: 3480
Solving with ultrametric constraint
Optimal point found for initial point 8
Negative llh: 203.24052976776696
Dropout rate: 9.999999999999996e-11
Silencing rate: 9.999999999999996e-11
Sigma: 6.435170549408148
Initial point 9. Random seed: 7218
Solving with ultrametric constraint
Optimal point found for initial point 9
Negative llh: 203.24052971115935
Dropout rate: 1e-10
Silencing rate: 1e-10
Sigma: 6.43526713154742
Initial point 10. Random seed: 5821
Solving with ultrametric constraint
Optimal point found for initial point 10
Negative llh: 203.2405295023298
Dropout rate: 1e-10
Silencing rate: 1e-10
Sigma: 6.435180807234044
Runtime (s): 515.0380167800467
