Launching Problin version 0.5b
Problin was called as follow: /u/gh2161/Spatial-Division/problin/run_problin.py -c real_location_data/s19c4/k10_r4_character_matrix.csv -t real_location_data/s19c4/true_tree.nwk -S real_location_data/s19c4/leaf_locations.txt --delimiter comma -p real_location_data/s19c4/k10_priors.csv -o real_location_data/s19c4/k10_r4_spalin-divide-beta1.txt --nInitials 10 --ultrametric --randomreps 3 --divide --given_beta 1 --incl_beta_bound
Optimization by Spalin-Divide: Scipy-SLSQP using spatial information
Optimizing branch lengths, phi, and nu without topology search
Initial point 1. Random seed: 4789
Solving with ultrametric constraint
Optimal point found for initial point 1
Negative llh: 202.58357727974266
Dropout rate: 4.226041814337546e-10
Silencing rate: 2.692836190441555e-10
Sigma: 6.361853330556317
Initial point 2. Random seed: 728
Solving with ultrametric constraint
Optimal point found for initial point 2
Negative llh: 202.58357704453516
Dropout rate: 1e-10
Silencing rate: 1e-10
Sigma: 6.361837211659942
Initial point 3. Random seed: 5510
Solving with ultrametric constraint
Optimal point found for initial point 3
Negative llh: 202.58357996152762
Dropout rate: 1e-10
Silencing rate: 1e-10
Sigma: 6.361858771482523
Initial point 4. Random seed: 7405
Solving with ultrametric constraint
Optimal point found for initial point 4
Negative llh: 202.5835771815356
Dropout rate: 3.7254771537023526e-10
Silencing rate: 4.051452327582351e-10
Sigma: 6.361871954255702
Initial point 5. Random seed: 6326
Solving with ultrametric constraint
Optimal point found for initial point 5
Negative llh: 202.58357697870758
Dropout rate: 1.1153693794729327e-10
Silencing rate: 1.0626461638940232e-10
Sigma: 6.361843385833593
Initial point 6. Random seed: 6892
Solving with ultrametric constraint
Optimal point found for initial point 6
Negative llh: 202.5835768428787
Dropout rate: 1.170320919507464e-10
Silencing rate: 1.0924788327358665e-10
Sigma: 6.361859609127709
Initial point 7. Random seed: 4083
Solving with ultrametric constraint
Optimal point found for initial point 7
Negative llh: 202.5836740834615
Dropout rate: 1.6404584666136549e-09
Silencing rate: 1.076769198911665e-09
Sigma: 6.361825029742409
Initial point 8. Random seed: 8635
Solving with ultrametric constraint
Optimal point found for initial point 8
Negative llh: 202.5835771298522
Dropout rate: 1.0000000000000002e-10
Silencing rate: 1e-10
Sigma: 6.3618369679920415
Initial point 9. Random seed: 1090
Solving with ultrametric constraint
Optimal point found for initial point 9
Negative llh: 202.5835771032458
Dropout rate: 1e-10
Silencing rate: 1e-10
Sigma: 6.361803698799508
Initial point 10. Random seed: 2800
Solving with ultrametric constraint
Optimal point found for initial point 10
Negative llh: 202.58357692389924
Dropout rate: 1e-10
Silencing rate: 1e-10
Sigma: 6.361835158076613
Runtime (s): 882.888583745982
