Launching Problin version 0.5b
Problin was called as follow: /u/gh2161/Spatial-Division/problin/run_problin.py -c real_location_data/s19c4/k10_r5_character_matrix.csv -t real_location_data/s19c4/true_tree.nwk -S real_location_data/s19c4/leaf_locations.txt --delimiter comma -p real_location_data/s19c4/k10_priors.csv -o real_location_data/s19c4/k10_r5_spalin-divide-ignore-beta.txt --nInitials 10 --ultrametric --randomreps 3 --divide
Optimization by Spalin-Divide: Scipy-SLSQP using spatial information
Optimizing branch lengths, phi, and nu without topology search
Initial point 1. Random seed: 6666
Solving with ultrametric constraint
Optimal point found for initial point 1
Negative llh: 195.79064209341897
Dropout rate: 1e-10
Silencing rate: 1e-10
Sigma: 6.925560499936926
Initial point 2. Random seed: 4642
Solving with ultrametric constraint
Optimal point found for initial point 2
Negative llh: 195.79059249470419
Dropout rate: 1.0000000000000007e-10
Silencing rate: 9.999999999999996e-11
Sigma: 6.925072043101365
Initial point 3. Random seed: 5003
Solving with ultrametric constraint
Optimal point found for initial point 3
Negative llh: 195.79042425984426
Dropout rate: 9.538301469230472e-10
Silencing rate: 5.68619061615061e-10
Sigma: 6.924985629129331
Initial point 4. Random seed: 8242
Solving with ultrametric constraint
Optimal point found for initial point 4
Negative llh: 195.79042435631487
Dropout rate: 1.217263994760158e-10
Silencing rate: 1.1116940934117957e-10
Sigma: 6.9249096884640755
Initial point 5. Random seed: 6563
Solving with ultrametric constraint
Optimal point found for initial point 5
Negative llh: 195.79062560501472
Dropout rate: 1e-10
Silencing rate: 1e-10
Sigma: 6.925323015336383
Initial point 6. Random seed: 4394
Solving with ultrametric constraint
Optimal point found for initial point 6
Negative llh: 195.7905860401119
Dropout rate: 1.986883859146544e-09
Silencing rate: 7.986721153124941e-10
Sigma: 6.9255139720587024
Initial point 7. Random seed: 5793
Solving with ultrametric constraint
Optimal point found for initial point 7
Negative llh: 195.79057580373762
Dropout rate: 9.999999999999996e-11
Silencing rate: 1.0000000000000002e-10
Sigma: 6.92519501455075
Initial point 8. Random seed: 551
Solving with ultrametric constraint
Optimal point found for initial point 8
Negative llh: 195.79059659396077
Dropout rate: 3.8732381209787337e-10
Silencing rate: 2.33677011108925e-10
Sigma: 6.925075074394902
Initial point 9. Random seed: 729
Solving with ultrametric constraint
Optimal point found for initial point 9
Negative llh: 195.79061358640854
Dropout rate: 1e-10
Silencing rate: 1e-10
Sigma: 6.925200420876135
Initial point 10. Random seed: 2715
Solving with ultrametric constraint
Optimal point found for initial point 10
Negative llh: 195.79059526039703
Dropout rate: 1e-10
Silencing rate: 1e-10
Sigma: 6.924167338288179
Runtime (s): 320.0927362460643
