Launching Problin version 0.5b
Problin was called as follow: /u/gh2161/Spatial-Division/problin/run_problin.py -c real_location_data/s19c4/k10_r2_character_matrix.csv -t real_location_data/s19c4/true_tree.nwk -S real_location_data/s19c4/leaf_locations.txt --delimiter comma -p real_location_data/s19c4/k10_priors.csv -o real_location_data/s19c4/k10_r2_spalin-divide-beta1.txt --nInitials 10 --ultrametric --randomreps 3 --divide --given_beta 1 --incl_beta_bound
Optimization by Spalin-Divide: Scipy-SLSQP using spatial information
Optimizing branch lengths, phi, and nu without topology search
Initial point 1. Random seed: 7162
Solving with ultrametric constraint
Optimal point found for initial point 1
Negative llh: 204.51377907634375
Dropout rate: 1.7039260725102347e-09
Silencing rate: 9.386683895764164e-10
Sigma: 6.249887679471073
Initial point 2. Random seed: 7263
Solving with ultrametric constraint
Optimal point found for initial point 2
Negative llh: 204.51377179094695
Dropout rate: 1e-10
Silencing rate: 1e-10
Sigma: 6.250166216910229
Initial point 3. Random seed: 9798
Solving with ultrametric constraint
Optimal point found for initial point 3
Negative llh: 204.51377276916241
Dropout rate: 1e-10
Silencing rate: 1e-10
Sigma: 6.250106434301876
Initial point 4. Random seed: 6627
Solving with ultrametric constraint
Optimal point found for initial point 4
Negative llh: 204.51377182660877
Dropout rate: 4.290831570158399e-10
Silencing rate: 3.0715867031771896e-10
Sigma: 6.250193258234458
Initial point 5. Random seed: 3902
Solving with ultrametric constraint
Optimal point found for initial point 5
Negative llh: 204.5137716206579
Dropout rate: 1e-10
Silencing rate: 1e-10
Sigma: 6.250165500836768
Initial point 6. Random seed: 7559
Solving with ultrametric constraint
Optimal point found for initial point 6
Negative llh: 204.51377197861086
Dropout rate: 1e-10
Silencing rate: 1e-10
Sigma: 6.250224809689927
Initial point 7. Random seed: 4508
Solving with ultrametric constraint
Optimal point found for initial point 7
Negative llh: 204.5137720923754
Dropout rate: 1e-10
Silencing rate: 1e-10
Sigma: 6.250173944077657
Initial point 8. Random seed: 9611
Solving with ultrametric constraint
Optimal point found for initial point 8
Negative llh: 204.51377161350845
Dropout rate: 1e-10
Silencing rate: 1e-10
Sigma: 6.2501508094778515
Initial point 9. Random seed: 2453
Solving with ultrametric constraint
Optimal point found for initial point 9
Negative llh: 204.5137716248094
Dropout rate: 1e-10
Silencing rate: 1e-10
Sigma: 6.250164839148521
Initial point 10. Random seed: 3115
Solving with ultrametric constraint
Optimal point found for initial point 10
Negative llh: 204.51377212918624
Dropout rate: 2.904807742441725e-10
Silencing rate: 2.0710276064781532e-10
Sigma: 6.250058930822984
Runtime (s): 373.1121505405754
