Launching Problin version 0.5b
Problin was called as follow: /u/gh2161/Spatial-Division/problin/run_problin.py -c real_location_data/s10c3/k10_r3_character_matrix.csv -t real_location_data/s10c3/true_tree.nwk -S real_location_data/s10c3/leaf_locations.txt --delimiter comma -p real_location_data/s10c3/k10_priors.csv -o real_location_data/s10c3/k10_r3_spalin-divide-beta05.txt --nInitials 10 --ultrametric --randomreps 3 --divide --given_beta 0.5 --incl_beta_bound
Optimization by Spalin-Divide: Scipy-SLSQP using spatial information
Optimizing branch lengths, phi, and nu without topology search
Initial point 1. Random seed: 1614
Solving with ultrametric constraint
Optimal point found for initial point 1
Negative llh: 280.195723772046
Dropout rate: 1e-10
Silencing rate: 1e-10
Sigma: 4.908052267715534
Initial point 2. Random seed: 7705
Solving with ultrametric constraint
Optimal point found for initial point 2
Negative llh: 280.1957234603092
Dropout rate: 1.5073753586829497e-10
Silencing rate: 1.3395111158746614e-10
Sigma: 4.9080436967706245
Initial point 3. Random seed: 6555
Solving with ultrametric constraint
Fatal: failed to optimize using initial point 3
Initial point 4. Random seed: 6392
Solving with ultrametric constraint
Optimal point found for initial point 4
Negative llh: 280.19572384928756
Dropout rate: 4.714236748109748e-10
Silencing rate: 3.6649140327496513e-10
Sigma: 4.908046384836453
Initial point 5. Random seed: 9589
Solving with ultrametric constraint
Optimal point found for initial point 5
Negative llh: 280.195723731529
Dropout rate: 1.2670836371318394e-10
Silencing rate: 2.2740722411836127e-10
Sigma: 4.908042360662295
Initial point 6. Random seed: 4164
Solving with ultrametric constraint
Optimal point found for initial point 6
Negative llh: 280.1957238392554
Dropout rate: 2.672564893644809e-10
Silencing rate: 2.1199735997451427e-10
Sigma: 4.908036686006282
Initial point 7. Random seed: 474
Solving with ultrametric constraint
Optimal point found for initial point 7
Negative llh: 280.1957236466504
Dropout rate: 3.6049295976376375e-10
Silencing rate: 2.756474646415227e-10
Sigma: 4.908035043764613
Initial point 8. Random seed: 6154
Solving with ultrametric constraint
Optimal point found for initial point 8
Negative llh: 280.19572344835564
Dropout rate: 1.0690158261104652e-10
Silencing rate: 1.0461819950173862e-10
Sigma: 4.908042176481849
Initial point 9. Random seed: 8062
Solving with ultrametric constraint
Optimal point found for initial point 9
Negative llh: 280.195723937757
Dropout rate: 1e-10
Silencing rate: 1e-10
Sigma: 4.908006073322971
Initial point 10. Random seed: 6683
Solving with ultrametric constraint
Optimal point found for initial point 10
Negative llh: 280.1957242176971
Dropout rate: 1.0000000000000002e-10
Silencing rate: 1.0000000000000002e-10
Sigma: 4.907996332103128
Runtime (s): 1003.3852826561779
