Launching Problin version 0.5b
Problin was called as follow: /u/gh2161/Spatial-Division/problin/run_problin.py -c real_location_data/s10c3/k10_r5_character_matrix.csv -t real_location_data/s10c3/true_tree.nwk -S real_location_data/s10c3/leaf_locations.txt --delimiter comma -p real_location_data/s10c3/k10_priors.csv -o real_location_data/s10c3/k10_r5_spalin-divide-ignore-beta.txt --nInitials 10 --ultrametric --randomreps 3 --divide
Optimization by Spalin-Divide: Scipy-SLSQP using spatial information
Optimizing branch lengths, phi, and nu without topology search
Initial point 1. Random seed: 2488
Solving with ultrametric constraint
Optimal point found for initial point 1
Negative llh: 277.0212814484028
Dropout rate: 9.999999999999996e-11
Silencing rate: 9.999999999999996e-11
Sigma: 4.751784043734365
Initial point 2. Random seed: 4645
Solving with ultrametric constraint
Optimal point found for initial point 2
Negative llh: 277.02128138406215
Dropout rate: 1.0000000000000007e-10
Silencing rate: 1.0000000000000007e-10
Sigma: 4.751809160331653
Initial point 3. Random seed: 4460
Solving with ultrametric constraint
Optimal point found for initial point 3
Negative llh: 277.02128143476216
Dropout rate: 1.3310544904819767e-10
Silencing rate: 1.2243634946625503e-10
Sigma: 4.751811537872817
Initial point 4. Random seed: 1825
Solving with ultrametric constraint
Optimal point found for initial point 4
Negative llh: 277.0212814993549
Dropout rate: 1e-10
Silencing rate: 1e-10
Sigma: 4.75183323608061
Initial point 5. Random seed: 5124
Solving with ultrametric constraint
Optimal point found for initial point 5
Negative llh: 277.02129197512124
Dropout rate: 1.0000000000000007e-10
Silencing rate: 1.0000000000000007e-10
Sigma: 4.7522277120963
Initial point 6. Random seed: 9601
Solving with ultrametric constraint
Optimal point found for initial point 6
Negative llh: 277.0212815217322
Dropout rate: 1e-10
Silencing rate: 1e-10
Sigma: 4.7518073618746834
Initial point 7. Random seed: 3502
Solving with ultrametric constraint
Optimal point found for initial point 7
Negative llh: 277.02128200072013
Dropout rate: 6.006776121811854e-10
Silencing rate: 6.698819240453512e-10
Sigma: 4.751786162865646
Initial point 8. Random seed: 748
Solving with ultrametric constraint
Optimal point found for initial point 8
Negative llh: 277.0212822421885
Dropout rate: 1e-10
Silencing rate: 1e-10
Sigma: 4.751818095536833
Initial point 9. Random seed: 5516
Solving with ultrametric constraint
Optimal point found for initial point 9
Negative llh: 277.02128158979394
Dropout rate: 1.0000000000000007e-10
Silencing rate: 1.0000000000000007e-10
Sigma: 4.751796531091423
Initial point 10. Random seed: 1035
Solving with ultrametric constraint
Optimal point found for initial point 10
Negative llh: 277.02128170041755
Dropout rate: 1e-10
Silencing rate: 1e-10
Sigma: 4.751769407934768
Runtime (s): 769.7896688152105
