Launching Problin version 0.5b
Problin was called as follow: /u/gh2161/Spatial-Division/problin/run_problin.py -c real_location_data/s10c3/k10_r5_character_matrix.csv -t real_location_data/s10c3/true_tree.nwk -S real_location_data/s10c3/leaf_locations.txt --delimiter comma -p real_location_data/s10c3/k10_priors.csv -o real_location_data/s10c3/k10_r5_spalin-divide-beta05.txt --nInitials 10 --ultrametric --randomreps 3 --divide --given_beta 0.5 --incl_beta_bound
Optimization by Spalin-Divide: Scipy-SLSQP using spatial information
Optimizing branch lengths, phi, and nu without topology search
Initial point 1. Random seed: 3848
Solving with ultrametric constraint
Optimal point found for initial point 1
Negative llh: 279.08222467562445
Dropout rate: 1e-10
Silencing rate: 1e-10
Sigma: 4.878415950073847
Initial point 2. Random seed: 296
Solving with ultrametric constraint
Optimal point found for initial point 2
Negative llh: 279.08222461477214
Dropout rate: 1e-10
Silencing rate: 1e-10
Sigma: 4.878428565458891
Initial point 3. Random seed: 9588
Solving with ultrametric constraint
Optimal point found for initial point 3
Negative llh: 279.0822247357886
Dropout rate: 1.0000000000000007e-10
Silencing rate: 1.0000000000000007e-10
Sigma: 4.878414683005322
Initial point 4. Random seed: 4678
Solving with ultrametric constraint
Optimal point found for initial point 4
Negative llh: 279.08222483060644
Dropout rate: 3.438338797166422e-10
Silencing rate: 2.54530790936384e-10
Sigma: 4.8783854678917296
Initial point 5. Random seed: 753
Solving with ultrametric constraint
Optimal point found for initial point 5
Negative llh: 279.08222483139303
Dropout rate: 9.999999999999996e-11
Silencing rate: 1.0000000000000002e-10
Sigma: 4.878395333736601
Initial point 6. Random seed: 7198
Solving with ultrametric constraint
Optimal point found for initial point 6
Negative llh: 279.08222469749
Dropout rate: 1.0000000000000007e-10
Silencing rate: 1.0000000000000007e-10
Sigma: 4.878402127524273
Initial point 7. Random seed: 5395
Solving with ultrametric constraint
Optimal point found for initial point 7
Negative llh: 279.08222460161636
Dropout rate: 1e-10
Silencing rate: 1e-10
Sigma: 4.878414453443599
Initial point 8. Random seed: 9509
Solving with ultrametric constraint
Optimal point found for initial point 8
Negative llh: 279.08222470102305
Dropout rate: 1.076595562248024e-10
Silencing rate: 1.048542135946581e-10
Sigma: 4.8784207327280065
Initial point 9. Random seed: 4162
Solving with ultrametric constraint
Optimal point found for initial point 9
Negative llh: 279.08222457680284
Dropout rate: 2.802165321744844e-10
Silencing rate: 2.1421297336294887e-10
Sigma: 4.878410582460057
Initial point 10. Random seed: 3626
Solving with ultrametric constraint
Optimal point found for initial point 10
Negative llh: 279.0822245943
Dropout rate: 1.0308921660281881e-10
Silencing rate: 1.0196155894081733e-10
Sigma: 4.8783960644951465
Runtime (s): 836.1988022476435
