Launching Problin version 0.5b
Problin was called as follow: /u/gh2161/problin/run_problin.py -c simulated_data/s10c3/k10_r2_character_matrix.csv -t simulated_data/s10c3/true_tree.nwk -S simulated_data/s10c3/true_locations.txt --delimiter comma -p simulated_data/s10c3/k10_priors.csv -o simulated_data/s10c3/k10_r2_spalin_all.txt --nInitials 10 --ultrametric --randomreps 3
Optimization by Spalin: Scipy-SLSQP using spatial information
Optimizing branch lengths, phi, and nu without topology search
Initial point 1. Random seed: 1249
Solving with ultrametric constraint
Optimal point found for initial point 1
Negative llh: 339.4362882892163
Dropout rate: 7.087810611488847e-10
Silencing rate: 1e-10
Sigma: 27.117259458286092
Initial point 2. Random seed: 1516
Solving with ultrametric constraint
Optimal point found for initial point 2
Negative llh: 339.43628828453865
Dropout rate: 2.134368601296805e-09
Silencing rate: 1.9142093720562023e-09
Sigma: 27.117698766658137
Initial point 3. Random seed: 7538
Solving with ultrametric constraint
Optimal point found for initial point 3
Negative llh: 339.4362877628582
Dropout rate: 1.0000000000000007e-10
Silencing rate: 1.0000000000000007e-10
Sigma: 27.117032924437396
Initial point 4. Random seed: 9392
Solving with ultrametric constraint
Optimal point found for initial point 4
Negative llh: 339.4363362019338
Dropout rate: 2.1569981473762244e-10
Silencing rate: 1.444806497333445e-10
Sigma: 27.08654512730436
Initial point 5. Random seed: 6105
Solving with ultrametric constraint
Optimal point found for initial point 5
Negative llh: 339.4362911076596
Dropout rate: 2.493054329277844e-09
Silencing rate: 3.421389271831316e-09
Sigma: 27.117637270134036
Initial point 6. Random seed: 7496
Solving with ultrametric constraint
Optimal point found for initial point 6
Negative llh: 339.43628762903074
Dropout rate: 1.0000000000000007e-10
Silencing rate: 9.999999999999996e-11
Sigma: 27.11715265301688
Initial point 7. Random seed: 9027
Solving with ultrametric constraint
Optimal point found for initial point 7
Negative llh: 339.43628796873037
Dropout rate: 7.780694537375884e-10
Silencing rate: 2.582243433299119e-09
Sigma: 27.117696474806095
Initial point 8. Random seed: 7767
Solving with ultrametric constraint
Optimal point found for initial point 8
Negative llh: 339.43628801129313
Dropout rate: 1.0000000000000007e-10
Silencing rate: 1.0000000000000007e-10
Sigma: 27.117947446364234
Initial point 9. Random seed: 2476
Solving with ultrametric constraint
Optimal point found for initial point 9
Negative llh: 339.43628808046685
Dropout rate: 1.3240239316173712e-09
Silencing rate: 5.130528111964776e-10
Sigma: 27.119021087394323
Initial point 10. Random seed: 9299
Solving with ultrametric constraint
Optimal point found for initial point 10
Negative llh: 339.4362876022587
Dropout rate: 1e-10
Silencing rate: 1e-10
Sigma: 27.117573128466386
Runtime (s): 51.68170498870313
