Launching Problin version 0.5b
Problin was called as follow: /u/gh2161/Spatial-Division/problin/run_problin.py -c real_location_data/s10c3/k10_r5_character_matrix.csv -t real_location_data/s10c3/true_tree.nwk -S real_location_data/s10c3/leaf_locations.txt --delimiter comma -p real_location_data/s10c3/k10_priors.csv -o real_location_data/s10c3/k10_r5_spalin-divide-beta3.txt --nInitials 10 --ultrametric --randomreps 3 --divide --given_beta 3 --incl_beta_bound
Optimization by Spalin-Divide: Scipy-SLSQP using spatial information
Optimizing branch lengths, phi, and nu without topology search
Initial point 1. Random seed: 3057
Solving with ultrametric constraint
Optimal point found for initial point 1
Negative llh: 271.3601785002157
Dropout rate: 9.999999999999996e-11
Silencing rate: 9.999999999999996e-11
Sigma: 4.41170358051019
Initial point 2. Random seed: 9617
Solving with ultrametric constraint
Optimal point found for initial point 2
Negative llh: 271.36017815485394
Dropout rate: 1e-10
Silencing rate: 1e-10
Sigma: 4.41163559454123
Initial point 3. Random seed: 1709
Solving with ultrametric constraint
Optimal point found for initial point 3
Negative llh: 271.3601782847249
Dropout rate: 1e-10
Silencing rate: 1e-10
Sigma: 4.4117101261287655
Initial point 4. Random seed: 9762
Solving with ultrametric constraint
Optimal point found for initial point 4
Negative llh: 271.360178133811
Dropout rate: 1.0000000000000002e-10
Silencing rate: 1.0000000000000002e-10
Sigma: 4.411688874016001
Initial point 5. Random seed: 8649
Solving with ultrametric constraint
Optimal point found for initial point 5
Negative llh: 271.36017799633
Dropout rate: 1.5811276128310564e-10
Silencing rate: 1.3666294879062832e-10
Sigma: 4.41164581217286
Initial point 6. Random seed: 8749
Solving with ultrametric constraint
Optimal point found for initial point 6
Negative llh: 271.3601779253131
Dropout rate: 1.4144364223240053e-10
Silencing rate: 1.2613716517049428e-10
Sigma: 4.411677695511707
Initial point 7. Random seed: 397
Solving with ultrametric constraint
Optimal point found for initial point 7
Negative llh: 271.3601782816228
Dropout rate: 1.0885753312631754e-10
Silencing rate: 1.0558906344485845e-10
Sigma: 4.411680244138303
Initial point 8. Random seed: 8392
Solving with ultrametric constraint
Optimal point found for initial point 8
Negative llh: 271.3601780028189
Dropout rate: 1e-10
Silencing rate: 1e-10
Sigma: 4.411677387264518
Initial point 9. Random seed: 8423
Solving with ultrametric constraint
Optimal point found for initial point 9
Negative llh: 271.3601785841081
Dropout rate: 1.0000000000000007e-10
Silencing rate: 9.999999999999996e-11
Sigma: 4.411733050316177
Initial point 10. Random seed: 7453
Solving with ultrametric constraint
Optimal point found for initial point 10
Negative llh: 271.3601783307548
Dropout rate: 3.599713648751946e-10
Silencing rate: 2.6401249389469195e-10
Sigma: 4.411671470544251
Runtime (s): 1084.5249672401696
