Launching Problin version 0.5b
Problin was called as follow: /u/gh2161/Spatial-Division/problin/run_problin.py -c real_location_data/s7c3/k10_r2_character_matrix.csv -t real_location_data/s7c3/true_tree.nwk -S real_location_data/s7c3/leaf_locations.txt --delimiter comma -p real_location_data/s7c3/k10_priors.csv -o real_location_data/s7c3/k10_r2_spalin-divide-beta1.txt --nInitials 10 --ultrametric --randomreps 3 --divide --given_beta 1 --incl_beta_bound
Optimization by Spalin-Divide: Scipy-SLSQP using spatial information
Optimizing branch lengths, phi, and nu without topology search
Initial point 1. Random seed: 7007
Solving with ultrametric constraint
Optimal point found for initial point 1
Negative llh: 351.6738960323698
Dropout rate: 2.5413228152229714e-10
Silencing rate: 1.6373818224825817e-10
Sigma: 6.275670930779361
Initial point 2. Random seed: 3508
Solving with ultrametric constraint
Optimal point found for initial point 2
Negative llh: 351.67389440862263
Dropout rate: 1.8192967561499515e-10
Silencing rate: 1.338779557868153e-10
Sigma: 6.275607609641755
Initial point 3. Random seed: 1289
Solving with ultrametric constraint
Optimal point found for initial point 3
Negative llh: 351.6738946362814
Dropout rate: 1.3685128324158163e-10
Silencing rate: 1.1523950013789352e-10
Sigma: 6.275579938121209
Initial point 4. Random seed: 6978
Solving with ultrametric constraint
Optimal point found for initial point 4
Negative llh: 351.67389483101454
Dropout rate: 1.4279798298461973e-10
Silencing rate: 1.177006787881416e-10
Sigma: 6.27560893440081
Initial point 5. Random seed: 7473
Solving with ultrametric constraint
Optimal point found for initial point 5
Negative llh: 351.6738945827842
Dropout rate: 1.4287026980273728e-10
Silencing rate: 1.1772716378844166e-10
Sigma: 6.2756501141080765
Initial point 6. Random seed: 299
Solving with ultrametric constraint
Optimal point found for initial point 6
Negative llh: 351.67389581894327
Dropout rate: 2.6950817675535343e-10
Silencing rate: 1.7009522909865943e-10
Sigma: 6.275605531827181
Initial point 7. Random seed: 7444
Solving with ultrametric constraint
Fatal: failed to optimize using initial point 7
Initial point 8. Random seed: 8222
Solving with ultrametric constraint
Optimal point found for initial point 8
Negative llh: 351.6738945185697
Dropout rate: 1.8272373033932785e-10
Silencing rate: 1.3420827885866786e-10
Sigma: 6.275604659733754
Initial point 9. Random seed: 7611
Solving with ultrametric constraint
Optimal point found for initial point 9
Negative llh: 351.6738944236447
Dropout rate: 1.9843065002147413e-10
Silencing rate: 1.4070573070136083e-10
Sigma: 6.275611331552028
Initial point 10. Random seed: 5448
Solving with ultrametric constraint
Fatal: failed to optimize using initial point 10
Runtime (s): 3681.8112361690146
