Launching Problin version 0.5b
Problin was called as follow: /u/gh2161/Spatial-Division/problin/run_problin.py -c real_location_data/s7c3/k10_r2_character_matrix.csv -t real_location_data/s7c3/true_tree.nwk -S real_location_data/s7c3/leaf_locations.txt --delimiter comma -p real_location_data/s7c3/k10_priors.csv -o real_location_data/s7c3/k10_r2_spalin.txt --nInitials 10 --ultrametric --randomreps 3
Optimization by Spalin: Scipy-SLSQP using spatial information
Optimizing branch lengths, phi, and nu without topology search
Initial point 1. Random seed: 184
Solving with ultrametric constraint
Optimal point found for initial point 1
Negative llh: 307.4638280873643
Dropout rate: 1.0000000000000002e-10
Silencing rate: 1.0054917027469841e-10
Sigma: 41.66689003295317
Initial point 2. Random seed: 242
Solving with ultrametric constraint
Optimal point found for initial point 2
Negative llh: 307.46382903407607
Dropout rate: 1e-10
Silencing rate: 1e-10
Sigma: 41.66490286069203
Initial point 3. Random seed: 6991
Solving with ultrametric constraint
Optimal point found for initial point 3
Negative llh: 307.4638287245658
Dropout rate: 2.043540083984026e-09
Silencing rate: 7.010140556627584e-10
Sigma: 41.668129724607226
Initial point 4. Random seed: 97
Solving with ultrametric constraint
Optimal point found for initial point 4
Negative llh: 307.4638281855205
Dropout rate: 1e-10
Silencing rate: 1.1045284353503328e-09
Sigma: 41.667936282249805
Initial point 5. Random seed: 5173
Solving with ultrametric constraint
Optimal point found for initial point 5
Negative llh: 307.46382874317766
Dropout rate: 1.3972978169836962e-09
Silencing rate: 1.1747132004795776e-09
Sigma: 41.66772355431026
Initial point 6. Random seed: 9316
Solving with ultrametric constraint
Optimal point found for initial point 6
Negative llh: 307.46382820449065
Dropout rate: 2.5716850041821196e-10
Silencing rate: 1.597362613167764e-10
Sigma: 41.66714514446476
Initial point 7. Random seed: 7484
Solving with ultrametric constraint
Optimal point found for initial point 7
Negative llh: 307.46382847653
Dropout rate: 7.548124579540834e-10
Silencing rate: 1.97230313021468e-10
Sigma: 41.66880809009993
Initial point 8. Random seed: 9907
Solving with ultrametric constraint
Optimal point found for initial point 8
Negative llh: 307.46382823859597
Dropout rate: 1.0000000000000007e-10
Silencing rate: 1.0000000000000007e-10
Sigma: 41.66786727235002
Initial point 9. Random seed: 9903
Solving with ultrametric constraint
Optimal point found for initial point 9
Negative llh: 307.46382816535925
Dropout rate: 1e-10
Silencing rate: 1e-10
Sigma: 41.666986294924556
Initial point 10. Random seed: 1250
Solving with ultrametric constraint
Optimal point found for initial point 10
Negative llh: 307.4638283417584
Dropout rate: 7.779098966741324e-10
Silencing rate: 8.632292394611072e-10
Sigma: 41.66795447696507
Traceback (most recent call last):
  File "/u/gh2161/Spatial-Division/problin/run_problin.py", line 223, in <module>
    main()
  File "/u/gh2161/Spatial-Division/problin/run_problin.py", line 214, in main
    for cell in mySolver.params.displacement_amounts:
AttributeError: 'Params' object has no attribute 'displacement_amounts'
