Launching Problin version 0.5b
Problin was called as follow: /u/gh2161/problin/run_problin.py -c simulated_data/s7c3/k10_r4_character_matrix.csv -t simulated_data/s7c3/true_tree.nwk -S simulated_data/s7c3/true_locations.txt --delimiter comma -p simulated_data/s7c3/k10_priors.csv -o simulated_data/s7c3/k10_r4_spalin_all.txt --nInitials 10 --ultrametric --randomreps 3
Optimization by Spalin: Scipy-SLSQP using spatial information
Optimizing branch lengths, phi, and nu without topology search
Initial point 1. Random seed: 9206
Solving with ultrametric constraint
Optimal point found for initial point 1
Negative llh: 433.6770817890897
Dropout rate: 2.1207492095579055e-10
Silencing rate: 2.0834882049838984e-10
Sigma: 31.527662937339947
Initial point 2. Random seed: 7898
Solving with ultrametric constraint
Optimal point found for initial point 2
Negative llh: 433.6770821758846
Dropout rate: 1.2892113458373138e-10
Silencing rate: 6.30245124514768e-10
Sigma: 31.526783034000054
Initial point 3. Random seed: 8934
Solving with ultrametric constraint
Optimal point found for initial point 3
Negative llh: 433.67708169893973
Dropout rate: 1e-10
Silencing rate: 1e-10
Sigma: 31.52738823687374
Initial point 4. Random seed: 7397
Solving with ultrametric constraint
Optimal point found for initial point 4
Negative llh: 433.6770827300771
Dropout rate: 2.8356844308044823e-09
Silencing rate: 2.1053773862633015e-09
Sigma: 31.527090694955383
Initial point 5. Random seed: 6746
Solving with ultrametric constraint
Optimal point found for initial point 5
Negative llh: 433.67708184163604
Dropout rate: 9.999999999999996e-11
Silencing rate: 9.999999999999996e-11
Sigma: 31.527756749982192
Initial point 6. Random seed: 800
Solving with ultrametric constraint
Optimal point found for initial point 6
Negative llh: 433.6770819809841
Dropout rate: 5.139854210597796e-10
Silencing rate: 1.2469785196834514e-09
Sigma: 31.52728360225768
Initial point 7. Random seed: 6522
Solving with ultrametric constraint
Optimal point found for initial point 7
Negative llh: 433.6770834656283
Dropout rate: 2.6297654387347657e-09
Silencing rate: 2.0074540450882786e-09
Sigma: 31.527603668674896
Initial point 8. Random seed: 242
Solving with ultrametric constraint
Optimal point found for initial point 8
Negative llh: 433.6770821850642
Dropout rate: 1e-10
Silencing rate: 1e-10
Sigma: 31.527959421258192
Initial point 9. Random seed: 6565
Solving with ultrametric constraint
Optimal point found for initial point 9
Negative llh: 433.6770819384367
Dropout rate: 1e-10
Silencing rate: 1e-10
Sigma: 31.527050290757057
Initial point 10. Random seed: 5632
Solving with ultrametric constraint
Optimal point found for initial point 10
Negative llh: 433.677092251871
Dropout rate: 8.143904764939182e-09
Silencing rate: 8.901854447283372e-09
Sigma: 31.519566943837358
Runtime (s): 99.2541466918774
