Launching Problin version 0.5b
Problin was called as follow: /u/gh2161/Spatial-Division/problin/run_problin.py -c real_location_data/s7c3/k10_r4_character_matrix.csv -t real_location_data/s7c3/true_tree.nwk -S real_location_data/s7c3/leaf_locations.txt --delimiter comma -p real_location_data/s7c3/k10_priors.csv -o real_location_data/s7c3/k10_r4_spalin-divide-beta05.txt --nInitials 10 --ultrametric --randomreps 3 --divide --given_beta 0.5 --incl_beta_bound
Optimization by Spalin-Divide: Scipy-SLSQP using spatial information
Optimizing branch lengths, phi, and nu without topology search
Initial point 1. Random seed: 9337
Solving with ultrametric constraint
Optimal point found for initial point 1
Negative llh: 346.418561596783
Dropout rate: 2.3843441908278667e-09
Silencing rate: 1.1254792794802839e-09
Sigma: 6.033021870063885
Initial point 2. Random seed: 8074
Solving with ultrametric constraint
Optimal point found for initial point 2
Negative llh: 346.4185605219543
Dropout rate: 1.5265709195032053e-10
Silencing rate: 1.248304390385749e-10
Sigma: 6.032944728353808
Initial point 3. Random seed: 6054
Solving with ultrametric constraint
Optimal point found for initial point 3
Negative llh: 346.4185604334185
Dropout rate: 1e-10
Silencing rate: 1e-10
Sigma: 6.032945872740624
Initial point 4. Random seed: 1707
Solving with ultrametric constraint
Optimal point found for initial point 4
Negative llh: 346.4185606149823
Dropout rate: 1.9347952246643454e-10
Silencing rate: 1.4405087764144805e-10
Sigma: 6.032915981963853
Initial point 5. Random seed: 4010
Solving with ultrametric constraint
Optimal point found for initial point 5
Negative llh: 346.41856089700354
Dropout rate: 1e-10
Silencing rate: 1e-10
Sigma: 6.032927181702997
Initial point 6. Random seed: 8142
Solving with ultrametric constraint
Optimal point found for initial point 6
Negative llh: 346.4185614448235
Dropout rate: 1e-10
Silencing rate: 1e-10
Sigma: 6.03297360063832
Initial point 7. Random seed: 72
Solving with ultrametric constraint
Optimal point found for initial point 7
Negative llh: 346.4185610119251
Dropout rate: 2.983949314088397e-10
Silencing rate: 1.9354678908111304e-10
Sigma: 6.033029211576834
Initial point 8. Random seed: 2193
Solving with ultrametric constraint
Optimal point found for initial point 8
Negative llh: 346.4185618214638
Dropout rate: 1.0000000000000007e-10
Silencing rate: 1.0000000000000007e-10
Sigma: 6.032942529510327
Initial point 9. Random seed: 3699
Solving with ultrametric constraint
Optimal point found for initial point 9
Negative llh: 346.4185617706422
Dropout rate: 2.487018351529148e-09
Silencing rate: 1.3499039190534528e-09
Sigma: 6.032870913094118
Initial point 10. Random seed: 5550
Solving with ultrametric constraint
Optimal point found for initial point 10
Negative llh: 346.41856147376836
Dropout rate: 1.2761727948361036e-09
Silencing rate: 6.590858147480503e-10
Sigma: 6.03284926512571
Runtime (s): 2227.270786391571
