Launching Problin version 0.5b
Problin was called as follow: /u/gh2161/Spatial-Division/problin/run_problin.py -c real_location_data/s7c3/k10_r1_character_matrix.csv -t real_location_data/s7c3/true_tree.nwk -S real_location_data/s7c3/leaf_locations.txt --delimiter comma -p real_location_data/s7c3/k10_priors.csv -o real_location_data/s7c3/k10_r1_spalin-divide-beta05.txt --nInitials 10 --ultrametric --randomreps 3 --divide --given_beta 0.5 --incl_beta_bound
Optimization by Spalin-Divide: Scipy-SLSQP using spatial information
Optimizing branch lengths, phi, and nu without topology search
Initial point 1. Random seed: 3810
Solving with ultrametric constraint
Optimal point found for initial point 1
Negative llh: 347.543926305006
Dropout rate: 2.2003000019056648e-10
Silencing rate: 1.391709408226041e-10
Sigma: 6.655923178045735
Initial point 2. Random seed: 2958
Solving with ultrametric constraint
Fatal: failed to optimize using initial point 2
Initial point 3. Random seed: 2969
Solving with ultrametric constraint
Optimal point found for initial point 3
Negative llh: 347.54392075517154
Dropout rate: 9.814974211381861e-10
Silencing rate: 6.328950647116115e-10
Sigma: 6.655899186266442
Initial point 4. Random seed: 9102
Solving with ultrametric constraint
Optimal point found for initial point 4
Negative llh: 347.543929265366
Dropout rate: 7.653574315750144e-10
Silencing rate: 3.1716089983814774e-10
Sigma: 6.655945645594131
Initial point 5. Random seed: 4561
Solving with ultrametric constraint
Optimal point found for initial point 5
Negative llh: 347.5439486719056
Dropout rate: 6.561169864709468e-10
Silencing rate: 2.8148291094905165e-10
Sigma: 6.655914395189889
Initial point 6. Random seed: 828
Solving with ultrametric constraint
Optimal point found for initial point 6
Negative llh: 347.5439478387467
Dropout rate: 1e-10
Silencing rate: 1e-10
Sigma: 6.6559422946073825
Initial point 7. Random seed: 6220
Solving with ultrametric constraint
Optimal point found for initial point 7
Negative llh: 347.5439214305994
Dropout rate: 1e-10
Silencing rate: 1e-10
Sigma: 6.655869990127002
Initial point 8. Random seed: 5937
Solving with ultrametric constraint
Optimal point found for initial point 8
Negative llh: 347.5439246784133
Dropout rate: 1.7334461929040239e-10
Silencing rate: 1.239377488414793e-10
Sigma: 6.655903964812462
Initial point 9. Random seed: 7906
Solving with ultrametric constraint
Optimal point found for initial point 9
Negative llh: 347.54391970459665
Dropout rate: 1.974433081109875e-09
Silencing rate: 7.730266693125901e-10
Sigma: 6.655931007486831
Initial point 10. Random seed: 6244
Solving with ultrametric constraint
Optimal point found for initial point 10
Negative llh: 347.5439579555667
Dropout rate: 5.986733208557851e-10
Silencing rate: 2.6274627219992606e-10
Sigma: 6.65594951101154
Runtime (s): 3926.655370370019
