Launching Problin version 0.5b
Problin was called as follow: /u/gh2161/Spatial-Division/problin/run_problin.py -c real_location_data/s7c3/k10_r5_character_matrix.csv -t real_location_data/s7c3/true_tree.nwk -S real_location_data/s7c3/leaf_locations.txt --delimiter comma -p real_location_data/s7c3/k10_priors.csv -o real_location_data/s7c3/k10_r5_spalin-divide-ignore-beta.txt --nInitials 10 --ultrametric --randomreps 3 --divide
Optimization by Spalin-Divide: Scipy-SLSQP using spatial information
Optimizing branch lengths, phi, and nu without topology search
Initial point 1. Random seed: 8960
Solving with ultrametric constraint
Optimal point found for initial point 1
Negative llh: 362.4652443967739
Dropout rate: 1e-10
Silencing rate: 1e-10
Sigma: 6.282656696894505
Initial point 2. Random seed: 8375
Solving with ultrametric constraint
Optimal point found for initial point 2
Negative llh: 362.46524349084075
Dropout rate: 9.999999999999924e-11
Silencing rate: 1.0000000000000007e-10
Sigma: 6.282559900114598
Initial point 3. Random seed: 6166
Solving with ultrametric constraint
Optimal point found for initial point 3
Negative llh: 362.46588520729824
Dropout rate: 1.193584507510306e-10
Silencing rate: 1.0787440787436164e-10
Sigma: 6.28285774694216
Initial point 4. Random seed: 7757
Solving with ultrametric constraint
Optimal point found for initial point 4
Negative llh: 362.4652431776624
Dropout rate: 6.044776965362503e-10
Silencing rate: 7.825551211193669e-10
Sigma: 6.282770568654142
Initial point 5. Random seed: 5601
Solving with ultrametric constraint
Optimal point found for initial point 5
Negative llh: 362.4652429512281
Dropout rate: 1.0000000000000007e-10
Silencing rate: 1.0000000000000007e-10
Sigma: 6.282781444572601
Initial point 6. Random seed: 2351
Solving with ultrametric constraint
Optimal point found for initial point 6
Negative llh: 362.46524347131054
Dropout rate: 1.1537610120431753e-09
Silencing rate: 5.463998318566806e-10
Sigma: 6.282816235602274
Initial point 7. Random seed: 4871
Solving with ultrametric constraint
Optimal point found for initial point 7
Negative llh: 362.465243046468
Dropout rate: 1.0000000000000007e-10
Silencing rate: 1.0000000000000007e-10
Sigma: 6.282725880859428
Initial point 8. Random seed: 1133
Solving with ultrametric constraint
Optimal point found for initial point 8
Negative llh: 362.46524295809803
Dropout rate: 1.0000000000000007e-10
Silencing rate: 1.0000000000000007e-10
Sigma: 6.282770442927689
Initial point 9. Random seed: 6094
Solving with ultrametric constraint
Optimal point found for initial point 9
Negative llh: 362.4652450088977
Dropout rate: 4.1075744904651944e-09
Silencing rate: 1.9094670583902413e-09
Sigma: 6.282991378031176
Initial point 10. Random seed: 2225
Solving with ultrametric constraint
Optimal point found for initial point 10
Negative llh: 362.46524332970887
Dropout rate: 1e-10
Silencing rate: 1e-10
Sigma: 6.282810063303651
Runtime (s): 3126.777064408001
