Launching Problin version 0.5b
Problin was called as follow: /u/gh2161/Spatial-Division/problin/run_problin.py -c real_location_data/s7c3/k10_r2_character_matrix.csv -t real_location_data/s7c3/true_tree.nwk -S real_location_data/s7c3/leaf_locations.txt --delimiter comma -p real_location_data/s7c3/k10_priors.csv -o real_location_data/s7c3/k10_r2_spalin-divide-ignore-beta.txt --nInitials 10 --ultrametric --randomreps 3 --divide
Optimization by Spalin-Divide: Scipy-SLSQP using spatial information
Optimizing branch lengths, phi, and nu without topology search
Initial point 1. Random seed: 5319
Solving with ultrametric constraint
Optimal point found for initial point 1
Negative llh: 350.7430743208147
Dropout rate: 1.6161183955347384e-10
Silencing rate: 1.254515153091747e-10
Sigma: 6.233705458912208
Initial point 2. Random seed: 3488
Solving with ultrametric constraint
Optimal point found for initial point 2
Negative llh: 350.74307235328087
Dropout rate: 4.373096181633154e-09
Silencing rate: 1.9209995305196937e-09
Sigma: 6.234214522745341
Initial point 3. Random seed: 5017
Solving with ultrametric constraint
Optimal point found for initial point 3
Negative llh: 350.7430753988458
Dropout rate: 1.0039205593821442e-10
Silencing rate: 1.0016181042143922e-10
Sigma: 6.234295452693654
Initial point 4. Random seed: 297
Solving with ultrametric constraint
Optimal point found for initial point 4
Negative llh: 350.7430744929541
Dropout rate: 1.0000000000000007e-10
Silencing rate: 1.0000000000000007e-10
Sigma: 6.234187107244392
Initial point 5. Random seed: 1403
Solving with ultrametric constraint
Optimal point found for initial point 5
Negative llh: 350.7430712328344
Dropout rate: 1.170288552220706e-10
Silencing rate: 1.0703494880277191e-10
Sigma: 6.234099236048042
Initial point 6. Random seed: 2126
Solving with ultrametric constraint
Optimal point found for initial point 6
Negative llh: 350.7430786972119
Dropout rate: 3.4426001917484343e-09
Silencing rate: 2.657947298152875e-09
Sigma: 6.234202704477757
Initial point 7. Random seed: 6003
Solving with ultrametric constraint
Optimal point found for initial point 7
Negative llh: 350.7430736853205
Dropout rate: 1e-10
Silencing rate: 1.0000000000000002e-10
Sigma: 6.2339390633246845
Initial point 8. Random seed: 2335
Solving with ultrametric constraint
Optimal point found for initial point 8
Negative llh: 350.7430779610603
Dropout rate: 1.0000000000000002e-10
Silencing rate: 1.0000000000000002e-10
Sigma: 6.234235427534349
Initial point 9. Random seed: 1256
Solving with ultrametric constraint
Optimal point found for initial point 9
Negative llh: 350.7430728782439
Dropout rate: 9.999999999999924e-11
Silencing rate: 1.0000000000000007e-10
Sigma: 6.2341194003410205
Initial point 10. Random seed: 2257
Solving with ultrametric constraint
Optimal point found for initial point 10
Negative llh: 350.7430765264772
Dropout rate: 1.1277507246544107e-10
Silencing rate: 1.052775120796142e-10
Sigma: 6.234142839113774
Runtime (s): 2674.7429655700107
