Launching Problin version 0.5b
Problin was called as follow: /u/gh2161/problin/run_problin.py -c simulated_data/s7c3/k10_r4_character_matrix.csv -t simulated_data/s7c3/true_tree.nwk --delimiter comma -p simulated_data/s7c3/k10_priors.csv -o simulated_data/s7c3/k10_r4_problin.txt --nInitials 10 --ultrametric --randomreps 3
Optimization by EM algorithm
Optimizing branch lengths, phi, and nu without topology search
Initial point 1. Random seed: 1888
Solving with ultrametric constraint
Initial phi: 0.8223161738602764. Initial nu: 0.37574375328074877. Initial nllh: 12283.46655468107
EM finished after 59 iterations.
Optimal point found for initial point 1
Negative llh: 104.51722471462837
Dropout rate: 0
Silencing rate: 8.412977703231436e-07
Initial point 2. Random seed: 5822
Solving with ultrametric constraint
Initial phi: 0.02931559740556549. Initial nu: 0.32949094934359224. Initial nllh: 153.77383663245172
EM finished after 33 iterations.
Optimal point found for initial point 2
Negative llh: 104.51723132132082
Dropout rate: 0
Silencing rate: 8.418820769806885e-07
Initial point 3. Random seed: 5908
Solving with ultrametric constraint
Initial phi: 0.8569903172592864. Initial nu: 0.9377584740672389. Initial nllh: 746.9471993723782
EM finished after 48 iterations.
Optimal point found for initial point 3
Negative llh: 104.5172260765296
Dropout rate: 0
Silencing rate: 8.470829644218434e-07
Initial point 4. Random seed: 5887
Solving with ultrametric constraint
Initial phi: 0.5543459334699913. Initial nu: 0.7562479840162253. Initial nllh: 417.34966820854925
EM finished after 52 iterations.
Optimal point found for initial point 4
Negative llh: 104.51721745062748
Dropout rate: 0
Silencing rate: 8.418184002311131e-07
Initial point 5. Random seed: 5210
Solving with ultrametric constraint
Initial phi: 0.37731439945345174. Initial nu: 0.6167383892288977. Initial nllh: 309.582754097199
EM finished after 45 iterations.
Optimal point found for initial point 5
Negative llh: 104.51722314850151
Dropout rate: 0
Silencing rate: 8.467221425627875e-07
Initial point 6. Random seed: 8807
Solving with ultrametric constraint
Initial phi: 0.785626699945238. Initial nu: 0.5552393813020626. Initial nllh: 589.7943426458509
EM finished after 40 iterations.
Optimal point found for initial point 6
Negative llh: 104.51723165084316
Dropout rate: 0
Silencing rate: 8.565268482159523e-07
Initial point 7. Random seed: 1120
Solving with ultrametric constraint
Initial phi: 0.1837176571278098. Initial nu: 0.1509814563162414. Initial nllh: 178.2150529622325
EM finished after 20 iterations.
Optimal point found for initial point 7
Negative llh: 104.51723774720959
Dropout rate: 0
Silencing rate: 8.238030594319847e-07
Initial point 8. Random seed: 653
Solving with ultrametric constraint
Initial phi: 0.523596101542172. Initial nu: 0.745046147388377. Initial nllh: 397.9294243329409
EM finished after 43 iterations.
Optimal point found for initial point 8
Negative llh: 104.51723341101633
Dropout rate: 0
Silencing rate: 8.55120464515902e-07
Initial point 9. Random seed: 6446
Solving with ultrametric constraint
Initial phi: 0.387386859351799. Initial nu: 0.34215236893251694. Initial nllh: 279.62943461131954
EM finished after 44 iterations.
Optimal point found for initial point 9
Negative llh: 104.51721707104716
Dropout rate: 0
Silencing rate: 8.419883427113237e-07
Initial point 10. Random seed: 6752
Solving with ultrametric constraint
Initial phi: 0.054635950293790286. Initial nu: 0.8961899206406044. Initial nllh: 231.81376459557478
EM finished after 47 iterations.
Optimal point found for initial point 10
Negative llh: 104.51722525174462
Dropout rate: 0
Silencing rate: 8.414871359845353e-07
Traceback (most recent call last):
  File "/u/gh2161/problin/run_problin.py", line 193, in <module>
    main()
  File "/u/gh2161/problin/run_problin.py", line 172, in main
    fout.write("Sigma: " + str(opt_params['sigma']) + "\n")
KeyError: 'sigma'
