Launching Problin version 0.5b
Problin was called as follow: /u/gh2161/Spatial-Division/problin/run_problin.py -c real_location_data/s7c3/k10_r5_character_matrix.csv -t real_location_data/s7c3/true_tree.nwk -S real_location_data/s7c3/leaf_locations.txt --delimiter comma -p real_location_data/s7c3/k10_priors.csv -o real_location_data/s7c3/k10_r5_spalin.txt --nInitials 10 --ultrametric --randomreps 3
Optimization by Spalin: Scipy-SLSQP using spatial information
Optimizing branch lengths, phi, and nu without topology search
Initial point 1. Random seed: 9205
Solving with ultrametric constraint
Optimal point found for initial point 1
Negative llh: 319.1959398114425
Dropout rate: 1e-10
Silencing rate: 1e-10
Sigma: 42.292608355690064
Initial point 2. Random seed: 3931
Solving with ultrametric constraint
Optimal point found for initial point 2
Negative llh: 319.1959396315731
Dropout rate: 1.0000000000000007e-10
Silencing rate: 1.0000000000000002e-10
Sigma: 42.29280630649265
Initial point 3. Random seed: 545
Solving with ultrametric constraint
Optimal point found for initial point 3
Negative llh: 319.19593957706934
Dropout rate: 1e-10
Silencing rate: 1.0000000000000002e-10
Sigma: 42.29315258996642
Initial point 4. Random seed: 4695
Solving with ultrametric constraint
Optimal point found for initial point 4
Negative llh: 319.1959398529439
Dropout rate: 1.7403473360269468e-10
Silencing rate: 1.7308621546837428e-10
Sigma: 42.29357658426089
Initial point 5. Random seed: 7317
Solving with ultrametric constraint
Optimal point found for initial point 5
Negative llh: 319.19593972746605
Dropout rate: 1e-10
Silencing rate: 1e-10
Sigma: 42.29402323910149
Initial point 6. Random seed: 7035
Solving with ultrametric constraint
Optimal point found for initial point 6
Negative llh: 319.1959496049432
Dropout rate: 2.423865908951125e-08
Silencing rate: 1.987460429593204e-08
Sigma: 42.28996612750262
Initial point 7. Random seed: 1225
Solving with ultrametric constraint
Optimal point found for initial point 7
Negative llh: 319.1959395953252
Dropout rate: 1.0000000000000007e-10
Silencing rate: 9.999999999999996e-11
Sigma: 42.29398767394159
Initial point 8. Random seed: 2409
Solving with ultrametric constraint
Optimal point found for initial point 8
Negative llh: 319.19593997887506
Dropout rate: 1e-10
Silencing rate: 1e-10
Sigma: 42.29319791214662
Initial point 9. Random seed: 463
Solving with ultrametric constraint
Optimal point found for initial point 9
Negative llh: 319.19594065384695
Dropout rate: 2.7676775281265356e-09
Silencing rate: 6.405246523689279e-10
Sigma: 42.29457797644608
Initial point 10. Random seed: 5949
Solving with ultrametric constraint
Optimal point found for initial point 10
Negative llh: 319.1959399611952
Dropout rate: 1e-10
Silencing rate: 1e-10
Sigma: 42.29341704087323
Traceback (most recent call last):
  File "/u/gh2161/Spatial-Division/problin/run_problin.py", line 223, in <module>
    main()
  File "/u/gh2161/Spatial-Division/problin/run_problin.py", line 214, in main
    for cell in mySolver.params.displacement_amounts:
AttributeError: 'Params' object has no attribute 'displacement_amounts'
