Launching Problin version 0.5b
Problin was called as follow: /u/gh2161/Spatial-Division/problin/run_problin.py -c real_location_data/s7c3/k10_r5_character_matrix.csv -t real_location_data/s7c3/true_tree.nwk -S real_location_data/s7c3/leaf_locations.txt --delimiter comma -p real_location_data/s7c3/k10_priors.csv -o real_location_data/s7c3/k10_r5_spalin-divide-beta05.txt --nInitials 10 --ultrametric --randomreps 3 --divide --given_beta 0.5 --incl_beta_bound
Optimization by Spalin-Divide: Scipy-SLSQP using spatial information
Optimizing branch lengths, phi, and nu without topology search
Initial point 1. Random seed: 6391
Solving with ultrametric constraint
Optimal point found for initial point 1
Negative llh: 365.210467849924
Dropout rate: 1e-10
Silencing rate: 1e-10
Sigma: 6.414048512159413
Initial point 2. Random seed: 2699
Solving with ultrametric constraint
Optimal point found for initial point 2
Negative llh: 365.2104675451891
Dropout rate: 4.793158112902814e-10
Silencing rate: 2.547197934086548e-10
Sigma: 6.4139860740341605
Initial point 3. Random seed: 3983
Solving with ultrametric constraint
Fatal: failed to optimize using initial point 3
Initial point 4. Random seed: 8844
Solving with ultrametric constraint
Optimal point found for initial point 4
Negative llh: 365.21046759288834
Dropout rate: 1e-10
Silencing rate: 1e-10
Sigma: 6.413901965337927
Initial point 5. Random seed: 5836
Solving with ultrametric constraint
Optimal point found for initial point 5
Negative llh: 365.21046886309045
Dropout rate: 2.5986593512627446e-09
Silencing rate: 1.125844304814689e-09
Sigma: 6.413915567242432
Initial point 6. Random seed: 8993
Solving with ultrametric constraint
Optimal point found for initial point 6
Negative llh: 365.2104673698146
Dropout rate: 1.6013324308633655e-10
Silencing rate: 1.2452590418705516e-10
Sigma: 6.414014611921221
Initial point 7. Random seed: 551
Solving with ultrametric constraint
Optimal point found for initial point 7
Negative llh: 365.21046724012524
Dropout rate: 1e-10
Silencing rate: 1e-10
Sigma: 6.4139999537979975
Initial point 8. Random seed: 3512
Solving with ultrametric constraint
Optimal point found for initial point 8
Negative llh: 365.2104675563997
Dropout rate: 1e-10
Silencing rate: 1e-10
Sigma: 6.414010916900144
Initial point 9. Random seed: 2192
Solving with ultrametric constraint
Optimal point found for initial point 9
Negative llh: 365.2104678985189
Dropout rate: 1e-10
Silencing rate: 1e-10
Sigma: 6.413973040004672
Initial point 10. Random seed: 4905
Solving with ultrametric constraint
Optimal point found for initial point 10
Negative llh: 365.210467552924
Dropout rate: 1.2228075405814157e-10
Silencing rate: 1.0908843500029204e-10
Sigma: 6.414031594951265
Runtime (s): 2847.9406148329726
