Launching Problin version 0.5b
Problin was called as follow: /u/gh2161/problin/run_problin.py -c simulated_data/s7c3/k10_r2_character_matrix.csv -t simulated_data/s7c3/true_tree.nwk -S simulated_data/s7c3/true_locations.txt --delimiter comma -p simulated_data/s7c3/k10_priors.csv -o simulated_data/s7c3/k10_r2_spalin_all.txt --nInitials 10 --ultrametric --randomreps 3
Optimization by Spalin: Scipy-SLSQP using spatial information
Optimizing branch lengths, phi, and nu without topology search
Initial point 1. Random seed: 1843
Solving with ultrametric constraint
Optimal point found for initial point 1
Negative llh: 436.5677414308693
Dropout rate: 1.0000000000000007e-10
Silencing rate: 4.1675520719043424e-10
Sigma: 32.73395594136047
Initial point 2. Random seed: 2441
Solving with ultrametric constraint
Optimal point found for initial point 2
Negative llh: 436.5677425517703
Dropout rate: 2.1122567591678715e-09
Silencing rate: 2.596402150756996e-09
Sigma: 32.73298307557871
Initial point 3. Random seed: 1105
Solving with ultrametric constraint
Optimal point found for initial point 3
Negative llh: 436.5677435389049
Dropout rate: 1e-10
Silencing rate: 1e-10
Sigma: 32.731455671033046
Initial point 4. Random seed: 9065
Solving with ultrametric constraint
Optimal point found for initial point 4
Negative llh: 436.5677420820049
Dropout rate: 1.6352584074163116e-09
Silencing rate: 1.5054635285980514e-09
Sigma: 32.73308580662152
Initial point 5. Random seed: 7518
Solving with ultrametric constraint
Optimal point found for initial point 5
Negative llh: 436.5677416679521
Dropout rate: 1e-10
Silencing rate: 1e-10
Sigma: 32.7322069123505
Initial point 6. Random seed: 3969
Solving with ultrametric constraint
Optimal point found for initial point 6
Negative llh: 436.56774432544694
Dropout rate: 1e-10
Silencing rate: 1.6960947917861417e-08
Sigma: 32.734290727853
Initial point 7. Random seed: 854
Solving with ultrametric constraint
Optimal point found for initial point 7
Negative llh: 436.56774655060275
Dropout rate: 8.787865130289514e-10
Silencing rate: 4.426824596371289e-10
Sigma: 32.734232062434764
Initial point 8. Random seed: 9333
Solving with ultrametric constraint
Optimal point found for initial point 8
Negative llh: 437.0177448421358
Dropout rate: 1.9119611236331655e-09
Silencing rate: 1e-10
Sigma: 32.511451994706135
Initial point 9. Random seed: 5728
Solving with ultrametric constraint
Optimal point found for initial point 9
Negative llh: 436.56774495952186
Dropout rate: 1.0005060309068946e-10
Silencing rate: 1.0002232722575091e-10
Sigma: 32.732422012553506
Initial point 10. Random seed: 4364
Solving with ultrametric constraint
Optimal point found for initial point 10
Negative llh: 436.56774154909823
Dropout rate: 1e-10
Silencing rate: 1e-10
Sigma: 32.73363586508561
Runtime (s): 125.54498355090618
