Launching Problin version 0.5b
Problin was called as follow: /u/gh2161/Spatial-Division/problin/run_problin.py -c real_location_data/s7c3/k10_r2_character_matrix.csv -t real_location_data/s7c3/true_tree.nwk -S real_location_data/s7c3/leaf_locations.txt --delimiter comma -p real_location_data/s7c3/k10_priors.csv -o real_location_data/s7c3/k10_r2_spalin-divide-beta05.txt --nInitials 10 --ultrametric --randomreps 3 --divide --given_beta 0.5 --incl_beta_bound
Optimization by Spalin-Divide: Scipy-SLSQP using spatial information
Optimizing branch lengths, phi, and nu without topology search
Initial point 1. Random seed: 7188
Solving with ultrametric constraint
Optimal point found for initial point 1
Negative llh: 353.4942372160647
Dropout rate: 5.088308979028551e-10
Silencing rate: 2.692135745599735e-10
Sigma: 6.36578808957934
Initial point 2. Random seed: 3107
Solving with ultrametric constraint
Optimal point found for initial point 2
Negative llh: 353.4942373525993
Dropout rate: 1.0000000000000002e-10
Silencing rate: 1e-10
Sigma: 6.365831952255704
Initial point 3. Random seed: 8111
Solving with ultrametric constraint
Optimal point found for initial point 3
Negative llh: 353.4942379287977
Dropout rate: 2.4434692823865324e-09
Silencing rate: 1.2881487811943184e-09
Sigma: 6.365851206459553
Initial point 4. Random seed: 5608
Solving with ultrametric constraint
Optimal point found for initial point 4
Negative llh: 353.49423802878425
Dropout rate: 9.988510804815403e-10
Silencing rate: 5.123266308011746e-10
Sigma: 6.365869205878799
Initial point 5. Random seed: 8413
Solving with ultrametric constraint
Optimal point found for initial point 5
Negative llh: 353.4942372206266
Dropout rate: 1e-10
Silencing rate: 1e-10
Sigma: 6.365903203284399
Initial point 6. Random seed: 4922
Solving with ultrametric constraint
Fatal: failed to optimize using initial point 6
Initial point 7. Random seed: 7379
Solving with ultrametric constraint
Optimal point found for initial point 7
Negative llh: 353.4942377311259
Dropout rate: 2.916704752211168e-10
Silencing rate: 1.79336930252554e-10
Sigma: 6.365713313562096
Initial point 8. Random seed: 6261
Solving with ultrametric constraint
Optimal point found for initial point 8
Negative llh: 353.4942373835319
Dropout rate: 9.999999999999996e-11
Silencing rate: 1.0000000000000002e-10
Sigma: 6.365889466880167
Initial point 9. Random seed: 4150
Solving with ultrametric constraint
Optimal point found for initial point 9
Negative llh: 353.49423720692187
Dropout rate: 1.7141779105545914e-10
Silencing rate: 1.295636573487869e-10
Sigma: 6.365850449731711
Initial point 10. Random seed: 3633
Solving with ultrametric constraint
Optimal point found for initial point 10
Negative llh: 353.49423787693127
Dropout rate: 4.670343307939643e-10
Silencing rate: 2.519056822456213e-10
Sigma: 6.365846775373893
Runtime (s): 2118.058370731771
