Launching Problin version 0.5b
Problin was called as follow: /u/gh2161/problin/run_problin.py -c simulated_data/s7c3/k10_r1_character_matrix.csv -t simulated_data/s7c3/true_tree.nwk --delimiter comma -p simulated_data/s7c3/k10_priors.csv -o simulated_data/s7c3/k10_r1_problin.txt --nInitials 10 --ultrametric --randomreps 3
Optimization by EM algorithm
Optimizing branch lengths, phi, and nu without topology search
Initial point 1. Random seed: 5779
Solving with ultrametric constraint
Initial phi: 0.9719024570570666. Initial nu: 0.9569976878422457. Initial nllh: 24935.93130094934
EM finished after 29 iterations.
Optimal point found for initial point 1
Negative llh: 105.26206991944292
Dropout rate: 0
Silencing rate: 1.1836748215048268e-06
Initial point 2. Random seed: 6349
Solving with ultrametric constraint
Initial phi: 0.5918723979853194. Initial nu: 0.8495775896138489. Initial nllh: 421.81502051027945
EM finished after 20 iterations.
Optimal point found for initial point 2
Negative llh: 105.26206237419942
Dropout rate: 0
Silencing rate: 1.097248640561179e-06
Initial point 3. Random seed: 2245
Solving with ultrametric constraint
Initial phi: 0.07424334090474843. Initial nu: 0.3470649743116704. Initial nllh: 156.55997734264952
EM finished after 14 iterations.
Optimal point found for initial point 3
Negative llh: 105.26207088389154
Dropout rate: 0
Silencing rate: 1.1829540466355397e-06
Initial point 4. Random seed: 4526
Solving with ultrametric constraint
Initial phi: 0.7300088527155946. Initial nu: 0.10144155334840015. Initial nllh: 467.69621191361733
EM finished after 12 iterations.
Optimal point found for initial point 4
Negative llh: 105.26207015004935
Dropout rate: 0
Silencing rate: 1.1796061783432803e-06
Initial point 5. Random seed: 5658
Solving with ultrametric constraint
Initial phi: 0.6766303386000111. Initial nu: 0.8835382193108547. Initial nllh: 487.6457563755492
EM finished after 16 iterations.
Optimal point found for initial point 5
Negative llh: 105.26207036198969
Dropout rate: 0
Silencing rate: 1.1810393555200142e-06
Initial point 6. Random seed: 2102
Solving with ultrametric constraint
Initial phi: 0.11087129753860821. Initial nu: 0.06378390433744704. Initial nllh: 142.590085883693
EM finished after 11 iterations.
Optimal point found for initial point 6
Negative llh: 105.26206998741142
Dropout rate: 0
Silencing rate: 1.177324418649072e-06
Initial point 7. Random seed: 4086
Solving with ultrametric constraint
Initial phi: 0.0723601249215054. Initial nu: 0.7002727992871972. Initial nllh: 187.01828430640236
EM finished after 18 iterations.
Optimal point found for initial point 7
Negative llh: 105.2620699688805
Dropout rate: 0
Silencing rate: 1.1825919292089003e-06
Initial point 8. Random seed: 4594
Solving with ultrametric constraint
Initial phi: 0.6297377835160796. Initial nu: 0.13391884330326173. Initial nllh: 385.27559192118747
EM finished after 14 iterations.
Optimal point found for initial point 8
Negative llh: 105.26206998601559
Dropout rate: 0
Silencing rate: 1.181341938602611e-06
Initial point 9. Random seed: 4517
Solving with ultrametric constraint
Initial phi: 0.614410629701588. Initial nu: 0.3994612957207944. Initial nllh: 397.6358683515882
EM finished after 14 iterations.
Optimal point found for initial point 9
Negative llh: 105.2620705458908
Dropout rate: 0
Silencing rate: 1.1801836555164856e-06
Initial point 10. Random seed: 3117
Solving with ultrametric constraint
Initial phi: 0.3681301336296097. Initial nu: 0.8078437325142739. Initial nllh: 300.1304866283007
EM finished after 16 iterations.
Optimal point found for initial point 10
Negative llh: 105.26207027843691
Dropout rate: 0
Silencing rate: 1.181972369422682e-06
Traceback (most recent call last):
  File "/u/gh2161/problin/run_problin.py", line 193, in <module>
    main()
  File "/u/gh2161/problin/run_problin.py", line 172, in main
    fout.write("Sigma: " + str(opt_params['sigma']) + "\n")
KeyError: 'sigma'
