Launching Problin version 0.5b
Problin was called as follow: /u/gh2161/problin/run_problin.py -c simulated_data/s16c5/k10_r3_character_matrix.csv -t simulated_data/s16c5/true_tree.nwk -S simulated_data/s16c5/true_locations.txt --delimiter comma -p simulated_data/s16c5/k10_priors.csv -o simulated_data/s16c5/k10_r3_spalin_all.txt --nInitials 10 --ultrametric --randomreps 3
Optimization by Spalin: Scipy-SLSQP using spatial information
Optimizing branch lengths, phi, and nu without topology search
Initial point 1. Random seed: 8262
Solving with ultrametric constraint
Optimal point found for initial point 1
Negative llh: 165.32846674248506
Dropout rate: 1.2087157221574635e-10
Silencing rate: 1.338076962143137e-10
Sigma: 51.407167730845245
Initial point 2. Random seed: 5317
Solving with ultrametric constraint
Optimal point found for initial point 2
Negative llh: 165.32846667305714
Dropout rate: 1e-10
Silencing rate: 1.055926355236801e-10
Sigma: 51.411982717500464
Initial point 3. Random seed: 2271
Solving with ultrametric constraint
Optimal point found for initial point 3
Negative llh: 165.32846687431572
Dropout rate: 1.0004510998934316e-10
Silencing rate: 1e-10
Sigma: 51.40771413143823
Initial point 4. Random seed: 4572
Solving with ultrametric constraint
Optimal point found for initial point 4
Negative llh: 165.3284666061111
Dropout rate: 1.1544384724254571e-10
Silencing rate: 1.0031787035770674e-10
Sigma: 51.40509314059258
Initial point 5. Random seed: 6141
Solving with ultrametric constraint
Optimal point found for initial point 5
Negative llh: 165.32846691062008
Dropout rate: 1e-10
Silencing rate: 1.0000000000000002e-10
Sigma: 51.41242917949863
Initial point 6. Random seed: 5731
Solving with ultrametric constraint
Optimal point found for initial point 6
Negative llh: 165.3284665940081
Dropout rate: 1.3348737909787701e-10
Silencing rate: 1.0517480302596215e-10
Sigma: 51.40931090221128
Initial point 7. Random seed: 7914
Solving with ultrametric constraint
Optimal point found for initial point 7
Negative llh: 165.32846658595088
Dropout rate: 1.0226423899171346e-10
Silencing rate: 1.052073767017194e-10
Sigma: 51.40650165247837
Initial point 8. Random seed: 4094
Solving with ultrametric constraint
Optimal point found for initial point 8
Negative llh: 165.32846684535002
Dropout rate: 1e-10
Silencing rate: 1.0201480129550444e-10
Sigma: 51.4042149341245
Initial point 9. Random seed: 9342
Solving with ultrametric constraint
Optimal point found for initial point 9
Negative llh: 165.3284667295058
Dropout rate: 2.7908226822903884e-10
Silencing rate: 1.9112084196986288e-10
Sigma: 51.408686714903794
Initial point 10. Random seed: 2170
Solving with ultrametric constraint
Optimal point found for initial point 10
Negative llh: 165.32846654442048
Dropout rate: 1e-10
Silencing rate: 1.0184712759955576e-10
Sigma: 51.408794164933546
Runtime (s): 6.525839922018349
