Launching Problin version 0.5b
Problin was called as follow: /u/gh2161/Spatial-Division/problin/run_problin.py -c real_location_data/s16c5/k10_r2_character_matrix.csv -t real_location_data/s16c5/true_tree.nwk -S real_location_data/s16c5/leaf_locations.txt --delimiter comma -p real_location_data/s16c5/k10_priors.csv -o real_location_data/s16c5/k10_r2_spalin-divide-beta1.txt --nInitials 10 --ultrametric --randomreps 3 --divide --given_beta 1 --incl_beta_bound
Optimization by Spalin-Divide: Scipy-SLSQP using spatial information
Optimizing branch lengths, phi, and nu without topology search
Initial point 1. Random seed: 5873
Solving with ultrametric constraint
Optimal point found for initial point 1
Negative llh: 124.3003299290859
Dropout rate: 6.103940171847413e-10
Silencing rate: 3.8435168630587436e-10
Sigma: 6.2866570483783315
Initial point 2. Random seed: 1456
Solving with ultrametric constraint
Optimal point found for initial point 2
Negative llh: 124.30033058913651
Dropout rate: 6.145557820638629e-10
Silencing rate: 4.5512714672318876e-10
Sigma: 6.286692191460461
Initial point 3. Random seed: 5249
Solving with ultrametric constraint
Optimal point found for initial point 3
Negative llh: 124.30033085594808
Dropout rate: 1.109155045703977e-10
Silencing rate: 1.0583822077591016e-10
Sigma: 6.286673730841251
Initial point 4. Random seed: 9506
Solving with ultrametric constraint
Optimal point found for initial point 4
Negative llh: 124.30033133376126
Dropout rate: 1e-10
Silencing rate: 1e-10
Sigma: 6.28662549941363
Initial point 5. Random seed: 6304
Solving with ultrametric constraint
Optimal point found for initial point 5
Negative llh: 124.30033254146844
Dropout rate: 1e-10
Silencing rate: 1e-10
Sigma: 6.286678354591299
Initial point 6. Random seed: 9525
Solving with ultrametric constraint
Optimal point found for initial point 6
Negative llh: 124.30032999932499
Dropout rate: 1e-10
Silencing rate: 1e-10
Sigma: 6.286556604347506
Initial point 7. Random seed: 2556
Solving with ultrametric constraint
Optimal point found for initial point 7
Negative llh: 124.30033730847582
Dropout rate: 2.0511786726060703e-10
Silencing rate: 1.9306221915972333e-10
Sigma: 6.286494587225534
Initial point 8. Random seed: 4351
Solving with ultrametric constraint
Optimal point found for initial point 8
Negative llh: 124.30033005803675
Dropout rate: 1.1905880314881405e-10
Silencing rate: 1.4166809068311512e-10
Sigma: 6.286573823666718
Initial point 9. Random seed: 6628
Solving with ultrametric constraint
Optimal point found for initial point 9
Negative llh: 124.30033005952666
Dropout rate: 1.0000000000000002e-10
Silencing rate: 1e-10
Sigma: 6.286635350307344
Initial point 10. Random seed: 8478
Solving with ultrametric constraint
Optimal point found for initial point 10
Negative llh: 124.30033037503466
Dropout rate: 2.3060143839910506e-10
Silencing rate: 2.2826500351526225e-10
Sigma: 6.286620861537095
Runtime (s): 176.91590254940093
