Launching Problin version 0.5b
Problin was called as follow: /u/gh2161/Spatial-Division/problin/run_problin.py -c real_location_data/s16c5/k10_r5_character_matrix.csv -t real_location_data/s16c5/true_tree.nwk -S real_location_data/s16c5/leaf_locations.txt --delimiter comma -p real_location_data/s16c5/k10_priors.csv -o real_location_data/s16c5/k10_r5_spalin-divide-ignore-beta.txt --nInitials 10 --ultrametric --randomreps 3 --divide
Optimization by Spalin-Divide: Scipy-SLSQP using spatial information
Optimizing branch lengths, phi, and nu without topology search
Initial point 1. Random seed: 9972
Solving with ultrametric constraint
Optimal point found for initial point 1
Negative llh: 127.02533521151625
Dropout rate: 1e-10
Silencing rate: 1e-10
Sigma: 6.853192424701541
Initial point 2. Random seed: 3425
Solving with ultrametric constraint
Optimal point found for initial point 2
Negative llh: 127.0253373818011
Dropout rate: 1.7622149605284771e-10
Silencing rate: 1.5782916225212132e-10
Sigma: 6.852055807521835
Initial point 3. Random seed: 4539
Solving with ultrametric constraint
Optimal point found for initial point 3
Negative llh: 127.02533590854958
Dropout rate: 2.7075355942599007e-10
Silencing rate: 2.6375758118492977e-10
Sigma: 6.854194032434043
Initial point 4. Random seed: 3786
Solving with ultrametric constraint
Optimal point found for initial point 4
Negative llh: 127.02534010389815
Dropout rate: 2.587288702616148e-10
Silencing rate: 2.126004440527382e-10
Sigma: 6.851261425009523
Initial point 5. Random seed: 2018
Solving with ultrametric constraint
Optimal point found for initial point 5
Negative llh: 127.02533487325456
Dropout rate: 1.4115250183029189e-10
Silencing rate: 1.633086834584719e-10
Sigma: 6.853342131777535
Initial point 6. Random seed: 1116
Solving with ultrametric constraint
Optimal point found for initial point 6
Negative llh: 127.02533875770692
Dropout rate: 1.527454156850449e-10
Silencing rate: 1.2039046749810485e-10
Sigma: 6.852841484735236
Initial point 7. Random seed: 1826
Solving with ultrametric constraint
Optimal point found for initial point 7
Negative llh: 127.02533512917577
Dropout rate: 1e-10
Silencing rate: 1e-10
Sigma: 6.853641373182048
Initial point 8. Random seed: 7193
Solving with ultrametric constraint
Optimal point found for initial point 8
Negative llh: 127.02534283190265
Dropout rate: 1.0000000000000002e-10
Silencing rate: 1e-10
Sigma: 6.850909968156734
Initial point 9. Random seed: 852
Solving with ultrametric constraint
Optimal point found for initial point 9
Negative llh: 127.02534532023557
Dropout rate: 1.0051331970481641e-10
Silencing rate: 1.0030194789611033e-10
Sigma: 6.850880969733486
Initial point 10. Random seed: 756
Solving with ultrametric constraint
Optimal point found for initial point 10
Negative llh: 127.02534039254341
Dropout rate: 4.764665991493166e-10
Silencing rate: 2.9437187475586335e-10
Sigma: 6.851418272764961
Runtime (s): 147.40697486326098
