Launching Problin version 0.5b
Problin was called as follow: /u/gh2161/Spatial-Division/problin/run_problin.py -c real_location_data/s16c5/k10_r1_character_matrix.csv -t real_location_data/s16c5/true_tree.nwk -S real_location_data/s16c5/leaf_locations.txt --delimiter comma -p real_location_data/s16c5/k10_priors.csv -o real_location_data/s16c5/k10_r1_spalin-divide-beta05.txt --nInitials 10 --ultrametric --randomreps 3 --divide --given_beta 0.5 --incl_beta_bound
Optimization by Spalin-Divide: Scipy-SLSQP using spatial information
Optimizing branch lengths, phi, and nu without topology search
Initial point 1. Random seed: 8447
Solving with ultrametric constraint
Optimal point found for initial point 1
Negative llh: 124.99207727281474
Dropout rate: 1e-10
Silencing rate: 1e-10
Sigma: 6.399758224909685
Initial point 2. Random seed: 9246
Solving with ultrametric constraint
Optimal point found for initial point 2
Negative llh: 124.99207672138462
Dropout rate: 1e-10
Silencing rate: 1e-10
Sigma: 6.399581157694204
Initial point 3. Random seed: 6087
Solving with ultrametric constraint
Optimal point found for initial point 3
Negative llh: 124.99207757612018
Dropout rate: 6.625443167944802e-10
Silencing rate: 4.4897453540477265e-10
Sigma: 6.399542973608832
Initial point 4. Random seed: 4782
Solving with ultrametric constraint
Optimal point found for initial point 4
Negative llh: 124.99207692349333
Dropout rate: 1e-10
Silencing rate: 1e-10
Sigma: 6.39959005307684
Initial point 5. Random seed: 2967
Solving with ultrametric constraint
Optimal point found for initial point 5
Negative llh: 124.99207955643544
Dropout rate: 4.1280031781332224e-10
Silencing rate: 2.6923656628450964e-10
Sigma: 6.399425376357301
Initial point 6. Random seed: 84
Solving with ultrametric constraint
Optimal point found for initial point 6
Negative llh: 124.99207671397073
Dropout rate: 1e-10
Silencing rate: 1e-10
Sigma: 6.39959729355079
Initial point 7. Random seed: 3243
Solving with ultrametric constraint
Optimal point found for initial point 7
Negative llh: 124.99207756095572
Dropout rate: 3.793899637944166e-10
Silencing rate: 2.8171415708111735e-10
Sigma: 6.399417564530944
Initial point 8. Random seed: 6534
Solving with ultrametric constraint
Optimal point found for initial point 8
Negative llh: 124.99207673135045
Dropout rate: 3.6871419969167665e-10
Silencing rate: 2.5271794933238253e-10
Sigma: 6.3995821844607335
Initial point 9. Random seed: 9723
Solving with ultrametric constraint
Optimal point found for initial point 9
Negative llh: 124.99207725562556
Dropout rate: 1.5502656969601495e-10
Silencing rate: 1.309401402472212e-10
Sigma: 6.399497799667851
Initial point 10. Random seed: 5167
Solving with ultrametric constraint
Optimal point found for initial point 10
Negative llh: 124.99207675432342
Dropout rate: 3.346032919816899e-10
Silencing rate: 2.3742609625044857e-10
Sigma: 6.399604344528172
Runtime (s): 341.0506906660157
