Launching Problin version 0.5b
Problin was called as follow: /u/gh2161/problin/run_problin.py -c simulated_data/s16c5/k10_r4_character_matrix.csv -t simulated_data/s16c5/true_tree.nwk -S simulated_data/s16c5/leaf_locations.txt --delimiter comma -p simulated_data/s16c5/k10_priors.csv -o simulated_data/s16c5/k10_r4_spalin_leaves_newfelsen.txt --nInitials 10 --ultrametric --randomreps 3
Optimization by Spalin: Scipy-SLSQP using spatial information
Optimizing branch lengths, phi, and nu without topology search
Initial point 1. Random seed: 9139
Solving with ultrametric constraint
Optimal point found for initial point 1
Negative llh: 125.37080417621654
Dropout rate: 3.001713256250543e-10
Silencing rate: 1.8953315190263725e-10
Sigma: 12.389943243881525
Initial point 2. Random seed: 73
Solving with ultrametric constraint
Optimal point found for initial point 2
Negative llh: 125.37080450537266
Dropout rate: 2.996272993577611e-10
Silencing rate: 4.706583500068667e-10
Sigma: 12.390870390610067
Initial point 3. Random seed: 6037
Solving with ultrametric constraint
Optimal point found for initial point 3
Negative llh: 125.37080413679362
Dropout rate: 1.2075248969819452e-10
Silencing rate: 1.2853071227252884e-10
Sigma: 12.38939367697819
Initial point 4. Random seed: 1332
Solving with ultrametric constraint
Optimal point found for initial point 4
Negative llh: 125.37080416488352
Dropout rate: 1e-10
Silencing rate: 1e-10
Sigma: 12.389765231777634
Initial point 5. Random seed: 9138
Solving with ultrametric constraint
Optimal point found for initial point 5
Negative llh: 125.3708045544225
Dropout rate: 1.3407947541469186e-10
Silencing rate: 1.4480145583281426e-10
Sigma: 12.39293072590333
Initial point 6. Random seed: 3315
Solving with ultrametric constraint
Optimal point found for initial point 6
Negative llh: 125.37081092724543
Dropout rate: 4.711265829308456e-08
Silencing rate: 4.4714846729970775e-08
Sigma: 12.387656802526692
Initial point 7. Random seed: 9742
Solving with ultrametric constraint
Optimal point found for initial point 7
Negative llh: 125.37080412459156
Dropout rate: 2.6799192742892024e-10
Silencing rate: 5.349858741724698e-10
Sigma: 12.389721391671241
Initial point 8. Random seed: 2390
Solving with ultrametric constraint
Optimal point found for initial point 8
Negative llh: 125.37080405208454
Dropout rate: 1e-10
Silencing rate: 1e-10
Sigma: 12.39078234328968
Initial point 9. Random seed: 9740
Solving with ultrametric constraint
Optimal point found for initial point 9
Negative llh: 125.37080435804106
Dropout rate: 1e-10
Silencing rate: 1e-10
Sigma: 12.38842576614181
Initial point 10. Random seed: 4295
Solving with ultrametric constraint
Optimal point found for initial point 10
Negative llh: 125.37080443809687
Dropout rate: 1e-10
Silencing rate: 1e-10
Sigma: 12.388588675555457
Runtime (s): 37.208358228206635
