Launching Problin version 0.5b
Problin was called as follow: /u/gh2161/Spatial-Division/problin/run_problin.py -c real_location_data/s16c5/k10_r5_character_matrix.csv -t real_location_data/s16c5/true_tree.nwk -S real_location_data/s16c5/leaf_locations.txt --delimiter comma -p real_location_data/s16c5/k10_priors.csv -o real_location_data/s16c5/k10_r5_spalin-divide-beta3.txt --nInitials 10 --ultrametric --randomreps 3 --divide --given_beta 3 --incl_beta_bound
Optimization by Spalin-Divide: Scipy-SLSQP using spatial information
Optimizing branch lengths, phi, and nu without topology search
Initial point 1. Random seed: 6503
Solving with ultrametric constraint
Optimal point found for initial point 1
Negative llh: 124.5407321053232
Dropout rate: 1.0721229187512123e-10
Silencing rate: 1.0332871518764042e-10
Sigma: 6.523785108299575
Initial point 2. Random seed: 7763
Solving with ultrametric constraint
Optimal point found for initial point 2
Negative llh: 124.54072631585257
Dropout rate: 1.1375167333726955e-10
Silencing rate: 1.0630592929299588e-10
Sigma: 6.523676608570629
Initial point 3. Random seed: 3036
Solving with ultrametric constraint
Optimal point found for initial point 3
Negative llh: 124.54072704712297
Dropout rate: 2.212260396107688e-10
Silencing rate: 1.6818391969548302e-10
Sigma: 6.523670292902442
Initial point 4. Random seed: 6289
Solving with ultrametric constraint
Optimal point found for initial point 4
Negative llh: 124.54072700791755
Dropout rate: 1e-10
Silencing rate: 1e-10
Sigma: 6.523776540742538
Initial point 5. Random seed: 632
Solving with ultrametric constraint
Optimal point found for initial point 5
Negative llh: 124.54072681784658
Dropout rate: 1e-10
Silencing rate: 1e-10
Sigma: 6.523706823127884
Initial point 6. Random seed: 6389
Solving with ultrametric constraint
Optimal point found for initial point 6
Negative llh: 124.5407266496382
Dropout rate: 1e-10
Silencing rate: 1e-10
Sigma: 6.523427504219253
Initial point 7. Random seed: 1942
Solving with ultrametric constraint
Optimal point found for initial point 7
Negative llh: 124.5407279011947
Dropout rate: 2.987046169976256e-10
Silencing rate: 2.468982598621286e-10
Sigma: 6.5236251762744875
Initial point 8. Random seed: 2132
Solving with ultrametric constraint
Optimal point found for initial point 8
Negative llh: 124.54072635382256
Dropout rate: 1e-10
Silencing rate: 1e-10
Sigma: 6.523517543282178
Initial point 9. Random seed: 3888
Solving with ultrametric constraint
Optimal point found for initial point 9
Negative llh: 124.54072644667622
Dropout rate: 1e-10
Silencing rate: 1e-10
Sigma: 6.523490805900953
Initial point 10. Random seed: 2503
Solving with ultrametric constraint
Optimal point found for initial point 10
Negative llh: 124.54072771814295
Dropout rate: 1.7191681984683113e-10
Silencing rate: 1.5006967648117145e-10
Sigma: 6.524269075676598
Runtime (s): 199.09743103571236
