Launching Problin version 0.5b
Problin was called as follow: /u/gh2161/Spatial-Division/problin/run_problin.py -c real_location_data/s16c5/k10_r4_character_matrix.csv -t real_location_data/s16c5/true_tree.nwk -S real_location_data/s16c5/leaf_locations.txt --delimiter comma -p real_location_data/s16c5/k10_priors.csv -o real_location_data/s16c5/k10_r4_spalin-divide-ignore-beta.txt --nInitials 10 --ultrametric --randomreps 3 --divide
Optimization by Spalin-Divide: Scipy-SLSQP using spatial information
Optimizing branch lengths, phi, and nu without topology search
Initial point 1. Random seed: 2485
Solving with ultrametric constraint
Optimal point found for initial point 1
Negative llh: 140.38836052070928
Dropout rate: 1e-10
Silencing rate: 1e-10
Sigma: 6.528731663468133
Initial point 2. Random seed: 5503
Solving with ultrametric constraint
Optimal point found for initial point 2
Negative llh: 140.38835285505976
Dropout rate: 1e-10
Silencing rate: 1e-10
Sigma: 6.526791507543527
Initial point 3. Random seed: 9651
Solving with ultrametric constraint
Optimal point found for initial point 3
Negative llh: 140.38835913416148
Dropout rate: 1.7867451509579053e-10
Silencing rate: 1.4681079566213992e-10
Sigma: 6.527160199839873
Initial point 4. Random seed: 3355
Solving with ultrametric constraint
Optimal point found for initial point 4
Negative llh: 140.38835734050286
Dropout rate: 1.0470094633164592e-10
Silencing rate: 1.0544700186068722e-10
Sigma: 6.528823389883885
Initial point 5. Random seed: 4842
Solving with ultrametric constraint
Optimal point found for initial point 5
Negative llh: 140.38835245534008
Dropout rate: 1e-10
Silencing rate: 1e-10
Sigma: 6.52758389814267
Initial point 6. Random seed: 9841
Solving with ultrametric constraint
Optimal point found for initial point 6
Negative llh: 140.38835460309454
Dropout rate: 1e-10
Silencing rate: 1e-10
Sigma: 6.528075151979943
Initial point 7. Random seed: 2400
Solving with ultrametric constraint
Optimal point found for initial point 7
Negative llh: 140.38835567801027
Dropout rate: 1e-10
Silencing rate: 1e-10
Sigma: 6.527187895095135
Initial point 8. Random seed: 3020
Solving with ultrametric constraint
Optimal point found for initial point 8
Negative llh: 140.38835722205494
Dropout rate: 1.0770847688261932e-10
Silencing rate: 1.0389493188370902e-10
Sigma: 6.527367332159743
Initial point 9. Random seed: 1255
Solving with ultrametric constraint
Optimal point found for initial point 9
Negative llh: 140.38835165133088
Dropout rate: 1e-10
Silencing rate: 1e-10
Sigma: 6.527465916172126
Initial point 10. Random seed: 9332
Solving with ultrametric constraint
Optimal point found for initial point 10
Negative llh: 140.38835364549323
Dropout rate: 1.0000000000000002e-10
Silencing rate: 1.0000000000000002e-10
Sigma: 6.527209421886538
Runtime (s): 124.6065261606127
