Launching Problin version 0.5b
Problin was called as follow: /u/gh2161/problin/run_problin.py -c simulated_data/s16c5/k10_r2_character_matrix.csv -t simulated_data/s16c5/true_tree.nwk --delimiter comma -p simulated_data/s16c5/k10_priors.csv -o simulated_data/s16c5/k10_r2_problin.txt --nInitials 10 --ultrametric --randomreps 3
Optimization by EM algorithm
Optimizing branch lengths, phi, and nu without topology search
Initial point 1. Random seed: 5226
Solving with ultrametric constraint
Initial phi: 0.9616246771943562. Initial nu: 0.32825100717162886. Initial nllh: 4495.637370187498
EM finished after 25 iterations.
Optimal point found for initial point 1
Negative llh: 39.39419241140069
Dropout rate: 0
Silencing rate: 6.421665390793934e-07
Initial point 2. Random seed: 8524
Solving with ultrametric constraint
Initial phi: 0.4305353316686386. Initial nu: 0.40370411651386107. Initial nllh: 117.65861248154957
EM finished after 19 iterations.
Optimal point found for initial point 2
Negative llh: 39.394192402297385
Dropout rate: 0
Silencing rate: 6.318193114046057e-07
Initial point 3. Random seed: 4522
Solving with ultrametric constraint
Initial phi: 0.6529420176095494. Initial nu: 0.19015315555928713. Initial nllh: 155.56324649575782
EM finished after 18 iterations.
Optimal point found for initial point 3
Negative llh: 39.394191774209744
Dropout rate: 0
Silencing rate: 6.265401306516673e-07
Initial point 4. Random seed: 1299
Solving with ultrametric constraint
Initial phi: 0.5943673080048016. Initial nu: 0.652413085888622. Initial nllh: 165.1110774320651
EM finished after 21 iterations.
Optimal point found for initial point 4
Negative llh: 39.39419185450279
Dropout rate: 0
Silencing rate: 6.269080388875625e-07
Initial point 5. Random seed: 3740
Solving with ultrametric constraint
Initial phi: 0.37460891572347754. Initial nu: 0.10131539533006066. Initial nllh: 91.84272304455136
EM finished after 14 iterations.
Optimal point found for initial point 5
Negative llh: 39.39419285805429
Dropout rate: 0
Silencing rate: 6.336647694574001e-07
Initial point 6. Random seed: 6847
Solving with ultrametric constraint
Initial phi: 0.9068983212578814. Initial nu: 0.11161363675665331. Initial nllh: 282.8712559783705
EM finished after 21 iterations.
Optimal point found for initial point 6
Negative llh: 39.39419171119401
Dropout rate: 0
Silencing rate: 6.323950224167556e-07
Initial point 7. Random seed: 1595
Solving with ultrametric constraint
Initial phi: 0.5002233696068636. Initial nu: 0.8597164912592178. Initial nllh: 155.51657056416883
EM finished after 27 iterations.
Optimal point found for initial point 7
Negative llh: 39.39418583951834
Dropout rate: 0
Silencing rate: 5.246548243748467e-07
Initial point 8. Random seed: 8184
Solving with ultrametric constraint
Initial phi: 0.4059904103700501. Initial nu: 0.7391118269020474. Initial nllh: 131.68306871593538
EM finished after 21 iterations.
Optimal point found for initial point 8
Negative llh: 39.39419197552576
Dropout rate: 0
Silencing rate: 6.278319003011944e-07
Initial point 9. Random seed: 8889
Solving with ultrametric constraint
Initial phi: 0.039161927965310976. Initial nu: 0.8643257816170128. Initial nllh: 90.40152470028933
EM finished after 22 iterations.
Optimal point found for initial point 9
Negative llh: 39.39419188449501
Dropout rate: 0
Silencing rate: 6.291878542247086e-07
Initial point 10. Random seed: 8573
Solving with ultrametric constraint
Initial phi: 0.13164655048272808. Initial nu: 0.12887693878918083. Initial nllh: 60.51972312860442
EM finished after 17 iterations.
Optimal point found for initial point 10
Negative llh: 39.39419184215863
Dropout rate: 0
Silencing rate: 6.28773630655516e-07
Traceback (most recent call last):
  File "/u/gh2161/problin/run_problin.py", line 193, in <module>
    main()
  File "/u/gh2161/problin/run_problin.py", line 172, in main
    fout.write("Sigma: " + str(opt_params['sigma']) + "\n")
KeyError: 'sigma'
