Launching Problin version 0.5b
Problin was called as follow: /u/gh2161/Spatial-Division/problin/run_problin.py -c real_location_data/s16c5/k10_r3_character_matrix.csv -t real_location_data/s16c5/true_tree.nwk -S real_location_data/s16c5/leaf_locations.txt --delimiter comma -p real_location_data/s16c5/k10_priors.csv -o real_location_data/s16c5/k10_r3_spalin-divide-beta05.txt --nInitials 10 --ultrametric --randomreps 3 --divide --given_beta 0.5 --incl_beta_bound
Optimization by Spalin-Divide: Scipy-SLSQP using spatial information
Optimizing branch lengths, phi, and nu without topology search
Initial point 1. Random seed: 6430
Solving with ultrametric constraint
Optimal point found for initial point 1
Negative llh: 128.50925841325693
Dropout rate: 1.79902626566233e-10
Silencing rate: 1.2877478016988667e-10
Sigma: 6.941557900930731
Initial point 2. Random seed: 5488
Solving with ultrametric constraint
Optimal point found for initial point 2
Negative llh: 128.5092570954292
Dropout rate: 3.873114877434758e-10
Silencing rate: 3.343006307796261e-10
Sigma: 6.941958027397276
Initial point 3. Random seed: 8727
Solving with ultrametric constraint
Optimal point found for initial point 3
Negative llh: 128.50925716963403
Dropout rate: 3.6149942077706194e-10
Silencing rate: 2.6464618139955574e-10
Sigma: 6.941936324054425
Initial point 4. Random seed: 9701
Solving with ultrametric constraint
Optimal point found for initial point 4
Negative llh: 128.5092577929507
Dropout rate: 8.844888218675433e-10
Silencing rate: 6.811356143389412e-10
Sigma: 6.9419789434789365
Initial point 5. Random seed: 9991
Solving with ultrametric constraint
Optimal point found for initial point 5
Negative llh: 128.50925724766458
Dropout rate: 1e-10
Silencing rate: 1e-10
Sigma: 6.942089393320831
Initial point 6. Random seed: 5958
Solving with ultrametric constraint
Optimal point found for initial point 6
Negative llh: 128.50925812049894
Dropout rate: 1.0000000000000002e-10
Silencing rate: 1.0000000000000002e-10
Sigma: 6.9420193693292624
Initial point 7. Random seed: 9124
Solving with ultrametric constraint
Optimal point found for initial point 7
Negative llh: 128.50925703911955
Dropout rate: 1e-10
Silencing rate: 1e-10
Sigma: 6.941978256089196
Initial point 8. Random seed: 816
Solving with ultrametric constraint
Optimal point found for initial point 8
Negative llh: 128.50925711506764
Dropout rate: 1e-10
Silencing rate: 1e-10
Sigma: 6.94187666397504
Initial point 9. Random seed: 6284
Solving with ultrametric constraint
Optimal point found for initial point 9
Negative llh: 128.50925701844426
Dropout rate: 1.0000000000000002e-10
Silencing rate: 1.0000000000000002e-10
Sigma: 6.941907980466542
Initial point 10. Random seed: 5404
Solving with ultrametric constraint
Optimal point found for initial point 10
Negative llh: 128.50925783081118
Dropout rate: 1e-10
Silencing rate: 1e-10
Sigma: 6.9422043774927
Runtime (s): 140.3169755488634
