Launching Problin version 0.5b
Problin was called as follow: /u/gh2161/Spatial-Division/problin/run_problin.py -c real_location_data/s13c2/k10_r4_character_matrix.csv -t real_location_data/s13c2/true_tree.nwk -S real_location_data/s13c2/leaf_locations.txt --delimiter comma -p real_location_data/s13c2/k10_priors.csv -o real_location_data/s13c2/k10_r4_spalin-divide-beta1.txt --nInitials 10 --ultrametric --randomreps 3 --divide --given_beta 1 --incl_beta_bound
Optimization by Spalin-Divide: Scipy-SLSQP using spatial information
Optimizing branch lengths, phi, and nu without topology search
Initial point 1. Random seed: 8044
Solving with ultrametric constraint
Optimal point found for initial point 1
Negative llh: 249.76331061001287
Dropout rate: 1.0000000000000002e-10
Silencing rate: 1e-10
Sigma: 6.8943562704644865
Initial point 2. Random seed: 3630
Solving with ultrametric constraint
Optimal point found for initial point 2
Negative llh: 249.7633104757884
Dropout rate: 2.8724656830515e-10
Silencing rate: 2.534140799531556e-10
Sigma: 6.894321607099386
Initial point 3. Random seed: 8215
Solving with ultrametric constraint
Optimal point found for initial point 3
Negative llh: 249.76331026423628
Dropout rate: 1e-10
Silencing rate: 1e-10
Sigma: 6.894341389435234
Initial point 4. Random seed: 354
Solving with ultrametric constraint
Optimal point found for initial point 4
Negative llh: 249.76331014563902
Dropout rate: 1e-10
Silencing rate: 1e-10
Sigma: 6.8943041744086795
Initial point 5. Random seed: 9629
Solving with ultrametric constraint
Optimal point found for initial point 5
Negative llh: 249.76331151634116
Dropout rate: 3.0302743526567547e-09
Silencing rate: 1.1046898752347617e-09
Sigma: 6.8943192945511305
Initial point 6. Random seed: 4886
Solving with ultrametric constraint
Optimal point found for initial point 6
Negative llh: 249.7633101695971
Dropout rate: 9.999999999999996e-11
Silencing rate: 1.0000000000000002e-10
Sigma: 6.894319809680075
Initial point 7. Random seed: 5763
Solving with ultrametric constraint
Optimal point found for initial point 7
Negative llh: 249.76331013003784
Dropout rate: 1.0000000000000002e-10
Silencing rate: 1.0000000000000002e-10
Sigma: 6.894338061984826
Initial point 8. Random seed: 5602
Solving with ultrametric constraint
Optimal point found for initial point 8
Negative llh: 249.76331011241822
Dropout rate: 1.2739077320870737e-10
Silencing rate: 1.0921856023253332e-10
Sigma: 6.894346841677016
Initial point 9. Random seed: 7697
Solving with ultrametric constraint
Optimal point found for initial point 9
Negative llh: 249.7633101356986
Dropout rate: 1.0000000000000002e-10
Silencing rate: 1.0000000000000002e-10
Sigma: 6.894303604951565
Initial point 10. Random seed: 9827
Solving with ultrametric constraint
Optimal point found for initial point 10
Negative llh: 249.76331007776486
Dropout rate: 3.345482883109686e-10
Silencing rate: 2.104198721803181e-10
Sigma: 6.894296922629731
Runtime (s): 707.4501199740916
