Launching Problin version 0.5b
Problin was called as follow: /u/gh2161/problin/run_problin.py -c simulated_data/s13c2/k10_r1_character_matrix.csv -t simulated_data/s13c2/true_tree.nwk -S simulated_data/s13c2/leaf_locations.txt --delimiter comma -p simulated_data/s13c2/k10_priors.csv -o simulated_data/s13c2/k10_r1_spalin_leaves_newfelsen.txt --nInitials 10 --ultrametric --randomreps 3
Optimization by Spalin: Scipy-SLSQP using spatial information
Optimizing branch lengths, phi, and nu without topology search
Initial point 1. Random seed: 2599
Solving with ultrametric constraint
Optimal point found for initial point 1
Negative llh: 217.52672451864976
Dropout rate: 1.0335748982939634e-09
Silencing rate: 5.174051534529253e-10
Sigma: 11.605646824528153
Initial point 2. Random seed: 5873
Solving with ultrametric constraint
Optimal point found for initial point 2
Negative llh: 217.52672463124486
Dropout rate: 9.564519144682526e-10
Silencing rate: 1.9113413412768628e-09
Sigma: 11.604310703734042
Initial point 3. Random seed: 906
Solving with ultrametric constraint
Optimal point found for initial point 3
Negative llh: 217.5267243977861
Dropout rate: 2.228247841938804e-10
Silencing rate: 5.319414128491761e-10
Sigma: 11.604559790022465
Initial point 4. Random seed: 8509
Solving with ultrametric constraint
Optimal point found for initial point 4
Negative llh: 217.52672438503419
Dropout rate: 9.999999999999996e-11
Silencing rate: 1.0000000000000007e-10
Sigma: 11.605312500192538
Initial point 5. Random seed: 3173
Solving with ultrametric constraint
Optimal point found for initial point 5
Negative llh: 217.52672531550695
Dropout rate: 4.467424880639505e-09
Silencing rate: 2.8112482413678017e-09
Sigma: 11.605174750887809
Initial point 6. Random seed: 4640
Solving with ultrametric constraint
Optimal point found for initial point 6
Negative llh: 217.52672457803487
Dropout rate: 9.999999999999996e-11
Silencing rate: 1.0000000000000007e-10
Sigma: 11.60425965583885
Initial point 7. Random seed: 8740
Solving with ultrametric constraint
Optimal point found for initial point 7
Negative llh: 217.52672428200094
Dropout rate: 1.0000000000000007e-10
Silencing rate: 1.0000000000000007e-10
Sigma: 11.605028649923092
Initial point 8. Random seed: 4602
Solving with ultrametric constraint
Optimal point found for initial point 8
Negative llh: 217.52672488094578
Dropout rate: 1.0219031113235925e-10
Silencing rate: 1e-10
Sigma: 11.604680148316554
Initial point 9. Random seed: 5819
Solving with ultrametric constraint
Optimal point found for initial point 9
Negative llh: 217.52672462352893
Dropout rate: 1e-10
Silencing rate: 1e-10
Sigma: 11.60555209792463
Initial point 10. Random seed: 5665
Solving with ultrametric constraint
Optimal point found for initial point 10
Negative llh: 217.52672464700998
Dropout rate: 8.218260206261088e-10
Silencing rate: 9.143028755385664e-10
Sigma: 11.60499674597421
Runtime (s): 152.48323179595172
