Launching Problin version 0.5b
Problin was called as follow: /u/gh2161/Spatial-Division/problin/run_problin.py -c real_location_data/s13c2/k10_r5_character_matrix.csv -t real_location_data/s13c2/true_tree.nwk -S real_location_data/s13c2/leaf_locations.txt --delimiter comma -p real_location_data/s13c2/k10_priors.csv -o real_location_data/s13c2/k10_r5_spalin-divide-beta05.txt --nInitials 10 --ultrametric --randomreps 3 --divide --given_beta 0.5 --incl_beta_bound
Optimization by Spalin-Divide: Scipy-SLSQP using spatial information
Optimizing branch lengths, phi, and nu without topology search
Initial point 1. Random seed: 244
Solving with ultrametric constraint
Optimal point found for initial point 1
Negative llh: 271.2468574394063
Dropout rate: 1.0612629473801605e-10
Silencing rate: 1.0291821750383415e-10
Sigma: 6.320402959955017
Initial point 2. Random seed: 4621
Solving with ultrametric constraint
Optimal point found for initial point 2
Negative llh: 271.2468573798981
Dropout rate: 1.0000000000000002e-10
Silencing rate: 1.0000000000000002e-10
Sigma: 6.320415493866992
Initial point 3. Random seed: 4269
Solving with ultrametric constraint
Optimal point found for initial point 3
Negative llh: 271.246857538358
Dropout rate: 4.846530696965462e-10
Silencing rate: 8.48225225144798e-10
Sigma: 6.320407232561886
Initial point 4. Random seed: 2889
Solving with ultrametric constraint
Optimal point found for initial point 4
Negative llh: 271.2468577281228
Dropout rate: 7.86479411156655e-10
Silencing rate: 5.442487887599077e-10
Sigma: 6.320398118278041
Initial point 5. Random seed: 5641
Solving with ultrametric constraint
Optimal point found for initial point 5
Negative llh: 271.24685750429853
Dropout rate: 1e-10
Silencing rate: 1e-10
Sigma: 6.320414794297886
Initial point 6. Random seed: 8694
Solving with ultrametric constraint
Optimal point found for initial point 6
Negative llh: 271.2468574392766
Dropout rate: 1e-10
Silencing rate: 1e-10
Sigma: 6.3204013334150835
Initial point 7. Random seed: 8432
Solving with ultrametric constraint
Optimal point found for initial point 7
Negative llh: 271.2468573793288
Dropout rate: 1e-10
Silencing rate: 1e-10
Sigma: 6.320425172498236
Initial point 8. Random seed: 7653
Solving with ultrametric constraint
Optimal point found for initial point 8
Negative llh: 271.2468574167349
Dropout rate: 1.3965240358783032e-10
Silencing rate: 1.1889137749635795e-10
Sigma: 6.320411606148554
Initial point 9. Random seed: 2325
Solving with ultrametric constraint
Optimal point found for initial point 9
Negative llh: 271.2468572426354
Dropout rate: 1.6524997439561386e-10
Silencing rate: 1.3108621296360262e-10
Sigma: 6.320405299224829
Initial point 10. Random seed: 1259
Solving with ultrametric constraint
Optimal point found for initial point 10
Negative llh: 271.2468574486492
Dropout rate: 1.0000000000000007e-10
Silencing rate: 1.0000000000000007e-10
Sigma: 6.320424173398641
Runtime (s): 669.4806074034423
