Launching Problin version 0.5b
Problin was called as follow: /u/gh2161/Spatial-Division/problin/run_problin.py -c real_location_data/s13c2/k10_r2_character_matrix.csv -t real_location_data/s13c2/true_tree.nwk -S real_location_data/s13c2/leaf_locations.txt --delimiter comma -p real_location_data/s13c2/k10_priors.csv -o real_location_data/s13c2/k10_r2_spalin-divide-ignore-beta.txt --nInitials 10 --ultrametric --randomreps 3 --divide
Optimization by Spalin-Divide: Scipy-SLSQP using spatial information
Optimizing branch lengths, phi, and nu without topology search
Initial point 1. Random seed: 224
Solving with ultrametric constraint
Optimal point found for initial point 1
Negative llh: 281.5403147395342
Dropout rate: 9.999999999999996e-11
Silencing rate: 1.0000000000000002e-10
Sigma: 6.219299626290864
Initial point 2. Random seed: 8430
Solving with ultrametric constraint
Optimal point found for initial point 2
Negative llh: 281.54031096215124
Dropout rate: 2.5716294021801693e-10
Silencing rate: 1.9368672349462783e-10
Sigma: 6.219255138410608
Initial point 3. Random seed: 1169
Solving with ultrametric constraint
Optimal point found for initial point 3
Negative llh: 281.5403112262843
Dropout rate: 1.0015991666756773e-09
Silencing rate: 7.090132393430219e-10
Sigma: 6.219211609171484
Initial point 4. Random seed: 3307
Solving with ultrametric constraint
Optimal point found for initial point 4
Negative llh: 281.54032928403
Dropout rate: 1e-10
Silencing rate: 1e-10
Sigma: 6.219196352190593
Initial point 5. Random seed: 2793
Solving with ultrametric constraint
Optimal point found for initial point 5
Negative llh: 281.5403156226813
Dropout rate: 1e-10
Silencing rate: 1e-10
Sigma: 6.2195256151616825
Initial point 6. Random seed: 2215
Solving with ultrametric constraint
Optimal point found for initial point 6
Negative llh: 281.54032004353894
Dropout rate: 1.0000000000000007e-10
Silencing rate: 1.0000000000000007e-10
Sigma: 6.21987183695093
Initial point 7. Random seed: 7423
Solving with ultrametric constraint
Optimal point found for initial point 7
Negative llh: 281.54032698473884
Dropout rate: 1e-10
Silencing rate: 1e-10
Sigma: 6.219288046957163
Initial point 8. Random seed: 5622
Solving with ultrametric constraint
Optimal point found for initial point 8
Negative llh: 281.5403765942465
Dropout rate: 6.098126450676107e-09
Silencing rate: 8.265766506673484e-09
Sigma: 6.219175926008152
Initial point 9. Random seed: 6640
Solving with ultrametric constraint
Optimal point found for initial point 9
Negative llh: 281.54031639397397
Dropout rate: 1.0000000000000007e-10
Silencing rate: 1.0000000000000002e-10
Sigma: 6.21919640269599
Initial point 10. Random seed: 3288
Solving with ultrametric constraint
Optimal point found for initial point 10
Negative llh: 281.5403178800781
Dropout rate: 1e-10
Silencing rate: 1e-10
Sigma: 6.2199165865991235
Runtime (s): 621.8995415652171
