Launching Problin version 0.5b
Problin was called as follow: /u/gh2161/Spatial-Division/problin/run_problin.py -c real_location_data/s13c2/k10_r2_character_matrix.csv -t real_location_data/s13c2/true_tree.nwk -S real_location_data/s13c2/leaf_locations.txt --delimiter comma -p real_location_data/s13c2/k10_priors.csv -o real_location_data/s13c2/k10_r2_spalin-divide-beta1.txt --nInitials 10 --ultrametric --randomreps 3 --divide --given_beta 1 --incl_beta_bound
Optimization by Spalin-Divide: Scipy-SLSQP using spatial information
Optimizing branch lengths, phi, and nu without topology search
Initial point 1. Random seed: 8295
Solving with ultrametric constraint
Optimal point found for initial point 1
Negative llh: 281.8692291153043
Dropout rate: 1.0000000000000002e-10
Silencing rate: 1.0000000000000002e-10
Sigma: 6.249359909212886
Initial point 2. Random seed: 2591
Solving with ultrametric constraint
Optimal point found for initial point 2
Negative llh: 281.869229271539
Dropout rate: 1.0000000000000007e-10
Silencing rate: 1.0000000000000007e-10
Sigma: 6.249279650898062
Initial point 3. Random seed: 331
Solving with ultrametric constraint
Optimal point found for initial point 3
Negative llh: 281.86922909354973
Dropout rate: 1.4919829223801846e-10
Silencing rate: 1.2395058166126084e-10
Sigma: 6.249294456623745
Initial point 4. Random seed: 883
Solving with ultrametric constraint
Optimal point found for initial point 4
Negative llh: 281.86922914691013
Dropout rate: 1.884096120931889e-10
Silencing rate: 1.5681867032379696e-10
Sigma: 6.249304906566365
Initial point 5. Random seed: 6445
Solving with ultrametric constraint
Optimal point found for initial point 5
Negative llh: 281.86922910041835
Dropout rate: 1e-10
Silencing rate: 1e-10
Sigma: 6.2492691509260965
Initial point 6. Random seed: 1754
Solving with ultrametric constraint
Optimal point found for initial point 6
Negative llh: 281.8692300771851
Dropout rate: 1.0000000000000002e-10
Silencing rate: 1.0000000000000002e-10
Sigma: 6.249235092422705
Initial point 7. Random seed: 9549
Solving with ultrametric constraint
Optimal point found for initial point 7
Negative llh: 281.8692304591879
Dropout rate: 1.0000000000000007e-10
Silencing rate: 9.999999999999996e-11
Sigma: 6.249299213072713
Initial point 8. Random seed: 7925
Solving with ultrametric constraint
Optimal point found for initial point 8
Negative llh: 281.86923014481397
Dropout rate: 1.7137719683471979e-09
Silencing rate: 9.89062838235621e-10
Sigma: 6.24933200121019
Initial point 9. Random seed: 2797
Solving with ultrametric constraint
Optimal point found for initial point 9
Negative llh: 281.8692318042914
Dropout rate: 1.637586257732709e-09
Silencing rate: 1.0555021469011204e-09
Sigma: 6.2492427757883915
Initial point 10. Random seed: 2838
Solving with ultrametric constraint
Optimal point found for initial point 10
Negative llh: 281.8692290463988
Dropout rate: 1.0895205673429133e-10
Silencing rate: 1.0436326475915917e-10
Sigma: 6.249388537541065
Runtime (s): 996.4850245509297
