Launching Problin version 0.5b
Problin was called as follow: /u/gh2161/Spatial-Division/problin/run_problin.py -c real_location_data/s13c2/k10_r3_character_matrix.csv -t real_location_data/s13c2/true_tree.nwk -S real_location_data/s13c2/leaf_locations.txt --delimiter comma -p real_location_data/s13c2/k10_priors.csv -o real_location_data/s13c2/k10_r3_spalin-divide-beta05.txt --nInitials 10 --ultrametric --randomreps 3 --divide --given_beta 0.5 --incl_beta_bound
Optimization by Spalin-Divide: Scipy-SLSQP using spatial information
Optimizing branch lengths, phi, and nu without topology search
Initial point 1. Random seed: 5452
Solving with ultrametric constraint
Optimal point found for initial point 1
Negative llh: 267.0589133633568
Dropout rate: 1e-10
Silencing rate: 1e-10
Sigma: 6.10430620042267
Initial point 2. Random seed: 2804
Solving with ultrametric constraint
Optimal point found for initial point 2
Negative llh: 267.05894901990337
Dropout rate: 1.921004951981699e-09
Silencing rate: 7.40227310583439e-10
Sigma: 6.104302792408699
Initial point 3. Random seed: 5448
Solving with ultrametric constraint
Optimal point found for initial point 3
Negative llh: 267.0588953769166
Dropout rate: 3.786325912535457e-10
Silencing rate: 2.678699805937878e-10
Sigma: 6.104402683371803
Initial point 4. Random seed: 6103
Solving with ultrametric constraint
Optimal point found for initial point 4
Negative llh: 267.05890166033555
Dropout rate: 1.0213566197016783e-09
Silencing rate: 7.567154041541936e-10
Sigma: 6.104276666798543
Initial point 5. Random seed: 1273
Solving with ultrametric constraint
Optimal point found for initial point 5
Negative llh: 267.05894824629615
Dropout rate: 1e-10
Silencing rate: 1e-10
Sigma: 6.104162475289078
Initial point 6. Random seed: 2825
Solving with ultrametric constraint
Optimal point found for initial point 6
Negative llh: 267.0589053432008
Dropout rate: 1.1779250880138818e-10
Silencing rate: 2.1753865908203795e-10
Sigma: 6.104301544114816
Initial point 7. Random seed: 529
Solving with ultrametric constraint
Optimal point found for initial point 7
Negative llh: 267.058898501371
Dropout rate: 1e-10
Silencing rate: 1e-10
Sigma: 6.104247942093542
Initial point 8. Random seed: 8654
Solving with ultrametric constraint
Optimal point found for initial point 8
Negative llh: 267.05891192906245
Dropout rate: 8.973792223151876e-10
Silencing rate: 5.958255150551558e-10
Sigma: 6.10430473567902
Initial point 9. Random seed: 6445
Solving with ultrametric constraint
Optimal point found for initial point 9
Negative llh: 267.0588914148556
Dropout rate: 1e-10
Silencing rate: 1e-10
Sigma: 6.10429706167382
Initial point 10. Random seed: 5916
Solving with ultrametric constraint
Optimal point found for initial point 10
Negative llh: 267.0588910434723
Dropout rate: 1.0000000000000007e-10
Silencing rate: 1.0000000000000007e-10
Sigma: 6.104339119645253
Runtime (s): 957.294568490237
