Launching Problin version 0.5b
Problin was called as follow: /u/gh2161/Spatial-Division/problin/run_problin.py -c real_location_data/s13c2/k10_r2_character_matrix.csv -t real_location_data/s13c2/true_tree.nwk -S real_location_data/s13c2/leaf_locations.txt --delimiter comma -p real_location_data/s13c2/k10_priors.csv -o real_location_data/s13c2/k10_r2_spalin-divide-beta3.txt --nInitials 10 --ultrametric --randomreps 3 --divide --given_beta 3 --incl_beta_bound
Optimization by Spalin-Divide: Scipy-SLSQP using spatial information
Optimizing branch lengths, phi, and nu without topology search
Initial point 1. Random seed: 9312
Solving with ultrametric constraint
Optimal point found for initial point 1
Negative llh: 278.4700239072591
Dropout rate: 7.281257913644625e-10
Silencing rate: 3.948879996015702e-10
Sigma: 5.942046727409058
Initial point 2. Random seed: 2675
Solving with ultrametric constraint
Optimal point found for initial point 2
Negative llh: 278.47002418868806
Dropout rate: 7.831380147051817e-10
Silencing rate: 4.532600803130925e-10
Sigma: 5.942006793168546
Initial point 3. Random seed: 7955
Solving with ultrametric constraint
Optimal point found for initial point 3
Negative llh: 278.47002260194927
Dropout rate: 2.7376745336740987e-10
Silencing rate: 1.8447646058631473e-10
Sigma: 5.942061500679095
Initial point 4. Random seed: 2302
Solving with ultrametric constraint
Optimal point found for initial point 4
Negative llh: 278.4700219948785
Dropout rate: 1e-10
Silencing rate: 1e-10
Sigma: 5.94208412057878
Initial point 5. Random seed: 2825
Solving with ultrametric constraint
Optimal point found for initial point 5
Negative llh: 278.4700231945734
Dropout rate: 5.402547592298335e-10
Silencing rate: 3.982405960314741e-10
Sigma: 5.942077396832198
Initial point 6. Random seed: 7876
Solving with ultrametric constraint
Optimal point found for initial point 6
Negative llh: 278.4700241771328
Dropout rate: 2.580538522175271e-10
Silencing rate: 2.187123644186813e-10
Sigma: 5.942077191320021
Initial point 7. Random seed: 1399
Solving with ultrametric constraint
Optimal point found for initial point 7
Negative llh: 278.47002212108214
Dropout rate: 1e-10
Silencing rate: 1e-10
Sigma: 5.942059960240996
Initial point 8. Random seed: 5638
Solving with ultrametric constraint
Optimal point found for initial point 8
Negative llh: 278.47002279133943
Dropout rate: 1e-10
Silencing rate: 1e-10
Sigma: 5.9421017084824275
Initial point 9. Random seed: 4047
Solving with ultrametric constraint
Optimal point found for initial point 9
Negative llh: 278.4700221386596
Dropout rate: 2.3028854482213127e-10
Silencing rate: 1.6372882320365087e-10
Sigma: 5.942082056978945
Initial point 10. Random seed: 2257
Solving with ultrametric constraint
Optimal point found for initial point 10
Negative llh: 278.47002207151974
Dropout rate: 1e-10
Silencing rate: 1e-10
Sigma: 5.942102591328571
Runtime (s): 1431.5812740232795
