Launching Problin version 0.5b
Problin was called as follow: /u/gh2161/Spatial-Division/problin/run_problin.py -c real_location_data/s13c2/k10_r1_character_matrix.csv -t real_location_data/s13c2/true_tree.nwk -S real_location_data/s13c2/leaf_locations.txt --delimiter comma -p real_location_data/s13c2/k10_priors.csv -o real_location_data/s13c2/k10_r1_spalin-divide-beta3.txt --nInitials 10 --ultrametric --randomreps 3 --divide --given_beta 3 --incl_beta_bound
Optimization by Spalin-Divide: Scipy-SLSQP using spatial information
Optimizing branch lengths, phi, and nu without topology search
Initial point 1. Random seed: 4237
Solving with ultrametric constraint
Optimal point found for initial point 1
Negative llh: 242.2097199704438
Dropout rate: 9.999999999999996e-11
Silencing rate: 1.0000000000000002e-10
Sigma: 6.158619981895778
Initial point 2. Random seed: 1879
Solving with ultrametric constraint
Optimal point found for initial point 2
Negative llh: 242.2097196822915
Dropout rate: 5.909593735707959e-10
Silencing rate: 3.46139682947116e-10
Sigma: 6.158660065566535
Initial point 3. Random seed: 4874
Solving with ultrametric constraint
Optimal point found for initial point 3
Negative llh: 242.20971937641298
Dropout rate: 1e-10
Silencing rate: 1e-10
Sigma: 6.15860237986777
Initial point 4. Random seed: 6127
Solving with ultrametric constraint
Optimal point found for initial point 4
Negative llh: 242.2097197428618
Dropout rate: 1e-10
Silencing rate: 1e-10
Sigma: 6.158582150676772
Initial point 5. Random seed: 6999
Solving with ultrametric constraint
Optimal point found for initial point 5
Negative llh: 242.2097203550074
Dropout rate: 1.0000000000000002e-10
Silencing rate: 1.0000000000000002e-10
Sigma: 6.158673735696646
Initial point 6. Random seed: 8749
Solving with ultrametric constraint
Optimal point found for initial point 6
Negative llh: 242.20972030243337
Dropout rate: 7.687488604506413e-10
Silencing rate: 4.125621455610908e-10
Sigma: 6.158646099149837
Initial point 7. Random seed: 7076
Solving with ultrametric constraint
Optimal point found for initial point 7
Negative llh: 242.20971913291606
Dropout rate: 9.999999999999996e-11
Silencing rate: 1.0000000000000002e-10
Sigma: 6.158600933226278
Initial point 8. Random seed: 1779
Solving with ultrametric constraint
Optimal point found for initial point 8
Negative llh: 242.20971958766842
Dropout rate: 1e-10
Silencing rate: 1e-10
Sigma: 6.15861951776513
Initial point 9. Random seed: 9840
Solving with ultrametric constraint
Optimal point found for initial point 9
Negative llh: 242.2097206728247
Dropout rate: 1.660204340618598e-10
Silencing rate: 1.2801490958583515e-10
Sigma: 6.158615512950145
Initial point 10. Random seed: 7034
Solving with ultrametric constraint
Optimal point found for initial point 10
Negative llh: 242.20972613192555
Dropout rate: 1.1704115690472808e-10
Silencing rate: 1.342359551555303e-10
Sigma: 6.1584709109366464
Runtime (s): 933.7780349049717
