Launching Problin version 0.5b
Problin was called as follow: /u/gh2161/Spatial-Division/problin/run_problin.py -c real_location_data/s20c6/k10_r4_character_matrix.csv -t real_location_data/s20c6/true_tree.nwk -S real_location_data/s20c6/leaf_locations.txt --delimiter comma -p real_location_data/s20c6/k10_priors.csv -o real_location_data/s20c6/k10_r4_spalin-divide-beta05.txt --nInitials 10 --ultrametric --randomreps 3 --divide --given_beta 0.5 --incl_beta_bound
Optimization by Spalin-Divide: Scipy-SLSQP using spatial information
Optimizing branch lengths, phi, and nu without topology search
Initial point 1. Random seed: 7896
Solving with ultrametric constraint
Optimal point found for initial point 1
Negative llh: 171.56926421770973
Dropout rate: 3.905562985589733e-10
Silencing rate: 2.203851683838508e-10
Sigma: 5.701530303404302
Initial point 2. Random seed: 5156
Solving with ultrametric constraint
Optimal point found for initial point 2
Negative llh: 171.56926388235138
Dropout rate: 1.139118968069513e-10
Silencing rate: 1.0573138041400312e-10
Sigma: 5.70148972298222
Initial point 3. Random seed: 8752
Solving with ultrametric constraint
Optimal point found for initial point 3
Negative llh: 171.56926404070902
Dropout rate: 5.885717870767621e-10
Silencing rate: 4.621232946970579e-10
Sigma: 5.701552787196895
Initial point 4. Random seed: 380
Solving with ultrametric constraint
Optimal point found for initial point 4
Negative llh: 171.5692641857089
Dropout rate: 1.0000000000000002e-10
Silencing rate: 1.0000000000000002e-10
Sigma: 5.70148896418412
Initial point 5. Random seed: 7855
Solving with ultrametric constraint
Optimal point found for initial point 5
Negative llh: 171.56926473982307
Dropout rate: 9.999999999999996e-11
Silencing rate: 1.0000000000000002e-10
Sigma: 5.701473331843062
Initial point 6. Random seed: 1257
Solving with ultrametric constraint
Optimal point found for initial point 6
Negative llh: 171.56926387346658
Dropout rate: 1e-10
Silencing rate: 1e-10
Sigma: 5.701496211284088
Initial point 7. Random seed: 6299
Solving with ultrametric constraint
Optimal point found for initial point 7
Negative llh: 171.56926412879668
Dropout rate: 1.2730259508901983e-10
Silencing rate: 1.1351188969859553e-10
Sigma: 5.701433108450663
Initial point 8. Random seed: 257
Solving with ultrametric constraint
Optimal point found for initial point 8
Negative llh: 171.56926390454112
Dropout rate: 3.009288499810373e-10
Silencing rate: 1.8541476098226547e-10
Sigma: 5.701503136903959
Initial point 9. Random seed: 5895
Solving with ultrametric constraint
Optimal point found for initial point 9
Negative llh: 171.56926675699464
Dropout rate: 7.480244312078459e-10
Silencing rate: 5.236063816332106e-10
Sigma: 5.700971418535331
Initial point 10. Random seed: 1223
Solving with ultrametric constraint
Optimal point found for initial point 10
Negative llh: 171.56926386799933
Dropout rate: 1e-10
Silencing rate: 1e-10
Sigma: 5.701474908525104
Runtime (s): 379.611395560205
