Launching Problin version 0.5b
Problin was called as follow: /u/gh2161/problin/run_problin.py -c simulated_data/s20c6/k10_r1_character_matrix.csv -t simulated_data/s20c6/true_tree.nwk -S simulated_data/s20c6/true_locations.txt --delimiter comma -p simulated_data/s20c6/k10_priors.csv -o simulated_data/s20c6/k10_r1_spalin_all.txt --nInitials 10 --ultrametric --randomreps 3
Optimization by Spalin: Scipy-SLSQP using spatial information
Optimizing branch lengths, phi, and nu without topology search
Initial point 1. Random seed: 87
Solving with ultrametric constraint
Optimal point found for initial point 1
Negative llh: 223.34984403566264
Dropout rate: 1.0850281190403868e-10
Silencing rate: 1.2872895439433138e-10
Sigma: 24.88612965368906
Initial point 2. Random seed: 1020
Solving with ultrametric constraint
Optimal point found for initial point 2
Negative llh: 223.34984399820516
Dropout rate: 2.1539169405688524e-10
Silencing rate: 1.9652238584104766e-10
Sigma: 24.88533773573036
Initial point 3. Random seed: 9312
Solving with ultrametric constraint
Optimal point found for initial point 3
Negative llh: 223.34984431848892
Dropout rate: 1e-10
Silencing rate: 1e-10
Sigma: 24.88634843932265
Initial point 4. Random seed: 874
Solving with ultrametric constraint
Optimal point found for initial point 4
Negative llh: 223.3498439888064
Dropout rate: 1e-10
Silencing rate: 1e-10
Sigma: 24.886674565677996
Initial point 5. Random seed: 5243
Solving with ultrametric constraint
Optimal point found for initial point 5
Negative llh: 223.3498439748195
Dropout rate: 1e-10
Silencing rate: 1e-10
Sigma: 24.88663090465416
Initial point 6. Random seed: 4337
Solving with ultrametric constraint
Optimal point found for initial point 6
Negative llh: 223.34984389475358
Dropout rate: 1e-10
Silencing rate: 1.0000000000000002e-10
Sigma: 24.88631822277997
Initial point 7. Random seed: 9047
Solving with ultrametric constraint
Optimal point found for initial point 7
Negative llh: 223.34984429299692
Dropout rate: 1e-10
Silencing rate: 1.0000000000000002e-10
Sigma: 24.886056768219134
Initial point 8. Random seed: 1047
Solving with ultrametric constraint
Optimal point found for initial point 8
Negative llh: 223.34984416335556
Dropout rate: 1.8184313932168542e-10
Silencing rate: 4.0207205041428966e-10
Sigma: 24.88583423898884
Initial point 9. Random seed: 2311
Solving with ultrametric constraint
Optimal point found for initial point 9
Negative llh: 223.34984387856906
Dropout rate: 1e-10
Silencing rate: 1.0000000000000002e-10
Sigma: 24.886466392356844
Initial point 10. Random seed: 1656
Solving with ultrametric constraint
Optimal point found for initial point 10
Negative llh: 223.34984384314663
Dropout rate: 1.0000000000000007e-10
Silencing rate: 1.0000000000000007e-10
Sigma: 24.886282641264952
Runtime (s): 6.617682491894811
