Launching Problin version 0.5b
Problin was called as follow: /u/gh2161/Spatial-Division/problin/run_problin.py -c real_location_data/s20c6/k10_r5_character_matrix.csv -t real_location_data/s20c6/true_tree.nwk -S real_location_data/s20c6/leaf_locations.txt --delimiter comma -p real_location_data/s20c6/k10_priors.csv -o real_location_data/s20c6/k10_r5_spalin-divide-beta05.txt --nInitials 10 --ultrametric --randomreps 3 --divide --given_beta 0.5 --incl_beta_bound
Optimization by Spalin-Divide: Scipy-SLSQP using spatial information
Optimizing branch lengths, phi, and nu without topology search
Initial point 1. Random seed: 5477
Solving with ultrametric constraint
Optimal point found for initial point 1
Negative llh: 192.6167753491951
Dropout rate: 1e-10
Silencing rate: 1e-10
Sigma: 4.898684401043958
Initial point 2. Random seed: 3742
Solving with ultrametric constraint
Optimal point found for initial point 2
Negative llh: 192.61677565662586
Dropout rate: 1.0000000000000007e-10
Silencing rate: 1.4014671504016856e-09
Sigma: 4.898672207343038
Initial point 3. Random seed: 5850
Solving with ultrametric constraint
Optimal point found for initial point 3
Negative llh: 192.61677573415125
Dropout rate: 7.603384897324146e-10
Silencing rate: 5.114346661541809e-10
Sigma: 4.898703540037536
Initial point 4. Random seed: 3833
Solving with ultrametric constraint
Optimal point found for initial point 4
Negative llh: 192.61677531847474
Dropout rate: 1.3218535545654473e-10
Silencing rate: 1.2377495320266557e-10
Sigma: 4.898625096278124
Initial point 5. Random seed: 7634
Solving with ultrametric constraint
Optimal point found for initial point 5
Negative llh: 192.61677556495042
Dropout rate: 1e-10
Silencing rate: 1e-10
Sigma: 4.898595082119047
Initial point 6. Random seed: 7673
Solving with ultrametric constraint
Optimal point found for initial point 6
Negative llh: 192.61677528192172
Dropout rate: 2.0081828825458058e-10
Silencing rate: 1.63779552976818e-10
Sigma: 4.898660264107351
Initial point 7. Random seed: 9688
Solving with ultrametric constraint
Optimal point found for initial point 7
Negative llh: 192.61677558458484
Dropout rate: 1.8806458617796922e-10
Silencing rate: 1e-10
Sigma: 4.898740864787832
Initial point 8. Random seed: 6316
Solving with ultrametric constraint
Optimal point found for initial point 8
Negative llh: 192.61677534526092
Dropout rate: 9.999999999999996e-11
Silencing rate: 1.0000000000000002e-10
Sigma: 4.89867327728599
Initial point 9. Random seed: 6765
Solving with ultrametric constraint
Optimal point found for initial point 9
Negative llh: 192.61677538504676
Dropout rate: 1e-10
Silencing rate: 1e-10
Sigma: 4.898656984055954
Initial point 10. Random seed: 5669
Solving with ultrametric constraint
Optimal point found for initial point 10
Negative llh: 192.61677552873027
Dropout rate: 1e-10
Silencing rate: 1e-10
Sigma: 4.898761964904832
Runtime (s): 195.34950723033398
