Launching Problin version 0.5b
Problin was called as follow: /u/gh2161/Spatial-Division/problin/run_problin.py -c real_location_data/s20c6/k10_r1_character_matrix.csv -t real_location_data/s20c6/true_tree.nwk -S real_location_data/s20c6/leaf_locations.txt --delimiter comma -p real_location_data/s20c6/k10_priors.csv -o real_location_data/s20c6/k10_r1_spalin.txt --nInitials 10 --ultrametric --randomreps 3
Optimization by Spalin: Scipy-SLSQP using spatial information
Optimizing branch lengths, phi, and nu without topology search
Initial point 1. Random seed: 2892
Solving with ultrametric constraint
Optimal point found for initial point 1
Negative llh: 168.02385573947458
Dropout rate: 6.157469735626154e-10
Silencing rate: 5.334776480758622e-10
Sigma: 25.989531197056156
Initial point 2. Random seed: 6502
Solving with ultrametric constraint
Optimal point found for initial point 2
Negative llh: 168.02385520718158
Dropout rate: 1.0000000000000007e-10
Silencing rate: 1.0000000000000007e-10
Sigma: 25.990830637886695
Initial point 3. Random seed: 8991
Solving with ultrametric constraint
Optimal point found for initial point 3
Negative llh: 168.02385549597741
Dropout rate: 4.236601890565126e-10
Silencing rate: 5.52016989451724e-10
Sigma: 25.989983669569376
Initial point 4. Random seed: 7350
Solving with ultrametric constraint
Optimal point found for initial point 4
Negative llh: 168.02385548400684
Dropout rate: 3.3664893604360563e-10
Silencing rate: 9.744058750083248e-10
Sigma: 25.99156008405826
Initial point 5. Random seed: 6194
Solving with ultrametric constraint
Optimal point found for initial point 5
Negative llh: 168.02385559548406
Dropout rate: 1.0939158445091217e-09
Silencing rate: 1.9578241361692054e-09
Sigma: 25.99152709717223
Initial point 6. Random seed: 6913
Solving with ultrametric constraint
Optimal point found for initial point 6
Negative llh: 168.02385562193672
Dropout rate: 7.606381041430341e-10
Silencing rate: 1.2205757273566998e-09
Sigma: 25.991035420044724
Initial point 7. Random seed: 2401
Solving with ultrametric constraint
Optimal point found for initial point 7
Negative llh: 168.0238555051979
Dropout rate: 1e-10
Silencing rate: 1e-10
Sigma: 25.991807424729906
Initial point 8. Random seed: 3989
Solving with ultrametric constraint
Optimal point found for initial point 8
Negative llh: 168.02385523813928
Dropout rate: 1.0109581574843242e-10
Silencing rate: 1.141607230008436e-10
Sigma: 25.990520187302664
Initial point 9. Random seed: 5039
Solving with ultrametric constraint
Optimal point found for initial point 9
Negative llh: 168.02385546987824
Dropout rate: 1e-10
Silencing rate: 1e-10
Sigma: 25.98956755685053
Initial point 10. Random seed: 8628
Solving with ultrametric constraint
Optimal point found for initial point 10
Negative llh: 168.02385549950856
Dropout rate: 1.0000000000000002e-10
Silencing rate: 1.0000000000000007e-10
Sigma: 25.9907415784227
Traceback (most recent call last):
  File "/u/gh2161/Spatial-Division/problin/run_problin.py", line 223, in <module>
    main()
  File "/u/gh2161/Spatial-Division/problin/run_problin.py", line 214, in main
    for cell in mySolver.params.displacement_amounts:
AttributeError: 'Params' object has no attribute 'displacement_amounts'
