Launching Problin version 0.5b
Problin was called as follow: /u/gh2161/Spatial-Division/problin/run_problin.py -c real_location_data/s20c6/k10_r2_character_matrix.csv -t real_location_data/s20c6/true_tree.nwk -S real_location_data/s20c6/leaf_locations.txt --delimiter comma -p real_location_data/s20c6/k10_priors.csv -o real_location_data/s20c6/k10_r2_spalin-divide-beta3.txt --nInitials 10 --ultrametric --randomreps 3 --divide --given_beta 3 --incl_beta_bound
Optimization by Spalin-Divide: Scipy-SLSQP using spatial information
Optimizing branch lengths, phi, and nu without topology search
Initial point 1. Random seed: 3729
Solving with ultrametric constraint
Optimal point found for initial point 1
Negative llh: 165.04515127379608
Dropout rate: 1.0000000000000002e-10
Silencing rate: 1.0000000000000002e-10
Sigma: 5.097662319057051
Initial point 2. Random seed: 1861
Solving with ultrametric constraint
Optimal point found for initial point 2
Negative llh: 165.04515098501233
Dropout rate: 1e-10
Silencing rate: 1e-10
Sigma: 5.097633263876777
Initial point 3. Random seed: 8805
Solving with ultrametric constraint
Optimal point found for initial point 3
Negative llh: 165.0451510307363
Dropout rate: 1e-10
Silencing rate: 1e-10
Sigma: 5.097633238399818
Initial point 4. Random seed: 5615
Solving with ultrametric constraint
Optimal point found for initial point 4
Negative llh: 165.0451618544822
Dropout rate: 1e-10
Silencing rate: 1e-10
Sigma: 5.097572101566105
Initial point 5. Random seed: 2333
Solving with ultrametric constraint
Optimal point found for initial point 5
Negative llh: 165.04515102276554
Dropout rate: 3.483277191308993e-10
Silencing rate: 2.2682923045455344e-10
Sigma: 5.0976292330355895
Initial point 6. Random seed: 56
Solving with ultrametric constraint
Optimal point found for initial point 6
Negative llh: 165.04515855059802
Dropout rate: 2.4958485639538767e-10
Silencing rate: 1.917323660929108e-10
Sigma: 5.097571070025119
Initial point 7. Random seed: 8303
Solving with ultrametric constraint
Optimal point found for initial point 7
Negative llh: 165.04515098540395
Dropout rate: 1.0000000000000002e-10
Silencing rate: 1.0000000000000002e-10
Sigma: 5.09763198396524
Initial point 8. Random seed: 8388
Solving with ultrametric constraint
Optimal point found for initial point 8
Negative llh: 165.0451587983976
Dropout rate: 1e-10
Silencing rate: 1e-10
Sigma: 5.097661204772021
Initial point 9. Random seed: 9777
Solving with ultrametric constraint
Optimal point found for initial point 9
Negative llh: 165.0451509821903
Dropout rate: 1.0062809475113087e-10
Silencing rate: 1.002681408733285e-10
Sigma: 5.097634719004891
Initial point 10. Random seed: 1679
Solving with ultrametric constraint
Optimal point found for initial point 10
Negative llh: 165.0451509827223
Dropout rate: 1e-10
Silencing rate: 1e-10
Sigma: 5.097631186403649
Runtime (s): 380.8157033827156
