Launching Problin version 0.5b
Problin was called as follow: /u/gh2161/Spatial-Division/problin/run_problin.py -c real_location_data/s16c6/k10_r3_character_matrix.csv -t real_location_data/s16c6/true_tree.nwk -S real_location_data/s16c6/leaf_locations.txt --delimiter comma -p real_location_data/s16c6/k10_priors.csv -o real_location_data/s16c6/k10_r3_spalin.txt --nInitials 10 --ultrametric --randomreps 3
Optimization by Spalin: Scipy-SLSQP using spatial information
Optimizing branch lengths, phi, and nu without topology search
Initial point 1. Random seed: 6258
Solving with ultrametric constraint
Optimal point found for initial point 1
Negative llh: 232.27518217644848
Dropout rate: 4.3870672838393847e-10
Silencing rate: 2.6704919007121594e-10
Sigma: 34.873359423554916
Initial point 2. Random seed: 4113
Solving with ultrametric constraint
Optimal point found for initial point 2
Negative llh: 232.2751821455828
Dropout rate: 1.0000000000000002e-10
Silencing rate: 1.0000000000000007e-10
Sigma: 34.87194071123857
Initial point 3. Random seed: 8856
Solving with ultrametric constraint
Optimal point found for initial point 3
Negative llh: 232.27518220747325
Dropout rate: 1.0312009688470523e-10
Silencing rate: 1.501953233014859e-10
Sigma: 34.871964081104885
Initial point 4. Random seed: 2117
Solving with ultrametric constraint
Optimal point found for initial point 4
Negative llh: 232.27518219683625
Dropout rate: 1.2585853788585268e-10
Silencing rate: 1.0000000000000002e-10
Sigma: 34.87192973159944
Initial point 5. Random seed: 1177
Solving with ultrametric constraint
Optimal point found for initial point 5
Negative llh: 232.27518258895273
Dropout rate: 1.5849650621358768e-09
Silencing rate: 7.812631939953101e-10
Sigma: 34.87168697178493
Initial point 6. Random seed: 8525
Solving with ultrametric constraint
Optimal point found for initial point 6
Negative llh: 232.27518238021236
Dropout rate: 1e-10
Silencing rate: 1.0000000000000007e-10
Sigma: 34.875970856722844
Initial point 7. Random seed: 6560
Solving with ultrametric constraint
Optimal point found for initial point 7
Negative llh: 232.27518245948056
Dropout rate: 1.0000000000000002e-10
Silencing rate: 1.0000000000000002e-10
Sigma: 34.8730538033667
Initial point 8. Random seed: 6393
Solving with ultrametric constraint
Optimal point found for initial point 8
Negative llh: 232.27518257842775
Dropout rate: 1.3141981461577282e-09
Silencing rate: 6.550859080803928e-10
Sigma: 34.869421864070134
Initial point 9. Random seed: 7710
Solving with ultrametric constraint
Optimal point found for initial point 9
Negative llh: 232.2751820727297
Dropout rate: 1.0000000000000002e-10
Silencing rate: 1e-10
Sigma: 34.87265669815133
Initial point 10. Random seed: 3788
Solving with ultrametric constraint
Optimal point found for initial point 10
Negative llh: 232.2751823407849
Dropout rate: 1.12030576964725e-10
Silencing rate: 1.484735181164406e-10
Sigma: 34.87068230399188
Traceback (most recent call last):
  File "/u/gh2161/Spatial-Division/problin/run_problin.py", line 223, in <module>
    main()
  File "/u/gh2161/Spatial-Division/problin/run_problin.py", line 214, in main
    for cell in mySolver.params.displacement_amounts:
AttributeError: 'Params' object has no attribute 'displacement_amounts'
