Launching Problin version 0.5b
Problin was called as follow: /u/gh2161/Spatial-Division/problin/run_problin.py -c real_location_data/s16c6/k10_r4_character_matrix.csv -t real_location_data/s16c6/true_tree.nwk -S real_location_data/s16c6/leaf_locations.txt --delimiter comma -p real_location_data/s16c6/k10_priors.csv -o real_location_data/s16c6/k10_r4_spalin.txt --nInitials 10 --ultrametric --randomreps 3
Optimization by Spalin: Scipy-SLSQP using spatial information
Optimizing branch lengths, phi, and nu without topology search
Initial point 1. Random seed: 6772
Solving with ultrametric constraint
Optimal point found for initial point 1
Negative llh: 238.64531133279053
Dropout rate: 1.5377337563819406e-10
Silencing rate: 2.089116159617261e-10
Sigma: 37.056921770885566
Initial point 2. Random seed: 4198
Solving with ultrametric constraint
Optimal point found for initial point 2
Negative llh: 238.64531115037494
Dropout rate: 1e-10
Silencing rate: 1e-10
Sigma: 37.05488869670357
Initial point 3. Random seed: 6094
Solving with ultrametric constraint
Optimal point found for initial point 3
Negative llh: 238.64531144207717
Dropout rate: 2.0663756761654012e-10
Silencing rate: 1.7178856529218196e-10
Sigma: 37.05354979988948
Initial point 4. Random seed: 8540
Solving with ultrametric constraint
Optimal point found for initial point 4
Negative llh: 238.64531109815425
Dropout rate: 1.331384564624488e-10
Silencing rate: 3.2054019606937936e-10
Sigma: 37.05460004877027
Initial point 5. Random seed: 6148
Solving with ultrametric constraint
Optimal point found for initial point 5
Negative llh: 238.64531109719871
Dropout rate: 1e-10
Silencing rate: 1e-10
Sigma: 37.052650237519224
Initial point 6. Random seed: 8008
Solving with ultrametric constraint
Optimal point found for initial point 6
Negative llh: 238.64531129362328
Dropout rate: 1e-10
Silencing rate: 1e-10
Sigma: 37.0540207703729
Initial point 7. Random seed: 6353
Solving with ultrametric constraint
Optimal point found for initial point 7
Negative llh: 238.64531096768755
Dropout rate: 1.0000000000000002e-10
Silencing rate: 9.999999999999996e-11
Sigma: 37.05519095694683
Initial point 8. Random seed: 4046
Solving with ultrametric constraint
Optimal point found for initial point 8
Negative llh: 238.64531128468136
Dropout rate: 1.7517414764743894e-10
Silencing rate: 2.2089895005304633e-10
Sigma: 37.05520823701509
Initial point 9. Random seed: 2899
Solving with ultrametric constraint
Optimal point found for initial point 9
Negative llh: 238.64531100883278
Dropout rate: 1.0000000000000002e-10
Silencing rate: 1.0000000000000002e-10
Sigma: 37.054581921380354
Initial point 10. Random seed: 6964
Solving with ultrametric constraint
Optimal point found for initial point 10
Negative llh: 238.64531122599675
Dropout rate: 7.039809759725799e-10
Silencing rate: 4.2129340616542316e-10
Sigma: 37.05543059181206
Traceback (most recent call last):
  File "/u/gh2161/Spatial-Division/problin/run_problin.py", line 223, in <module>
    main()
  File "/u/gh2161/Spatial-Division/problin/run_problin.py", line 214, in main
    for cell in mySolver.params.displacement_amounts:
AttributeError: 'Params' object has no attribute 'displacement_amounts'
