Launching Problin version 0.5b
Problin was called as follow: /u/gh2161/Spatial-Division/problin/run_problin.py -c real_location_data/s16c6/k10_r3_character_matrix.csv -t real_location_data/s16c6/true_tree.nwk -S real_location_data/s16c6/leaf_locations.txt --delimiter comma -p real_location_data/s16c6/k10_priors.csv -o real_location_data/s16c6/k10_r3_spalin-divide-beta1.txt --nInitials 10 --ultrametric --randomreps 3 --divide --given_beta 1 --incl_beta_bound
Optimization by Spalin-Divide: Scipy-SLSQP using spatial information
Optimizing branch lengths, phi, and nu without topology search
Initial point 1. Random seed: 1950
Solving with ultrametric constraint
Optimal point found for initial point 1
Negative llh: 264.6390984734054
Dropout rate: 1e-10
Silencing rate: 1e-10
Sigma: 5.7427148659816645
Initial point 2. Random seed: 9311
Solving with ultrametric constraint
Optimal point found for initial point 2
Negative llh: 264.63909885808357
Dropout rate: 3.926149475287641e-10
Silencing rate: 2.5311021402031064e-10
Sigma: 5.7428116869636225
Initial point 3. Random seed: 7399
Solving with ultrametric constraint
Optimal point found for initial point 3
Negative llh: 264.6390986148738
Dropout rate: 2.661710176357781e-10
Silencing rate: 2.42206746902413e-10
Sigma: 5.742905004653079
Initial point 4. Random seed: 7603
Solving with ultrametric constraint
Optimal point found for initial point 4
Negative llh: 264.639098448295
Dropout rate: 4.670857216824597e-10
Silencing rate: 2.9566459089431807e-10
Sigma: 5.742796514528098
Initial point 5. Random seed: 9149
Solving with ultrametric constraint
Optimal point found for initial point 5
Negative llh: 264.6390981633014
Dropout rate: 1.8393368306390463e-10
Silencing rate: 1.4392069230234795e-10
Sigma: 5.742796070819595
Initial point 6. Random seed: 1648
Solving with ultrametric constraint
Optimal point found for initial point 6
Negative llh: 264.6390986614729
Dropout rate: 1.152710614007516e-10
Silencing rate: 1.0799004748493467e-10
Sigma: 5.742752504453686
Initial point 7. Random seed: 4417
Solving with ultrametric constraint
Optimal point found for initial point 7
Negative llh: 264.63909854143515
Dropout rate: 1.0000000000000002e-10
Silencing rate: 1.0000000000000002e-10
Sigma: 5.742920987371157
Initial point 8. Random seed: 8582
Solving with ultrametric constraint
Optimal point found for initial point 8
Negative llh: 264.6390979902195
Dropout rate: 4.267885588826828e-10
Silencing rate: 5.340460258645981e-10
Sigma: 5.742809350316506
Initial point 9. Random seed: 10
Solving with ultrametric constraint
Optimal point found for initial point 9
Negative llh: 264.6390982277359
Dropout rate: 1.788821808002918e-10
Silencing rate: 1.4127819069080332e-10
Sigma: 5.7427807209050545
Initial point 10. Random seed: 6030
Solving with ultrametric constraint
Optimal point found for initial point 10
Negative llh: 264.63909857848364
Dropout rate: 1e-10
Silencing rate: 1e-10
Sigma: 5.742899634680832
Runtime (s): 1672.3386794719845
