Launching Problin version 0.5b
Problin was called as follow: /u/gh2161/Spatial-Division/problin/run_problin.py -c real_location_data/s16c6/k10_r4_character_matrix.csv -t real_location_data/s16c6/true_tree.nwk -S real_location_data/s16c6/leaf_locations.txt --delimiter comma -p real_location_data/s16c6/k10_priors.csv -o real_location_data/s16c6/k10_r4_spalin-divide-beta3.txt --nInitials 10 --ultrametric --randomreps 3 --divide --given_beta 3 --incl_beta_bound
Optimization by Spalin-Divide: Scipy-SLSQP using spatial information
Optimizing branch lengths, phi, and nu without topology search
Initial point 1. Random seed: 6355
Solving with ultrametric constraint
Optimal point found for initial point 1
Negative llh: 264.8357246705327
Dropout rate: 9.76419495830933e-10
Silencing rate: 4.4864471896560894e-10
Sigma: 5.571329444647328
Initial point 2. Random seed: 624
Solving with ultrametric constraint
Optimal point found for initial point 2
Negative llh: 264.8357232799151
Dropout rate: 5.542604288602705e-10
Silencing rate: 3.006706659621508e-10
Sigma: 5.57134634606041
Initial point 3. Random seed: 6420
Solving with ultrametric constraint
Optimal point found for initial point 3
Negative llh: 264.8357233787668
Dropout rate: 1.0002555587557153e-10
Silencing rate: 1.0001137893887524e-10
Sigma: 5.571319660071077
Initial point 4. Random seed: 3251
Solving with ultrametric constraint
Optimal point found for initial point 4
Negative llh: 264.83572373658757
Dropout rate: 5.748738899867894e-10
Silencing rate: 3.097047364776571e-10
Sigma: 5.571394636487987
Initial point 5. Random seed: 433
Solving with ultrametric constraint
Optimal point found for initial point 5
Negative llh: 264.8357240825287
Dropout rate: 1.2992331480267432e-10
Silencing rate: 1.132199544032926e-10
Sigma: 5.571323097312703
Initial point 6. Random seed: 6679
Solving with ultrametric constraint
Optimal point found for initial point 6
Negative llh: 264.8357241543278
Dropout rate: 1e-10
Silencing rate: 1e-10
Sigma: 5.571302494750034
Initial point 7. Random seed: 9741
Solving with ultrametric constraint
Optimal point found for initial point 7
Negative llh: 264.8357241291761
Dropout rate: 1e-10
Silencing rate: 1e-10
Sigma: 5.571401726654028
Initial point 8. Random seed: 9856
Solving with ultrametric constraint
Optimal point found for initial point 8
Negative llh: 264.8357236515262
Dropout rate: 1.2129338939756224e-09
Silencing rate: 6.171070542150045e-10
Sigma: 5.571309361040343
Initial point 9. Random seed: 1286
Solving with ultrametric constraint
Optimal point found for initial point 9
Negative llh: 264.83572351847914
Dropout rate: 1e-10
Silencing rate: 1e-10
Sigma: 5.571332441092591
Initial point 10. Random seed: 7581
Solving with ultrametric constraint
Optimal point found for initial point 10
Negative llh: 264.835723116613
Dropout rate: 9.999999999999996e-11
Silencing rate: 1.0000000000000002e-10
Sigma: 5.5713282759822365
Runtime (s): 2463.5950686912984
