Launching Problin version 0.5b
Problin was called as follow: /u/gh2161/Spatial-Division/problin/run_problin.py -c real_location_data/s16c6/k10_r3_character_matrix.csv -t real_location_data/s16c6/true_tree.nwk -S real_location_data/s16c6/leaf_locations.txt --delimiter comma -p real_location_data/s16c6/k10_priors.csv -o real_location_data/s16c6/k10_r3_spalin-divide-beta3.txt --nInitials 10 --ultrametric --randomreps 3 --divide --given_beta 3 --incl_beta_bound
Optimization by Spalin-Divide: Scipy-SLSQP using spatial information
Optimizing branch lengths, phi, and nu without topology search
Initial point 1. Random seed: 7172
Solving with ultrametric constraint
Optimal point found for initial point 1
Negative llh: 258.8930209407774
Dropout rate: 1.1544448138722996e-10
Silencing rate: 1.0803937319195211e-10
Sigma: 5.408083370206456
Initial point 2. Random seed: 5315
Solving with ultrametric constraint
Optimal point found for initial point 2
Negative llh: 258.89302120588326
Dropout rate: 1.0238279256435475e-10
Silencing rate: 1.0197210093730501e-10
Sigma: 5.408008380817853
Initial point 3. Random seed: 907
Solving with ultrametric constraint
Optimal point found for initial point 3
Negative llh: 258.8930210312062
Dropout rate: 1.608118929784236e-10
Silencing rate: 2.370291267823575e-10
Sigma: 5.4080201332752855
Initial point 4. Random seed: 5592
Solving with ultrametric constraint
Optimal point found for initial point 4
Negative llh: 258.8930213266551
Dropout rate: 1.6230513789408185e-10
Silencing rate: 1.3243608268357775e-10
Sigma: 5.408080907066987
Initial point 5. Random seed: 3968
Solving with ultrametric constraint
Optimal point found for initial point 5
Negative llh: 258.8930259275465
Dropout rate: 1e-10
Silencing rate: 1e-10
Sigma: 5.407880456877799
Initial point 6. Random seed: 5850
Solving with ultrametric constraint
Fatal: failed to optimize using initial point 6
Initial point 7. Random seed: 251
Solving with ultrametric constraint
Fatal: failed to optimize using initial point 7
Initial point 8. Random seed: 8392
Solving with ultrametric constraint
Optimal point found for initial point 8
Negative llh: 258.89302179927887
Dropout rate: 1.0000000000000002e-10
Silencing rate: 1.0000000000000002e-10
Sigma: 5.4081429789035855
Initial point 9. Random seed: 3844
Solving with ultrametric constraint
Optimal point found for initial point 9
Negative llh: 258.8930219488366
Dropout rate: 1.0000000000000002e-10
Silencing rate: 1.0000000000000002e-10
Sigma: 5.408136794177334
Initial point 10. Random seed: 1144
Solving with ultrametric constraint
Optimal point found for initial point 10
Negative llh: 258.893023521026
Dropout rate: 1e-10
Silencing rate: 1e-10
Sigma: 5.407913793170198
Runtime (s): 2149.7040217723697
