Launching Problin version 0.5b
Problin was called as follow: /u/gh2161/problin/run_problin.py -c simulated_data/s16c6/k10_r1_character_matrix.csv -t simulated_data/s16c6/true_tree.nwk -S simulated_data/s16c6/true_locations.txt --delimiter comma -p simulated_data/s16c6/k10_priors.csv -o simulated_data/s16c6/k10_r1_spalin_all.txt --nInitials 10 --ultrametric --randomreps 3
Optimization by Spalin: Scipy-SLSQP using spatial information
Optimizing branch lengths, phi, and nu without topology search
Initial point 1. Random seed: 9717
Solving with ultrametric constraint
Optimal point found for initial point 1
Negative llh: 301.84112681963984
Dropout rate: 1.0000000000000007e-10
Silencing rate: 9.999999999999996e-11
Sigma: 34.76637940715258
Initial point 2. Random seed: 9085
Solving with ultrametric constraint
Optimal point found for initial point 2
Negative llh: 301.84112724493673
Dropout rate: 1.1694857063362994e-09
Silencing rate: 1.0000000000000007e-10
Sigma: 34.76407647944721
Initial point 3. Random seed: 6751
Solving with ultrametric constraint
Optimal point found for initial point 3
Negative llh: 301.8411268002959
Dropout rate: 1.8084774171411809e-10
Silencing rate: 2.959791080219828e-10
Sigma: 34.764171784417
Initial point 4. Random seed: 3937
Solving with ultrametric constraint
Optimal point found for initial point 4
Negative llh: 301.8411264716693
Dropout rate: 1.0000000000000007e-10
Silencing rate: 9.999999999999924e-11
Sigma: 34.76594077751372
Initial point 5. Random seed: 3585
Solving with ultrametric constraint
Optimal point found for initial point 5
Negative llh: 301.8411265644451
Dropout rate: 2.5377355693966984e-10
Silencing rate: 1e-10
Sigma: 34.765891776092765
Initial point 6. Random seed: 3664
Solving with ultrametric constraint
Optimal point found for initial point 6
Negative llh: 301.84113319545185
Dropout rate: 1.2424421349915238e-08
Silencing rate: 1.0205175298750462e-10
Sigma: 34.765778815679674
Initial point 7. Random seed: 901
Solving with ultrametric constraint
Optimal point found for initial point 7
Negative llh: 301.84112674530564
Dropout rate: 9.999999999999996e-11
Silencing rate: 1.0000000000000007e-10
Sigma: 34.76703682692692
Initial point 8. Random seed: 8946
Solving with ultrametric constraint
Optimal point found for initial point 8
Negative llh: 301.8411273734844
Dropout rate: 1.5504381029006036e-09
Silencing rate: 9.999999999999996e-11
Sigma: 34.76540527940409
Initial point 9. Random seed: 7314
Solving with ultrametric constraint
Optimal point found for initial point 9
Negative llh: 301.8729561069387
Dropout rate: 1.3685023233802744e-10
Silencing rate: 1.8291303826899557e-10
Sigma: 34.4572502734748
Initial point 10. Random seed: 2317
Solving with ultrametric constraint
Optimal point found for initial point 10
Negative llh: 301.84112652019775
Dropout rate: 1.0000000000000002e-10
Silencing rate: 1.0000000000000002e-10
Sigma: 34.765522094593024
Runtime (s): 38.552786342334
