Launching Problin version 0.5b
Problin was called as follow: /u/gh2161/Spatial-Division/problin/run_problin.py -c real_location_data/s16c6/k10_r5_character_matrix.csv -t real_location_data/s16c6/true_tree.nwk -S real_location_data/s16c6/leaf_locations.txt --delimiter comma -p real_location_data/s16c6/k10_priors.csv -o real_location_data/s16c6/k10_r5_spalin-divide-ignore-beta.txt --nInitials 10 --ultrametric --randomreps 3 --divide
Optimization by Spalin-Divide: Scipy-SLSQP using spatial information
Optimizing branch lengths, phi, and nu without topology search
Initial point 1. Random seed: 7199
Solving with ultrametric constraint
Optimal point found for initial point 1
Negative llh: 244.46810907267422
Dropout rate: 5.705259349975557e-10
Silencing rate: 2.3952213736607385e-10
Sigma: 6.758103203107784
Initial point 2. Random seed: 7815
Solving with ultrametric constraint
Optimal point found for initial point 2
Negative llh: 244.4681080966021
Dropout rate: 6.6764060230439665e-09
Silencing rate: 2.3066796826602467e-09
Sigma: 6.757753970817107
Initial point 3. Random seed: 2304
Solving with ultrametric constraint
Optimal point found for initial point 3
Negative llh: 244.46810594721774
Dropout rate: 1.0000000000000002e-10
Silencing rate: 1.0000000000000002e-10
Sigma: 6.758147176378948
Initial point 4. Random seed: 6704
Solving with ultrametric constraint
Optimal point found for initial point 4
Negative llh: 244.46810640784025
Dropout rate: 1.0000000000000007e-10
Silencing rate: 1.0000000000000007e-10
Sigma: 6.758015688362358
Initial point 5. Random seed: 4289
Solving with ultrametric constraint
Optimal point found for initial point 5
Negative llh: 244.46810597064922
Dropout rate: 1.298686951999085e-10
Silencing rate: 1.143386586339946e-10
Sigma: 6.757821663243632
Initial point 6. Random seed: 498
Solving with ultrametric constraint
Optimal point found for initial point 6
Negative llh: 244.46810679505194
Dropout rate: 1e-10
Silencing rate: 1e-10
Sigma: 6.75821579908051
Initial point 7. Random seed: 2145
Solving with ultrametric constraint
Optimal point found for initial point 7
Negative llh: 244.4681062061137
Dropout rate: 8.401518268223469e-10
Silencing rate: 3.9217923454028697e-10
Sigma: 6.758005378178529
Initial point 8. Random seed: 6014
Solving with ultrametric constraint
Optimal point found for initial point 8
Negative llh: 244.46810609641472
Dropout rate: 1e-10
Silencing rate: 1e-10
Sigma: 6.7581456063982195
Initial point 9. Random seed: 3893
Solving with ultrametric constraint
Optimal point found for initial point 9
Negative llh: 244.468105397843
Dropout rate: 1.0000000000000007e-10
Silencing rate: 1.0000000000000007e-10
Sigma: 6.757894658222081
Initial point 10. Random seed: 5267
Solving with ultrametric constraint
Optimal point found for initial point 10
Negative llh: 244.4681064246799
Dropout rate: 3.688959853978059e-09
Silencing rate: 1.7745963775425854e-09
Sigma: 6.757895907908747
Runtime (s): 762.4879333125427
