Launching Problin version 0.5b
Problin was called as follow: /u/gh2161/problin/run_problin.py -c simulated_data/s16c6/k10_r1_character_matrix.csv -t simulated_data/s16c6/true_tree.nwk -S simulated_data/s16c6/leaf_locations.txt --delimiter comma -p simulated_data/s16c6/k10_priors.csv -o simulated_data/s16c6/k10_r1_spalin_leaves_newfelsen.txt --nInitials 10 --ultrametric --randomreps 3
Optimization by Spalin: Scipy-SLSQP using spatial information
Optimizing branch lengths, phi, and nu without topology search
Initial point 1. Random seed: 7247
Solving with ultrametric constraint
Optimal point found for initial point 1
Negative llh: 211.9648239882039
Dropout rate: 3.2120126168746185e-09
Silencing rate: 1.356556874001288e-09
Sigma: 10.301390438458528
Initial point 2. Random seed: 4918
Solving with ultrametric constraint
Optimal point found for initial point 2
Negative llh: 211.9648302453433
Dropout rate: 1e-10
Silencing rate: 1e-10
Sigma: 10.298078340451228
Initial point 3. Random seed: 4282
Solving with ultrametric constraint
Optimal point found for initial point 3
Negative llh: 211.96482498441972
Dropout rate: 1.0000000000000007e-10
Silencing rate: 1.0000000000000007e-10
Sigma: 10.300564496146817
Initial point 4. Random seed: 5806
Solving with ultrametric constraint
Optimal point found for initial point 4
Negative llh: 211.96482424441285
Dropout rate: 1.0020550962638963e-10
Silencing rate: 1.0008407211988668e-10
Sigma: 10.301214756579462
Initial point 5. Random seed: 5550
Solving with ultrametric constraint
Optimal point found for initial point 5
Negative llh: 211.96482310494957
Dropout rate: 3.0785776138949604e-10
Silencing rate: 1.5200737950960335e-10
Sigma: 10.298885617971251
Initial point 6. Random seed: 4585
Solving with ultrametric constraint
Optimal point found for initial point 6
Negative llh: 211.9648238589296
Dropout rate: 3.884315469709597e-10
Silencing rate: 4.64259958998119e-10
Sigma: 10.3004010796041
Initial point 7. Random seed: 726
Solving with ultrametric constraint
Optimal point found for initial point 7
Negative llh: 211.96482275565577
Dropout rate: 1.0000000000000007e-10
Silencing rate: 1.0000000000000007e-10
Sigma: 10.300831286695521
Initial point 8. Random seed: 1265
Solving with ultrametric constraint
Optimal point found for initial point 8
Negative llh: 211.9648232417125
Dropout rate: 1e-10
Silencing rate: 1e-10
Sigma: 10.29952053080521
Initial point 9. Random seed: 7693
Solving with ultrametric constraint
Optimal point found for initial point 9
Negative llh: 211.96482358252263
Dropout rate: 2.7786180475111495e-09
Silencing rate: 2.758523392300001e-09
Sigma: 10.301265251249438
Initial point 10. Random seed: 8432
Solving with ultrametric constraint
Optimal point found for initial point 10
Negative llh: 211.96482369541067
Dropout rate: 1.986623814997937e-10
Silencing rate: 5.229684408546128e-10
Sigma: 10.30081803630775
Runtime (s): 236.67618262395263
