Launching Problin version 0.5b
Problin was called as follow: /u/gh2161/problin/run_problin.py -c simulated_data/s16c6/k10_r1_character_matrix.csv -t simulated_data/s16c6/true_tree.nwk --delimiter comma -p simulated_data/s16c6/k10_priors.csv -o simulated_data/s16c6/k10_r1_problin.txt --nInitials 10 --ultrametric --randomreps 3
Optimization by EM algorithm
Optimizing branch lengths, phi, and nu without topology search
Initial point 1. Random seed: 6411
Solving with ultrametric constraint
Initial phi: 0.3313213487128603. Initial nu: 0.5772826694493344. Initial nllh: 11453.236134587787
EM finished after 26 iterations.
Optimal point found for initial point 1
Negative llh: 67.88109065339965
Dropout rate: 0
Silencing rate: 8.733091105754778e-07
Initial point 2. Random seed: 4672
Solving with ultrametric constraint
Initial phi: 0.804427203967147. Initial nu: 0.8813602732089759. Initial nllh: 465.18283503309914
EM finished after 24 iterations.
Optimal point found for initial point 2
Negative llh: 67.88109034192247
Dropout rate: 0
Silencing rate: 8.710381594075006e-07
Initial point 3. Random seed: 290
Solving with ultrametric constraint
Initial phi: 0.6411062920802585. Initial nu: 0.6918191461977874. Initial nllh: 328.50880887492224
EM finished after 23 iterations.
Optimal point found for initial point 3
Negative llh: 67.88109029995951
Dropout rate: 0
Silencing rate: 8.683982096076356e-07
Initial point 4. Random seed: 2075
Solving with ultrametric constraint
Initial phi: 0.3579861500574134. Initial nu: 0.8246625103008033. Initial nllh: 222.88398380870137
EM finished after 24 iterations.
Optimal point found for initial point 4
Negative llh: 67.88109015822201
Dropout rate: 0
Silencing rate: 8.693807596770881e-07
Initial point 5. Random seed: 2819
Solving with ultrametric constraint
Initial phi: 0.4116604412559762. Initial nu: 0.8678340645314255. Initial nllh: 243.82006209089133
EM finished after 23 iterations.
Optimal point found for initial point 5
Negative llh: 67.8810905999234
Dropout rate: 0
Silencing rate: 8.689984644829017e-07
Initial point 6. Random seed: 2006
Solving with ultrametric constraint
Initial phi: 0.20077577131903104. Initial nu: 0.9167640749601682. Initial nllh: 186.49027664043376
EM finished after 26 iterations.
Optimal point found for initial point 6
Negative llh: 67.88108974446583
Dropout rate: 0
Silencing rate: 8.69480629242471e-07
Initial point 7. Random seed: 9591
Solving with ultrametric constraint
Initial phi: 0.4541538835932111. Initial nu: 0.21367876366074842. Initial nllh: 206.1630410419019
EM finished after 21 iterations.
Optimal point found for initial point 7
Negative llh: 67.88108963929878
Dropout rate: 0
Silencing rate: 8.668657974817635e-07
Initial point 8. Random seed: 8880
Solving with ultrametric constraint
Initial phi: 0.3953681746463468. Initial nu: 0.30443782860389895. Initial nllh: 193.01138387883827
EM finished after 24 iterations.
Optimal point found for initial point 8
Negative llh: 67.88108952414271
Dropout rate: 0
Silencing rate: 8.68623275717308e-07
Initial point 9. Random seed: 6815
Solving with ultrametric constraint
Initial phi: 0.2441996276045119. Initial nu: 0.6648394784326017. Initial nllh: 177.38781218368098
EM finished after 23 iterations.
Optimal point found for initial point 9
Negative llh: 67.88109015316883
Dropout rate: 0
Silencing rate: 8.67179354371693e-07
Initial point 10. Random seed: 7505
Solving with ultrametric constraint
Initial phi: 0.8664011093877625. Initial nu: 0.1860640844098869. Initial nllh: 485.43926722672524
EM finished after 19 iterations.
Optimal point found for initial point 10
Negative llh: 67.8810972272297
Dropout rate: 0
Silencing rate: 9.557977755688564e-07
Traceback (most recent call last):
  File "/u/gh2161/problin/run_problin.py", line 193, in <module>
    main()
  File "/u/gh2161/problin/run_problin.py", line 172, in main
    fout.write("Sigma: " + str(opt_params['sigma']) + "\n")
KeyError: 'sigma'
